0,status,1,VILLAGER,ALIVE,tonkatsu
0,status,2,MEDIUM,ALIVE,KP22
0,status,3,VILLAGER,ALIVE,kgu_ryu
0,status,4,SEER,ALIVE,sUper_IL
0,status,5,VILLAGER,ALIVE,daphne
0,status,6,BODYGUARD,ALIVE,Ncu702
0,status,7,VILLAGER,ALIVE,ice
0,status,8,POSSESSED,ALIVE,mikami
0,status,9,VILLAGER,ALIVE,Baguette
0,status,10,WEREWOLF,ALIVE,ichida
0,status,11,WEREWOLF,ALIVE,Hachi2
0,status,12,WEREWOLF,ALIVE,takoyaki
0,status,13,VILLAGER,ALIVE,CanisLupus
0,status,14,VILLAGER,ALIVE,ioh
0,status,15,VILLAGER,ALIVE,Basket
0,whisper,0,0,11,Skip
0,whisper,1,0,10,Skip
0,whisper,2,0,12,Skip
0,whisper,3,1,11,Skip
0,whisper,4,1,10,Skip
0,whisper,5,1,12,Skip
0,whisper,6,2,12,Over
0,whisper,7,2,10,Over
0,whisper,8,2,11,Over
0,divine,4,14,HUMAN
1,status,1,VILLAGER,ALIVE,tonkatsu
1,status,2,MEDIUM,ALIVE,KP22
1,status,3,VILLAGER,ALIVE,kgu_ryu
1,status,4,SEER,ALIVE,sUper_IL
1,status,5,VILLAGER,ALIVE,daphne
1,status,6,BODYGUARD,ALIVE,Ncu702
1,status,7,VILLAGER,ALIVE,ice
1,status,8,POSSESSED,ALIVE,mikami
1,status,9,VILLAGER,ALIVE,Baguette
1,status,10,WEREWOLF,ALIVE,ichida
1,status,11,WEREWOLF,ALIVE,Hachi2
1,status,12,WEREWOLF,ALIVE,takoyaki
1,status,13,VILLAGER,ALIVE,CanisLupus
1,status,14,VILLAGER,ALIVE,ioh
1,status,15,VILLAGER,ALIVE,Basket
1,talk,0,0,4,COMINGOUT Agent[04] SEER
1,talk,1,0,1,VOTE Agent[07]
1,talk,2,0,13,VOTE Agent[07]
1,talk,3,0,14,REQUEST ANY (COMINGOUT ANY ANY)
1,talk,4,0,8,VOTE Agent[07]
1,talk,5,0,12,VOTE Agent[07]
1,talk,6,0,9,VOTE Agent[01]
1,talk,7,0,7,VOTE Agent[01]
1,talk,8,0,3,VOTE Agent[07]
1,talk,9,0,2,COMINGOUT Agent[02] MEDIUM
1,talk,10,0,15,VOTE Agent[06]
1,talk,11,0,11,VOTE Agent[07]
1,talk,12,0,6,VOTE Agent[07]
1,talk,13,0,5,VOTE Agent[07]
1,talk,14,0,10,COMINGOUT Agent[10] SEER
1,talk,15,1,4,DIVINED Agent[14] HUMAN
1,talk,16,1,13,Skip
1,talk,17,1,15,VOTE Agent[05]
1,talk,18,1,7,VOTE Agent[01]
1,talk,19,1,2,VOTE Agent[07]
1,talk,20,1,5,Skip
1,talk,21,1,1,Skip
1,talk,22,1,11,Skip
1,talk,23,1,12,Skip
1,talk,24,1,9,VOTE Agent[14]
1,talk,25,1,3,Skip
1,talk,26,1,8,Skip
1,talk,27,1,10,DIVINED Agent[07] HUMAN
1,talk,28,1,14,VOTE Agent[01]
1,talk,29,1,6,Skip
1,talk,30,2,15,ESTIMATE Agent[05] WEREWOLF
1,talk,31,2,4,VOTE Agent[07]
1,talk,32,2,8,Skip
1,talk,33,2,1,Skip
1,talk,34,2,3,VOTE Agent[01]
1,talk,35,2,9,VOTE Agent[10]
1,talk,36,2,13,Skip
1,talk,37,2,10,VOTE Agent[07]
1,talk,38,2,5,Skip
1,talk,39,2,7,VOTE Agent[01]
1,talk,40,2,14,REQUEST ANY (VOTE Agent[07])
1,talk,41,2,2,Skip
1,talk,42,2,6,Skip
1,talk,43,2,11,Skip
1,talk,44,2,12,Skip
1,talk,45,3,5,Over
1,talk,46,3,15,REQUEST ANY (VOTE Agent[07])
1,talk,47,3,10,Skip
1,talk,48,3,7,VOTE Agent[01]
1,talk,49,3,12,Over
1,talk,50,3,9,VOTE Agent[03]
1,talk,51,3,14,ESTIMATE Agent[07] WEREWOLF
1,talk,52,3,13,Over
1,talk,53,3,2,Skip
1,talk,54,3,3,VOTE Agent[01]
1,talk,55,3,11,Over
1,talk,56,3,1,Over
1,talk,57,3,6,Over
1,talk,58,3,8,Over
1,talk,59,3,4,VOTE Agent[07]
1,talk,60,4,8,Over
1,talk,61,4,7,VOTE Agent[01]
1,talk,62,4,9,VOTE Agent[11]
1,talk,63,4,11,Over
1,talk,64,4,2,Over
1,talk,65,4,14,ESTIMATE Agent[07] WEREWOLF
1,talk,66,4,5,Over
1,talk,67,4,12,Over
1,talk,68,4,6,Over
1,talk,69,4,4,VOTE Agent[07]
1,talk,70,4,15,REQUEST ANY (VOTE Agent[07])
1,talk,71,4,3,VOTE Agent[01]
1,talk,72,4,10,Skip
1,talk,73,4,1,Over
1,talk,74,4,13,Over
1,talk,75,5,10,Over
1,talk,76,5,11,Over
1,talk,77,5,2,Over
1,talk,78,5,12,Over
1,talk,79,5,4,VOTE Agent[07]
1,talk,80,5,14,VOTE Agent[07]
1,talk,81,5,15,ESTIMATE Agent[07] WEREWOLF
1,talk,82,5,8,Over
1,talk,83,5,6,Over
1,talk,84,5,7,VOTE Agent[01]
1,talk,85,5,5,Over
1,talk,86,5,3,VOTE Agent[01]
1,talk,87,5,9,VOTE Agent[12]
1,talk,88,5,13,Over
1,talk,89,5,1,Over
1,talk,90,6,4,VOTE Agent[07]
1,talk,91,6,1,Over
1,talk,92,6,13,Over
1,talk,93,6,3,VOTE Agent[01]
1,talk,94,6,8,Over
1,talk,95,6,15,VOTE Agent[07]
1,talk,96,6,12,Over
1,talk,97,6,2,Over
1,talk,98,6,5,Over
1,talk,99,6,10,Over
1,talk,100,6,11,Over
1,talk,101,6,6,Over
1,talk,102,6,7,VOTE Agent[01]
1,talk,103,6,9,VOTE Agent[11]
1,talk,104,6,14,ESTIMATE Agent[07] WEREWOLF
1,talk,105,7,1,Over
1,talk,106,7,10,Over
1,talk,107,7,2,Over
1,talk,108,7,12,Over
1,talk,109,7,9,VOTE Agent[13]
1,talk,110,7,14,REQUEST ANY (VOTE Agent[07])
1,talk,111,7,5,Over
1,talk,112,7,4,VOTE Agent[07]
1,talk,113,7,8,Over
1,talk,114,7,13,Over
1,talk,115,7,11,Over
1,talk,116,7,6,Over
1,talk,117,7,7,VOTE Agent[01]
1,talk,118,7,3,VOTE Agent[07]
1,talk,119,7,15,ESTIMATE Agent[07] WEREWOLF
1,talk,120,8,1,Over
1,talk,121,8,13,Over
1,talk,122,8,12,Over
1,talk,123,8,4,VOTE Agent[07]
1,talk,124,8,6,Over
1,talk,125,8,5,Over
1,talk,126,8,14,VOTE Agent[07]
1,talk,127,8,15,ESTIMATE Agent[07] WEREWOLF
1,talk,128,8,8,Over
1,talk,129,8,11,Over
1,talk,130,8,10,Over
1,talk,131,8,9,VOTE Agent[14]
1,talk,132,8,3,Skip
1,talk,133,8,7,VOTE Agent[01]
1,talk,134,8,2,Over
1,talk,135,9,2,Over
1,talk,136,9,4,VOTE Agent[07]
1,talk,137,9,5,Over
1,talk,138,9,14,REQUEST ANY (VOTE Agent[07])
1,talk,139,9,7,VOTE Agent[01]
1,talk,140,9,12,Over
1,talk,141,9,10,Over
1,talk,142,9,15,ESTIMATE Agent[07] WEREWOLF
1,talk,143,9,3,Skip
1,talk,144,9,13,Over
1,talk,145,9,11,Over
1,talk,146,9,1,Over
1,talk,147,9,8,Over
1,talk,148,9,6,Over
1,talk,149,9,9,VOTE Agent[05]
1,talk,150,10,3,Over
1,talk,151,10,1,Over
1,talk,152,10,14,Over
1,talk,153,10,4,Over
1,talk,154,10,15,Over
1,talk,155,10,7,Over
1,talk,156,10,9,Over
1,talk,157,10,12,Over
1,talk,158,10,5,Over
1,talk,159,10,11,Over
1,talk,160,10,6,Over
1,talk,161,10,10,Over
1,talk,162,10,8,Over
1,talk,163,10,2,Over
1,talk,164,10,13,Over
1,vote,1,7
1,vote,2,7
1,vote,3,7
1,vote,4,7
1,vote,5,7
1,vote,6,7
1,vote,7,1
1,vote,8,7
1,vote,9,5
1,vote,10,7
1,vote,11,7
1,vote,12,7
1,vote,13,7
1,vote,14,7
1,vote,15,7
1,execute,7,VILLAGER
1,divine,4,1,HUMAN
1,whisper,0,0,12,Skip
1,whisper,1,0,10,Skip
1,whisper,2,0,11,Skip
1,whisper,3,1,12,Skip
1,whisper,4,1,11,Skip
1,whisper,5,1,10,Skip
1,whisper,6,2,12,Over
1,whisper,7,2,10,Over
1,whisper,8,2,11,Over
1,guard,6,2,MEDIUM
1,attackVote,11,4
1,attackVote,12,4
1,attack,4,true
2,status,1,VILLAGER,ALIVE,tonkatsu
2,status,2,MEDIUM,ALIVE,KP22
2,status,3,VILLAGER,ALIVE,kgu_ryu
2,status,4,SEER,DEAD,sUper_IL
2,status,5,VILLAGER,ALIVE,daphne
2,status,6,BODYGUARD,ALIVE,Ncu702
2,status,7,VILLAGER,DEAD,ice
2,status,8,POSSESSED,ALIVE,mikami
2,status,9,VILLAGER,ALIVE,Baguette
2,status,10,WEREWOLF,ALIVE,ichida
2,status,11,WEREWOLF,ALIVE,Hachi2
2,status,12,WEREWOLF,ALIVE,takoyaki
2,status,13,VILLAGER,ALIVE,CanisLupus
2,status,14,VILLAGER,ALIVE,ioh
2,status,15,VILLAGER,ALIVE,Basket
2,talk,0,0,10,DIVINED Agent[11] HUMAN
2,talk,1,0,14,VOTE Agent[09]
2,talk,2,0,5,VOTE Agent[09]
2,talk,3,0,8,VOTE Agent[09]
2,talk,4,0,3,VOTE Agent[11]
2,talk,5,0,13,VOTE Agent[01]
2,talk,6,0,1,VOTE Agent[09]
2,talk,7,0,6,VOTE Agent[09]
2,talk,8,0,12,VOTE Agent[09]
2,talk,9,0,15,REQUEST ANY (VOTE Agent[01])
2,talk,10,0,9,VOTE Agent[12]
2,talk,11,0,11,VOTE Agent[09]
2,talk,12,0,2,IDENTIFIED Agent[07] HUMAN
2,talk,13,1,6,Skip
2,talk,14,1,3,VOTE Agent[09]
2,talk,15,1,14,ESTIMATE Agent[01] WEREWOLF
2,talk,16,1,2,VOTE Agent[01]
2,talk,17,1,13,VOTE Agent[01]
2,talk,18,1,11,Skip
2,talk,19,1,1,Skip
2,talk,20,1,10,VOTE Agent[09]
2,talk,21,1,8,Skip
2,talk,22,1,9,VOTE Agent[05]
2,talk,23,1,5,Skip
2,talk,24,1,12,Skip
2,talk,25,1,15,ESTIMATE Agent[05] WEREWOLF
2,talk,26,2,6,Skip
2,talk,27,2,13,VOTE Agent[01]
2,talk,28,2,2,Skip
2,talk,29,2,9,VOTE Agent[01]
2,talk,30,2,12,Skip
2,talk,31,2,8,Skip
2,talk,32,2,14,VOTE Agent[01]
2,talk,33,2,15,ESTIMATE Agent[05] WEREWOLF
2,talk,34,2,1,Skip
2,talk,35,2,11,Skip
2,talk,36,2,3,VOTE Agent[01]
2,talk,37,2,10,Skip
2,talk,38,2,5,Skip
2,talk,39,3,14,REQUEST ANY (VOTE Agent[01])
2,talk,40,3,10,Skip
2,talk,41,3,12,Over
2,talk,42,3,9,VOTE Agent[03]
2,talk,43,3,6,Over
2,talk,44,3,3,VOTE Agent[01]
2,talk,45,3,2,Skip
2,talk,46,3,1,Over
2,talk,47,3,13,VOTE Agent[01]
2,talk,48,3,5,Over
2,talk,49,3,15,VOTE Agent[01]
2,talk,50,3,11,Over
2,talk,51,3,8,Over
2,talk,52,4,10,Over
2,talk,53,4,6,Over
2,talk,54,4,15,VOTE Agent[01]
2,talk,55,4,13,VOTE Agent[01]
2,talk,56,4,5,Over
2,talk,57,4,3,VOTE Agent[01]
2,talk,58,4,8,Over
2,talk,59,4,11,Over
2,talk,60,4,12,Over
2,talk,61,4,14,VOTE Agent[01]
2,talk,62,4,9,VOTE Agent[12]
2,talk,63,4,1,Over
2,talk,64,4,2,Over
2,talk,65,5,3,VOTE Agent[01]
2,talk,66,5,15,REQUEST ANY (VOTE Agent[01])
2,talk,67,5,1,Over
2,talk,68,5,12,Over
2,talk,69,5,2,Over
2,talk,70,5,11,Over
2,talk,71,5,5,Over
2,talk,72,5,13,VOTE Agent[01]
2,talk,73,5,8,Over
2,talk,74,5,6,Over
2,talk,75,5,10,Over
2,talk,76,5,9,VOTE Agent[06]
2,talk,77,5,14,REQUEST ANY (VOTE Agent[01])
2,talk,78,6,9,VOTE Agent[05]
2,talk,79,6,1,Over
2,talk,80,6,15,VOTE Agent[01]
2,talk,81,6,8,Over
2,talk,82,6,6,Over
2,talk,83,6,13,VOTE Agent[01]
2,talk,84,6,10,Over
2,talk,85,6,11,Over
2,talk,86,6,5,Over
2,talk,87,6,3,VOTE Agent[01]
2,talk,88,6,12,Over
2,talk,89,6,2,Over
2,talk,90,6,14,ESTIMATE Agent[01] WEREWOLF
2,talk,91,7,6,Over
2,talk,92,7,3,VOTE Agent[01]
2,talk,93,7,8,Over
2,talk,94,7,12,Over
2,talk,95,7,9,VOTE Agent[05]
2,talk,96,7,2,Over
2,talk,97,7,11,Over
2,talk,98,7,5,Over
2,talk,99,7,13,VOTE Agent[01]
2,talk,100,7,15,VOTE Agent[01]
2,talk,101,7,10,Over
2,talk,102,7,14,VOTE Agent[01]
2,talk,103,7,1,Over
2,talk,104,8,11,Over
2,talk,105,8,1,Over
2,talk,106,8,8,Over
2,talk,107,8,3,VOTE Agent[01]
2,talk,108,8,9,VOTE Agent[12]
2,talk,109,8,13,VOTE Agent[01]
2,talk,110,8,5,Over
2,talk,111,8,12,Over
2,talk,112,8,15,REQUEST ANY (VOTE Agent[01])
2,talk,113,8,10,Over
2,talk,114,8,14,ESTIMATE Agent[01] WEREWOLF
2,talk,115,8,2,Over
2,talk,116,8,6,Over
2,talk,117,9,11,Over
2,talk,118,9,3,VOTE Agent[01]
2,talk,119,9,6,Over
2,talk,120,9,1,Over
2,talk,121,9,2,Over
2,talk,122,9,13,VOTE Agent[01]
2,talk,123,9,10,Over
2,talk,124,9,9,VOTE Agent[06]
2,talk,125,9,12,Over
2,talk,126,9,14,ESTIMATE Agent[01] WEREWOLF
2,talk,127,9,15,VOTE Agent[01]
2,talk,128,9,8,Over
2,talk,129,9,5,Over
2,talk,130,10,9,Over
2,talk,131,10,13,Over
2,talk,132,10,11,Over
2,talk,133,10,10,Over
2,talk,134,10,8,Over
2,talk,135,10,5,Over
2,talk,136,10,2,Over
2,talk,137,10,1,Over
2,talk,138,10,3,Over
2,talk,139,10,14,Over
2,talk,140,10,6,Over
2,talk,141,10,15,Over
2,talk,142,10,12,Over
2,vote,1,9
2,vote,2,1
2,vote,3,1
2,vote,5,9
2,vote,6,9
2,vote,8,9
2,vote,9,6
2,vote,10,9
2,vote,11,9
2,vote,12,9
2,vote,13,1
2,vote,14,9
2,vote,15,9
2,execute,9,VILLAGER
2,whisper,0,0,12,Skip
2,whisper,1,0,10,Skip
2,whisper,2,0,11,Skip
2,whisper,3,1,12,Skip
2,whisper,4,1,10,Skip
2,whisper,5,1,11,Skip
2,whisper,6,2,12,Over
2,whisper,7,2,10,Over
2,whisper,8,2,11,Over
2,guard,6,2,MEDIUM
2,attackVote,10,1
2,attackVote,11,2
2,attackVote,12,2
2,attack,2,false
3,status,1,VILLAGER,ALIVE,tonkatsu
3,status,2,MEDIUM,ALIVE,KP22
3,status,3,VILLAGER,ALIVE,kgu_ryu
3,status,4,SEER,DEAD,sUper_IL
3,status,5,VILLAGER,ALIVE,daphne
3,status,6,BODYGUARD,ALIVE,Ncu702
3,status,7,VILLAGER,DEAD,ice
3,status,8,POSSESSED,ALIVE,mikami
3,status,9,VILLAGER,DEAD,Baguette
3,status,10,WEREWOLF,ALIVE,ichida
3,status,11,WEREWOLF,ALIVE,Hachi2
3,status,12,WEREWOLF,ALIVE,takoyaki
3,status,13,VILLAGER,ALIVE,CanisLupus
3,status,14,VILLAGER,ALIVE,ioh
3,status,15,VILLAGER,ALIVE,Basket
3,talk,0,0,12,VOTE Agent[01]
3,talk,1,0,2,IDENTIFIED Agent[09] HUMAN
3,talk,2,0,14,ESTIMATE Agent[01] WEREWOLF
3,talk,3,0,3,VOTE Agent[01]
3,talk,4,0,10,DIVINED Agent[01] HUMAN
3,talk,5,0,11,VOTE Agent[01]
3,talk,6,0,15,ESTIMATE Agent[01] WEREWOLF
3,talk,7,0,5,VOTE Agent[01]
3,talk,8,0,13,VOTE Agent[01]
3,talk,9,0,6,VOTE Agent[01]
3,talk,10,0,8,VOTE Agent[01]
3,talk,11,0,1,VOTE Agent[05]
3,talk,12,1,2,Skip
3,talk,13,1,12,Skip
3,talk,14,1,10,VOTE Agent[01]
3,talk,15,1,11,Skip
3,talk,16,1,6,Skip
3,talk,17,1,3,Skip
3,talk,18,1,13,Skip
3,talk,19,1,15,REQUEST ANY (VOTE Agent[01])
3,talk,20,1,8,Skip
3,talk,21,1,1,VOTE Agent[05]
3,talk,22,1,14,REQUEST ANY (VOTE Agent[01])
3,talk,23,1,5,Skip
3,talk,24,2,13,Skip
3,talk,25,2,5,Skip
3,talk,26,2,6,Skip
3,talk,27,2,3,Skip
3,talk,28,2,1,VOTE Agent[05]
3,talk,29,2,11,Skip
3,talk,30,2,12,Skip
3,talk,31,2,2,Skip
3,talk,32,2,15,VOTE Agent[01]
3,talk,33,2,14,VOTE Agent[01]
3,talk,34,2,8,Skip
3,talk,35,2,10,Skip
3,talk,36,3,11,Over
3,talk,37,3,13,Over
3,talk,38,3,10,Skip
3,talk,39,3,14,REQUEST ANY (VOTE Agent[01])
3,talk,40,3,6,Over
3,talk,41,3,12,Over
3,talk,42,3,2,Over
3,talk,43,3,15,ESTIMATE Agent[01] WEREWOLF
3,talk,44,3,8,Over
3,talk,45,3,1,VOTE Agent[05]
3,talk,46,3,5,Over
3,talk,47,3,3,Over
3,talk,48,4,2,Over
3,talk,49,4,8,Over
3,talk,50,4,6,Over
3,talk,51,4,5,Over
3,talk,52,4,14,REQUEST ANY (VOTE Agent[01])
3,talk,53,4,3,Over
3,talk,54,4,15,ESTIMATE Agent[01] WEREWOLF
3,talk,55,4,1,VOTE Agent[05]
3,talk,56,4,12,Over
3,talk,57,4,13,Over
3,talk,58,4,11,Over
3,talk,59,4,10,Over
3,talk,60,5,12,Over
3,talk,61,5,6,Over
3,talk,62,5,1,VOTE Agent[05]
3,talk,63,5,14,VOTE Agent[01]
3,talk,64,5,5,Over
3,talk,65,5,2,Over
3,talk,66,5,8,Over
3,talk,67,5,11,Over
3,talk,68,5,10,Over
3,talk,69,5,3,Over
3,talk,70,5,13,Over
3,talk,71,5,15,VOTE Agent[01]
3,talk,72,6,3,Over
3,talk,73,6,2,Over
3,talk,74,6,10,Over
3,talk,75,6,13,Over
3,talk,76,6,15,VOTE Agent[01]
3,talk,77,6,14,REQUEST ANY (VOTE Agent[01])
3,talk,78,6,8,Over
3,talk,79,6,12,Over
3,talk,80,6,5,Over
3,talk,81,6,6,Over
3,talk,82,6,11,Over
3,talk,83,6,1,VOTE Agent[05]
3,talk,84,7,12,Over
3,talk,85,7,13,Over
3,talk,86,7,3,Over
3,talk,87,7,15,VOTE Agent[01]
3,talk,88,7,5,Over
3,talk,89,7,8,Over
3,talk,90,7,2,Over
3,talk,91,7,14,ESTIMATE Agent[01] WEREWOLF
3,talk,92,7,10,Over
3,talk,93,7,1,VOTE Agent[05]
3,talk,94,7,11,Over
3,talk,95,7,6,Over
3,talk,96,8,8,Over
3,talk,97,8,11,Over
3,talk,98,8,15,VOTE Agent[01]
3,talk,99,8,5,Over
3,talk,100,8,3,Over
3,talk,101,8,1,VOTE Agent[05]
3,talk,102,8,10,Over
3,talk,103,8,6,Over
3,talk,104,8,14,ESTIMATE Agent[01] WEREWOLF
3,talk,105,8,13,Over
3,talk,106,8,2,Over
3,talk,107,8,12,Over
3,talk,108,9,11,Over
3,talk,109,9,3,Over
3,talk,110,9,5,Over
3,talk,111,9,8,Over
3,talk,112,9,15,ESTIMATE Agent[01] WEREWOLF
3,talk,113,9,12,Over
3,talk,114,9,14,REQUEST ANY (VOTE Agent[01])
3,talk,115,9,10,Over
3,talk,116,9,1,VOTE Agent[05]
3,talk,117,9,13,Over
3,talk,118,9,2,Over
3,talk,119,9,6,Over
3,talk,120,10,11,Over
3,talk,121,10,3,Over
3,talk,122,10,6,Over
3,talk,123,10,10,Over
3,talk,124,10,8,Over
3,talk,125,10,5,Over
3,talk,126,10,12,Over
3,talk,127,10,2,Over
3,talk,128,10,13,Over
3,talk,129,10,1,Over
3,talk,130,10,14,Over
3,talk,131,10,15,Over
3,vote,1,5
3,vote,2,1
3,vote,3,1
3,vote,5,1
3,vote,6,1
3,vote,8,1
3,vote,10,1
3,vote,11,1
3,vote,12,1
3,vote,13,1
3,vote,14,1
3,vote,15,1
3,execute,1,VILLAGER
3,whisper,0,0,11,Skip
3,whisper,1,0,10,Skip
3,whisper,2,0,12,Skip
3,whisper,3,1,10,Skip
3,whisper,4,1,12,Skip
3,whisper,5,1,11,Skip
3,whisper,6,2,11,Over
3,whisper,7,2,12,Over
3,whisper,8,2,10,Over
3,guard,6,2,MEDIUM
3,attackVote,11,2
3,attackVote,12,2
3,attack,2,false
4,status,1,VILLAGER,DEAD,tonkatsu
4,status,2,MEDIUM,ALIVE,KP22
4,status,3,VILLAGER,ALIVE,kgu_ryu
4,status,4,SEER,DEAD,sUper_IL
4,status,5,VILLAGER,ALIVE,daphne
4,status,6,BODYGUARD,ALIVE,Ncu702
4,status,7,VILLAGER,DEAD,ice
4,status,8,POSSESSED,ALIVE,mikami
4,status,9,VILLAGER,DEAD,Baguette
4,status,10,WEREWOLF,ALIVE,ichida
4,status,11,WEREWOLF,ALIVE,Hachi2
4,status,12,WEREWOLF,ALIVE,takoyaki
4,status,13,VILLAGER,ALIVE,CanisLupus
4,status,14,VILLAGER,ALIVE,ioh
4,status,15,VILLAGER,ALIVE,Basket
4,talk,0,0,11,VOTE Agent[02]
4,talk,1,0,3,VOTE Agent[12]
4,talk,2,0,13,VOTE Agent[12]
4,talk,3,0,10,DIVINED Agent[12] HUMAN
4,talk,4,0,15,ESTIMATE Agent[12] WEREWOLF
4,talk,5,0,8,VOTE Agent[12]
4,talk,6,0,5,VOTE Agent[12]
4,talk,7,0,14,ESTIMATE Agent[05] WEREWOLF
4,talk,8,0,6,VOTE Agent[12]
4,talk,9,0,2,IDENTIFIED Agent[01] HUMAN
4,talk,10,0,12,VOTE Agent[05]
4,talk,11,1,5,Skip
4,talk,12,1,2,VOTE Agent[05]
4,talk,13,1,8,Skip
4,talk,14,1,12,VOTE Agent[05]
4,talk,15,1,11,VOTE Agent[12]
4,talk,16,1,13,Skip
4,talk,17,1,10,VOTE Agent[12]
4,talk,18,1,6,Skip
4,talk,19,1,14,ESTIMATE Agent[12] WEREWOLF
4,talk,20,1,3,VOTE Agent[06]
4,talk,21,1,15,ESTIMATE Agent[12] WEREWOLF
4,talk,22,2,2,VOTE Agent[12]
4,talk,23,2,8,Skip
4,talk,24,2,5,Skip
4,talk,25,2,13,VOTE Agent[05]
4,talk,26,2,14,VOTE Agent[12]
4,talk,27,2,6,Skip
4,talk,28,2,12,VOTE Agent[05]
4,talk,29,2,3,VOTE Agent[12]
4,talk,30,2,11,Skip
4,talk,31,2,15,VOTE Agent[12]
4,talk,32,2,10,Skip
4,talk,33,3,12,VOTE Agent[05]
4,talk,34,3,8,Over
4,talk,35,3,6,Over
4,talk,36,3,2,Skip
4,talk,37,3,13,VOTE Agent[12]
4,talk,38,3,10,Skip
4,talk,39,3,5,Over
4,talk,40,3,14,VOTE Agent[12]
4,talk,41,3,11,Skip
4,talk,42,3,3,Skip
4,talk,43,3,15,ESTIMATE Agent[12] WEREWOLF
4,talk,44,4,8,Over
4,talk,45,4,2,Skip
4,talk,46,4,12,VOTE Agent[05]
4,talk,47,4,10,Over
4,talk,48,4,11,Over
4,talk,49,4,13,Skip
4,talk,50,4,6,Over
4,talk,51,4,5,Over
4,talk,52,4,15,REQUEST ANY (VOTE Agent[12])
4,talk,53,4,14,ESTIMATE Agent[12] WEREWOLF
4,talk,54,4,3,Skip
4,talk,55,5,13,Skip
4,talk,56,5,5,Over
4,talk,57,5,14,VOTE Agent[12]
4,talk,58,5,6,Over
4,talk,59,5,8,Over
4,talk,60,5,10,Over
4,talk,61,5,15,ESTIMATE Agent[12] WEREWOLF
4,talk,62,5,2,Over
4,talk,63,5,12,VOTE Agent[05]
4,talk,64,5,3,Over
4,talk,65,5,11,Over
4,talk,66,6,2,Over
4,talk,67,6,3,Over
4,talk,68,6,8,Over
4,talk,69,6,5,Over
4,talk,70,6,11,Over
4,talk,71,6,13,Over
4,talk,72,6,10,Over
4,talk,73,6,12,VOTE Agent[05]
4,talk,74,6,15,VOTE Agent[12]
4,talk,75,6,6,Over
4,talk,76,6,14,VOTE Agent[12]
4,talk,77,7,13,Over
4,talk,78,7,8,Over
4,talk,79,7,15,VOTE Agent[12]
4,talk,80,7,11,Over
4,talk,81,7,6,Over
4,talk,82,7,10,Over
4,talk,83,7,3,Over
4,talk,84,7,12,VOTE Agent[05]
4,talk,85,7,5,Over
4,talk,86,7,14,REQUEST ANY (VOTE Agent[12])
4,talk,87,7,2,Over
4,talk,88,8,11,Over
4,talk,89,8,3,Over
4,talk,90,8,14,ESTIMATE Agent[12] WEREWOLF
4,talk,91,8,10,Over
4,talk,92,8,6,Over
4,talk,93,8,15,ESTIMATE Agent[12] WEREWOLF
4,talk,94,8,13,Over
4,talk,95,8,8,Over
4,talk,96,8,12,VOTE Agent[05]
4,talk,97,8,5,Over
4,talk,98,8,2,Over
4,talk,99,9,3,Over
4,talk,100,9,6,Over
4,talk,101,9,13,Over
4,talk,102,9,14,REQUEST ANY (VOTE Agent[12])
4,talk,103,9,10,Over
4,talk,104,9,2,Over
4,talk,105,9,8,Over
4,talk,106,9,12,VOTE Agent[05]
4,talk,107,9,15,VOTE Agent[12]
4,talk,108,9,11,Over
4,talk,109,9,5,Over
4,talk,110,10,13,Over
4,talk,111,10,8,Over
4,talk,112,10,15,Over
4,talk,113,10,3,Over
4,talk,114,10,2,Over
4,talk,115,10,11,Over
4,talk,116,10,10,Over
4,talk,117,10,14,Over
4,talk,118,10,5,Over
4,talk,119,10,6,Over
4,talk,120,10,12,Over
4,vote,2,12
4,vote,3,12
4,vote,5,12
4,vote,6,12
4,vote,8,12
4,vote,10,12
4,vote,11,12
4,vote,12,5
4,vote,13,12
4,vote,14,12
4,vote,15,12
4,execute,12,WEREWOLF
4,whisper,0,0,11,Skip
4,whisper,1,0,10,Skip
4,whisper,2,1,10,Skip
4,whisper,3,1,11,Skip
4,whisper,4,2,10,Over
4,whisper,5,2,11,Over
4,guard,6,2,MEDIUM
4,attackVote,11,2
4,attack,2,false
5,status,1,VILLAGER,DEAD,tonkatsu
5,status,2,MEDIUM,ALIVE,KP22
5,status,3,VILLAGER,ALIVE,kgu_ryu
5,status,4,SEER,DEAD,sUper_IL
5,status,5,VILLAGER,ALIVE,daphne
5,status,6,BODYGUARD,ALIVE,Ncu702
5,status,7,VILLAGER,DEAD,ice
5,status,8,POSSESSED,ALIVE,mikami
5,status,9,VILLAGER,DEAD,Baguette
5,status,10,WEREWOLF,ALIVE,ichida
5,status,11,WEREWOLF,ALIVE,Hachi2
5,status,12,WEREWOLF,DEAD,takoyaki
5,status,13,VILLAGER,ALIVE,CanisLupus
5,status,14,VILLAGER,ALIVE,ioh
5,status,15,VILLAGER,ALIVE,Basket
5,talk,0,0,6,VOTE Agent[02]
5,talk,1,0,3,VOTE Agent[05]
5,talk,2,0,13,VOTE Agent[05]
5,talk,3,0,2,IDENTIFIED Agent[12] WEREWOLF
5,talk,4,0,10,DIVINED Agent[05] HUMAN
5,talk,5,0,15,ESTIMATE Agent[05] WEREWOLF
5,talk,6,0,8,VOTE Agent[05]
5,talk,7,0,11,VOTE Agent[05]
5,talk,8,0,14,VOTE Agent[05]
5,talk,9,0,5,VOTE Agent[02]
5,talk,10,1,13,Skip
5,talk,11,1,14,REQUEST ANY (VOTE Agent[11])
5,talk,12,1,5,VOTE Agent[02]
5,talk,13,1,11,Skip
5,talk,14,1,3,Skip
5,talk,15,1,15,ESTIMATE Agent[05] WEREWOLF
5,talk,16,1,10,VOTE Agent[05]
5,talk,17,1,2,VOTE Agent[05]
5,talk,18,1,8,Skip
5,talk,19,1,6,VOTE Agent[05]
5,talk,20,2,3,Skip
5,talk,21,2,11,Skip
5,talk,22,2,2,Skip
5,talk,23,2,8,Skip
5,talk,24,2,10,Skip
5,talk,25,2,15,VOTE Agent[05]
5,talk,26,2,5,VOTE Agent[02]
5,talk,27,2,13,Skip
5,talk,28,2,6,Skip
5,talk,29,2,14,ESTIMATE Agent[05] WEREWOLF
5,talk,30,3,2,Skip
5,talk,31,3,8,Over
5,talk,32,3,3,Over
5,talk,33,3,13,Over
5,talk,34,3,14,REQUEST ANY (VOTE Agent[05])
5,talk,35,3,11,Over
5,talk,36,3,10,Skip
5,talk,37,3,6,Skip
5,talk,38,3,15,ESTIMATE Agent[05] WEREWOLF
5,talk,39,3,5,VOTE Agent[02]
5,talk,40,4,8,Over
5,talk,41,4,2,Over
5,talk,42,4,14,VOTE Agent[05]
5,talk,43,4,11,Over
5,talk,44,4,3,Over
5,talk,45,4,6,Over
5,talk,46,4,5,VOTE Agent[02]
5,talk,47,4,13,Over
5,talk,48,4,10,Over
5,talk,49,4,15,ESTIMATE Agent[05] WEREWOLF
5,talk,50,5,11,Over
5,talk,51,5,10,Over
5,talk,52,5,6,Over
5,talk,53,5,2,Over
5,talk,54,5,14,ESTIMATE Agent[05] WEREWOLF
5,talk,55,5,5,VOTE Agent[02]
5,talk,56,5,13,Over
5,talk,57,5,8,Over
5,talk,58,5,15,ESTIMATE Agent[05] WEREWOLF
5,talk,59,5,3,Over
5,talk,60,6,15,ESTIMATE Agent[05] WEREWOLF
5,talk,61,6,13,Over
5,talk,62,6,8,Over
5,talk,63,6,3,Over
5,talk,64,6,11,Over
5,talk,65,6,5,VOTE Agent[02]
5,talk,66,6,2,Over
5,talk,67,6,6,Over
5,talk,68,6,14,ESTIMATE Agent[05] WEREWOLF
5,talk,69,6,10,Over
5,talk,70,7,6,Over
5,talk,71,7,13,Over
5,talk,72,7,15,ESTIMATE Agent[05] WEREWOLF
5,talk,73,7,2,Over
5,talk,74,7,14,VOTE Agent[05]
5,talk,75,7,8,Over
5,talk,76,7,5,VOTE Agent[02]
5,talk,77,7,11,Over
5,talk,78,7,10,Over
5,talk,79,7,3,Over
5,talk,80,8,15,VOTE Agent[05]
5,talk,81,8,5,VOTE Agent[02]
5,talk,82,8,6,Over
5,talk,83,8,3,Over
5,talk,84,8,11,Over
5,talk,85,8,2,Over
5,talk,86,8,14,VOTE Agent[05]
5,talk,87,8,10,Over
5,talk,88,8,8,Over
5,talk,89,8,13,Over
5,talk,90,9,11,Over
5,talk,91,9,15,ESTIMATE Agent[05] WEREWOLF
5,talk,92,9,13,Over
5,talk,93,9,10,Over
5,talk,94,9,14,ESTIMATE Agent[05] WEREWOLF
5,talk,95,9,3,Over
5,talk,96,9,8,Over
5,talk,97,9,5,VOTE Agent[02]
5,talk,98,9,6,Over
5,talk,99,9,2,Over
5,talk,100,10,8,Over
5,talk,101,10,11,Over
5,talk,102,10,3,Over
5,talk,103,10,2,Over
5,talk,104,10,5,Over
5,talk,105,10,10,Over
5,talk,106,10,15,Over
5,talk,107,10,6,Over
5,talk,108,10,13,Over
5,talk,109,10,14,Over
5,vote,2,5
5,vote,3,5
5,vote,5,2
5,vote,6,5
5,vote,8,5
5,vote,10,5
5,vote,11,5
5,vote,13,5
5,vote,14,5
5,vote,15,5
5,execute,5,VILLAGER
5,whisper,0,0,11,Skip
5,whisper,1,0,10,Skip
5,whisper,2,1,11,Skip
5,whisper,3,1,10,Skip
5,whisper,4,2,10,Over
5,whisper,5,2,11,Over
5,guard,6,2,MEDIUM
5,attackVote,11,2
5,attack,2,false
6,status,1,VILLAGER,DEAD,tonkatsu
6,status,2,MEDIUM,ALIVE,KP22
6,status,3,VILLAGER,ALIVE,kgu_ryu
6,status,4,SEER,DEAD,sUper_IL
6,status,5,VILLAGER,DEAD,daphne
6,status,6,BODYGUARD,ALIVE,Ncu702
6,status,7,VILLAGER,DEAD,ice
6,status,8,POSSESSED,ALIVE,mikami
6,status,9,VILLAGER,DEAD,Baguette
6,status,10,WEREWOLF,ALIVE,ichida
6,status,11,WEREWOLF,ALIVE,Hachi2
6,status,12,WEREWOLF,DEAD,takoyaki
6,status,13,VILLAGER,ALIVE,CanisLupus
6,status,14,VILLAGER,ALIVE,ioh
6,status,15,VILLAGER,ALIVE,Basket
6,talk,0,0,8,VOTE Agent[02]
6,talk,1,0,13,VOTE Agent[06]
6,talk,2,0,10,DIVINED Agent[06] HUMAN
6,talk,3,0,3,VOTE Agent[06]
6,talk,4,0,15,ESTIMATE Agent[06] WEREWOLF
6,talk,5,0,11,VOTE Agent[06]
6,talk,6,0,6,VOTE Agent[02]
6,talk,7,0,2,IDENTIFIED Agent[05] HUMAN
6,talk,8,0,14,VOTE Agent[06]
6,talk,9,1,10,VOTE Agent[06]
6,talk,10,1,15,REQUEST ANY (VOTE Agent[06])
6,talk,11,1,2,VOTE Agent[06]
6,talk,12,1,14,ESTIMATE Agent[06] WEREWOLF
6,talk,13,1,13,Skip
6,talk,14,1,3,Skip
6,talk,15,1,8,VOTE Agent[06]
6,talk,16,1,6,VOTE Agent[02]
6,talk,17,1,11,Skip
6,talk,18,2,8,Skip
6,talk,19,2,11,Skip
6,talk,20,2,14,REQUEST ANY (VOTE Agent[06])
6,talk,21,2,10,Skip
6,talk,22,2,13,Skip
6,talk,23,2,6,VOTE Agent[02]
6,talk,24,2,2,Skip
6,talk,25,2,15,ESTIMATE Agent[06] WEREWOLF
6,talk,26,2,3,Skip
6,talk,27,3,6,VOTE Agent[02]
6,talk,28,3,8,Skip
6,talk,29,3,10,Skip
6,talk,30,3,15,VOTE Agent[06]
6,talk,31,3,11,Over
6,talk,32,3,2,Skip
6,talk,33,3,13,Over
6,talk,34,3,3,Over
6,talk,35,3,14,ESTIMATE Agent[06] WEREWOLF
6,talk,36,4,6,VOTE Agent[02]
6,talk,37,4,8,Over
6,talk,38,4,14,ESTIMATE Agent[06] WEREWOLF
6,talk,39,4,2,Over
6,talk,40,4,10,Over
6,talk,41,4,15,ESTIMATE Agent[06] WEREWOLF
6,talk,42,4,11,Over
6,talk,43,4,3,Over
6,talk,44,4,13,Over
6,talk,45,5,11,Over
6,talk,46,5,3,Over
6,talk,47,5,15,REQUEST ANY (VOTE Agent[06])
6,talk,48,5,13,Over
6,talk,49,5,2,Over
6,talk,50,5,6,VOTE Agent[02]
6,talk,51,5,10,Over
6,talk,52,5,14,VOTE Agent[06]
6,talk,53,5,8,Over
6,talk,54,6,6,VOTE Agent[02]
6,talk,55,6,2,Over
6,talk,56,6,15,ESTIMATE Agent[06] WEREWOLF
6,talk,57,6,10,Over
6,talk,58,6,11,Over
6,talk,59,6,3,Over
6,talk,60,6,8,Over
6,talk,61,6,14,VOTE Agent[06]
6,talk,62,6,13,Over
6,talk,63,7,14,REQUEST ANY (VOTE Agent[06])
6,talk,64,7,2,Over
6,talk,65,7,3,Over
6,talk,66,7,15,VOTE Agent[06]
6,talk,67,7,13,Over
6,talk,68,7,8,Over
6,talk,69,7,10,Over
6,talk,70,7,6,VOTE Agent[02]
6,talk,71,7,11,Over
6,talk,72,8,14,REQUEST ANY (VOTE Agent[06])
6,talk,73,8,2,Over
6,talk,74,8,3,Over
6,talk,75,8,15,ESTIMATE Agent[06] WEREWOLF
6,talk,76,8,10,Over
6,talk,77,8,11,Over
6,talk,78,8,8,Over
6,talk,79,8,6,VOTE Agent[02]
6,talk,80,8,13,Over
6,talk,81,9,13,Over
6,talk,82,9,6,VOTE Agent[02]
6,talk,83,9,3,Over
6,talk,84,9,11,Over
6,talk,85,9,15,REQUEST ANY (VOTE Agent[06])
6,talk,86,9,8,Over
6,talk,87,9,10,Over
6,talk,88,9,14,ESTIMATE Agent[06] WEREWOLF
6,talk,89,9,2,Over
6,talk,90,10,6,Over
6,talk,91,10,15,Over
6,talk,92,10,3,Over
6,talk,93,10,8,Over
6,talk,94,10,14,Over
6,talk,95,10,11,Over
6,talk,96,10,2,Over
6,talk,97,10,13,Over
6,talk,98,10,10,Over
6,vote,2,6
6,vote,3,6
6,vote,6,2
6,vote,8,6
6,vote,10,6
6,vote,11,6
6,vote,13,6
6,vote,14,6
6,vote,15,6
6,execute,6,BODYGUARD
6,whisper,0,0,11,Skip
6,whisper,1,0,10,Skip
6,whisper,2,1,11,Skip
6,whisper,3,1,10,Skip
6,whisper,4,2,10,Over
6,whisper,5,2,11,Over
6,attackVote,11,2
6,attack,2,true
7,status,1,VILLAGER,DEAD,tonkatsu
7,status,2,MEDIUM,DEAD,KP22
7,status,3,VILLAGER,ALIVE,kgu_ryu
7,status,4,SEER,DEAD,sUper_IL
7,status,5,VILLAGER,DEAD,daphne
7,status,6,BODYGUARD,DEAD,Ncu702
7,status,7,VILLAGER,DEAD,ice
7,status,8,POSSESSED,ALIVE,mikami
7,status,9,VILLAGER,DEAD,Baguette
7,status,10,WEREWOLF,ALIVE,ichida
7,status,11,WEREWOLF,ALIVE,Hachi2
7,status,12,WEREWOLF,DEAD,takoyaki
7,status,13,VILLAGER,ALIVE,CanisLupus
7,status,14,VILLAGER,ALIVE,ioh
7,status,15,VILLAGER,ALIVE,Basket
7,talk,0,0,10,DIVINED Agent[03] HUMAN
7,talk,1,0,13,VOTE Agent[11]
7,talk,2,0,3,VOTE Agent[11]
7,talk,3,0,14,ESTIMATE Agent[11] WEREWOLF
7,talk,4,0,11,VOTE Agent[03]
7,talk,5,0,15,VOTE Agent[11]
7,talk,6,0,8,VOTE Agent[11]
7,talk,7,1,13,Skip
7,talk,8,1,15,ESTIMATE Agent[11] WEREWOLF
7,talk,9,1,14,REQUEST ANY (VOTE Agent[11])
7,talk,10,1,8,Skip
7,talk,11,1,10,VOTE Agent[11]
7,talk,12,1,3,Skip
7,talk,13,1,11,VOTE Agent[03]
7,talk,14,2,8,Skip
7,talk,15,2,10,Skip
7,talk,16,2,14,VOTE Agent[11]
7,talk,17,2,3,Skip
7,talk,18,2,15,REQUEST ANY (VOTE Agent[11])
7,talk,19,2,13,Skip
7,talk,20,2,11,VOTE Agent[03]
7,talk,21,3,10,Skip
7,talk,22,3,11,VOTE Agent[03]
7,talk,23,3,8,Over
7,talk,24,3,15,VOTE Agent[11]
7,talk,25,3,13,Over
7,talk,26,3,3,Over
7,talk,27,3,14,VOTE Agent[11]
7,talk,28,4,8,Over
7,talk,29,4,3,Over
7,talk,30,4,11,VOTE Agent[03]
7,talk,31,4,13,Over
7,talk,32,4,10,Over
7,talk,33,4,14,VOTE Agent[11]
7,talk,34,4,15,ESTIMATE Agent[11] WEREWOLF
7,talk,35,5,10,Over
7,talk,36,5,11,VOTE Agent[03]
7,talk,37,5,8,Over
7,talk,38,5,13,Over
7,talk,39,5,14,ESTIMATE Agent[11] WEREWOLF
7,talk,40,5,15,REQUEST ANY (VOTE Agent[11])
7,talk,41,5,3,Over
7,talk,42,6,13,Over
7,talk,43,6,8,Over
7,talk,44,6,15,REQUEST ANY (VOTE Agent[11])
7,talk,45,6,3,Over
7,talk,46,6,11,VOTE Agent[03]
7,talk,47,6,14,ESTIMATE Agent[11] WEREWOLF
7,talk,48,6,10,Over
7,talk,49,7,14,VOTE Agent[11]
7,talk,50,7,11,VOTE Agent[03]
7,talk,51,7,10,Over
7,talk,52,7,13,Over
7,talk,53,7,15,VOTE Agent[11]
7,talk,54,7,3,Over
7,talk,55,7,8,Over
7,talk,56,8,11,VOTE Agent[03]
7,talk,57,8,14,REQUEST ANY (VOTE Agent[11])
7,talk,58,8,3,Over
7,talk,59,8,13,Over
7,talk,60,8,8,Over
7,talk,61,8,15,REQUEST ANY (VOTE Agent[11])
7,talk,62,8,10,Over
7,talk,63,9,3,Over
7,talk,64,9,13,Over
7,talk,65,9,14,REQUEST ANY (VOTE Agent[11])
7,talk,66,9,11,VOTE Agent[03]
7,talk,67,9,15,REQUEST ANY (VOTE Agent[11])
7,talk,68,9,10,Over
7,talk,69,9,8,Over
7,talk,70,10,10,Over
7,talk,71,10,11,Over
7,talk,72,10,15,Over
7,talk,73,10,3,Over
7,talk,74,10,14,Over
7,talk,75,10,13,Over
7,talk,76,10,8,Over
7,vote,3,11
7,vote,8,11
7,vote,10,11
7,vote,11,3
7,vote,13,11
7,vote,14,11
7,vote,15,11
7,execute,11,WEREWOLF
7,attackVote,10,3
7,attack,3,true
8,status,1,VILLAGER,DEAD,tonkatsu
8,status,2,MEDIUM,DEAD,KP22
8,status,3,VILLAGER,DEAD,kgu_ryu
8,status,4,SEER,DEAD,sUper_IL
8,status,5,VILLAGER,DEAD,daphne
8,status,6,BODYGUARD,DEAD,Ncu702
8,status,7,VILLAGER,DEAD,ice
8,status,8,POSSESSED,ALIVE,mikami
8,status,9,VILLAGER,DEAD,Baguette
8,status,10,WEREWOLF,ALIVE,ichida
8,status,11,WEREWOLF,DEAD,Hachi2
8,status,12,WEREWOLF,DEAD,takoyaki
8,status,13,VILLAGER,ALIVE,CanisLupus
8,status,14,VILLAGER,ALIVE,ioh
8,status,15,VILLAGER,ALIVE,Basket
8,talk,0,0,13,VOTE Agent[08]
8,talk,1,0,10,DIVINED Agent[08] HUMAN
8,talk,2,0,14,ESTIMATE Agent[10] WEREWOLF
8,talk,3,0,15,ESTIMATE Agent[10] WEREWOLF
8,talk,4,0,8,VOTE Agent[10]
8,talk,5,1,13,VOTE Agent[08]
8,talk,6,1,10,VOTE Agent[08]
8,talk,7,1,8,Skip
8,talk,8,1,15,ESTIMATE Agent[10] WEREWOLF
8,talk,9,1,14,ESTIMATE Agent[10] WEREWOLF
8,talk,10,2,10,VOTE Agent[08]
8,talk,11,2,15,ESTIMATE Agent[10] WEREWOLF
8,talk,12,2,14,VOTE Agent[10]
8,talk,13,2,8,Skip
8,talk,14,2,13,VOTE Agent[08]
8,talk,15,3,8,Over
8,talk,16,3,10,VOTE Agent[08]
8,talk,17,3,13,VOTE Agent[08]
8,talk,18,3,14,VOTE Agent[10]
8,talk,19,3,15,VOTE Agent[10]
8,talk,20,4,15,VOTE Agent[10]
8,talk,21,4,13,VOTE Agent[08]
8,talk,22,4,8,Over
8,talk,23,4,14,ESTIMATE Agent[10] WEREWOLF
8,talk,24,4,10,VOTE Agent[08]
8,talk,25,5,10,VOTE Agent[08]
8,talk,26,5,8,Over
8,talk,27,5,13,VOTE Agent[08]
8,talk,28,5,14,ESTIMATE Agent[10] WEREWOLF
8,talk,29,5,15,VOTE Agent[10]
8,talk,30,6,14,ESTIMATE Agent[10] WEREWOLF
8,talk,31,6,8,Over
8,talk,32,6,15,REQUEST ANY (VOTE Agent[10])
8,talk,33,6,13,VOTE Agent[08]
8,talk,34,6,10,VOTE Agent[08]
8,talk,35,7,8,Over
8,talk,36,7,14,VOTE Agent[10]
8,talk,37,7,15,VOTE Agent[10]
8,talk,38,7,13,VOTE Agent[08]
8,talk,39,7,10,VOTE Agent[08]
8,talk,40,8,15,ESTIMATE Agent[10] WEREWOLF
8,talk,41,8,8,Over
8,talk,42,8,10,VOTE Agent[08]
8,talk,43,8,14,VOTE Agent[10]
8,talk,44,8,13,VOTE Agent[08]
8,talk,45,9,14,VOTE Agent[10]
8,talk,46,9,8,Over
8,talk,47,9,10,VOTE Agent[08]
8,talk,48,9,15,ESTIMATE Agent[10] WEREWOLF
8,talk,49,9,13,VOTE Agent[08]
8,talk,50,10,8,Over
8,talk,51,10,13,Over
8,talk,52,10,14,Over
8,talk,53,10,15,Over
8,talk,54,10,10,Over
8,vote,8,10
8,vote,10,8
8,vote,13,8
8,vote,14,10
8,vote,15,10
8,execute,10,WEREWOLF
9,status,1,VILLAGER,DEAD,tonkatsu
9,status,2,MEDIUM,DEAD,KP22
9,status,3,VILLAGER,DEAD,kgu_ryu
9,status,4,SEER,DEAD,sUper_IL
9,status,5,VILLAGER,DEAD,daphne
9,status,6,BODYGUARD,DEAD,Ncu702
9,status,7,VILLAGER,DEAD,ice
9,status,8,POSSESSED,ALIVE,mikami
9,status,9,VILLAGER,DEAD,Baguette
9,status,10,WEREWOLF,DEAD,ichida
9,status,11,WEREWOLF,DEAD,Hachi2
9,status,12,WEREWOLF,DEAD,takoyaki
9,status,13,VILLAGER,ALIVE,CanisLupus
9,status,14,VILLAGER,ALIVE,ioh
9,status,15,VILLAGER,ALIVE,Basket
9,result,4,0,VILLAGER
