0,status,1,VILLAGER,ALIVE,tonkatsu
0,status,2,SEER,ALIVE,KP22
0,status,3,WEREWOLF,ALIVE,kgu_ryu
0,status,4,VILLAGER,ALIVE,sUper_IL
0,status,5,WEREWOLF,ALIVE,daphne
0,status,6,VILLAGER,ALIVE,Ncu702
0,status,7,VILLAGER,ALIVE,ice
0,status,8,VILLAGER,ALIVE,mikami
0,status,9,MEDIUM,ALIVE,Baguette
0,status,10,VILLAGER,ALIVE,ichida
0,status,11,WEREWOLF,ALIVE,Hachi2
0,status,12,BODYGUARD,ALIVE,takoyaki
0,status,13,VILLAGER,ALIVE,CanisLupus
0,status,14,POSSESSED,ALIVE,ioh
0,status,15,VILLAGER,ALIVE,Basket
0,whisper,0,0,3,Skip
0,whisper,1,0,11,Skip
0,whisper,2,0,5,Skip
0,whisper,3,1,5,Skip
0,whisper,4,1,3,Skip
0,whisper,5,1,11,Skip
0,whisper,6,2,3,Over
0,whisper,7,2,11,Over
0,whisper,8,2,5,Over
0,divine,2,1,HUMAN
1,status,1,VILLAGER,ALIVE,tonkatsu
1,status,2,SEER,ALIVE,KP22
1,status,3,WEREWOLF,ALIVE,kgu_ryu
1,status,4,VILLAGER,ALIVE,sUper_IL
1,status,5,WEREWOLF,ALIVE,daphne
1,status,6,VILLAGER,ALIVE,Ncu702
1,status,7,VILLAGER,ALIVE,ice
1,status,8,VILLAGER,ALIVE,mikami
1,status,9,MEDIUM,ALIVE,Baguette
1,status,10,VILLAGER,ALIVE,ichida
1,status,11,WEREWOLF,ALIVE,Hachi2
1,status,12,BODYGUARD,ALIVE,takoyaki
1,status,13,VILLAGER,ALIVE,CanisLupus
1,status,14,POSSESSED,ALIVE,ioh
1,status,15,VILLAGER,ALIVE,Basket
1,talk,0,0,9,VOTE Agent[04]
1,talk,1,0,12,VOTE Agent[04]
1,talk,2,0,4,VOTE Agent[07]
1,talk,3,0,7,VOTE Agent[04]
1,talk,4,0,15,VOTE Agent[04]
1,talk,5,0,5,VOTE Agent[04]
1,talk,6,0,8,VOTE Agent[04]
1,talk,7,0,6,VOTE Agent[04]
1,talk,8,0,1,VOTE Agent[04]
1,talk,9,0,10,VOTE Agent[04]
1,talk,10,0,11,VOTE Agent[04]
1,talk,11,0,13,VOTE Agent[04]
1,talk,12,0,2,COMINGOUT Agent[02] SEER
1,talk,13,0,3,VOTE Agent[04]
1,talk,14,0,14,REQUEST ANY (COMINGOUT ANY ANY)
1,talk,15,1,4,VOTE Agent[12]
1,talk,16,1,12,Skip
1,talk,17,1,6,Skip
1,talk,18,1,7,Skip
1,talk,19,1,1,Skip
1,talk,20,1,11,Skip
1,talk,21,1,15,VOTE Agent[04]
1,talk,22,1,10,Skip
1,talk,23,1,5,Skip
1,talk,24,1,9,VOTE Agent[02]
1,talk,25,1,8,Skip
1,talk,26,1,14,COMINGOUT Agent[14] SEER
1,talk,27,1,2,DIVINED Agent[01] HUMAN
1,talk,28,1,13,VOTE Agent[12]
1,talk,29,1,3,Skip
1,talk,30,2,9,VOTE Agent[05]
1,talk,31,2,14,DIVINED Agent[01] WEREWOLF
1,talk,32,2,6,Skip
1,talk,33,2,1,Skip
1,talk,34,2,11,Skip
1,talk,35,2,12,VOTE Agent[11]
1,talk,36,2,7,Skip
1,talk,37,2,5,Skip
1,talk,38,2,10,Skip
1,talk,39,2,13,VOTE Agent[12]
1,talk,40,2,8,Skip
1,talk,41,2,15,REQUEST ANY (VOTE Agent[14])
1,talk,42,2,2,VOTE Agent[12]
1,talk,43,2,3,Skip
1,talk,44,2,4,VOTE Agent[12]
1,talk,45,3,11,Over
1,talk,46,3,5,Over
1,talk,47,3,15,ESTIMATE Agent[14] WEREWOLF
1,talk,48,3,4,VOTE Agent[11]
1,talk,49,3,14,VOTE Agent[01]
1,talk,50,3,7,Over
1,talk,51,3,10,Over
1,talk,52,3,2,VOTE Agent[11]
1,talk,53,3,6,Over
1,talk,54,3,8,Over
1,talk,55,3,13,VOTE Agent[11]
1,talk,56,3,1,Over
1,talk,57,3,12,VOTE Agent[11]
1,talk,58,3,9,VOTE Agent[12]
1,talk,59,3,3,Over
1,talk,60,4,10,Over
1,talk,61,4,13,VOTE Agent[11]
1,talk,62,4,2,VOTE Agent[11]
1,talk,63,4,15,VOTE Agent[14]
1,talk,64,4,11,Over
1,talk,65,4,14,ESTIMATE Agent[01] WEREWOLF
1,talk,66,4,12,VOTE Agent[11]
1,talk,67,4,6,Over
1,talk,68,4,4,VOTE Agent[11]
1,talk,69,4,3,Over
1,talk,70,4,7,Over
1,talk,71,4,9,VOTE Agent[01]
1,talk,72,4,1,Over
1,talk,73,4,5,Over
1,talk,74,4,8,Over
1,talk,75,5,6,Over
1,talk,76,5,10,Over
1,talk,77,5,9,VOTE Agent[05]
1,talk,78,5,7,Over
1,talk,79,5,12,VOTE Agent[11]
1,talk,80,5,1,Over
1,talk,81,5,3,Over
1,talk,82,5,8,Over
1,talk,83,5,2,VOTE Agent[11]
1,talk,84,5,13,VOTE Agent[11]
1,talk,85,5,15,ESTIMATE Agent[14] WEREWOLF
1,talk,86,5,4,VOTE Agent[11]
1,talk,87,5,5,Over
1,talk,88,5,14,VOTE Agent[01]
1,talk,89,5,11,Over
1,talk,90,6,15,VOTE Agent[14]
1,talk,91,6,5,Over
1,talk,92,6,3,Over
1,talk,93,6,9,VOTE Agent[12]
1,talk,94,6,14,VOTE Agent[01]
1,talk,95,6,8,Over
1,talk,96,6,4,VOTE Agent[11]
1,talk,97,6,6,Over
1,talk,98,6,13,VOTE Agent[11]
1,talk,99,6,12,VOTE Agent[11]
1,talk,100,6,10,Over
1,talk,101,6,1,Over
1,talk,102,6,7,Over
1,talk,103,6,11,Over
1,talk,104,6,2,VOTE Agent[11]
1,talk,105,7,12,VOTE Agent[11]
1,talk,106,7,5,Over
1,talk,107,7,1,Over
1,talk,108,7,13,VOTE Agent[11]
1,talk,109,7,3,Over
1,talk,110,7,4,VOTE Agent[11]
1,talk,111,7,7,Over
1,talk,112,7,6,Over
1,talk,113,7,8,Over
1,talk,114,7,2,VOTE Agent[11]
1,talk,115,7,15,ESTIMATE Agent[14] WEREWOLF
1,talk,116,7,11,Over
1,talk,117,7,10,Over
1,talk,118,7,9,VOTE Agent[03]
1,talk,119,7,14,REQUEST ANY (VOTE Agent[01])
1,talk,120,8,4,VOTE Agent[11]
1,talk,121,8,12,VOTE Agent[11]
1,talk,122,8,8,Over
1,talk,123,8,10,Over
1,talk,124,8,9,VOTE Agent[14]
1,talk,125,8,6,Over
1,talk,126,8,13,VOTE Agent[11]
1,talk,127,8,11,Over
1,talk,128,8,1,Over
1,talk,129,8,15,REQUEST ANY (VOTE Agent[14])
1,talk,130,8,7,Over
1,talk,131,8,3,Over
1,talk,132,8,2,VOTE Agent[11]
1,talk,133,8,5,Over
1,talk,134,8,14,REQUEST ANY (VOTE Agent[01])
1,talk,135,9,13,VOTE Agent[11]
1,talk,136,9,3,Over
1,talk,137,9,15,REQUEST ANY (VOTE Agent[14])
1,talk,138,9,14,VOTE Agent[01]
1,talk,139,9,2,VOTE Agent[11]
1,talk,140,9,4,VOTE Agent[11]
1,talk,141,9,8,Over
1,talk,142,9,12,VOTE Agent[11]
1,talk,143,9,11,Over
1,talk,144,9,6,Over
1,talk,145,9,7,Over
1,talk,146,9,5,Over
1,talk,147,9,1,Over
1,talk,148,9,10,Over
1,talk,149,9,9,VOTE Agent[01]
1,talk,150,10,11,Over
1,talk,151,10,15,Over
1,talk,152,10,9,Over
1,talk,153,10,6,Over
1,talk,154,10,8,Over
1,talk,155,10,4,Over
1,talk,156,10,2,Over
1,talk,157,10,1,Over
1,talk,158,10,12,VOTE Agent[11]
1,talk,159,10,10,Over
1,talk,160,10,7,Over
1,talk,161,10,14,Over
1,talk,162,10,3,Over
1,talk,163,10,13,Over
1,talk,164,10,5,Over
1,talk,165,11,12,Over
1,talk,166,11,14,Over
1,talk,167,11,9,Over
1,talk,168,11,4,Over
1,talk,169,11,6,Over
1,talk,170,11,11,Over
1,talk,171,11,15,Over
1,talk,172,11,13,Over
1,talk,173,11,7,Over
1,talk,174,11,10,Over
1,talk,175,11,8,Over
1,talk,176,11,1,Over
1,talk,177,11,2,Over
1,talk,178,11,5,Over
1,talk,179,11,3,Over
1,vote,1,4
1,vote,2,11
1,vote,3,4
1,vote,4,11
1,vote,5,4
1,vote,6,4
1,vote,7,11
1,vote,8,4
1,vote,9,1
1,vote,10,4
1,vote,11,4
1,vote,12,11
1,vote,13,11
1,vote,14,4
1,vote,15,4
1,execute,4,VILLAGER
1,divine,2,14,HUMAN
1,whisper,0,0,11,Skip
1,whisper,1,0,3,Skip
1,whisper,2,0,5,Skip
1,whisper,3,1,11,Skip
1,whisper,4,1,5,Skip
1,whisper,5,1,3,Skip
1,whisper,6,2,11,Over
1,whisper,7,2,3,Over
1,whisper,8,2,5,Over
1,guard,12,2,SEER
1,attackVote,3,2
1,attackVote,11,1
1,attackVote,3,2
1,attackVote,11,1
1,attack,1,true
2,status,1,VILLAGER,DEAD,tonkatsu
2,status,2,SEER,ALIVE,KP22
2,status,3,WEREWOLF,ALIVE,kgu_ryu
2,status,4,VILLAGER,DEAD,sUper_IL
2,status,5,WEREWOLF,ALIVE,daphne
2,status,6,VILLAGER,ALIVE,Ncu702
2,status,7,VILLAGER,ALIVE,ice
2,status,8,VILLAGER,ALIVE,mikami
2,status,9,MEDIUM,ALIVE,Baguette
2,status,10,VILLAGER,ALIVE,ichida
2,status,11,WEREWOLF,ALIVE,Hachi2
2,status,12,BODYGUARD,ALIVE,takoyaki
2,status,13,VILLAGER,ALIVE,CanisLupus
2,status,14,POSSESSED,ALIVE,ioh
2,status,15,VILLAGER,ALIVE,Basket
2,talk,0,0,15,ESTIMATE Agent[11] WEREWOLF
2,talk,1,0,9,VOTE Agent[13]
2,talk,2,0,8,VOTE Agent[11]
2,talk,3,0,13,VOTE Agent[11]
2,talk,4,0,12,VOTE Agent[11]
2,talk,5,0,6,VOTE Agent[11]
2,talk,6,0,10,VOTE Agent[11]
2,talk,7,0,7,VOTE Agent[11]
2,talk,8,0,14,DIVINED Agent[11] WEREWOLF
2,talk,9,0,2,DIVINED Agent[14] HUMAN
2,talk,10,0,3,VOTE Agent[11]
2,talk,11,0,5,VOTE Agent[11]
2,talk,12,0,11,VOTE Agent[13]
2,talk,13,1,5,Skip
2,talk,14,1,3,Skip
2,talk,15,1,8,Skip
2,talk,16,1,11,VOTE Agent[13]
2,talk,17,1,7,Skip
2,talk,18,1,2,VOTE Agent[11]
2,talk,19,1,9,VOTE Agent[11]
2,talk,20,1,10,Skip
2,talk,21,1,15,REQUEST ANY (VOTE Agent[11])
2,talk,22,1,14,ESTIMATE Agent[02] WEREWOLF
2,talk,23,1,6,Skip
2,talk,24,1,12,Skip
2,talk,25,1,13,Skip
2,talk,26,2,5,Skip
2,talk,27,2,10,Skip
2,talk,28,2,8,Skip
2,talk,29,2,14,ESTIMATE Agent[02] WEREWOLF
2,talk,30,2,11,VOTE Agent[02]
2,talk,31,2,3,Skip
2,talk,32,2,13,Skip
2,talk,33,2,9,VOTE Agent[11]
2,talk,34,2,12,Skip
2,talk,35,2,6,Skip
2,talk,36,2,2,VOTE Agent[11]
2,talk,37,2,15,REQUEST ANY (VOTE Agent[11])
2,talk,38,2,7,Skip
2,talk,39,3,11,VOTE Agent[02]
2,talk,40,3,6,Over
2,talk,41,3,8,Over
2,talk,42,3,15,ESTIMATE Agent[11] WEREWOLF
2,talk,43,3,13,VOTE Agent[12]
2,talk,44,3,12,Over
2,talk,45,3,9,VOTE Agent[11]
2,talk,46,3,5,Over
2,talk,47,3,7,Over
2,talk,48,3,14,ESTIMATE Agent[02] WEREWOLF
2,talk,49,3,10,Over
2,talk,50,3,3,Over
2,talk,51,3,2,VOTE Agent[11]
2,talk,52,4,2,VOTE Agent[11]
2,talk,53,4,14,REQUEST ANY (VOTE Agent[02])
2,talk,54,4,12,Over
2,talk,55,4,11,VOTE Agent[02]
2,talk,56,4,10,Over
2,talk,57,4,8,Over
2,talk,58,4,5,Over
2,talk,59,4,9,VOTE Agent[11]
2,talk,60,4,6,Over
2,talk,61,4,13,VOTE Agent[12]
2,talk,62,4,15,ESTIMATE Agent[11] WEREWOLF
2,talk,63,4,7,Over
2,talk,64,4,3,Over
2,talk,65,5,13,VOTE Agent[12]
2,talk,66,5,12,Over
2,talk,67,5,15,VOTE Agent[11]
2,talk,68,5,2,VOTE Agent[11]
2,talk,69,5,3,Over
2,talk,70,5,10,Over
2,talk,71,5,8,Over
2,talk,72,5,9,VOTE Agent[11]
2,talk,73,5,7,Over
2,talk,74,5,5,Over
2,talk,75,5,11,VOTE Agent[02]
2,talk,76,5,14,ESTIMATE Agent[02] WEREWOLF
2,talk,77,5,6,Over
2,talk,78,6,11,VOTE Agent[02]
2,talk,79,6,2,VOTE Agent[11]
2,talk,80,6,8,Over
2,talk,81,6,6,Over
2,talk,82,6,12,Over
2,talk,83,6,14,REQUEST ANY (VOTE Agent[02])
2,talk,84,6,15,ESTIMATE Agent[11] WEREWOLF
2,talk,85,6,5,Over
2,talk,86,6,13,VOTE Agent[12]
2,talk,87,6,9,VOTE Agent[11]
2,talk,88,6,10,Over
2,talk,89,6,7,Over
2,talk,90,6,3,Over
2,talk,91,7,13,VOTE Agent[12]
2,talk,92,7,14,VOTE Agent[02]
2,talk,93,7,2,VOTE Agent[11]
2,talk,94,7,12,Over
2,talk,95,7,6,Over
2,talk,96,7,10,Over
2,talk,97,7,3,Over
2,talk,98,7,15,ESTIMATE Agent[11] WEREWOLF
2,talk,99,7,8,Over
2,talk,100,7,11,VOTE Agent[02]
2,talk,101,7,5,Over
2,talk,102,7,7,Over
2,talk,103,7,9,VOTE Agent[11]
2,talk,104,8,5,Over
2,talk,105,8,13,VOTE Agent[12]
2,talk,106,8,11,VOTE Agent[02]
2,talk,107,8,6,Over
2,talk,108,8,3,Over
2,talk,109,8,7,Over
2,talk,110,8,8,Over
2,talk,111,8,14,VOTE Agent[02]
2,talk,112,8,2,VOTE Agent[11]
2,talk,113,8,10,Over
2,talk,114,8,9,VOTE Agent[11]
2,talk,115,8,12,Over
2,talk,116,8,15,REQUEST ANY (VOTE Agent[11])
2,talk,117,9,8,Over
2,talk,118,9,7,Over
2,talk,119,9,2,VOTE Agent[11]
2,talk,120,9,5,Over
2,talk,121,9,14,VOTE Agent[02]
2,talk,122,9,12,Over
2,talk,123,9,11,VOTE Agent[02]
2,talk,124,9,9,VOTE Agent[11]
2,talk,125,9,13,VOTE Agent[12]
2,talk,126,9,15,VOTE Agent[11]
2,talk,127,9,10,Over
2,talk,128,9,3,Over
2,talk,129,9,6,Over
2,talk,130,10,12,Over
2,talk,131,10,3,Over
2,talk,132,10,8,Over
2,talk,133,10,7,Over
2,talk,134,10,2,Over
2,talk,135,10,14,Over
2,talk,136,10,9,Over
2,talk,137,10,10,Over
2,talk,138,10,15,Over
2,talk,139,10,13,VOTE Agent[12]
2,talk,140,10,5,Over
2,talk,141,10,11,Over
2,talk,142,10,6,Over
2,talk,143,11,15,Over
2,talk,144,11,13,VOTE Agent[12]
2,talk,145,11,7,Over
2,talk,146,11,2,Over
2,talk,147,11,12,Over
2,talk,148,11,3,Over
2,talk,149,11,6,Over
2,talk,150,11,9,Over
2,talk,151,11,11,Over
2,talk,152,11,10,Over
2,talk,153,11,14,Over
2,talk,154,11,8,Over
2,talk,155,11,5,Over
2,talk,156,12,9,Over
2,talk,157,12,15,Over
2,talk,158,12,5,Over
2,talk,159,12,7,Over
2,talk,160,12,14,Over
2,talk,161,12,12,Over
2,talk,162,12,6,Over
2,talk,163,12,10,Over
2,talk,164,12,2,Over
2,talk,165,12,11,Over
2,talk,166,12,8,Over
2,talk,167,12,13,Over
2,talk,168,12,3,Over
2,vote,2,11
2,vote,3,11
2,vote,5,11
2,vote,6,11
2,vote,7,11
2,vote,8,11
2,vote,9,11
2,vote,10,11
2,vote,11,2
2,vote,12,11
2,vote,13,12
2,vote,14,11
2,vote,15,11
2,execute,11,WEREWOLF
2,divine,2,12,HUMAN
2,whisper,0,0,3,Skip
2,whisper,1,0,5,Skip
2,whisper,2,1,3,Skip
2,whisper,3,1,5,Skip
2,whisper,4,2,5,Over
2,whisper,5,2,3,Over
2,guard,12,2,SEER
2,attackVote,3,14
2,attack,14,true
3,status,1,VILLAGER,DEAD,tonkatsu
3,status,2,SEER,ALIVE,KP22
3,status,3,WEREWOLF,ALIVE,kgu_ryu
3,status,4,VILLAGER,DEAD,sUper_IL
3,status,5,WEREWOLF,ALIVE,daphne
3,status,6,VILLAGER,ALIVE,Ncu702
3,status,7,VILLAGER,ALIVE,ice
3,status,8,VILLAGER,ALIVE,mikami
3,status,9,MEDIUM,ALIVE,Baguette
3,status,10,VILLAGER,ALIVE,ichida
3,status,11,WEREWOLF,DEAD,Hachi2
3,status,12,BODYGUARD,ALIVE,takoyaki
3,status,13,VILLAGER,ALIVE,CanisLupus
3,status,14,POSSESSED,DEAD,ioh
3,status,15,VILLAGER,ALIVE,Basket
3,talk,0,0,12,VOTE Agent[06]
3,talk,1,0,3,VOTE Agent[06]
3,talk,2,0,10,VOTE Agent[06]
3,talk,3,0,2,DIVINED Agent[12] HUMAN
3,talk,4,0,7,VOTE Agent[06]
3,talk,5,0,6,VOTE Agent[02]
3,talk,6,0,5,VOTE Agent[06]
3,talk,7,0,8,VOTE Agent[06]
3,talk,8,0,13,VOTE Agent[12]
3,talk,9,0,9,COMINGOUT Agent[09] MEDIUM
3,talk,10,0,15,REQUEST ANY (VOTE Agent[12])
3,talk,11,1,6,VOTE Agent[02]
3,talk,12,1,10,Skip
3,talk,13,1,8,Skip
3,talk,14,1,13,VOTE Agent[12]
3,talk,15,1,2,VOTE Agent[08]
3,talk,16,1,9,DIVINED Agent[11] WEREWOLF
3,talk,17,1,15,ESTIMATE Agent[12] WEREWOLF
3,talk,18,1,12,VOTE Agent[10]
3,talk,19,1,3,Skip
3,talk,20,1,5,Skip
3,talk,21,1,7,VOTE Agent[06]
3,talk,22,2,15,REQUEST ANY (VOTE Agent[02])
3,talk,23,2,6,VOTE Agent[12]
3,talk,24,2,8,VOTE Agent[06]
3,talk,25,2,13,VOTE Agent[12]
3,talk,26,2,5,Skip
3,talk,27,2,3,Skip
3,talk,28,2,7,VOTE Agent[06]
3,talk,29,2,12,VOTE Agent[07]
3,talk,30,2,2,VOTE Agent[15]
3,talk,31,2,9,Over
3,talk,32,2,10,VOTE Agent[06]
3,talk,33,3,9,Over
3,talk,34,3,10,VOTE Agent[06]
3,talk,35,3,7,VOTE Agent[06]
3,talk,36,3,12,VOTE Agent[06]
3,talk,37,3,8,Skip
3,talk,38,3,5,Over
3,talk,39,3,3,Over
3,talk,40,3,6,VOTE Agent[12]
3,talk,41,3,13,VOTE Agent[12]
3,talk,42,3,15,REQUEST ANY (VOTE Agent[02])
3,talk,43,3,2,VOTE Agent[15]
3,talk,44,4,13,VOTE Agent[12]
3,talk,45,4,7,Skip
3,talk,46,4,2,VOTE Agent[15]
3,talk,47,4,3,Over
3,talk,48,4,6,VOTE Agent[12]
3,talk,49,4,5,Over
3,talk,50,4,8,Skip
3,talk,51,4,12,Skip
3,talk,52,4,9,Over
3,talk,53,4,15,ESTIMATE Agent[02] WEREWOLF
3,talk,54,4,10,Skip
3,talk,55,5,13,VOTE Agent[12]
3,talk,56,5,5,Over
3,talk,57,5,7,Skip
3,talk,58,5,8,Over
3,talk,59,5,12,VOTE Agent[15]
3,talk,60,5,6,VOTE Agent[12]
3,talk,61,5,15,ESTIMATE Agent[02] WEREWOLF
3,talk,62,5,2,VOTE Agent[15]
3,talk,63,5,9,Over
3,talk,64,5,10,VOTE Agent[06]
3,talk,65,5,3,Over
3,talk,66,6,13,VOTE Agent[12]
3,talk,67,6,10,VOTE Agent[06]
3,talk,68,6,12,VOTE Agent[15]
3,talk,69,6,8,VOTE Agent[06]
3,talk,70,6,5,Over
3,talk,71,6,7,VOTE Agent[06]
3,talk,72,6,2,VOTE Agent[15]
3,talk,73,6,15,VOTE Agent[02]
3,talk,74,6,6,VOTE Agent[12]
3,talk,75,6,3,Over
3,talk,76,6,9,Over
3,talk,77,7,3,Over
3,talk,78,7,12,VOTE Agent[15]
3,talk,79,7,10,VOTE Agent[06]
3,talk,80,7,9,Over
3,talk,81,7,6,VOTE Agent[12]
3,talk,82,7,8,VOTE Agent[06]
3,talk,83,7,13,VOTE Agent[12]
3,talk,84,7,15,VOTE Agent[12]
3,talk,85,7,5,Over
3,talk,86,7,2,VOTE Agent[15]
3,talk,87,7,7,VOTE Agent[06]
3,talk,88,8,13,VOTE Agent[12]
3,talk,89,8,9,Over
3,talk,90,8,7,VOTE Agent[06]
3,talk,91,8,5,Over
3,talk,92,8,15,VOTE Agent[12]
3,talk,93,8,12,VOTE Agent[15]
3,talk,94,8,10,VOTE Agent[06]
3,talk,95,8,3,Over
3,talk,96,8,8,VOTE Agent[06]
3,talk,97,8,2,VOTE Agent[15]
3,talk,98,8,6,VOTE Agent[12]
3,talk,99,9,5,Over
3,talk,100,9,12,VOTE Agent[15]
3,talk,101,9,9,Over
3,talk,102,9,10,VOTE Agent[06]
3,talk,103,9,8,VOTE Agent[06]
3,talk,104,9,15,REQUEST ANY (VOTE Agent[12])
3,talk,105,9,13,VOTE Agent[12]
3,talk,106,9,2,VOTE Agent[15]
3,talk,107,9,6,VOTE Agent[12]
3,talk,108,9,3,Over
3,talk,109,9,7,VOTE Agent[06]
3,talk,110,10,8,VOTE Agent[06]
3,talk,111,10,15,Over
3,talk,112,10,7,VOTE Agent[06]
3,talk,113,10,9,Over
3,talk,114,10,13,Over
3,talk,115,10,10,VOTE Agent[06]
3,talk,116,10,12,VOTE Agent[15]
3,talk,117,10,3,Over
3,talk,118,10,6,Over
3,talk,119,10,5,Over
3,talk,120,10,2,Over
3,talk,121,11,13,Over
3,talk,122,11,5,Over
3,talk,123,11,8,VOTE Agent[06]
3,talk,124,11,7,VOTE Agent[06]
3,talk,125,11,3,Over
3,talk,126,11,6,Over
3,talk,127,11,12,Over
3,talk,128,11,10,VOTE Agent[06]
3,talk,129,11,9,Over
3,talk,130,11,2,Over
3,talk,131,11,15,Over
3,talk,132,12,9,Over
3,talk,133,12,13,Over
3,talk,134,12,5,Over
3,talk,135,12,3,Over
3,talk,136,12,6,Over
3,talk,137,12,7,Over
3,talk,138,12,10,Over
3,talk,139,12,12,Over
3,talk,140,12,2,Over
3,talk,141,12,8,VOTE Agent[06]
3,talk,142,12,15,Over
3,talk,143,13,15,Over
3,talk,144,13,12,Over
3,talk,145,13,7,Over
3,talk,146,13,9,Over
3,talk,147,13,3,Over
3,talk,148,13,6,Over
3,talk,149,13,5,Over
3,talk,150,13,13,Over
3,talk,151,13,10,Over
3,talk,152,13,8,VOTE Agent[06]
3,talk,153,13,2,Over
3,talk,154,14,8,Over
3,talk,155,14,7,Over
3,talk,156,14,10,Over
3,talk,157,14,2,Over
3,talk,158,14,6,Over
3,talk,159,14,3,Over
3,talk,160,14,12,Over
3,talk,161,14,15,Over
3,talk,162,14,9,Over
3,talk,163,14,5,Over
3,talk,164,14,13,Over
3,vote,2,15
3,vote,3,6
3,vote,5,6
3,vote,6,12
3,vote,7,15
3,vote,8,6
3,vote,9,6
3,vote,10,6
3,vote,12,15
3,vote,13,12
3,vote,15,12
3,execute,6,VILLAGER
3,divine,2,15,HUMAN
3,whisper,0,0,5,Skip
3,whisper,1,0,3,Skip
3,whisper,2,1,3,Skip
3,whisper,3,1,5,Skip
3,whisper,4,2,3,Over
3,whisper,5,2,5,Over
3,guard,12,2,SEER
3,attackVote,3,2
3,attackVote,5,15
3,attackVote,3,2
3,attackVote,5,15
3,attack,15,true
4,status,1,VILLAGER,DEAD,tonkatsu
4,status,2,SEER,ALIVE,KP22
4,status,3,WEREWOLF,ALIVE,kgu_ryu
4,status,4,VILLAGER,DEAD,sUper_IL
4,status,5,WEREWOLF,ALIVE,daphne
4,status,6,VILLAGER,DEAD,Ncu702
4,status,7,VILLAGER,ALIVE,ice
4,status,8,VILLAGER,ALIVE,mikami
4,status,9,MEDIUM,ALIVE,Baguette
4,status,10,VILLAGER,ALIVE,ichida
4,status,11,WEREWOLF,DEAD,Hachi2
4,status,12,BODYGUARD,ALIVE,takoyaki
4,status,13,VILLAGER,ALIVE,CanisLupus
4,status,14,POSSESSED,DEAD,ioh
4,status,15,VILLAGER,DEAD,Basket
4,talk,0,0,8,VOTE Agent[02]
4,talk,1,0,9,DIVINED Agent[06] HUMAN
4,talk,2,0,5,VOTE Agent[02]
4,talk,3,0,10,VOTE Agent[02]
4,talk,4,0,7,VOTE Agent[02]
4,talk,5,0,3,VOTE Agent[02]
4,talk,6,0,13,VOTE Agent[12]
4,talk,7,0,12,VOTE Agent[07]
4,talk,8,0,2,DIVINED Agent[03] WEREWOLF
4,talk,9,1,7,Skip
4,talk,10,1,2,VOTE Agent[03]
4,talk,11,1,3,Skip
4,talk,12,1,8,Skip
4,talk,13,1,9,Over
4,talk,14,1,5,Skip
4,talk,15,1,13,VOTE Agent[12]
4,talk,16,1,12,VOTE Agent[07]
4,talk,17,1,10,Skip
4,talk,18,2,5,Skip
4,talk,19,2,2,VOTE Agent[03]
4,talk,20,2,7,Skip
4,talk,21,2,9,Over
4,talk,22,2,8,Skip
4,talk,23,2,3,Skip
4,talk,24,2,13,VOTE Agent[12]
4,talk,25,2,12,VOTE Agent[07]
4,talk,26,2,10,Skip
4,talk,27,3,13,VOTE Agent[12]
4,talk,28,3,8,Over
4,talk,29,3,10,Over
4,talk,30,3,9,Over
4,talk,31,3,5,Over
4,talk,32,3,12,VOTE Agent[07]
4,talk,33,3,3,Over
4,talk,34,3,7,Over
4,talk,35,3,2,VOTE Agent[03]
4,talk,36,4,8,Over
4,talk,37,4,2,VOTE Agent[03]
4,talk,38,4,10,Over
4,talk,39,4,3,Over
4,talk,40,4,12,VOTE Agent[07]
4,talk,41,4,9,Over
4,talk,42,4,7,Over
4,talk,43,4,5,Over
4,talk,44,4,13,VOTE Agent[12]
4,talk,45,5,3,Over
4,talk,46,5,2,VOTE Agent[03]
4,talk,47,5,9,Over
4,talk,48,5,10,Over
4,talk,49,5,13,VOTE Agent[12]
4,talk,50,5,7,Over
4,talk,51,5,8,Over
4,talk,52,5,12,VOTE Agent[07]
4,talk,53,5,5,Over
4,talk,54,6,3,Over
4,talk,55,6,8,Over
4,talk,56,6,13,VOTE Agent[12]
4,talk,57,6,5,Over
4,talk,58,6,12,VOTE Agent[07]
4,talk,59,6,7,Over
4,talk,60,6,2,VOTE Agent[03]
4,talk,61,6,10,Over
4,talk,62,6,9,Over
4,talk,63,7,8,Over
4,talk,64,7,3,Over
4,talk,65,7,9,Over
4,talk,66,7,2,VOTE Agent[03]
4,talk,67,7,7,Over
4,talk,68,7,5,Over
4,talk,69,7,12,VOTE Agent[07]
4,talk,70,7,13,VOTE Agent[12]
4,talk,71,7,10,Over
4,talk,72,8,12,VOTE Agent[07]
4,talk,73,8,10,Over
4,talk,74,8,2,VOTE Agent[03]
4,talk,75,8,3,Over
4,talk,76,8,13,VOTE Agent[12]
4,talk,77,8,7,Over
4,talk,78,8,5,Over
4,talk,79,8,9,Over
4,talk,80,8,8,Over
4,talk,81,9,12,VOTE Agent[07]
4,talk,82,9,13,VOTE Agent[12]
4,talk,83,9,3,Over
4,talk,84,9,8,Over
4,talk,85,9,2,VOTE Agent[03]
4,talk,86,9,7,Over
4,talk,87,9,10,Over
4,talk,88,9,5,Over
4,talk,89,9,9,Over
4,talk,90,10,13,Over
4,talk,91,10,5,Over
4,talk,92,10,7,Over
4,talk,93,10,2,Over
4,talk,94,10,9,Over
4,talk,95,10,12,Over
4,talk,96,10,3,Over
4,talk,97,10,8,Over
4,talk,98,10,10,Over
4,vote,2,3
4,vote,3,2
4,vote,5,2
4,vote,7,10
4,vote,8,2
4,vote,9,2
4,vote,10,2
4,vote,12,7
4,vote,13,12
4,execute,2,SEER
4,whisper,0,0,5,Skip
4,whisper,1,0,3,Skip
4,whisper,2,1,5,Skip
4,whisper,3,1,3,Skip
4,whisper,4,2,5,Over
4,whisper,5,2,3,Over
4,guard,12,2,SEER
4,attackVote,3,9
4,attack,9,true
5,status,1,VILLAGER,DEAD,tonkatsu
5,status,2,SEER,DEAD,KP22
5,status,3,WEREWOLF,ALIVE,kgu_ryu
5,status,4,VILLAGER,DEAD,sUper_IL
5,status,5,WEREWOLF,ALIVE,daphne
5,status,6,VILLAGER,DEAD,Ncu702
5,status,7,VILLAGER,ALIVE,ice
5,status,8,VILLAGER,ALIVE,mikami
5,status,9,MEDIUM,DEAD,Baguette
5,status,10,VILLAGER,ALIVE,ichida
5,status,11,WEREWOLF,DEAD,Hachi2
5,status,12,BODYGUARD,ALIVE,takoyaki
5,status,13,VILLAGER,ALIVE,CanisLupus
5,status,14,POSSESSED,DEAD,ioh
5,status,15,VILLAGER,DEAD,Basket
5,talk,0,0,7,VOTE Agent[10]
5,talk,1,0,13,VOTE Agent[12]
5,talk,2,0,5,VOTE Agent[03]
5,talk,3,0,8,VOTE Agent[03]
5,talk,4,0,3,VOTE Agent[10]
5,talk,5,0,10,VOTE Agent[03]
5,talk,6,0,12,VOTE Agent[07]
5,talk,7,1,7,VOTE Agent[03]
5,talk,8,1,12,VOTE Agent[07]
5,talk,9,1,5,Skip
5,talk,10,1,8,Skip
5,talk,11,1,10,Skip
5,talk,12,1,3,VOTE Agent[07]
5,talk,13,1,13,VOTE Agent[12]
5,talk,14,2,7,Skip
5,talk,15,2,5,Skip
5,talk,16,2,12,VOTE Agent[07]
5,talk,17,2,13,VOTE Agent[12]
5,talk,18,2,10,Skip
5,talk,19,2,8,Skip
5,talk,20,2,3,VOTE Agent[07]
5,talk,21,3,5,Over
5,talk,22,3,13,VOTE Agent[12]
5,talk,23,3,3,VOTE Agent[07]
5,talk,24,3,8,Over
5,talk,25,3,10,Over
5,talk,26,3,7,Skip
5,talk,27,3,12,VOTE Agent[07]
5,talk,28,4,13,VOTE Agent[12]
5,talk,29,4,8,Over
5,talk,30,4,5,Over
5,talk,31,4,12,VOTE Agent[07]
5,talk,32,4,10,Over
5,talk,33,4,3,VOTE Agent[07]
5,talk,34,4,7,Over
5,talk,35,5,5,Over
5,talk,36,5,3,VOTE Agent[07]
5,talk,37,5,7,Over
5,talk,38,5,13,VOTE Agent[12]
5,talk,39,5,12,VOTE Agent[07]
5,talk,40,5,10,Over
5,talk,41,5,8,Over
5,talk,42,6,8,Over
5,talk,43,6,7,Over
5,talk,44,6,12,VOTE Agent[07]
5,talk,45,6,5,Over
5,talk,46,6,13,VOTE Agent[12]
5,talk,47,6,3,VOTE Agent[07]
5,talk,48,6,10,Over
5,talk,49,7,10,Over
5,talk,50,7,3,VOTE Agent[07]
5,talk,51,7,12,VOTE Agent[07]
5,talk,52,7,13,VOTE Agent[12]
5,talk,53,7,5,Over
5,talk,54,7,8,Over
5,talk,55,7,7,Over
5,talk,56,8,5,Over
5,talk,57,8,12,VOTE Agent[07]
5,talk,58,8,3,VOTE Agent[07]
5,talk,59,8,10,Over
5,talk,60,8,13,VOTE Agent[12]
5,talk,61,8,7,Over
5,talk,62,8,8,Over
5,talk,63,9,13,VOTE Agent[12]
5,talk,64,9,10,Over
5,talk,65,9,7,Over
5,talk,66,9,5,Over
5,talk,67,9,3,VOTE Agent[07]
5,talk,68,9,8,Over
5,talk,69,9,12,VOTE Agent[07]
5,talk,70,10,5,Over
5,talk,71,10,3,Over
5,talk,72,10,13,Over
5,talk,73,10,7,Over
5,talk,74,10,8,Over
5,talk,75,10,12,Over
5,talk,76,10,10,Over
5,vote,3,7
5,vote,5,3
5,vote,7,10
5,vote,8,3
5,vote,10,3
5,vote,12,7
5,vote,13,12
5,execute,3,WEREWOLF
5,guard,12,5,WEREWOLF
5,attackVote,5,7
5,attack,7,true
6,status,1,VILLAGER,DEAD,tonkatsu
6,status,2,SEER,DEAD,KP22
6,status,3,WEREWOLF,DEAD,kgu_ryu
6,status,4,VILLAGER,DEAD,sUper_IL
6,status,5,WEREWOLF,ALIVE,daphne
6,status,6,VILLAGER,DEAD,Ncu702
6,status,7,VILLAGER,DEAD,ice
6,status,8,VILLAGER,ALIVE,mikami
6,status,9,MEDIUM,DEAD,Baguette
6,status,10,VILLAGER,ALIVE,ichida
6,status,11,WEREWOLF,DEAD,Hachi2
6,status,12,BODYGUARD,ALIVE,takoyaki
6,status,13,VILLAGER,ALIVE,CanisLupus
6,status,14,POSSESSED,DEAD,ioh
6,status,15,VILLAGER,DEAD,Basket
6,talk,0,0,13,VOTE Agent[12]
6,talk,1,0,8,VOTE Agent[12]
6,talk,2,0,10,VOTE Agent[12]
6,talk,3,0,5,VOTE Agent[12]
6,talk,4,0,12,VOTE Agent[10]
6,talk,5,1,10,Skip
6,talk,6,1,8,Skip
6,talk,7,1,5,Skip
6,talk,8,1,13,Skip
6,talk,9,1,12,VOTE Agent[10]
6,talk,10,2,12,VOTE Agent[10]
6,talk,11,2,13,Skip
6,talk,12,2,8,Skip
6,talk,13,2,5,Skip
6,talk,14,2,10,Skip
6,talk,15,3,10,Over
6,talk,16,3,5,Over
6,talk,17,3,8,Over
6,talk,18,3,12,VOTE Agent[10]
6,talk,19,3,13,Over
6,talk,20,4,12,VOTE Agent[10]
6,talk,21,4,5,Over
6,talk,22,4,8,Over
6,talk,23,4,13,Over
6,talk,24,4,10,Over
6,talk,25,5,5,Over
6,talk,26,5,13,Over
6,talk,27,5,10,Over
6,talk,28,5,12,VOTE Agent[10]
6,talk,29,5,8,Over
6,talk,30,6,8,Over
6,talk,31,6,13,Over
6,talk,32,6,10,Over
6,talk,33,6,5,Over
6,talk,34,6,12,VOTE Agent[10]
6,talk,35,7,13,Over
6,talk,36,7,10,Over
6,talk,37,7,8,Over
6,talk,38,7,12,VOTE Agent[10]
6,talk,39,7,5,Over
6,talk,40,8,12,VOTE Agent[10]
6,talk,41,8,8,Over
6,talk,42,8,5,Over
6,talk,43,8,13,Over
6,talk,44,8,10,Over
6,talk,45,9,12,VOTE Agent[10]
6,talk,46,9,5,Over
6,talk,47,9,10,Over
6,talk,48,9,13,Over
6,talk,49,9,8,Over
6,talk,50,10,13,Over
6,talk,51,10,12,Over
6,talk,52,10,5,Over
6,talk,53,10,8,Over
6,talk,54,10,10,Over
6,vote,5,12
6,vote,8,12
6,vote,10,12
6,vote,12,10
6,vote,13,12
6,execute,12,BODYGUARD
6,attackVote,5,13
6,attack,13,true
7,status,1,VILLAGER,DEAD,tonkatsu
7,status,2,SEER,DEAD,KP22
7,status,3,WEREWOLF,DEAD,kgu_ryu
7,status,4,VILLAGER,DEAD,sUper_IL
7,status,5,WEREWOLF,ALIVE,daphne
7,status,6,VILLAGER,DEAD,Ncu702
7,status,7,VILLAGER,DEAD,ice
7,status,8,VILLAGER,ALIVE,mikami
7,status,9,MEDIUM,DEAD,Baguette
7,status,10,VILLAGER,ALIVE,ichida
7,status,11,WEREWOLF,DEAD,Hachi2
7,status,12,BODYGUARD,DEAD,takoyaki
7,status,13,VILLAGER,DEAD,CanisLupus
7,status,14,POSSESSED,DEAD,ioh
7,status,15,VILLAGER,DEAD,Basket
7,talk,0,0,5,COMINGOUT Agent[05] WEREWOLF
7,talk,1,0,8,VOTE Agent[05]
7,talk,2,0,10,VOTE Agent[05]
7,talk,3,1,10,Skip
7,talk,4,1,8,Skip
7,talk,5,1,5,VOTE Agent[08]
7,talk,6,2,10,Skip
7,talk,7,2,8,Skip
7,talk,8,2,5,VOTE Agent[08]
7,talk,9,3,5,VOTE Agent[08]
7,talk,10,3,8,Over
7,talk,11,3,10,Over
7,talk,12,4,10,Over
7,talk,13,4,8,Over
7,talk,14,4,5,VOTE Agent[08]
7,talk,15,5,8,Over
7,talk,16,5,5,VOTE Agent[08]
7,talk,17,5,10,Over
7,talk,18,6,5,VOTE Agent[08]
7,talk,19,6,8,Over
7,talk,20,6,10,Over
7,talk,21,7,10,Over
7,talk,22,7,5,VOTE Agent[08]
7,talk,23,7,8,Over
7,talk,24,8,8,Over
7,talk,25,8,10,Over
7,talk,26,8,5,VOTE Agent[08]
7,talk,27,9,10,Over
7,talk,28,9,5,VOTE Agent[08]
7,talk,29,9,8,Over
7,talk,30,10,5,Over
7,talk,31,10,10,Over
7,talk,32,10,8,Over
7,vote,5,10
7,vote,8,5
7,vote,10,5
7,execute,5,WEREWOLF
8,status,1,VILLAGER,DEAD,tonkatsu
8,status,2,SEER,DEAD,KP22
8,status,3,WEREWOLF,DEAD,kgu_ryu
8,status,4,VILLAGER,DEAD,sUper_IL
8,status,5,WEREWOLF,DEAD,daphne
8,status,6,VILLAGER,DEAD,Ncu702
8,status,7,VILLAGER,DEAD,ice
8,status,8,VILLAGER,ALIVE,mikami
8,status,9,MEDIUM,DEAD,Baguette
8,status,10,VILLAGER,ALIVE,ichida
8,status,11,WEREWOLF,DEAD,Hachi2
8,status,12,BODYGUARD,DEAD,takoyaki
8,status,13,VILLAGER,DEAD,CanisLupus
8,status,14,POSSESSED,DEAD,ioh
8,status,15,VILLAGER,DEAD,Basket
8,result,2,0,VILLAGER
