0,status,1,BODYGUARD,ALIVE,tonkatsu
0,status,2,SEER,ALIVE,KP22
0,status,3,MEDIUM,ALIVE,kgu_ryu
0,status,4,VILLAGER,ALIVE,sUper_IL
0,status,5,VILLAGER,ALIVE,daphne
0,status,6,WEREWOLF,ALIVE,Ncu702
0,status,7,VILLAGER,ALIVE,ice
0,status,8,WEREWOLF,ALIVE,mikami
0,status,9,WEREWOLF,ALIVE,Baguette
0,status,10,VILLAGER,ALIVE,ichida
0,status,11,VILLAGER,ALIVE,Hachi2
0,status,12,VILLAGER,ALIVE,takoyaki
0,status,13,VILLAGER,ALIVE,CanisLupus
0,status,14,VILLAGER,ALIVE,ioh
0,status,15,POSSESSED,ALIVE,Basket
0,whisper,0,0,9,VOTE Agent[01]
0,whisper,1,0,8,Skip
0,whisper,2,0,6,Skip
0,whisper,3,1,8,Skip
0,whisper,4,1,9,VOTE Agent[02]
0,whisper,5,1,6,Skip
0,whisper,6,2,6,Over
0,whisper,7,2,9,VOTE Agent[01]
0,whisper,8,2,8,Over
0,whisper,9,3,8,Over
0,whisper,10,3,6,Over
0,whisper,11,3,9,VOTE Agent[02]
0,whisper,12,4,6,Over
0,whisper,13,4,8,Over
0,whisper,14,4,9,VOTE Agent[01]
0,whisper,15,5,6,Over
0,whisper,16,5,8,Over
0,whisper,17,5,9,VOTE Agent[02]
0,whisper,18,6,9,VOTE Agent[01]
0,whisper,19,6,6,Over
0,whisper,20,6,8,Over
0,whisper,21,7,6,Over
0,whisper,22,7,8,Over
0,whisper,23,7,9,VOTE Agent[02]
0,whisper,24,8,9,VOTE Agent[01]
0,whisper,25,8,6,Over
0,whisper,26,8,8,Over
0,whisper,27,9,6,Over
0,whisper,28,9,8,Over
0,whisper,29,9,9,VOTE Agent[02]
0,whisper,30,10,6,Over
0,whisper,31,10,8,Over
0,whisper,32,10,9,Over
0,divine,2,9,WEREWOLF
1,status,1,BODYGUARD,ALIVE,tonkatsu
1,status,2,SEER,ALIVE,KP22
1,status,3,MEDIUM,ALIVE,kgu_ryu
1,status,4,VILLAGER,ALIVE,sUper_IL
1,status,5,VILLAGER,ALIVE,daphne
1,status,6,WEREWOLF,ALIVE,Ncu702
1,status,7,VILLAGER,ALIVE,ice
1,status,8,WEREWOLF,ALIVE,mikami
1,status,9,WEREWOLF,ALIVE,Baguette
1,status,10,VILLAGER,ALIVE,ichida
1,status,11,VILLAGER,ALIVE,Hachi2
1,status,12,VILLAGER,ALIVE,takoyaki
1,status,13,VILLAGER,ALIVE,CanisLupus
1,status,14,VILLAGER,ALIVE,ioh
1,status,15,POSSESSED,ALIVE,Basket
1,talk,0,0,11,VOTE Agent[08]
1,talk,1,0,3,COMINGOUT Agent[03] MEDIUM
1,talk,2,0,14,REQUEST ANY (VOTE Agent[08])
1,talk,3,0,15,COMINGOUT Agent[15] SEER
1,talk,4,0,6,VOTE Agent[08]
1,talk,5,0,10,VOTE Agent[08]
1,talk,6,0,13,VOTE Agent[08]
1,talk,7,0,1,VOTE Agent[08]
1,talk,8,0,9,VOTE Agent[10]
1,talk,9,0,8,VOTE Agent[10]
1,talk,10,0,7,VOTE Agent[08]
1,talk,11,0,5,VOTE Agent[08]
1,talk,12,0,4,VOTE Agent[08]
1,talk,13,0,12,VOTE Agent[08]
1,talk,14,0,2,COMINGOUT Agent[02] SEER
1,talk,15,1,8,VOTE Agent[10]
1,talk,16,1,3,VOTE Agent[11]
1,talk,17,1,12,VOTE Agent[11]
1,talk,18,1,9,VOTE Agent[03]
1,talk,19,1,5,Skip
1,talk,20,1,15,DIVINED Agent[08] WEREWOLF
1,talk,21,1,2,DIVINED Agent[09] WEREWOLF
1,talk,22,1,6,Skip
1,talk,23,1,10,Skip
1,talk,24,1,1,Skip
1,talk,25,1,11,VOTE Agent[09]
1,talk,26,1,13,VOTE Agent[11]
1,talk,27,1,7,VOTE Agent[08]
1,talk,28,1,14,VOTE Agent[11]
1,talk,29,1,4,VOTE Agent[12]
1,talk,30,2,9,VOTE Agent[13]
1,talk,31,2,10,VOTE Agent[08]
1,talk,32,2,11,VOTE Agent[05]
1,talk,33,2,13,VOTE Agent[11]
1,talk,34,2,8,VOTE Agent[11]
1,talk,35,2,2,VOTE Agent[09]
1,talk,36,2,15,VOTE Agent[08]
1,talk,37,2,5,VOTE Agent[08]
1,talk,38,2,4,VOTE Agent[05]
1,talk,39,2,12,VOTE Agent[08]
1,talk,40,2,1,VOTE Agent[08]
1,talk,41,2,6,Skip
1,talk,42,2,3,Skip
1,talk,43,2,14,VOTE Agent[11]
1,talk,44,2,7,VOTE Agent[08]
1,talk,45,3,4,VOTE Agent[05]
1,talk,46,3,5,VOTE Agent[08]
1,talk,47,3,11,VOTE Agent[05]
1,talk,48,3,14,REQUEST ANY (VOTE Agent[05])
1,talk,49,3,9,VOTE Agent[04]
1,talk,50,3,8,Skip
1,talk,51,3,2,VOTE Agent[09]
1,talk,52,3,3,VOTE Agent[08]
1,talk,53,3,10,Skip
1,talk,54,3,1,Skip
1,talk,55,3,15,ESTIMATE Agent[08] WEREWOLF
1,talk,56,3,6,Over
1,talk,57,3,7,Skip
1,talk,58,3,13,VOTE Agent[05]
1,talk,59,3,12,Skip
1,talk,60,4,14,VOTE Agent[05]
1,talk,61,4,13,VOTE Agent[05]
1,talk,62,4,6,Over
1,talk,63,4,3,VOTE Agent[05]
1,talk,64,4,11,VOTE Agent[05]
1,talk,65,4,2,VOTE Agent[09]
1,talk,66,4,1,VOTE Agent[08]
1,talk,67,4,4,VOTE Agent[05]
1,talk,68,4,10,VOTE Agent[08]
1,talk,69,4,12,VOTE Agent[08]
1,talk,70,4,15,ESTIMATE Agent[08] WEREWOLF
1,talk,71,4,5,VOTE Agent[08]
1,talk,72,4,7,VOTE Agent[08]
1,talk,73,4,8,VOTE Agent[05]
1,talk,74,4,9,VOTE Agent[03]
1,talk,75,5,2,VOTE Agent[09]
1,talk,76,5,8,Skip
1,talk,77,5,4,VOTE Agent[05]
1,talk,78,5,12,VOTE Agent[05]
1,talk,79,5,15,REQUEST ANY (VOTE Agent[08])
1,talk,80,5,14,VOTE Agent[05]
1,talk,81,5,1,VOTE Agent[05]
1,talk,82,5,6,VOTE Agent[05]
1,talk,83,5,3,Skip
1,talk,84,5,5,VOTE Agent[08]
1,talk,85,5,11,Skip
1,talk,86,5,7,VOTE Agent[05]
1,talk,87,5,10,VOTE Agent[05]
1,talk,88,5,13,Skip
1,talk,89,5,9,VOTE Agent[01]
1,talk,90,6,12,Skip
1,talk,91,6,2,VOTE Agent[09]
1,talk,92,6,10,Skip
1,talk,93,6,13,Skip
1,talk,94,6,7,Skip
1,talk,95,6,1,Skip
1,talk,96,6,6,Skip
1,talk,97,6,9,VOTE Agent[05]
1,talk,98,6,4,Skip
1,talk,99,6,15,ESTIMATE Agent[08] WEREWOLF
1,talk,100,6,11,Skip
1,talk,101,6,3,Skip
1,talk,102,6,5,VOTE Agent[08]
1,talk,103,6,14,ESTIMATE Agent[05] WEREWOLF
1,talk,104,6,8,Skip
1,talk,105,7,14,REQUEST ANY (VOTE Agent[05])
1,talk,106,7,13,Over
1,talk,107,7,1,Skip
1,talk,108,7,11,Over
1,talk,109,7,3,Over
1,talk,110,7,9,VOTE Agent[01]
1,talk,111,7,8,Over
1,talk,112,7,12,Skip
1,talk,113,7,10,Skip
1,talk,114,7,7,Skip
1,talk,115,7,5,VOTE Agent[08]
1,talk,116,7,2,VOTE Agent[09]
1,talk,117,7,4,Skip
1,talk,118,7,15,ESTIMATE Agent[08] WEREWOLF
1,talk,119,7,6,Skip
1,talk,120,8,2,VOTE Agent[09]
1,talk,121,8,5,VOTE Agent[08]
1,talk,122,8,13,Over
1,talk,123,8,15,ESTIMATE Agent[08] WEREWOLF
1,talk,124,8,8,Over
1,talk,125,8,10,Over
1,talk,126,8,12,Over
1,talk,127,8,11,Over
1,talk,128,8,9,VOTE Agent[01]
1,talk,129,8,7,Over
1,talk,130,8,3,Over
1,talk,131,8,1,Over
1,talk,132,8,4,Over
1,talk,133,8,6,Over
1,talk,134,8,14,ESTIMATE Agent[05] WEREWOLF
1,talk,135,9,7,Over
1,talk,136,9,11,Over
1,talk,137,9,10,Over
1,talk,138,9,12,Over
1,talk,139,9,3,Over
1,talk,140,9,13,Over
1,talk,141,9,1,Over
1,talk,142,9,2,VOTE Agent[09]
1,talk,143,9,5,VOTE Agent[08]
1,talk,144,9,9,VOTE Agent[13]
1,talk,145,9,8,Over
1,talk,146,9,6,Over
1,talk,147,9,15,ESTIMATE Agent[08] WEREWOLF
1,talk,148,9,14,ESTIMATE Agent[05] WEREWOLF
1,talk,149,9,4,Over
1,talk,150,10,7,Over
1,talk,151,10,12,Over
1,talk,152,10,8,Over
1,talk,153,10,10,Over
1,talk,154,10,6,Over
1,talk,155,10,5,VOTE Agent[08]
1,talk,156,10,11,Over
1,talk,157,10,14,Over
1,talk,158,10,2,Over
1,talk,159,10,1,Over
1,talk,160,10,4,Over
1,talk,161,10,15,Over
1,talk,162,10,9,Over
1,talk,163,10,13,Over
1,talk,164,10,3,Over
1,talk,165,11,12,Over
1,talk,166,11,7,Over
1,talk,167,11,1,Over
1,talk,168,11,6,Over
1,talk,169,11,13,Over
1,talk,170,11,3,Over
1,talk,171,11,15,Over
1,talk,172,11,2,Over
1,talk,173,11,14,Over
1,talk,174,11,4,Over
1,talk,175,11,9,Over
1,talk,176,11,10,Over
1,talk,177,11,8,Over
1,talk,178,11,11,Over
1,talk,179,11,5,Over
1,vote,1,5
1,vote,2,9
1,vote,3,5
1,vote,4,5
1,vote,5,9
1,vote,6,5
1,vote,7,5
1,vote,8,5
1,vote,9,13
1,vote,10,5
1,vote,11,5
1,vote,12,5
1,vote,13,5
1,vote,14,5
1,vote,15,8
1,execute,5,VILLAGER
1,divine,2,8,WEREWOLF
1,whisper,0,0,9,VOTE Agent[01]
1,whisper,1,0,8,Skip
1,whisper,2,0,6,Skip
1,whisper,3,1,9,VOTE Agent[02]
1,whisper,4,1,8,Skip
1,whisper,5,1,6,Skip
1,whisper,6,2,6,Over
1,whisper,7,2,8,Over
1,whisper,8,2,9,VOTE Agent[01]
1,whisper,9,3,8,Over
1,whisper,10,3,6,Over
1,whisper,11,3,9,VOTE Agent[02]
1,whisper,12,4,9,VOTE Agent[01]
1,whisper,13,4,6,Over
1,whisper,14,4,8,Over
1,whisper,15,5,6,Over
1,whisper,16,5,9,VOTE Agent[02]
1,whisper,17,5,8,Over
1,whisper,18,6,6,Over
1,whisper,19,6,8,Over
1,whisper,20,6,9,VOTE Agent[01]
1,whisper,21,7,9,VOTE Agent[02]
1,whisper,22,7,6,Over
1,whisper,23,7,8,Over
1,whisper,24,8,9,VOTE Agent[01]
1,whisper,25,8,8,Over
1,whisper,26,8,6,Over
1,whisper,27,9,8,Over
1,whisper,28,9,6,Over
1,whisper,29,9,9,VOTE Agent[02]
1,whisper,30,10,8,Over
1,whisper,31,10,9,Over
1,whisper,32,10,6,Over
1,guard,1,2,SEER
1,attackVote,6,1
1,attackVote,8,3
1,attackVote,9,2
1,attackVote,6,1
1,attackVote,8,3
1,attackVote,9,2
1,attack,3,true
2,status,1,BODYGUARD,ALIVE,tonkatsu
2,status,2,SEER,ALIVE,KP22
2,status,3,MEDIUM,DEAD,kgu_ryu
2,status,4,VILLAGER,ALIVE,sUper_IL
2,status,5,VILLAGER,DEAD,daphne
2,status,6,WEREWOLF,ALIVE,Ncu702
2,status,7,VILLAGER,ALIVE,ice
2,status,8,WEREWOLF,ALIVE,mikami
2,status,9,WEREWOLF,ALIVE,Baguette
2,status,10,VILLAGER,ALIVE,ichida
2,status,11,VILLAGER,ALIVE,Hachi2
2,status,12,VILLAGER,ALIVE,takoyaki
2,status,13,VILLAGER,ALIVE,CanisLupus
2,status,14,VILLAGER,ALIVE,ioh
2,status,15,POSSESSED,ALIVE,Basket
2,talk,0,0,4,VOTE Agent[08]
2,talk,1,0,2,DIVINED Agent[08] WEREWOLF
2,talk,2,0,13,VOTE Agent[08]
2,talk,3,0,8,VOTE Agent[01]
2,talk,4,0,10,VOTE Agent[08]
2,talk,5,0,11,VOTE Agent[08]
2,talk,6,0,14,REQUEST ANY (VOTE Agent[06])
2,talk,7,0,12,VOTE Agent[08]
2,talk,8,0,1,VOTE Agent[08]
2,talk,9,0,6,VOTE Agent[08]
2,talk,10,0,7,VOTE Agent[08]
2,talk,11,0,15,DIVINED Agent[06] WEREWOLF
2,talk,12,0,9,VOTE Agent[07]
2,talk,13,1,10,Skip
2,talk,14,1,1,Skip
2,talk,15,1,2,VOTE Agent[08]
2,talk,16,1,9,VOTE Agent[11]
2,talk,17,1,4,VOTE Agent[11]
2,talk,18,1,7,Skip
2,talk,19,1,14,ESTIMATE Agent[11] WEREWOLF
2,talk,20,1,15,VOTE Agent[08]
2,talk,21,1,6,Skip
2,talk,22,1,13,VOTE Agent[11]
2,talk,23,1,8,VOTE Agent[11]
2,talk,24,1,12,VOTE Agent[11]
2,talk,25,1,11,Skip
2,talk,26,2,12,VOTE Agent[11]
2,talk,27,2,11,Skip
2,talk,28,2,6,Skip
2,talk,29,2,15,REQUEST ANY (VOTE Agent[08])
2,talk,30,2,13,VOTE Agent[11]
2,talk,31,2,1,Skip
2,talk,32,2,8,VOTE Agent[11]
2,talk,33,2,10,Skip
2,talk,34,2,14,VOTE Agent[11]
2,talk,35,2,4,VOTE Agent[11]
2,talk,36,2,9,VOTE Agent[12]
2,talk,37,2,7,Skip
2,talk,38,2,2,VOTE Agent[08]
2,talk,39,3,2,VOTE Agent[08]
2,talk,40,3,11,Over
2,talk,41,3,6,Over
2,talk,42,3,8,VOTE Agent[11]
2,talk,43,3,10,Over
2,talk,44,3,13,VOTE Agent[11]
2,talk,45,3,12,VOTE Agent[11]
2,talk,46,3,14,ESTIMATE Agent[11] WEREWOLF
2,talk,47,3,9,VOTE Agent[10]
2,talk,48,3,1,Over
2,talk,49,3,7,Over
2,talk,50,3,4,VOTE Agent[11]
2,talk,51,3,15,VOTE Agent[08]
2,talk,52,4,8,VOTE Agent[11]
2,talk,53,4,1,Over
2,talk,54,4,14,ESTIMATE Agent[11] WEREWOLF
2,talk,55,4,13,VOTE Agent[11]
2,talk,56,4,12,VOTE Agent[11]
2,talk,57,4,7,Over
2,talk,58,4,10,Over
2,talk,59,4,6,Over
2,talk,60,4,11,Over
2,talk,61,4,4,VOTE Agent[11]
2,talk,62,4,2,VOTE Agent[08]
2,talk,63,4,9,VOTE Agent[15]
2,talk,64,4,15,ESTIMATE Agent[08] WEREWOLF
2,talk,65,5,8,VOTE Agent[11]
2,talk,66,5,10,Over
2,talk,67,5,1,Over
2,talk,68,5,9,VOTE Agent[07]
2,talk,69,5,2,VOTE Agent[08]
2,talk,70,5,14,REQUEST ANY (VOTE Agent[11])
2,talk,71,5,12,VOTE Agent[11]
2,talk,72,5,15,ESTIMATE Agent[08] WEREWOLF
2,talk,73,5,13,VOTE Agent[11]
2,talk,74,5,7,Over
2,talk,75,5,11,Over
2,talk,76,5,6,Over
2,talk,77,5,4,VOTE Agent[11]
2,talk,78,6,11,Over
2,talk,79,6,7,Over
2,talk,80,6,10,Over
2,talk,81,6,13,VOTE Agent[11]
2,talk,82,6,1,Over
2,talk,83,6,9,VOTE Agent[01]
2,talk,84,6,6,Over
2,talk,85,6,12,VOTE Agent[11]
2,talk,86,6,14,ESTIMATE Agent[11] WEREWOLF
2,talk,87,6,4,VOTE Agent[11]
2,talk,88,6,8,VOTE Agent[11]
2,talk,89,6,2,VOTE Agent[08]
2,talk,90,6,15,REQUEST ANY (VOTE Agent[08])
2,talk,91,7,2,VOTE Agent[08]
2,talk,92,7,1,Over
2,talk,93,7,11,Over
2,talk,94,7,10,Over
2,talk,95,7,13,VOTE Agent[11]
2,talk,96,7,9,VOTE Agent[04]
2,talk,97,7,7,Over
2,talk,98,7,14,VOTE Agent[11]
2,talk,99,7,6,Over
2,talk,100,7,4,VOTE Agent[11]
2,talk,101,7,12,VOTE Agent[11]
2,talk,102,7,15,ESTIMATE Agent[08] WEREWOLF
2,talk,103,7,8,VOTE Agent[11]
2,talk,104,8,6,Over
2,talk,105,8,15,ESTIMATE Agent[08] WEREWOLF
2,talk,106,8,12,VOTE Agent[11]
2,talk,107,8,4,VOTE Agent[11]
2,talk,108,8,13,VOTE Agent[11]
2,talk,109,8,1,Over
2,talk,110,8,8,VOTE Agent[11]
2,talk,111,8,10,Over
2,talk,112,8,11,Over
2,talk,113,8,7,Over
2,talk,114,8,2,VOTE Agent[08]
2,talk,115,8,9,VOTE Agent[07]
2,talk,116,8,14,ESTIMATE Agent[11] WEREWOLF
2,talk,117,9,10,Over
2,talk,118,9,6,Over
2,talk,119,9,1,Over
2,talk,120,9,12,VOTE Agent[11]
2,talk,121,9,7,Over
2,talk,122,9,14,REQUEST ANY (VOTE Agent[11])
2,talk,123,9,11,Over
2,talk,124,9,13,VOTE Agent[11]
2,talk,125,9,15,ESTIMATE Agent[08] WEREWOLF
2,talk,126,9,2,VOTE Agent[08]
2,talk,127,9,4,VOTE Agent[11]
2,talk,128,9,9,VOTE Agent[11]
2,talk,129,9,8,VOTE Agent[11]
2,talk,130,10,14,Over
2,talk,131,10,11,Over
2,talk,132,10,9,Over
2,talk,133,10,4,Over
2,talk,134,10,12,Over
2,talk,135,10,13,Over
2,talk,136,10,7,Over
2,talk,137,10,6,Over
2,talk,138,10,10,Over
2,talk,139,10,2,Over
2,talk,140,10,15,Over
2,talk,141,10,8,Over
2,talk,142,10,1,Over
2,vote,1,8
2,vote,2,8
2,vote,4,11
2,vote,6,8
2,vote,7,11
2,vote,8,11
2,vote,9,11
2,vote,10,8
2,vote,11,8
2,vote,12,11
2,vote,13,11
2,vote,14,8
2,vote,15,8
2,execute,8,WEREWOLF
2,divine,2,11,HUMAN
2,whisper,0,0,6,Skip
2,whisper,1,0,9,VOTE Agent[01]
2,whisper,2,1,6,Skip
2,whisper,3,1,9,VOTE Agent[02]
2,whisper,4,2,6,Over
2,whisper,5,2,9,VOTE Agent[01]
2,whisper,6,3,9,VOTE Agent[02]
2,whisper,7,3,6,Over
2,whisper,8,4,9,VOTE Agent[01]
2,whisper,9,4,6,Over
2,whisper,10,5,9,VOTE Agent[02]
2,whisper,11,5,6,Over
2,whisper,12,6,6,Over
2,whisper,13,6,9,VOTE Agent[01]
2,whisper,14,7,9,VOTE Agent[02]
2,whisper,15,7,6,Over
2,whisper,16,8,9,VOTE Agent[01]
2,whisper,17,8,6,Over
2,whisper,18,9,9,VOTE Agent[02]
2,whisper,19,9,6,Over
2,whisper,20,10,9,Over
2,whisper,21,10,6,Over
2,guard,1,2,SEER
2,attackVote,6,13
2,attackVote,9,2
2,attackVote,6,13
2,attackVote,9,2
2,attack,2,false
3,status,1,BODYGUARD,ALIVE,tonkatsu
3,status,2,SEER,ALIVE,KP22
3,status,3,MEDIUM,DEAD,kgu_ryu
3,status,4,VILLAGER,ALIVE,sUper_IL
3,status,5,VILLAGER,DEAD,daphne
3,status,6,WEREWOLF,ALIVE,Ncu702
3,status,7,VILLAGER,ALIVE,ice
3,status,8,WEREWOLF,DEAD,mikami
3,status,9,WEREWOLF,ALIVE,Baguette
3,status,10,VILLAGER,ALIVE,ichida
3,status,11,VILLAGER,ALIVE,Hachi2
3,status,12,VILLAGER,ALIVE,takoyaki
3,status,13,VILLAGER,ALIVE,CanisLupus
3,status,14,VILLAGER,ALIVE,ioh
3,status,15,POSSESSED,ALIVE,Basket
3,talk,0,0,12,VOTE Agent[11]
3,talk,1,0,10,VOTE Agent[15]
3,talk,2,0,11,VOTE Agent[12]
3,talk,3,0,4,VOTE Agent[11]
3,talk,4,0,15,DIVINED Agent[01] WEREWOLF
3,talk,5,0,13,VOTE Agent[11]
3,talk,6,0,2,DIVINED Agent[11] HUMAN
3,talk,7,0,9,VOTE Agent[12]
3,talk,8,0,14,ESTIMATE Agent[11] WEREWOLF
3,talk,9,0,7,VOTE Agent[11]
3,talk,10,0,6,VOTE Agent[11]
3,talk,11,0,1,VOTE Agent[11]
3,talk,12,1,10,VOTE Agent[11]
3,talk,13,1,2,VOTE Agent[09]
3,talk,14,1,14,VOTE Agent[11]
3,talk,15,1,12,Skip
3,talk,16,1,7,Skip
3,talk,17,1,1,Skip
3,talk,18,1,11,VOTE Agent[12]
3,talk,19,1,13,Skip
3,talk,20,1,9,VOTE Agent[15]
3,talk,21,1,15,REQUEST ANY (VOTE Agent[01])
3,talk,22,1,6,Skip
3,talk,23,1,4,Skip
3,talk,24,2,1,Skip
3,talk,25,2,6,Skip
3,talk,26,2,11,VOTE Agent[12]
3,talk,27,2,2,VOTE Agent[09]
3,talk,28,2,10,Skip
3,talk,29,2,12,VOTE Agent[06]
3,talk,30,2,4,VOTE Agent[12]
3,talk,31,2,7,Skip
3,talk,32,2,15,VOTE Agent[01]
3,talk,33,2,9,VOTE Agent[11]
3,talk,34,2,13,VOTE Agent[12]
3,talk,35,2,14,ESTIMATE Agent[12] WEREWOLF
3,talk,36,3,13,VOTE Agent[06]
3,talk,37,3,7,VOTE Agent[11]
3,talk,38,3,2,VOTE Agent[09]
3,talk,39,3,11,VOTE Agent[06]
3,talk,40,3,15,REQUEST ANY (VOTE Agent[01])
3,talk,41,3,6,Over
3,talk,42,3,14,ESTIMATE Agent[06] WEREWOLF
3,talk,43,3,9,VOTE Agent[13]
3,talk,44,3,1,VOTE Agent[06]
3,talk,45,3,10,VOTE Agent[06]
3,talk,46,3,12,Skip
3,talk,47,3,4,VOTE Agent[06]
3,talk,48,4,13,Skip
3,talk,49,4,2,VOTE Agent[09]
3,talk,50,4,10,Skip
3,talk,51,4,7,VOTE Agent[06]
3,talk,52,4,11,Skip
3,talk,53,4,1,Skip
3,talk,54,4,15,REQUEST ANY (VOTE Agent[01])
3,talk,55,4,12,Skip
3,talk,56,4,14,REQUEST ANY (VOTE Agent[06])
3,talk,57,4,9,VOTE Agent[10]
3,talk,58,4,6,VOTE Agent[01]
3,talk,59,4,4,Skip
3,talk,60,5,1,Skip
3,talk,61,5,2,VOTE Agent[09]
3,talk,62,5,13,Skip
3,talk,63,5,6,VOTE Agent[01]
3,talk,64,5,7,Skip
3,talk,65,5,15,REQUEST ANY (VOTE Agent[01])
3,talk,66,5,10,Skip
3,talk,67,5,12,Over
3,talk,68,5,4,Skip
3,talk,69,5,9,VOTE Agent[01]
3,talk,70,5,11,Skip
3,talk,71,5,14,VOTE Agent[06]
3,talk,72,6,11,Over
3,talk,73,6,12,Over
3,talk,74,6,7,Skip
3,talk,75,6,9,VOTE Agent[14]
3,talk,76,6,1,Over
3,talk,77,6,6,VOTE Agent[01]
3,talk,78,6,15,REQUEST ANY (VOTE Agent[01])
3,talk,79,6,13,Over
3,talk,80,6,2,VOTE Agent[09]
3,talk,81,6,4,Over
3,talk,82,6,14,REQUEST ANY (VOTE Agent[06])
3,talk,83,6,10,Over
3,talk,84,7,1,Over
3,talk,85,7,9,VOTE Agent[13]
3,talk,86,7,10,Over
3,talk,87,7,13,Over
3,talk,88,7,14,ESTIMATE Agent[06] WEREWOLF
3,talk,89,7,6,VOTE Agent[01]
3,talk,90,7,15,ESTIMATE Agent[01] WEREWOLF
3,talk,91,7,7,Over
3,talk,92,7,11,Over
3,talk,93,7,2,VOTE Agent[09]
3,talk,94,7,4,Over
3,talk,95,7,12,Over
3,talk,96,8,7,Over
3,talk,97,8,6,VOTE Agent[01]
3,talk,98,8,13,Over
3,talk,99,8,4,Over
3,talk,100,8,2,VOTE Agent[09]
3,talk,101,8,15,ESTIMATE Agent[01] WEREWOLF
3,talk,102,8,9,VOTE Agent[11]
3,talk,103,8,1,Over
3,talk,104,8,12,Over
3,talk,105,8,10,Over
3,talk,106,8,11,Over
3,talk,107,8,14,ESTIMATE Agent[06] WEREWOLF
3,talk,108,9,13,Over
3,talk,109,9,15,REQUEST ANY (VOTE Agent[01])
3,talk,110,9,12,Over
3,talk,111,9,6,VOTE Agent[01]
3,talk,112,9,1,Over
3,talk,113,9,4,Over
3,talk,114,9,11,Over
3,talk,115,9,14,REQUEST ANY (VOTE Agent[06])
3,talk,116,9,7,Over
3,talk,117,9,2,VOTE Agent[09]
3,talk,118,9,10,Over
3,talk,119,9,9,VOTE Agent[04]
3,talk,120,10,11,Over
3,talk,121,10,2,Over
3,talk,122,10,15,Over
3,talk,123,10,1,Over
3,talk,124,10,10,Over
3,talk,125,10,9,Over
3,talk,126,10,14,Over
3,talk,127,10,6,VOTE Agent[01]
3,talk,128,10,7,Over
3,talk,129,10,4,Over
3,talk,130,10,13,Over
3,talk,131,10,12,Over
3,talk,132,11,1,Over
3,talk,133,11,11,Over
3,talk,134,11,7,Over
3,talk,135,11,2,Over
3,talk,136,11,14,Over
3,talk,137,11,13,Over
3,talk,138,11,9,Over
3,talk,139,11,4,Over
3,talk,140,11,12,Over
3,talk,141,11,6,VOTE Agent[01]
3,talk,142,11,15,Over
3,talk,143,11,10,Over
3,talk,144,12,4,Over
3,talk,145,12,14,Over
3,talk,146,12,15,Over
3,talk,147,12,10,Over
3,talk,148,12,9,Over
3,talk,149,12,12,Over
3,talk,150,12,1,Over
3,talk,151,12,2,Over
3,talk,152,12,7,Over
3,talk,153,12,13,Over
3,talk,154,12,11,Over
3,talk,155,12,6,VOTE Agent[01]
3,talk,156,13,2,Over
3,talk,157,13,10,Over
3,talk,158,13,13,Over
3,talk,159,13,14,Over
3,talk,160,13,1,Over
3,talk,161,13,12,Over
3,talk,162,13,6,Over
3,talk,163,13,7,Over
3,talk,164,13,9,Over
3,talk,165,13,15,Over
3,talk,166,13,11,Over
3,talk,167,13,4,Over
3,vote,1,6
3,vote,2,9
3,vote,4,6
3,vote,6,1
3,vote,7,6
3,vote,9,4
3,vote,10,6
3,vote,11,6
3,vote,12,6
3,vote,13,6
3,vote,14,6
3,vote,15,1
3,execute,6,WEREWOLF
3,divine,2,1,HUMAN
3,guard,1,2,SEER
3,attackVote,9,2
3,attack,2,false
4,status,1,BODYGUARD,ALIVE,tonkatsu
4,status,2,SEER,ALIVE,KP22
4,status,3,MEDIUM,DEAD,kgu_ryu
4,status,4,VILLAGER,ALIVE,sUper_IL
4,status,5,VILLAGER,DEAD,daphne
4,status,6,WEREWOLF,DEAD,Ncu702
4,status,7,VILLAGER,ALIVE,ice
4,status,8,WEREWOLF,DEAD,mikami
4,status,9,WEREWOLF,ALIVE,Baguette
4,status,10,VILLAGER,ALIVE,ichida
4,status,11,VILLAGER,ALIVE,Hachi2
4,status,12,VILLAGER,ALIVE,takoyaki
4,status,13,VILLAGER,ALIVE,CanisLupus
4,status,14,VILLAGER,ALIVE,ioh
4,status,15,POSSESSED,ALIVE,Basket
4,talk,0,0,2,DIVINED Agent[01] HUMAN
4,talk,1,0,12,VOTE Agent[07]
4,talk,2,0,4,VOTE Agent[07]
4,talk,3,0,11,VOTE Agent[07]
4,talk,4,0,7,VOTE Agent[12]
4,talk,5,0,13,VOTE Agent[07]
4,talk,6,0,10,VOTE Agent[07]
4,talk,7,0,9,VOTE Agent[11]
4,talk,8,0,1,VOTE Agent[07]
4,talk,9,0,14,REQUEST ANY (VOTE Agent[07])
4,talk,10,0,15,DIVINED Agent[09] WEREWOLF
4,talk,11,1,4,Skip
4,talk,12,1,12,Skip
4,talk,13,1,10,Skip
4,talk,14,1,7,VOTE Agent[12]
4,talk,15,1,2,VOTE Agent[09]
4,talk,16,1,9,VOTE Agent[13]
4,talk,17,1,1,Skip
4,talk,18,1,13,Skip
4,talk,19,1,15,ESTIMATE Agent[01] WEREWOLF
4,talk,20,1,11,Skip
4,talk,21,1,14,ESTIMATE Agent[07] WEREWOLF
4,talk,22,2,4,Skip
4,talk,23,2,15,ESTIMATE Agent[01] WEREWOLF
4,talk,24,2,7,VOTE Agent[12]
4,talk,25,2,2,VOTE Agent[09]
4,talk,26,2,11,Skip
4,talk,27,2,12,Skip
4,talk,28,2,10,Skip
4,talk,29,2,1,Skip
4,talk,30,2,14,ESTIMATE Agent[07] WEREWOLF
4,talk,31,2,13,Skip
4,talk,32,2,9,VOTE Agent[13]
4,talk,33,3,4,Over
4,talk,34,3,15,ESTIMATE Agent[01] WEREWOLF
4,talk,35,3,12,Over
4,talk,36,3,7,VOTE Agent[12]
4,talk,37,3,9,VOTE Agent[01]
4,talk,38,3,2,VOTE Agent[09]
4,talk,39,3,1,Over
4,talk,40,3,11,Over
4,talk,41,3,14,ESTIMATE Agent[07] WEREWOLF
4,talk,42,3,10,Over
4,talk,43,3,13,Over
4,talk,44,4,11,Over
4,talk,45,4,7,VOTE Agent[01]
4,talk,46,4,2,VOTE Agent[09]
4,talk,47,4,1,Over
4,talk,48,4,9,VOTE Agent[14]
4,talk,49,4,14,REQUEST ANY (VOTE Agent[07])
4,talk,50,4,10,Over
4,talk,51,4,15,ESTIMATE Agent[01] WEREWOLF
4,talk,52,4,13,Over
4,talk,53,4,12,Over
4,talk,54,4,4,Over
4,talk,55,5,12,Over
4,talk,56,5,1,Over
4,talk,57,5,13,Over
4,talk,58,5,9,VOTE Agent[14]
4,talk,59,5,2,VOTE Agent[09]
4,talk,60,5,10,Over
4,talk,61,5,4,Over
4,talk,62,5,14,REQUEST ANY (VOTE Agent[07])
4,talk,63,5,11,Over
4,talk,64,5,7,VOTE Agent[01]
4,talk,65,5,15,REQUEST ANY (VOTE Agent[01])
4,talk,66,6,11,Over
4,talk,67,6,12,Over
4,talk,68,6,7,VOTE Agent[01]
4,talk,69,6,2,VOTE Agent[09]
4,talk,70,6,10,Over
4,talk,71,6,1,Over
4,talk,72,6,9,VOTE Agent[07]
4,talk,73,6,14,REQUEST ANY (VOTE Agent[07])
4,talk,74,6,15,REQUEST ANY (VOTE Agent[01])
4,talk,75,6,4,Over
4,talk,76,6,13,Over
4,talk,77,7,15,VOTE Agent[01]
4,talk,78,7,10,Over
4,talk,79,7,7,VOTE Agent[01]
4,talk,80,7,1,Over
4,talk,81,7,2,VOTE Agent[09]
4,talk,82,7,13,Over
4,talk,83,7,11,Over
4,talk,84,7,12,Over
4,talk,85,7,14,REQUEST ANY (VOTE Agent[07])
4,talk,86,7,9,VOTE Agent[15]
4,talk,87,7,4,Over
4,talk,88,8,7,VOTE Agent[01]
4,talk,89,8,9,VOTE Agent[10]
4,talk,90,8,1,Over
4,talk,91,8,11,Over
4,talk,92,8,14,VOTE Agent[07]
4,talk,93,8,10,Over
4,talk,94,8,12,Over
4,talk,95,8,2,VOTE Agent[09]
4,talk,96,8,13,Over
4,talk,97,8,4,Over
4,talk,98,8,15,VOTE Agent[01]
4,talk,99,9,2,VOTE Agent[09]
4,talk,100,9,9,VOTE Agent[11]
4,talk,101,9,7,VOTE Agent[01]
4,talk,102,9,1,Over
4,talk,103,9,11,Over
4,talk,104,9,15,ESTIMATE Agent[01] WEREWOLF
4,talk,105,9,13,Over
4,talk,106,9,10,Over
4,talk,107,9,12,Over
4,talk,108,9,4,Over
4,talk,109,9,14,VOTE Agent[07]
4,talk,110,10,2,Over
4,talk,111,10,12,Over
4,talk,112,10,14,Over
4,talk,113,10,9,Over
4,talk,114,10,13,Over
4,talk,115,10,11,Over
4,talk,116,10,15,Over
4,talk,117,10,7,Over
4,talk,118,10,4,Over
4,talk,119,10,10,Over
4,talk,120,10,1,Over
4,vote,1,7
4,vote,2,9
4,vote,4,7
4,vote,7,12
4,vote,9,11
4,vote,10,7
4,vote,11,7
4,vote,12,7
4,vote,13,7
4,vote,14,7
4,vote,15,1
4,execute,7,VILLAGER
4,divine,2,15,HUMAN
4,guard,1,2,SEER
4,attackVote,9,2
4,attack,2,false
5,status,1,BODYGUARD,ALIVE,tonkatsu
5,status,2,SEER,ALIVE,KP22
5,status,3,MEDIUM,DEAD,kgu_ryu
5,status,4,VILLAGER,ALIVE,sUper_IL
5,status,5,VILLAGER,DEAD,daphne
5,status,6,WEREWOLF,DEAD,Ncu702
5,status,7,VILLAGER,DEAD,ice
5,status,8,WEREWOLF,DEAD,mikami
5,status,9,WEREWOLF,ALIVE,Baguette
5,status,10,VILLAGER,ALIVE,ichida
5,status,11,VILLAGER,ALIVE,Hachi2
5,status,12,VILLAGER,ALIVE,takoyaki
5,status,13,VILLAGER,ALIVE,CanisLupus
5,status,14,VILLAGER,ALIVE,ioh
5,status,15,POSSESSED,ALIVE,Basket
5,talk,0,0,9,VOTE Agent[01]
5,talk,1,0,15,DIVINED Agent[13] WEREWOLF
5,talk,2,0,1,VOTE Agent[12]
5,talk,3,0,2,DIVINED Agent[15] HUMAN
5,talk,4,0,14,VOTE Agent[12]
5,talk,5,0,13,VOTE Agent[12]
5,talk,6,0,11,VOTE Agent[12]
5,talk,7,0,12,VOTE Agent[11]
5,talk,8,0,4,VOTE Agent[12]
5,talk,9,0,10,VOTE Agent[12]
5,talk,10,1,10,Skip
5,talk,11,1,2,VOTE Agent[09]
5,talk,12,1,4,Skip
5,talk,13,1,12,VOTE Agent[11]
5,talk,14,1,14,REQUEST ANY (VOTE Agent[12])
5,talk,15,1,9,VOTE Agent[10]
5,talk,16,1,1,Skip
5,talk,17,1,13,Skip
5,talk,18,1,11,Skip
5,talk,19,1,15,VOTE Agent[01]
5,talk,20,2,13,VOTE Agent[11]
5,talk,21,2,12,VOTE Agent[11]
5,talk,22,2,15,VOTE Agent[01]
5,talk,23,2,11,Skip
5,talk,24,2,2,VOTE Agent[09]
5,talk,25,2,4,VOTE Agent[11]
5,talk,26,2,10,VOTE Agent[12]
5,talk,27,2,14,VOTE Agent[11]
5,talk,28,2,9,VOTE Agent[14]
5,talk,29,2,1,VOTE Agent[11]
5,talk,30,3,9,VOTE Agent[04]
5,talk,31,3,12,Skip
5,talk,32,3,14,VOTE Agent[11]
5,talk,33,3,10,VOTE Agent[11]
5,talk,34,3,4,Skip
5,talk,35,3,11,VOTE Agent[12]
5,talk,36,3,2,VOTE Agent[09]
5,talk,37,3,13,Skip
5,talk,38,3,1,Skip
5,talk,39,3,15,REQUEST ANY (VOTE Agent[01])
5,talk,40,4,11,VOTE Agent[12]
5,talk,41,4,4,Skip
5,talk,42,4,15,REQUEST ANY (VOTE Agent[01])
5,talk,43,4,12,Skip
5,talk,44,4,1,Skip
5,talk,45,4,13,Skip
5,talk,46,4,9,VOTE Agent[01]
5,talk,47,4,14,REQUEST ANY (VOTE Agent[11])
5,talk,48,4,2,VOTE Agent[09]
5,talk,49,4,10,Skip
5,talk,50,5,9,VOTE Agent[12]
5,talk,51,5,14,REQUEST ANY (VOTE Agent[11])
5,talk,52,5,10,Skip
5,talk,53,5,2,VOTE Agent[09]
5,talk,54,5,1,Over
5,talk,55,5,12,Over
5,talk,56,5,11,VOTE Agent[12]
5,talk,57,5,4,Over
5,talk,58,5,15,REQUEST ANY (VOTE Agent[01])
5,talk,59,5,13,Over
5,talk,60,6,9,VOTE Agent[04]
5,talk,61,6,12,Over
5,talk,62,6,14,REQUEST ANY (VOTE Agent[11])
5,talk,63,6,1,Over
5,talk,64,6,4,Over
5,talk,65,6,2,VOTE Agent[09]
5,talk,66,6,10,Over
5,talk,67,6,11,VOTE Agent[12]
5,talk,68,6,15,ESTIMATE Agent[01] WEREWOLF
5,talk,69,6,13,Over
5,talk,70,7,10,Over
5,talk,71,7,1,Over
5,talk,72,7,2,VOTE Agent[09]
5,talk,73,7,15,ESTIMATE Agent[01] WEREWOLF
5,talk,74,7,13,Over
5,talk,75,7,14,VOTE Agent[11]
5,talk,76,7,12,Over
5,talk,77,7,9,VOTE Agent[04]
5,talk,78,7,11,VOTE Agent[12]
5,talk,79,7,4,Over
5,talk,80,8,14,ESTIMATE Agent[11] WEREWOLF
5,talk,81,8,11,VOTE Agent[12]
5,talk,82,8,4,Over
5,talk,83,8,13,Over
5,talk,84,8,10,Over
5,talk,85,8,1,Over
5,talk,86,8,2,VOTE Agent[09]
5,talk,87,8,15,VOTE Agent[01]
5,talk,88,8,9,VOTE Agent[15]
5,talk,89,8,12,Over
5,talk,90,9,11,VOTE Agent[12]
5,talk,91,9,12,Over
5,talk,92,9,2,VOTE Agent[09]
5,talk,93,9,15,VOTE Agent[01]
5,talk,94,9,4,Over
5,talk,95,9,9,VOTE Agent[04]
5,talk,96,9,1,Over
5,talk,97,9,10,Over
5,talk,98,9,13,Over
5,talk,99,9,14,ESTIMATE Agent[11] WEREWOLF
5,talk,100,10,2,Over
5,talk,101,10,15,Over
5,talk,102,10,4,Over
5,talk,103,10,1,Over
5,talk,104,10,13,Over
5,talk,105,10,9,Over
5,talk,106,10,14,Over
5,talk,107,10,10,Over
5,talk,108,10,11,VOTE Agent[12]
5,talk,109,10,12,Over
5,talk,110,11,13,Over
5,talk,111,11,12,Over
5,talk,112,11,15,Over
5,talk,113,11,2,Over
5,talk,114,11,14,Over
5,talk,115,11,11,VOTE Agent[12]
5,talk,116,11,9,Over
5,talk,117,11,1,Over
5,talk,118,11,4,Over
5,talk,119,11,10,Over
5,talk,120,12,11,Over
5,talk,121,12,2,Over
5,talk,122,12,1,Over
5,talk,123,12,15,Over
5,talk,124,12,9,Over
5,talk,125,12,13,Over
5,talk,126,12,12,Over
5,talk,127,12,10,Over
5,talk,128,12,14,Over
5,talk,129,12,4,Over
5,vote,1,11
5,vote,2,9
5,vote,4,11
5,vote,9,4
5,vote,10,11
5,vote,11,12
5,vote,12,11
5,vote,13,11
5,vote,14,11
5,vote,15,12
5,execute,11,VILLAGER
5,divine,2,13,HUMAN
5,guard,1,15,POSSESSED
5,attackVote,9,2
5,attack,2,true
6,status,1,BODYGUARD,ALIVE,tonkatsu
6,status,2,SEER,DEAD,KP22
6,status,3,MEDIUM,DEAD,kgu_ryu
6,status,4,VILLAGER,ALIVE,sUper_IL
6,status,5,VILLAGER,DEAD,daphne
6,status,6,WEREWOLF,DEAD,Ncu702
6,status,7,VILLAGER,DEAD,ice
6,status,8,WEREWOLF,DEAD,mikami
6,status,9,WEREWOLF,ALIVE,Baguette
6,status,10,VILLAGER,ALIVE,ichida
6,status,11,VILLAGER,DEAD,Hachi2
6,status,12,VILLAGER,ALIVE,takoyaki
6,status,13,VILLAGER,ALIVE,CanisLupus
6,status,14,VILLAGER,ALIVE,ioh
6,status,15,POSSESSED,ALIVE,Basket
6,talk,0,0,15,DIVINED Agent[10] WEREWOLF
6,talk,1,0,1,VOTE Agent[12]
6,talk,2,0,13,VOTE Agent[12]
6,talk,3,0,10,VOTE Agent[12]
6,talk,4,0,4,VOTE Agent[12]
6,talk,5,0,12,VOTE Agent[14]
6,talk,6,0,14,ESTIMATE Agent[15] WEREWOLF
6,talk,7,0,9,VOTE Agent[15]
6,talk,8,1,10,Skip
6,talk,9,1,12,VOTE Agent[14]
6,talk,10,1,15,ESTIMATE Agent[01] WEREWOLF
6,talk,11,1,9,VOTE Agent[10]
6,talk,12,1,13,Skip
6,talk,13,1,1,Skip
6,talk,14,1,4,Skip
6,talk,15,1,14,VOTE Agent[15]
6,talk,16,2,12,VOTE Agent[14]
6,talk,17,2,15,ESTIMATE Agent[01] WEREWOLF
6,talk,18,2,13,Skip
6,talk,19,2,14,ESTIMATE Agent[15] WEREWOLF
6,talk,20,2,4,Skip
6,talk,21,2,1,Skip
6,talk,22,2,9,VOTE Agent[04]
6,talk,23,2,10,Skip
6,talk,24,3,4,Over
6,talk,25,3,10,Over
6,talk,26,3,13,Over
6,talk,27,3,14,REQUEST ANY (VOTE Agent[15])
6,talk,28,3,15,ESTIMATE Agent[01] WEREWOLF
6,talk,29,3,12,VOTE Agent[14]
6,talk,30,3,9,VOTE Agent[04]
6,talk,31,3,1,Over
6,talk,32,4,10,Over
6,talk,33,4,13,Over
6,talk,34,4,1,Over
6,talk,35,4,9,VOTE Agent[10]
6,talk,36,4,12,VOTE Agent[14]
6,talk,37,4,15,ESTIMATE Agent[01] WEREWOLF
6,talk,38,4,14,ESTIMATE Agent[15] WEREWOLF
6,talk,39,4,4,Over
6,talk,40,5,14,REQUEST ANY (VOTE Agent[15])
6,talk,41,5,13,Over
6,talk,42,5,9,VOTE Agent[01]
6,talk,43,5,1,Over
6,talk,44,5,12,VOTE Agent[14]
6,talk,45,5,4,Over
6,talk,46,5,10,Over
6,talk,47,5,15,ESTIMATE Agent[01] WEREWOLF
6,talk,48,6,12,VOTE Agent[14]
6,talk,49,6,1,Over
6,talk,50,6,13,Over
6,talk,51,6,9,VOTE Agent[01]
6,talk,52,6,15,VOTE Agent[01]
6,talk,53,6,10,Over
6,talk,54,6,14,ESTIMATE Agent[15] WEREWOLF
6,talk,55,6,4,Over
6,talk,56,7,12,VOTE Agent[14]
6,talk,57,7,1,Over
6,talk,58,7,9,VOTE Agent[10]
6,talk,59,7,15,ESTIMATE Agent[01] WEREWOLF
6,talk,60,7,14,ESTIMATE Agent[15] WEREWOLF
6,talk,61,7,4,Over
6,talk,62,7,13,Over
6,talk,63,7,10,Over
6,talk,64,8,14,ESTIMATE Agent[15] WEREWOLF
6,talk,65,8,12,VOTE Agent[14]
6,talk,66,8,10,Over
6,talk,67,8,4,Over
6,talk,68,8,1,Over
6,talk,69,8,13,Over
6,talk,70,8,15,REQUEST ANY (VOTE Agent[01])
6,talk,71,8,9,VOTE Agent[14]
6,talk,72,9,10,Over
6,talk,73,9,14,REQUEST ANY (VOTE Agent[15])
6,talk,74,9,13,Over
6,talk,75,9,1,Over
6,talk,76,9,12,VOTE Agent[14]
6,talk,77,9,15,VOTE Agent[01]
6,talk,78,9,4,Over
6,talk,79,9,9,VOTE Agent[14]
6,talk,80,10,4,Over
6,talk,81,10,15,Over
6,talk,82,10,12,Over
6,talk,83,10,10,Over
6,talk,84,10,13,Over
6,talk,85,10,14,Over
6,talk,86,10,9,Over
6,talk,87,10,1,Over
6,vote,1,12
6,vote,4,12
6,vote,9,14
6,vote,10,12
6,vote,12,14
6,vote,13,12
6,vote,14,12
6,vote,15,14
6,execute,12,VILLAGER
6,guard,1,15,POSSESSED
6,attack,1,true
7,status,1,BODYGUARD,DEAD,tonkatsu
7,status,2,SEER,DEAD,KP22
7,status,3,MEDIUM,DEAD,kgu_ryu
7,status,4,VILLAGER,ALIVE,sUper_IL
7,status,5,VILLAGER,DEAD,daphne
7,status,6,WEREWOLF,DEAD,Ncu702
7,status,7,VILLAGER,DEAD,ice
7,status,8,WEREWOLF,DEAD,mikami
7,status,9,WEREWOLF,ALIVE,Baguette
7,status,10,VILLAGER,ALIVE,ichida
7,status,11,VILLAGER,DEAD,Hachi2
7,status,12,VILLAGER,DEAD,takoyaki
7,status,13,VILLAGER,ALIVE,CanisLupus
7,status,14,VILLAGER,ALIVE,ioh
7,status,15,POSSESSED,ALIVE,Basket
7,talk,0,0,9,VOTE Agent[14]
7,talk,1,0,4,VOTE Agent[14]
7,talk,2,0,15,DIVINED Agent[04] WEREWOLF
7,talk,3,0,14,ESTIMATE Agent[15] WEREWOLF
7,talk,4,0,13,VOTE Agent[14]
7,talk,5,0,10,VOTE Agent[14]
7,talk,6,1,9,VOTE Agent[14]
7,talk,7,1,13,Skip
7,talk,8,1,10,Skip
7,talk,9,1,15,REQUEST ANY (VOTE Agent[04])
7,talk,10,1,14,ESTIMATE Agent[15] WEREWOLF
7,talk,11,1,4,Skip
7,talk,12,2,4,Skip
7,talk,13,2,13,Skip
7,talk,14,2,15,ESTIMATE Agent[09] WEREWOLF
7,talk,15,2,10,Skip
7,talk,16,2,9,VOTE Agent[14]
7,talk,17,2,14,ESTIMATE Agent[15] WEREWOLF
7,talk,18,3,13,Over
7,talk,19,3,9,VOTE Agent[13]
7,talk,20,3,14,REQUEST ANY (VOTE Agent[15])
7,talk,21,3,15,ESTIMATE Agent[09] WEREWOLF
7,talk,22,3,10,Over
7,talk,23,3,4,Over
7,talk,24,4,14,ESTIMATE Agent[15] WEREWOLF
7,talk,25,4,15,ESTIMATE Agent[09] WEREWOLF
7,talk,26,4,4,Over
7,talk,27,4,10,Over
7,talk,28,4,9,VOTE Agent[15]
7,talk,29,4,13,Over
7,talk,30,5,14,REQUEST ANY (VOTE Agent[15])
7,talk,31,5,4,Over
7,talk,32,5,15,ESTIMATE Agent[09] WEREWOLF
7,talk,33,5,10,Over
7,talk,34,5,9,VOTE Agent[10]
7,talk,35,5,13,Over
7,talk,36,6,9,VOTE Agent[04]
7,talk,37,6,13,Over
7,talk,38,6,4,Over
7,talk,39,6,14,VOTE Agent[15]
7,talk,40,6,15,ESTIMATE Agent[09] WEREWOLF
7,talk,41,6,10,Over
7,talk,42,7,14,ESTIMATE Agent[15] WEREWOLF
7,talk,43,7,10,Over
7,talk,44,7,13,Over
7,talk,45,7,9,VOTE Agent[15]
7,talk,46,7,4,Over
7,talk,47,7,15,VOTE Agent[09]
7,talk,48,8,15,REQUEST ANY (VOTE Agent[09])
7,talk,49,8,13,Over
7,talk,50,8,4,Over
7,talk,51,8,9,VOTE Agent[10]
7,talk,52,8,14,REQUEST ANY (VOTE Agent[15])
7,talk,53,8,10,Over
7,talk,54,9,14,VOTE Agent[15]
7,talk,55,9,4,Over
7,talk,56,9,15,ESTIMATE Agent[09] WEREWOLF
7,talk,57,9,10,Over
7,talk,58,9,13,Over
7,talk,59,9,9,VOTE Agent[15]
7,talk,60,10,10,Over
7,talk,61,10,14,Over
7,talk,62,10,15,Over
7,talk,63,10,13,Over
7,talk,64,10,9,Over
7,talk,65,10,4,Over
7,vote,4,14
7,vote,9,15
7,vote,10,14
7,vote,13,14
7,vote,14,15
7,vote,15,14
7,execute,14,VILLAGER
7,attack,4,true
8,status,1,BODYGUARD,DEAD,tonkatsu
8,status,2,SEER,DEAD,KP22
8,status,3,MEDIUM,DEAD,kgu_ryu
8,status,4,VILLAGER,DEAD,sUper_IL
8,status,5,VILLAGER,DEAD,daphne
8,status,6,WEREWOLF,DEAD,Ncu702
8,status,7,VILLAGER,DEAD,ice
8,status,8,WEREWOLF,DEAD,mikami
8,status,9,WEREWOLF,ALIVE,Baguette
8,status,10,VILLAGER,ALIVE,ichida
8,status,11,VILLAGER,DEAD,Hachi2
8,status,12,VILLAGER,DEAD,takoyaki
8,status,13,VILLAGER,ALIVE,CanisLupus
8,status,14,VILLAGER,DEAD,ioh
8,status,15,POSSESSED,ALIVE,Basket
8,talk,0,0,9,VOTE Agent[13]
8,talk,1,0,15,DIVINED Agent[01] WEREWOLF
8,talk,2,0,13,VOTE Agent[09]
8,talk,3,0,10,VOTE Agent[09]
8,talk,4,1,13,Skip
8,talk,5,1,9,VOTE Agent[15]
8,talk,6,1,10,Skip
8,talk,7,1,15,ESTIMATE Agent[09] WEREWOLF
8,talk,8,2,9,VOTE Agent[15]
8,talk,9,2,10,Skip
8,talk,10,2,13,Skip
8,talk,11,2,15,VOTE Agent[09]
8,talk,12,3,10,Over
8,talk,13,3,13,Over
8,talk,14,3,9,VOTE Agent[15]
8,talk,15,3,15,VOTE Agent[09]
8,talk,16,4,9,VOTE Agent[13]
8,talk,17,4,13,Over
8,talk,18,4,15,ESTIMATE Agent[09] WEREWOLF
8,talk,19,4,10,Over
8,talk,20,5,9,VOTE Agent[15]
8,talk,21,5,15,VOTE Agent[09]
8,talk,22,5,13,Over
8,talk,23,5,10,Over
8,talk,24,6,13,Over
8,talk,25,6,9,VOTE Agent[13]
8,talk,26,6,15,ESTIMATE Agent[09] WEREWOLF
8,talk,27,6,10,Over
8,talk,28,7,10,Over
8,talk,29,7,15,VOTE Agent[09]
8,talk,30,7,9,VOTE Agent[13]
8,talk,31,7,13,Over
8,talk,32,8,15,ESTIMATE Agent[09] WEREWOLF
8,talk,33,8,13,Over
8,talk,34,8,9,VOTE Agent[15]
8,talk,35,8,10,Over
8,talk,36,9,9,VOTE Agent[15]
8,talk,37,9,15,ESTIMATE Agent[09] WEREWOLF
8,talk,38,9,13,Over
8,talk,39,9,10,Over
8,talk,40,10,10,Over
8,talk,41,10,9,Over
8,talk,42,10,13,Over
8,talk,43,10,15,Over
8,vote,9,15
8,vote,10,9
8,vote,13,9
8,vote,15,13
8,execute,9,WEREWOLF
9,status,1,BODYGUARD,DEAD,tonkatsu
9,status,2,SEER,DEAD,KP22
9,status,3,MEDIUM,DEAD,kgu_ryu
9,status,4,VILLAGER,DEAD,sUper_IL
9,status,5,VILLAGER,DEAD,daphne
9,status,6,WEREWOLF,DEAD,Ncu702
9,status,7,VILLAGER,DEAD,ice
9,status,8,WEREWOLF,DEAD,mikami
9,status,9,WEREWOLF,DEAD,Baguette
9,status,10,VILLAGER,ALIVE,ichida
9,status,11,VILLAGER,DEAD,Hachi2
9,status,12,VILLAGER,DEAD,takoyaki
9,status,13,VILLAGER,ALIVE,CanisLupus
9,status,14,VILLAGER,DEAD,ioh
9,status,15,POSSESSED,ALIVE,Basket
9,result,3,0,VILLAGER
