0,status,1,VILLAGER,ALIVE,tonkatsu
0,status,2,VILLAGER,ALIVE,KP22
0,status,3,MEDIUM,ALIVE,kgu_ryu
0,status,4,VILLAGER,ALIVE,sUper_IL
0,status,5,VILLAGER,ALIVE,daphne
0,status,6,VILLAGER,ALIVE,Ncu702
0,status,7,VILLAGER,ALIVE,ice
0,status,8,WEREWOLF,ALIVE,mikami
0,status,9,WEREWOLF,ALIVE,Baguette
0,status,10,VILLAGER,ALIVE,ichida
0,status,11,SEER,ALIVE,Hachi2
0,status,12,POSSESSED,ALIVE,takoyaki
0,status,13,VILLAGER,ALIVE,CanisLupus
0,status,14,WEREWOLF,ALIVE,ioh
0,status,15,BODYGUARD,ALIVE,Basket
0,whisper,0,0,9,VOTE Agent[01]
0,whisper,1,0,8,Skip
0,whisper,2,0,14,COMINGOUT Agent[14] SEER
0,whisper,3,1,9,VOTE Agent[02]
0,whisper,4,1,8,Skip
0,whisper,5,1,14,Skip
0,whisper,6,2,9,VOTE Agent[01]
0,whisper,7,2,8,Over
0,whisper,8,2,14,Skip
0,whisper,9,3,14,Over
0,whisper,10,3,9,VOTE Agent[02]
0,whisper,11,3,8,Over
0,whisper,12,4,14,Over
0,whisper,13,4,9,VOTE Agent[01]
0,whisper,14,4,8,Over
0,whisper,15,5,8,Over
0,whisper,16,5,9,VOTE Agent[02]
0,whisper,17,5,14,Over
0,whisper,18,6,14,Over
0,whisper,19,6,9,VOTE Agent[01]
0,whisper,20,6,8,Over
0,whisper,21,7,14,Over
0,whisper,22,7,8,Over
0,whisper,23,7,9,VOTE Agent[02]
0,whisper,24,8,9,VOTE Agent[01]
0,whisper,25,8,14,Over
0,whisper,26,8,8,Over
0,whisper,27,9,9,VOTE Agent[02]
0,whisper,28,9,8,Over
0,whisper,29,9,14,Over
0,whisper,30,10,9,Over
0,whisper,31,10,8,Over
0,whisper,32,10,14,Over
0,divine,11,4,HUMAN
1,status,1,VILLAGER,ALIVE,tonkatsu
1,status,2,VILLAGER,ALIVE,KP22
1,status,3,MEDIUM,ALIVE,kgu_ryu
1,status,4,VILLAGER,ALIVE,sUper_IL
1,status,5,VILLAGER,ALIVE,daphne
1,status,6,VILLAGER,ALIVE,Ncu702
1,status,7,VILLAGER,ALIVE,ice
1,status,8,WEREWOLF,ALIVE,mikami
1,status,9,WEREWOLF,ALIVE,Baguette
1,status,10,VILLAGER,ALIVE,ichida
1,status,11,SEER,ALIVE,Hachi2
1,status,12,POSSESSED,ALIVE,takoyaki
1,status,13,VILLAGER,ALIVE,CanisLupus
1,status,14,WEREWOLF,ALIVE,ioh
1,status,15,BODYGUARD,ALIVE,Basket
1,talk,0,0,9,VOTE Agent[01]
1,talk,1,0,13,VOTE Agent[01]
1,talk,2,0,3,COMINGOUT Agent[03] MEDIUM
1,talk,3,0,4,VOTE Agent[01]
1,talk,4,0,1,VOTE Agent[07]
1,talk,5,0,8,VOTE Agent[01]
1,talk,6,0,2,VOTE Agent[01]
1,talk,7,0,11,COMINGOUT Agent[11] SEER
1,talk,8,0,15,ESTIMATE Agent[14] WEREWOLF
1,talk,9,0,6,VOTE Agent[01]
1,talk,10,0,14,COMINGOUT Agent[14] SEER
1,talk,11,0,7,VOTE Agent[01]
1,talk,12,0,10,VOTE Agent[01]
1,talk,13,0,12,VOTE Agent[01]
1,talk,14,0,5,VOTE Agent[01]
1,talk,15,1,14,DIVINED Agent[05] WEREWOLF
1,talk,16,1,5,Skip
1,talk,17,1,9,VOTE Agent[11]
1,talk,18,1,10,Skip
1,talk,19,1,1,VOTE Agent[07]
1,talk,20,1,11,DIVINED Agent[04] HUMAN
1,talk,21,1,15,REQUEST ANY (VOTE Agent[02])
1,talk,22,1,4,VOTE Agent[12]
1,talk,23,1,12,Skip
1,talk,24,1,13,VOTE Agent[08]
1,talk,25,1,8,Skip
1,talk,26,1,6,VOTE Agent[01]
1,talk,27,1,7,VOTE Agent[01]
1,talk,28,1,2,VOTE Agent[06]
1,talk,29,1,3,VOTE Agent[12]
1,talk,30,2,15,VOTE Agent[12]
1,talk,31,2,11,VOTE Agent[12]
1,talk,32,2,14,VOTE Agent[11]
1,talk,33,2,7,VOTE Agent[01]
1,talk,34,2,5,VOTE Agent[01]
1,talk,35,2,3,Skip
1,talk,36,2,4,VOTE Agent[12]
1,talk,37,2,8,Skip
1,talk,38,2,6,VOTE Agent[01]
1,talk,39,2,9,VOTE Agent[13]
1,talk,40,2,1,VOTE Agent[12]
1,talk,41,2,12,Skip
1,talk,42,2,10,VOTE Agent[01]
1,talk,43,2,13,VOTE Agent[12]
1,talk,44,2,2,VOTE Agent[12]
1,talk,45,3,5,VOTE Agent[12]
1,talk,46,3,12,Over
1,talk,47,3,6,VOTE Agent[12]
1,talk,48,3,14,ESTIMATE Agent[11] WEREWOLF
1,talk,49,3,1,Skip
1,talk,50,3,4,Skip
1,talk,51,3,7,VOTE Agent[12]
1,talk,52,3,13,Skip
1,talk,53,3,15,ESTIMATE Agent[12] WEREWOLF
1,talk,54,3,2,Skip
1,talk,55,3,9,VOTE Agent[13]
1,talk,56,3,8,VOTE Agent[12]
1,talk,57,3,3,Skip
1,talk,58,3,10,VOTE Agent[12]
1,talk,59,3,11,VOTE Agent[12]
1,talk,60,4,1,Skip
1,talk,61,4,5,Skip
1,talk,62,4,2,Skip
1,talk,63,4,7,Skip
1,talk,64,4,13,Skip
1,talk,65,4,3,Over
1,talk,66,4,6,Skip
1,talk,67,4,8,Skip
1,talk,68,4,4,Skip
1,talk,69,4,15,REQUEST ANY (VOTE Agent[12])
1,talk,70,4,14,REQUEST ANY (VOTE Agent[11])
1,talk,71,4,12,Over
1,talk,72,4,9,VOTE Agent[13]
1,talk,73,4,10,Skip
1,talk,74,4,11,VOTE Agent[12]
1,talk,75,5,4,Over
1,talk,76,5,6,Skip
1,talk,77,5,14,VOTE Agent[11]
1,talk,78,5,3,Over
1,talk,79,5,10,Skip
1,talk,80,5,8,Skip
1,talk,81,5,2,Over
1,talk,82,5,9,VOTE Agent[11]
1,talk,83,5,15,REQUEST ANY (VOTE Agent[12])
1,talk,84,5,1,Over
1,talk,85,5,11,VOTE Agent[12]
1,talk,86,5,12,VOTE Agent[11]
1,talk,87,5,7,Skip
1,talk,88,5,5,Skip
1,talk,89,5,13,Over
1,talk,90,6,4,Over
1,talk,91,6,14,VOTE Agent[11]
1,talk,92,6,10,Over
1,talk,93,6,13,Over
1,talk,94,6,11,VOTE Agent[12]
1,talk,95,6,3,Over
1,talk,96,6,12,Skip
1,talk,97,6,7,Over
1,talk,98,6,2,Over
1,talk,99,6,8,Over
1,talk,100,6,9,VOTE Agent[03]
1,talk,101,6,15,REQUEST ANY (VOTE Agent[12])
1,talk,102,6,5,Over
1,talk,103,6,6,Over
1,talk,104,6,1,Over
1,talk,105,7,4,Over
1,talk,106,7,1,Over
1,talk,107,7,7,Over
1,talk,108,7,6,Over
1,talk,109,7,11,VOTE Agent[12]
1,talk,110,7,10,Over
1,talk,111,7,15,REQUEST ANY (VOTE Agent[12])
1,talk,112,7,9,VOTE Agent[11]
1,talk,113,7,8,Over
1,talk,114,7,13,Over
1,talk,115,7,14,REQUEST ANY (VOTE Agent[11])
1,talk,116,7,5,Over
1,talk,117,7,3,Over
1,talk,118,7,12,Skip
1,talk,119,7,2,Over
1,talk,120,8,14,ESTIMATE Agent[11] WEREWOLF
1,talk,121,8,9,VOTE Agent[03]
1,talk,122,8,12,Over
1,talk,123,8,10,Over
1,talk,124,8,7,Over
1,talk,125,8,4,Over
1,talk,126,8,2,Over
1,talk,127,8,11,VOTE Agent[12]
1,talk,128,8,15,ESTIMATE Agent[12] WEREWOLF
1,talk,129,8,13,Over
1,talk,130,8,3,Over
1,talk,131,8,6,Over
1,talk,132,8,1,Over
1,talk,133,8,8,Over
1,talk,134,8,5,Over
1,talk,135,9,5,Over
1,talk,136,9,6,Over
1,talk,137,9,13,Over
1,talk,138,9,4,Over
1,talk,139,9,11,VOTE Agent[12]
1,talk,140,9,7,Over
1,talk,141,9,8,Over
1,talk,142,9,2,Over
1,talk,143,9,10,Over
1,talk,144,9,9,VOTE Agent[11]
1,talk,145,9,1,Over
1,talk,146,9,15,VOTE Agent[12]
1,talk,147,9,14,VOTE Agent[11]
1,talk,148,9,3,Over
1,talk,149,9,12,Over
1,talk,150,10,1,Over
1,talk,151,10,9,Over
1,talk,152,10,7,Over
1,talk,153,10,11,Over
1,talk,154,10,15,Over
1,talk,155,10,8,Over
1,talk,156,10,2,Over
1,talk,157,10,13,Over
1,talk,158,10,6,Over
1,talk,159,10,5,Over
1,talk,160,10,14,Over
1,talk,161,10,3,Over
1,talk,162,10,12,Over
1,talk,163,10,4,Over
1,talk,164,10,10,Over
1,vote,1,12
1,vote,2,12
1,vote,3,12
1,vote,4,12
1,vote,5,12
1,vote,6,12
1,vote,7,12
1,vote,8,12
1,vote,9,11
1,vote,10,12
1,vote,11,12
1,vote,12,11
1,vote,13,12
1,vote,14,12
1,vote,15,12
1,execute,12,POSSESSED
1,divine,11,8,WEREWOLF
1,whisper,0,0,8,Skip
1,whisper,1,0,14,ATTACK Agent[11]
1,whisper,2,0,9,VOTE Agent[13]
1,whisper,3,1,14,Skip
1,whisper,4,1,9,VOTE Agent[03]
1,whisper,5,1,8,Skip
1,whisper,6,2,8,Over
1,whisper,7,2,14,Skip
1,whisper,8,2,9,VOTE Agent[13]
1,whisper,9,3,8,Over
1,whisper,10,3,14,Over
1,whisper,11,3,9,VOTE Agent[03]
1,whisper,12,4,14,Over
1,whisper,13,4,8,Over
1,whisper,14,4,9,VOTE Agent[13]
1,whisper,15,5,9,VOTE Agent[03]
1,whisper,16,5,14,Over
1,whisper,17,5,8,Over
1,whisper,18,6,14,Over
1,whisper,19,6,8,Over
1,whisper,20,6,9,VOTE Agent[13]
1,whisper,21,7,14,Over
1,whisper,22,7,8,Over
1,whisper,23,7,9,VOTE Agent[03]
1,whisper,24,8,14,Over
1,whisper,25,8,8,Over
1,whisper,26,8,9,VOTE Agent[13]
1,whisper,27,9,8,Over
1,whisper,28,9,14,Over
1,whisper,29,9,9,VOTE Agent[03]
1,whisper,30,10,9,Over
1,whisper,31,10,8,Over
1,whisper,32,10,14,Over
1,guard,15,14,WEREWOLF
1,attackVote,8,11
1,attackVote,9,3
1,attackVote,14,11
1,attack,11,true
2,status,1,VILLAGER,ALIVE,tonkatsu
2,status,2,VILLAGER,ALIVE,KP22
2,status,3,MEDIUM,ALIVE,kgu_ryu
2,status,4,VILLAGER,ALIVE,sUper_IL
2,status,5,VILLAGER,ALIVE,daphne
2,status,6,VILLAGER,ALIVE,Ncu702
2,status,7,VILLAGER,ALIVE,ice
2,status,8,WEREWOLF,ALIVE,mikami
2,status,9,WEREWOLF,ALIVE,Baguette
2,status,10,VILLAGER,ALIVE,ichida
2,status,11,SEER,DEAD,Hachi2
2,status,12,POSSESSED,DEAD,takoyaki
2,status,13,VILLAGER,ALIVE,CanisLupus
2,status,14,WEREWOLF,ALIVE,ioh
2,status,15,BODYGUARD,ALIVE,Basket
2,talk,0,0,9,VOTE Agent[03]
2,talk,1,0,4,VOTE Agent[08]
2,talk,2,0,1,VOTE Agent[08]
2,talk,3,0,14,DIVINED Agent[08] HUMAN
2,talk,4,0,2,VOTE Agent[09]
2,talk,5,0,7,VOTE Agent[08]
2,talk,6,0,10,VOTE Agent[08]
2,talk,7,0,5,VOTE Agent[08]
2,talk,8,0,8,VOTE Agent[03]
2,talk,9,0,15,VOTE Agent[08]
2,talk,10,0,3,IDENTIFIED Agent[12] HUMAN
2,talk,11,0,13,VOTE Agent[15]
2,talk,12,0,6,VOTE Agent[08]
2,talk,13,1,9,VOTE Agent[06]
2,talk,14,1,7,Skip
2,talk,15,1,3,VOTE Agent[14]
2,talk,16,1,2,VOTE Agent[08]
2,talk,17,1,1,Skip
2,talk,18,1,6,Skip
2,talk,19,1,14,VOTE Agent[05]
2,talk,20,1,4,VOTE Agent[14]
2,talk,21,1,10,Skip
2,talk,22,1,8,VOTE Agent[14]
2,talk,23,1,13,VOTE Agent[08]
2,talk,24,1,5,Skip
2,talk,25,1,15,VOTE Agent[14]
2,talk,26,2,4,VOTE Agent[14]
2,talk,27,2,8,VOTE Agent[14]
2,talk,28,2,13,Skip
2,talk,29,2,5,Skip
2,talk,30,2,7,Skip
2,talk,31,2,14,REQUEST ANY (VOTE Agent[05])
2,talk,32,2,15,VOTE Agent[14]
2,talk,33,2,9,VOTE Agent[10]
2,talk,34,2,1,Skip
2,talk,35,2,2,VOTE Agent[14]
2,talk,36,2,10,VOTE Agent[08]
2,talk,37,2,6,VOTE Agent[08]
2,talk,38,2,3,Skip
2,talk,39,3,6,VOTE Agent[08]
2,talk,40,3,15,ESTIMATE Agent[14] WEREWOLF
2,talk,41,3,3,Skip
2,talk,42,3,10,VOTE Agent[08]
2,talk,43,3,14,REQUEST ANY (VOTE Agent[05])
2,talk,44,3,1,VOTE Agent[08]
2,talk,45,3,2,VOTE Agent[14]
2,talk,46,3,5,VOTE Agent[08]
2,talk,47,3,9,VOTE Agent[02]
2,talk,48,3,13,VOTE Agent[14]
2,talk,49,3,4,VOTE Agent[14]
2,talk,50,3,8,Skip
2,talk,51,3,7,VOTE Agent[14]
2,talk,52,4,6,VOTE Agent[14]
2,talk,53,4,1,VOTE Agent[14]
2,talk,54,4,14,VOTE Agent[05]
2,talk,55,4,7,Skip
2,talk,56,4,3,Over
2,talk,57,4,15,REQUEST ANY (VOTE Agent[14])
2,talk,58,4,13,Skip
2,talk,59,4,5,VOTE Agent[14]
2,talk,60,4,2,Skip
2,talk,61,4,8,Skip
2,talk,62,4,9,VOTE Agent[03]
2,talk,63,4,10,VOTE Agent[14]
2,talk,64,4,4,Skip
2,talk,65,5,2,Skip
2,talk,66,5,7,Skip
2,talk,67,5,14,VOTE Agent[05]
2,talk,68,5,15,REQUEST ANY (VOTE Agent[14])
2,talk,69,5,5,Skip
2,talk,70,5,6,Skip
2,talk,71,5,4,Skip
2,talk,72,5,8,Over
2,talk,73,5,3,Over
2,talk,74,5,10,Skip
2,talk,75,5,1,Skip
2,talk,76,5,9,VOTE Agent[10]
2,talk,77,5,13,Skip
2,talk,78,6,10,Skip
2,talk,79,6,3,Over
2,talk,80,6,14,REQUEST ANY (VOTE Agent[05])
2,talk,81,6,4,Over
2,talk,82,6,2,Over
2,talk,83,6,6,Skip
2,talk,84,6,7,Over
2,talk,85,6,13,Over
2,talk,86,6,8,Over
2,talk,87,6,5,Skip
2,talk,88,6,1,Skip
2,talk,89,6,9,VOTE Agent[05]
2,talk,90,6,15,REQUEST ANY (VOTE Agent[14])
2,talk,91,7,2,Over
2,talk,92,7,13,Over
2,talk,93,7,5,Over
2,talk,94,7,14,ESTIMATE Agent[05] WEREWOLF
2,talk,95,7,7,Over
2,talk,96,7,10,Over
2,talk,97,7,9,VOTE Agent[03]
2,talk,98,7,6,Over
2,talk,99,7,1,Over
2,talk,100,7,3,Over
2,talk,101,7,4,Over
2,talk,102,7,8,Over
2,talk,103,7,15,ESTIMATE Agent[14] WEREWOLF
2,talk,104,8,1,Over
2,talk,105,8,15,ESTIMATE Agent[14] WEREWOLF
2,talk,106,8,6,Over
2,talk,107,8,7,Over
2,talk,108,8,9,VOTE Agent[02]
2,talk,109,8,5,Over
2,talk,110,8,4,Over
2,talk,111,8,2,Over
2,talk,112,8,3,Over
2,talk,113,8,13,Over
2,talk,114,8,8,Over
2,talk,115,8,10,Over
2,talk,116,8,14,ESTIMATE Agent[05] WEREWOLF
2,talk,117,9,1,Over
2,talk,118,9,3,Over
2,talk,119,9,2,Over
2,talk,120,9,6,Over
2,talk,121,9,8,Over
2,talk,122,9,13,Over
2,talk,123,9,10,Over
2,talk,124,9,5,Over
2,talk,125,9,15,REQUEST ANY (VOTE Agent[14])
2,talk,126,9,14,REQUEST ANY (VOTE Agent[05])
2,talk,127,9,9,VOTE Agent[13]
2,talk,128,9,7,Over
2,talk,129,9,4,Over
2,talk,130,10,8,Over
2,talk,131,10,4,Over
2,talk,132,10,15,Over
2,talk,133,10,5,Over
2,talk,134,10,10,Over
2,talk,135,10,14,Over
2,talk,136,10,1,Over
2,talk,137,10,7,Over
2,talk,138,10,3,Over
2,talk,139,10,13,Over
2,talk,140,10,2,Over
2,talk,141,10,9,Over
2,talk,142,10,6,Over
2,vote,1,14
2,vote,2,14
2,vote,3,14
2,vote,4,14
2,vote,5,14
2,vote,6,14
2,vote,7,14
2,vote,8,14
2,vote,9,13
2,vote,10,14
2,vote,13,14
2,vote,14,5
2,vote,15,14
2,execute,14,WEREWOLF
2,whisper,0,0,9,VOTE Agent[01]
2,whisper,1,0,8,Skip
2,whisper,2,1,9,VOTE Agent[02]
2,whisper,3,1,8,Skip
2,whisper,4,2,9,VOTE Agent[01]
2,whisper,5,2,8,Over
2,whisper,6,3,9,VOTE Agent[02]
2,whisper,7,3,8,Over
2,whisper,8,4,8,Over
2,whisper,9,4,9,VOTE Agent[01]
2,whisper,10,5,9,VOTE Agent[02]
2,whisper,11,5,8,Over
2,whisper,12,6,8,Over
2,whisper,13,6,9,VOTE Agent[01]
2,whisper,14,7,8,Over
2,whisper,15,7,9,VOTE Agent[02]
2,whisper,16,8,8,Over
2,whisper,17,8,9,VOTE Agent[01]
2,whisper,18,9,9,VOTE Agent[02]
2,whisper,19,9,8,Over
2,whisper,20,10,8,Over
2,whisper,21,10,9,Over
2,guard,15,13,VILLAGER
2,attackVote,8,3
2,attackVote,9,2
2,attackVote,8,3
2,attackVote,9,2
2,attack,3,true
3,status,1,VILLAGER,ALIVE,tonkatsu
3,status,2,VILLAGER,ALIVE,KP22
3,status,3,MEDIUM,DEAD,kgu_ryu
3,status,4,VILLAGER,ALIVE,sUper_IL
3,status,5,VILLAGER,ALIVE,daphne
3,status,6,VILLAGER,ALIVE,Ncu702
3,status,7,VILLAGER,ALIVE,ice
3,status,8,WEREWOLF,ALIVE,mikami
3,status,9,WEREWOLF,ALIVE,Baguette
3,status,10,VILLAGER,ALIVE,ichida
3,status,11,SEER,DEAD,Hachi2
3,status,12,POSSESSED,DEAD,takoyaki
3,status,13,VILLAGER,ALIVE,CanisLupus
3,status,14,WEREWOLF,DEAD,ioh
3,status,15,BODYGUARD,ALIVE,Basket
3,talk,0,0,13,VOTE Agent[08]
3,talk,1,0,5,VOTE Agent[08]
3,talk,2,0,4,VOTE Agent[08]
3,talk,3,0,10,VOTE Agent[08]
3,talk,4,0,1,VOTE Agent[08]
3,talk,5,0,6,VOTE Agent[08]
3,talk,6,0,15,VOTE Agent[08]
3,talk,7,0,8,VOTE Agent[01]
3,talk,8,0,9,VOTE Agent[01]
3,talk,9,0,7,VOTE Agent[08]
3,talk,10,0,2,VOTE Agent[08]
3,talk,11,1,9,VOTE Agent[01]
3,talk,12,1,6,Skip
3,talk,13,1,5,Skip
3,talk,14,1,4,Skip
3,talk,15,1,1,Skip
3,talk,16,1,8,VOTE Agent[01]
3,talk,17,1,13,Skip
3,talk,18,1,15,ESTIMATE Agent[08] WEREWOLF
3,talk,19,1,7,Skip
3,talk,20,1,10,Skip
3,talk,21,1,2,Skip
3,talk,22,2,1,Skip
3,talk,23,2,4,Skip
3,talk,24,2,6,Skip
3,talk,25,2,8,VOTE Agent[01]
3,talk,26,2,7,Skip
3,talk,27,2,15,ESTIMATE Agent[08] WEREWOLF
3,talk,28,2,13,Skip
3,talk,29,2,5,Skip
3,talk,30,2,2,Skip
3,talk,31,2,9,VOTE Agent[01]
3,talk,32,2,10,Skip
3,talk,33,3,13,Over
3,talk,34,3,15,REQUEST ANY (VOTE Agent[08])
3,talk,35,3,2,Over
3,talk,36,3,8,VOTE Agent[01]
3,talk,37,3,1,Over
3,talk,38,3,7,Over
3,talk,39,3,5,Over
3,talk,40,3,4,Over
3,talk,41,3,9,VOTE Agent[06]
3,talk,42,3,10,Over
3,talk,43,3,6,Over
3,talk,44,4,4,Over
3,talk,45,4,2,Over
3,talk,46,4,5,Over
3,talk,47,4,8,VOTE Agent[01]
3,talk,48,4,15,VOTE Agent[08]
3,talk,49,4,10,Over
3,talk,50,4,9,VOTE Agent[05]
3,talk,51,4,6,Over
3,talk,52,4,1,Over
3,talk,53,4,7,Over
3,talk,54,4,13,Over
3,talk,55,5,7,Over
3,talk,56,5,1,Over
3,talk,57,5,5,Over
3,talk,58,5,6,Over
3,talk,59,5,13,Over
3,talk,60,5,10,Over
3,talk,61,5,4,Over
3,talk,62,5,9,VOTE Agent[05]
3,talk,63,5,8,VOTE Agent[01]
3,talk,64,5,2,Over
3,talk,65,5,15,ESTIMATE Agent[08] WEREWOLF
3,talk,66,6,6,Over
3,talk,67,6,15,VOTE Agent[08]
3,talk,68,6,9,VOTE Agent[02]
3,talk,69,6,8,VOTE Agent[01]
3,talk,70,6,4,Over
3,talk,71,6,2,Over
3,talk,72,6,13,Over
3,talk,73,6,5,Over
3,talk,74,6,7,Over
3,talk,75,6,1,Over
3,talk,76,6,10,Over
3,talk,77,7,15,VOTE Agent[08]
3,talk,78,7,4,Over
3,talk,79,7,7,Over
3,talk,80,7,6,Over
3,talk,81,7,10,Over
3,talk,82,7,8,VOTE Agent[01]
3,talk,83,7,9,VOTE Agent[05]
3,talk,84,7,5,Over
3,talk,85,7,13,Over
3,talk,86,7,2,Over
3,talk,87,7,1,Over
3,talk,88,8,1,Over
3,talk,89,8,4,Over
3,talk,90,8,2,Over
3,talk,91,8,15,ESTIMATE Agent[08] WEREWOLF
3,talk,92,8,9,VOTE Agent[02]
3,talk,93,8,7,Over
3,talk,94,8,13,Over
3,talk,95,8,8,VOTE Agent[01]
3,talk,96,8,6,Over
3,talk,97,8,5,Over
3,talk,98,8,10,Over
3,talk,99,9,1,Over
3,talk,100,9,5,Over
3,talk,101,9,10,Over
3,talk,102,9,15,ESTIMATE Agent[08] WEREWOLF
3,talk,103,9,6,Over
3,talk,104,9,2,Over
3,talk,105,9,13,Over
3,talk,106,9,8,VOTE Agent[01]
3,talk,107,9,7,Over
3,talk,108,9,4,Over
3,talk,109,9,9,VOTE Agent[05]
3,talk,110,10,15,Over
3,talk,111,10,4,Over
3,talk,112,10,7,Over
3,talk,113,10,2,Over
3,talk,114,10,10,Over
3,talk,115,10,6,Over
3,talk,116,10,8,Over
3,talk,117,10,5,Over
3,talk,118,10,13,Over
3,talk,119,10,9,Over
3,talk,120,10,1,Over
3,vote,1,8
3,vote,2,8
3,vote,4,8
3,vote,5,8
3,vote,6,8
3,vote,7,8
3,vote,8,5
3,vote,9,5
3,vote,10,8
3,vote,13,8
3,vote,15,8
3,execute,8,WEREWOLF
3,guard,15,13,VILLAGER
3,attackVote,9,2
3,attack,2,true
4,status,1,VILLAGER,ALIVE,tonkatsu
4,status,2,VILLAGER,DEAD,KP22
4,status,3,MEDIUM,DEAD,kgu_ryu
4,status,4,VILLAGER,ALIVE,sUper_IL
4,status,5,VILLAGER,ALIVE,daphne
4,status,6,VILLAGER,ALIVE,Ncu702
4,status,7,VILLAGER,ALIVE,ice
4,status,8,WEREWOLF,DEAD,mikami
4,status,9,WEREWOLF,ALIVE,Baguette
4,status,10,VILLAGER,ALIVE,ichida
4,status,11,SEER,DEAD,Hachi2
4,status,12,POSSESSED,DEAD,takoyaki
4,status,13,VILLAGER,ALIVE,CanisLupus
4,status,14,WEREWOLF,DEAD,ioh
4,status,15,BODYGUARD,ALIVE,Basket
4,talk,0,0,1,VOTE Agent[05]
4,talk,1,0,10,VOTE Agent[05]
4,talk,2,0,6,VOTE Agent[05]
4,talk,3,0,4,VOTE Agent[01]
4,talk,4,0,5,VOTE Agent[01]
4,talk,5,0,9,VOTE Agent[05]
4,talk,6,0,13,VOTE Agent[01]
4,talk,7,0,7,VOTE Agent[05]
4,talk,8,0,15,VOTE Agent[01]
4,talk,9,1,10,Skip
4,talk,10,1,7,Skip
4,talk,11,1,9,VOTE Agent[15]
4,talk,12,1,5,VOTE Agent[01]
4,talk,13,1,4,VOTE Agent[01]
4,talk,14,1,15,ESTIMATE Agent[01] WEREWOLF
4,talk,15,1,6,VOTE Agent[01]
4,talk,16,1,13,Skip
4,talk,17,1,1,VOTE Agent[05]
4,talk,18,2,13,VOTE Agent[05]
4,talk,19,2,1,VOTE Agent[05]
4,talk,20,2,4,VOTE Agent[05]
4,talk,21,2,7,Skip
4,talk,22,2,10,Skip
4,talk,23,2,9,VOTE Agent[04]
4,talk,24,2,15,VOTE Agent[09]
4,talk,25,2,6,VOTE Agent[05]
4,talk,26,2,5,VOTE Agent[09]
4,talk,27,3,1,Skip
4,talk,28,3,13,Skip
4,talk,29,3,5,VOTE Agent[09]
4,talk,30,3,6,Skip
4,talk,31,3,15,REQUEST ANY (VOTE Agent[09])
4,talk,32,3,9,VOTE Agent[13]
4,talk,33,3,10,Over
4,talk,34,3,4,Skip
4,talk,35,3,7,Over
4,talk,36,4,9,VOTE Agent[06]
4,talk,37,4,1,Skip
4,talk,38,4,10,Over
4,talk,39,4,6,Skip
4,talk,40,4,4,Skip
4,talk,41,4,13,Skip
4,talk,42,4,5,VOTE Agent[09]
4,talk,43,4,15,ESTIMATE Agent[09] WEREWOLF
4,talk,44,4,7,Over
4,talk,45,5,15,REQUEST ANY (VOTE Agent[09])
4,talk,46,5,7,Over
4,talk,47,5,10,Over
4,talk,48,5,6,Over
4,talk,49,5,1,Over
4,talk,50,5,13,Over
4,talk,51,5,5,VOTE Agent[09]
4,talk,52,5,4,Over
4,talk,53,5,9,VOTE Agent[10]
4,talk,54,6,15,VOTE Agent[09]
4,talk,55,6,10,Over
4,talk,56,6,4,Over
4,talk,57,6,13,Over
4,talk,58,6,6,Over
4,talk,59,6,9,VOTE Agent[07]
4,talk,60,6,1,Over
4,talk,61,6,5,VOTE Agent[09]
4,talk,62,6,7,Over
4,talk,63,7,13,Over
4,talk,64,7,6,Over
4,talk,65,7,7,Over
4,talk,66,7,1,Over
4,talk,67,7,15,VOTE Agent[09]
4,talk,68,7,9,VOTE Agent[04]
4,talk,69,7,4,Over
4,talk,70,7,5,VOTE Agent[09]
4,talk,71,7,10,Over
4,talk,72,8,6,Over
4,talk,73,8,13,Over
4,talk,74,8,10,Over
4,talk,75,8,4,Over
4,talk,76,8,5,VOTE Agent[09]
4,talk,77,8,1,Over
4,talk,78,8,7,Over
4,talk,79,8,9,VOTE Agent[01]
4,talk,80,8,15,ESTIMATE Agent[09] WEREWOLF
4,talk,81,9,13,Over
4,talk,82,9,10,Over
4,talk,83,9,7,Over
4,talk,84,9,1,Over
4,talk,85,9,9,VOTE Agent[10]
4,talk,86,9,6,Over
4,talk,87,9,15,REQUEST ANY (VOTE Agent[09])
4,talk,88,9,4,Over
4,talk,89,9,5,VOTE Agent[09]
4,talk,90,10,4,Over
4,talk,91,10,1,Over
4,talk,92,10,15,Over
4,talk,93,10,5,Over
4,talk,94,10,7,Over
4,talk,95,10,13,Over
4,talk,96,10,10,Over
4,talk,97,10,6,Over
4,talk,98,10,9,Over
4,vote,1,5
4,vote,4,5
4,vote,5,15
4,vote,6,5
4,vote,7,5
4,vote,9,10
4,vote,10,5
4,vote,13,5
4,vote,15,5
4,execute,5,VILLAGER
4,guard,15,13,VILLAGER
4,attack,6,true
5,status,1,VILLAGER,ALIVE,tonkatsu
5,status,2,VILLAGER,DEAD,KP22
5,status,3,MEDIUM,DEAD,kgu_ryu
5,status,4,VILLAGER,ALIVE,sUper_IL
5,status,5,VILLAGER,DEAD,daphne
5,status,6,VILLAGER,DEAD,Ncu702
5,status,7,VILLAGER,ALIVE,ice
5,status,8,WEREWOLF,DEAD,mikami
5,status,9,WEREWOLF,ALIVE,Baguette
5,status,10,VILLAGER,ALIVE,ichida
5,status,11,SEER,DEAD,Hachi2
5,status,12,POSSESSED,DEAD,takoyaki
5,status,13,VILLAGER,ALIVE,CanisLupus
5,status,14,WEREWOLF,DEAD,ioh
5,status,15,BODYGUARD,ALIVE,Basket
5,talk,0,0,9,VOTE Agent[07]
5,talk,1,0,4,VOTE Agent[09]
5,talk,2,0,1,VOTE Agent[09]
5,talk,3,0,15,VOTE Agent[09]
5,talk,4,0,10,VOTE Agent[09]
5,talk,5,0,13,VOTE Agent[09]
5,talk,6,0,7,VOTE Agent[09]
5,talk,7,1,15,VOTE Agent[09]
5,talk,8,1,13,Skip
5,talk,9,1,10,Skip
5,talk,10,1,1,Skip
5,talk,11,1,9,VOTE Agent[07]
5,talk,12,1,7,Skip
5,talk,13,1,4,Skip
5,talk,14,2,10,Skip
5,talk,15,2,9,VOTE Agent[13]
5,talk,16,2,4,Skip
5,talk,17,2,13,Skip
5,talk,18,2,15,REQUEST ANY (VOTE Agent[09])
5,talk,19,2,7,Skip
5,talk,20,2,1,Skip
5,talk,21,3,9,VOTE Agent[07]
5,talk,22,3,1,Over
5,talk,23,3,4,Over
5,talk,24,3,15,REQUEST ANY (VOTE Agent[09])
5,talk,25,3,13,Over
5,talk,26,3,10,Over
5,talk,27,3,7,Over
5,talk,28,4,1,Over
5,talk,29,4,7,Over
5,talk,30,4,9,VOTE Agent[15]
5,talk,31,4,4,Over
5,talk,32,4,10,Over
5,talk,33,4,15,REQUEST ANY (VOTE Agent[09])
5,talk,34,4,13,Over
5,talk,35,5,15,ESTIMATE Agent[09] WEREWOLF
5,talk,36,5,7,Over
5,talk,37,5,13,Over
5,talk,38,5,1,Over
5,talk,39,5,9,VOTE Agent[15]
5,talk,40,5,10,Over
5,talk,41,5,4,Over
5,talk,42,6,1,Over
5,talk,43,6,4,Over
5,talk,44,6,9,VOTE Agent[15]
5,talk,45,6,7,Over
5,talk,46,6,10,Over
5,talk,47,6,13,Over
5,talk,48,6,15,REQUEST ANY (VOTE Agent[09])
5,talk,49,7,4,Over
5,talk,50,7,10,Over
5,talk,51,7,7,Over
5,talk,52,7,1,Over
5,talk,53,7,9,VOTE Agent[15]
5,talk,54,7,13,Over
5,talk,55,7,15,VOTE Agent[09]
5,talk,56,8,15,ESTIMATE Agent[09] WEREWOLF
5,talk,57,8,10,Over
5,talk,58,8,7,Over
5,talk,59,8,9,VOTE Agent[01]
5,talk,60,8,1,Over
5,talk,61,8,13,Over
5,talk,62,8,4,Over
5,talk,63,9,13,Over
5,talk,64,9,15,REQUEST ANY (VOTE Agent[09])
5,talk,65,9,7,Over
5,talk,66,9,10,Over
5,talk,67,9,1,Over
5,talk,68,9,4,Over
5,talk,69,9,9,VOTE Agent[01]
5,talk,70,10,10,Over
5,talk,71,10,1,Over
5,talk,72,10,4,Over
5,talk,73,10,15,Over
5,talk,74,10,13,Over
5,talk,75,10,9,Over
5,talk,76,10,7,Over
5,vote,1,9
5,vote,4,9
5,vote,7,9
5,vote,9,1
5,vote,10,9
5,vote,13,9
5,vote,15,9
5,execute,9,WEREWOLF
5,guard,15,13,VILLAGER
6,status,1,VILLAGER,ALIVE,tonkatsu
6,status,2,VILLAGER,DEAD,KP22
6,status,3,MEDIUM,DEAD,kgu_ryu
6,status,4,VILLAGER,ALIVE,sUper_IL
6,status,5,VILLAGER,DEAD,daphne
6,status,6,VILLAGER,DEAD,Ncu702
6,status,7,VILLAGER,ALIVE,ice
6,status,8,WEREWOLF,DEAD,mikami
6,status,9,WEREWOLF,DEAD,Baguette
6,status,10,VILLAGER,ALIVE,ichida
6,status,11,SEER,DEAD,Hachi2
6,status,12,POSSESSED,DEAD,takoyaki
6,status,13,VILLAGER,ALIVE,CanisLupus
6,status,14,WEREWOLF,DEAD,ioh
6,status,15,BODYGUARD,ALIVE,Basket
6,result,6,0,VILLAGER
