0,status,1,MEDIUM,ALIVE,tonkatsu
0,status,2,VILLAGER,ALIVE,KP22
0,status,3,VILLAGER,ALIVE,kgu_ryu
0,status,4,VILLAGER,ALIVE,sUper_IL
0,status,5,VILLAGER,ALIVE,daphne
0,status,6,WEREWOLF,ALIVE,Ncu702
0,status,7,WEREWOLF,ALIVE,ice
0,status,8,VILLAGER,ALIVE,mikami
0,status,9,SEER,ALIVE,Baguette
0,status,10,POSSESSED,ALIVE,ichida
0,status,11,WEREWOLF,ALIVE,Hachi2
0,status,12,VILLAGER,ALIVE,takoyaki
0,status,13,BODYGUARD,ALIVE,CanisLupus
0,status,14,VILLAGER,ALIVE,ioh
0,status,15,VILLAGER,ALIVE,Basket
0,whisper,0,0,7,Skip
0,whisper,1,0,6,Skip
0,whisper,2,0,11,Skip
0,whisper,3,1,11,Skip
0,whisper,4,1,6,Skip
0,whisper,5,1,7,Skip
0,whisper,6,2,7,Over
0,whisper,7,2,11,Over
0,whisper,8,2,6,Over
0,divine,9,7,WEREWOLF
1,status,1,MEDIUM,ALIVE,tonkatsu
1,status,2,VILLAGER,ALIVE,KP22
1,status,3,VILLAGER,ALIVE,kgu_ryu
1,status,4,VILLAGER,ALIVE,sUper_IL
1,status,5,VILLAGER,ALIVE,daphne
1,status,6,WEREWOLF,ALIVE,Ncu702
1,status,7,WEREWOLF,ALIVE,ice
1,status,8,VILLAGER,ALIVE,mikami
1,status,9,SEER,ALIVE,Baguette
1,status,10,POSSESSED,ALIVE,ichida
1,status,11,WEREWOLF,ALIVE,Hachi2
1,status,12,VILLAGER,ALIVE,takoyaki
1,status,13,BODYGUARD,ALIVE,CanisLupus
1,status,14,VILLAGER,ALIVE,ioh
1,status,15,VILLAGER,ALIVE,Basket
1,talk,0,0,1,COMINGOUT Agent[01] MEDIUM
1,talk,1,0,5,VOTE Agent[13]
1,talk,2,0,13,VOTE Agent[10]
1,talk,3,0,6,VOTE Agent[10]
1,talk,4,0,15,ESTIMATE Agent[10] WEREWOLF
1,talk,5,0,4,VOTE Agent[10]
1,talk,6,0,2,VOTE Agent[10]
1,talk,7,0,10,VOTE Agent[13]
1,talk,8,0,3,VOTE Agent[10]
1,talk,9,0,8,VOTE Agent[10]
1,talk,10,0,11,VOTE Agent[10]
1,talk,11,0,12,VOTE Agent[10]
1,talk,12,0,14,REQUEST ANY (VOTE Agent[10])
1,talk,13,0,7,VOTE Agent[10]
1,talk,14,0,9,COMINGOUT Agent[09] SEER
1,talk,15,1,14,REQUEST ANY (VOTE Agent[11])
1,talk,16,1,8,Skip
1,talk,17,1,3,VOTE Agent[08]
1,talk,18,1,6,Skip
1,talk,19,1,1,VOTE Agent[08]
1,talk,20,1,15,VOTE Agent[07]
1,talk,21,1,5,VOTE Agent[10]
1,talk,22,1,13,VOTE Agent[11]
1,talk,23,1,7,Skip
1,talk,24,1,11,Skip
1,talk,25,1,4,VOTE Agent[11]
1,talk,26,1,2,VOTE Agent[11]
1,talk,27,1,10,VOTE Agent[11]
1,talk,28,1,12,VOTE Agent[10]
1,talk,29,1,9,DIVINED Agent[07] WEREWOLF
1,talk,30,2,8,VOTE Agent[10]
1,talk,31,2,12,VOTE Agent[08]
1,talk,32,2,2,VOTE Agent[11]
1,talk,33,2,3,VOTE Agent[08]
1,talk,34,2,13,VOTE Agent[11]
1,talk,35,2,15,REQUEST ANY (VOTE Agent[11])
1,talk,36,2,5,VOTE Agent[10]
1,talk,37,2,11,Skip
1,talk,38,2,4,VOTE Agent[08]
1,talk,39,2,10,VOTE Agent[08]
1,talk,40,2,1,VOTE Agent[07]
1,talk,41,2,6,Skip
1,talk,42,2,7,Skip
1,talk,43,2,14,VOTE Agent[06]
1,talk,44,2,9,VOTE Agent[07]
1,talk,45,3,6,Over
1,talk,46,3,9,VOTE Agent[07]
1,talk,47,3,3,VOTE Agent[06]
1,talk,48,3,5,VOTE Agent[10]
1,talk,49,3,15,REQUEST ANY (VOTE Agent[07])
1,talk,50,3,12,VOTE Agent[07]
1,talk,51,3,11,Over
1,talk,52,3,7,Over
1,talk,53,3,2,VOTE Agent[11]
1,talk,54,3,4,VOTE Agent[11]
1,talk,55,3,14,VOTE Agent[07]
1,talk,56,3,8,VOTE Agent[07]
1,talk,57,3,13,VOTE Agent[06]
1,talk,58,3,1,VOTE Agent[11]
1,talk,59,3,10,VOTE Agent[07]
1,talk,60,4,10,Skip
1,talk,61,4,11,VOTE Agent[07]
1,talk,62,4,8,VOTE Agent[07]
1,talk,63,4,2,VOTE Agent[11]
1,talk,64,4,5,VOTE Agent[07]
1,talk,65,4,12,Skip
1,talk,66,4,13,VOTE Agent[11]
1,talk,67,4,4,VOTE Agent[11]
1,talk,68,4,9,VOTE Agent[07]
1,talk,69,4,6,VOTE Agent[07]
1,talk,70,4,7,VOTE Agent[11]
1,talk,71,4,1,Skip
1,talk,72,4,14,ESTIMATE Agent[07] WEREWOLF
1,talk,73,4,3,VOTE Agent[07]
1,talk,74,4,15,VOTE Agent[07]
1,talk,75,5,14,REQUEST ANY (VOTE Agent[07])
1,talk,76,5,1,VOTE Agent[07]
1,talk,77,5,5,Skip
1,talk,78,5,13,VOTE Agent[07]
1,talk,79,5,8,Skip
1,talk,80,5,4,VOTE Agent[11]
1,talk,81,5,15,VOTE Agent[07]
1,talk,82,5,7,VOTE Agent[11]
1,talk,83,5,11,Skip
1,talk,84,5,6,Skip
1,talk,85,5,9,VOTE Agent[07]
1,talk,86,5,10,Skip
1,talk,87,5,2,VOTE Agent[11]
1,talk,88,5,12,Skip
1,talk,89,5,3,Skip
1,talk,90,6,2,VOTE Agent[07]
1,talk,91,6,4,VOTE Agent[07]
1,talk,92,6,9,VOTE Agent[07]
1,talk,93,6,7,VOTE Agent[11]
1,talk,94,6,13,Skip
1,talk,95,6,11,Skip
1,talk,96,6,1,Skip
1,talk,97,6,6,Skip
1,talk,98,6,12,Over
1,talk,99,6,15,VOTE Agent[07]
1,talk,100,6,5,Skip
1,talk,101,6,10,Over
1,talk,102,6,8,Skip
1,talk,103,6,14,VOTE Agent[07]
1,talk,104,6,3,Skip
1,talk,105,7,13,Skip
1,talk,106,7,4,Skip
1,talk,107,7,12,Over
1,talk,108,7,11,Over
1,talk,109,7,9,VOTE Agent[07]
1,talk,110,7,10,Over
1,talk,111,7,14,ESTIMATE Agent[07] WEREWOLF
1,talk,112,7,5,Over
1,talk,113,7,15,ESTIMATE Agent[07] WEREWOLF
1,talk,114,7,8,Over
1,talk,115,7,7,VOTE Agent[11]
1,talk,116,7,2,Skip
1,talk,117,7,3,Over
1,talk,118,7,1,Skip
1,talk,119,7,6,Over
1,talk,120,8,12,Over
1,talk,121,8,15,ESTIMATE Agent[07] WEREWOLF
1,talk,122,8,7,VOTE Agent[11]
1,talk,123,8,8,Over
1,talk,124,8,6,Over
1,talk,125,8,10,Over
1,talk,126,8,11,Over
1,talk,127,8,9,VOTE Agent[07]
1,talk,128,8,13,Over
1,talk,129,8,1,Over
1,talk,130,8,2,Skip
1,talk,131,8,14,REQUEST ANY (VOTE Agent[07])
1,talk,132,8,5,Over
1,talk,133,8,4,Skip
1,talk,134,8,3,Over
1,talk,135,9,11,Over
1,talk,136,9,2,Over
1,talk,137,9,10,Over
1,talk,138,9,14,REQUEST ANY (VOTE Agent[07])
1,talk,139,9,1,Over
1,talk,140,9,15,ESTIMATE Agent[07] WEREWOLF
1,talk,141,9,3,Over
1,talk,142,9,7,VOTE Agent[11]
1,talk,143,9,9,VOTE Agent[07]
1,talk,144,9,4,Over
1,talk,145,9,8,Over
1,talk,146,9,6,Over
1,talk,147,9,12,Over
1,talk,148,9,13,Over
1,talk,149,9,5,Over
1,talk,150,10,4,Over
1,talk,151,10,8,Over
1,talk,152,10,6,Over
1,talk,153,10,3,Over
1,talk,154,10,5,Over
1,talk,155,10,9,Over
1,talk,156,10,11,Over
1,talk,157,10,15,Over
1,talk,158,10,2,Over
1,talk,159,10,14,Over
1,talk,160,10,13,Over
1,talk,161,10,10,Over
1,talk,162,10,12,Over
1,talk,163,10,1,Over
1,talk,164,10,7,VOTE Agent[11]
1,talk,165,11,5,Over
1,talk,166,11,7,VOTE Agent[11]
1,talk,167,11,11,Over
1,talk,168,11,15,Over
1,talk,169,11,14,Over
1,talk,170,11,9,Over
1,talk,171,11,8,Over
1,talk,172,11,12,Over
1,talk,173,11,3,Over
1,talk,174,11,10,Over
1,talk,175,11,6,Over
1,talk,176,11,13,Over
1,talk,177,11,2,Over
1,talk,178,11,1,Over
1,talk,179,11,4,Over
1,talk,180,12,3,Over
1,talk,181,12,10,Over
1,talk,182,12,15,Over
1,talk,183,12,13,Over
1,talk,184,12,8,Over
1,talk,185,12,4,Over
1,talk,186,12,2,Over
1,talk,187,12,7,VOTE Agent[11]
1,talk,188,12,11,Over
1,talk,189,12,9,Over
1,talk,190,12,1,VOTE Agent[11]
1,talk,191,12,6,Over
1,talk,192,12,5,Over
1,talk,193,12,14,Over
1,talk,194,12,12,Over
1,talk,195,13,5,Over
1,talk,196,13,3,Over
1,talk,197,13,7,Over
1,talk,198,13,4,Over
1,talk,199,13,12,Over
1,talk,200,13,15,Over
1,talk,201,13,9,Over
1,talk,202,13,6,Over
1,talk,203,13,14,Over
1,talk,204,13,13,Over
1,talk,205,13,10,Over
1,talk,206,13,11,Over
1,talk,207,13,2,Over
1,talk,208,13,8,Over
1,talk,209,13,1,Skip
1,talk,210,14,1,VOTE Agent[07]
1,talk,211,14,7,Over
1,talk,212,14,14,Over
1,talk,213,14,11,Over
1,talk,214,14,10,Over
1,talk,215,14,6,Over
1,talk,216,14,5,Over
1,talk,217,14,13,Over
1,talk,218,14,9,Over
1,talk,219,14,3,Over
1,talk,220,14,15,Over
1,talk,221,14,8,Over
1,talk,222,14,12,Over
1,talk,223,14,2,Over
1,talk,224,14,4,Over
1,talk,225,15,9,Over
1,talk,226,15,4,Over
1,talk,227,15,3,Over
1,talk,228,15,1,Skip
1,talk,229,15,6,Over
1,talk,230,15,14,Over
1,talk,231,15,2,Over
1,talk,232,15,11,Over
1,talk,233,15,13,Over
1,talk,234,15,7,Over
1,talk,235,15,8,Over
1,talk,236,15,5,Over
1,talk,237,15,15,Over
1,talk,238,15,10,Over
1,talk,239,15,12,Over
1,talk,240,16,9,Over
1,talk,241,16,10,Over
1,talk,242,16,4,Over
1,talk,243,16,1,Skip
1,talk,244,16,5,Over
1,talk,245,16,12,Over
1,talk,246,16,2,Over
1,talk,247,16,3,Over
1,talk,248,16,8,Over
1,talk,249,16,13,Over
1,talk,250,16,7,Over
1,talk,251,16,11,Over
1,talk,252,16,14,Over
1,talk,253,16,6,Over
1,talk,254,16,15,Over
1,talk,255,17,3,Over
1,talk,256,17,11,Over
1,talk,257,17,8,Over
1,talk,258,17,1,Over
1,talk,259,17,6,Over
1,talk,260,17,4,Over
1,talk,261,17,13,Over
1,talk,262,17,14,Over
1,talk,263,17,5,Over
1,talk,264,17,2,Over
1,talk,265,17,12,Over
1,talk,266,17,7,Over
1,talk,267,17,15,Over
1,talk,268,17,9,Over
1,talk,269,17,10,Over
1,vote,1,7
1,vote,2,7
1,vote,3,7
1,vote,4,7
1,vote,5,7
1,vote,6,7
1,vote,7,11
1,vote,8,7
1,vote,9,7
1,vote,10,7
1,vote,11,7
1,vote,12,7
1,vote,13,7
1,vote,14,7
1,vote,15,7
1,execute,7,WEREWOLF
1,divine,9,11,WEREWOLF
1,whisper,0,0,11,Skip
1,whisper,1,0,6,Skip
1,whisper,2,1,11,Skip
1,whisper,3,1,6,Skip
1,whisper,4,2,6,Over
1,whisper,5,2,11,Over
1,guard,13,9,SEER
1,attackVote,6,2
1,attackVote,11,13
1,attackVote,6,2
1,attackVote,11,13
1,attack,2,true
2,status,1,MEDIUM,ALIVE,tonkatsu
2,status,2,VILLAGER,DEAD,KP22
2,status,3,VILLAGER,ALIVE,kgu_ryu
2,status,4,VILLAGER,ALIVE,sUper_IL
2,status,5,VILLAGER,ALIVE,daphne
2,status,6,WEREWOLF,ALIVE,Ncu702
2,status,7,WEREWOLF,DEAD,ice
2,status,8,VILLAGER,ALIVE,mikami
2,status,9,SEER,ALIVE,Baguette
2,status,10,POSSESSED,ALIVE,ichida
2,status,11,WEREWOLF,ALIVE,Hachi2
2,status,12,VILLAGER,ALIVE,takoyaki
2,status,13,BODYGUARD,ALIVE,CanisLupus
2,status,14,VILLAGER,ALIVE,ioh
2,status,15,VILLAGER,ALIVE,Basket
2,talk,0,0,4,VOTE Agent[11]
2,talk,1,0,3,VOTE Agent[11]
2,talk,2,0,10,VOTE Agent[11]
2,talk,3,0,12,VOTE Agent[11]
2,talk,4,0,14,ESTIMATE Agent[06] WEREWOLF
2,talk,5,0,6,VOTE Agent[11]
2,talk,6,0,1,IDENTIFIED Agent[07] WEREWOLF
2,talk,7,0,5,VOTE Agent[11]
2,talk,8,0,9,DIVINED Agent[11] WEREWOLF
2,talk,9,0,15,VOTE Agent[06]
2,talk,10,0,13,VOTE Agent[11]
2,talk,11,0,8,VOTE Agent[11]
2,talk,12,0,11,VOTE Agent[06]
2,talk,13,1,9,VOTE Agent[11]
2,talk,14,1,4,Skip
2,talk,15,1,6,Skip
2,talk,16,1,8,Skip
2,talk,17,1,3,Skip
2,talk,18,1,15,ESTIMATE Agent[11] WEREWOLF
2,talk,19,1,12,Skip
2,talk,20,1,13,Skip
2,talk,21,1,5,Skip
2,talk,22,1,1,VOTE Agent[11]
2,talk,23,1,14,VOTE Agent[11]
2,talk,24,1,11,VOTE Agent[06]
2,talk,25,1,10,Skip
2,talk,26,2,4,Skip
2,talk,27,2,9,VOTE Agent[11]
2,talk,28,2,3,Skip
2,talk,29,2,13,Skip
2,talk,30,2,12,Skip
2,talk,31,2,10,Skip
2,talk,32,2,15,REQUEST ANY (VOTE Agent[11])
2,talk,33,2,6,Skip
2,talk,34,2,1,Skip
2,talk,35,2,11,VOTE Agent[06]
2,talk,36,2,8,Skip
2,talk,37,2,5,Skip
2,talk,38,2,14,VOTE Agent[11]
2,talk,39,3,15,VOTE Agent[11]
2,talk,40,3,9,VOTE Agent[11]
2,talk,41,3,6,Over
2,talk,42,3,13,Over
2,talk,43,3,8,Over
2,talk,44,3,11,VOTE Agent[06]
2,talk,45,3,3,Over
2,talk,46,3,5,Over
2,talk,47,3,14,VOTE Agent[11]
2,talk,48,3,1,Skip
2,talk,49,3,4,Over
2,talk,50,3,10,Over
2,talk,51,3,12,Over
2,talk,52,4,5,Over
2,talk,53,4,12,Over
2,talk,54,4,9,VOTE Agent[11]
2,talk,55,4,3,Over
2,talk,56,4,15,REQUEST ANY (VOTE Agent[11])
2,talk,57,4,13,Over
2,talk,58,4,10,Over
2,talk,59,4,6,Over
2,talk,60,4,4,Over
2,talk,61,4,14,ESTIMATE Agent[11] WEREWOLF
2,talk,62,4,8,Over
2,talk,63,4,11,VOTE Agent[06]
2,talk,64,4,1,Over
2,talk,65,5,15,VOTE Agent[11]
2,talk,66,5,3,Over
2,talk,67,5,14,ESTIMATE Agent[11] WEREWOLF
2,talk,68,5,4,Over
2,talk,69,5,1,Over
2,talk,70,5,8,Over
2,talk,71,5,11,VOTE Agent[06]
2,talk,72,5,5,Over
2,talk,73,5,6,Over
2,talk,74,5,10,Over
2,talk,75,5,13,Over
2,talk,76,5,12,Over
2,talk,77,5,9,VOTE Agent[11]
2,talk,78,6,14,VOTE Agent[11]
2,talk,79,6,3,Over
2,talk,80,6,8,Over
2,talk,81,6,9,VOTE Agent[11]
2,talk,82,6,5,Over
2,talk,83,6,10,Over
2,talk,84,6,6,Over
2,talk,85,6,11,VOTE Agent[06]
2,talk,86,6,15,VOTE Agent[11]
2,talk,87,6,13,Over
2,talk,88,6,1,Over
2,talk,89,6,4,Over
2,talk,90,6,12,Over
2,talk,91,7,14,REQUEST ANY (VOTE Agent[11])
2,talk,92,7,12,Over
2,talk,93,7,6,Over
2,talk,94,7,3,Over
2,talk,95,7,15,REQUEST ANY (VOTE Agent[11])
2,talk,96,7,11,VOTE Agent[06]
2,talk,97,7,1,Over
2,talk,98,7,13,Over
2,talk,99,7,5,Over
2,talk,100,7,10,Over
2,talk,101,7,4,Over
2,talk,102,7,8,Over
2,talk,103,7,9,VOTE Agent[11]
2,talk,104,8,4,Over
2,talk,105,8,6,Over
2,talk,106,8,12,Over
2,talk,107,8,3,Over
2,talk,108,8,10,Over
2,talk,109,8,15,ESTIMATE Agent[11] WEREWOLF
2,talk,110,8,14,REQUEST ANY (VOTE Agent[11])
2,talk,111,8,5,Over
2,talk,112,8,13,Over
2,talk,113,8,9,VOTE Agent[11]
2,talk,114,8,1,Over
2,talk,115,8,11,VOTE Agent[06]
2,talk,116,8,8,Over
2,talk,117,9,5,Over
2,talk,118,9,11,VOTE Agent[06]
2,talk,119,9,13,Over
2,talk,120,9,14,VOTE Agent[11]
2,talk,121,9,15,VOTE Agent[11]
2,talk,122,9,4,Over
2,talk,123,9,9,VOTE Agent[11]
2,talk,124,9,3,Over
2,talk,125,9,12,Over
2,talk,126,9,10,Over
2,talk,127,9,6,Over
2,talk,128,9,8,Over
2,talk,129,9,1,Over
2,talk,130,10,11,Over
2,talk,131,10,10,Over
2,talk,132,10,1,Over
2,talk,133,10,13,Over
2,talk,134,10,12,Over
2,talk,135,10,4,Over
2,talk,136,10,3,Over
2,talk,137,10,14,Over
2,talk,138,10,5,Over
2,talk,139,10,15,Over
2,talk,140,10,9,Over
2,talk,141,10,6,Over
2,talk,142,10,8,Over
2,vote,1,11
2,vote,3,11
2,vote,4,11
2,vote,5,11
2,vote,6,11
2,vote,8,11
2,vote,9,11
2,vote,10,11
2,vote,11,6
2,vote,12,11
2,vote,13,11
2,vote,14,11
2,vote,15,11
2,execute,11,WEREWOLF
2,divine,9,4,HUMAN
2,guard,13,9,SEER
2,attackVote,6,3
2,attack,3,true
3,status,1,MEDIUM,ALIVE,tonkatsu
3,status,2,VILLAGER,DEAD,KP22
3,status,3,VILLAGER,DEAD,kgu_ryu
3,status,4,VILLAGER,ALIVE,sUper_IL
3,status,5,VILLAGER,ALIVE,daphne
3,status,6,WEREWOLF,ALIVE,Ncu702
3,status,7,WEREWOLF,DEAD,ice
3,status,8,VILLAGER,ALIVE,mikami
3,status,9,SEER,ALIVE,Baguette
3,status,10,POSSESSED,ALIVE,ichida
3,status,11,WEREWOLF,DEAD,Hachi2
3,status,12,VILLAGER,ALIVE,takoyaki
3,status,13,BODYGUARD,ALIVE,CanisLupus
3,status,14,VILLAGER,ALIVE,ioh
3,status,15,VILLAGER,ALIVE,Basket
3,talk,0,0,10,VOTE Agent[09]
3,talk,1,0,13,VOTE Agent[06]
3,talk,2,0,1,IDENTIFIED Agent[11] WEREWOLF
3,talk,3,0,9,DIVINED Agent[04] HUMAN
3,talk,4,0,6,VOTE Agent[09]
3,talk,5,0,14,VOTE Agent[06]
3,talk,6,0,8,VOTE Agent[06]
3,talk,7,0,15,VOTE Agent[06]
3,talk,8,0,4,VOTE Agent[06]
3,talk,9,0,12,VOTE Agent[06]
3,talk,10,0,5,VOTE Agent[06]
3,talk,11,1,9,VOTE Agent[06]
3,talk,12,1,6,VOTE Agent[09]
3,talk,13,1,15,REQUEST ANY (VOTE Agent[06])
3,talk,14,1,8,Skip
3,talk,15,1,14,VOTE Agent[06]
3,talk,16,1,13,Skip
3,talk,17,1,4,Skip
3,talk,18,1,12,Skip
3,talk,19,1,5,Skip
3,talk,20,1,1,VOTE Agent[06]
3,talk,21,1,10,VOTE Agent[06]
3,talk,22,2,1,Skip
3,talk,23,2,8,Skip
3,talk,24,2,9,VOTE Agent[10]
3,talk,25,2,15,ESTIMATE Agent[06] WEREWOLF
3,talk,26,2,10,Skip
3,talk,27,2,12,Skip
3,talk,28,2,13,Skip
3,talk,29,2,6,VOTE Agent[09]
3,talk,30,2,14,ESTIMATE Agent[06] WEREWOLF
3,talk,31,2,5,Skip
3,talk,32,2,4,Skip
3,talk,33,3,6,VOTE Agent[09]
3,talk,34,3,4,VOTE Agent[08]
3,talk,35,3,12,VOTE Agent[08]
3,talk,36,3,1,VOTE Agent[08]
3,talk,37,3,14,ESTIMATE Agent[08] WEREWOLF
3,talk,38,3,5,VOTE Agent[06]
3,talk,39,3,9,VOTE Agent[06]
3,talk,40,3,15,VOTE Agent[08]
3,talk,41,3,10,Skip
3,talk,42,3,13,VOTE Agent[08]
3,talk,43,3,8,VOTE Agent[06]
3,talk,44,4,1,Skip
3,talk,45,4,5,VOTE Agent[08]
3,talk,46,4,4,Skip
3,talk,47,4,13,Skip
3,talk,48,4,12,Skip
3,talk,49,4,10,VOTE Agent[08]
3,talk,50,4,15,ESTIMATE Agent[08] WEREWOLF
3,talk,51,4,8,VOTE Agent[06]
3,talk,52,4,9,VOTE Agent[06]
3,talk,53,4,14,ESTIMATE Agent[08] WEREWOLF
3,talk,54,4,6,VOTE Agent[08]
3,talk,55,5,4,Skip
3,talk,56,5,1,Skip
3,talk,57,5,15,ESTIMATE Agent[08] WEREWOLF
3,talk,58,5,10,Skip
3,talk,59,5,5,Skip
3,talk,60,5,13,Skip
3,talk,61,5,8,VOTE Agent[06]
3,talk,62,5,14,VOTE Agent[08]
3,talk,63,5,12,Skip
3,talk,64,5,9,VOTE Agent[06]
3,talk,65,5,6,Skip
3,talk,66,6,9,VOTE Agent[06]
3,talk,67,6,4,Over
3,talk,68,6,13,Over
3,talk,69,6,12,Over
3,talk,70,6,15,ESTIMATE Agent[08] WEREWOLF
3,talk,71,6,1,Over
3,talk,72,6,8,VOTE Agent[06]
3,talk,73,6,10,Skip
3,talk,74,6,5,Skip
3,talk,75,6,14,REQUEST ANY (VOTE Agent[08])
3,talk,76,6,6,Skip
3,talk,77,7,6,Over
3,talk,78,7,1,Over
3,talk,79,7,8,VOTE Agent[06]
3,talk,80,7,5,Over
3,talk,81,7,9,VOTE Agent[06]
3,talk,82,7,15,REQUEST ANY (VOTE Agent[08])
3,talk,83,7,4,Over
3,talk,84,7,12,Over
3,talk,85,7,14,REQUEST ANY (VOTE Agent[08])
3,talk,86,7,13,Over
3,talk,87,7,10,Over
3,talk,88,8,14,ESTIMATE Agent[08] WEREWOLF
3,talk,89,8,12,Over
3,talk,90,8,6,Over
3,talk,91,8,10,Over
3,talk,92,8,15,VOTE Agent[08]
3,talk,93,8,8,VOTE Agent[06]
3,talk,94,8,1,Over
3,talk,95,8,9,VOTE Agent[06]
3,talk,96,8,13,Over
3,talk,97,8,4,Over
3,talk,98,8,5,Over
3,talk,99,9,5,Over
3,talk,100,9,8,VOTE Agent[06]
3,talk,101,9,14,REQUEST ANY (VOTE Agent[08])
3,talk,102,9,10,Over
3,talk,103,9,9,VOTE Agent[06]
3,talk,104,9,6,Over
3,talk,105,9,1,Over
3,talk,106,9,4,Over
3,talk,107,9,13,Over
3,talk,108,9,12,Over
3,talk,109,9,15,REQUEST ANY (VOTE Agent[08])
3,talk,110,10,10,Over
3,talk,111,10,4,Over
3,talk,112,10,8,VOTE Agent[06]
3,talk,113,10,13,Over
3,talk,114,10,5,Over
3,talk,115,10,1,Over
3,talk,116,10,12,Over
3,talk,117,10,15,Over
3,talk,118,10,6,Over
3,talk,119,10,9,Over
3,talk,120,10,14,Over
3,talk,121,11,6,Over
3,talk,122,11,12,Over
3,talk,123,11,8,VOTE Agent[06]
3,talk,124,11,13,Over
3,talk,125,11,9,Over
3,talk,126,11,4,Over
3,talk,127,11,1,Over
3,talk,128,11,5,Over
3,talk,129,11,14,Over
3,talk,130,11,10,Over
3,talk,131,11,15,Over
3,talk,132,12,6,Over
3,talk,133,12,12,Over
3,talk,134,12,14,Over
3,talk,135,12,1,Over
3,talk,136,12,4,Over
3,talk,137,12,10,Over
3,talk,138,12,13,Over
3,talk,139,12,5,Over
3,talk,140,12,9,Over
3,talk,141,12,8,Over
3,talk,142,12,15,Over
3,vote,1,8
3,vote,4,8
3,vote,5,8
3,vote,6,8
3,vote,8,6
3,vote,9,6
3,vote,10,8
3,vote,12,8
3,vote,13,8
3,vote,14,8
3,vote,15,8
3,execute,8,VILLAGER
3,divine,9,6,WEREWOLF
3,guard,13,9,SEER
3,attackVote,6,13
3,attack,13,true
4,status,1,MEDIUM,ALIVE,tonkatsu
4,status,2,VILLAGER,DEAD,KP22
4,status,3,VILLAGER,DEAD,kgu_ryu
4,status,4,VILLAGER,ALIVE,sUper_IL
4,status,5,VILLAGER,ALIVE,daphne
4,status,6,WEREWOLF,ALIVE,Ncu702
4,status,7,WEREWOLF,DEAD,ice
4,status,8,VILLAGER,DEAD,mikami
4,status,9,SEER,ALIVE,Baguette
4,status,10,POSSESSED,ALIVE,ichida
4,status,11,WEREWOLF,DEAD,Hachi2
4,status,12,VILLAGER,ALIVE,takoyaki
4,status,13,BODYGUARD,DEAD,CanisLupus
4,status,14,VILLAGER,ALIVE,ioh
4,status,15,VILLAGER,ALIVE,Basket
4,talk,0,0,4,VOTE Agent[06]
4,talk,1,0,15,REQUEST ANY (VOTE Agent[06])
4,talk,2,0,9,DIVINED Agent[06] WEREWOLF
4,talk,3,0,1,IDENTIFIED Agent[08] HUMAN
4,talk,4,0,5,VOTE Agent[06]
4,talk,5,0,14,ESTIMATE Agent[06] WEREWOLF
4,talk,6,0,6,VOTE Agent[01]
4,talk,7,0,12,VOTE Agent[06]
4,talk,8,0,10,VOTE Agent[06]
4,talk,9,1,14,ESTIMATE Agent[06] WEREWOLF
4,talk,10,1,5,Skip
4,talk,11,1,6,VOTE Agent[01]
4,talk,12,1,4,Skip
4,talk,13,1,1,VOTE Agent[06]
4,talk,14,1,9,VOTE Agent[06]
4,talk,15,1,10,Skip
4,talk,16,1,15,ESTIMATE Agent[06] WEREWOLF
4,talk,17,1,12,Skip
4,talk,18,2,12,Skip
4,talk,19,2,6,VOTE Agent[01]
4,talk,20,2,5,Skip
4,talk,21,2,14,VOTE Agent[06]
4,talk,22,2,1,Skip
4,talk,23,2,15,ESTIMATE Agent[06] WEREWOLF
4,talk,24,2,10,Skip
4,talk,25,2,9,VOTE Agent[06]
4,talk,26,2,4,Skip
4,talk,27,3,12,Over
4,talk,28,3,9,VOTE Agent[06]
4,talk,29,3,1,Skip
4,talk,30,3,10,Over
4,talk,31,3,4,Over
4,talk,32,3,6,VOTE Agent[01]
4,talk,33,3,14,REQUEST ANY (VOTE Agent[06])
4,talk,34,3,5,Over
4,talk,35,3,15,ESTIMATE Agent[06] WEREWOLF
4,talk,36,4,4,Over
4,talk,37,4,10,Over
4,talk,38,4,6,VOTE Agent[01]
4,talk,39,4,12,Over
4,talk,40,4,1,Over
4,talk,41,4,9,VOTE Agent[06]
4,talk,42,4,15,REQUEST ANY (VOTE Agent[06])
4,talk,43,4,5,Over
4,talk,44,4,14,REQUEST ANY (VOTE Agent[06])
4,talk,45,5,5,Over
4,talk,46,5,4,Over
4,talk,47,5,9,VOTE Agent[06]
4,talk,48,5,15,ESTIMATE Agent[06] WEREWOLF
4,talk,49,5,6,VOTE Agent[01]
4,talk,50,5,12,Over
4,talk,51,5,14,ESTIMATE Agent[06] WEREWOLF
4,talk,52,5,1,Over
4,talk,53,5,10,Over
4,talk,54,6,6,VOTE Agent[01]
4,talk,55,6,15,REQUEST ANY (VOTE Agent[06])
4,talk,56,6,14,VOTE Agent[06]
4,talk,57,6,10,Over
4,talk,58,6,9,VOTE Agent[06]
4,talk,59,6,5,Over
4,talk,60,6,4,Over
4,talk,61,6,12,Over
4,talk,62,6,1,Over
4,talk,63,7,5,Over
4,talk,64,7,12,Over
4,talk,65,7,1,Over
4,talk,66,7,14,ESTIMATE Agent[06] WEREWOLF
4,talk,67,7,6,VOTE Agent[01]
4,talk,68,7,4,Over
4,talk,69,7,9,VOTE Agent[06]
4,talk,70,7,10,Over
4,talk,71,7,15,REQUEST ANY (VOTE Agent[06])
4,talk,72,8,4,Over
4,talk,73,8,14,VOTE Agent[06]
4,talk,74,8,15,VOTE Agent[06]
4,talk,75,8,10,Over
4,talk,76,8,12,Over
4,talk,77,8,9,VOTE Agent[06]
4,talk,78,8,6,VOTE Agent[01]
4,talk,79,8,5,Over
4,talk,80,8,1,Over
4,talk,81,9,1,Over
4,talk,82,9,5,Over
4,talk,83,9,9,VOTE Agent[06]
4,talk,84,9,15,REQUEST ANY (VOTE Agent[06])
4,talk,85,9,10,Over
4,talk,86,9,6,VOTE Agent[01]
4,talk,87,9,12,Over
4,talk,88,9,14,VOTE Agent[06]
4,talk,89,9,4,Over
4,talk,90,10,6,Over
4,talk,91,10,15,Over
4,talk,92,10,14,Over
4,talk,93,10,12,Over
4,talk,94,10,5,Over
4,talk,95,10,9,Over
4,talk,96,10,4,Over
4,talk,97,10,10,Over
4,talk,98,10,1,Over
4,vote,1,6
4,vote,4,6
4,vote,5,6
4,vote,6,1
4,vote,9,6
4,vote,10,6
4,vote,12,6
4,vote,14,6
4,vote,15,6
4,execute,6,WEREWOLF
4,divine,9,10,HUMAN
5,status,1,MEDIUM,ALIVE,tonkatsu
5,status,2,VILLAGER,DEAD,KP22
5,status,3,VILLAGER,DEAD,kgu_ryu
5,status,4,VILLAGER,ALIVE,sUper_IL
5,status,5,VILLAGER,ALIVE,daphne
5,status,6,WEREWOLF,DEAD,Ncu702
5,status,7,WEREWOLF,DEAD,ice
5,status,8,VILLAGER,DEAD,mikami
5,status,9,SEER,ALIVE,Baguette
5,status,10,POSSESSED,ALIVE,ichida
5,status,11,WEREWOLF,DEAD,Hachi2
5,status,12,VILLAGER,ALIVE,takoyaki
5,status,13,BODYGUARD,DEAD,CanisLupus
5,status,14,VILLAGER,ALIVE,ioh
5,status,15,VILLAGER,ALIVE,Basket
5,result,8,0,VILLAGER
