0,status,1,SEER,ALIVE,tonkatsu
0,status,2,VILLAGER,ALIVE,KP22
0,status,3,VILLAGER,ALIVE,kgu_ryu
0,status,4,WEREWOLF,ALIVE,sUper_IL
0,status,5,WEREWOLF,ALIVE,daphne
0,status,6,BODYGUARD,ALIVE,Ncu702
0,status,7,VILLAGER,ALIVE,ice
0,status,8,VILLAGER,ALIVE,mikami
0,status,9,VILLAGER,ALIVE,Baguette
0,status,10,WEREWOLF,ALIVE,ichida
0,status,11,VILLAGER,ALIVE,Hachi2
0,status,12,POSSESSED,ALIVE,takoyaki
0,status,13,MEDIUM,ALIVE,CanisLupus
0,status,14,VILLAGER,ALIVE,ioh
0,status,15,VILLAGER,ALIVE,Basket
0,whisper,0,0,5,Skip
0,whisper,1,0,4,Skip
0,whisper,2,0,10,Skip
0,whisper,3,1,4,Skip
0,whisper,4,1,10,Skip
0,whisper,5,1,5,Skip
0,whisper,6,2,5,Over
0,whisper,7,2,4,Over
0,whisper,8,2,10,Over
0,divine,1,13,HUMAN
1,status,1,SEER,ALIVE,tonkatsu
1,status,2,VILLAGER,ALIVE,KP22
1,status,3,VILLAGER,ALIVE,kgu_ryu
1,status,4,WEREWOLF,ALIVE,sUper_IL
1,status,5,WEREWOLF,ALIVE,daphne
1,status,6,BODYGUARD,ALIVE,Ncu702
1,status,7,VILLAGER,ALIVE,ice
1,status,8,VILLAGER,ALIVE,mikami
1,status,9,VILLAGER,ALIVE,Baguette
1,status,10,WEREWOLF,ALIVE,ichida
1,status,11,VILLAGER,ALIVE,Hachi2
1,status,12,POSSESSED,ALIVE,takoyaki
1,status,13,MEDIUM,ALIVE,CanisLupus
1,status,14,VILLAGER,ALIVE,ioh
1,status,15,VILLAGER,ALIVE,Basket
1,talk,0,0,12,VOTE Agent[05]
1,talk,1,0,6,VOTE Agent[05]
1,talk,2,0,9,VOTE Agent[13]
1,talk,3,0,10,COMINGOUT Agent[10] SEER
1,talk,4,0,8,VOTE Agent[05]
1,talk,5,0,14,ESTIMATE Agent[05] WEREWOLF
1,talk,6,0,2,VOTE Agent[05]
1,talk,7,0,15,VOTE Agent[05]
1,talk,8,0,4,VOTE Agent[05]
1,talk,9,0,13,COMINGOUT Agent[13] MEDIUM
1,talk,10,0,1,COMINGOUT Agent[01] SEER
1,talk,11,0,5,VOTE Agent[10]
1,talk,12,0,7,VOTE Agent[05]
1,talk,13,0,3,VOTE Agent[05]
1,talk,14,0,11,VOTE Agent[05]
1,talk,15,1,1,DIVINED Agent[13] HUMAN
1,talk,16,1,11,Skip
1,talk,17,1,6,Skip
1,talk,18,1,7,Skip
1,talk,19,1,12,Skip
1,talk,20,1,3,Skip
1,talk,21,1,10,DIVINED Agent[05] HUMAN
1,talk,22,1,5,VOTE Agent[10]
1,talk,23,1,2,VOTE Agent[12]
1,talk,24,1,13,VOTE Agent[05]
1,talk,25,1,8,Skip
1,talk,26,1,15,ESTIMATE Agent[05] WEREWOLF
1,talk,27,1,9,VOTE Agent[14]
1,talk,28,1,4,Skip
1,talk,29,1,14,VOTE Agent[11]
1,talk,30,2,11,VOTE Agent[12]
1,talk,31,2,1,VOTE Agent[12]
1,talk,32,2,5,VOTE Agent[12]
1,talk,33,2,12,Skip
1,talk,34,2,13,VOTE Agent[11]
1,talk,35,2,3,VOTE Agent[06]
1,talk,36,2,15,VOTE Agent[07]
1,talk,37,2,10,VOTE Agent[05]
1,talk,38,2,7,VOTE Agent[05]
1,talk,39,2,4,Skip
1,talk,40,2,2,VOTE Agent[12]
1,talk,41,2,8,VOTE Agent[05]
1,talk,42,2,9,VOTE Agent[08]
1,talk,43,2,14,ESTIMATE Agent[12] WEREWOLF
1,talk,44,2,6,VOTE Agent[05]
1,talk,45,3,8,VOTE Agent[05]
1,talk,46,3,9,VOTE Agent[02]
1,talk,47,3,3,VOTE Agent[12]
1,talk,48,3,2,VOTE Agent[12]
1,talk,49,3,12,Over
1,talk,50,3,7,VOTE Agent[12]
1,talk,51,3,15,ESTIMATE Agent[04] WEREWOLF
1,talk,52,3,13,VOTE Agent[12]
1,talk,53,3,1,VOTE Agent[12]
1,talk,54,3,4,VOTE Agent[12]
1,talk,55,3,11,Skip
1,talk,56,3,6,VOTE Agent[12]
1,talk,57,3,5,Skip
1,talk,58,3,10,VOTE Agent[12]
1,talk,59,3,14,ESTIMATE Agent[12] WEREWOLF
1,talk,60,4,12,Over
1,talk,61,4,8,VOTE Agent[12]
1,talk,62,4,6,Skip
1,talk,63,4,4,Skip
1,talk,64,4,15,REQUEST ANY (VOTE Agent[12])
1,talk,65,4,13,Skip
1,talk,66,4,3,Skip
1,talk,67,4,2,Skip
1,talk,68,4,10,Skip
1,talk,69,4,9,VOTE Agent[04]
1,talk,70,4,11,Skip
1,talk,71,4,14,ESTIMATE Agent[12] WEREWOLF
1,talk,72,4,5,Skip
1,talk,73,4,1,VOTE Agent[12]
1,talk,74,4,7,Skip
1,talk,75,5,5,Over
1,talk,76,5,7,Skip
1,talk,77,5,10,Skip
1,talk,78,5,13,Skip
1,talk,79,5,6,Skip
1,talk,80,5,9,VOTE Agent[15]
1,talk,81,5,11,Over
1,talk,82,5,2,Skip
1,talk,83,5,3,Skip
1,talk,84,5,8,Skip
1,talk,85,5,12,VOTE Agent[04]
1,talk,86,5,4,Skip
1,talk,87,5,15,REQUEST ANY (VOTE Agent[12])
1,talk,88,5,1,VOTE Agent[12]
1,talk,89,5,14,REQUEST ANY (VOTE Agent[12])
1,talk,90,6,1,VOTE Agent[12]
1,talk,91,6,7,Over
1,talk,92,6,10,Over
1,talk,93,6,15,REQUEST ANY (VOTE Agent[12])
1,talk,94,6,13,Over
1,talk,95,6,12,Skip
1,talk,96,6,11,Over
1,talk,97,6,8,Skip
1,talk,98,6,5,Over
1,talk,99,6,2,Over
1,talk,100,6,3,Over
1,talk,101,6,9,VOTE Agent[08]
1,talk,102,6,4,Over
1,talk,103,6,6,Over
1,talk,104,6,14,ESTIMATE Agent[12] WEREWOLF
1,talk,105,7,13,Over
1,talk,106,7,8,Over
1,talk,107,7,11,Over
1,talk,108,7,14,ESTIMATE Agent[12] WEREWOLF
1,talk,109,7,2,Over
1,talk,110,7,10,Over
1,talk,111,7,3,Over
1,talk,112,7,6,Over
1,talk,113,7,4,Over
1,talk,114,7,9,VOTE Agent[12]
1,talk,115,7,7,Over
1,talk,116,7,12,Skip
1,talk,117,7,5,Over
1,talk,118,7,1,VOTE Agent[12]
1,talk,119,7,15,REQUEST ANY (VOTE Agent[12])
1,talk,120,8,2,Over
1,talk,121,8,15,REQUEST ANY (VOTE Agent[12])
1,talk,122,8,3,Over
1,talk,123,8,5,Over
1,talk,124,8,10,Over
1,talk,125,8,11,Over
1,talk,126,8,8,Over
1,talk,127,8,4,Over
1,talk,128,8,12,Over
1,talk,129,8,14,VOTE Agent[12]
1,talk,130,8,13,Over
1,talk,131,8,6,Over
1,talk,132,8,1,VOTE Agent[12]
1,talk,133,8,7,Over
1,talk,134,8,9,VOTE Agent[05]
1,talk,135,9,4,Over
1,talk,136,9,6,Over
1,talk,137,9,1,VOTE Agent[12]
1,talk,138,9,15,ESTIMATE Agent[12] WEREWOLF
1,talk,139,9,13,Over
1,talk,140,9,8,Over
1,talk,141,9,7,Over
1,talk,142,9,3,Over
1,talk,143,9,2,Over
1,talk,144,9,14,ESTIMATE Agent[12] WEREWOLF
1,talk,145,9,12,Over
1,talk,146,9,9,VOTE Agent[04]
1,talk,147,9,11,Over
1,talk,148,9,5,Over
1,talk,149,9,10,Over
1,talk,150,10,12,Over
1,talk,151,10,14,Over
1,talk,152,10,9,Over
1,talk,153,10,10,Over
1,talk,154,10,11,Over
1,talk,155,10,3,Over
1,talk,156,10,6,Over
1,talk,157,10,1,Over
1,talk,158,10,4,Over
1,talk,159,10,7,Over
1,talk,160,10,15,Over
1,talk,161,10,13,Over
1,talk,162,10,8,Over
1,talk,163,10,2,Over
1,talk,164,10,5,Over
1,vote,1,12
1,vote,2,12
1,vote,3,12
1,vote,4,12
1,vote,5,12
1,vote,6,12
1,vote,7,12
1,vote,8,12
1,vote,9,4
1,vote,10,12
1,vote,11,12
1,vote,12,4
1,vote,13,12
1,vote,14,12
1,vote,15,12
1,execute,12,POSSESSED
1,divine,1,4,WEREWOLF
1,whisper,0,0,5,Skip
1,whisper,1,0,4,Skip
1,whisper,2,0,10,Skip
1,whisper,3,1,4,Skip
1,whisper,4,1,10,Skip
1,whisper,5,1,5,Skip
1,whisper,6,2,10,Over
1,whisper,7,2,4,Over
1,whisper,8,2,5,Over
1,guard,6,13,MEDIUM
1,attackVote,4,13
1,attack,13,false
2,status,1,SEER,ALIVE,tonkatsu
2,status,2,VILLAGER,ALIVE,KP22
2,status,3,VILLAGER,ALIVE,kgu_ryu
2,status,4,WEREWOLF,ALIVE,sUper_IL
2,status,5,WEREWOLF,ALIVE,daphne
2,status,6,BODYGUARD,ALIVE,Ncu702
2,status,7,VILLAGER,ALIVE,ice
2,status,8,VILLAGER,ALIVE,mikami
2,status,9,VILLAGER,ALIVE,Baguette
2,status,10,WEREWOLF,ALIVE,ichida
2,status,11,VILLAGER,ALIVE,Hachi2
2,status,12,POSSESSED,DEAD,takoyaki
2,status,13,MEDIUM,ALIVE,CanisLupus
2,status,14,VILLAGER,ALIVE,ioh
2,status,15,VILLAGER,ALIVE,Basket
2,talk,0,0,13,IDENTIFIED Agent[12] HUMAN
2,talk,1,0,10,DIVINED Agent[04] HUMAN
2,talk,2,0,5,VOTE Agent[10]
2,talk,3,0,9,VOTE Agent[04]
2,talk,4,0,6,VOTE Agent[04]
2,talk,5,0,4,VOTE Agent[10]
2,talk,6,0,2,VOTE Agent[04]
2,talk,7,0,14,REQUEST ANY (VOTE Agent[04])
2,talk,8,0,1,DIVINED Agent[04] WEREWOLF
2,talk,9,0,8,VOTE Agent[04]
2,talk,10,0,7,VOTE Agent[04]
2,talk,11,0,15,REQUEST ANY (VOTE Agent[10])
2,talk,12,0,11,VOTE Agent[04]
2,talk,13,0,3,VOTE Agent[04]
2,talk,14,1,2,VOTE Agent[10]
2,talk,15,1,7,VOTE Agent[04]
2,talk,16,1,3,VOTE Agent[04]
2,talk,17,1,4,Skip
2,talk,18,1,5,VOTE Agent[04]
2,talk,19,1,6,Skip
2,talk,20,1,9,VOTE Agent[08]
2,talk,21,1,8,VOTE Agent[04]
2,talk,22,1,15,ESTIMATE Agent[10] WEREWOLF
2,talk,23,1,1,VOTE Agent[04]
2,talk,24,1,10,VOTE Agent[04]
2,talk,25,1,13,VOTE Agent[10]
2,talk,26,1,11,VOTE Agent[10]
2,talk,27,1,14,ESTIMATE Agent[10] WEREWOLF
2,talk,28,2,3,Skip
2,talk,29,2,9,VOTE Agent[02]
2,talk,30,2,5,Skip
2,talk,31,2,14,REQUEST ANY (VOTE Agent[10])
2,talk,32,2,2,VOTE Agent[10]
2,talk,33,2,8,Skip
2,talk,34,2,11,VOTE Agent[10]
2,talk,35,2,4,VOTE Agent[10]
2,talk,36,2,15,ESTIMATE Agent[10] WEREWOLF
2,talk,37,2,6,Skip
2,talk,38,2,10,Skip
2,talk,39,2,1,VOTE Agent[04]
2,talk,40,2,13,Skip
2,talk,41,2,7,Skip
2,talk,42,3,9,VOTE Agent[15]
2,talk,43,3,6,Over
2,talk,44,3,11,VOTE Agent[10]
2,talk,45,3,4,VOTE Agent[10]
2,talk,46,3,13,Skip
2,talk,47,3,3,Skip
2,talk,48,3,14,ESTIMATE Agent[10] WEREWOLF
2,talk,49,3,15,VOTE Agent[10]
2,talk,50,3,1,VOTE Agent[04]
2,talk,51,3,2,VOTE Agent[10]
2,talk,52,3,7,Skip
2,talk,53,3,5,Skip
2,talk,54,3,10,Skip
2,talk,55,3,8,Skip
2,talk,56,4,14,VOTE Agent[10]
2,talk,57,4,1,VOTE Agent[04]
2,talk,58,4,8,Over
2,talk,59,4,13,Over
2,talk,60,4,2,VOTE Agent[10]
2,talk,61,4,15,ESTIMATE Agent[10] WEREWOLF
2,talk,62,4,5,Over
2,talk,63,4,6,Over
2,talk,64,4,7,Over
2,talk,65,4,4,VOTE Agent[10]
2,talk,66,4,10,Over
2,talk,67,4,3,VOTE Agent[10]
2,talk,68,4,9,VOTE Agent[15]
2,talk,69,4,11,Skip
2,talk,70,5,10,VOTE Agent[04]
2,talk,71,5,1,VOTE Agent[10]
2,talk,72,5,5,VOTE Agent[10]
2,talk,73,5,14,REQUEST ANY (VOTE Agent[10])
2,talk,74,5,15,VOTE Agent[10]
2,talk,75,5,11,Skip
2,talk,76,5,2,Skip
2,talk,77,5,4,Skip
2,talk,78,5,13,Over
2,talk,79,5,9,VOTE Agent[08]
2,talk,80,5,3,Skip
2,talk,81,5,7,VOTE Agent[10]
2,talk,82,5,6,VOTE Agent[10]
2,talk,83,5,8,VOTE Agent[10]
2,talk,84,6,10,VOTE Agent[04]
2,talk,85,6,11,Over
2,talk,86,6,5,Skip
2,talk,87,6,9,VOTE Agent[15]
2,talk,88,6,8,Skip
2,talk,89,6,2,Skip
2,talk,90,6,3,Skip
2,talk,91,6,4,Skip
2,talk,92,6,7,Skip
2,talk,93,6,14,REQUEST ANY (VOTE Agent[10])
2,talk,94,6,6,Skip
2,talk,95,6,1,VOTE Agent[10]
2,talk,96,6,13,Over
2,talk,97,6,15,REQUEST ANY (VOTE Agent[10])
2,talk,98,7,2,Over
2,talk,99,7,15,REQUEST ANY (VOTE Agent[10])
2,talk,100,7,7,Skip
2,talk,101,7,6,Skip
2,talk,102,7,3,Over
2,talk,103,7,5,Skip
2,talk,104,7,10,VOTE Agent[04]
2,talk,105,7,1,VOTE Agent[10]
2,talk,106,7,13,Over
2,talk,107,7,14,ESTIMATE Agent[10] WEREWOLF
2,talk,108,7,8,Skip
2,talk,109,7,9,VOTE Agent[06]
2,talk,110,7,11,Over
2,talk,111,7,4,Over
2,talk,112,8,9,VOTE Agent[06]
2,talk,113,8,14,VOTE Agent[10]
2,talk,114,8,1,VOTE Agent[10]
2,talk,115,8,4,Over
2,talk,116,8,2,Over
2,talk,117,8,13,Over
2,talk,118,8,10,VOTE Agent[04]
2,talk,119,8,15,REQUEST ANY (VOTE Agent[10])
2,talk,120,8,7,Over
2,talk,121,8,3,Over
2,talk,122,8,8,Over
2,talk,123,8,11,Over
2,talk,124,8,5,Over
2,talk,125,8,6,Over
2,talk,126,9,6,Over
2,talk,127,9,5,Over
2,talk,128,9,8,Over
2,talk,129,9,2,Over
2,talk,130,9,3,Over
2,talk,131,9,15,VOTE Agent[10]
2,talk,132,9,9,VOTE Agent[11]
2,talk,133,9,7,Over
2,talk,134,9,1,VOTE Agent[10]
2,talk,135,9,13,Over
2,talk,136,9,4,Over
2,talk,137,9,10,VOTE Agent[04]
2,talk,138,9,11,Over
2,talk,139,9,14,ESTIMATE Agent[10] WEREWOLF
2,talk,140,10,6,Over
2,talk,141,10,5,Over
2,talk,142,10,15,Over
2,talk,143,10,7,Over
2,talk,144,10,8,Over
2,talk,145,10,13,Over
2,talk,146,10,4,Over
2,talk,147,10,14,Over
2,talk,148,10,9,Over
2,talk,149,10,2,Over
2,talk,150,10,10,VOTE Agent[04]
2,talk,151,10,3,Over
2,talk,152,10,11,Over
2,talk,153,10,1,Over
2,talk,154,11,2,Over
2,talk,155,11,13,Over
2,talk,156,11,15,Over
2,talk,157,11,4,Over
2,talk,158,11,3,Over
2,talk,159,11,11,Over
2,talk,160,11,5,Over
2,talk,161,11,7,Over
2,talk,162,11,10,VOTE Agent[04]
2,talk,163,11,9,Over
2,talk,164,11,6,Over
2,talk,165,11,1,Over
2,talk,166,11,8,Over
2,talk,167,11,14,Over
2,talk,168,12,7,Over
2,talk,169,12,13,Over
2,talk,170,12,4,Over
2,talk,171,12,8,Over
2,talk,172,12,5,Over
2,talk,173,12,6,Over
2,talk,174,12,10,VOTE Agent[04]
2,talk,175,12,15,Over
2,talk,176,12,9,Over
2,talk,177,12,1,Over
2,talk,178,12,3,Over
2,talk,179,12,14,Over
2,talk,180,12,2,Over
2,talk,181,12,11,Over
2,talk,182,13,14,Over
2,talk,183,13,6,Over
2,talk,184,13,1,Over
2,talk,185,13,8,Over
2,talk,186,13,9,Over
2,talk,187,13,3,Over
2,talk,188,13,15,Over
2,talk,189,13,5,Over
2,talk,190,13,2,Over
2,talk,191,13,10,Over
2,talk,192,13,13,Over
2,talk,193,13,11,Over
2,talk,194,13,7,Over
2,talk,195,13,4,Over
2,vote,1,10
2,vote,2,10
2,vote,3,10
2,vote,4,10
2,vote,5,10
2,vote,6,10
2,vote,7,10
2,vote,8,10
2,vote,9,11
2,vote,10,4
2,vote,11,10
2,vote,13,10
2,vote,14,10
2,vote,15,10
2,execute,10,WEREWOLF
2,divine,1,8,HUMAN
2,whisper,0,0,5,Skip
2,whisper,1,0,4,Skip
2,whisper,2,1,4,Skip
2,whisper,3,1,5,Skip
2,whisper,4,2,4,Over
2,whisper,5,2,5,Over
2,guard,6,13,MEDIUM
2,attackVote,4,13
2,attack,13,false
3,status,1,SEER,ALIVE,tonkatsu
3,status,2,VILLAGER,ALIVE,KP22
3,status,3,VILLAGER,ALIVE,kgu_ryu
3,status,4,WEREWOLF,ALIVE,sUper_IL
3,status,5,WEREWOLF,ALIVE,daphne
3,status,6,BODYGUARD,ALIVE,Ncu702
3,status,7,VILLAGER,ALIVE,ice
3,status,8,VILLAGER,ALIVE,mikami
3,status,9,VILLAGER,ALIVE,Baguette
3,status,10,WEREWOLF,DEAD,ichida
3,status,11,VILLAGER,ALIVE,Hachi2
3,status,12,POSSESSED,DEAD,takoyaki
3,status,13,MEDIUM,ALIVE,CanisLupus
3,status,14,VILLAGER,ALIVE,ioh
3,status,15,VILLAGER,ALIVE,Basket
3,talk,0,0,2,VOTE Agent[04]
3,talk,1,0,11,VOTE Agent[04]
3,talk,2,0,4,VOTE Agent[08]
3,talk,3,0,8,VOTE Agent[04]
3,talk,4,0,1,DIVINED Agent[08] HUMAN
3,talk,5,0,3,VOTE Agent[04]
3,talk,6,0,7,VOTE Agent[04]
3,talk,7,0,13,IDENTIFIED Agent[10] WEREWOLF
3,talk,8,0,14,REQUEST ANY (VOTE Agent[04])
3,talk,9,0,9,VOTE Agent[14]
3,talk,10,0,6,VOTE Agent[04]
3,talk,11,0,15,VOTE Agent[04]
3,talk,12,0,5,VOTE Agent[04]
3,talk,13,1,11,Skip
3,talk,14,1,5,Skip
3,talk,15,1,4,VOTE Agent[14]
3,talk,16,1,3,Skip
3,talk,17,1,9,VOTE Agent[14]
3,talk,18,1,15,VOTE Agent[04]
3,talk,19,1,6,Skip
3,talk,20,1,14,REQUEST ANY (VOTE Agent[04])
3,talk,21,1,2,Skip
3,talk,22,1,7,Skip
3,talk,23,1,13,VOTE Agent[04]
3,talk,24,1,1,VOTE Agent[04]
3,talk,25,1,8,Skip
3,talk,26,2,9,VOTE Agent[06]
3,talk,27,2,3,Skip
3,talk,28,2,8,Skip
3,talk,29,2,15,ESTIMATE Agent[04] WEREWOLF
3,talk,30,2,6,Skip
3,talk,31,2,13,VOTE Agent[11]
3,talk,32,2,5,Skip
3,talk,33,2,1,VOTE Agent[04]
3,talk,34,2,11,Skip
3,talk,35,2,14,REQUEST ANY (VOTE Agent[04])
3,talk,36,2,2,Skip
3,talk,37,2,4,VOTE Agent[11]
3,talk,38,2,7,Skip
3,talk,39,3,8,Over
3,talk,40,3,14,REQUEST ANY (VOTE Agent[04])
3,talk,41,3,3,Over
3,talk,42,3,1,VOTE Agent[04]
3,talk,43,3,4,VOTE Agent[11]
3,talk,44,3,7,Over
3,talk,45,3,2,Over
3,talk,46,3,9,VOTE Agent[11]
3,talk,47,3,13,Skip
3,talk,48,3,11,Over
3,talk,49,3,5,Over
3,talk,50,3,6,Over
3,talk,51,3,15,ESTIMATE Agent[04] WEREWOLF
3,talk,52,4,6,Over
3,talk,53,4,11,Over
3,talk,54,4,8,Over
3,talk,55,4,14,REQUEST ANY (VOTE Agent[04])
3,talk,56,4,4,VOTE Agent[11]
3,talk,57,4,2,Over
3,talk,58,4,1,VOTE Agent[04]
3,talk,59,4,9,VOTE Agent[07]
3,talk,60,4,3,Over
3,talk,61,4,15,ESTIMATE Agent[04] WEREWOLF
3,talk,62,4,7,Over
3,talk,63,4,5,Over
3,talk,64,4,13,Skip
3,talk,65,5,3,Over
3,talk,66,5,6,Over
3,talk,67,5,8,Over
3,talk,68,5,13,Over
3,talk,69,5,5,Over
3,talk,70,5,2,Over
3,talk,71,5,11,Over
3,talk,72,5,15,REQUEST ANY (VOTE Agent[04])
3,talk,73,5,14,ESTIMATE Agent[04] WEREWOLF
3,talk,74,5,9,VOTE Agent[06]
3,talk,75,5,1,VOTE Agent[04]
3,talk,76,5,4,VOTE Agent[11]
3,talk,77,5,7,Over
3,talk,78,6,11,Over
3,talk,79,6,14,VOTE Agent[04]
3,talk,80,6,4,VOTE Agent[11]
3,talk,81,6,15,ESTIMATE Agent[04] WEREWOLF
3,talk,82,6,3,Over
3,talk,83,6,2,Over
3,talk,84,6,13,Over
3,talk,85,6,6,Over
3,talk,86,6,7,Over
3,talk,87,6,1,VOTE Agent[04]
3,talk,88,6,8,Over
3,talk,89,6,9,VOTE Agent[14]
3,talk,90,6,5,Over
3,talk,91,7,14,ESTIMATE Agent[04] WEREWOLF
3,talk,92,7,5,Over
3,talk,93,7,15,ESTIMATE Agent[04] WEREWOLF
3,talk,94,7,11,Over
3,talk,95,7,9,VOTE Agent[15]
3,talk,96,7,7,Over
3,talk,97,7,2,Over
3,talk,98,7,13,Over
3,talk,99,7,8,Over
3,talk,100,7,6,Over
3,talk,101,7,1,VOTE Agent[04]
3,talk,102,7,3,Over
3,talk,103,7,4,VOTE Agent[11]
3,talk,104,8,11,Over
3,talk,105,8,5,Over
3,talk,106,8,9,VOTE Agent[15]
3,talk,107,8,3,Over
3,talk,108,8,2,Over
3,talk,109,8,13,Over
3,talk,110,8,8,Over
3,talk,111,8,6,Over
3,talk,112,8,7,Over
3,talk,113,8,14,ESTIMATE Agent[04] WEREWOLF
3,talk,114,8,15,REQUEST ANY (VOTE Agent[04])
3,talk,115,8,1,VOTE Agent[04]
3,talk,116,8,4,VOTE Agent[11]
3,talk,117,9,5,Over
3,talk,118,9,11,Over
3,talk,119,9,13,Over
3,talk,120,9,7,Over
3,talk,121,9,15,ESTIMATE Agent[04] WEREWOLF
3,talk,122,9,9,VOTE Agent[07]
3,talk,123,9,6,Over
3,talk,124,9,1,VOTE Agent[04]
3,talk,125,9,14,REQUEST ANY (VOTE Agent[04])
3,talk,126,9,4,VOTE Agent[11]
3,talk,127,9,3,Over
3,talk,128,9,2,Over
3,talk,129,9,8,Over
3,talk,130,10,3,Over
3,talk,131,10,15,Over
3,talk,132,10,6,Over
3,talk,133,10,4,Over
3,talk,134,10,8,Over
3,talk,135,10,14,Over
3,talk,136,10,7,Over
3,talk,137,10,11,Over
3,talk,138,10,5,Over
3,talk,139,10,9,Over
3,talk,140,10,1,Over
3,talk,141,10,2,Over
3,talk,142,10,13,Over
3,vote,1,4
3,vote,2,4
3,vote,3,4
3,vote,4,11
3,vote,5,4
3,vote,6,4
3,vote,7,4
3,vote,8,4
3,vote,9,7
3,vote,11,4
3,vote,13,11
3,vote,14,4
3,vote,15,4
3,execute,4,WEREWOLF
3,divine,1,11,HUMAN
3,guard,6,13,MEDIUM
3,attackVote,5,11
3,attack,11,true
4,status,1,SEER,ALIVE,tonkatsu
4,status,2,VILLAGER,ALIVE,KP22
4,status,3,VILLAGER,ALIVE,kgu_ryu
4,status,4,WEREWOLF,DEAD,sUper_IL
4,status,5,WEREWOLF,ALIVE,daphne
4,status,6,BODYGUARD,ALIVE,Ncu702
4,status,7,VILLAGER,ALIVE,ice
4,status,8,VILLAGER,ALIVE,mikami
4,status,9,VILLAGER,ALIVE,Baguette
4,status,10,WEREWOLF,DEAD,ichida
4,status,11,VILLAGER,DEAD,Hachi2
4,status,12,POSSESSED,DEAD,takoyaki
4,status,13,MEDIUM,ALIVE,CanisLupus
4,status,14,VILLAGER,ALIVE,ioh
4,status,15,VILLAGER,ALIVE,Basket
4,talk,0,0,5,VOTE Agent[01]
4,talk,1,0,1,DIVINED Agent[02] WEREWOLF
4,talk,2,0,3,VOTE Agent[09]
4,talk,3,0,7,VOTE Agent[09]
4,talk,4,0,8,VOTE Agent[09]
4,talk,5,0,9,VOTE Agent[02]
4,talk,6,0,2,VOTE Agent[09]
4,talk,7,0,13,IDENTIFIED Agent[04] WEREWOLF
4,talk,8,0,14,REQUEST ANY (VOTE Agent[09])
4,talk,9,0,15,ESTIMATE Agent[09] WEREWOLF
4,talk,10,0,6,VOTE Agent[09]
4,talk,11,1,8,Skip
4,talk,12,1,6,Skip
4,talk,13,1,3,Skip
4,talk,14,1,7,Skip
4,talk,15,1,1,VOTE Agent[02]
4,talk,16,1,9,VOTE Agent[02]
4,talk,17,1,13,VOTE Agent[09]
4,talk,18,1,5,VOTE Agent[09]
4,talk,19,1,2,Skip
4,talk,20,1,15,VOTE Agent[09]
4,talk,21,1,14,ESTIMATE Agent[09] WEREWOLF
4,talk,22,2,5,Skip
4,talk,23,2,15,ESTIMATE Agent[09] WEREWOLF
4,talk,24,2,1,VOTE Agent[02]
4,talk,25,2,6,Skip
4,talk,26,2,8,Skip
4,talk,27,2,7,Skip
4,talk,28,2,9,VOTE Agent[02]
4,talk,29,2,14,VOTE Agent[09]
4,talk,30,2,13,Skip
4,talk,31,2,2,Skip
4,talk,32,2,3,Skip
4,talk,33,3,6,Over
4,talk,34,3,2,Over
4,talk,35,3,1,VOTE Agent[02]
4,talk,36,3,13,Skip
4,talk,37,3,7,Over
4,talk,38,3,14,ESTIMATE Agent[09] WEREWOLF
4,talk,39,3,8,Over
4,talk,40,3,3,Over
4,talk,41,3,5,Skip
4,talk,42,3,9,VOTE Agent[03]
4,talk,43,3,15,VOTE Agent[09]
4,talk,44,4,13,Over
4,talk,45,4,2,Over
4,talk,46,4,5,Over
4,talk,47,4,7,Over
4,talk,48,4,8,Over
4,talk,49,4,3,Over
4,talk,50,4,9,VOTE Agent[06]
4,talk,51,4,15,REQUEST ANY (VOTE Agent[09])
4,talk,52,4,14,REQUEST ANY (VOTE Agent[09])
4,talk,53,4,1,VOTE Agent[02]
4,talk,54,4,6,Over
4,talk,55,5,1,VOTE Agent[02]
4,talk,56,5,6,Over
4,talk,57,5,14,ESTIMATE Agent[09] WEREWOLF
4,talk,58,5,2,Over
4,talk,59,5,8,Over
4,talk,60,5,9,VOTE Agent[14]
4,talk,61,5,13,Over
4,talk,62,5,3,Over
4,talk,63,5,5,Over
4,talk,64,5,7,Over
4,talk,65,5,15,REQUEST ANY (VOTE Agent[09])
4,talk,66,6,7,Over
4,talk,67,6,14,ESTIMATE Agent[09] WEREWOLF
4,talk,68,6,3,Over
4,talk,69,6,9,VOTE Agent[07]
4,talk,70,6,15,ESTIMATE Agent[09] WEREWOLF
4,talk,71,6,2,Over
4,talk,72,6,1,VOTE Agent[02]
4,talk,73,6,13,Over
4,talk,74,6,6,Over
4,talk,75,6,8,Over
4,talk,76,6,5,Over
4,talk,77,7,1,VOTE Agent[02]
4,talk,78,7,15,REQUEST ANY (VOTE Agent[09])
4,talk,79,7,7,Over
4,talk,80,7,13,Over
4,talk,81,7,2,Over
4,talk,82,7,8,Over
4,talk,83,7,9,VOTE Agent[03]
4,talk,84,7,6,Over
4,talk,85,7,14,VOTE Agent[09]
4,talk,86,7,5,Over
4,talk,87,7,3,Over
4,talk,88,8,1,VOTE Agent[02]
4,talk,89,8,7,Over
4,talk,90,8,5,Over
4,talk,91,8,15,ESTIMATE Agent[09] WEREWOLF
4,talk,92,8,9,VOTE Agent[06]
4,talk,93,8,8,Over
4,talk,94,8,14,ESTIMATE Agent[09] WEREWOLF
4,talk,95,8,6,Over
4,talk,96,8,2,Over
4,talk,97,8,13,Over
4,talk,98,8,3,Over
4,talk,99,9,9,VOTE Agent[07]
4,talk,100,9,7,Over
4,talk,101,9,6,Over
4,talk,102,9,1,VOTE Agent[02]
4,talk,103,9,8,Over
4,talk,104,9,15,ESTIMATE Agent[09] WEREWOLF
4,talk,105,9,3,Over
4,talk,106,9,13,Over
4,talk,107,9,2,Over
4,talk,108,9,14,VOTE Agent[09]
4,talk,109,9,5,Over
4,talk,110,10,8,Over
4,talk,111,10,1,Over
4,talk,112,10,6,Over
4,talk,113,10,13,Over
4,talk,114,10,3,Over
4,talk,115,10,15,Over
4,talk,116,10,14,Over
4,talk,117,10,5,Over
4,talk,118,10,2,Over
4,talk,119,10,7,Over
4,talk,120,10,9,Over
4,vote,1,2
4,vote,2,9
4,vote,3,9
4,vote,5,9
4,vote,6,9
4,vote,7,9
4,vote,8,9
4,vote,9,7
4,vote,13,9
4,vote,14,9
4,vote,15,9
4,execute,9,VILLAGER
4,divine,1,2,HUMAN
4,guard,6,13,MEDIUM
4,attackVote,5,7
4,attack,7,true
5,status,1,SEER,ALIVE,tonkatsu
5,status,2,VILLAGER,ALIVE,KP22
5,status,3,VILLAGER,ALIVE,kgu_ryu
5,status,4,WEREWOLF,DEAD,sUper_IL
5,status,5,WEREWOLF,ALIVE,daphne
5,status,6,BODYGUARD,ALIVE,Ncu702
5,status,7,VILLAGER,DEAD,ice
5,status,8,VILLAGER,ALIVE,mikami
5,status,9,VILLAGER,DEAD,Baguette
5,status,10,WEREWOLF,DEAD,ichida
5,status,11,VILLAGER,DEAD,Hachi2
5,status,12,POSSESSED,DEAD,takoyaki
5,status,13,MEDIUM,ALIVE,CanisLupus
5,status,14,VILLAGER,ALIVE,ioh
5,status,15,VILLAGER,ALIVE,Basket
5,talk,0,0,8,VOTE Agent[01]
5,talk,1,0,15,VOTE Agent[03]
5,talk,2,0,14,VOTE Agent[03]
5,talk,3,0,5,VOTE Agent[03]
5,talk,4,0,6,VOTE Agent[03]
5,talk,5,0,2,VOTE Agent[03]
5,talk,6,0,3,VOTE Agent[06]
5,talk,7,0,1,DIVINED Agent[03] WEREWOLF
5,talk,8,0,13,IDENTIFIED Agent[09] HUMAN
5,talk,9,1,3,VOTE Agent[06]
5,talk,10,1,5,Skip
5,talk,11,1,15,ESTIMATE Agent[03] WEREWOLF
5,talk,12,1,1,VOTE Agent[03]
5,talk,13,1,6,Skip
5,talk,14,1,14,ESTIMATE Agent[03] WEREWOLF
5,talk,15,1,2,Skip
5,talk,16,1,13,VOTE Agent[03]
5,talk,17,1,8,VOTE Agent[03]
5,talk,18,2,13,Skip
5,talk,19,2,8,Skip
5,talk,20,2,1,VOTE Agent[03]
5,talk,21,2,2,Skip
5,talk,22,2,15,VOTE Agent[03]
5,talk,23,2,5,Skip
5,talk,24,2,14,VOTE Agent[03]
5,talk,25,2,3,VOTE Agent[06]
5,talk,26,2,6,Skip
5,talk,27,3,6,Over
5,talk,28,3,15,VOTE Agent[03]
5,talk,29,3,8,Skip
5,talk,30,3,5,Over
5,talk,31,3,13,Skip
5,talk,32,3,1,VOTE Agent[03]
5,talk,33,3,2,Over
5,talk,34,3,14,REQUEST ANY (VOTE Agent[03])
5,talk,35,3,3,VOTE Agent[05]
5,talk,36,4,8,Over
5,talk,37,4,14,ESTIMATE Agent[03] WEREWOLF
5,talk,38,4,15,VOTE Agent[03]
5,talk,39,4,1,VOTE Agent[03]
5,talk,40,4,3,VOTE Agent[05]
5,talk,41,4,2,Over
5,talk,42,4,5,Over
5,talk,43,4,6,Over
5,talk,44,4,13,Over
5,talk,45,5,1,VOTE Agent[03]
5,talk,46,5,5,Over
5,talk,47,5,8,Over
5,talk,48,5,15,VOTE Agent[03]
5,talk,49,5,2,Over
5,talk,50,5,13,Over
5,talk,51,5,6,Over
5,talk,52,5,3,VOTE Agent[05]
5,talk,53,5,14,ESTIMATE Agent[03] WEREWOLF
5,talk,54,6,2,Over
5,talk,55,6,13,Over
5,talk,56,6,15,ESTIMATE Agent[03] WEREWOLF
5,talk,57,6,3,VOTE Agent[05]
5,talk,58,6,14,REQUEST ANY (VOTE Agent[03])
5,talk,59,6,8,Over
5,talk,60,6,6,Over
5,talk,61,6,1,VOTE Agent[03]
5,talk,62,6,5,Over
5,talk,63,7,13,Over
5,talk,64,7,15,ESTIMATE Agent[03] WEREWOLF
5,talk,65,7,1,VOTE Agent[03]
5,talk,66,7,2,Over
5,talk,67,7,6,Over
5,talk,68,7,14,REQUEST ANY (VOTE Agent[03])
5,talk,69,7,8,Over
5,talk,70,7,3,VOTE Agent[05]
5,talk,71,7,5,Over
5,talk,72,8,6,Over
5,talk,73,8,8,Over
5,talk,74,8,2,Over
5,talk,75,8,1,VOTE Agent[03]
5,talk,76,8,5,Over
5,talk,77,8,15,ESTIMATE Agent[03] WEREWOLF
5,talk,78,8,14,VOTE Agent[03]
5,talk,79,8,13,Over
5,talk,80,8,3,VOTE Agent[05]
5,talk,81,9,14,ESTIMATE Agent[03] WEREWOLF
5,talk,82,9,15,VOTE Agent[03]
5,talk,83,9,6,Over
5,talk,84,9,3,VOTE Agent[05]
5,talk,85,9,2,Over
5,talk,86,9,13,Over
5,talk,87,9,1,VOTE Agent[03]
5,talk,88,9,5,Over
5,talk,89,9,8,Over
5,talk,90,10,6,Over
5,talk,91,10,1,Over
5,talk,92,10,5,Over
5,talk,93,10,13,Over
5,talk,94,10,2,Over
5,talk,95,10,15,Over
5,talk,96,10,3,Over
5,talk,97,10,14,Over
5,talk,98,10,8,Over
5,vote,1,3
5,vote,2,3
5,vote,3,5
5,vote,5,3
5,vote,6,3
5,vote,8,3
5,vote,13,3
5,vote,14,3
5,vote,15,3
5,execute,3,VILLAGER
5,divine,1,6,HUMAN
5,guard,6,13,MEDIUM
5,attackVote,5,8
5,attack,8,true
6,status,1,SEER,ALIVE,tonkatsu
6,status,2,VILLAGER,ALIVE,KP22
6,status,3,VILLAGER,DEAD,kgu_ryu
6,status,4,WEREWOLF,DEAD,sUper_IL
6,status,5,WEREWOLF,ALIVE,daphne
6,status,6,BODYGUARD,ALIVE,Ncu702
6,status,7,VILLAGER,DEAD,ice
6,status,8,VILLAGER,DEAD,mikami
6,status,9,VILLAGER,DEAD,Baguette
6,status,10,WEREWOLF,DEAD,ichida
6,status,11,VILLAGER,DEAD,Hachi2
6,status,12,POSSESSED,DEAD,takoyaki
6,status,13,MEDIUM,ALIVE,CanisLupus
6,status,14,VILLAGER,ALIVE,ioh
6,status,15,VILLAGER,ALIVE,Basket
6,talk,0,0,13,IDENTIFIED Agent[03] HUMAN
6,talk,1,0,1,DIVINED Agent[06] HUMAN
6,talk,2,0,2,VOTE Agent[05]
6,talk,3,0,14,VOTE Agent[05]
6,talk,4,0,15,ESTIMATE Agent[05] WEREWOLF
6,talk,5,0,6,VOTE Agent[05]
6,talk,6,0,5,VOTE Agent[01]
6,talk,7,1,15,ESTIMATE Agent[05] WEREWOLF
6,talk,8,1,13,VOTE Agent[05]
6,talk,9,1,1,VOTE Agent[15]
6,talk,10,1,6,Skip
6,talk,11,1,2,Skip
6,talk,12,1,14,ESTIMATE Agent[05] WEREWOLF
6,talk,13,1,5,VOTE Agent[01]
6,talk,14,2,6,Skip
6,talk,15,2,15,VOTE Agent[05]
6,talk,16,2,13,Skip
6,talk,17,2,1,VOTE Agent[15]
6,talk,18,2,14,ESTIMATE Agent[05] WEREWOLF
6,talk,19,2,5,VOTE Agent[01]
6,talk,20,2,2,Skip
6,talk,21,3,15,REQUEST ANY (VOTE Agent[05])
6,talk,22,3,5,VOTE Agent[01]
6,talk,23,3,6,Over
6,talk,24,3,1,VOTE Agent[05]
6,talk,25,3,2,Over
6,talk,26,3,14,VOTE Agent[05]
6,talk,27,3,13,Skip
6,talk,28,4,13,Over
6,talk,29,4,6,Over
6,talk,30,4,15,ESTIMATE Agent[05] WEREWOLF
6,talk,31,4,14,ESTIMATE Agent[05] WEREWOLF
6,talk,32,4,2,Over
6,talk,33,4,5,VOTE Agent[01]
6,talk,34,4,1,VOTE Agent[05]
6,talk,35,5,1,VOTE Agent[05]
6,talk,36,5,2,Over
6,talk,37,5,6,Over
6,talk,38,5,5,VOTE Agent[01]
6,talk,39,5,15,REQUEST ANY (VOTE Agent[05])
6,talk,40,5,13,Over
6,talk,41,5,14,ESTIMATE Agent[05] WEREWOLF
6,talk,42,6,13,Over
6,talk,43,6,2,Over
6,talk,44,6,1,VOTE Agent[05]
6,talk,45,6,5,VOTE Agent[01]
6,talk,46,6,6,Over
6,talk,47,6,14,ESTIMATE Agent[05] WEREWOLF
6,talk,48,6,15,ESTIMATE Agent[05] WEREWOLF
6,talk,49,7,15,REQUEST ANY (VOTE Agent[05])
6,talk,50,7,14,VOTE Agent[05]
6,talk,51,7,2,Over
6,talk,52,7,1,VOTE Agent[05]
6,talk,53,7,5,VOTE Agent[01]
6,talk,54,7,6,Over
6,talk,55,7,13,Over
6,talk,56,8,13,Over
6,talk,57,8,5,VOTE Agent[01]
6,talk,58,8,2,Over
6,talk,59,8,14,ESTIMATE Agent[05] WEREWOLF
6,talk,60,8,6,Over
6,talk,61,8,15,REQUEST ANY (VOTE Agent[05])
6,talk,62,8,1,VOTE Agent[05]
6,talk,63,9,15,VOTE Agent[05]
6,talk,64,9,5,VOTE Agent[01]
6,talk,65,9,13,Over
6,talk,66,9,6,Over
6,talk,67,9,1,VOTE Agent[05]
6,talk,68,9,14,VOTE Agent[05]
6,talk,69,9,2,Over
6,talk,70,10,6,Over
6,talk,71,10,15,Over
6,talk,72,10,13,Over
6,talk,73,10,5,Over
6,talk,74,10,2,Over
6,talk,75,10,1,Over
6,talk,76,10,14,Over
6,vote,1,5
6,vote,2,5
6,vote,5,1
6,vote,6,5
6,vote,13,5
6,vote,14,5
6,vote,15,5
6,execute,5,WEREWOLF
6,divine,1,15,HUMAN
6,guard,6,13,MEDIUM
7,status,1,SEER,ALIVE,tonkatsu
7,status,2,VILLAGER,ALIVE,KP22
7,status,3,VILLAGER,DEAD,kgu_ryu
7,status,4,WEREWOLF,DEAD,sUper_IL
7,status,5,WEREWOLF,DEAD,daphne
7,status,6,BODYGUARD,ALIVE,Ncu702
7,status,7,VILLAGER,DEAD,ice
7,status,8,VILLAGER,DEAD,mikami
7,status,9,VILLAGER,DEAD,Baguette
7,status,10,WEREWOLF,DEAD,ichida
7,status,11,VILLAGER,DEAD,Hachi2
7,status,12,POSSESSED,DEAD,takoyaki
7,status,13,MEDIUM,ALIVE,CanisLupus
7,status,14,VILLAGER,ALIVE,ioh
7,status,15,VILLAGER,ALIVE,Basket
7,result,6,0,VILLAGER
