0,status,1,VILLAGER,ALIVE,tonkatsu
0,status,2,WEREWOLF,ALIVE,KP22
0,status,3,VILLAGER,ALIVE,kgu_ryu
0,status,4,SEER,ALIVE,sUper_IL
0,status,5,VILLAGER,ALIVE,daphne
0,status,6,VILLAGER,ALIVE,Ncu702
0,status,7,MEDIUM,ALIVE,ice
0,status,8,WEREWOLF,ALIVE,mikami
0,status,9,VILLAGER,ALIVE,Baguette
0,status,10,BODYGUARD,ALIVE,ichida
0,status,11,POSSESSED,ALIVE,Hachi2
0,status,12,VILLAGER,ALIVE,takoyaki
0,status,13,VILLAGER,ALIVE,CanisLupus
0,status,14,VILLAGER,ALIVE,ioh
0,status,15,WEREWOLF,ALIVE,Basket
0,whisper,0,0,15,COMINGOUT Agent[15] SEER
0,whisper,1,0,2,Skip
0,whisper,2,0,8,Skip
0,whisper,3,1,15,Skip
0,whisper,4,1,2,Skip
0,whisper,5,1,8,Skip
0,whisper,6,2,15,Skip
0,whisper,7,2,2,Over
0,whisper,8,2,8,Over
0,whisper,9,3,15,Over
0,whisper,10,3,8,Over
0,whisper,11,3,2,Over
0,divine,4,13,HUMAN
1,status,1,VILLAGER,ALIVE,tonkatsu
1,status,2,WEREWOLF,ALIVE,KP22
1,status,3,VILLAGER,ALIVE,kgu_ryu
1,status,4,SEER,ALIVE,sUper_IL
1,status,5,VILLAGER,ALIVE,daphne
1,status,6,VILLAGER,ALIVE,Ncu702
1,status,7,MEDIUM,ALIVE,ice
1,status,8,WEREWOLF,ALIVE,mikami
1,status,9,VILLAGER,ALIVE,Baguette
1,status,10,BODYGUARD,ALIVE,ichida
1,status,11,POSSESSED,ALIVE,Hachi2
1,status,12,VILLAGER,ALIVE,takoyaki
1,status,13,VILLAGER,ALIVE,CanisLupus
1,status,14,VILLAGER,ALIVE,ioh
1,status,15,WEREWOLF,ALIVE,Basket
1,talk,0,0,10,VOTE Agent[14]
1,talk,1,0,11,VOTE Agent[14]
1,talk,2,0,15,COMINGOUT Agent[15] SEER
1,talk,3,0,14,REQUEST ANY (VOTE Agent[12])
1,talk,4,0,7,COMINGOUT Agent[07] MEDIUM
1,talk,5,0,4,COMINGOUT Agent[04] SEER
1,talk,6,0,12,VOTE Agent[14]
1,talk,7,0,2,VOTE Agent[14]
1,talk,8,0,6,VOTE Agent[14]
1,talk,9,0,13,VOTE Agent[14]
1,talk,10,0,8,VOTE Agent[14]
1,talk,11,0,3,VOTE Agent[14]
1,talk,12,0,9,VOTE Agent[14]
1,talk,13,0,1,VOTE Agent[14]
1,talk,14,0,5,VOTE Agent[14]
1,talk,15,1,4,DIVINED Agent[13] HUMAN
1,talk,16,1,12,Skip
1,talk,17,1,1,Skip
1,talk,18,1,11,Skip
1,talk,19,1,2,Skip
1,talk,20,1,10,Skip
1,talk,21,1,7,VOTE Agent[11]
1,talk,22,1,15,DIVINED Agent[02] HUMAN
1,talk,23,1,5,Skip
1,talk,24,1,14,ESTIMATE Agent[06] WEREWOLF
1,talk,25,1,6,Skip
1,talk,26,1,13,Skip
1,talk,27,1,8,Skip
1,talk,28,1,3,Skip
1,talk,29,1,9,VOTE Agent[10]
1,talk,30,2,15,ESTIMATE Agent[04] WEREWOLF
1,talk,31,2,14,ESTIMATE Agent[12] WEREWOLF
1,talk,32,2,13,VOTE Agent[12]
1,talk,33,2,6,Skip
1,talk,34,2,5,Skip
1,talk,35,2,9,VOTE Agent[14]
1,talk,36,2,1,Skip
1,talk,37,2,7,VOTE Agent[12]
1,talk,38,2,10,Skip
1,talk,39,2,2,Skip
1,talk,40,2,3,VOTE Agent[12]
1,talk,41,2,11,Skip
1,talk,42,2,8,Skip
1,talk,43,2,12,VOTE Agent[11]
1,talk,44,2,4,VOTE Agent[12]
1,talk,45,3,15,ESTIMATE Agent[04] WEREWOLF
1,talk,46,3,3,VOTE Agent[02]
1,talk,47,3,9,VOTE Agent[05]
1,talk,48,3,4,VOTE Agent[11]
1,talk,49,3,10,VOTE Agent[14]
1,talk,50,3,7,VOTE Agent[11]
1,talk,51,3,2,Over
1,talk,52,3,12,VOTE Agent[11]
1,talk,53,3,14,REQUEST ANY (VOTE Agent[02])
1,talk,54,3,5,VOTE Agent[14]
1,talk,55,3,8,Over
1,talk,56,3,13,VOTE Agent[11]
1,talk,57,3,1,VOTE Agent[14]
1,talk,58,3,6,VOTE Agent[14]
1,talk,59,3,11,Over
1,talk,60,4,11,Over
1,talk,61,4,5,VOTE Agent[14]
1,talk,62,4,1,VOTE Agent[14]
1,talk,63,4,9,VOTE Agent[07]
1,talk,64,4,15,ESTIMATE Agent[04] WEREWOLF
1,talk,65,4,4,VOTE Agent[11]
1,talk,66,4,12,VOTE Agent[11]
1,talk,67,4,7,Skip
1,talk,68,4,8,Over
1,talk,69,4,2,Over
1,talk,70,4,10,VOTE Agent[14]
1,talk,71,4,13,VOTE Agent[11]
1,talk,72,4,3,VOTE Agent[11]
1,talk,73,4,14,ESTIMATE Agent[02] WEREWOLF
1,talk,74,4,6,VOTE Agent[14]
1,talk,75,5,7,Skip
1,talk,76,5,1,VOTE Agent[14]
1,talk,77,5,9,VOTE Agent[11]
1,talk,78,5,2,Over
1,talk,79,5,8,Over
1,talk,80,5,10,VOTE Agent[14]
1,talk,81,5,15,REQUEST ANY (VOTE Agent[04])
1,talk,82,5,5,VOTE Agent[14]
1,talk,83,5,4,VOTE Agent[11]
1,talk,84,5,13,VOTE Agent[11]
1,talk,85,5,6,VOTE Agent[14]
1,talk,86,5,14,REQUEST ANY (VOTE Agent[02])
1,talk,87,5,11,Over
1,talk,88,5,3,VOTE Agent[11]
1,talk,89,5,12,VOTE Agent[11]
1,talk,90,6,4,VOTE Agent[11]
1,talk,91,6,8,Over
1,talk,92,6,2,Over
1,talk,93,6,7,Over
1,talk,94,6,9,VOTE Agent[05]
1,talk,95,6,12,VOTE Agent[11]
1,talk,96,6,10,VOTE Agent[14]
1,talk,97,6,11,Over
1,talk,98,6,1,VOTE Agent[14]
1,talk,99,6,13,VOTE Agent[11]
1,talk,100,6,6,VOTE Agent[14]
1,talk,101,6,3,VOTE Agent[11]
1,talk,102,6,5,VOTE Agent[14]
1,talk,103,6,15,VOTE Agent[04]
1,talk,104,6,14,VOTE Agent[02]
1,talk,105,7,13,VOTE Agent[11]
1,talk,106,7,3,VOTE Agent[11]
1,talk,107,7,14,ESTIMATE Agent[02] WEREWOLF
1,talk,108,7,2,Over
1,talk,109,7,10,VOTE Agent[14]
1,talk,110,7,11,Over
1,talk,111,7,5,VOTE Agent[14]
1,talk,112,7,7,Over
1,talk,113,7,1,VOTE Agent[14]
1,talk,114,7,9,VOTE Agent[15]
1,talk,115,7,12,VOTE Agent[11]
1,talk,116,7,6,VOTE Agent[14]
1,talk,117,7,15,VOTE Agent[04]
1,talk,118,7,8,Over
1,talk,119,7,4,VOTE Agent[11]
1,talk,120,8,8,Over
1,talk,121,8,11,Over
1,talk,122,8,7,Over
1,talk,123,8,9,VOTE Agent[13]
1,talk,124,8,15,ESTIMATE Agent[04] WEREWOLF
1,talk,125,8,13,VOTE Agent[11]
1,talk,126,8,1,VOTE Agent[14]
1,talk,127,8,2,Over
1,talk,128,8,14,REQUEST ANY (VOTE Agent[02])
1,talk,129,8,4,VOTE Agent[11]
1,talk,130,8,6,VOTE Agent[14]
1,talk,131,8,10,VOTE Agent[14]
1,talk,132,8,3,VOTE Agent[11]
1,talk,133,8,5,VOTE Agent[14]
1,talk,134,8,12,VOTE Agent[11]
1,talk,135,9,1,VOTE Agent[14]
1,talk,136,9,10,VOTE Agent[14]
1,talk,137,9,7,Over
1,talk,138,9,13,VOTE Agent[11]
1,talk,139,9,8,Over
1,talk,140,9,2,Over
1,talk,141,9,5,VOTE Agent[14]
1,talk,142,9,3,VOTE Agent[11]
1,talk,143,9,4,VOTE Agent[11]
1,talk,144,9,6,VOTE Agent[14]
1,talk,145,9,15,ESTIMATE Agent[04] WEREWOLF
1,talk,146,9,11,Over
1,talk,147,9,9,VOTE Agent[10]
1,talk,148,9,12,VOTE Agent[11]
1,talk,149,9,14,VOTE Agent[02]
1,talk,150,10,7,Over
1,talk,151,10,4,Over
1,talk,152,10,10,VOTE Agent[14]
1,talk,153,10,15,Over
1,talk,154,10,2,Over
1,talk,155,10,9,Over
1,talk,156,10,12,VOTE Agent[11]
1,talk,157,10,1,VOTE Agent[14]
1,talk,158,10,14,Over
1,talk,159,10,8,Over
1,talk,160,10,5,VOTE Agent[14]
1,talk,161,10,3,VOTE Agent[11]
1,talk,162,10,6,VOTE Agent[14]
1,talk,163,10,13,VOTE Agent[11]
1,talk,164,10,11,Over
1,talk,165,11,13,Over
1,talk,166,11,5,VOTE Agent[14]
1,talk,167,11,15,Over
1,talk,168,11,11,Over
1,talk,169,11,14,Over
1,talk,170,11,12,Over
1,talk,171,11,1,VOTE Agent[14]
1,talk,172,11,10,VOTE Agent[14]
1,talk,173,11,2,Over
1,talk,174,11,9,Over
1,talk,175,11,7,Over
1,talk,176,11,3,Over
1,talk,177,11,6,VOTE Agent[14]
1,talk,178,11,8,Over
1,talk,179,11,4,Over
1,talk,180,12,7,Over
1,talk,181,12,13,Over
1,talk,182,12,14,Over
1,talk,183,12,15,Over
1,talk,184,12,2,Over
1,talk,185,12,11,Over
1,talk,186,12,4,Over
1,talk,187,12,6,Over
1,talk,188,12,12,Over
1,talk,189,12,9,Over
1,talk,190,12,8,Over
1,talk,191,12,5,Over
1,talk,192,12,1,Over
1,talk,193,12,3,Over
1,talk,194,12,10,Over
1,vote,1,14
1,vote,2,14
1,vote,3,11
1,vote,4,11
1,vote,5,14
1,vote,6,14
1,vote,7,11
1,vote,8,14
1,vote,9,10
1,vote,10,14
1,vote,11,14
1,vote,12,11
1,vote,13,11
1,vote,14,2
1,vote,15,8
1,execute,14,VILLAGER
1,divine,4,11,HUMAN
1,whisper,0,0,2,Skip
1,whisper,1,0,8,Skip
1,whisper,2,0,15,ATTACK Agent[04]
1,whisper,3,1,8,Skip
1,whisper,4,1,2,Skip
1,whisper,5,1,15,Skip
1,whisper,6,2,2,Over
1,whisper,7,2,15,Skip
1,whisper,8,2,8,Over
1,whisper,9,3,2,Over
1,whisper,10,3,15,Over
1,whisper,11,3,8,Over
1,guard,10,11,POSSESSED
1,attackVote,2,4
1,attackVote,8,4
1,attackVote,15,4
1,attack,4,true
2,status,1,VILLAGER,ALIVE,tonkatsu
2,status,2,WEREWOLF,ALIVE,KP22
2,status,3,VILLAGER,ALIVE,kgu_ryu
2,status,4,SEER,DEAD,sUper_IL
2,status,5,VILLAGER,ALIVE,daphne
2,status,6,VILLAGER,ALIVE,Ncu702
2,status,7,MEDIUM,ALIVE,ice
2,status,8,WEREWOLF,ALIVE,mikami
2,status,9,VILLAGER,ALIVE,Baguette
2,status,10,BODYGUARD,ALIVE,ichida
2,status,11,POSSESSED,ALIVE,Hachi2
2,status,12,VILLAGER,ALIVE,takoyaki
2,status,13,VILLAGER,ALIVE,CanisLupus
2,status,14,VILLAGER,DEAD,ioh
2,status,15,WEREWOLF,ALIVE,Basket
2,talk,0,0,5,VOTE Agent[15]
2,talk,1,0,10,VOTE Agent[15]
2,talk,2,0,11,VOTE Agent[15]
2,talk,3,0,13,VOTE Agent[11]
2,talk,4,0,7,IDENTIFIED Agent[14] HUMAN
2,talk,5,0,15,DIVINED Agent[11] WEREWOLF
2,talk,6,0,1,VOTE Agent[15]
2,talk,7,0,6,VOTE Agent[15]
2,talk,8,0,12,VOTE Agent[11]
2,talk,9,0,3,VOTE Agent[11]
2,talk,10,0,2,VOTE Agent[15]
2,talk,11,0,9,VOTE Agent[11]
2,talk,12,0,8,VOTE Agent[15]
2,talk,13,1,15,VOTE Agent[11]
2,talk,14,1,10,Skip
2,talk,15,1,6,Skip
2,talk,16,1,5,Skip
2,talk,17,1,1,Skip
2,talk,18,1,2,Skip
2,talk,19,1,7,Skip
2,talk,20,1,11,Skip
2,talk,21,1,8,Skip
2,talk,22,1,9,VOTE Agent[11]
2,talk,23,1,12,VOTE Agent[11]
2,talk,24,1,13,VOTE Agent[11]
2,talk,25,1,3,VOTE Agent[11]
2,talk,26,2,10,Skip
2,talk,27,2,2,Skip
2,talk,28,2,11,Skip
2,talk,29,2,15,VOTE Agent[11]
2,talk,30,2,3,VOTE Agent[11]
2,talk,31,2,6,Skip
2,talk,32,2,7,Skip
2,talk,33,2,8,Skip
2,talk,34,2,12,VOTE Agent[11]
2,talk,35,2,9,VOTE Agent[11]
2,talk,36,2,5,Skip
2,talk,37,2,1,Skip
2,talk,38,2,13,VOTE Agent[11]
2,talk,39,3,13,VOTE Agent[02]
2,talk,40,3,6,Over
2,talk,41,3,5,Over
2,talk,42,3,15,VOTE Agent[11]
2,talk,43,3,3,VOTE Agent[02]
2,talk,44,3,8,Over
2,talk,45,3,12,VOTE Agent[02]
2,talk,46,3,2,Over
2,talk,47,3,7,VOTE Agent[02]
2,talk,48,3,10,Over
2,talk,49,3,11,Over
2,talk,50,3,9,VOTE Agent[11]
2,talk,51,3,1,Over
2,talk,52,4,5,Over
2,talk,53,4,9,VOTE Agent[11]
2,talk,54,4,10,Over
2,talk,55,4,2,Over
2,talk,56,4,1,Over
2,talk,57,4,15,ESTIMATE Agent[11] WEREWOLF
2,talk,58,4,13,VOTE Agent[02]
2,talk,59,4,8,Over
2,talk,60,4,12,VOTE Agent[02]
2,talk,61,4,7,Skip
2,talk,62,4,3,VOTE Agent[02]
2,talk,63,4,6,Over
2,talk,64,4,11,Over
2,talk,65,5,13,VOTE Agent[02]
2,talk,66,5,15,REQUEST ANY (VOTE Agent[11])
2,talk,67,5,6,Over
2,talk,68,5,7,Skip
2,talk,69,5,12,VOTE Agent[02]
2,talk,70,5,11,Over
2,talk,71,5,8,Over
2,talk,72,5,3,VOTE Agent[02]
2,talk,73,5,1,Over
2,talk,74,5,9,VOTE Agent[11]
2,talk,75,5,2,Over
2,talk,76,5,5,Over
2,talk,77,5,10,Over
2,talk,78,6,7,Over
2,talk,79,6,1,Over
2,talk,80,6,12,VOTE Agent[02]
2,talk,81,6,3,VOTE Agent[02]
2,talk,82,6,15,VOTE Agent[11]
2,talk,83,6,10,Over
2,talk,84,6,6,Over
2,talk,85,6,5,Over
2,talk,86,6,9,VOTE Agent[11]
2,talk,87,6,2,Over
2,talk,88,6,8,Over
2,talk,89,6,11,Over
2,talk,90,6,13,VOTE Agent[02]
2,talk,91,7,5,Over
2,talk,92,7,8,Over
2,talk,93,7,2,Over
2,talk,94,7,3,VOTE Agent[02]
2,talk,95,7,11,Over
2,talk,96,7,15,REQUEST ANY (VOTE Agent[11])
2,talk,97,7,6,Over
2,talk,98,7,7,Over
2,talk,99,7,10,Over
2,talk,100,7,1,Over
2,talk,101,7,13,VOTE Agent[02]
2,talk,102,7,12,VOTE Agent[02]
2,talk,103,7,9,VOTE Agent[11]
2,talk,104,8,13,VOTE Agent[02]
2,talk,105,8,10,Over
2,talk,106,8,6,Over
2,talk,107,8,1,Over
2,talk,108,8,3,VOTE Agent[02]
2,talk,109,8,2,Over
2,talk,110,8,12,VOTE Agent[02]
2,talk,111,8,7,Over
2,talk,112,8,15,ESTIMATE Agent[11] WEREWOLF
2,talk,113,8,9,VOTE Agent[11]
2,talk,114,8,8,Over
2,talk,115,8,5,Over
2,talk,116,8,11,Over
2,talk,117,9,9,VOTE Agent[11]
2,talk,118,9,7,Over
2,talk,119,9,6,Over
2,talk,120,9,10,Over
2,talk,121,9,15,REQUEST ANY (VOTE Agent[11])
2,talk,122,9,13,VOTE Agent[02]
2,talk,123,9,3,VOTE Agent[02]
2,talk,124,9,8,Over
2,talk,125,9,12,VOTE Agent[02]
2,talk,126,9,11,Over
2,talk,127,9,2,Over
2,talk,128,9,1,Over
2,talk,129,9,5,Over
2,talk,130,10,6,Over
2,talk,131,10,13,Over
2,talk,132,10,1,Over
2,talk,133,10,9,Over
2,talk,134,10,2,Over
2,talk,135,10,7,Over
2,talk,136,10,3,Over
2,talk,137,10,10,Over
2,talk,138,10,15,Over
2,talk,139,10,5,Over
2,talk,140,10,11,Over
2,talk,141,10,8,Over
2,talk,142,10,12,Over
2,vote,1,15
2,vote,2,15
2,vote,3,2
2,vote,5,15
2,vote,6,15
2,vote,7,2
2,vote,8,15
2,vote,9,11
2,vote,10,15
2,vote,11,15
2,vote,12,2
2,vote,13,2
2,vote,15,11
2,execute,15,WEREWOLF
2,whisper,0,0,2,Skip
2,whisper,1,0,8,Skip
2,whisper,2,1,8,Skip
2,whisper,3,1,2,Skip
2,whisper,4,2,8,Over
2,whisper,5,2,2,Over
2,guard,10,2,WEREWOLF
2,attackVote,2,13
2,attackVote,8,7
2,attackVote,2,13
2,attackVote,8,7
2,attack,13,true
3,status,1,VILLAGER,ALIVE,tonkatsu
3,status,2,WEREWOLF,ALIVE,KP22
3,status,3,VILLAGER,ALIVE,kgu_ryu
3,status,4,SEER,DEAD,sUper_IL
3,status,5,VILLAGER,ALIVE,daphne
3,status,6,VILLAGER,ALIVE,Ncu702
3,status,7,MEDIUM,ALIVE,ice
3,status,8,WEREWOLF,ALIVE,mikami
3,status,9,VILLAGER,ALIVE,Baguette
3,status,10,BODYGUARD,ALIVE,ichida
3,status,11,POSSESSED,ALIVE,Hachi2
3,status,12,VILLAGER,ALIVE,takoyaki
3,status,13,VILLAGER,DEAD,CanisLupus
3,status,14,VILLAGER,DEAD,ioh
3,status,15,WEREWOLF,DEAD,Basket
3,talk,0,0,12,VOTE Agent[02]
3,talk,1,0,7,IDENTIFIED Agent[15] WEREWOLF
3,talk,2,0,10,VOTE Agent[02]
3,talk,3,0,1,VOTE Agent[02]
3,talk,4,0,11,VOTE Agent[02]
3,talk,5,0,9,VOTE Agent[11]
3,talk,6,0,3,VOTE Agent[02]
3,talk,7,0,5,VOTE Agent[02]
3,talk,8,0,2,VOTE Agent[11]
3,talk,9,0,6,VOTE Agent[02]
3,talk,10,0,8,VOTE Agent[02]
3,talk,11,1,12,VOTE Agent[11]
3,talk,12,1,5,Skip
3,talk,13,1,8,Skip
3,talk,14,1,1,Skip
3,talk,15,1,11,Skip
3,talk,16,1,3,Skip
3,talk,17,1,6,Skip
3,talk,18,1,2,VOTE Agent[11]
3,talk,19,1,9,VOTE Agent[11]
3,talk,20,1,10,Skip
3,talk,21,1,7,Skip
3,talk,22,2,8,Skip
3,talk,23,2,3,VOTE Agent[11]
3,talk,24,2,12,VOTE Agent[11]
3,talk,25,2,9,VOTE Agent[11]
3,talk,26,2,1,Skip
3,talk,27,2,6,Skip
3,talk,28,2,5,Skip
3,talk,29,2,2,VOTE Agent[11]
3,talk,30,2,11,Skip
3,talk,31,2,10,Skip
3,talk,32,2,7,VOTE Agent[11]
3,talk,33,3,7,Skip
3,talk,34,3,6,Over
3,talk,35,3,2,VOTE Agent[11]
3,talk,36,3,8,Over
3,talk,37,3,10,Over
3,talk,38,3,3,VOTE Agent[11]
3,talk,39,3,11,Over
3,talk,40,3,9,VOTE Agent[11]
3,talk,41,3,5,Over
3,talk,42,3,1,Over
3,talk,43,3,12,VOTE Agent[11]
3,talk,44,4,3,VOTE Agent[11]
3,talk,45,4,7,Skip
3,talk,46,4,8,Over
3,talk,47,4,11,Over
3,talk,48,4,12,VOTE Agent[11]
3,talk,49,4,2,VOTE Agent[11]
3,talk,50,4,5,Over
3,talk,51,4,9,VOTE Agent[11]
3,talk,52,4,1,Over
3,talk,53,4,10,Over
3,talk,54,4,6,Over
3,talk,55,5,12,VOTE Agent[11]
3,talk,56,5,9,VOTE Agent[11]
3,talk,57,5,3,VOTE Agent[11]
3,talk,58,5,5,Over
3,talk,59,5,1,Over
3,talk,60,5,8,Over
3,talk,61,5,6,Over
3,talk,62,5,11,Over
3,talk,63,5,7,Over
3,talk,64,5,2,VOTE Agent[11]
3,talk,65,5,10,Over
3,talk,66,6,9,VOTE Agent[11]
3,talk,67,6,11,Over
3,talk,68,6,10,Over
3,talk,69,6,8,Over
3,talk,70,6,7,Over
3,talk,71,6,3,VOTE Agent[11]
3,talk,72,6,5,Over
3,talk,73,6,1,Over
3,talk,74,6,2,VOTE Agent[11]
3,talk,75,6,12,VOTE Agent[11]
3,talk,76,6,6,Over
3,talk,77,7,1,Over
3,talk,78,7,5,Over
3,talk,79,7,10,Over
3,talk,80,7,6,Over
3,talk,81,7,11,Over
3,talk,82,7,12,VOTE Agent[11]
3,talk,83,7,3,VOTE Agent[11]
3,talk,84,7,8,Over
3,talk,85,7,9,VOTE Agent[11]
3,talk,86,7,2,VOTE Agent[11]
3,talk,87,7,7,Over
3,talk,88,8,5,Over
3,talk,89,8,1,Over
3,talk,90,8,9,VOTE Agent[11]
3,talk,91,8,8,Over
3,talk,92,8,12,VOTE Agent[11]
3,talk,93,8,2,VOTE Agent[11]
3,talk,94,8,3,VOTE Agent[11]
3,talk,95,8,6,Over
3,talk,96,8,7,Over
3,talk,97,8,10,Over
3,talk,98,8,11,Over
3,talk,99,9,12,VOTE Agent[11]
3,talk,100,9,9,VOTE Agent[11]
3,talk,101,9,10,Over
3,talk,102,9,3,VOTE Agent[11]
3,talk,103,9,1,Over
3,talk,104,9,2,VOTE Agent[11]
3,talk,105,9,5,Over
3,talk,106,9,11,Over
3,talk,107,9,8,Over
3,talk,108,9,7,Over
3,talk,109,9,6,Over
3,talk,110,10,1,Over
3,talk,111,10,2,Over
3,talk,112,10,8,Over
3,talk,113,10,5,Over
3,talk,114,10,11,Over
3,talk,115,10,10,Over
3,talk,116,10,12,Over
3,talk,117,10,3,VOTE Agent[11]
3,talk,118,10,7,Over
3,talk,119,10,6,Over
3,talk,120,10,9,Over
3,talk,121,11,2,Over
3,talk,122,11,12,Over
3,talk,123,11,7,Over
3,talk,124,11,5,Over
3,talk,125,11,1,Over
3,talk,126,11,11,Over
3,talk,127,11,6,Over
3,talk,128,11,9,Over
3,talk,129,11,8,Over
3,talk,130,11,3,Over
3,talk,131,11,10,Over
3,vote,1,2
3,vote,2,11
3,vote,3,11
3,vote,5,2
3,vote,6,2
3,vote,7,11
3,vote,8,2
3,vote,9,11
3,vote,10,2
3,vote,11,2
3,vote,12,11
3,execute,2,WEREWOLF
3,guard,10,11,POSSESSED
3,attackVote,8,7
3,attack,7,true
4,status,1,VILLAGER,ALIVE,tonkatsu
4,status,2,WEREWOLF,DEAD,KP22
4,status,3,VILLAGER,ALIVE,kgu_ryu
4,status,4,SEER,DEAD,sUper_IL
4,status,5,VILLAGER,ALIVE,daphne
4,status,6,VILLAGER,ALIVE,Ncu702
4,status,7,MEDIUM,DEAD,ice
4,status,8,WEREWOLF,ALIVE,mikami
4,status,9,VILLAGER,ALIVE,Baguette
4,status,10,BODYGUARD,ALIVE,ichida
4,status,11,POSSESSED,ALIVE,Hachi2
4,status,12,VILLAGER,ALIVE,takoyaki
4,status,13,VILLAGER,DEAD,CanisLupus
4,status,14,VILLAGER,DEAD,ioh
4,status,15,WEREWOLF,DEAD,Basket
4,talk,0,0,5,VOTE Agent[11]
4,talk,1,0,8,VOTE Agent[11]
4,talk,2,0,11,VOTE Agent[01]
4,talk,3,0,12,VOTE Agent[11]
4,talk,4,0,10,VOTE Agent[11]
4,talk,5,0,9,VOTE Agent[11]
4,talk,6,0,3,VOTE Agent[11]
4,talk,7,0,1,VOTE Agent[11]
4,talk,8,0,6,VOTE Agent[11]
4,talk,9,1,12,Skip
4,talk,10,1,11,Skip
4,talk,11,1,5,Skip
4,talk,12,1,3,Skip
4,talk,13,1,8,Skip
4,talk,14,1,1,Skip
4,talk,15,1,9,VOTE Agent[11]
4,talk,16,1,6,Skip
4,talk,17,1,10,Skip
4,talk,18,2,8,Skip
4,talk,19,2,1,Skip
4,talk,20,2,11,Skip
4,talk,21,2,9,VOTE Agent[11]
4,talk,22,2,10,Skip
4,talk,23,2,5,Skip
4,talk,24,2,6,Skip
4,talk,25,2,3,Skip
4,talk,26,2,12,Skip
4,talk,27,3,10,Over
4,talk,28,3,8,Over
4,talk,29,3,12,Over
4,talk,30,3,5,Over
4,talk,31,3,6,Over
4,talk,32,3,3,Over
4,talk,33,3,9,VOTE Agent[11]
4,talk,34,3,1,Over
4,talk,35,3,11,Over
4,talk,36,4,11,Over
4,talk,37,4,1,Over
4,talk,38,4,8,Over
4,talk,39,4,5,Over
4,talk,40,4,12,Over
4,talk,41,4,9,VOTE Agent[11]
4,talk,42,4,6,Over
4,talk,43,4,3,Over
4,talk,44,4,10,Over
4,talk,45,5,11,Over
4,talk,46,5,5,Over
4,talk,47,5,6,Over
4,talk,48,5,8,Over
4,talk,49,5,9,VOTE Agent[11]
4,talk,50,5,3,Over
4,talk,51,5,10,Over
4,talk,52,5,12,Over
4,talk,53,5,1,Over
4,talk,54,6,12,Over
4,talk,55,6,11,Over
4,talk,56,6,9,VOTE Agent[11]
4,talk,57,6,10,Over
4,talk,58,6,3,Over
4,talk,59,6,6,Over
4,talk,60,6,8,Over
4,talk,61,6,5,Over
4,talk,62,6,1,Over
4,talk,63,7,3,Over
4,talk,64,7,6,Over
4,talk,65,7,8,Over
4,talk,66,7,10,Over
4,talk,67,7,1,Over
4,talk,68,7,12,Over
4,talk,69,7,9,VOTE Agent[11]
4,talk,70,7,5,Over
4,talk,71,7,11,Over
4,talk,72,8,5,Over
4,talk,73,8,9,VOTE Agent[11]
4,talk,74,8,1,Over
4,talk,75,8,10,Over
4,talk,76,8,11,Over
4,talk,77,8,8,Over
4,talk,78,8,6,Over
4,talk,79,8,3,Over
4,talk,80,8,12,Over
4,talk,81,9,10,Over
4,talk,82,9,9,VOTE Agent[11]
4,talk,83,9,3,Over
4,talk,84,9,1,Over
4,talk,85,9,11,Over
4,talk,86,9,6,Over
4,talk,87,9,12,Over
4,talk,88,9,8,Over
4,talk,89,9,5,Over
4,talk,90,10,8,Over
4,talk,91,10,5,Over
4,talk,92,10,9,Over
4,talk,93,10,11,Over
4,talk,94,10,1,Over
4,talk,95,10,12,Over
4,talk,96,10,6,Over
4,talk,97,10,10,Over
4,talk,98,10,3,Over
4,vote,1,11
4,vote,3,11
4,vote,5,11
4,vote,6,11
4,vote,8,11
4,vote,9,11
4,vote,10,11
4,vote,11,1
4,vote,12,11
4,execute,11,POSSESSED
4,guard,10,1,VILLAGER
4,attackVote,8,9
4,attack,9,true
5,status,1,VILLAGER,ALIVE,tonkatsu
5,status,2,WEREWOLF,DEAD,KP22
5,status,3,VILLAGER,ALIVE,kgu_ryu
5,status,4,SEER,DEAD,sUper_IL
5,status,5,VILLAGER,ALIVE,daphne
5,status,6,VILLAGER,ALIVE,Ncu702
5,status,7,MEDIUM,DEAD,ice
5,status,8,WEREWOLF,ALIVE,mikami
5,status,9,VILLAGER,DEAD,Baguette
5,status,10,BODYGUARD,ALIVE,ichida
5,status,11,POSSESSED,DEAD,Hachi2
5,status,12,VILLAGER,ALIVE,takoyaki
5,status,13,VILLAGER,DEAD,CanisLupus
5,status,14,VILLAGER,DEAD,ioh
5,status,15,WEREWOLF,DEAD,Basket
5,talk,0,0,10,VOTE Agent[01]
5,talk,1,0,6,VOTE Agent[01]
5,talk,2,0,1,VOTE Agent[05]
5,talk,3,0,3,VOTE Agent[01]
5,talk,4,0,5,VOTE Agent[01]
5,talk,5,0,12,VOTE Agent[01]
5,talk,6,0,8,VOTE Agent[01]
5,talk,7,1,1,VOTE Agent[05]
5,talk,8,1,3,Skip
5,talk,9,1,6,Skip
5,talk,10,1,12,Skip
5,talk,11,1,10,Skip
5,talk,12,1,5,Skip
5,talk,13,1,8,Skip
5,talk,14,2,5,Skip
5,talk,15,2,6,Skip
5,talk,16,2,12,Skip
5,talk,17,2,8,Skip
5,talk,18,2,3,Skip
5,talk,19,2,1,VOTE Agent[05]
5,talk,20,2,10,Skip
5,talk,21,3,8,Over
5,talk,22,3,6,Over
5,talk,23,3,1,VOTE Agent[05]
5,talk,24,3,10,Over
5,talk,25,3,3,Over
5,talk,26,3,5,Over
5,talk,27,3,12,Over
5,talk,28,4,10,Over
5,talk,29,4,1,VOTE Agent[05]
5,talk,30,4,3,Over
5,talk,31,4,5,Over
5,talk,32,4,6,Over
5,talk,33,4,12,Over
5,talk,34,4,8,Over
5,talk,35,5,1,VOTE Agent[05]
5,talk,36,5,5,Over
5,talk,37,5,8,Over
5,talk,38,5,3,Over
5,talk,39,5,6,Over
5,talk,40,5,10,Over
5,talk,41,5,12,Over
5,talk,42,6,3,Over
5,talk,43,6,5,Over
5,talk,44,6,10,Over
5,talk,45,6,8,Over
5,talk,46,6,12,Over
5,talk,47,6,1,VOTE Agent[05]
5,talk,48,6,6,Over
5,talk,49,7,1,VOTE Agent[05]
5,talk,50,7,12,Over
5,talk,51,7,8,Over
5,talk,52,7,10,Over
5,talk,53,7,3,Over
5,talk,54,7,5,Over
5,talk,55,7,6,Over
5,talk,56,8,8,Over
5,talk,57,8,5,Over
5,talk,58,8,3,Over
5,talk,59,8,6,Over
5,talk,60,8,12,Over
5,talk,61,8,10,Over
5,talk,62,8,1,VOTE Agent[05]
5,talk,63,9,10,Over
5,talk,64,9,8,Over
5,talk,65,9,3,Over
5,talk,66,9,1,VOTE Agent[05]
5,talk,67,9,6,Over
5,talk,68,9,12,Over
5,talk,69,9,5,Over
5,talk,70,10,6,Over
5,talk,71,10,3,Over
5,talk,72,10,1,Over
5,talk,73,10,8,Over
5,talk,74,10,10,Over
5,talk,75,10,5,Over
5,talk,76,10,12,Over
5,vote,1,5
5,vote,3,1
5,vote,5,6
5,vote,6,1
5,vote,8,1
5,vote,10,1
5,vote,12,1
5,execute,1,VILLAGER
5,guard,10,1,VILLAGER
5,attackVote,8,3
5,attack,3,true
6,status,1,VILLAGER,DEAD,tonkatsu
6,status,2,WEREWOLF,DEAD,KP22
6,status,3,VILLAGER,DEAD,kgu_ryu
6,status,4,SEER,DEAD,sUper_IL
6,status,5,VILLAGER,ALIVE,daphne
6,status,6,VILLAGER,ALIVE,Ncu702
6,status,7,MEDIUM,DEAD,ice
6,status,8,WEREWOLF,ALIVE,mikami
6,status,9,VILLAGER,DEAD,Baguette
6,status,10,BODYGUARD,ALIVE,ichida
6,status,11,POSSESSED,DEAD,Hachi2
6,status,12,VILLAGER,ALIVE,takoyaki
6,status,13,VILLAGER,DEAD,CanisLupus
6,status,14,VILLAGER,DEAD,ioh
6,status,15,WEREWOLF,DEAD,Basket
6,talk,0,0,12,VOTE Agent[05]
6,talk,1,0,6,VOTE Agent[05]
6,talk,2,0,8,VOTE Agent[05]
6,talk,3,0,5,VOTE Agent[08]
6,talk,4,0,10,VOTE Agent[05]
6,talk,5,1,8,Skip
6,talk,6,1,10,Skip
6,talk,7,1,12,Skip
6,talk,8,1,5,VOTE Agent[08]
6,talk,9,1,6,Skip
6,talk,10,2,12,Skip
6,talk,11,2,10,Skip
6,talk,12,2,6,Skip
6,talk,13,2,8,Skip
6,talk,14,2,5,VOTE Agent[08]
6,talk,15,3,6,Over
6,talk,16,3,12,Over
6,talk,17,3,5,VOTE Agent[08]
6,talk,18,3,8,Over
6,talk,19,3,10,Over
6,talk,20,4,8,Over
6,talk,21,4,12,Over
6,talk,22,4,6,Over
6,talk,23,4,5,VOTE Agent[08]
6,talk,24,4,10,Over
6,talk,25,5,6,Over
6,talk,26,5,10,Over
6,talk,27,5,12,Over
6,talk,28,5,5,VOTE Agent[08]
6,talk,29,5,8,Over
6,talk,30,6,12,Over
6,talk,31,6,10,Over
6,talk,32,6,6,Over
6,talk,33,6,5,VOTE Agent[08]
6,talk,34,6,8,Over
6,talk,35,7,8,Over
6,talk,36,7,5,VOTE Agent[08]
6,talk,37,7,12,Over
6,talk,38,7,6,Over
6,talk,39,7,10,Over
6,talk,40,8,5,VOTE Agent[08]
6,talk,41,8,8,Over
6,talk,42,8,6,Over
6,talk,43,8,12,Over
6,talk,44,8,10,Over
6,talk,45,9,5,VOTE Agent[08]
6,talk,46,9,12,Over
6,talk,47,9,10,Over
6,talk,48,9,6,Over
6,talk,49,9,8,Over
6,talk,50,10,5,Over
6,talk,51,10,12,Over
6,talk,52,10,8,Over
6,talk,53,10,6,Over
6,talk,54,10,10,Over
6,vote,5,6
6,vote,6,5
6,vote,8,5
6,vote,10,5
6,vote,12,5
6,execute,5,VILLAGER
6,guard,10,5,VILLAGER
6,attackVote,8,12
6,attack,12,true
7,status,1,VILLAGER,DEAD,tonkatsu
7,status,2,WEREWOLF,DEAD,KP22
7,status,3,VILLAGER,DEAD,kgu_ryu
7,status,4,SEER,DEAD,sUper_IL
7,status,5,VILLAGER,DEAD,daphne
7,status,6,VILLAGER,ALIVE,Ncu702
7,status,7,MEDIUM,DEAD,ice
7,status,8,WEREWOLF,ALIVE,mikami
7,status,9,VILLAGER,DEAD,Baguette
7,status,10,BODYGUARD,ALIVE,ichida
7,status,11,POSSESSED,DEAD,Hachi2
7,status,12,VILLAGER,DEAD,takoyaki
7,status,13,VILLAGER,DEAD,CanisLupus
7,status,14,VILLAGER,DEAD,ioh
7,status,15,WEREWOLF,DEAD,Basket
7,talk,0,0,6,VOTE Agent[08]
7,talk,1,0,8,COMINGOUT Agent[08] WEREWOLF
7,talk,2,0,10,VOTE Agent[08]
7,talk,3,1,10,Skip
7,talk,4,1,6,Skip
7,talk,5,1,8,VOTE Agent[06]
7,talk,6,2,10,Skip
7,talk,7,2,8,VOTE Agent[06]
7,talk,8,2,6,Skip
7,talk,9,3,8,VOTE Agent[06]
7,talk,10,3,6,Over
7,talk,11,3,10,Over
7,talk,12,4,6,Over
7,talk,13,4,10,Over
7,talk,14,4,8,VOTE Agent[06]
7,talk,15,5,8,VOTE Agent[06]
7,talk,16,5,10,Over
7,talk,17,5,6,Over
7,talk,18,6,8,VOTE Agent[06]
7,talk,19,6,10,Over
7,talk,20,6,6,Over
7,talk,21,7,6,Over
7,talk,22,7,8,VOTE Agent[06]
7,talk,23,7,10,Over
7,talk,24,8,6,Over
7,talk,25,8,10,Over
7,talk,26,8,8,VOTE Agent[06]
7,talk,27,9,6,Over
7,talk,28,9,10,Over
7,talk,29,9,8,VOTE Agent[06]
7,talk,30,10,6,Over
7,talk,31,10,10,Over
7,talk,32,10,8,Over
7,vote,6,8
7,vote,8,6
7,vote,10,8
7,execute,8,WEREWOLF
7,guard,10,8,WEREWOLF
8,status,1,VILLAGER,DEAD,tonkatsu
8,status,2,WEREWOLF,DEAD,KP22
8,status,3,VILLAGER,DEAD,kgu_ryu
8,status,4,SEER,DEAD,sUper_IL
8,status,5,VILLAGER,DEAD,daphne
8,status,6,VILLAGER,ALIVE,Ncu702
8,status,7,MEDIUM,DEAD,ice
8,status,8,WEREWOLF,DEAD,mikami
8,status,9,VILLAGER,DEAD,Baguette
8,status,10,BODYGUARD,ALIVE,ichida
8,status,11,POSSESSED,DEAD,Hachi2
8,status,12,VILLAGER,DEAD,takoyaki
8,status,13,VILLAGER,DEAD,CanisLupus
8,status,14,VILLAGER,DEAD,ioh
8,status,15,WEREWOLF,DEAD,Basket
8,result,2,0,VILLAGER
