0,status,1,POSSESSED,ALIVE,tonkatsu
0,status,2,VILLAGER,ALIVE,KP22
0,status,3,VILLAGER,ALIVE,kgu_ryu
0,status,4,VILLAGER,ALIVE,sUper_IL
0,status,5,MEDIUM,ALIVE,daphne
0,status,6,BODYGUARD,ALIVE,Ncu702
0,status,7,VILLAGER,ALIVE,ice
0,status,8,SEER,ALIVE,mikami
0,status,9,VILLAGER,ALIVE,Baguette
0,status,10,VILLAGER,ALIVE,ichida
0,status,11,VILLAGER,ALIVE,Hachi2
0,status,12,VILLAGER,ALIVE,takoyaki
0,status,13,WEREWOLF,ALIVE,CanisLupus
0,status,14,WEREWOLF,ALIVE,ioh
0,status,15,WEREWOLF,ALIVE,Basket
0,whisper,0,0,14,COMINGOUT Agent[14] SEER
0,whisper,1,0,15,COMINGOUT Agent[15] SEER
0,whisper,2,0,13,Skip
0,whisper,3,1,14,Skip
0,whisper,4,1,15,Skip
0,whisper,5,1,13,Skip
0,whisper,6,2,15,Skip
0,whisper,7,2,13,Over
0,whisper,8,2,14,Skip
0,whisper,9,3,15,Over
0,whisper,10,3,14,Over
0,whisper,11,3,13,Over
0,divine,8,13,WEREWOLF
1,status,1,POSSESSED,ALIVE,tonkatsu
1,status,2,VILLAGER,ALIVE,KP22
1,status,3,VILLAGER,ALIVE,kgu_ryu
1,status,4,VILLAGER,ALIVE,sUper_IL
1,status,5,MEDIUM,ALIVE,daphne
1,status,6,BODYGUARD,ALIVE,Ncu702
1,status,7,VILLAGER,ALIVE,ice
1,status,8,SEER,ALIVE,mikami
1,status,9,VILLAGER,ALIVE,Baguette
1,status,10,VILLAGER,ALIVE,ichida
1,status,11,VILLAGER,ALIVE,Hachi2
1,status,12,VILLAGER,ALIVE,takoyaki
1,status,13,WEREWOLF,ALIVE,CanisLupus
1,status,14,WEREWOLF,ALIVE,ioh
1,status,15,WEREWOLF,ALIVE,Basket
1,talk,0,0,8,COMINGOUT Agent[08] SEER
1,talk,1,0,9,VOTE Agent[15]
1,talk,2,0,1,VOTE Agent[15]
1,talk,3,0,3,VOTE Agent[15]
1,talk,4,0,13,VOTE Agent[15]
1,talk,5,0,15,COMINGOUT Agent[15] SEER
1,talk,6,0,4,VOTE Agent[15]
1,talk,7,0,14,VOTE Agent[04]
1,talk,8,0,2,VOTE Agent[15]
1,talk,9,0,12,VOTE Agent[15]
1,talk,10,0,11,VOTE Agent[15]
1,talk,11,0,10,VOTE Agent[15]
1,talk,12,0,6,VOTE Agent[15]
1,talk,13,0,7,VOTE Agent[15]
1,talk,14,0,5,COMINGOUT Agent[05] MEDIUM
1,talk,15,1,10,Skip
1,talk,16,1,1,Skip
1,talk,17,1,9,VOTE Agent[08]
1,talk,18,1,5,VOTE Agent[04]
1,talk,19,1,7,Skip
1,talk,20,1,6,Skip
1,talk,21,1,8,DIVINED Agent[13] WEREWOLF
1,talk,22,1,4,VOTE Agent[11]
1,talk,23,1,3,Skip
1,talk,24,1,11,VOTE Agent[13]
1,talk,25,1,13,Skip
1,talk,26,1,2,VOTE Agent[06]
1,talk,27,1,14,VOTE Agent[04]
1,talk,28,1,15,DIVINED Agent[12] WEREWOLF
1,talk,29,1,12,VOTE Agent[06]
1,talk,30,2,2,VOTE Agent[13]
1,talk,31,2,15,ESTIMATE Agent[08] WEREWOLF
1,talk,32,2,8,VOTE Agent[15]
1,talk,33,2,7,VOTE Agent[15]
1,talk,34,2,9,VOTE Agent[12]
1,talk,35,2,10,VOTE Agent[15]
1,talk,36,2,11,VOTE Agent[13]
1,talk,37,2,1,Skip
1,talk,38,2,6,VOTE Agent[15]
1,talk,39,2,5,VOTE Agent[13]
1,talk,40,2,4,VOTE Agent[01]
1,talk,41,2,3,VOTE Agent[15]
1,talk,42,2,13,Skip
1,talk,43,2,12,VOTE Agent[03]
1,talk,44,2,14,VOTE Agent[15]
1,talk,45,3,11,VOTE Agent[13]
1,talk,46,3,15,ESTIMATE Agent[08] WEREWOLF
1,talk,47,3,9,VOTE Agent[13]
1,talk,48,3,12,VOTE Agent[13]
1,talk,49,3,3,VOTE Agent[13]
1,talk,50,3,4,VOTE Agent[13]
1,talk,51,3,7,VOTE Agent[13]
1,talk,52,3,13,VOTE Agent[15]
1,talk,53,3,8,VOTE Agent[13]
1,talk,54,3,2,Skip
1,talk,55,3,1,VOTE Agent[13]
1,talk,56,3,10,VOTE Agent[13]
1,talk,57,3,14,VOTE Agent[13]
1,talk,58,3,6,VOTE Agent[13]
1,talk,59,3,5,Skip
1,talk,60,4,12,Skip
1,talk,61,4,4,Skip
1,talk,62,4,13,VOTE Agent[08]
1,talk,63,4,3,Skip
1,talk,64,4,14,REQUEST ANY (VOTE Agent[13])
1,talk,65,4,5,Skip
1,talk,66,4,8,VOTE Agent[13]
1,talk,67,4,9,VOTE Agent[12]
1,talk,68,4,15,ESTIMATE Agent[08] WEREWOLF
1,talk,69,4,7,Skip
1,talk,70,4,10,Skip
1,talk,71,4,6,Skip
1,talk,72,4,2,Skip
1,talk,73,4,11,Skip
1,talk,74,4,1,Skip
1,talk,75,5,14,VOTE Agent[13]
1,talk,76,5,7,Skip
1,talk,77,5,1,Skip
1,talk,78,5,11,Skip
1,talk,79,5,10,Skip
1,talk,80,5,12,Skip
1,talk,81,5,3,Skip
1,talk,82,5,9,VOTE Agent[12]
1,talk,83,5,2,Over
1,talk,84,5,13,VOTE Agent[08]
1,talk,85,5,4,Skip
1,talk,86,5,6,Skip
1,talk,87,5,5,Over
1,talk,88,5,8,VOTE Agent[13]
1,talk,89,5,15,ESTIMATE Agent[08] WEREWOLF
1,talk,90,6,10,Over
1,talk,91,6,12,Over
1,talk,92,6,3,Over
1,talk,93,6,6,Over
1,talk,94,6,4,Over
1,talk,95,6,7,Over
1,talk,96,6,13,VOTE Agent[08]
1,talk,97,6,5,Over
1,talk,98,6,11,Over
1,talk,99,6,14,ESTIMATE Agent[13] WEREWOLF
1,talk,100,6,9,VOTE Agent[12]
1,talk,101,6,8,VOTE Agent[13]
1,talk,102,6,2,Over
1,talk,103,6,15,REQUEST ANY (VOTE Agent[08])
1,talk,104,6,1,Over
1,talk,105,7,13,VOTE Agent[08]
1,talk,106,7,14,ESTIMATE Agent[13] WEREWOLF
1,talk,107,7,6,Over
1,talk,108,7,9,VOTE Agent[13]
1,talk,109,7,11,Over
1,talk,110,7,7,Over
1,talk,111,7,10,Over
1,talk,112,7,15,ESTIMATE Agent[08] WEREWOLF
1,talk,113,7,5,Over
1,talk,114,7,3,Over
1,talk,115,7,8,VOTE Agent[13]
1,talk,116,7,12,Over
1,talk,117,7,4,Over
1,talk,118,7,2,Over
1,talk,119,7,1,Over
1,talk,120,8,1,Over
1,talk,121,8,7,Over
1,talk,122,8,13,VOTE Agent[08]
1,talk,123,8,4,Over
1,talk,124,8,6,Over
1,talk,125,8,5,Over
1,talk,126,8,2,Over
1,talk,127,8,3,Over
1,talk,128,8,8,VOTE Agent[13]
1,talk,129,8,12,Over
1,talk,130,8,9,VOTE Agent[13]
1,talk,131,8,15,ESTIMATE Agent[08] WEREWOLF
1,talk,132,8,10,Over
1,talk,133,8,11,Over
1,talk,134,8,14,VOTE Agent[13]
1,talk,135,9,15,ESTIMATE Agent[08] WEREWOLF
1,talk,136,9,5,Over
1,talk,137,9,13,VOTE Agent[08]
1,talk,138,9,8,VOTE Agent[13]
1,talk,139,9,10,Over
1,talk,140,9,1,Over
1,talk,141,9,7,Over
1,talk,142,9,11,Over
1,talk,143,9,6,Over
1,talk,144,9,3,Over
1,talk,145,9,2,Over
1,talk,146,9,12,Over
1,talk,147,9,9,VOTE Agent[13]
1,talk,148,9,14,REQUEST ANY (VOTE Agent[13])
1,talk,149,9,4,Over
1,talk,150,10,2,Over
1,talk,151,10,7,Over
1,talk,152,10,14,Over
1,talk,153,10,10,Over
1,talk,154,10,4,Over
1,talk,155,10,6,Over
1,talk,156,10,12,Over
1,talk,157,10,1,Over
1,talk,158,10,3,Over
1,talk,159,10,8,Over
1,talk,160,10,9,Over
1,talk,161,10,11,Over
1,talk,162,10,5,Over
1,talk,163,10,15,Over
1,talk,164,10,13,VOTE Agent[08]
1,talk,165,11,12,Over
1,talk,166,11,6,Over
1,talk,167,11,4,Over
1,talk,168,11,2,Over
1,talk,169,11,5,Over
1,talk,170,11,14,Over
1,talk,171,11,13,VOTE Agent[08]
1,talk,172,11,15,Over
1,talk,173,11,7,Over
1,talk,174,11,11,Over
1,talk,175,11,9,Over
1,talk,176,11,8,Over
1,talk,177,11,3,Over
1,talk,178,11,1,Over
1,talk,179,11,10,Over
1,talk,180,12,3,Over
1,talk,181,12,14,Over
1,talk,182,12,13,Over
1,talk,183,12,8,Over
1,talk,184,12,7,Over
1,talk,185,12,4,Over
1,talk,186,12,15,Over
1,talk,187,12,1,Over
1,talk,188,12,11,Over
1,talk,189,12,9,Over
1,talk,190,12,6,Over
1,talk,191,12,5,Over
1,talk,192,12,2,Over
1,talk,193,12,12,Over
1,talk,194,12,10,Over
1,vote,1,13
1,vote,2,13
1,vote,3,13
1,vote,4,13
1,vote,5,13
1,vote,6,13
1,vote,7,13
1,vote,8,13
1,vote,9,13
1,vote,10,13
1,vote,11,13
1,vote,12,13
1,vote,13,8
1,vote,14,13
1,vote,15,13
1,execute,13,WEREWOLF
1,divine,8,14,WEREWOLF
1,whisper,0,0,15,ATTACK Agent[08]
1,whisper,1,0,14,ATTACK Agent[08]
1,whisper,2,1,14,Skip
1,whisper,3,1,15,Skip
1,whisper,4,2,15,Skip
1,whisper,5,2,14,Skip
1,whisper,6,3,15,Over
1,whisper,7,3,14,Over
1,guard,6,5,MEDIUM
1,attackVote,14,8
1,attackVote,15,8
1,attack,8,true
2,status,1,POSSESSED,ALIVE,tonkatsu
2,status,2,VILLAGER,ALIVE,KP22
2,status,3,VILLAGER,ALIVE,kgu_ryu
2,status,4,VILLAGER,ALIVE,sUper_IL
2,status,5,MEDIUM,ALIVE,daphne
2,status,6,BODYGUARD,ALIVE,Ncu702
2,status,7,VILLAGER,ALIVE,ice
2,status,8,SEER,DEAD,mikami
2,status,9,VILLAGER,ALIVE,Baguette
2,status,10,VILLAGER,ALIVE,ichida
2,status,11,VILLAGER,ALIVE,Hachi2
2,status,12,VILLAGER,ALIVE,takoyaki
2,status,13,WEREWOLF,DEAD,CanisLupus
2,status,14,WEREWOLF,ALIVE,ioh
2,status,15,WEREWOLF,ALIVE,Basket
2,talk,0,0,15,DIVINED Agent[01] WEREWOLF
2,talk,1,0,12,VOTE Agent[01]
2,talk,2,0,9,VOTE Agent[01]
2,talk,3,0,3,VOTE Agent[01]
2,talk,4,0,1,VOTE Agent[02]
2,talk,5,0,10,VOTE Agent[01]
2,talk,6,0,11,VOTE Agent[01]
2,talk,7,0,7,VOTE Agent[01]
2,talk,8,0,6,VOTE Agent[01]
2,talk,9,0,2,VOTE Agent[01]
2,talk,10,0,4,VOTE Agent[01]
2,talk,11,0,14,VOTE Agent[01]
2,talk,12,0,5,IDENTIFIED Agent[13] WEREWOLF
2,talk,13,1,1,Skip
2,talk,14,1,11,Skip
2,talk,15,1,2,Skip
2,talk,16,1,3,Skip
2,talk,17,1,6,Skip
2,talk,18,1,9,VOTE Agent[01]
2,talk,19,1,12,Skip
2,talk,20,1,10,Skip
2,talk,21,1,14,REQUEST ANY (VOTE Agent[01])
2,talk,22,1,15,REQUEST ANY (VOTE Agent[01])
2,talk,23,1,4,Skip
2,talk,24,1,7,Skip
2,talk,25,1,5,VOTE Agent[01]
2,talk,26,2,6,Skip
2,talk,27,2,7,Skip
2,talk,28,2,12,Skip
2,talk,29,2,14,ESTIMATE Agent[01] WEREWOLF
2,talk,30,2,9,VOTE Agent[12]
2,talk,31,2,11,Skip
2,talk,32,2,10,Skip
2,talk,33,2,15,REQUEST ANY (VOTE Agent[01])
2,talk,34,2,2,Skip
2,talk,35,2,1,Skip
2,talk,36,2,3,Skip
2,talk,37,2,5,Skip
2,talk,38,2,4,Skip
2,talk,39,3,4,Over
2,talk,40,3,5,Skip
2,talk,41,3,12,Over
2,talk,42,3,15,ESTIMATE Agent[01] WEREWOLF
2,talk,43,3,14,ESTIMATE Agent[01] WEREWOLF
2,talk,44,3,2,Over
2,talk,45,3,7,Over
2,talk,46,3,1,Over
2,talk,47,3,9,VOTE Agent[12]
2,talk,48,3,10,Over
2,talk,49,3,3,Over
2,talk,50,3,11,Over
2,talk,51,3,6,Over
2,talk,52,4,15,ESTIMATE Agent[01] WEREWOLF
2,talk,53,4,1,Over
2,talk,54,4,5,Over
2,talk,55,4,3,Over
2,talk,56,4,7,Over
2,talk,57,4,11,Over
2,talk,58,4,2,Over
2,talk,59,4,6,Over
2,talk,60,4,9,VOTE Agent[12]
2,talk,61,4,10,Over
2,talk,62,4,12,Over
2,talk,63,4,4,Over
2,talk,64,4,14,REQUEST ANY (VOTE Agent[01])
2,talk,65,5,3,Over
2,talk,66,5,11,Over
2,talk,67,5,9,VOTE Agent[01]
2,talk,68,5,14,VOTE Agent[01]
2,talk,69,5,10,Over
2,talk,70,5,2,Over
2,talk,71,5,5,Over
2,talk,72,5,1,Over
2,talk,73,5,7,Over
2,talk,74,5,6,Over
2,talk,75,5,12,Over
2,talk,76,5,15,ESTIMATE Agent[01] WEREWOLF
2,talk,77,5,4,Over
2,talk,78,6,3,Over
2,talk,79,6,7,Over
2,talk,80,6,12,Over
2,talk,81,6,2,Over
2,talk,82,6,15,ESTIMATE Agent[01] WEREWOLF
2,talk,83,6,11,Over
2,talk,84,6,9,VOTE Agent[01]
2,talk,85,6,6,Over
2,talk,86,6,5,Over
2,talk,87,6,1,Over
2,talk,88,6,4,Over
2,talk,89,6,10,Over
2,talk,90,6,14,REQUEST ANY (VOTE Agent[01])
2,talk,91,7,3,Over
2,talk,92,7,7,Over
2,talk,93,7,14,VOTE Agent[01]
2,talk,94,7,10,Over
2,talk,95,7,11,Over
2,talk,96,7,9,VOTE Agent[01]
2,talk,97,7,5,Over
2,talk,98,7,1,Over
2,talk,99,7,6,Over
2,talk,100,7,2,Over
2,talk,101,7,15,REQUEST ANY (VOTE Agent[01])
2,talk,102,7,12,Over
2,talk,103,7,4,Over
2,talk,104,8,2,Over
2,talk,105,8,6,Over
2,talk,106,8,15,REQUEST ANY (VOTE Agent[01])
2,talk,107,8,4,Over
2,talk,108,8,1,Over
2,talk,109,8,10,Over
2,talk,110,8,9,VOTE Agent[12]
2,talk,111,8,14,ESTIMATE Agent[01] WEREWOLF
2,talk,112,8,5,Over
2,talk,113,8,3,Over
2,talk,114,8,11,Over
2,talk,115,8,7,Over
2,talk,116,8,12,Over
2,talk,117,9,3,Over
2,talk,118,9,14,VOTE Agent[01]
2,talk,119,9,2,Over
2,talk,120,9,7,Over
2,talk,121,9,11,Over
2,talk,122,9,4,Over
2,talk,123,9,10,Over
2,talk,124,9,12,Over
2,talk,125,9,15,REQUEST ANY (VOTE Agent[01])
2,talk,126,9,5,Over
2,talk,127,9,1,Over
2,talk,128,9,9,VOTE Agent[12]
2,talk,129,9,6,Over
2,talk,130,10,6,Over
2,talk,131,10,14,Over
2,talk,132,10,1,Over
2,talk,133,10,3,Over
2,talk,134,10,12,Over
2,talk,135,10,10,Over
2,talk,136,10,9,Over
2,talk,137,10,11,Over
2,talk,138,10,15,Over
2,talk,139,10,7,Over
2,talk,140,10,4,Over
2,talk,141,10,2,Over
2,talk,142,10,5,Over
2,vote,1,2
2,vote,2,1
2,vote,3,1
2,vote,4,1
2,vote,5,1
2,vote,6,1
2,vote,7,1
2,vote,9,12
2,vote,10,1
2,vote,11,1
2,vote,12,1
2,vote,14,1
2,vote,15,1
2,execute,1,POSSESSED
2,whisper,0,0,15,ATTACK Agent[06]
2,whisper,1,0,14,ATTACK Agent[06]
2,whisper,2,1,14,Skip
2,whisper,3,1,15,Skip
2,whisper,4,2,15,Skip
2,whisper,5,2,14,Skip
2,whisper,6,3,14,Over
2,whisper,7,3,15,Over
2,guard,6,5,MEDIUM
2,attackVote,14,6
2,attackVote,15,6
2,attack,6,true
3,status,1,POSSESSED,DEAD,tonkatsu
3,status,2,VILLAGER,ALIVE,KP22
3,status,3,VILLAGER,ALIVE,kgu_ryu
3,status,4,VILLAGER,ALIVE,sUper_IL
3,status,5,MEDIUM,ALIVE,daphne
3,status,6,BODYGUARD,DEAD,Ncu702
3,status,7,VILLAGER,ALIVE,ice
3,status,8,SEER,DEAD,mikami
3,status,9,VILLAGER,ALIVE,Baguette
3,status,10,VILLAGER,ALIVE,ichida
3,status,11,VILLAGER,ALIVE,Hachi2
3,status,12,VILLAGER,ALIVE,takoyaki
3,status,13,WEREWOLF,DEAD,CanisLupus
3,status,14,WEREWOLF,ALIVE,ioh
3,status,15,WEREWOLF,ALIVE,Basket
3,talk,0,0,3,VOTE Agent[09]
3,talk,1,0,9,VOTE Agent[12]
3,talk,2,0,5,IDENTIFIED Agent[01] HUMAN
3,talk,3,0,14,REQUEST ANY (VOTE Agent[15])
3,talk,4,0,2,VOTE Agent[09]
3,talk,5,0,10,VOTE Agent[09]
3,talk,6,0,15,DIVINED Agent[09] HUMAN
3,talk,7,0,7,VOTE Agent[09]
3,talk,8,0,12,VOTE Agent[09]
3,talk,9,0,4,VOTE Agent[09]
3,talk,10,0,11,VOTE Agent[09]
3,talk,11,1,5,VOTE Agent[15]
3,talk,12,1,3,VOTE Agent[15]
3,talk,13,1,10,Skip
3,talk,14,1,7,Skip
3,talk,15,1,2,VOTE Agent[15]
3,talk,16,1,14,ESTIMATE Agent[09] WEREWOLF
3,talk,17,1,12,VOTE Agent[15]
3,talk,18,1,9,VOTE Agent[03]
3,talk,19,1,15,REQUEST ANY (VOTE Agent[12])
3,talk,20,1,11,VOTE Agent[15]
3,talk,21,1,4,VOTE Agent[15]
3,talk,22,2,10,VOTE Agent[15]
3,talk,23,2,14,VOTE Agent[15]
3,talk,24,2,11,Skip
3,talk,25,2,9,VOTE Agent[10]
3,talk,26,2,3,Skip
3,talk,27,2,15,REQUEST ANY (VOTE Agent[12])
3,talk,28,2,12,Skip
3,talk,29,2,2,Skip
3,talk,30,2,7,VOTE Agent[15]
3,talk,31,2,4,Skip
3,talk,32,2,5,Skip
3,talk,33,3,15,VOTE Agent[12]
3,talk,34,3,7,Skip
3,talk,35,3,12,Skip
3,talk,36,3,4,Skip
3,talk,37,3,10,Skip
3,talk,38,3,14,VOTE Agent[15]
3,talk,39,3,5,Skip
3,talk,40,3,2,Skip
3,talk,41,3,9,VOTE Agent[04]
3,talk,42,3,3,Skip
3,talk,43,3,11,Skip
3,talk,44,4,9,VOTE Agent[07]
3,talk,45,4,3,Over
3,talk,46,4,11,Over
3,talk,47,4,2,Over
3,talk,48,4,15,REQUEST ANY (VOTE Agent[12])
3,talk,49,4,4,Over
3,talk,50,4,5,Over
3,talk,51,4,12,Over
3,talk,52,4,14,VOTE Agent[15]
3,talk,53,4,10,Skip
3,talk,54,4,7,Skip
3,talk,55,5,14,VOTE Agent[15]
3,talk,56,5,2,Over
3,talk,57,5,11,Over
3,talk,58,5,5,Over
3,talk,59,5,12,Over
3,talk,60,5,4,Over
3,talk,61,5,7,Over
3,talk,62,5,15,ESTIMATE Agent[12] WEREWOLF
3,talk,63,5,9,VOTE Agent[02]
3,talk,64,5,10,Over
3,talk,65,5,3,Over
3,talk,66,6,12,Over
3,talk,67,6,15,VOTE Agent[12]
3,talk,68,6,14,REQUEST ANY (VOTE Agent[15])
3,talk,69,6,10,Over
3,talk,70,6,5,Over
3,talk,71,6,7,Over
3,talk,72,6,9,VOTE Agent[12]
3,talk,73,6,11,Over
3,talk,74,6,3,Over
3,talk,75,6,2,Over
3,talk,76,6,4,Over
3,talk,77,7,15,VOTE Agent[12]
3,talk,78,7,10,Over
3,talk,79,7,3,Over
3,talk,80,7,7,Over
3,talk,81,7,4,Over
3,talk,82,7,2,Over
3,talk,83,7,9,VOTE Agent[10]
3,talk,84,7,5,Over
3,talk,85,7,11,Over
3,talk,86,7,14,ESTIMATE Agent[15] WEREWOLF
3,talk,87,7,12,Over
3,talk,88,8,11,Over
3,talk,89,8,4,Over
3,talk,90,8,15,REQUEST ANY (VOTE Agent[12])
3,talk,91,8,5,Over
3,talk,92,8,12,Over
3,talk,93,8,7,Over
3,talk,94,8,3,Over
3,talk,95,8,9,VOTE Agent[10]
3,talk,96,8,14,VOTE Agent[15]
3,talk,97,8,2,Over
3,talk,98,8,10,Over
3,talk,99,9,9,VOTE Agent[10]
3,talk,100,9,11,Over
3,talk,101,9,7,Over
3,talk,102,9,4,Over
3,talk,103,9,12,Over
3,talk,104,9,3,Over
3,talk,105,9,2,Over
3,talk,106,9,14,VOTE Agent[15]
3,talk,107,9,10,Over
3,talk,108,9,15,VOTE Agent[12]
3,talk,109,9,5,Over
3,talk,110,10,11,Over
3,talk,111,10,2,Over
3,talk,112,10,5,Over
3,talk,113,10,3,Over
3,talk,114,10,9,Over
3,talk,115,10,4,Over
3,talk,116,10,14,Over
3,talk,117,10,7,Over
3,talk,118,10,15,Over
3,talk,119,10,10,Over
3,talk,120,10,12,Over
3,vote,2,15
3,vote,3,15
3,vote,4,15
3,vote,5,15
3,vote,7,15
3,vote,9,10
3,vote,10,15
3,vote,11,15
3,vote,12,15
3,vote,14,15
3,vote,15,12
3,execute,15,WEREWOLF
3,attackVote,14,3
3,attack,3,true
4,status,1,POSSESSED,DEAD,tonkatsu
4,status,2,VILLAGER,ALIVE,KP22
4,status,3,VILLAGER,DEAD,kgu_ryu
4,status,4,VILLAGER,ALIVE,sUper_IL
4,status,5,MEDIUM,ALIVE,daphne
4,status,6,BODYGUARD,DEAD,Ncu702
4,status,7,VILLAGER,ALIVE,ice
4,status,8,SEER,DEAD,mikami
4,status,9,VILLAGER,ALIVE,Baguette
4,status,10,VILLAGER,ALIVE,ichida
4,status,11,VILLAGER,ALIVE,Hachi2
4,status,12,VILLAGER,ALIVE,takoyaki
4,status,13,WEREWOLF,DEAD,CanisLupus
4,status,14,WEREWOLF,ALIVE,ioh
4,status,15,WEREWOLF,DEAD,Basket
4,talk,0,0,14,VOTE Agent[09]
4,talk,1,0,4,VOTE Agent[09]
4,talk,2,0,11,VOTE Agent[09]
4,talk,3,0,10,VOTE Agent[09]
4,talk,4,0,7,VOTE Agent[09]
4,talk,5,0,5,IDENTIFIED Agent[15] WEREWOLF
4,talk,6,0,2,VOTE Agent[09]
4,talk,7,0,9,VOTE Agent[02]
4,talk,8,0,12,VOTE Agent[09]
4,talk,9,1,10,Skip
4,talk,10,1,12,Skip
4,talk,11,1,7,Skip
4,talk,12,1,2,Skip
4,talk,13,1,4,Skip
4,talk,14,1,11,Skip
4,talk,15,1,5,VOTE Agent[09]
4,talk,16,1,14,REQUEST ANY (VOTE Agent[09])
4,talk,17,1,9,VOTE Agent[12]
4,talk,18,2,5,Skip
4,talk,19,2,2,Skip
4,talk,20,2,4,Skip
4,talk,21,2,12,Skip
4,talk,22,2,7,Skip
4,talk,23,2,14,REQUEST ANY (VOTE Agent[09])
4,talk,24,2,11,Skip
4,talk,25,2,9,VOTE Agent[12]
4,talk,26,2,10,Skip
4,talk,27,3,10,Over
4,talk,28,3,14,ESTIMATE Agent[09] WEREWOLF
4,talk,29,3,7,Over
4,talk,30,3,12,Over
4,talk,31,3,11,Over
4,talk,32,3,5,Skip
4,talk,33,3,4,Over
4,talk,34,3,9,VOTE Agent[12]
4,talk,35,3,2,Over
4,talk,36,4,11,Over
4,talk,37,4,14,REQUEST ANY (VOTE Agent[09])
4,talk,38,4,12,Over
4,talk,39,4,9,VOTE Agent[12]
4,talk,40,4,10,Over
4,talk,41,4,4,Over
4,talk,42,4,2,Over
4,talk,43,4,5,Over
4,talk,44,4,7,Over
4,talk,45,5,5,Over
4,talk,46,5,11,Over
4,talk,47,5,7,Over
4,talk,48,5,12,Over
4,talk,49,5,14,ESTIMATE Agent[09] WEREWOLF
4,talk,50,5,9,VOTE Agent[12]
4,talk,51,5,10,Over
4,talk,52,5,4,Over
4,talk,53,5,2,Over
4,talk,54,6,12,Over
4,talk,55,6,5,Over
4,talk,56,6,2,Over
4,talk,57,6,7,Over
4,talk,58,6,14,REQUEST ANY (VOTE Agent[09])
4,talk,59,6,10,Over
4,talk,60,6,9,VOTE Agent[12]
4,talk,61,6,4,Over
4,talk,62,6,11,Over
4,talk,63,7,9,VOTE Agent[12]
4,talk,64,7,5,Over
4,talk,65,7,10,Over
4,talk,66,7,11,Over
4,talk,67,7,7,Over
4,talk,68,7,4,Over
4,talk,69,7,2,Over
4,talk,70,7,12,Over
4,talk,71,7,14,REQUEST ANY (VOTE Agent[09])
4,talk,72,8,5,Over
4,talk,73,8,7,Over
4,talk,74,8,2,Over
4,talk,75,8,4,Over
4,talk,76,8,14,ESTIMATE Agent[09] WEREWOLF
4,talk,77,8,9,VOTE Agent[12]
4,talk,78,8,10,Over
4,talk,79,8,12,Over
4,talk,80,8,11,Over
4,talk,81,9,14,REQUEST ANY (VOTE Agent[09])
4,talk,82,9,12,Over
4,talk,83,9,7,Over
4,talk,84,9,2,Over
4,talk,85,9,9,VOTE Agent[12]
4,talk,86,9,10,Over
4,talk,87,9,5,Over
4,talk,88,9,11,Over
4,talk,89,9,4,Over
4,talk,90,10,7,Over
4,talk,91,10,9,Over
4,talk,92,10,10,Over
4,talk,93,10,14,Over
4,talk,94,10,11,Over
4,talk,95,10,2,Over
4,talk,96,10,12,Over
4,talk,97,10,4,Over
4,talk,98,10,5,Over
4,vote,2,9
4,vote,4,9
4,vote,5,9
4,vote,7,9
4,vote,9,12
4,vote,10,9
4,vote,11,9
4,vote,12,9
4,vote,14,9
4,execute,9,VILLAGER
4,attackVote,14,7
4,attack,7,true
5,status,1,POSSESSED,DEAD,tonkatsu
5,status,2,VILLAGER,ALIVE,KP22
5,status,3,VILLAGER,DEAD,kgu_ryu
5,status,4,VILLAGER,ALIVE,sUper_IL
5,status,5,MEDIUM,ALIVE,daphne
5,status,6,BODYGUARD,DEAD,Ncu702
5,status,7,VILLAGER,DEAD,ice
5,status,8,SEER,DEAD,mikami
5,status,9,VILLAGER,DEAD,Baguette
5,status,10,VILLAGER,ALIVE,ichida
5,status,11,VILLAGER,ALIVE,Hachi2
5,status,12,VILLAGER,ALIVE,takoyaki
5,status,13,WEREWOLF,DEAD,CanisLupus
5,status,14,WEREWOLF,ALIVE,ioh
5,status,15,WEREWOLF,DEAD,Basket
5,talk,0,0,10,VOTE Agent[04]
5,talk,1,0,2,VOTE Agent[04]
5,talk,2,0,12,VOTE Agent[04]
5,talk,3,0,11,VOTE Agent[04]
5,talk,4,0,5,IDENTIFIED Agent[09] HUMAN
5,talk,5,0,4,VOTE Agent[02]
5,talk,6,0,14,ESTIMATE Agent[04] WEREWOLF
5,talk,7,1,12,Skip
5,talk,8,1,5,VOTE Agent[04]
5,talk,9,1,10,Skip
5,talk,10,1,14,REQUEST ANY (VOTE Agent[04])
5,talk,11,1,11,Skip
5,talk,12,1,2,Skip
5,talk,13,1,4,VOTE Agent[02]
5,talk,14,2,14,VOTE Agent[04]
5,talk,15,2,11,Skip
5,talk,16,2,10,Skip
5,talk,17,2,2,Skip
5,talk,18,2,12,Skip
5,talk,19,2,5,Skip
5,talk,20,2,4,VOTE Agent[02]
5,talk,21,3,14,REQUEST ANY (VOTE Agent[04])
5,talk,22,3,11,Over
5,talk,23,3,4,VOTE Agent[11]
5,talk,24,3,10,Over
5,talk,25,3,5,Skip
5,talk,26,3,12,Over
5,talk,27,3,2,Over
5,talk,28,4,5,Over
5,talk,29,4,4,VOTE Agent[11]
5,talk,30,4,10,Over
5,talk,31,4,11,Over
5,talk,32,4,12,Over
5,talk,33,4,14,VOTE Agent[04]
5,talk,34,4,2,Over
5,talk,35,5,4,VOTE Agent[11]
5,talk,36,5,14,VOTE Agent[04]
5,talk,37,5,5,Over
5,talk,38,5,2,Over
5,talk,39,5,10,Over
5,talk,40,5,12,Over
5,talk,41,5,11,Over
5,talk,42,6,14,VOTE Agent[04]
5,talk,43,6,12,Over
5,talk,44,6,4,VOTE Agent[11]
5,talk,45,6,11,Over
5,talk,46,6,5,Over
5,talk,47,6,2,Over
5,talk,48,6,10,Over
5,talk,49,7,10,Over
5,talk,50,7,12,Over
5,talk,51,7,4,VOTE Agent[11]
5,talk,52,7,2,Over
5,talk,53,7,14,REQUEST ANY (VOTE Agent[04])
5,talk,54,7,5,Over
5,talk,55,7,11,Over
5,talk,56,8,2,Over
5,talk,57,8,5,Over
5,talk,58,8,10,Over
5,talk,59,8,4,VOTE Agent[11]
5,talk,60,8,11,Over
5,talk,61,8,12,Over
5,talk,62,8,14,REQUEST ANY (VOTE Agent[04])
5,talk,63,9,10,Over
5,talk,64,9,14,VOTE Agent[04]
5,talk,65,9,4,VOTE Agent[11]
5,talk,66,9,2,Over
5,talk,67,9,12,Over
5,talk,68,9,5,Over
5,talk,69,9,11,Over
5,talk,70,10,12,Over
5,talk,71,10,11,Over
5,talk,72,10,10,Over
5,talk,73,10,5,Over
5,talk,74,10,2,Over
5,talk,75,10,4,Over
5,talk,76,10,14,Over
5,vote,2,4
5,vote,4,11
5,vote,5,4
5,vote,10,4
5,vote,11,4
5,vote,12,4
5,vote,14,4
5,execute,4,VILLAGER
5,attackVote,14,2
5,attack,2,true
6,status,1,POSSESSED,DEAD,tonkatsu
6,status,2,VILLAGER,DEAD,KP22
6,status,3,VILLAGER,DEAD,kgu_ryu
6,status,4,VILLAGER,DEAD,sUper_IL
6,status,5,MEDIUM,ALIVE,daphne
6,status,6,BODYGUARD,DEAD,Ncu702
6,status,7,VILLAGER,DEAD,ice
6,status,8,SEER,DEAD,mikami
6,status,9,VILLAGER,DEAD,Baguette
6,status,10,VILLAGER,ALIVE,ichida
6,status,11,VILLAGER,ALIVE,Hachi2
6,status,12,VILLAGER,ALIVE,takoyaki
6,status,13,WEREWOLF,DEAD,CanisLupus
6,status,14,WEREWOLF,ALIVE,ioh
6,status,15,WEREWOLF,DEAD,Basket
6,talk,0,0,10,VOTE Agent[14]
6,talk,1,0,12,VOTE Agent[11]
6,talk,2,0,14,VOTE Agent[11]
6,talk,3,0,11,VOTE Agent[14]
6,talk,4,0,5,IDENTIFIED Agent[04] HUMAN
6,talk,5,1,5,VOTE Agent[11]
6,talk,6,1,12,Skip
6,talk,7,1,14,REQUEST ANY (VOTE Agent[11])
6,talk,8,1,10,VOTE Agent[11]
6,talk,9,1,11,VOTE Agent[14]
6,talk,10,2,14,REQUEST ANY (VOTE Agent[11])
6,talk,11,2,12,Skip
6,talk,12,2,10,Skip
6,talk,13,2,5,Skip
6,talk,14,2,11,VOTE Agent[10]
6,talk,15,3,12,Over
6,talk,16,3,5,Skip
6,talk,17,3,10,Skip
6,talk,18,3,11,VOTE Agent[10]
6,talk,19,3,14,REQUEST ANY (VOTE Agent[11])
6,talk,20,4,14,ESTIMATE Agent[11] WEREWOLF
6,talk,21,4,10,Over
6,talk,22,4,11,VOTE Agent[10]
6,talk,23,4,12,Over
6,talk,24,4,5,Over
6,talk,25,5,10,Over
6,talk,26,5,5,Over
6,talk,27,5,14,ESTIMATE Agent[11] WEREWOLF
6,talk,28,5,12,Over
6,talk,29,5,11,VOTE Agent[10]
6,talk,30,6,10,Over
6,talk,31,6,12,Over
6,talk,32,6,11,VOTE Agent[10]
6,talk,33,6,5,Over
6,talk,34,6,14,ESTIMATE Agent[11] WEREWOLF
6,talk,35,7,12,Over
6,talk,36,7,11,VOTE Agent[10]
6,talk,37,7,10,Over
6,talk,38,7,14,ESTIMATE Agent[11] WEREWOLF
6,talk,39,7,5,Over
6,talk,40,8,5,Over
6,talk,41,8,11,VOTE Agent[10]
6,talk,42,8,10,Over
6,talk,43,8,14,ESTIMATE Agent[11] WEREWOLF
6,talk,44,8,12,Over
6,talk,45,9,5,Over
6,talk,46,9,14,REQUEST ANY (VOTE Agent[11])
6,talk,47,9,12,Over
6,talk,48,9,11,VOTE Agent[10]
6,talk,49,9,10,Over
6,talk,50,10,10,Over
6,talk,51,10,11,Over
6,talk,52,10,14,Over
6,talk,53,10,12,Over
6,talk,54,10,5,Over
6,vote,5,11
6,vote,10,11
6,vote,11,10
6,vote,12,11
6,vote,14,11
6,execute,11,VILLAGER
6,attackVote,14,5
6,attack,5,true
7,status,1,POSSESSED,DEAD,tonkatsu
7,status,2,VILLAGER,DEAD,KP22
7,status,3,VILLAGER,DEAD,kgu_ryu
7,status,4,VILLAGER,DEAD,sUper_IL
7,status,5,MEDIUM,DEAD,daphne
7,status,6,BODYGUARD,DEAD,Ncu702
7,status,7,VILLAGER,DEAD,ice
7,status,8,SEER,DEAD,mikami
7,status,9,VILLAGER,DEAD,Baguette
7,status,10,VILLAGER,ALIVE,ichida
7,status,11,VILLAGER,DEAD,Hachi2
7,status,12,VILLAGER,ALIVE,takoyaki
7,status,13,WEREWOLF,DEAD,CanisLupus
7,status,14,WEREWOLF,ALIVE,ioh
7,status,15,WEREWOLF,DEAD,Basket
7,talk,0,0,12,VOTE Agent[10]
7,talk,1,0,10,VOTE Agent[14]
7,talk,2,0,14,REQUEST ANY (VOTE Agent[10])
7,talk,3,1,12,VOTE Agent[14]
7,talk,4,1,10,Skip
7,talk,5,1,14,ESTIMATE Agent[10] WEREWOLF
7,talk,6,2,10,Skip
7,talk,7,2,12,VOTE Agent[10]
7,talk,8,2,14,VOTE Agent[10]
7,talk,9,3,12,Skip
7,talk,10,3,10,VOTE Agent[14]
7,talk,11,3,14,REQUEST ANY (VOTE Agent[10])
7,talk,12,4,14,REQUEST ANY (VOTE Agent[10])
7,talk,13,4,10,VOTE Agent[14]
7,talk,14,4,12,Skip
7,talk,15,5,10,VOTE Agent[14]
7,talk,16,5,14,ESTIMATE Agent[10] WEREWOLF
7,talk,17,5,12,Over
7,talk,18,6,10,VOTE Agent[14]
7,talk,19,6,14,VOTE Agent[10]
7,talk,20,6,12,Over
7,talk,21,7,14,REQUEST ANY (VOTE Agent[10])
7,talk,22,7,10,VOTE Agent[14]
7,talk,23,7,12,Over
7,talk,24,8,12,Over
7,talk,25,8,14,REQUEST ANY (VOTE Agent[10])
7,talk,26,8,10,VOTE Agent[14]
7,talk,27,9,12,Over
7,talk,28,9,14,ESTIMATE Agent[10] WEREWOLF
7,talk,29,9,10,VOTE Agent[14]
7,talk,30,10,10,VOTE Agent[14]
7,talk,31,10,12,Over
7,talk,32,10,14,Over
7,talk,33,11,14,Over
7,talk,34,11,12,Over
7,talk,35,11,10,VOTE Agent[14]
7,talk,36,12,12,Over
7,talk,37,12,10,Over
7,talk,38,12,14,Over
7,vote,10,14
7,vote,12,10
7,vote,14,12
7,vote,10,14
7,vote,12,10
7,vote,14,10
7,execute,10,VILLAGER
7,attackVote,14,12
7,attack,12,true
8,status,1,POSSESSED,DEAD,tonkatsu
8,status,2,VILLAGER,DEAD,KP22
8,status,3,VILLAGER,DEAD,kgu_ryu
8,status,4,VILLAGER,DEAD,sUper_IL
8,status,5,MEDIUM,DEAD,daphne
8,status,6,BODYGUARD,DEAD,Ncu702
8,status,7,VILLAGER,DEAD,ice
8,status,8,SEER,DEAD,mikami
8,status,9,VILLAGER,DEAD,Baguette
8,status,10,VILLAGER,DEAD,ichida
8,status,11,VILLAGER,DEAD,Hachi2
8,status,12,VILLAGER,DEAD,takoyaki
8,status,13,WEREWOLF,DEAD,CanisLupus
8,status,14,WEREWOLF,ALIVE,ioh
8,status,15,WEREWOLF,DEAD,Basket
8,result,0,1,WEREWOLF
