0,status,1,WEREWOLF,ALIVE,tonkatsu
0,status,2,WEREWOLF,ALIVE,KP22
0,status,3,VILLAGER,ALIVE,kgu_ryu
0,status,4,SEER,ALIVE,sUper_IL
0,status,5,WEREWOLF,ALIVE,daphne
0,status,6,VILLAGER,ALIVE,Ncu702
0,status,7,VILLAGER,ALIVE,ice
0,status,8,VILLAGER,ALIVE,mikami
0,status,9,VILLAGER,ALIVE,Baguette
0,status,10,VILLAGER,ALIVE,ichida
0,status,11,VILLAGER,ALIVE,Hachi2
0,status,12,VILLAGER,ALIVE,takoyaki
0,status,13,MEDIUM,ALIVE,CanisLupus
0,status,14,POSSESSED,ALIVE,ioh
0,status,15,BODYGUARD,ALIVE,Basket
0,whisper,0,0,2,Skip
0,whisper,1,0,1,Skip
0,whisper,2,0,5,Skip
0,whisper,3,1,1,Skip
0,whisper,4,1,2,Skip
0,whisper,5,1,5,Skip
0,whisper,6,2,5,Over
0,whisper,7,2,1,Over
0,whisper,8,2,2,Over
0,divine,4,13,HUMAN
1,status,1,WEREWOLF,ALIVE,tonkatsu
1,status,2,WEREWOLF,ALIVE,KP22
1,status,3,VILLAGER,ALIVE,kgu_ryu
1,status,4,SEER,ALIVE,sUper_IL
1,status,5,WEREWOLF,ALIVE,daphne
1,status,6,VILLAGER,ALIVE,Ncu702
1,status,7,VILLAGER,ALIVE,ice
1,status,8,VILLAGER,ALIVE,mikami
1,status,9,VILLAGER,ALIVE,Baguette
1,status,10,VILLAGER,ALIVE,ichida
1,status,11,VILLAGER,ALIVE,Hachi2
1,status,12,VILLAGER,ALIVE,takoyaki
1,status,13,MEDIUM,ALIVE,CanisLupus
1,status,14,POSSESSED,ALIVE,ioh
1,status,15,BODYGUARD,ALIVE,Basket
1,talk,0,0,9,VOTE Agent[06]
1,talk,1,0,5,VOTE Agent[01]
1,talk,2,0,13,COMINGOUT Agent[13] MEDIUM
1,talk,3,0,8,VOTE Agent[01]
1,talk,4,0,14,REQUEST ANY (COMINGOUT ANY ANY)
1,talk,5,0,3,VOTE Agent[01]
1,talk,6,0,15,VOTE Agent[01]
1,talk,7,0,4,COMINGOUT Agent[04] SEER
1,talk,8,0,12,VOTE Agent[01]
1,talk,9,0,2,VOTE Agent[01]
1,talk,10,0,1,VOTE Agent[06]
1,talk,11,0,10,VOTE Agent[01]
1,talk,12,0,6,VOTE Agent[01]
1,talk,13,0,11,VOTE Agent[01]
1,talk,14,0,7,VOTE Agent[01]
1,talk,15,1,2,Skip
1,talk,16,1,11,Skip
1,talk,17,1,4,DIVINED Agent[13] HUMAN
1,talk,18,1,14,COMINGOUT Agent[14] MEDIUM
1,talk,19,1,13,VOTE Agent[06]
1,talk,20,1,10,Skip
1,talk,21,1,8,Skip
1,talk,22,1,1,VOTE Agent[06]
1,talk,23,1,3,Skip
1,talk,24,1,5,Skip
1,talk,25,1,6,Skip
1,talk,26,1,7,Skip
1,talk,27,1,12,Skip
1,talk,28,1,9,VOTE Agent[12]
1,talk,29,1,15,VOTE Agent[14]
1,talk,30,2,12,VOTE Agent[11]
1,talk,31,2,3,VOTE Agent[12]
1,talk,32,2,4,VOTE Agent[12]
1,talk,33,2,8,VOTE Agent[01]
1,talk,34,2,1,VOTE Agent[12]
1,talk,35,2,5,Skip
1,talk,36,2,13,VOTE Agent[12]
1,talk,37,2,11,VOTE Agent[12]
1,talk,38,2,14,VOTE Agent[12]
1,talk,39,2,7,VOTE Agent[12]
1,talk,40,2,10,VOTE Agent[12]
1,talk,41,2,2,VOTE Agent[12]
1,talk,42,2,15,REQUEST ANY (VOTE Agent[12])
1,talk,43,2,9,VOTE Agent[11]
1,talk,44,2,6,VOTE Agent[12]
1,talk,45,3,15,ESTIMATE Agent[14] WEREWOLF
1,talk,46,3,11,VOTE Agent[05]
1,talk,47,3,5,VOTE Agent[12]
1,talk,48,3,6,Skip
1,talk,49,3,4,VOTE Agent[09]
1,talk,50,3,14,VOTE Agent[05]
1,talk,51,3,3,VOTE Agent[05]
1,talk,52,3,10,VOTE Agent[12]
1,talk,53,3,1,Skip
1,talk,54,3,2,Skip
1,talk,55,3,13,VOTE Agent[05]
1,talk,56,3,9,VOTE Agent[06]
1,talk,57,3,12,VOTE Agent[05]
1,talk,58,3,7,VOTE Agent[12]
1,talk,59,3,8,VOTE Agent[12]
1,talk,60,4,15,REQUEST ANY (VOTE Agent[14])
1,talk,61,4,1,Skip
1,talk,62,4,5,Skip
1,talk,63,4,14,VOTE Agent[05]
1,talk,64,4,3,VOTE Agent[05]
1,talk,65,4,11,VOTE Agent[05]
1,talk,66,4,9,VOTE Agent[02]
1,talk,67,4,13,Skip
1,talk,68,4,6,VOTE Agent[12]
1,talk,69,4,12,VOTE Agent[05]
1,talk,70,4,4,VOTE Agent[09]
1,talk,71,4,8,VOTE Agent[12]
1,talk,72,4,10,VOTE Agent[12]
1,talk,73,4,2,Skip
1,talk,74,4,7,VOTE Agent[12]
1,talk,75,5,3,VOTE Agent[05]
1,talk,76,5,15,ESTIMATE Agent[14] WEREWOLF
1,talk,77,5,1,Over
1,talk,78,5,11,VOTE Agent[09]
1,talk,79,5,12,VOTE Agent[09]
1,talk,80,5,13,Skip
1,talk,81,5,2,Over
1,talk,82,5,6,VOTE Agent[12]
1,talk,83,5,4,VOTE Agent[09]
1,talk,84,5,7,VOTE Agent[12]
1,talk,85,5,8,VOTE Agent[12]
1,talk,86,5,14,ESTIMATE Agent[05] WEREWOLF
1,talk,87,5,10,VOTE Agent[12]
1,talk,88,5,5,Skip
1,talk,89,5,9,VOTE Agent[12]
1,talk,90,6,15,VOTE Agent[14]
1,talk,91,6,13,Over
1,talk,92,6,4,VOTE Agent[05]
1,talk,93,6,8,Skip
1,talk,94,6,11,VOTE Agent[09]
1,talk,95,6,14,VOTE Agent[05]
1,talk,96,6,12,VOTE Agent[05]
1,talk,97,6,6,Skip
1,talk,98,6,7,Skip
1,talk,99,6,5,Over
1,talk,100,6,1,Over
1,talk,101,6,9,VOTE Agent[11]
1,talk,102,6,2,Over
1,talk,103,6,10,VOTE Agent[12]
1,talk,104,6,3,VOTE Agent[05]
1,talk,105,7,11,VOTE Agent[14]
1,talk,106,7,4,VOTE Agent[05]
1,talk,107,7,3,VOTE Agent[14]
1,talk,108,7,8,VOTE Agent[12]
1,talk,109,7,2,Over
1,talk,110,7,10,VOTE Agent[12]
1,talk,111,7,1,Over
1,talk,112,7,15,VOTE Agent[14]
1,talk,113,7,7,VOTE Agent[12]
1,talk,114,7,6,VOTE Agent[12]
1,talk,115,7,12,VOTE Agent[14]
1,talk,116,7,14,ESTIMATE Agent[05] WEREWOLF
1,talk,117,7,9,VOTE Agent[12]
1,talk,118,7,13,Over
1,talk,119,7,5,Over
1,talk,120,8,11,VOTE Agent[14]
1,talk,121,8,7,Skip
1,talk,122,8,4,VOTE Agent[14]
1,talk,123,8,10,Skip
1,talk,124,8,12,VOTE Agent[14]
1,talk,125,8,14,REQUEST ANY (VOTE Agent[05])
1,talk,126,8,6,Skip
1,talk,127,8,1,Over
1,talk,128,8,3,VOTE Agent[14]
1,talk,129,8,5,Over
1,talk,130,8,9,VOTE Agent[12]
1,talk,131,8,13,Over
1,talk,132,8,2,Over
1,talk,133,8,15,REQUEST ANY (VOTE Agent[14])
1,talk,134,8,8,Skip
1,talk,135,9,15,VOTE Agent[14]
1,talk,136,9,4,VOTE Agent[14]
1,talk,137,9,10,Skip
1,talk,138,9,1,Over
1,talk,139,9,12,VOTE Agent[14]
1,talk,140,9,2,Over
1,talk,141,9,13,VOTE Agent[14]
1,talk,142,9,7,Skip
1,talk,143,9,11,VOTE Agent[14]
1,talk,144,9,6,Skip
1,talk,145,9,9,VOTE Agent[04]
1,talk,146,9,14,VOTE Agent[05]
1,talk,147,9,5,Over
1,talk,148,9,3,VOTE Agent[14]
1,talk,149,9,8,VOTE Agent[12]
1,talk,150,10,12,VOTE Agent[14]
1,talk,151,10,6,VOTE Agent[12]
1,talk,152,10,1,Over
1,talk,153,10,13,Skip
1,talk,154,10,10,VOTE Agent[12]
1,talk,155,10,2,Over
1,talk,156,10,3,VOTE Agent[14]
1,talk,157,10,9,Over
1,talk,158,10,11,VOTE Agent[14]
1,talk,159,10,7,VOTE Agent[12]
1,talk,160,10,4,Over
1,talk,161,10,8,VOTE Agent[12]
1,talk,162,10,15,Over
1,talk,163,10,14,Over
1,talk,164,10,5,Over
1,talk,165,11,11,Over
1,talk,166,11,9,Over
1,talk,167,11,8,VOTE Agent[12]
1,talk,168,11,2,Over
1,talk,169,11,15,Over
1,talk,170,11,7,VOTE Agent[12]
1,talk,171,11,5,Over
1,talk,172,11,1,Over
1,talk,173,11,13,Skip
1,talk,174,11,3,Over
1,talk,175,11,14,Over
1,talk,176,11,12,Over
1,talk,177,11,4,Over
1,talk,178,11,10,VOTE Agent[12]
1,talk,179,11,6,VOTE Agent[12]
1,talk,180,12,8,VOTE Agent[12]
1,talk,181,12,15,Over
1,talk,182,12,3,Over
1,talk,183,12,14,Over
1,talk,184,12,6,VOTE Agent[12]
1,talk,185,12,2,Over
1,talk,186,12,11,Over
1,talk,187,12,7,VOTE Agent[12]
1,talk,188,12,5,Over
1,talk,189,12,9,Over
1,talk,190,12,13,Over
1,talk,191,12,4,Over
1,talk,192,12,12,Over
1,talk,193,12,1,Over
1,talk,194,12,10,VOTE Agent[12]
1,talk,195,13,6,VOTE Agent[12]
1,talk,196,13,7,VOTE Agent[12]
1,talk,197,13,1,Over
1,talk,198,13,4,Over
1,talk,199,13,11,Over
1,talk,200,13,8,Over
1,talk,201,13,5,Over
1,talk,202,13,2,Over
1,talk,203,13,12,Over
1,talk,204,13,10,Over
1,talk,205,13,15,Over
1,talk,206,13,3,Over
1,talk,207,13,9,Over
1,talk,208,13,13,Over
1,talk,209,13,14,Over
1,talk,210,14,2,Over
1,talk,211,14,13,Over
1,talk,212,14,15,Over
1,talk,213,14,9,Over
1,talk,214,14,3,Over
1,talk,215,14,7,Over
1,talk,216,14,1,Over
1,talk,217,14,12,Over
1,talk,218,14,5,Over
1,talk,219,14,8,Over
1,talk,220,14,10,Over
1,talk,221,14,6,VOTE Agent[12]
1,talk,222,14,14,Over
1,talk,223,14,4,Over
1,talk,224,14,11,Over
1,talk,225,15,1,Over
1,talk,226,15,6,Over
1,talk,227,15,9,Over
1,talk,228,15,14,Over
1,talk,229,15,4,Over
1,talk,230,15,12,Over
1,talk,231,15,11,Over
1,talk,232,15,5,Over
1,talk,233,15,2,Over
1,talk,234,15,3,Over
1,talk,235,15,15,Over
1,talk,236,15,10,Over
1,talk,237,15,8,Over
1,talk,238,15,13,Over
1,talk,239,15,7,Over
1,vote,1,12
1,vote,2,12
1,vote,3,14
1,vote,4,14
1,vote,5,12
1,vote,6,12
1,vote,7,14
1,vote,8,12
1,vote,9,4
1,vote,10,12
1,vote,11,14
1,vote,12,14
1,vote,13,14
1,vote,14,12
1,vote,15,14
1,vote,1,12
1,vote,2,12
1,vote,3,14
1,vote,4,14
1,vote,5,12
1,vote,6,12
1,vote,7,14
1,vote,8,12
1,vote,9,4
1,vote,10,12
1,vote,11,14
1,vote,12,14
1,vote,13,14
1,vote,14,12
1,vote,15,14
1,execute,14,POSSESSED
1,divine,4,12,HUMAN
1,whisper,0,0,5,Skip
1,whisper,1,0,2,Skip
1,whisper,2,0,1,Skip
1,whisper,3,1,2,Skip
1,whisper,4,1,5,Skip
1,whisper,5,1,1,Skip
1,whisper,6,2,5,Over
1,whisper,7,2,2,Over
1,whisper,8,2,1,Over
1,guard,15,4,SEER
1,attackVote,1,13
1,attackVote,2,4
1,attackVote,5,12
1,attackVote,1,13
1,attackVote,2,4
1,attackVote,5,12
1,attack,4,false
2,status,1,WEREWOLF,ALIVE,tonkatsu
2,status,2,WEREWOLF,ALIVE,KP22
2,status,3,VILLAGER,ALIVE,kgu_ryu
2,status,4,SEER,ALIVE,sUper_IL
2,status,5,WEREWOLF,ALIVE,daphne
2,status,6,VILLAGER,ALIVE,Ncu702
2,status,7,VILLAGER,ALIVE,ice
2,status,8,VILLAGER,ALIVE,mikami
2,status,9,VILLAGER,ALIVE,Baguette
2,status,10,VILLAGER,ALIVE,ichida
2,status,11,VILLAGER,ALIVE,Hachi2
2,status,12,VILLAGER,ALIVE,takoyaki
2,status,13,MEDIUM,ALIVE,CanisLupus
2,status,14,POSSESSED,DEAD,ioh
2,status,15,BODYGUARD,ALIVE,Basket
2,talk,0,0,2,VOTE Agent[05]
2,talk,1,0,9,VOTE Agent[04]
2,talk,2,0,8,VOTE Agent[04]
2,talk,3,0,3,VOTE Agent[05]
2,talk,4,0,5,VOTE Agent[04]
2,talk,5,0,11,VOTE Agent[05]
2,talk,6,0,4,DIVINED Agent[12] HUMAN
2,talk,7,0,10,VOTE Agent[04]
2,talk,8,0,7,VOTE Agent[04]
2,talk,9,0,6,VOTE Agent[04]
2,talk,10,0,12,VOTE Agent[05]
2,talk,11,0,13,IDENTIFIED Agent[14] HUMAN
2,talk,12,0,15,COMINGOUT Agent[15] BODYGUARD
2,talk,13,0,1,VOTE Agent[04]
2,talk,14,1,15,AND (GUARDED Agent[04]) (NOT (ESTIMATE Agent[04] WEREWOLF))
2,talk,15,1,2,VOTE Agent[04]
2,talk,16,1,3,VOTE Agent[05]
2,talk,17,1,4,VOTE Agent[05]
2,talk,18,1,10,Skip
2,talk,19,1,13,VOTE Agent[05]
2,talk,20,1,6,Skip
2,talk,21,1,1,Skip
2,talk,22,1,5,Skip
2,talk,23,1,7,Skip
2,talk,24,1,11,VOTE Agent[05]
2,talk,25,1,8,Skip
2,talk,26,1,12,VOTE Agent[05]
2,talk,27,1,9,VOTE Agent[04]
2,talk,28,2,13,Skip
2,talk,29,2,12,VOTE Agent[05]
2,talk,30,2,6,Skip
2,talk,31,2,4,VOTE Agent[05]
2,talk,32,2,11,VOTE Agent[05]
2,talk,33,2,5,Skip
2,talk,34,2,8,Skip
2,talk,35,2,15,REQUEST ANY (VOTE Agent[05])
2,talk,36,2,10,Skip
2,talk,37,2,3,VOTE Agent[05]
2,talk,38,2,7,Skip
2,talk,39,2,1,Skip
2,talk,40,2,9,VOTE Agent[04]
2,talk,41,2,2,Skip
2,talk,42,3,3,VOTE Agent[05]
2,talk,43,3,10,Over
2,talk,44,3,12,VOTE Agent[05]
2,talk,45,3,8,Over
2,talk,46,3,11,VOTE Agent[05]
2,talk,47,3,9,VOTE Agent[11]
2,talk,48,3,4,VOTE Agent[05]
2,talk,49,3,2,Skip
2,talk,50,3,5,Over
2,talk,51,3,13,Skip
2,talk,52,3,7,Over
2,talk,53,3,15,ESTIMATE Agent[05] WEREWOLF
2,talk,54,3,1,Over
2,talk,55,3,6,Over
2,talk,56,4,11,VOTE Agent[05]
2,talk,57,4,2,Over
2,talk,58,4,3,VOTE Agent[05]
2,talk,59,4,6,Over
2,talk,60,4,7,Over
2,talk,61,4,10,Over
2,talk,62,4,15,ESTIMATE Agent[05] WEREWOLF
2,talk,63,4,13,Over
2,talk,64,4,1,Over
2,talk,65,4,8,Over
2,talk,66,4,9,VOTE Agent[11]
2,talk,67,4,5,Over
2,talk,68,4,12,VOTE Agent[05]
2,talk,69,4,4,VOTE Agent[05]
2,talk,70,5,6,Over
2,talk,71,5,15,ESTIMATE Agent[05] WEREWOLF
2,talk,72,5,2,Over
2,talk,73,5,7,Over
2,talk,74,5,3,VOTE Agent[05]
2,talk,75,5,4,VOTE Agent[05]
2,talk,76,5,12,VOTE Agent[05]
2,talk,77,5,10,Over
2,talk,78,5,9,VOTE Agent[04]
2,talk,79,5,13,Over
2,talk,80,5,5,Over
2,talk,81,5,1,Over
2,talk,82,5,11,VOTE Agent[05]
2,talk,83,5,8,Over
2,talk,84,6,12,VOTE Agent[05]
2,talk,85,6,2,Over
2,talk,86,6,10,Over
2,talk,87,6,8,Over
2,talk,88,6,3,VOTE Agent[05]
2,talk,89,6,11,VOTE Agent[05]
2,talk,90,6,6,Over
2,talk,91,6,5,Over
2,talk,92,6,9,VOTE Agent[04]
2,talk,93,6,13,Over
2,talk,94,6,1,Over
2,talk,95,6,15,VOTE Agent[05]
2,talk,96,6,7,Over
2,talk,97,6,4,VOTE Agent[05]
2,talk,98,7,2,Over
2,talk,99,7,4,VOTE Agent[05]
2,talk,100,7,8,Over
2,talk,101,7,7,Over
2,talk,102,7,11,VOTE Agent[05]
2,talk,103,7,15,VOTE Agent[05]
2,talk,104,7,9,VOTE Agent[11]
2,talk,105,7,3,VOTE Agent[05]
2,talk,106,7,10,Over
2,talk,107,7,5,Over
2,talk,108,7,13,Over
2,talk,109,7,6,Over
2,talk,110,7,1,Over
2,talk,111,7,12,VOTE Agent[05]
2,talk,112,8,11,VOTE Agent[05]
2,talk,113,8,13,Over
2,talk,114,8,9,VOTE Agent[11]
2,talk,115,8,3,VOTE Agent[05]
2,talk,116,8,2,Over
2,talk,117,8,8,Over
2,talk,118,8,5,Over
2,talk,119,8,10,Over
2,talk,120,8,6,Over
2,talk,121,8,12,VOTE Agent[05]
2,talk,122,8,1,Over
2,talk,123,8,15,ESTIMATE Agent[05] WEREWOLF
2,talk,124,8,7,Over
2,talk,125,8,4,VOTE Agent[05]
2,talk,126,9,3,VOTE Agent[05]
2,talk,127,9,15,VOTE Agent[05]
2,talk,128,9,2,Over
2,talk,129,9,12,VOTE Agent[05]
2,talk,130,9,1,Over
2,talk,131,9,11,VOTE Agent[05]
2,talk,132,9,7,Over
2,talk,133,9,4,VOTE Agent[05]
2,talk,134,9,9,VOTE Agent[11]
2,talk,135,9,6,Over
2,talk,136,9,10,Over
2,talk,137,9,13,Over
2,talk,138,9,5,Over
2,talk,139,9,8,Over
2,talk,140,10,6,Over
2,talk,141,10,13,Over
2,talk,142,10,2,Over
2,talk,143,10,12,Over
2,talk,144,10,1,Over
2,talk,145,10,7,Over
2,talk,146,10,4,Over
2,talk,147,10,9,Over
2,talk,148,10,10,Over
2,talk,149,10,8,Over
2,talk,150,10,5,Over
2,talk,151,10,3,Over
2,talk,152,10,15,Over
2,talk,153,10,11,Over
2,vote,1,4
2,vote,2,4
2,vote,3,5
2,vote,4,5
2,vote,5,4
2,vote,6,4
2,vote,7,5
2,vote,8,4
2,vote,9,11
2,vote,10,4
2,vote,11,5
2,vote,12,5
2,vote,13,5
2,vote,15,5
2,execute,5,WEREWOLF
2,divine,4,11,HUMAN
2,whisper,0,0,1,Skip
2,whisper,1,0,2,Skip
2,whisper,2,1,2,Skip
2,whisper,3,1,1,Skip
2,whisper,4,2,1,Over
2,whisper,5,2,2,Over
2,guard,15,4,SEER
2,attackVote,1,13
2,attackVote,2,4
2,attackVote,1,13
2,attackVote,2,4
2,attack,4,false
3,status,1,WEREWOLF,ALIVE,tonkatsu
3,status,2,WEREWOLF,ALIVE,KP22
3,status,3,VILLAGER,ALIVE,kgu_ryu
3,status,4,SEER,ALIVE,sUper_IL
3,status,5,WEREWOLF,DEAD,daphne
3,status,6,VILLAGER,ALIVE,Ncu702
3,status,7,VILLAGER,ALIVE,ice
3,status,8,VILLAGER,ALIVE,mikami
3,status,9,VILLAGER,ALIVE,Baguette
3,status,10,VILLAGER,ALIVE,ichida
3,status,11,VILLAGER,ALIVE,Hachi2
3,status,12,VILLAGER,ALIVE,takoyaki
3,status,13,MEDIUM,ALIVE,CanisLupus
3,status,14,POSSESSED,DEAD,ioh
3,status,15,BODYGUARD,ALIVE,Basket
3,talk,0,0,6,VOTE Agent[01]
3,talk,1,0,15,AND (GUARDED Agent[04]) (NOT (ESTIMATE Agent[04] WEREWOLF))
3,talk,2,0,12,VOTE Agent[09]
3,talk,3,0,3,VOTE Agent[09]
3,talk,4,0,13,IDENTIFIED Agent[05] WEREWOLF
3,talk,5,0,2,VOTE Agent[09]
3,talk,6,0,9,VOTE Agent[12]
3,talk,7,0,8,VOTE Agent[09]
3,talk,8,0,4,DIVINED Agent[11] HUMAN
3,talk,9,0,1,VOTE Agent[09]
3,talk,10,0,11,VOTE Agent[09]
3,talk,11,0,10,VOTE Agent[09]
3,talk,12,0,7,VOTE Agent[09]
3,talk,13,1,1,Skip
3,talk,14,1,13,VOTE Agent[09]
3,talk,15,1,6,VOTE Agent[09]
3,talk,16,1,15,REQUEST ANY (VOTE Agent[09])
3,talk,17,1,11,Skip
3,talk,18,1,10,Skip
3,talk,19,1,2,Skip
3,talk,20,1,12,Skip
3,talk,21,1,4,VOTE Agent[09]
3,talk,22,1,3,Skip
3,talk,23,1,9,VOTE Agent[01]
3,talk,24,1,7,Skip
3,talk,25,1,8,Skip
3,talk,26,2,13,Skip
3,talk,27,2,11,Skip
3,talk,28,2,9,VOTE Agent[02]
3,talk,29,2,12,Skip
3,talk,30,2,2,Skip
3,talk,31,2,7,Skip
3,talk,32,2,8,Skip
3,talk,33,2,3,Skip
3,talk,34,2,10,Skip
3,talk,35,2,15,ESTIMATE Agent[09] WEREWOLF
3,talk,36,2,6,Skip
3,talk,37,2,1,Skip
3,talk,38,2,4,VOTE Agent[09]
3,talk,39,3,9,VOTE Agent[04]
3,talk,40,3,8,Over
3,talk,41,3,1,Over
3,talk,42,3,2,Over
3,talk,43,3,7,Over
3,talk,44,3,3,Over
3,talk,45,3,15,VOTE Agent[09]
3,talk,46,3,10,Over
3,talk,47,3,13,Skip
3,talk,48,3,12,Over
3,talk,49,3,4,VOTE Agent[09]
3,talk,50,3,6,Skip
3,talk,51,3,11,Over
3,talk,52,4,15,VOTE Agent[09]
3,talk,53,4,6,Over
3,talk,54,4,4,VOTE Agent[09]
3,talk,55,4,10,Over
3,talk,56,4,9,VOTE Agent[04]
3,talk,57,4,2,Over
3,talk,58,4,11,Over
3,talk,59,4,7,Over
3,talk,60,4,13,Over
3,talk,61,4,12,Over
3,talk,62,4,3,Over
3,talk,63,4,1,Over
3,talk,64,4,8,Over
3,talk,65,5,13,Over
3,talk,66,5,11,Over
3,talk,67,5,12,Over
3,talk,68,5,8,Over
3,talk,69,5,9,VOTE Agent[04]
3,talk,70,5,10,Over
3,talk,71,5,1,Over
3,talk,72,5,4,VOTE Agent[09]
3,talk,73,5,3,Over
3,talk,74,5,15,REQUEST ANY (VOTE Agent[09])
3,talk,75,5,7,Over
3,talk,76,5,2,Over
3,talk,77,5,6,Over
3,talk,78,6,11,Over
3,talk,79,6,10,Over
3,talk,80,6,4,VOTE Agent[09]
3,talk,81,6,1,Over
3,talk,82,6,7,Over
3,talk,83,6,6,Over
3,talk,84,6,15,REQUEST ANY (VOTE Agent[09])
3,talk,85,6,3,Over
3,talk,86,6,8,Over
3,talk,87,6,9,VOTE Agent[04]
3,talk,88,6,2,Over
3,talk,89,6,12,Over
3,talk,90,6,13,Over
3,talk,91,7,3,Over
3,talk,92,7,13,Over
3,talk,93,7,6,Over
3,talk,94,7,15,VOTE Agent[09]
3,talk,95,7,7,Over
3,talk,96,7,2,Over
3,talk,97,7,9,VOTE Agent[04]
3,talk,98,7,12,Over
3,talk,99,7,4,VOTE Agent[09]
3,talk,100,7,1,Over
3,talk,101,7,10,Over
3,talk,102,7,8,Over
3,talk,103,7,11,Over
3,talk,104,8,7,Over
3,talk,105,8,2,Over
3,talk,106,8,3,Over
3,talk,107,8,8,Over
3,talk,108,8,12,Over
3,talk,109,8,11,Over
3,talk,110,8,6,Over
3,talk,111,8,10,Over
3,talk,112,8,9,VOTE Agent[15]
3,talk,113,8,1,Over
3,talk,114,8,15,REQUEST ANY (VOTE Agent[09])
3,talk,115,8,13,Over
3,talk,116,8,4,VOTE Agent[09]
3,talk,117,9,12,Over
3,talk,118,9,6,Over
3,talk,119,9,4,VOTE Agent[09]
3,talk,120,9,13,Over
3,talk,121,9,3,Over
3,talk,122,9,8,Over
3,talk,123,9,1,Over
3,talk,124,9,10,Over
3,talk,125,9,15,REQUEST ANY (VOTE Agent[09])
3,talk,126,9,7,Over
3,talk,127,9,11,Over
3,talk,128,9,9,VOTE Agent[04]
3,talk,129,9,2,Over
3,talk,130,10,4,Over
3,talk,131,10,8,Over
3,talk,132,10,6,Over
3,talk,133,10,3,Over
3,talk,134,10,13,Over
3,talk,135,10,9,Over
3,talk,136,10,12,Over
3,talk,137,10,11,Over
3,talk,138,10,10,Over
3,talk,139,10,2,Over
3,talk,140,10,1,Over
3,talk,141,10,7,Over
3,talk,142,10,15,Over
3,vote,1,9
3,vote,2,9
3,vote,3,9
3,vote,4,9
3,vote,6,9
3,vote,7,9
3,vote,8,9
3,vote,9,4
3,vote,10,9
3,vote,11,9
3,vote,12,9
3,vote,13,9
3,vote,15,9
3,execute,9,VILLAGER
3,divine,4,1,WEREWOLF
3,whisper,0,0,1,Skip
3,whisper,1,0,2,Skip
3,whisper,2,1,2,Skip
3,whisper,3,1,1,Skip
3,whisper,4,2,2,Over
3,whisper,5,2,1,Over
3,guard,15,4,SEER
3,attackVote,1,13
3,attackVote,2,4
3,attackVote,1,13
3,attackVote,2,4
3,attack,13,true
4,status,1,WEREWOLF,ALIVE,tonkatsu
4,status,2,WEREWOLF,ALIVE,KP22
4,status,3,VILLAGER,ALIVE,kgu_ryu
4,status,4,SEER,ALIVE,sUper_IL
4,status,5,WEREWOLF,DEAD,daphne
4,status,6,VILLAGER,ALIVE,Ncu702
4,status,7,VILLAGER,ALIVE,ice
4,status,8,VILLAGER,ALIVE,mikami
4,status,9,VILLAGER,DEAD,Baguette
4,status,10,VILLAGER,ALIVE,ichida
4,status,11,VILLAGER,ALIVE,Hachi2
4,status,12,VILLAGER,ALIVE,takoyaki
4,status,13,MEDIUM,DEAD,CanisLupus
4,status,14,POSSESSED,DEAD,ioh
4,status,15,BODYGUARD,ALIVE,Basket
4,talk,0,0,10,VOTE Agent[04]
4,talk,1,0,15,ESTIMATE Agent[08] WEREWOLF
4,talk,2,0,7,VOTE Agent[08]
4,talk,3,0,3,VOTE Agent[08]
4,talk,4,0,2,VOTE Agent[08]
4,talk,5,0,1,VOTE Agent[08]
4,talk,6,0,11,VOTE Agent[08]
4,talk,7,0,6,VOTE Agent[08]
4,talk,8,0,8,VOTE Agent[04]
4,talk,9,0,4,DIVINED Agent[01] WEREWOLF
4,talk,10,0,12,VOTE Agent[08]
4,talk,11,1,6,Skip
4,talk,12,1,11,Skip
4,talk,13,1,4,VOTE Agent[01]
4,talk,14,1,3,Skip
4,talk,15,1,2,Skip
4,talk,16,1,8,VOTE Agent[04]
4,talk,17,1,10,VOTE Agent[08]
4,talk,18,1,7,Skip
4,talk,19,1,15,ESTIMATE Agent[08] WEREWOLF
4,talk,20,1,12,Skip
4,talk,21,1,1,Skip
4,talk,22,2,1,Skip
4,talk,23,2,8,VOTE Agent[01]
4,talk,24,2,2,Skip
4,talk,25,2,3,Skip
4,talk,26,2,10,Skip
4,talk,27,2,12,Skip
4,talk,28,2,15,REQUEST ANY (VOTE Agent[08])
4,talk,29,2,11,Skip
4,talk,30,2,7,Skip
4,talk,31,2,6,Skip
4,talk,32,2,4,VOTE Agent[01]
4,talk,33,3,4,VOTE Agent[01]
4,talk,34,3,1,Over
4,talk,35,3,7,Over
4,talk,36,3,11,Over
4,talk,37,3,10,Skip
4,talk,38,3,15,REQUEST ANY (VOTE Agent[08])
4,talk,39,3,3,Over
4,talk,40,3,6,Over
4,talk,41,3,8,VOTE Agent[01]
4,talk,42,3,12,Over
4,talk,43,3,2,Over
4,talk,44,4,8,VOTE Agent[01]
4,talk,45,4,15,REQUEST ANY (VOTE Agent[08])
4,talk,46,4,12,Over
4,talk,47,4,6,Over
4,talk,48,4,11,Over
4,talk,49,4,7,Over
4,talk,50,4,3,Over
4,talk,51,4,1,Over
4,talk,52,4,10,Over
4,talk,53,4,2,Over
4,talk,54,4,4,VOTE Agent[01]
4,talk,55,5,8,VOTE Agent[01]
4,talk,56,5,12,Over
4,talk,57,5,10,Over
4,talk,58,5,7,Over
4,talk,59,5,11,Over
4,talk,60,5,2,Over
4,talk,61,5,3,Over
4,talk,62,5,15,REQUEST ANY (VOTE Agent[08])
4,talk,63,5,4,VOTE Agent[01]
4,talk,64,5,1,Over
4,talk,65,5,6,Over
4,talk,66,6,11,Over
4,talk,67,6,3,Over
4,talk,68,6,2,Over
4,talk,69,6,4,VOTE Agent[01]
4,talk,70,6,7,Over
4,talk,71,6,8,VOTE Agent[01]
4,talk,72,6,10,Over
4,talk,73,6,15,VOTE Agent[08]
4,talk,74,6,1,Over
4,talk,75,6,12,Over
4,talk,76,6,6,Over
4,talk,77,7,10,Over
4,talk,78,7,2,Over
4,talk,79,7,12,Over
4,talk,80,7,4,VOTE Agent[01]
4,talk,81,7,1,Over
4,talk,82,7,15,ESTIMATE Agent[08] WEREWOLF
4,talk,83,7,11,Over
4,talk,84,7,7,Over
4,talk,85,7,6,Over
4,talk,86,7,8,VOTE Agent[01]
4,talk,87,7,3,Over
4,talk,88,8,1,Over
4,talk,89,8,12,Over
4,talk,90,8,3,Over
4,talk,91,8,4,VOTE Agent[01]
4,talk,92,8,7,Over
4,talk,93,8,11,Over
4,talk,94,8,10,Over
4,talk,95,8,2,Over
4,talk,96,8,15,REQUEST ANY (VOTE Agent[08])
4,talk,97,8,8,VOTE Agent[01]
4,talk,98,8,6,Over
4,talk,99,9,11,Over
4,talk,100,9,2,Over
4,talk,101,9,7,Over
4,talk,102,9,8,VOTE Agent[01]
4,talk,103,9,10,Over
4,talk,104,9,1,Over
4,talk,105,9,12,Over
4,talk,106,9,6,Over
4,talk,107,9,4,VOTE Agent[01]
4,talk,108,9,15,VOTE Agent[08]
4,talk,109,9,3,Over
4,talk,110,10,6,Over
4,talk,111,10,7,Over
4,talk,112,10,4,Over
4,talk,113,10,2,Over
4,talk,114,10,3,Over
4,talk,115,10,12,Over
4,talk,116,10,11,Over
4,talk,117,10,10,Over
4,talk,118,10,1,Over
4,talk,119,10,8,Over
4,talk,120,10,15,Over
4,vote,1,8
4,vote,2,8
4,vote,3,8
4,vote,4,1
4,vote,6,8
4,vote,7,8
4,vote,8,1
4,vote,10,8
4,vote,11,8
4,vote,12,8
4,vote,15,8
4,execute,8,VILLAGER
4,divine,4,15,HUMAN
4,whisper,0,0,1,Skip
4,whisper,1,0,2,Skip
4,whisper,2,1,2,Skip
4,whisper,3,1,1,Skip
4,whisper,4,2,1,Over
4,whisper,5,2,2,Over
4,guard,15,4,SEER
4,attackVote,1,15
4,attackVote,2,4
4,attackVote,1,15
4,attackVote,2,4
4,attack,4,false
5,status,1,WEREWOLF,ALIVE,tonkatsu
5,status,2,WEREWOLF,ALIVE,KP22
5,status,3,VILLAGER,ALIVE,kgu_ryu
5,status,4,SEER,ALIVE,sUper_IL
5,status,5,WEREWOLF,DEAD,daphne
5,status,6,VILLAGER,ALIVE,Ncu702
5,status,7,VILLAGER,ALIVE,ice
5,status,8,VILLAGER,DEAD,mikami
5,status,9,VILLAGER,DEAD,Baguette
5,status,10,VILLAGER,ALIVE,ichida
5,status,11,VILLAGER,ALIVE,Hachi2
5,status,12,VILLAGER,ALIVE,takoyaki
5,status,13,MEDIUM,DEAD,CanisLupus
5,status,14,POSSESSED,DEAD,ioh
5,status,15,BODYGUARD,ALIVE,Basket
5,talk,0,0,4,DIVINED Agent[15] HUMAN
5,talk,1,0,6,VOTE Agent[01]
5,talk,2,0,11,VOTE Agent[01]
5,talk,3,0,2,VOTE Agent[01]
5,talk,4,0,7,VOTE Agent[01]
5,talk,5,0,15,AND (GUARDED Agent[04]) (NOT (ESTIMATE Agent[04] WEREWOLF))
5,talk,6,0,3,VOTE Agent[01]
5,talk,7,0,12,VOTE Agent[01]
5,talk,8,0,1,VOTE Agent[07]
5,talk,9,0,10,VOTE Agent[01]
5,talk,10,1,11,Skip
5,talk,11,1,12,Skip
5,talk,12,1,15,VOTE Agent[01]
5,talk,13,1,10,Skip
5,talk,14,1,7,Skip
5,talk,15,1,4,VOTE Agent[01]
5,talk,16,1,2,Skip
5,talk,17,1,1,VOTE Agent[07]
5,talk,18,1,3,Skip
5,talk,19,1,6,Skip
5,talk,20,2,12,Skip
5,talk,21,2,10,Skip
5,talk,22,2,11,Skip
5,talk,23,2,15,VOTE Agent[01]
5,talk,24,2,3,Skip
5,talk,25,2,4,VOTE Agent[01]
5,talk,26,2,2,Skip
5,talk,27,2,7,Skip
5,talk,28,2,1,VOTE Agent[07]
5,talk,29,2,6,Skip
5,talk,30,3,2,Over
5,talk,31,3,4,VOTE Agent[01]
5,talk,32,3,15,VOTE Agent[01]
5,talk,33,3,7,Over
5,talk,34,3,1,VOTE Agent[07]
5,talk,35,3,11,Over
5,talk,36,3,12,Over
5,talk,37,3,3,Over
5,talk,38,3,10,Over
5,talk,39,3,6,Over
5,talk,40,4,3,Over
5,talk,41,4,12,Over
5,talk,42,4,7,Over
5,talk,43,4,10,Over
5,talk,44,4,11,Over
5,talk,45,4,2,Over
5,talk,46,4,15,ESTIMATE Agent[01] WEREWOLF
5,talk,47,4,6,Over
5,talk,48,4,1,VOTE Agent[07]
5,talk,49,4,4,VOTE Agent[01]
5,talk,50,5,15,REQUEST ANY (VOTE Agent[01])
5,talk,51,5,11,Over
5,talk,52,5,3,Over
5,talk,53,5,7,Over
5,talk,54,5,12,Over
5,talk,55,5,2,Over
5,talk,56,5,4,VOTE Agent[01]
5,talk,57,5,6,Over
5,talk,58,5,10,Over
5,talk,59,5,1,VOTE Agent[07]
5,talk,60,6,6,Over
5,talk,61,6,10,Over
5,talk,62,6,11,Over
5,talk,63,6,1,VOTE Agent[07]
5,talk,64,6,15,ESTIMATE Agent[01] WEREWOLF
5,talk,65,6,3,Over
5,talk,66,6,4,VOTE Agent[01]
5,talk,67,6,7,Over
5,talk,68,6,12,Over
5,talk,69,6,2,Over
5,talk,70,7,4,VOTE Agent[01]
5,talk,71,7,12,Over
5,talk,72,7,1,VOTE Agent[07]
5,talk,73,7,2,Over
5,talk,74,7,10,Over
5,talk,75,7,7,Over
5,talk,76,7,11,Over
5,talk,77,7,15,ESTIMATE Agent[01] WEREWOLF
5,talk,78,7,3,Over
5,talk,79,7,6,Over
5,talk,80,8,12,Over
5,talk,81,8,1,VOTE Agent[07]
5,talk,82,8,2,Over
5,talk,83,8,6,Over
5,talk,84,8,3,Over
5,talk,85,8,7,Over
5,talk,86,8,15,REQUEST ANY (VOTE Agent[01])
5,talk,87,8,10,Over
5,talk,88,8,4,VOTE Agent[01]
5,talk,89,8,11,Over
5,talk,90,9,7,Over
5,talk,91,9,4,VOTE Agent[01]
5,talk,92,9,15,VOTE Agent[01]
5,talk,93,9,1,VOTE Agent[07]
5,talk,94,9,6,Over
5,talk,95,9,3,Over
5,talk,96,9,12,Over
5,talk,97,9,2,Over
5,talk,98,9,11,Over
5,talk,99,9,10,Over
5,talk,100,10,1,Over
5,talk,101,10,7,Over
5,talk,102,10,4,Over
5,talk,103,10,12,Over
5,talk,104,10,2,Over
5,talk,105,10,6,Over
5,talk,106,10,3,Over
5,talk,107,10,15,Over
5,talk,108,10,10,Over
5,talk,109,10,11,Over
5,vote,1,7
5,vote,2,1
5,vote,3,1
5,vote,4,1
5,vote,6,1
5,vote,7,1
5,vote,10,1
5,vote,11,1
5,vote,12,1
5,vote,15,1
5,execute,1,WEREWOLF
5,divine,4,7,HUMAN
5,guard,15,4,SEER
5,attackVote,2,4
5,attack,4,false
6,status,1,WEREWOLF,DEAD,tonkatsu
6,status,2,WEREWOLF,ALIVE,KP22
6,status,3,VILLAGER,ALIVE,kgu_ryu
6,status,4,SEER,ALIVE,sUper_IL
6,status,5,WEREWOLF,DEAD,daphne
6,status,6,VILLAGER,ALIVE,Ncu702
6,status,7,VILLAGER,ALIVE,ice
6,status,8,VILLAGER,DEAD,mikami
6,status,9,VILLAGER,DEAD,Baguette
6,status,10,VILLAGER,ALIVE,ichida
6,status,11,VILLAGER,ALIVE,Hachi2
6,status,12,VILLAGER,ALIVE,takoyaki
6,status,13,MEDIUM,DEAD,CanisLupus
6,status,14,POSSESSED,DEAD,ioh
6,status,15,BODYGUARD,ALIVE,Basket
6,talk,0,0,4,DIVINED Agent[07] HUMAN
6,talk,1,0,2,VOTE Agent[10]
6,talk,2,0,6,VOTE Agent[10]
6,talk,3,0,10,VOTE Agent[04]
6,talk,4,0,11,VOTE Agent[10]
6,talk,5,0,12,VOTE Agent[10]
6,talk,6,0,15,AND (GUARDED Agent[04]) (NOT (ESTIMATE Agent[04] WEREWOLF))
6,talk,7,0,7,VOTE Agent[10]
6,talk,8,0,3,VOTE Agent[10]
6,talk,9,1,15,VOTE Agent[10]
6,talk,10,1,2,Skip
6,talk,11,1,12,Skip
6,talk,12,1,4,VOTE Agent[10]
6,talk,13,1,11,Skip
6,talk,14,1,7,Skip
6,talk,15,1,3,Skip
6,talk,16,1,6,Skip
6,talk,17,1,10,VOTE Agent[04]
6,talk,18,2,2,Skip
6,talk,19,2,12,Skip
6,talk,20,2,7,Skip
6,talk,21,2,6,Skip
6,talk,22,2,3,Skip
6,talk,23,2,11,Skip
6,talk,24,2,4,VOTE Agent[10]
6,talk,25,2,15,ESTIMATE Agent[10] WEREWOLF
6,talk,26,2,10,VOTE Agent[04]
6,talk,27,3,4,VOTE Agent[02]
6,talk,28,3,11,VOTE Agent[02]
6,talk,29,3,15,ESTIMATE Agent[02] WEREWOLF
6,talk,30,3,6,Over
6,talk,31,3,10,VOTE Agent[02]
6,talk,32,3,12,VOTE Agent[02]
6,talk,33,3,7,VOTE Agent[02]
6,talk,34,3,3,VOTE Agent[02]
6,talk,35,3,2,VOTE Agent[10]
6,talk,36,4,10,Skip
6,talk,37,4,6,VOTE Agent[02]
6,talk,38,4,3,Skip
6,talk,39,4,11,Skip
6,talk,40,4,2,VOTE Agent[10]
6,talk,41,4,12,Skip
6,talk,42,4,15,REQUEST ANY (VOTE Agent[02])
6,talk,43,4,4,VOTE Agent[02]
6,talk,44,4,7,Skip
6,talk,45,5,6,Skip
6,talk,46,5,3,Skip
6,talk,47,5,7,Skip
6,talk,48,5,15,REQUEST ANY (VOTE Agent[02])
6,talk,49,5,12,Skip
6,talk,50,5,2,VOTE Agent[10]
6,talk,51,5,10,Skip
6,talk,52,5,4,VOTE Agent[02]
6,talk,53,5,11,Skip
6,talk,54,6,12,Over
6,talk,55,6,2,VOTE Agent[10]
6,talk,56,6,10,Over
6,talk,57,6,3,Over
6,talk,58,6,11,Over
6,talk,59,6,6,Skip
6,talk,60,6,7,Over
6,talk,61,6,15,VOTE Agent[02]
6,talk,62,6,4,VOTE Agent[02]
6,talk,63,7,15,ESTIMATE Agent[02] WEREWOLF
6,talk,64,7,7,Over
6,talk,65,7,12,Over
6,talk,66,7,2,VOTE Agent[10]
6,talk,67,7,3,Over
6,talk,68,7,11,Over
6,talk,69,7,10,Over
6,talk,70,7,6,Over
6,talk,71,7,4,VOTE Agent[02]
6,talk,72,8,2,VOTE Agent[10]
6,talk,73,8,3,Over
6,talk,74,8,11,Over
6,talk,75,8,7,Over
6,talk,76,8,6,Over
6,talk,77,8,12,Over
6,talk,78,8,15,ESTIMATE Agent[02] WEREWOLF
6,talk,79,8,10,Over
6,talk,80,8,4,VOTE Agent[02]
6,talk,81,9,3,Over
6,talk,82,9,2,VOTE Agent[10]
6,talk,83,9,6,Over
6,talk,84,9,7,Over
6,talk,85,9,12,Over
6,talk,86,9,11,Over
6,talk,87,9,15,REQUEST ANY (VOTE Agent[02])
6,talk,88,9,10,Over
6,talk,89,9,4,VOTE Agent[02]
6,talk,90,10,6,Over
6,talk,91,10,2,VOTE Agent[10]
6,talk,92,10,3,Over
6,talk,93,10,7,Over
6,talk,94,10,12,Over
6,talk,95,10,4,Over
6,talk,96,10,10,Over
6,talk,97,10,11,Over
6,talk,98,10,15,Over
6,talk,99,11,12,Over
6,talk,100,11,7,Over
6,talk,101,11,4,Over
6,talk,102,11,2,VOTE Agent[10]
6,talk,103,11,11,Over
6,talk,104,11,6,Over
6,talk,105,11,10,Over
6,talk,106,11,15,Over
6,talk,107,11,3,Over
6,talk,108,12,7,Over
6,talk,109,12,15,Over
6,talk,110,12,10,Over
6,talk,111,12,6,Over
6,talk,112,12,11,Over
6,talk,113,12,12,Over
6,talk,114,12,3,Over
6,talk,115,12,4,Over
6,talk,116,12,2,Over
6,vote,2,10
6,vote,3,2
6,vote,4,2
6,vote,6,2
6,vote,7,2
6,vote,10,2
6,vote,11,2
6,vote,12,2
6,vote,15,2
6,execute,2,WEREWOLF
6,divine,4,10,HUMAN
6,guard,15,4,SEER
7,status,1,WEREWOLF,DEAD,tonkatsu
7,status,2,WEREWOLF,DEAD,KP22
7,status,3,VILLAGER,ALIVE,kgu_ryu
7,status,4,SEER,ALIVE,sUper_IL
7,status,5,WEREWOLF,DEAD,daphne
7,status,6,VILLAGER,ALIVE,Ncu702
7,status,7,VILLAGER,ALIVE,ice
7,status,8,VILLAGER,DEAD,mikami
7,status,9,VILLAGER,DEAD,Baguette
7,status,10,VILLAGER,ALIVE,ichida
7,status,11,VILLAGER,ALIVE,Hachi2
7,status,12,VILLAGER,ALIVE,takoyaki
7,status,13,MEDIUM,DEAD,CanisLupus
7,status,14,POSSESSED,DEAD,ioh
7,status,15,BODYGUARD,ALIVE,Basket
7,result,8,0,VILLAGER
