0,status,1,SEER,ALIVE,tonkatsu
0,status,2,VILLAGER,ALIVE,KP22
0,status,3,VILLAGER,ALIVE,kgu_ryu
0,status,4,MEDIUM,ALIVE,sUper_IL
0,status,5,VILLAGER,ALIVE,daphne
0,status,6,BODYGUARD,ALIVE,Ncu702
0,status,7,VILLAGER,ALIVE,ice
0,status,8,VILLAGER,ALIVE,mikami
0,status,9,WEREWOLF,ALIVE,Baguette
0,status,10,POSSESSED,ALIVE,ichida
0,status,11,VILLAGER,ALIVE,Hachi2
0,status,12,VILLAGER,ALIVE,takoyaki
0,status,13,WEREWOLF,ALIVE,CanisLupus
0,status,14,WEREWOLF,ALIVE,ioh
0,status,15,VILLAGER,ALIVE,Basket
0,whisper,0,0,9,VOTE Agent[01]
0,whisper,1,0,13,Skip
0,whisper,2,0,14,COMINGOUT Agent[14] SEER
0,whisper,3,1,9,VOTE Agent[02]
0,whisper,4,1,13,Skip
0,whisper,5,1,14,Skip
0,whisper,6,2,9,VOTE Agent[01]
0,whisper,7,2,13,Over
0,whisper,8,2,14,Skip
0,whisper,9,3,13,Over
0,whisper,10,3,14,Over
0,whisper,11,3,9,VOTE Agent[02]
0,whisper,12,4,9,VOTE Agent[01]
0,whisper,13,4,14,Over
0,whisper,14,4,13,Over
0,whisper,15,5,14,Over
0,whisper,16,5,9,VOTE Agent[02]
0,whisper,17,5,13,Over
0,whisper,18,6,9,VOTE Agent[01]
0,whisper,19,6,13,Over
0,whisper,20,6,14,Over
0,whisper,21,7,13,Over
0,whisper,22,7,9,VOTE Agent[02]
0,whisper,23,7,14,Over
0,whisper,24,8,14,Over
0,whisper,25,8,9,VOTE Agent[01]
0,whisper,26,8,13,Over
0,whisper,27,9,13,Over
0,whisper,28,9,14,Over
0,whisper,29,9,9,VOTE Agent[02]
0,whisper,30,10,14,Over
0,whisper,31,10,9,Over
0,whisper,32,10,13,Over
0,divine,1,10,HUMAN
1,status,1,SEER,ALIVE,tonkatsu
1,status,2,VILLAGER,ALIVE,KP22
1,status,3,VILLAGER,ALIVE,kgu_ryu
1,status,4,MEDIUM,ALIVE,sUper_IL
1,status,5,VILLAGER,ALIVE,daphne
1,status,6,BODYGUARD,ALIVE,Ncu702
1,status,7,VILLAGER,ALIVE,ice
1,status,8,VILLAGER,ALIVE,mikami
1,status,9,WEREWOLF,ALIVE,Baguette
1,status,10,POSSESSED,ALIVE,ichida
1,status,11,VILLAGER,ALIVE,Hachi2
1,status,12,VILLAGER,ALIVE,takoyaki
1,status,13,WEREWOLF,ALIVE,CanisLupus
1,status,14,WEREWOLF,ALIVE,ioh
1,status,15,VILLAGER,ALIVE,Basket
1,talk,0,0,4,COMINGOUT Agent[04] MEDIUM
1,talk,1,0,5,VOTE Agent[13]
1,talk,2,0,10,VOTE Agent[13]
1,talk,3,0,7,VOTE Agent[13]
1,talk,4,0,3,VOTE Agent[13]
1,talk,5,0,12,VOTE Agent[13]
1,talk,6,0,15,VOTE Agent[13]
1,talk,7,0,11,VOTE Agent[13]
1,talk,8,0,2,VOTE Agent[13]
1,talk,9,0,13,VOTE Agent[01]
1,talk,10,0,1,COMINGOUT Agent[01] SEER
1,talk,11,0,9,VOTE Agent[04]
1,talk,12,0,8,VOTE Agent[13]
1,talk,13,0,14,COMINGOUT Agent[14] SEER
1,talk,14,0,6,VOTE Agent[13]
1,talk,15,1,11,Skip
1,talk,16,1,2,Skip
1,talk,17,1,12,Skip
1,talk,18,1,9,VOTE Agent[07]
1,talk,19,1,7,Skip
1,talk,20,1,1,DIVINED Agent[10] HUMAN
1,talk,21,1,6,Skip
1,talk,22,1,14,DIVINED Agent[12] WEREWOLF
1,talk,23,1,13,VOTE Agent[01]
1,talk,24,1,8,Skip
1,talk,25,1,4,VOTE Agent[11]
1,talk,26,1,10,Skip
1,talk,27,1,15,REQUEST ANY (VOTE Agent[13])
1,talk,28,1,5,Skip
1,talk,29,1,3,Skip
1,talk,30,2,3,VOTE Agent[12]
1,talk,31,2,13,VOTE Agent[01]
1,talk,32,2,4,VOTE Agent[12]
1,talk,33,2,5,Skip
1,talk,34,2,2,VOTE Agent[12]
1,talk,35,2,11,VOTE Agent[12]
1,talk,36,2,10,Skip
1,talk,37,2,9,VOTE Agent[04]
1,talk,38,2,7,VOTE Agent[13]
1,talk,39,2,6,VOTE Agent[13]
1,talk,40,2,15,REQUEST ANY (VOTE Agent[14])
1,talk,41,2,8,VOTE Agent[13]
1,talk,42,2,1,VOTE Agent[12]
1,talk,43,2,12,VOTE Agent[02]
1,talk,44,2,14,VOTE Agent[01]
1,talk,45,3,6,VOTE Agent[13]
1,talk,46,3,9,VOTE Agent[12]
1,talk,47,3,15,VOTE Agent[14]
1,talk,48,3,13,VOTE Agent[12]
1,talk,49,3,14,ESTIMATE Agent[01] WEREWOLF
1,talk,50,3,12,VOTE Agent[02]
1,talk,51,3,11,VOTE Agent[05]
1,talk,52,3,5,VOTE Agent[12]
1,talk,53,3,3,VOTE Agent[05]
1,talk,54,3,4,VOTE Agent[05]
1,talk,55,3,2,VOTE Agent[05]
1,talk,56,3,1,VOTE Agent[05]
1,talk,57,3,10,VOTE Agent[05]
1,talk,58,3,7,VOTE Agent[05]
1,talk,59,3,8,VOTE Agent[05]
1,talk,60,4,10,Skip
1,talk,61,4,5,VOTE Agent[12]
1,talk,62,4,6,VOTE Agent[05]
1,talk,63,4,7,Skip
1,talk,64,4,8,Skip
1,talk,65,4,9,VOTE Agent[08]
1,talk,66,4,15,REQUEST ANY (VOTE Agent[14])
1,talk,67,4,13,VOTE Agent[05]
1,talk,68,4,14,VOTE Agent[01]
1,talk,69,4,1,VOTE Agent[05]
1,talk,70,4,4,Skip
1,talk,71,4,11,Skip
1,talk,72,4,2,Skip
1,talk,73,4,12,VOTE Agent[05]
1,talk,74,4,3,Skip
1,talk,75,5,2,Skip
1,talk,76,5,3,Skip
1,talk,77,5,13,Skip
1,talk,78,5,8,Skip
1,talk,79,5,14,ESTIMATE Agent[01] WEREWOLF
1,talk,80,5,4,Skip
1,talk,81,5,12,Skip
1,talk,82,5,1,VOTE Agent[05]
1,talk,83,5,5,VOTE Agent[14]
1,talk,84,5,6,Skip
1,talk,85,5,9,VOTE Agent[11]
1,talk,86,5,10,Skip
1,talk,87,5,15,REQUEST ANY (VOTE Agent[05])
1,talk,88,5,11,Skip
1,talk,89,5,7,Skip
1,talk,90,6,4,Over
1,talk,91,6,7,Over
1,talk,92,6,10,Over
1,talk,93,6,11,Over
1,talk,94,6,9,VOTE Agent[12]
1,talk,95,6,8,Over
1,talk,96,6,5,VOTE Agent[14]
1,talk,97,6,13,Skip
1,talk,98,6,15,ESTIMATE Agent[05] WEREWOLF
1,talk,99,6,3,Over
1,talk,100,6,12,Skip
1,talk,101,6,14,ESTIMATE Agent[01] WEREWOLF
1,talk,102,6,6,Skip
1,talk,103,6,2,Over
1,talk,104,6,1,VOTE Agent[05]
1,talk,105,7,12,Over
1,talk,106,7,13,Over
1,talk,107,7,7,Over
1,talk,108,7,2,Over
1,talk,109,7,11,Over
1,talk,110,7,4,Over
1,talk,111,7,5,VOTE Agent[14]
1,talk,112,7,15,VOTE Agent[05]
1,talk,113,7,9,VOTE Agent[01]
1,talk,114,7,8,Over
1,talk,115,7,14,ESTIMATE Agent[01] WEREWOLF
1,talk,116,7,6,Over
1,talk,117,7,1,VOTE Agent[05]
1,talk,118,7,10,Over
1,talk,119,7,3,Over
1,talk,120,8,11,Over
1,talk,121,8,1,VOTE Agent[05]
1,talk,122,8,3,Over
1,talk,123,8,6,Over
1,talk,124,8,9,VOTE Agent[05]
1,talk,125,8,15,ESTIMATE Agent[05] WEREWOLF
1,talk,126,8,14,ESTIMATE Agent[01] WEREWOLF
1,talk,127,8,13,Over
1,talk,128,8,10,Over
1,talk,129,8,7,Over
1,talk,130,8,12,Over
1,talk,131,8,2,Over
1,talk,132,8,4,Over
1,talk,133,8,5,VOTE Agent[14]
1,talk,134,8,8,Over
1,talk,135,9,6,Over
1,talk,136,9,14,ESTIMATE Agent[01] WEREWOLF
1,talk,137,9,5,VOTE Agent[14]
1,talk,138,9,3,Over
1,talk,139,9,15,VOTE Agent[05]
1,talk,140,9,8,Over
1,talk,141,9,2,Over
1,talk,142,9,10,Over
1,talk,143,9,4,Over
1,talk,144,9,13,Over
1,talk,145,9,11,Over
1,talk,146,9,1,VOTE Agent[05]
1,talk,147,9,9,VOTE Agent[05]
1,talk,148,9,12,Over
1,talk,149,9,7,Over
1,talk,150,10,3,Over
1,talk,151,10,6,Over
1,talk,152,10,5,VOTE Agent[14]
1,talk,153,10,7,Over
1,talk,154,10,8,Over
1,talk,155,10,13,Over
1,talk,156,10,2,Over
1,talk,157,10,9,Over
1,talk,158,10,1,Over
1,talk,159,10,4,Over
1,talk,160,10,11,Over
1,talk,161,10,15,Over
1,talk,162,10,14,Over
1,talk,163,10,12,Over
1,talk,164,10,10,Over
1,talk,165,11,3,Over
1,talk,166,11,12,Over
1,talk,167,11,2,Over
1,talk,168,11,7,Over
1,talk,169,11,5,VOTE Agent[14]
1,talk,170,11,1,Over
1,talk,171,11,8,Over
1,talk,172,11,4,Over
1,talk,173,11,13,Over
1,talk,174,11,9,Over
1,talk,175,11,14,Over
1,talk,176,11,11,Over
1,talk,177,11,10,Over
1,talk,178,11,6,Over
1,talk,179,11,15,Over
1,talk,180,12,14,Over
1,talk,181,12,7,Over
1,talk,182,12,2,Over
1,talk,183,12,15,Over
1,talk,184,12,6,Over
1,talk,185,12,5,Over
1,talk,186,12,13,Over
1,talk,187,12,10,Over
1,talk,188,12,11,Over
1,talk,189,12,3,Over
1,talk,190,12,8,Over
1,talk,191,12,12,Over
1,talk,192,12,4,Over
1,talk,193,12,9,Over
1,talk,194,12,1,Over
1,vote,1,5
1,vote,2,5
1,vote,3,5
1,vote,4,5
1,vote,5,6
1,vote,6,5
1,vote,7,5
1,vote,8,5
1,vote,9,5
1,vote,10,5
1,vote,11,5
1,vote,12,5
1,vote,13,5
1,vote,14,5
1,vote,15,5
1,execute,5,VILLAGER
1,divine,1,9,WEREWOLF
1,whisper,0,0,13,Skip
1,whisper,1,0,14,ATTACK Agent[01]
1,whisper,2,0,9,VOTE Agent[06]
1,whisper,3,1,13,Skip
1,whisper,4,1,9,VOTE Agent[07]
1,whisper,5,1,14,Skip
1,whisper,6,2,14,Skip
1,whisper,7,2,13,Over
1,whisper,8,2,9,VOTE Agent[06]
1,whisper,9,3,13,Over
1,whisper,10,3,9,VOTE Agent[07]
1,whisper,11,3,14,Over
1,whisper,12,4,9,VOTE Agent[06]
1,whisper,13,4,14,Over
1,whisper,14,4,13,Over
1,whisper,15,5,14,Over
1,whisper,16,5,13,Over
1,whisper,17,5,9,VOTE Agent[07]
1,whisper,18,6,9,VOTE Agent[06]
1,whisper,19,6,13,Over
1,whisper,20,6,14,Over
1,whisper,21,7,14,Over
1,whisper,22,7,13,Over
1,whisper,23,7,9,VOTE Agent[07]
1,whisper,24,8,9,VOTE Agent[06]
1,whisper,25,8,13,Over
1,whisper,26,8,14,Over
1,whisper,27,9,9,VOTE Agent[07]
1,whisper,28,9,13,Over
1,whisper,29,9,14,Over
1,whisper,30,10,14,Over
1,whisper,31,10,9,Over
1,whisper,32,10,13,Over
1,guard,6,4,MEDIUM
1,attackVote,9,7
1,attackVote,13,1
1,attackVote,14,1
1,attack,1,true
2,status,1,SEER,DEAD,tonkatsu
2,status,2,VILLAGER,ALIVE,KP22
2,status,3,VILLAGER,ALIVE,kgu_ryu
2,status,4,MEDIUM,ALIVE,sUper_IL
2,status,5,VILLAGER,DEAD,daphne
2,status,6,BODYGUARD,ALIVE,Ncu702
2,status,7,VILLAGER,ALIVE,ice
2,status,8,VILLAGER,ALIVE,mikami
2,status,9,WEREWOLF,ALIVE,Baguette
2,status,10,POSSESSED,ALIVE,ichida
2,status,11,VILLAGER,ALIVE,Hachi2
2,status,12,VILLAGER,ALIVE,takoyaki
2,status,13,WEREWOLF,ALIVE,CanisLupus
2,status,14,WEREWOLF,ALIVE,ioh
2,status,15,VILLAGER,ALIVE,Basket
2,talk,0,0,15,VOTE Agent[14]
2,talk,1,0,7,VOTE Agent[14]
2,talk,2,0,6,VOTE Agent[14]
2,talk,3,0,2,VOTE Agent[09]
2,talk,4,0,3,VOTE Agent[09]
2,talk,5,0,14,DIVINED Agent[09] HUMAN
2,talk,6,0,11,VOTE Agent[09]
2,talk,7,0,10,VOTE Agent[09]
2,talk,8,0,4,IDENTIFIED Agent[05] HUMAN
2,talk,9,0,8,VOTE Agent[09]
2,talk,10,0,9,VOTE Agent[11]
2,talk,11,0,13,VOTE Agent[09]
2,talk,12,0,12,VOTE Agent[09]
2,talk,13,1,9,VOTE Agent[08]
2,talk,14,1,11,VOTE Agent[14]
2,talk,15,1,14,ESTIMATE Agent[12] WEREWOLF
2,talk,16,1,10,Skip
2,talk,17,1,8,VOTE Agent[09]
2,talk,18,1,7,VOTE Agent[09]
2,talk,19,1,6,VOTE Agent[09]
2,talk,20,1,3,VOTE Agent[14]
2,talk,21,1,12,Skip
2,talk,22,1,4,VOTE Agent[14]
2,talk,23,1,13,Skip
2,talk,24,1,15,REQUEST ANY (VOTE Agent[14])
2,talk,25,1,2,Skip
2,talk,26,2,9,VOTE Agent[08]
2,talk,27,2,3,VOTE Agent[14]
2,talk,28,2,14,ESTIMATE Agent[12] WEREWOLF
2,talk,29,2,2,Skip
2,talk,30,2,10,Skip
2,talk,31,2,11,VOTE Agent[14]
2,talk,32,2,15,REQUEST ANY (VOTE Agent[14])
2,talk,33,2,4,Skip
2,talk,34,2,7,Skip
2,talk,35,2,13,Skip
2,talk,36,2,12,Skip
2,talk,37,2,6,Skip
2,talk,38,2,8,Skip
2,talk,39,3,15,ESTIMATE Agent[14] WEREWOLF
2,talk,40,3,4,Skip
2,talk,41,3,12,VOTE Agent[14]
2,talk,42,3,3,VOTE Agent[14]
2,talk,43,3,8,VOTE Agent[09]
2,talk,44,3,2,VOTE Agent[09]
2,talk,45,3,14,ESTIMATE Agent[12] WEREWOLF
2,talk,46,3,11,VOTE Agent[14]
2,talk,47,3,7,VOTE Agent[09]
2,talk,48,3,10,Over
2,talk,49,3,6,VOTE Agent[09]
2,talk,50,3,13,Over
2,talk,51,3,9,VOTE Agent[15]
2,talk,52,4,3,VOTE Agent[14]
2,talk,53,4,8,VOTE Agent[09]
2,talk,54,4,15,ESTIMATE Agent[14] WEREWOLF
2,talk,55,4,13,Over
2,talk,56,4,6,VOTE Agent[09]
2,talk,57,4,9,VOTE Agent[15]
2,talk,58,4,4,Over
2,talk,59,4,14,ESTIMATE Agent[12] WEREWOLF
2,talk,60,4,12,VOTE Agent[14]
2,talk,61,4,7,VOTE Agent[09]
2,talk,62,4,2,VOTE Agent[09]
2,talk,63,4,10,Over
2,talk,64,4,11,VOTE Agent[14]
2,talk,65,5,13,Over
2,talk,66,5,10,Over
2,talk,67,5,6,VOTE Agent[09]
2,talk,68,5,15,ESTIMATE Agent[14] WEREWOLF
2,talk,69,5,12,VOTE Agent[14]
2,talk,70,5,14,ESTIMATE Agent[12] WEREWOLF
2,talk,71,5,2,VOTE Agent[09]
2,talk,72,5,9,VOTE Agent[15]
2,talk,73,5,11,VOTE Agent[14]
2,talk,74,5,7,VOTE Agent[09]
2,talk,75,5,3,VOTE Agent[14]
2,talk,76,5,8,VOTE Agent[09]
2,talk,77,5,4,Over
2,talk,78,6,13,Over
2,talk,79,6,2,VOTE Agent[09]
2,talk,80,6,12,VOTE Agent[14]
2,talk,81,6,15,ESTIMATE Agent[14] WEREWOLF
2,talk,82,6,9,VOTE Agent[15]
2,talk,83,6,4,Over
2,talk,84,6,7,VOTE Agent[09]
2,talk,85,6,11,VOTE Agent[14]
2,talk,86,6,10,Over
2,talk,87,6,14,VOTE Agent[12]
2,talk,88,6,8,VOTE Agent[09]
2,talk,89,6,3,VOTE Agent[14]
2,talk,90,6,6,VOTE Agent[09]
2,talk,91,7,4,Over
2,talk,92,7,7,VOTE Agent[09]
2,talk,93,7,12,VOTE Agent[14]
2,talk,94,7,3,VOTE Agent[14]
2,talk,95,7,11,VOTE Agent[14]
2,talk,96,7,6,VOTE Agent[09]
2,talk,97,7,8,VOTE Agent[09]
2,talk,98,7,13,Over
2,talk,99,7,9,VOTE Agent[08]
2,talk,100,7,2,VOTE Agent[09]
2,talk,101,7,10,Over
2,talk,102,7,15,VOTE Agent[14]
2,talk,103,7,14,REQUEST ANY (VOTE Agent[12])
2,talk,104,8,4,Over
2,talk,105,8,15,ESTIMATE Agent[14] WEREWOLF
2,talk,106,8,8,VOTE Agent[09]
2,talk,107,8,2,VOTE Agent[14]
2,talk,108,8,10,VOTE Agent[14]
2,talk,109,8,12,Skip
2,talk,110,8,9,VOTE Agent[08]
2,talk,111,8,11,Skip
2,talk,112,8,13,VOTE Agent[14]
2,talk,113,8,6,VOTE Agent[14]
2,talk,114,8,14,ESTIMATE Agent[12] WEREWOLF
2,talk,115,8,3,Skip
2,talk,116,8,7,VOTE Agent[14]
2,talk,117,9,3,Skip
2,talk,118,9,7,Skip
2,talk,119,9,9,VOTE Agent[06]
2,talk,120,9,15,VOTE Agent[14]
2,talk,121,9,6,Skip
2,talk,122,9,2,Skip
2,talk,123,9,14,REQUEST ANY (VOTE Agent[12])
2,talk,124,9,4,Over
2,talk,125,9,8,VOTE Agent[14]
2,talk,126,9,12,Skip
2,talk,127,9,13,Skip
2,talk,128,9,10,Skip
2,talk,129,9,11,Skip
2,talk,130,10,2,Skip
2,talk,131,10,13,Skip
2,talk,132,10,14,Over
2,talk,133,10,8,Skip
2,talk,134,10,7,Skip
2,talk,135,10,4,Over
2,talk,136,10,3,Over
2,talk,137,10,15,Over
2,talk,138,10,12,Over
2,talk,139,10,11,Over
2,talk,140,10,9,Over
2,talk,141,10,10,Skip
2,talk,142,10,6,Skip
2,talk,143,11,11,Over
2,talk,144,11,6,Over
2,talk,145,11,2,Over
2,talk,146,11,12,Over
2,talk,147,11,13,Over
2,talk,148,11,14,Over
2,talk,149,11,9,Over
2,talk,150,11,15,Over
2,talk,151,11,4,Over
2,talk,152,11,8,Skip
2,talk,153,11,10,Over
2,talk,154,11,3,Over
2,talk,155,11,7,Over
2,talk,156,12,10,Over
2,talk,157,12,9,Over
2,talk,158,12,4,Over
2,talk,159,12,13,Over
2,talk,160,12,3,Over
2,talk,161,12,8,Over
2,talk,162,12,14,Over
2,talk,163,12,2,Over
2,talk,164,12,12,Over
2,talk,165,12,7,Over
2,talk,166,12,15,Over
2,talk,167,12,6,Over
2,talk,168,12,11,Over
2,vote,2,14
2,vote,3,14
2,vote,4,14
2,vote,6,14
2,vote,7,14
2,vote,8,14
2,vote,9,6
2,vote,10,14
2,vote,11,14
2,vote,12,14
2,vote,13,14
2,vote,14,6
2,vote,15,14
2,execute,14,WEREWOLF
2,whisper,0,0,9,VOTE Agent[02]
2,whisper,1,0,13,Skip
2,whisper,2,1,9,VOTE Agent[03]
2,whisper,3,1,13,Skip
2,whisper,4,2,13,Over
2,whisper,5,2,9,VOTE Agent[02]
2,whisper,6,3,9,VOTE Agent[03]
2,whisper,7,3,13,Over
2,whisper,8,4,9,VOTE Agent[02]
2,whisper,9,4,13,Over
2,whisper,10,5,9,VOTE Agent[03]
2,whisper,11,5,13,Over
2,whisper,12,6,13,Over
2,whisper,13,6,9,VOTE Agent[02]
2,whisper,14,7,13,Over
2,whisper,15,7,9,VOTE Agent[03]
2,whisper,16,8,9,VOTE Agent[02]
2,whisper,17,8,13,Over
2,whisper,18,9,13,Over
2,whisper,19,9,9,VOTE Agent[03]
2,whisper,20,10,9,Over
2,whisper,21,10,13,Over
2,guard,6,4,MEDIUM
2,attackVote,9,3
2,attackVote,13,12
2,attackVote,9,3
2,attackVote,13,12
2,attack,3,true
3,status,1,SEER,DEAD,tonkatsu
3,status,2,VILLAGER,ALIVE,KP22
3,status,3,VILLAGER,DEAD,kgu_ryu
3,status,4,MEDIUM,ALIVE,sUper_IL
3,status,5,VILLAGER,DEAD,daphne
3,status,6,BODYGUARD,ALIVE,Ncu702
3,status,7,VILLAGER,ALIVE,ice
3,status,8,VILLAGER,ALIVE,mikami
3,status,9,WEREWOLF,ALIVE,Baguette
3,status,10,POSSESSED,ALIVE,ichida
3,status,11,VILLAGER,ALIVE,Hachi2
3,status,12,VILLAGER,ALIVE,takoyaki
3,status,13,WEREWOLF,ALIVE,CanisLupus
3,status,14,WEREWOLF,DEAD,ioh
3,status,15,VILLAGER,ALIVE,Basket
3,talk,0,0,15,ESTIMATE Agent[09] WEREWOLF
3,talk,1,0,2,VOTE Agent[09]
3,talk,2,0,7,VOTE Agent[09]
3,talk,3,0,10,VOTE Agent[09]
3,talk,4,0,12,VOTE Agent[09]
3,talk,5,0,4,IDENTIFIED Agent[14] WEREWOLF
3,talk,6,0,6,VOTE Agent[09]
3,talk,7,0,13,VOTE Agent[09]
3,talk,8,0,11,VOTE Agent[09]
3,talk,9,0,8,VOTE Agent[09]
3,talk,10,0,9,VOTE Agent[08]
3,talk,11,1,7,Skip
3,talk,12,1,9,VOTE Agent[04]
3,talk,13,1,4,VOTE Agent[09]
3,talk,14,1,12,Skip
3,talk,15,1,10,Skip
3,talk,16,1,6,Skip
3,talk,17,1,2,Skip
3,talk,18,1,13,Skip
3,talk,19,1,8,Skip
3,talk,20,1,15,ESTIMATE Agent[09] WEREWOLF
3,talk,21,1,11,Skip
3,talk,22,2,2,Skip
3,talk,23,2,12,Skip
3,talk,24,2,13,Skip
3,talk,25,2,7,Skip
3,talk,26,2,10,Skip
3,talk,27,2,9,VOTE Agent[02]
3,talk,28,2,11,Skip
3,talk,29,2,8,Skip
3,talk,30,2,15,REQUEST ANY (VOTE Agent[09])
3,talk,31,2,4,VOTE Agent[02]
3,talk,32,2,6,Skip
3,talk,33,3,4,Skip
3,talk,34,3,8,Over
3,talk,35,3,10,Over
3,talk,36,3,9,VOTE Agent[08]
3,talk,37,3,11,VOTE Agent[02]
3,talk,38,3,15,REQUEST ANY (VOTE Agent[09])
3,talk,39,3,2,Over
3,talk,40,3,12,VOTE Agent[02]
3,talk,41,3,13,Over
3,talk,42,3,7,Over
3,talk,43,3,6,Over
3,talk,44,4,12,VOTE Agent[02]
3,talk,45,4,15,REQUEST ANY (VOTE Agent[09])
3,talk,46,4,10,Over
3,talk,47,4,8,Over
3,talk,48,4,4,Skip
3,talk,49,4,2,Over
3,talk,50,4,13,Over
3,talk,51,4,9,VOTE Agent[07]
3,talk,52,4,7,Over
3,talk,53,4,11,VOTE Agent[02]
3,talk,54,4,6,Over
3,talk,55,5,8,Over
3,talk,56,5,6,Over
3,talk,57,5,13,Over
3,talk,58,5,2,Over
3,talk,59,5,11,VOTE Agent[02]
3,talk,60,5,7,Over
3,talk,61,5,4,Over
3,talk,62,5,15,VOTE Agent[09]
3,talk,63,5,10,Over
3,talk,64,5,12,VOTE Agent[02]
3,talk,65,5,9,VOTE Agent[15]
3,talk,66,6,12,VOTE Agent[02]
3,talk,67,6,6,Over
3,talk,68,6,7,Over
3,talk,69,6,8,Over
3,talk,70,6,13,Over
3,talk,71,6,2,Over
3,talk,72,6,10,Over
3,talk,73,6,4,Over
3,talk,74,6,15,VOTE Agent[09]
3,talk,75,6,11,VOTE Agent[02]
3,talk,76,6,9,VOTE Agent[08]
3,talk,77,7,11,VOTE Agent[02]
3,talk,78,7,2,Over
3,talk,79,7,9,VOTE Agent[15]
3,talk,80,7,7,Over
3,talk,81,7,15,VOTE Agent[09]
3,talk,82,7,6,Over
3,talk,83,7,12,VOTE Agent[02]
3,talk,84,7,4,Over
3,talk,85,7,13,Over
3,talk,86,7,10,Over
3,talk,87,7,8,Over
3,talk,88,8,13,Over
3,talk,89,8,6,Over
3,talk,90,8,7,Over
3,talk,91,8,9,VOTE Agent[02]
3,talk,92,8,11,VOTE Agent[02]
3,talk,93,8,15,ESTIMATE Agent[09] WEREWOLF
3,talk,94,8,10,Over
3,talk,95,8,4,Over
3,talk,96,8,8,Over
3,talk,97,8,2,Over
3,talk,98,8,12,VOTE Agent[02]
3,talk,99,9,13,Over
3,talk,100,9,8,Over
3,talk,101,9,7,Over
3,talk,102,9,9,VOTE Agent[12]
3,talk,103,9,15,ESTIMATE Agent[09] WEREWOLF
3,talk,104,9,12,VOTE Agent[02]
3,talk,105,9,6,Over
3,talk,106,9,4,Over
3,talk,107,9,10,Over
3,talk,108,9,11,VOTE Agent[02]
3,talk,109,9,2,Over
3,talk,110,10,4,Over
3,talk,111,10,9,Over
3,talk,112,10,6,Over
3,talk,113,10,2,Over
3,talk,114,10,12,VOTE Agent[02]
3,talk,115,10,10,Over
3,talk,116,10,8,Over
3,talk,117,10,13,Over
3,talk,118,10,7,Over
3,talk,119,10,11,VOTE Agent[02]
3,talk,120,10,15,Over
3,talk,121,11,11,VOTE Agent[02]
3,talk,122,11,10,Over
3,talk,123,11,13,Over
3,talk,124,11,12,VOTE Agent[02]
3,talk,125,11,2,Over
3,talk,126,11,4,Over
3,talk,127,11,6,Over
3,talk,128,11,9,Over
3,talk,129,11,7,Over
3,talk,130,11,15,Over
3,talk,131,11,8,Over
3,talk,132,12,12,Over
3,talk,133,12,4,Over
3,talk,134,12,8,Over
3,talk,135,12,7,Over
3,talk,136,12,11,Over
3,talk,137,12,9,Over
3,talk,138,12,15,Over
3,talk,139,12,6,Over
3,talk,140,12,2,Over
3,talk,141,12,13,Over
3,talk,142,12,10,Over
3,vote,2,9
3,vote,4,2
3,vote,6,9
3,vote,7,2
3,vote,8,9
3,vote,9,12
3,vote,10,9
3,vote,11,2
3,vote,12,2
3,vote,13,9
3,vote,15,9
3,execute,9,WEREWOLF
3,guard,6,4,MEDIUM
3,attackVote,13,4
3,attack,4,false
4,status,1,SEER,DEAD,tonkatsu
4,status,2,VILLAGER,ALIVE,KP22
4,status,3,VILLAGER,DEAD,kgu_ryu
4,status,4,MEDIUM,ALIVE,sUper_IL
4,status,5,VILLAGER,DEAD,daphne
4,status,6,BODYGUARD,ALIVE,Ncu702
4,status,7,VILLAGER,ALIVE,ice
4,status,8,VILLAGER,ALIVE,mikami
4,status,9,WEREWOLF,DEAD,Baguette
4,status,10,POSSESSED,ALIVE,ichida
4,status,11,VILLAGER,ALIVE,Hachi2
4,status,12,VILLAGER,ALIVE,takoyaki
4,status,13,WEREWOLF,ALIVE,CanisLupus
4,status,14,WEREWOLF,DEAD,ioh
4,status,15,VILLAGER,ALIVE,Basket
4,talk,0,0,10,VOTE Agent[13]
4,talk,1,0,6,VOTE Agent[13]
4,talk,2,0,4,IDENTIFIED Agent[09] WEREWOLF
4,talk,3,0,8,VOTE Agent[13]
4,talk,4,0,7,VOTE Agent[13]
4,talk,5,0,15,REQUEST ANY (VOTE Agent[02])
4,talk,6,0,12,VOTE Agent[02]
4,talk,7,0,2,VOTE Agent[08]
4,talk,8,0,13,VOTE Agent[02]
4,talk,9,0,11,VOTE Agent[02]
4,talk,10,1,15,VOTE Agent[02]
4,talk,11,1,6,VOTE Agent[02]
4,talk,12,1,7,VOTE Agent[02]
4,talk,13,1,2,VOTE Agent[08]
4,talk,14,1,11,Skip
4,talk,15,1,8,VOTE Agent[02]
4,talk,16,1,10,VOTE Agent[02]
4,talk,17,1,13,Skip
4,talk,18,1,12,Skip
4,talk,19,1,4,Skip
4,talk,20,2,15,REQUEST ANY (VOTE Agent[02])
4,talk,21,2,4,Skip
4,talk,22,2,11,Skip
4,talk,23,2,10,Skip
4,talk,24,2,8,Skip
4,talk,25,2,12,Skip
4,talk,26,2,2,VOTE Agent[08]
4,talk,27,2,6,Skip
4,talk,28,2,13,Skip
4,talk,29,2,7,Skip
4,talk,30,3,10,Skip
4,talk,31,3,15,ESTIMATE Agent[02] WEREWOLF
4,talk,32,3,13,Over
4,talk,33,3,4,Over
4,talk,34,3,2,VOTE Agent[08]
4,talk,35,3,11,Over
4,talk,36,3,12,Over
4,talk,37,3,8,Skip
4,talk,38,3,7,Skip
4,talk,39,3,6,Skip
4,talk,40,4,6,Over
4,talk,41,4,10,Over
4,talk,42,4,15,VOTE Agent[02]
4,talk,43,4,4,Over
4,talk,44,4,13,Over
4,talk,45,4,11,Over
4,talk,46,4,12,Over
4,talk,47,4,2,VOTE Agent[08]
4,talk,48,4,8,Over
4,talk,49,4,7,Over
4,talk,50,5,6,Over
4,talk,51,5,15,REQUEST ANY (VOTE Agent[02])
4,talk,52,5,13,Over
4,talk,53,5,10,Over
4,talk,54,5,4,Over
4,talk,55,5,12,Over
4,talk,56,5,2,VOTE Agent[08]
4,talk,57,5,11,Over
4,talk,58,5,8,Over
4,talk,59,5,7,Over
4,talk,60,6,12,Over
4,talk,61,6,8,Over
4,talk,62,6,11,Over
4,talk,63,6,10,Over
4,talk,64,6,6,Over
4,talk,65,6,15,REQUEST ANY (VOTE Agent[02])
4,talk,66,6,4,Over
4,talk,67,6,13,Over
4,talk,68,6,2,VOTE Agent[08]
4,talk,69,6,7,Over
4,talk,70,7,6,Over
4,talk,71,7,12,Over
4,talk,72,7,15,ESTIMATE Agent[02] WEREWOLF
4,talk,73,7,11,Over
4,talk,74,7,8,Over
4,talk,75,7,2,VOTE Agent[08]
4,talk,76,7,10,Over
4,talk,77,7,7,Over
4,talk,78,7,4,Over
4,talk,79,7,13,Over
4,talk,80,8,8,Over
4,talk,81,8,13,Over
4,talk,82,8,11,Over
4,talk,83,8,4,Over
4,talk,84,8,2,VOTE Agent[08]
4,talk,85,8,15,VOTE Agent[02]
4,talk,86,8,12,Over
4,talk,87,8,10,Over
4,talk,88,8,7,Over
4,talk,89,8,6,Over
4,talk,90,9,10,Over
4,talk,91,9,15,ESTIMATE Agent[02] WEREWOLF
4,talk,92,9,12,Over
4,talk,93,9,4,Over
4,talk,94,9,11,Over
4,talk,95,9,13,Over
4,talk,96,9,2,VOTE Agent[08]
4,talk,97,9,8,Over
4,talk,98,9,7,Over
4,talk,99,9,6,Over
4,talk,100,10,8,Over
4,talk,101,10,7,Over
4,talk,102,10,6,Over
4,talk,103,10,4,Over
4,talk,104,10,11,Over
4,talk,105,10,13,Over
4,talk,106,10,2,Over
4,talk,107,10,10,Over
4,talk,108,10,12,Over
4,talk,109,10,15,Over
4,vote,2,8
4,vote,4,2
4,vote,6,2
4,vote,7,2
4,vote,8,2
4,vote,10,2
4,vote,11,2
4,vote,12,2
4,vote,13,2
4,vote,15,2
4,execute,2,VILLAGER
4,guard,6,4,MEDIUM
4,attackVote,13,4
4,attack,4,false
5,status,1,SEER,DEAD,tonkatsu
5,status,2,VILLAGER,DEAD,KP22
5,status,3,VILLAGER,DEAD,kgu_ryu
5,status,4,MEDIUM,ALIVE,sUper_IL
5,status,5,VILLAGER,DEAD,daphne
5,status,6,BODYGUARD,ALIVE,Ncu702
5,status,7,VILLAGER,ALIVE,ice
5,status,8,VILLAGER,ALIVE,mikami
5,status,9,WEREWOLF,DEAD,Baguette
5,status,10,POSSESSED,ALIVE,ichida
5,status,11,VILLAGER,ALIVE,Hachi2
5,status,12,VILLAGER,ALIVE,takoyaki
5,status,13,WEREWOLF,ALIVE,CanisLupus
5,status,14,WEREWOLF,DEAD,ioh
5,status,15,VILLAGER,ALIVE,Basket
5,talk,0,0,12,VOTE Agent[08]
5,talk,1,0,7,VOTE Agent[08]
5,talk,2,0,6,VOTE Agent[08]
5,talk,3,0,11,VOTE Agent[08]
5,talk,4,0,13,VOTE Agent[08]
5,talk,5,0,4,IDENTIFIED Agent[02] HUMAN
5,talk,6,0,10,VOTE Agent[08]
5,talk,7,0,15,ESTIMATE Agent[08] WEREWOLF
5,talk,8,0,8,VOTE Agent[04]
5,talk,9,1,11,Skip
5,talk,10,1,4,VOTE Agent[08]
5,talk,11,1,15,VOTE Agent[08]
5,talk,12,1,7,Skip
5,talk,13,1,12,Skip
5,talk,14,1,6,Skip
5,talk,15,1,13,Skip
5,talk,16,1,10,Skip
5,talk,17,1,8,VOTE Agent[04]
5,talk,18,2,13,Skip
5,talk,19,2,8,VOTE Agent[04]
5,talk,20,2,4,Skip
5,talk,21,2,10,Skip
5,talk,22,2,6,Skip
5,talk,23,2,15,ESTIMATE Agent[08] WEREWOLF
5,talk,24,2,7,Skip
5,talk,25,2,11,Skip
5,talk,26,2,12,Skip
5,talk,27,3,8,VOTE Agent[04]
5,talk,28,3,7,Over
5,talk,29,3,4,Skip
5,talk,30,3,13,Over
5,talk,31,3,11,Over
5,talk,32,3,12,Over
5,talk,33,3,15,ESTIMATE Agent[08] WEREWOLF
5,talk,34,3,6,Over
5,talk,35,3,10,Over
5,talk,36,4,15,VOTE Agent[08]
5,talk,37,4,8,VOTE Agent[04]
5,talk,38,4,7,Over
5,talk,39,4,10,Over
5,talk,40,4,13,Over
5,talk,41,4,6,Over
5,talk,42,4,11,Over
5,talk,43,4,12,Over
5,talk,44,4,4,Over
5,talk,45,5,7,Over
5,talk,46,5,15,REQUEST ANY (VOTE Agent[08])
5,talk,47,5,13,Over
5,talk,48,5,10,Over
5,talk,49,5,6,Over
5,talk,50,5,12,Over
5,talk,51,5,8,VOTE Agent[04]
5,talk,52,5,11,Over
5,talk,53,5,4,Over
5,talk,54,6,11,Over
5,talk,55,6,13,Over
5,talk,56,6,8,VOTE Agent[04]
5,talk,57,6,12,Over
5,talk,58,6,4,Over
5,talk,59,6,6,Over
5,talk,60,6,10,Over
5,talk,61,6,15,ESTIMATE Agent[08] WEREWOLF
5,talk,62,6,7,Over
5,talk,63,7,4,Over
5,talk,64,7,10,Over
5,talk,65,7,13,Over
5,talk,66,7,7,Over
5,talk,67,7,15,VOTE Agent[08]
5,talk,68,7,11,Over
5,talk,69,7,12,Over
5,talk,70,7,8,VOTE Agent[04]
5,talk,71,7,6,Over
5,talk,72,8,10,Over
5,talk,73,8,4,Over
5,talk,74,8,12,Over
5,talk,75,8,11,Over
5,talk,76,8,13,Over
5,talk,77,8,15,REQUEST ANY (VOTE Agent[08])
5,talk,78,8,7,Over
5,talk,79,8,8,VOTE Agent[04]
5,talk,80,8,6,Over
5,talk,81,9,4,Over
5,talk,82,9,15,ESTIMATE Agent[08] WEREWOLF
5,talk,83,9,6,Over
5,talk,84,9,11,Over
5,talk,85,9,13,Over
5,talk,86,9,8,VOTE Agent[04]
5,talk,87,9,12,Over
5,talk,88,9,7,Over
5,talk,89,9,10,Over
5,talk,90,10,15,Over
5,talk,91,10,10,Over
5,talk,92,10,7,Over
5,talk,93,10,11,Over
5,talk,94,10,12,Over
5,talk,95,10,13,Over
5,talk,96,10,8,Over
5,talk,97,10,4,Over
5,talk,98,10,6,Over
5,vote,4,8
5,vote,6,8
5,vote,7,8
5,vote,8,4
5,vote,10,8
5,vote,11,8
5,vote,12,8
5,vote,13,8
5,vote,15,8
5,execute,8,VILLAGER
5,guard,6,4,MEDIUM
5,attackVote,13,4
5,attack,4,false
6,status,1,SEER,DEAD,tonkatsu
6,status,2,VILLAGER,DEAD,KP22
6,status,3,VILLAGER,DEAD,kgu_ryu
6,status,4,MEDIUM,ALIVE,sUper_IL
6,status,5,VILLAGER,DEAD,daphne
6,status,6,BODYGUARD,ALIVE,Ncu702
6,status,7,VILLAGER,ALIVE,ice
6,status,8,VILLAGER,DEAD,mikami
6,status,9,WEREWOLF,DEAD,Baguette
6,status,10,POSSESSED,ALIVE,ichida
6,status,11,VILLAGER,ALIVE,Hachi2
6,status,12,VILLAGER,ALIVE,takoyaki
6,status,13,WEREWOLF,ALIVE,CanisLupus
6,status,14,WEREWOLF,DEAD,ioh
6,status,15,VILLAGER,ALIVE,Basket
6,talk,0,0,4,IDENTIFIED Agent[08] HUMAN
6,talk,1,0,6,VOTE Agent[04]
6,talk,2,0,13,VOTE Agent[04]
6,talk,3,0,10,VOTE Agent[04]
6,talk,4,0,11,VOTE Agent[07]
6,talk,5,0,12,VOTE Agent[11]
6,talk,6,0,7,VOTE Agent[04]
6,talk,7,0,15,VOTE Agent[11]
6,talk,8,1,11,VOTE Agent[07]
6,talk,9,1,4,VOTE Agent[11]
6,talk,10,1,15,REQUEST ANY (VOTE Agent[11])
6,talk,11,1,12,VOTE Agent[11]
6,talk,12,1,7,Skip
6,talk,13,1,6,Skip
6,talk,14,1,10,Skip
6,talk,15,1,13,Skip
6,talk,16,2,13,Skip
6,talk,17,2,7,Skip
6,talk,18,2,10,Skip
6,talk,19,2,11,VOTE Agent[07]
6,talk,20,2,4,VOTE Agent[07]
6,talk,21,2,15,ESTIMATE Agent[07] WEREWOLF
6,talk,22,2,6,Skip
6,talk,23,2,12,VOTE Agent[07]
6,talk,24,3,4,Skip
6,talk,25,3,13,Over
6,talk,26,3,12,Skip
6,talk,27,3,15,ESTIMATE Agent[07] WEREWOLF
6,talk,28,3,7,VOTE Agent[04]
6,talk,29,3,10,VOTE Agent[07]
6,talk,30,3,6,VOTE Agent[07]
6,talk,31,3,11,Skip
6,talk,32,4,13,VOTE Agent[07]
6,talk,33,4,12,Skip
6,talk,34,4,7,VOTE Agent[04]
6,talk,35,4,15,REQUEST ANY (VOTE Agent[07])
6,talk,36,4,6,Skip
6,talk,37,4,11,Skip
6,talk,38,4,10,Skip
6,talk,39,4,4,Skip
6,talk,40,5,11,Over
6,talk,41,5,13,Skip
6,talk,42,5,10,Skip
6,talk,43,5,4,Over
6,talk,44,5,7,VOTE Agent[04]
6,talk,45,5,15,VOTE Agent[07]
6,talk,46,5,6,Skip
6,talk,47,5,12,Over
6,talk,48,6,7,VOTE Agent[04]
6,talk,49,6,4,Over
6,talk,50,6,13,Skip
6,talk,51,6,6,Over
6,talk,52,6,11,Over
6,talk,53,6,15,ESTIMATE Agent[07] WEREWOLF
6,talk,54,6,12,Over
6,talk,55,6,10,Over
6,talk,56,7,11,Over
6,talk,57,7,4,Over
6,talk,58,7,13,Over
6,talk,59,7,15,REQUEST ANY (VOTE Agent[07])
6,talk,60,7,6,Over
6,talk,61,7,12,Over
6,talk,62,7,10,Over
6,talk,63,7,7,VOTE Agent[04]
6,talk,64,8,12,Over
6,talk,65,8,4,Over
6,talk,66,8,11,Over
6,talk,67,8,6,Over
6,talk,68,8,7,VOTE Agent[04]
6,talk,69,8,13,Over
6,talk,70,8,10,Over
6,talk,71,8,15,REQUEST ANY (VOTE Agent[07])
6,talk,72,9,7,VOTE Agent[04]
6,talk,73,9,12,Over
6,talk,74,9,10,Over
6,talk,75,9,4,Over
6,talk,76,9,13,Over
6,talk,77,9,11,Over
6,talk,78,9,6,Over
6,talk,79,9,15,VOTE Agent[07]
6,talk,80,10,10,Over
6,talk,81,10,12,Over
6,talk,82,10,7,VOTE Agent[04]
6,talk,83,10,15,Over
6,talk,84,10,11,Over
6,talk,85,10,4,Over
6,talk,86,10,13,Over
6,talk,87,10,6,Over
6,talk,88,11,11,Over
6,talk,89,11,6,Over
6,talk,90,11,12,Over
6,talk,91,11,10,Over
6,talk,92,11,13,Over
6,talk,93,11,15,Over
6,talk,94,11,4,Over
6,talk,95,11,7,VOTE Agent[04]
6,talk,96,12,12,Over
6,talk,97,12,15,Over
6,talk,98,12,6,Over
6,talk,99,12,4,Over
6,talk,100,12,11,Over
6,talk,101,12,10,Over
6,talk,102,12,7,Over
6,talk,103,12,13,Over
6,vote,4,7
6,vote,6,7
6,vote,7,11
6,vote,10,7
6,vote,11,7
6,vote,12,7
6,vote,13,7
6,vote,15,7
6,execute,7,VILLAGER
6,guard,6,4,MEDIUM
6,attackVote,13,4
6,attack,4,false
7,status,1,SEER,DEAD,tonkatsu
7,status,2,VILLAGER,DEAD,KP22
7,status,3,VILLAGER,DEAD,kgu_ryu
7,status,4,MEDIUM,ALIVE,sUper_IL
7,status,5,VILLAGER,DEAD,daphne
7,status,6,BODYGUARD,ALIVE,Ncu702
7,status,7,VILLAGER,DEAD,ice
7,status,8,VILLAGER,DEAD,mikami
7,status,9,WEREWOLF,DEAD,Baguette
7,status,10,POSSESSED,ALIVE,ichida
7,status,11,VILLAGER,ALIVE,Hachi2
7,status,12,VILLAGER,ALIVE,takoyaki
7,status,13,WEREWOLF,ALIVE,CanisLupus
7,status,14,WEREWOLF,DEAD,ioh
7,status,15,VILLAGER,ALIVE,Basket
7,talk,0,0,10,VOTE Agent[13]
7,talk,1,0,4,IDENTIFIED Agent[07] HUMAN
7,talk,2,0,13,VOTE Agent[04]
7,talk,3,0,15,ESTIMATE Agent[11] WEREWOLF
7,talk,4,0,12,VOTE Agent[11]
7,talk,5,0,11,VOTE Agent[13]
7,talk,6,0,6,VOTE Agent[11]
7,talk,7,1,12,VOTE Agent[11]
7,talk,8,1,15,REQUEST ANY (VOTE Agent[11])
7,talk,9,1,13,VOTE Agent[11]
7,talk,10,1,11,VOTE Agent[13]
7,talk,11,1,10,VOTE Agent[11]
7,talk,12,1,4,VOTE Agent[11]
7,talk,13,1,6,Skip
7,talk,14,2,15,VOTE Agent[11]
7,talk,15,2,10,Skip
7,talk,16,2,13,Skip
7,talk,17,2,11,VOTE Agent[13]
7,talk,18,2,6,Skip
7,talk,19,2,4,Skip
7,talk,20,2,12,Skip
7,talk,21,3,13,Skip
7,talk,22,3,12,Skip
7,talk,23,3,11,VOTE Agent[13]
7,talk,24,3,6,Over
7,talk,25,3,15,VOTE Agent[11]
7,talk,26,3,4,Skip
7,talk,27,3,10,Skip
7,talk,28,4,15,REQUEST ANY (VOTE Agent[11])
7,talk,29,4,10,Over
7,talk,30,4,4,Over
7,talk,31,4,11,VOTE Agent[13]
7,talk,32,4,6,Over
7,talk,33,4,12,Over
7,talk,34,4,13,Over
7,talk,35,5,6,Over
7,talk,36,5,13,Over
7,talk,37,5,12,Over
7,talk,38,5,11,VOTE Agent[13]
7,talk,39,5,15,VOTE Agent[11]
7,talk,40,5,10,Over
7,talk,41,5,4,Over
7,talk,42,6,10,Over
7,talk,43,6,12,Over
7,talk,44,6,4,Over
7,talk,45,6,11,VOTE Agent[13]
7,talk,46,6,15,REQUEST ANY (VOTE Agent[11])
7,talk,47,6,13,Over
7,talk,48,6,6,Over
7,talk,49,7,12,Over
7,talk,50,7,11,VOTE Agent[13]
7,talk,51,7,4,Over
7,talk,52,7,15,ESTIMATE Agent[11] WEREWOLF
7,talk,53,7,10,Over
7,talk,54,7,6,Over
7,talk,55,7,13,Over
7,talk,56,8,13,Over
7,talk,57,8,6,Over
7,talk,58,8,4,Over
7,talk,59,8,12,Over
7,talk,60,8,15,VOTE Agent[11]
7,talk,61,8,10,Over
7,talk,62,8,11,VOTE Agent[13]
7,talk,63,9,11,VOTE Agent[13]
7,talk,64,9,4,Over
7,talk,65,9,15,VOTE Agent[11]
7,talk,66,9,13,Over
7,talk,67,9,10,Over
7,talk,68,9,6,Over
7,talk,69,9,12,Over
7,talk,70,10,6,Over
7,talk,71,10,15,Over
7,talk,72,10,4,Over
7,talk,73,10,12,Over
7,talk,74,10,13,Over
7,talk,75,10,10,Over
7,talk,76,10,11,Over
7,vote,4,11
7,vote,6,11
7,vote,10,11
7,vote,11,13
7,vote,12,11
7,vote,13,11
7,vote,15,11
7,execute,11,VILLAGER
7,guard,6,4,MEDIUM
7,attackVote,13,4
7,attack,4,false
8,status,1,SEER,DEAD,tonkatsu
8,status,2,VILLAGER,DEAD,KP22
8,status,3,VILLAGER,DEAD,kgu_ryu
8,status,4,MEDIUM,ALIVE,sUper_IL
8,status,5,VILLAGER,DEAD,daphne
8,status,6,BODYGUARD,ALIVE,Ncu702
8,status,7,VILLAGER,DEAD,ice
8,status,8,VILLAGER,DEAD,mikami
8,status,9,WEREWOLF,DEAD,Baguette
8,status,10,POSSESSED,ALIVE,ichida
8,status,11,VILLAGER,DEAD,Hachi2
8,status,12,VILLAGER,ALIVE,takoyaki
8,status,13,WEREWOLF,ALIVE,CanisLupus
8,status,14,WEREWOLF,DEAD,ioh
8,status,15,VILLAGER,ALIVE,Basket
8,talk,0,0,13,VOTE Agent[04]
8,talk,1,0,12,VOTE Agent[13]
8,talk,2,0,10,VOTE Agent[13]
8,talk,3,0,6,VOTE Agent[13]
8,talk,4,0,15,REQUEST ANY (VOTE Agent[13])
8,talk,5,0,4,IDENTIFIED Agent[11] HUMAN
8,talk,6,1,13,VOTE Agent[04]
8,talk,7,1,6,Skip
8,talk,8,1,10,Skip
8,talk,9,1,12,Skip
8,talk,10,1,4,VOTE Agent[13]
8,talk,11,1,15,VOTE Agent[13]
8,talk,12,2,12,VOTE Agent[15]
8,talk,13,2,6,Skip
8,talk,14,2,15,VOTE Agent[13]
8,talk,15,2,10,Skip
8,talk,16,2,13,VOTE Agent[04]
8,talk,17,2,4,VOTE Agent[15]
8,talk,18,3,4,Skip
8,talk,19,3,6,Over
8,talk,20,3,13,VOTE Agent[15]
8,talk,21,3,15,REQUEST ANY (VOTE Agent[13])
8,talk,22,3,12,Skip
8,talk,23,3,10,Over
8,talk,24,4,10,Over
8,talk,25,4,4,Skip
8,talk,26,4,13,VOTE Agent[15]
8,talk,27,4,6,Over
8,talk,28,4,12,Skip
8,talk,29,4,15,REQUEST ANY (VOTE Agent[13])
8,talk,30,5,6,Over
8,talk,31,5,10,Over
8,talk,32,5,13,VOTE Agent[15]
8,talk,33,5,15,ESTIMATE Agent[13] WEREWOLF
8,talk,34,5,12,Over
8,talk,35,5,4,Over
8,talk,36,6,4,Over
8,talk,37,6,13,VOTE Agent[15]
8,talk,38,6,10,Over
8,talk,39,6,12,Over
8,talk,40,6,6,Over
8,talk,41,6,15,ESTIMATE Agent[13] WEREWOLF
8,talk,42,7,4,Over
8,talk,43,7,12,Over
8,talk,44,7,6,Over
8,talk,45,7,10,Over
8,talk,46,7,13,VOTE Agent[15]
8,talk,47,7,15,ESTIMATE Agent[13] WEREWOLF
8,talk,48,8,15,REQUEST ANY (VOTE Agent[13])
8,talk,49,8,4,Over
8,talk,50,8,12,Over
8,talk,51,8,13,VOTE Agent[15]
8,talk,52,8,10,Over
8,talk,53,8,6,Over
8,talk,54,9,13,VOTE Agent[15]
8,talk,55,9,12,Over
8,talk,56,9,10,Over
8,talk,57,9,6,Over
8,talk,58,9,15,ESTIMATE Agent[13] WEREWOLF
8,talk,59,9,4,Over
8,talk,60,10,12,Over
8,talk,61,10,15,Over
8,talk,62,10,4,Over
8,talk,63,10,6,Over
8,talk,64,10,10,Over
8,talk,65,10,13,Over
8,vote,4,15
8,vote,6,15
8,vote,10,13
8,vote,12,15
8,vote,13,15
8,vote,15,13
8,execute,15,VILLAGER
8,guard,6,4,MEDIUM
8,attackVote,13,4
8,attack,4,false
9,status,1,SEER,DEAD,tonkatsu
9,status,2,VILLAGER,DEAD,KP22
9,status,3,VILLAGER,DEAD,kgu_ryu
9,status,4,MEDIUM,ALIVE,sUper_IL
9,status,5,VILLAGER,DEAD,daphne
9,status,6,BODYGUARD,ALIVE,Ncu702
9,status,7,VILLAGER,DEAD,ice
9,status,8,VILLAGER,DEAD,mikami
9,status,9,WEREWOLF,DEAD,Baguette
9,status,10,POSSESSED,ALIVE,ichida
9,status,11,VILLAGER,DEAD,Hachi2
9,status,12,VILLAGER,ALIVE,takoyaki
9,status,13,WEREWOLF,ALIVE,CanisLupus
9,status,14,WEREWOLF,DEAD,ioh
9,status,15,VILLAGER,DEAD,Basket
9,talk,0,0,12,VOTE Agent[13]
9,talk,1,0,13,VOTE Agent[04]
9,talk,2,0,4,IDENTIFIED Agent[15] HUMAN
9,talk,3,0,6,VOTE Agent[04]
9,talk,4,0,10,VOTE Agent[04]
9,talk,5,1,4,VOTE Agent[13]
9,talk,6,1,6,Skip
9,talk,7,1,13,Skip
9,talk,8,1,10,Skip
9,talk,9,1,12,VOTE Agent[13]
9,talk,10,2,13,Skip
9,talk,11,2,4,Skip
9,talk,12,2,12,VOTE Agent[13]
9,talk,13,2,10,Skip
9,talk,14,2,6,Skip
9,talk,15,3,4,Skip
9,talk,16,3,6,Over
9,talk,17,3,13,Over
9,talk,18,3,10,Over
9,talk,19,3,12,VOTE Agent[13]
9,talk,20,4,6,Over
9,talk,21,4,13,Over
9,talk,22,4,4,Over
9,talk,23,4,12,VOTE Agent[13]
9,talk,24,4,10,Over
9,talk,25,5,12,VOTE Agent[13]
9,talk,26,5,4,Over
9,talk,27,5,13,Over
9,talk,28,5,10,Over
9,talk,29,5,6,Over
9,talk,30,6,6,Over
9,talk,31,6,13,Over
9,talk,32,6,10,Over
9,talk,33,6,12,VOTE Agent[13]
9,talk,34,6,4,Over
9,talk,35,7,10,Over
9,talk,36,7,4,Over
9,talk,37,7,12,VOTE Agent[13]
9,talk,38,7,6,Over
9,talk,39,7,13,Over
9,talk,40,8,13,Over
9,talk,41,8,4,Over
9,talk,42,8,10,Over
9,talk,43,8,12,VOTE Agent[13]
9,talk,44,8,6,Over
9,talk,45,9,10,Over
9,talk,46,9,4,Over
9,talk,47,9,13,Over
9,talk,48,9,6,Over
9,talk,49,9,12,VOTE Agent[13]
9,talk,50,10,4,Over
9,talk,51,10,10,Over
9,talk,52,10,12,Over
9,talk,53,10,13,Over
9,talk,54,10,6,Over
9,vote,4,13
9,vote,6,4
9,vote,10,4
9,vote,12,13
9,vote,13,4
9,execute,4,MEDIUM
9,guard,6,4,MEDIUM
9,attackVote,13,12
9,attack,12,true
10,status,1,SEER,DEAD,tonkatsu
10,status,2,VILLAGER,DEAD,KP22
10,status,3,VILLAGER,DEAD,kgu_ryu
10,status,4,MEDIUM,DEAD,sUper_IL
10,status,5,VILLAGER,DEAD,daphne
10,status,6,BODYGUARD,ALIVE,Ncu702
10,status,7,VILLAGER,DEAD,ice
10,status,8,VILLAGER,DEAD,mikami
10,status,9,WEREWOLF,DEAD,Baguette
10,status,10,POSSESSED,ALIVE,ichida
10,status,11,VILLAGER,DEAD,Hachi2
10,status,12,VILLAGER,DEAD,takoyaki
10,status,13,WEREWOLF,ALIVE,CanisLupus
10,status,14,WEREWOLF,DEAD,ioh
10,status,15,VILLAGER,DEAD,Basket
10,talk,0,0,10,COMINGOUT Agent[10] VILLAGER
10,talk,1,0,6,VOTE Agent[10]
10,talk,2,0,13,VOTE Agent[10]
10,talk,3,1,6,Skip
10,talk,4,1,10,VOTE Agent[06]
10,talk,5,1,13,Skip
10,talk,6,2,6,Skip
10,talk,7,2,13,Skip
10,talk,8,2,10,Skip
10,talk,9,3,10,Skip
10,talk,10,3,6,Over
10,talk,11,3,13,Over
10,talk,12,4,13,Over
10,talk,13,4,6,Over
10,talk,14,4,10,Over
10,vote,6,10
10,vote,10,6
10,vote,13,6
10,execute,6,BODYGUARD
10,attackVote,13,10
10,attack,10,true
11,status,1,SEER,DEAD,tonkatsu
11,status,2,VILLAGER,DEAD,KP22
11,status,3,VILLAGER,DEAD,kgu_ryu
11,status,4,MEDIUM,DEAD,sUper_IL
11,status,5,VILLAGER,DEAD,daphne
11,status,6,BODYGUARD,DEAD,Ncu702
11,status,7,VILLAGER,DEAD,ice
11,status,8,VILLAGER,DEAD,mikami
11,status,9,WEREWOLF,DEAD,Baguette
11,status,10,POSSESSED,DEAD,ichida
11,status,11,VILLAGER,DEAD,Hachi2
11,status,12,VILLAGER,DEAD,takoyaki
11,status,13,WEREWOLF,ALIVE,CanisLupus
11,status,14,WEREWOLF,DEAD,ioh
11,status,15,VILLAGER,DEAD,Basket
11,result,0,1,WEREWOLF
