0,status,1,VILLAGER,ALIVE,tonkatsu
0,status,2,VILLAGER,ALIVE,KP22
0,status,3,WEREWOLF,ALIVE,kgu_ryu
0,status,4,VILLAGER,ALIVE,sUper_IL
0,status,5,SEER,ALIVE,daphne
0,status,6,VILLAGER,ALIVE,Ncu702
0,status,7,VILLAGER,ALIVE,ice
0,status,8,VILLAGER,ALIVE,mikami
0,status,9,VILLAGER,ALIVE,Baguette
0,status,10,BODYGUARD,ALIVE,ichida
0,status,11,WEREWOLF,ALIVE,Hachi2
0,status,12,MEDIUM,ALIVE,takoyaki
0,status,13,POSSESSED,ALIVE,CanisLupus
0,status,14,WEREWOLF,ALIVE,ioh
0,status,15,VILLAGER,ALIVE,Basket
0,whisper,0,0,11,Skip
0,whisper,1,0,14,COMINGOUT Agent[14] SEER
0,whisper,2,0,3,Skip
0,whisper,3,1,3,Skip
0,whisper,4,1,11,Skip
0,whisper,5,1,14,Skip
0,whisper,6,2,11,Over
0,whisper,7,2,14,Skip
0,whisper,8,2,3,Over
0,whisper,9,3,11,Over
0,whisper,10,3,14,Over
0,whisper,11,3,3,Over
0,divine,5,13,HUMAN
1,status,1,VILLAGER,ALIVE,tonkatsu
1,status,2,VILLAGER,ALIVE,KP22
1,status,3,WEREWOLF,ALIVE,kgu_ryu
1,status,4,VILLAGER,ALIVE,sUper_IL
1,status,5,SEER,ALIVE,daphne
1,status,6,VILLAGER,ALIVE,Ncu702
1,status,7,VILLAGER,ALIVE,ice
1,status,8,VILLAGER,ALIVE,mikami
1,status,9,VILLAGER,ALIVE,Baguette
1,status,10,BODYGUARD,ALIVE,ichida
1,status,11,WEREWOLF,ALIVE,Hachi2
1,status,12,MEDIUM,ALIVE,takoyaki
1,status,13,POSSESSED,ALIVE,CanisLupus
1,status,14,WEREWOLF,ALIVE,ioh
1,status,15,VILLAGER,ALIVE,Basket
1,talk,0,0,12,COMINGOUT Agent[12] MEDIUM
1,talk,1,0,1,VOTE Agent[07]
1,talk,2,0,13,VOTE Agent[01]
1,talk,3,0,2,VOTE Agent[07]
1,talk,4,0,14,COMINGOUT Agent[14] SEER
1,talk,5,0,8,VOTE Agent[07]
1,talk,6,0,4,VOTE Agent[07]
1,talk,7,0,3,COMINGOUT Agent[03] SEER
1,talk,8,0,9,VOTE Agent[12]
1,talk,9,0,7,VOTE Agent[01]
1,talk,10,0,10,VOTE Agent[07]
1,talk,11,0,5,COMINGOUT Agent[05] SEER
1,talk,12,0,6,VOTE Agent[07]
1,talk,13,0,15,VOTE Agent[10]
1,talk,14,0,11,VOTE Agent[07]
1,talk,15,1,10,VOTE Agent[07]
1,talk,16,1,2,VOTE Agent[14]
1,talk,17,1,14,DIVINED Agent[03] HUMAN
1,talk,18,1,7,VOTE Agent[01]
1,talk,19,1,8,VOTE Agent[07]
1,talk,20,1,1,VOTE Agent[07]
1,talk,21,1,5,DIVINED Agent[07] HUMAN
1,talk,22,1,9,VOTE Agent[01]
1,talk,23,1,13,VOTE Agent[10]
1,talk,24,1,11,Skip
1,talk,25,1,6,VOTE Agent[07]
1,talk,26,1,12,VOTE Agent[14]
1,talk,27,1,4,VOTE Agent[14]
1,talk,28,1,15,REQUEST ANY (VOTE Agent[05])
1,talk,29,1,3,DIVINED Agent[05] HUMAN
1,talk,30,2,15,ESTIMATE Agent[03] WEREWOLF
1,talk,31,2,11,Skip
1,talk,32,2,2,VOTE Agent[14]
1,talk,33,2,14,REQUEST ANY (VOTE Agent[05])
1,talk,34,2,9,VOTE Agent[10]
1,talk,35,2,6,VOTE Agent[07]
1,talk,36,2,4,VOTE Agent[14]
1,talk,37,2,1,VOTE Agent[07]
1,talk,38,2,7,VOTE Agent[14]
1,talk,39,2,13,Skip
1,talk,40,2,8,VOTE Agent[07]
1,talk,41,2,3,VOTE Agent[07]
1,talk,42,2,5,VOTE Agent[07]
1,talk,43,2,10,VOTE Agent[07]
1,talk,44,2,12,Skip
1,talk,45,3,15,VOTE Agent[03]
1,talk,46,3,10,VOTE Agent[07]
1,talk,47,3,9,VOTE Agent[13]
1,talk,48,3,14,ESTIMATE Agent[05] WEREWOLF
1,talk,49,3,5,VOTE Agent[07]
1,talk,50,3,7,VOTE Agent[14]
1,talk,51,3,11,Over
1,talk,52,3,6,VOTE Agent[07]
1,talk,53,3,2,VOTE Agent[14]
1,talk,54,3,1,VOTE Agent[07]
1,talk,55,3,3,Skip
1,talk,56,3,13,VOTE Agent[15]
1,talk,57,3,12,VOTE Agent[13]
1,talk,58,3,8,VOTE Agent[07]
1,talk,59,3,4,VOTE Agent[11]
1,talk,60,4,5,VOTE Agent[07]
1,talk,61,4,12,Skip
1,talk,62,4,15,ESTIMATE Agent[03] WEREWOLF
1,talk,63,4,8,VOTE Agent[07]
1,talk,64,4,10,VOTE Agent[07]
1,talk,65,4,4,VOTE Agent[11]
1,talk,66,4,3,Skip
1,talk,67,4,14,REQUEST ANY (VOTE Agent[05])
1,talk,68,4,2,VOTE Agent[11]
1,talk,69,4,11,Over
1,talk,70,4,6,VOTE Agent[07]
1,talk,71,4,7,VOTE Agent[13]
1,talk,72,4,13,Skip
1,talk,73,4,9,VOTE Agent[06]
1,talk,74,4,1,VOTE Agent[07]
1,talk,75,5,10,VOTE Agent[07]
1,talk,76,5,7,VOTE Agent[11]
1,talk,77,5,3,Over
1,talk,78,5,11,Over
1,talk,79,5,1,VOTE Agent[07]
1,talk,80,5,15,ESTIMATE Agent[03] WEREWOLF
1,talk,81,5,4,VOTE Agent[11]
1,talk,82,5,6,VOTE Agent[07]
1,talk,83,5,5,VOTE Agent[07]
1,talk,84,5,12,VOTE Agent[11]
1,talk,85,5,2,VOTE Agent[11]
1,talk,86,5,14,VOTE Agent[05]
1,talk,87,5,8,VOTE Agent[07]
1,talk,88,5,9,VOTE Agent[12]
1,talk,89,5,13,Skip
1,talk,90,6,9,VOTE Agent[11]
1,talk,91,6,4,VOTE Agent[11]
1,talk,92,6,13,Over
1,talk,93,6,1,VOTE Agent[07]
1,talk,94,6,11,Over
1,talk,95,6,6,VOTE Agent[07]
1,talk,96,6,12,Skip
1,talk,97,6,7,VOTE Agent[11]
1,talk,98,6,10,VOTE Agent[07]
1,talk,99,6,14,ESTIMATE Agent[05] WEREWOLF
1,talk,100,6,8,VOTE Agent[07]
1,talk,101,6,3,Over
1,talk,102,6,15,ESTIMATE Agent[03] WEREWOLF
1,talk,103,6,2,VOTE Agent[11]
1,talk,104,6,5,VOTE Agent[07]
1,talk,105,7,12,Skip
1,talk,106,7,10,VOTE Agent[07]
1,talk,107,7,9,VOTE Agent[08]
1,talk,108,7,2,VOTE Agent[11]
1,talk,109,7,6,VOTE Agent[07]
1,talk,110,7,13,Over
1,talk,111,7,15,ESTIMATE Agent[03] WEREWOLF
1,talk,112,7,3,Over
1,talk,113,7,11,Over
1,talk,114,7,14,REQUEST ANY (VOTE Agent[05])
1,talk,115,7,7,VOTE Agent[11]
1,talk,116,7,5,VOTE Agent[07]
1,talk,117,7,8,VOTE Agent[07]
1,talk,118,7,1,VOTE Agent[07]
1,talk,119,7,4,VOTE Agent[11]
1,talk,120,8,12,Over
1,talk,121,8,11,Over
1,talk,122,8,1,VOTE Agent[07]
1,talk,123,8,10,VOTE Agent[07]
1,talk,124,8,15,ESTIMATE Agent[03] WEREWOLF
1,talk,125,8,5,VOTE Agent[07]
1,talk,126,8,8,VOTE Agent[07]
1,talk,127,8,7,VOTE Agent[11]
1,talk,128,8,14,VOTE Agent[05]
1,talk,129,8,6,VOTE Agent[07]
1,talk,130,8,13,Over
1,talk,131,8,3,Over
1,talk,132,8,2,VOTE Agent[11]
1,talk,133,8,9,VOTE Agent[11]
1,talk,134,8,4,VOTE Agent[11]
1,talk,135,9,8,VOTE Agent[07]
1,talk,136,9,13,Over
1,talk,137,9,12,Over
1,talk,138,9,2,VOTE Agent[11]
1,talk,139,9,9,VOTE Agent[15]
1,talk,140,9,10,VOTE Agent[07]
1,talk,141,9,14,VOTE Agent[05]
1,talk,142,9,3,Over
1,talk,143,9,5,VOTE Agent[07]
1,talk,144,9,7,VOTE Agent[11]
1,talk,145,9,15,VOTE Agent[03]
1,talk,146,9,11,Over
1,talk,147,9,1,VOTE Agent[07]
1,talk,148,9,6,VOTE Agent[07]
1,talk,149,9,4,VOTE Agent[11]
1,talk,150,10,6,Over
1,talk,151,10,15,Over
1,talk,152,10,1,Over
1,talk,153,10,2,Over
1,talk,154,10,7,Over
1,talk,155,10,9,Over
1,talk,156,10,11,Over
1,talk,157,10,13,Over
1,talk,158,10,10,Over
1,talk,159,10,12,Over
1,talk,160,10,5,Over
1,talk,161,10,3,Over
1,talk,162,10,8,Over
1,talk,163,10,4,Over
1,talk,164,10,14,Over
1,vote,1,7
1,vote,2,11
1,vote,3,7
1,vote,4,11
1,vote,5,7
1,vote,6,7
1,vote,7,11
1,vote,8,7
1,vote,9,15
1,vote,10,7
1,vote,11,7
1,vote,12,11
1,vote,13,7
1,vote,14,11
1,vote,15,3
1,execute,7,VILLAGER
1,divine,5,11,WEREWOLF
1,whisper,0,0,14,ATTACK Agent[05]
1,whisper,1,0,3,Skip
1,whisper,2,0,11,Skip
1,whisper,3,1,11,Skip
1,whisper,4,1,14,Skip
1,whisper,5,1,3,Skip
1,whisper,6,2,14,Skip
1,whisper,7,2,3,Over
1,whisper,8,2,11,Over
1,whisper,9,3,11,Over
1,whisper,10,3,14,Over
1,whisper,11,3,3,Over
1,guard,10,13,POSSESSED
1,attackVote,3,5
1,attackVote,11,13
1,attackVote,14,5
1,attack,5,true
2,status,1,VILLAGER,ALIVE,tonkatsu
2,status,2,VILLAGER,ALIVE,KP22
2,status,3,WEREWOLF,ALIVE,kgu_ryu
2,status,4,VILLAGER,ALIVE,sUper_IL
2,status,5,SEER,DEAD,daphne
2,status,6,VILLAGER,ALIVE,Ncu702
2,status,7,VILLAGER,DEAD,ice
2,status,8,VILLAGER,ALIVE,mikami
2,status,9,VILLAGER,ALIVE,Baguette
2,status,10,BODYGUARD,ALIVE,ichida
2,status,11,WEREWOLF,ALIVE,Hachi2
2,status,12,MEDIUM,ALIVE,takoyaki
2,status,13,POSSESSED,ALIVE,CanisLupus
2,status,14,WEREWOLF,ALIVE,ioh
2,status,15,VILLAGER,ALIVE,Basket
2,talk,0,0,2,VOTE Agent[11]
2,talk,1,0,11,VOTE Agent[01]
2,talk,2,0,4,VOTE Agent[11]
2,talk,3,0,15,VOTE Agent[03]
2,talk,4,0,1,VOTE Agent[11]
2,talk,5,0,12,IDENTIFIED Agent[07] HUMAN
2,talk,6,0,6,VOTE Agent[11]
2,talk,7,0,9,VOTE Agent[10]
2,talk,8,0,14,DIVINED Agent[11] HUMAN
2,talk,9,0,8,VOTE Agent[11]
2,talk,10,0,13,VOTE Agent[15]
2,talk,11,0,10,VOTE Agent[11]
2,talk,12,0,3,DIVINED Agent[04] HUMAN
2,talk,13,1,3,VOTE Agent[11]
2,talk,14,1,15,REQUEST ANY (VOTE Agent[14])
2,talk,15,1,6,Skip
2,talk,16,1,10,Skip
2,talk,17,1,14,REQUEST ANY (VOTE Agent[03])
2,talk,18,1,2,Skip
2,talk,19,1,12,VOTE Agent[14]
2,talk,20,1,11,VOTE Agent[01]
2,talk,21,1,8,Skip
2,talk,22,1,9,VOTE Agent[08]
2,talk,23,1,1,Skip
2,talk,24,1,13,Skip
2,talk,25,1,4,Skip
2,talk,26,2,1,Skip
2,talk,27,2,15,VOTE Agent[14]
2,talk,28,2,3,Skip
2,talk,29,2,9,VOTE Agent[01]
2,talk,30,2,14,ESTIMATE Agent[03] WEREWOLF
2,talk,31,2,2,Skip
2,talk,32,2,6,Skip
2,talk,33,2,13,Skip
2,talk,34,2,8,Skip
2,talk,35,2,4,Skip
2,talk,36,2,11,VOTE Agent[01]
2,talk,37,2,10,Skip
2,talk,38,2,12,Skip
2,talk,39,3,11,VOTE Agent[01]
2,talk,40,3,12,VOTE Agent[11]
2,talk,41,3,2,Over
2,talk,42,3,1,Over
2,talk,43,3,3,Skip
2,talk,44,3,4,Over
2,talk,45,3,14,REQUEST ANY (VOTE Agent[03])
2,talk,46,3,15,VOTE Agent[11]
2,talk,47,3,9,VOTE Agent[10]
2,talk,48,3,10,Over
2,talk,49,3,13,Over
2,talk,50,3,8,Over
2,talk,51,3,6,Over
2,talk,52,4,8,Over
2,talk,53,4,12,Skip
2,talk,54,4,6,Over
2,talk,55,4,13,Over
2,talk,56,4,1,Over
2,talk,57,4,4,Over
2,talk,58,4,10,Over
2,talk,59,4,14,ESTIMATE Agent[03] WEREWOLF
2,talk,60,4,9,VOTE Agent[02]
2,talk,61,4,15,REQUEST ANY (VOTE Agent[11])
2,talk,62,4,2,Over
2,talk,63,4,11,VOTE Agent[01]
2,talk,64,4,3,Over
2,talk,65,5,14,REQUEST ANY (VOTE Agent[03])
2,talk,66,5,12,Skip
2,talk,67,5,11,VOTE Agent[01]
2,talk,68,5,4,Over
2,talk,69,5,2,Over
2,talk,70,5,9,VOTE Agent[01]
2,talk,71,5,8,Over
2,talk,72,5,3,Over
2,talk,73,5,1,Over
2,talk,74,5,13,Over
2,talk,75,5,10,Over
2,talk,76,5,15,ESTIMATE Agent[11] WEREWOLF
2,talk,77,5,6,Over
2,talk,78,6,14,ESTIMATE Agent[03] WEREWOLF
2,talk,79,6,4,Over
2,talk,80,6,6,Over
2,talk,81,6,9,VOTE Agent[12]
2,talk,82,6,2,Over
2,talk,83,6,3,Over
2,talk,84,6,10,Over
2,talk,85,6,8,Over
2,talk,86,6,1,Over
2,talk,87,6,13,Over
2,talk,88,6,11,VOTE Agent[01]
2,talk,89,6,15,REQUEST ANY (VOTE Agent[11])
2,talk,90,6,12,Over
2,talk,91,7,13,Over
2,talk,92,7,4,Over
2,talk,93,7,2,Over
2,talk,94,7,1,Over
2,talk,95,7,12,Over
2,talk,96,7,8,Over
2,talk,97,7,10,Over
2,talk,98,7,14,VOTE Agent[03]
2,talk,99,7,6,Over
2,talk,100,7,11,VOTE Agent[01]
2,talk,101,7,3,Over
2,talk,102,7,15,REQUEST ANY (VOTE Agent[11])
2,talk,103,7,9,VOTE Agent[11]
2,talk,104,8,4,Over
2,talk,105,8,9,VOTE Agent[12]
2,talk,106,8,8,Over
2,talk,107,8,10,Over
2,talk,108,8,15,REQUEST ANY (VOTE Agent[11])
2,talk,109,8,14,ESTIMATE Agent[03] WEREWOLF
2,talk,110,8,1,Over
2,talk,111,8,11,VOTE Agent[01]
2,talk,112,8,2,Over
2,talk,113,8,6,Over
2,talk,114,8,13,Over
2,talk,115,8,12,Over
2,talk,116,8,3,Over
2,talk,117,9,1,Over
2,talk,118,9,4,Over
2,talk,119,9,10,Over
2,talk,120,9,9,VOTE Agent[06]
2,talk,121,9,12,Over
2,talk,122,9,8,Over
2,talk,123,9,3,Over
2,talk,124,9,2,Over
2,talk,125,9,11,VOTE Agent[01]
2,talk,126,9,13,Over
2,talk,127,9,15,REQUEST ANY (VOTE Agent[11])
2,talk,128,9,6,Over
2,talk,129,9,14,REQUEST ANY (VOTE Agent[03])
2,talk,130,10,4,Over
2,talk,131,10,2,Over
2,talk,132,10,14,Over
2,talk,133,10,12,Over
2,talk,134,10,6,Over
2,talk,135,10,9,Over
2,talk,136,10,8,Over
2,talk,137,10,3,Over
2,talk,138,10,15,Over
2,talk,139,10,11,Over
2,talk,140,10,13,Over
2,talk,141,10,1,Over
2,talk,142,10,10,Over
2,vote,1,11
2,vote,2,11
2,vote,3,11
2,vote,4,11
2,vote,6,11
2,vote,8,11
2,vote,9,6
2,vote,10,11
2,vote,11,1
2,vote,12,11
2,vote,13,11
2,vote,14,11
2,vote,15,11
2,execute,11,WEREWOLF
2,whisper,0,0,3,Skip
2,whisper,1,0,14,ATTACK Agent[13]
2,whisper,2,1,3,Skip
2,whisper,3,1,14,Skip
2,whisper,4,2,3,Over
2,whisper,5,2,14,Skip
2,whisper,6,3,3,Over
2,whisper,7,3,14,Over
2,guard,10,13,POSSESSED
2,attackVote,3,12
2,attackVote,14,13
2,attackVote,3,12
2,attackVote,14,13
2,attack,13,false
3,status,1,VILLAGER,ALIVE,tonkatsu
3,status,2,VILLAGER,ALIVE,KP22
3,status,3,WEREWOLF,ALIVE,kgu_ryu
3,status,4,VILLAGER,ALIVE,sUper_IL
3,status,5,SEER,DEAD,daphne
3,status,6,VILLAGER,ALIVE,Ncu702
3,status,7,VILLAGER,DEAD,ice
3,status,8,VILLAGER,ALIVE,mikami
3,status,9,VILLAGER,ALIVE,Baguette
3,status,10,BODYGUARD,ALIVE,ichida
3,status,11,WEREWOLF,DEAD,Hachi2
3,status,12,MEDIUM,ALIVE,takoyaki
3,status,13,POSSESSED,ALIVE,CanisLupus
3,status,14,WEREWOLF,ALIVE,ioh
3,status,15,VILLAGER,ALIVE,Basket
3,talk,0,0,14,DIVINED Agent[13] WEREWOLF
3,talk,1,0,12,IDENTIFIED Agent[11] WEREWOLF
3,talk,2,0,8,VOTE Agent[01]
3,talk,3,0,3,DIVINED Agent[10] HUMAN
3,talk,4,0,10,VOTE Agent[14]
3,talk,5,0,6,VOTE Agent[01]
3,talk,6,0,1,VOTE Agent[14]
3,talk,7,0,2,VOTE Agent[13]
3,talk,8,0,4,VOTE Agent[14]
3,talk,9,0,13,VOTE Agent[15]
3,talk,10,0,9,VOTE Agent[13]
3,talk,11,0,15,ESTIMATE Agent[14] WEREWOLF
3,talk,12,1,2,VOTE Agent[13]
3,talk,13,1,10,VOTE Agent[14]
3,talk,14,1,1,VOTE Agent[14]
3,talk,15,1,3,VOTE Agent[14]
3,talk,16,1,4,VOTE Agent[14]
3,talk,17,1,6,VOTE Agent[14]
3,talk,18,1,8,VOTE Agent[14]
3,talk,19,1,14,ESTIMATE Agent[03] WEREWOLF
3,talk,20,1,13,VOTE Agent[06]
3,talk,21,1,15,VOTE Agent[14]
3,talk,22,1,12,VOTE Agent[14]
3,talk,23,1,9,VOTE Agent[13]
3,talk,24,2,2,VOTE Agent[14]
3,talk,25,2,12,Skip
3,talk,26,2,6,Skip
3,talk,27,2,1,Skip
3,talk,28,2,3,Skip
3,talk,29,2,15,ESTIMATE Agent[14] WEREWOLF
3,talk,30,2,9,VOTE Agent[13]
3,talk,31,2,10,Skip
3,talk,32,2,13,Skip
3,talk,33,2,8,Skip
3,talk,34,2,4,Skip
3,talk,35,2,14,ESTIMATE Agent[03] WEREWOLF
3,talk,36,3,3,Skip
3,talk,37,3,15,REQUEST ANY (VOTE Agent[14])
3,talk,38,3,2,Skip
3,talk,39,3,14,VOTE Agent[03]
3,talk,40,3,13,Skip
3,talk,41,3,4,Skip
3,talk,42,3,12,VOTE Agent[13]
3,talk,43,3,8,Skip
3,talk,44,3,9,VOTE Agent[13]
3,talk,45,3,10,Skip
3,talk,46,3,1,Skip
3,talk,47,3,6,Skip
3,talk,48,4,1,Over
3,talk,49,4,12,Skip
3,talk,50,4,14,ESTIMATE Agent[03] WEREWOLF
3,talk,51,4,13,Over
3,talk,52,4,15,REQUEST ANY (VOTE Agent[14])
3,talk,53,4,3,Over
3,talk,54,4,10,Over
3,talk,55,4,9,VOTE Agent[13]
3,talk,56,4,2,VOTE Agent[13]
3,talk,57,4,4,Over
3,talk,58,4,8,Over
3,talk,59,4,6,Over
3,talk,60,5,13,Over
3,talk,61,5,14,REQUEST ANY (VOTE Agent[03])
3,talk,62,5,9,VOTE Agent[13]
3,talk,63,5,12,Skip
3,talk,64,5,1,Over
3,talk,65,5,10,Over
3,talk,66,5,15,VOTE Agent[14]
3,talk,67,5,6,Over
3,talk,68,5,4,Over
3,talk,69,5,3,Over
3,talk,70,5,8,Over
3,talk,71,5,2,VOTE Agent[13]
3,talk,72,6,14,VOTE Agent[03]
3,talk,73,6,4,Over
3,talk,74,6,15,ESTIMATE Agent[14] WEREWOLF
3,talk,75,6,12,Over
3,talk,76,6,13,Over
3,talk,77,6,3,Over
3,talk,78,6,2,VOTE Agent[13]
3,talk,79,6,10,Over
3,talk,80,6,8,Over
3,talk,81,6,1,Over
3,talk,82,6,6,Over
3,talk,83,6,9,VOTE Agent[13]
3,talk,84,7,14,ESTIMATE Agent[03] WEREWOLF
3,talk,85,7,9,VOTE Agent[13]
3,talk,86,7,1,Over
3,talk,87,7,15,VOTE Agent[14]
3,talk,88,7,8,Over
3,talk,89,7,2,VOTE Agent[13]
3,talk,90,7,10,Over
3,talk,91,7,3,Over
3,talk,92,7,13,Over
3,talk,93,7,6,Over
3,talk,94,7,12,Over
3,talk,95,7,4,Over
3,talk,96,8,6,Over
3,talk,97,8,14,VOTE Agent[03]
3,talk,98,8,12,Over
3,talk,99,8,9,VOTE Agent[13]
3,talk,100,8,10,Over
3,talk,101,8,3,Over
3,talk,102,8,13,Over
3,talk,103,8,1,Over
3,talk,104,8,2,VOTE Agent[13]
3,talk,105,8,8,Over
3,talk,106,8,15,REQUEST ANY (VOTE Agent[14])
3,talk,107,8,4,Over
3,talk,108,9,3,Over
3,talk,109,9,2,VOTE Agent[13]
3,talk,110,9,14,REQUEST ANY (VOTE Agent[03])
3,talk,111,9,1,Over
3,talk,112,9,10,Over
3,talk,113,9,9,VOTE Agent[13]
3,talk,114,9,6,Over
3,talk,115,9,4,Over
3,talk,116,9,8,Over
3,talk,117,9,15,VOTE Agent[14]
3,talk,118,9,13,Over
3,talk,119,9,12,Over
3,talk,120,10,8,Over
3,talk,121,10,14,Over
3,talk,122,10,9,Over
3,talk,123,10,6,Over
3,talk,124,10,3,Over
3,talk,125,10,2,VOTE Agent[13]
3,talk,126,10,12,Over
3,talk,127,10,15,Over
3,talk,128,10,10,Over
3,talk,129,10,13,Over
3,talk,130,10,4,Over
3,talk,131,10,1,Over
3,talk,132,11,14,Over
3,talk,133,11,1,Over
3,talk,134,11,4,Over
3,talk,135,11,2,Over
3,talk,136,11,3,Over
3,talk,137,11,10,Over
3,talk,138,11,9,Over
3,talk,139,11,15,Over
3,talk,140,11,6,Over
3,talk,141,11,13,Over
3,talk,142,11,12,Over
3,talk,143,11,8,Over
3,vote,1,14
3,vote,2,13
3,vote,3,14
3,vote,4,14
3,vote,6,14
3,vote,8,14
3,vote,9,13
3,vote,10,14
3,vote,12,13
3,vote,13,14
3,vote,14,13
3,vote,15,14
3,execute,14,WEREWOLF
3,guard,10,13,POSSESSED
3,attackVote,3,12
3,attack,12,true
4,status,1,VILLAGER,ALIVE,tonkatsu
4,status,2,VILLAGER,ALIVE,KP22
4,status,3,WEREWOLF,ALIVE,kgu_ryu
4,status,4,VILLAGER,ALIVE,sUper_IL
4,status,5,SEER,DEAD,daphne
4,status,6,VILLAGER,ALIVE,Ncu702
4,status,7,VILLAGER,DEAD,ice
4,status,8,VILLAGER,ALIVE,mikami
4,status,9,VILLAGER,ALIVE,Baguette
4,status,10,BODYGUARD,ALIVE,ichida
4,status,11,WEREWOLF,DEAD,Hachi2
4,status,12,MEDIUM,DEAD,takoyaki
4,status,13,POSSESSED,ALIVE,CanisLupus
4,status,14,WEREWOLF,DEAD,ioh
4,status,15,VILLAGER,ALIVE,Basket
4,talk,0,0,4,VOTE Agent[13]
4,talk,1,0,6,VOTE Agent[13]
4,talk,2,0,2,VOTE Agent[13]
4,talk,3,0,1,VOTE Agent[13]
4,talk,4,0,13,VOTE Agent[15]
4,talk,5,0,3,DIVINED Agent[01] HUMAN
4,talk,6,0,9,VOTE Agent[13]
4,talk,7,0,15,REQUEST ANY (VOTE Agent[03])
4,talk,8,0,10,VOTE Agent[13]
4,talk,9,0,8,VOTE Agent[13]
4,talk,10,1,1,Skip
4,talk,11,1,2,Skip
4,talk,12,1,3,VOTE Agent[13]
4,talk,13,1,9,VOTE Agent[13]
4,talk,14,1,6,Skip
4,talk,15,1,4,Skip
4,talk,16,1,10,Skip
4,talk,17,1,8,Skip
4,talk,18,1,15,ESTIMATE Agent[13] WEREWOLF
4,talk,19,1,13,Skip
4,talk,20,2,4,Skip
4,talk,21,2,13,Skip
4,talk,22,2,10,Skip
4,talk,23,2,2,Skip
4,talk,24,2,9,VOTE Agent[13]
4,talk,25,2,3,Skip
4,talk,26,2,8,Skip
4,talk,27,2,15,VOTE Agent[13]
4,talk,28,2,1,Skip
4,talk,29,2,6,Skip
4,talk,30,3,15,VOTE Agent[13]
4,talk,31,3,2,Over
4,talk,32,3,8,Over
4,talk,33,3,9,VOTE Agent[13]
4,talk,34,3,6,Over
4,talk,35,3,3,Skip
4,talk,36,3,1,Over
4,talk,37,3,4,Over
4,talk,38,3,10,Over
4,talk,39,3,13,Over
4,talk,40,4,15,ESTIMATE Agent[13] WEREWOLF
4,talk,41,4,4,Over
4,talk,42,4,8,Over
4,talk,43,4,9,VOTE Agent[13]
4,talk,44,4,13,Over
4,talk,45,4,2,Over
4,talk,46,4,10,Over
4,talk,47,4,3,Over
4,talk,48,4,6,Over
4,talk,49,4,1,Over
4,talk,50,5,4,Over
4,talk,51,5,2,Over
4,talk,52,5,6,Over
4,talk,53,5,8,Over
4,talk,54,5,3,Over
4,talk,55,5,13,Over
4,talk,56,5,9,VOTE Agent[13]
4,talk,57,5,15,ESTIMATE Agent[13] WEREWOLF
4,talk,58,5,10,Over
4,talk,59,5,1,Over
4,talk,60,6,6,Over
4,talk,61,6,13,Over
4,talk,62,6,10,Over
4,talk,63,6,8,Over
4,talk,64,6,1,Over
4,talk,65,6,15,ESTIMATE Agent[13] WEREWOLF
4,talk,66,6,3,Over
4,talk,67,6,4,Over
4,talk,68,6,9,VOTE Agent[13]
4,talk,69,6,2,Over
4,talk,70,7,4,Over
4,talk,71,7,3,Over
4,talk,72,7,6,Over
4,talk,73,7,10,Over
4,talk,74,7,2,Over
4,talk,75,7,13,Over
4,talk,76,7,1,Over
4,talk,77,7,8,Over
4,talk,78,7,15,REQUEST ANY (VOTE Agent[13])
4,talk,79,7,9,VOTE Agent[13]
4,talk,80,8,13,Over
4,talk,81,8,3,Over
4,talk,82,8,10,Over
4,talk,83,8,6,Over
4,talk,84,8,8,Over
4,talk,85,8,2,Over
4,talk,86,8,15,VOTE Agent[13]
4,talk,87,8,1,Over
4,talk,88,8,4,Over
4,talk,89,8,9,VOTE Agent[13]
4,talk,90,9,15,ESTIMATE Agent[13] WEREWOLF
4,talk,91,9,13,Over
4,talk,92,9,6,Over
4,talk,93,9,1,Over
4,talk,94,9,4,Over
4,talk,95,9,8,Over
4,talk,96,9,3,Over
4,talk,97,9,10,Over
4,talk,98,9,2,Over
4,talk,99,9,9,VOTE Agent[13]
4,talk,100,10,2,Over
4,talk,101,10,8,Over
4,talk,102,10,13,Over
4,talk,103,10,10,Over
4,talk,104,10,4,Over
4,talk,105,10,6,Over
4,talk,106,10,15,Over
4,talk,107,10,9,Over
4,talk,108,10,1,Over
4,talk,109,10,3,Over
4,vote,1,13
4,vote,2,13
4,vote,3,13
4,vote,4,13
4,vote,6,13
4,vote,8,13
4,vote,9,13
4,vote,10,13
4,vote,13,15
4,vote,15,13
4,execute,13,POSSESSED
4,guard,10,13,POSSESSED
4,attackVote,3,9
4,attack,9,true
5,status,1,VILLAGER,ALIVE,tonkatsu
5,status,2,VILLAGER,ALIVE,KP22
5,status,3,WEREWOLF,ALIVE,kgu_ryu
5,status,4,VILLAGER,ALIVE,sUper_IL
5,status,5,SEER,DEAD,daphne
5,status,6,VILLAGER,ALIVE,Ncu702
5,status,7,VILLAGER,DEAD,ice
5,status,8,VILLAGER,ALIVE,mikami
5,status,9,VILLAGER,DEAD,Baguette
5,status,10,BODYGUARD,ALIVE,ichida
5,status,11,WEREWOLF,DEAD,Hachi2
5,status,12,MEDIUM,DEAD,takoyaki
5,status,13,POSSESSED,DEAD,CanisLupus
5,status,14,WEREWOLF,DEAD,ioh
5,status,15,VILLAGER,ALIVE,Basket
5,talk,0,0,10,VOTE Agent[03]
5,talk,1,0,3,DIVINED Agent[02] HUMAN
5,talk,2,0,6,VOTE Agent[03]
5,talk,3,0,2,VOTE Agent[03]
5,talk,4,0,1,VOTE Agent[03]
5,talk,5,0,4,VOTE Agent[03]
5,talk,6,0,15,ESTIMATE Agent[03] WEREWOLF
5,talk,7,0,8,VOTE Agent[03]
5,talk,8,1,2,Skip
5,talk,9,1,4,Skip
5,talk,10,1,15,VOTE Agent[03]
5,talk,11,1,10,Skip
5,talk,12,1,1,Skip
5,talk,13,1,6,Skip
5,talk,14,1,8,Skip
5,talk,15,1,3,VOTE Agent[01]
5,talk,16,2,15,REQUEST ANY (VOTE Agent[03])
5,talk,17,2,8,Skip
5,talk,18,2,10,Skip
5,talk,19,2,6,Skip
5,talk,20,2,3,VOTE Agent[01]
5,talk,21,2,2,Skip
5,talk,22,2,4,Skip
5,talk,23,2,1,Skip
5,talk,24,3,15,ESTIMATE Agent[03] WEREWOLF
5,talk,25,3,8,Over
5,talk,26,3,4,Over
5,talk,27,3,3,VOTE Agent[01]
5,talk,28,3,6,Over
5,talk,29,3,2,Over
5,talk,30,3,1,Over
5,talk,31,3,10,Over
5,talk,32,4,1,Over
5,talk,33,4,3,VOTE Agent[01]
5,talk,34,4,6,Over
5,talk,35,4,4,Over
5,talk,36,4,8,Over
5,talk,37,4,10,Over
5,talk,38,4,2,Over
5,talk,39,4,15,REQUEST ANY (VOTE Agent[03])
5,talk,40,5,2,Over
5,talk,41,5,1,Over
5,talk,42,5,4,Over
5,talk,43,5,3,VOTE Agent[01]
5,talk,44,5,6,Over
5,talk,45,5,15,VOTE Agent[03]
5,talk,46,5,10,Over
5,talk,47,5,8,Over
5,talk,48,6,4,Over
5,talk,49,6,3,VOTE Agent[01]
5,talk,50,6,15,VOTE Agent[03]
5,talk,51,6,2,Over
5,talk,52,6,1,Over
5,talk,53,6,10,Over
5,talk,54,6,6,Over
5,talk,55,6,8,Over
5,talk,56,7,10,Over
5,talk,57,7,4,Over
5,talk,58,7,1,Over
5,talk,59,7,6,Over
5,talk,60,7,15,VOTE Agent[03]
5,talk,61,7,3,VOTE Agent[01]
5,talk,62,7,8,Over
5,talk,63,7,2,Over
5,talk,64,8,3,VOTE Agent[01]
5,talk,65,8,6,Over
5,talk,66,8,15,VOTE Agent[03]
5,talk,67,8,1,Over
5,talk,68,8,4,Over
5,talk,69,8,8,Over
5,talk,70,8,10,Over
5,talk,71,8,2,Over
5,talk,72,9,6,Over
5,talk,73,9,10,Over
5,talk,74,9,15,ESTIMATE Agent[03] WEREWOLF
5,talk,75,9,3,VOTE Agent[01]
5,talk,76,9,4,Over
5,talk,77,9,8,Over
5,talk,78,9,2,Over
5,talk,79,9,1,Over
5,talk,80,10,1,Over
5,talk,81,10,4,Over
5,talk,82,10,2,Over
5,talk,83,10,3,Over
5,talk,84,10,8,Over
5,talk,85,10,10,Over
5,talk,86,10,15,Over
5,talk,87,10,6,Over
5,vote,1,3
5,vote,2,3
5,vote,3,1
5,vote,4,3
5,vote,6,3
5,vote,8,3
5,vote,10,3
5,vote,15,3
5,execute,3,WEREWOLF
5,guard,10,3,WEREWOLF
6,status,1,VILLAGER,ALIVE,tonkatsu
6,status,2,VILLAGER,ALIVE,KP22
6,status,3,WEREWOLF,DEAD,kgu_ryu
6,status,4,VILLAGER,ALIVE,sUper_IL
6,status,5,SEER,DEAD,daphne
6,status,6,VILLAGER,ALIVE,Ncu702
6,status,7,VILLAGER,DEAD,ice
6,status,8,VILLAGER,ALIVE,mikami
6,status,9,VILLAGER,DEAD,Baguette
6,status,10,BODYGUARD,ALIVE,ichida
6,status,11,WEREWOLF,DEAD,Hachi2
6,status,12,MEDIUM,DEAD,takoyaki
6,status,13,POSSESSED,DEAD,CanisLupus
6,status,14,WEREWOLF,DEAD,ioh
6,status,15,VILLAGER,ALIVE,Basket
6,result,7,0,VILLAGER
