0,status,1,VILLAGER,ALIVE,tonkatsu
0,status,2,WEREWOLF,ALIVE,KP22
0,status,3,VILLAGER,ALIVE,kgu_ryu
0,status,4,WEREWOLF,ALIVE,sUper_IL
0,status,5,POSSESSED,ALIVE,daphne
0,status,6,SEER,ALIVE,Ncu702
0,status,7,WEREWOLF,ALIVE,ice
0,status,8,VILLAGER,ALIVE,mikami
0,status,9,VILLAGER,ALIVE,Baguette
0,status,10,MEDIUM,ALIVE,ichida
0,status,11,VILLAGER,ALIVE,Hachi2
0,status,12,VILLAGER,ALIVE,takoyaki
0,status,13,VILLAGER,ALIVE,CanisLupus
0,status,14,BODYGUARD,ALIVE,ioh
0,status,15,VILLAGER,ALIVE,Basket
0,whisper,0,0,2,Skip
0,whisper,1,0,4,Skip
0,whisper,2,0,7,Skip
0,whisper,3,1,2,Skip
0,whisper,4,1,7,Skip
0,whisper,5,1,4,Skip
0,whisper,6,2,7,Over
0,whisper,7,2,2,Over
0,whisper,8,2,4,Over
0,divine,6,7,WEREWOLF
1,status,1,VILLAGER,ALIVE,tonkatsu
1,status,2,WEREWOLF,ALIVE,KP22
1,status,3,VILLAGER,ALIVE,kgu_ryu
1,status,4,WEREWOLF,ALIVE,sUper_IL
1,status,5,POSSESSED,ALIVE,daphne
1,status,6,SEER,ALIVE,Ncu702
1,status,7,WEREWOLF,ALIVE,ice
1,status,8,VILLAGER,ALIVE,mikami
1,status,9,VILLAGER,ALIVE,Baguette
1,status,10,MEDIUM,ALIVE,ichida
1,status,11,VILLAGER,ALIVE,Hachi2
1,status,12,VILLAGER,ALIVE,takoyaki
1,status,13,VILLAGER,ALIVE,CanisLupus
1,status,14,BODYGUARD,ALIVE,ioh
1,status,15,VILLAGER,ALIVE,Basket
1,talk,0,0,8,VOTE Agent[01]
1,talk,1,0,7,VOTE Agent[01]
1,talk,2,0,2,VOTE Agent[01]
1,talk,3,0,11,VOTE Agent[01]
1,talk,4,0,3,VOTE Agent[01]
1,talk,5,0,9,VOTE Agent[07]
1,talk,6,0,6,COMINGOUT Agent[06] SEER
1,talk,7,0,10,COMINGOUT Agent[10] MEDIUM
1,talk,8,0,12,VOTE Agent[01]
1,talk,9,0,1,VOTE Agent[07]
1,talk,10,0,15,ESTIMATE Agent[07] WEREWOLF
1,talk,11,0,4,VOTE Agent[01]
1,talk,12,0,5,VOTE Agent[01]
1,talk,13,0,13,VOTE Agent[01]
1,talk,14,0,14,ESTIMATE Agent[08] WEREWOLF
1,talk,15,1,14,ESTIMATE Agent[11] WEREWOLF
1,talk,16,1,12,Skip
1,talk,17,1,8,Skip
1,talk,18,1,5,Skip
1,talk,19,1,1,VOTE Agent[07]
1,talk,20,1,10,VOTE Agent[01]
1,talk,21,1,13,VOTE Agent[07]
1,talk,22,1,2,Skip
1,talk,23,1,6,DIVINED Agent[07] WEREWOLF
1,talk,24,1,9,VOTE Agent[07]
1,talk,25,1,11,Skip
1,talk,26,1,3,Skip
1,talk,27,1,7,Skip
1,talk,28,1,15,ESTIMATE Agent[01] WEREWOLF
1,talk,29,1,4,Skip
1,talk,30,2,4,Skip
1,talk,31,2,2,Skip
1,talk,32,2,12,Skip
1,talk,33,2,8,Skip
1,talk,34,2,5,Skip
1,talk,35,2,7,Skip
1,talk,36,2,3,VOTE Agent[07]
1,talk,37,2,13,VOTE Agent[07]
1,talk,38,2,10,VOTE Agent[07]
1,talk,39,2,1,VOTE Agent[07]
1,talk,40,2,14,REQUEST ANY (VOTE Agent[07])
1,talk,41,2,9,VOTE Agent[07]
1,talk,42,2,6,VOTE Agent[07]
1,talk,43,2,15,REQUEST ANY (VOTE Agent[12])
1,talk,44,2,11,VOTE Agent[07]
1,talk,45,3,14,VOTE Agent[12]
1,talk,46,3,3,VOTE Agent[02]
1,talk,47,3,4,Over
1,talk,48,3,13,VOTE Agent[12]
1,talk,49,3,9,VOTE Agent[07]
1,talk,50,3,1,VOTE Agent[07]
1,talk,51,3,2,Over
1,talk,52,3,10,VOTE Agent[12]
1,talk,53,3,12,VOTE Agent[07]
1,talk,54,3,15,VOTE Agent[12]
1,talk,55,3,5,Over
1,talk,56,3,8,VOTE Agent[01]
1,talk,57,3,7,Over
1,talk,58,3,6,VOTE Agent[07]
1,talk,59,3,11,VOTE Agent[12]
1,talk,60,4,3,VOTE Agent[02]
1,talk,61,4,12,VOTE Agent[02]
1,talk,62,4,5,Over
1,talk,63,4,9,VOTE Agent[07]
1,talk,64,4,10,Skip
1,talk,65,4,4,VOTE Agent[12]
1,talk,66,4,13,VOTE Agent[12]
1,talk,67,4,8,VOTE Agent[12]
1,talk,68,4,2,VOTE Agent[12]
1,talk,69,4,15,REQUEST ANY (VOTE Agent[12])
1,talk,70,4,1,VOTE Agent[12]
1,talk,71,4,14,REQUEST ANY (VOTE Agent[02])
1,talk,72,4,6,VOTE Agent[07]
1,talk,73,4,11,Skip
1,talk,74,4,7,VOTE Agent[12]
1,talk,75,5,6,VOTE Agent[07]
1,talk,76,5,2,Skip
1,talk,77,5,5,VOTE Agent[12]
1,talk,78,5,4,Skip
1,talk,79,5,3,VOTE Agent[12]
1,talk,80,5,15,VOTE Agent[12]
1,talk,81,5,10,Skip
1,talk,82,5,11,Skip
1,talk,83,5,13,Skip
1,talk,84,5,8,Skip
1,talk,85,5,12,VOTE Agent[02]
1,talk,86,5,14,VOTE Agent[12]
1,talk,87,5,9,VOTE Agent[07]
1,talk,88,5,1,Skip
1,talk,89,5,7,Skip
1,talk,90,6,13,Skip
1,talk,91,6,3,Skip
1,talk,92,6,15,ESTIMATE Agent[12] WEREWOLF
1,talk,93,6,11,Over
1,talk,94,6,8,Skip
1,talk,95,6,9,VOTE Agent[07]
1,talk,96,6,12,VOTE Agent[02]
1,talk,97,6,7,Skip
1,talk,98,6,5,Skip
1,talk,99,6,4,Skip
1,talk,100,6,6,VOTE Agent[07]
1,talk,101,6,2,Skip
1,talk,102,6,10,Over
1,talk,103,6,1,Skip
1,talk,104,6,14,VOTE Agent[12]
1,talk,105,7,10,Over
1,talk,106,7,6,VOTE Agent[07]
1,talk,107,7,4,Over
1,talk,108,7,9,VOTE Agent[07]
1,talk,109,7,14,VOTE Agent[12]
1,talk,110,7,2,Over
1,talk,111,7,8,Over
1,talk,112,7,11,Over
1,talk,113,7,7,Over
1,talk,114,7,3,Skip
1,talk,115,7,13,Over
1,talk,116,7,12,VOTE Agent[02]
1,talk,117,7,1,Over
1,talk,118,7,5,Skip
1,talk,119,7,15,VOTE Agent[12]
1,talk,120,8,14,ESTIMATE Agent[12] WEREWOLF
1,talk,121,8,12,VOTE Agent[02]
1,talk,122,8,9,VOTE Agent[07]
1,talk,123,8,10,Over
1,talk,124,8,11,Over
1,talk,125,8,15,VOTE Agent[12]
1,talk,126,8,3,Over
1,talk,127,8,1,Over
1,talk,128,8,6,VOTE Agent[07]
1,talk,129,8,7,Over
1,talk,130,8,5,Over
1,talk,131,8,4,Over
1,talk,132,8,13,Over
1,talk,133,8,8,Over
1,talk,134,8,2,Over
1,talk,135,9,14,ESTIMATE Agent[12] WEREWOLF
1,talk,136,9,11,Over
1,talk,137,9,10,Over
1,talk,138,9,12,VOTE Agent[02]
1,talk,139,9,8,Over
1,talk,140,9,6,VOTE Agent[07]
1,talk,141,9,1,Over
1,talk,142,9,4,Over
1,talk,143,9,5,Over
1,talk,144,9,7,Over
1,talk,145,9,13,Over
1,talk,146,9,9,VOTE Agent[07]
1,talk,147,9,3,Over
1,talk,148,9,2,Over
1,talk,149,9,15,ESTIMATE Agent[12] WEREWOLF
1,talk,150,10,7,Over
1,talk,151,10,15,Over
1,talk,152,10,14,Over
1,talk,153,10,3,Over
1,talk,154,10,12,VOTE Agent[02]
1,talk,155,10,13,Over
1,talk,156,10,1,Over
1,talk,157,10,11,Over
1,talk,158,10,8,Over
1,talk,159,10,2,Over
1,talk,160,10,4,Over
1,talk,161,10,9,Over
1,talk,162,10,10,Over
1,talk,163,10,6,Over
1,talk,164,10,5,Over
1,talk,165,11,11,Over
1,talk,166,11,8,Over
1,talk,167,11,4,Over
1,talk,168,11,2,Over
1,talk,169,11,14,Over
1,talk,170,11,10,Over
1,talk,171,11,1,Over
1,talk,172,11,3,Over
1,talk,173,11,15,Over
1,talk,174,11,9,Over
1,talk,175,11,13,Over
1,talk,176,11,6,Over
1,talk,177,11,7,Over
1,talk,178,11,12,VOTE Agent[02]
1,talk,179,11,5,Over
1,talk,180,12,4,Over
1,talk,181,12,13,Over
1,talk,182,12,1,Over
1,talk,183,12,12,Over
1,talk,184,12,7,Over
1,talk,185,12,8,Over
1,talk,186,12,2,Over
1,talk,187,12,14,Over
1,talk,188,12,11,Over
1,talk,189,12,3,Over
1,talk,190,12,6,Over
1,talk,191,12,9,Over
1,talk,192,12,10,Over
1,talk,193,12,15,Over
1,talk,194,12,5,Over
1,vote,1,12
1,vote,2,12
1,vote,3,12
1,vote,4,12
1,vote,5,12
1,vote,6,7
1,vote,7,12
1,vote,8,12
1,vote,9,7
1,vote,10,12
1,vote,11,12
1,vote,12,2
1,vote,13,12
1,vote,14,12
1,vote,15,12
1,execute,12,VILLAGER
1,divine,6,2,WEREWOLF
1,whisper,0,0,4,Skip
1,whisper,1,0,7,Skip
1,whisper,2,0,2,Skip
1,whisper,3,1,2,Skip
1,whisper,4,1,4,Skip
1,whisper,5,1,7,Skip
1,whisper,6,2,7,Over
1,whisper,7,2,2,Over
1,whisper,8,2,4,Over
1,guard,14,6,SEER
1,attackVote,2,6
1,attackVote,4,13
1,attackVote,7,6
1,attack,6,false
2,status,1,VILLAGER,ALIVE,tonkatsu
2,status,2,WEREWOLF,ALIVE,KP22
2,status,3,VILLAGER,ALIVE,kgu_ryu
2,status,4,WEREWOLF,ALIVE,sUper_IL
2,status,5,POSSESSED,ALIVE,daphne
2,status,6,SEER,ALIVE,Ncu702
2,status,7,WEREWOLF,ALIVE,ice
2,status,8,VILLAGER,ALIVE,mikami
2,status,9,VILLAGER,ALIVE,Baguette
2,status,10,MEDIUM,ALIVE,ichida
2,status,11,VILLAGER,ALIVE,Hachi2
2,status,12,VILLAGER,DEAD,takoyaki
2,status,13,VILLAGER,ALIVE,CanisLupus
2,status,14,BODYGUARD,ALIVE,ioh
2,status,15,VILLAGER,ALIVE,Basket
2,talk,0,0,2,VOTE Agent[07]
2,talk,1,0,6,DIVINED Agent[02] WEREWOLF
2,talk,2,0,9,VOTE Agent[07]
2,talk,3,0,4,VOTE Agent[07]
2,talk,4,0,14,COMINGOUT Agent[14] BODYGUARD
2,talk,5,0,11,VOTE Agent[02]
2,talk,6,0,7,VOTE Agent[02]
2,talk,7,0,8,VOTE Agent[07]
2,talk,8,0,15,REQUEST ANY (VOTE Agent[02])
2,talk,9,0,5,VOTE Agent[07]
2,talk,10,0,13,VOTE Agent[02]
2,talk,11,0,10,IDENTIFIED Agent[12] HUMAN
2,talk,12,0,3,VOTE Agent[02]
2,talk,13,0,1,VOTE Agent[07]
2,talk,14,1,10,VOTE Agent[02]
2,talk,15,1,3,VOTE Agent[02]
2,talk,16,1,4,Skip
2,talk,17,1,5,Skip
2,talk,18,1,11,VOTE Agent[02]
2,talk,19,1,13,VOTE Agent[02]
2,talk,20,1,9,VOTE Agent[07]
2,talk,21,1,1,VOTE Agent[07]
2,talk,22,1,7,Skip
2,talk,23,1,8,VOTE Agent[07]
2,talk,24,1,6,VOTE Agent[07]
2,talk,25,1,15,VOTE Agent[02]
2,talk,26,1,14,AND (GUARDED Agent[06]) (NOT (ESTIMATE Agent[06] WEREWOLF))
2,talk,27,1,2,Skip
2,talk,28,2,13,VOTE Agent[02]
2,talk,29,2,11,VOTE Agent[02]
2,talk,30,2,9,VOTE Agent[07]
2,talk,31,2,7,VOTE Agent[02]
2,talk,32,2,5,Skip
2,talk,33,2,15,REQUEST ANY (VOTE Agent[02])
2,talk,34,2,6,VOTE Agent[07]
2,talk,35,2,8,Skip
2,talk,36,2,14,ESTIMATE Agent[02] WEREWOLF
2,talk,37,2,2,VOTE Agent[07]
2,talk,38,2,10,Skip
2,talk,39,2,1,VOTE Agent[02]
2,talk,40,2,3,Skip
2,talk,41,2,4,VOTE Agent[02]
2,talk,42,3,5,VOTE Agent[02]
2,talk,43,3,13,VOTE Agent[07]
2,talk,44,3,11,VOTE Agent[07]
2,talk,45,3,3,VOTE Agent[07]
2,talk,46,3,2,VOTE Agent[07]
2,talk,47,3,9,VOTE Agent[02]
2,talk,48,3,6,VOTE Agent[02]
2,talk,49,3,14,REQUEST ANY (VOTE Agent[07])
2,talk,50,3,8,VOTE Agent[02]
2,talk,51,3,4,Skip
2,talk,52,3,1,Skip
2,talk,53,3,15,VOTE Agent[02]
2,talk,54,3,10,VOTE Agent[07]
2,talk,55,3,7,Skip
2,talk,56,4,5,Skip
2,talk,57,4,14,ESTIMATE Agent[07] WEREWOLF
2,talk,58,4,11,VOTE Agent[07]
2,talk,59,4,2,VOTE Agent[07]
2,talk,60,4,15,REQUEST ANY (VOTE Agent[07])
2,talk,61,4,9,VOTE Agent[02]
2,talk,62,4,6,VOTE Agent[02]
2,talk,63,4,13,VOTE Agent[07]
2,talk,64,4,8,Skip
2,talk,65,4,10,Skip
2,talk,66,4,3,VOTE Agent[07]
2,talk,67,4,1,Skip
2,talk,68,4,7,Skip
2,talk,69,4,4,Skip
2,talk,70,5,13,VOTE Agent[07]
2,talk,71,5,5,Skip
2,talk,72,5,15,VOTE Agent[07]
2,talk,73,5,9,VOTE Agent[07]
2,talk,74,5,11,Skip
2,talk,75,5,7,VOTE Agent[02]
2,talk,76,5,6,VOTE Agent[07]
2,talk,77,5,10,Skip
2,talk,78,5,1,VOTE Agent[07]
2,talk,79,5,4,VOTE Agent[07]
2,talk,80,5,8,VOTE Agent[07]
2,talk,81,5,3,Skip
2,talk,82,5,14,REQUEST ANY (VOTE Agent[07])
2,talk,83,5,2,Skip
2,talk,84,6,7,VOTE Agent[02]
2,talk,85,6,1,Skip
2,talk,86,6,2,Skip
2,talk,87,6,3,Skip
2,talk,88,6,14,VOTE Agent[07]
2,talk,89,6,10,Over
2,talk,90,6,13,Skip
2,talk,91,6,5,VOTE Agent[07]
2,talk,92,6,6,VOTE Agent[07]
2,talk,93,6,9,VOTE Agent[07]
2,talk,94,6,11,Skip
2,talk,95,6,15,REQUEST ANY (VOTE Agent[07])
2,talk,96,6,4,Skip
2,talk,97,6,8,Skip
2,talk,98,7,15,VOTE Agent[07]
2,talk,99,7,4,Skip
2,talk,100,7,3,Over
2,talk,101,7,1,Skip
2,talk,102,7,2,Over
2,talk,103,7,14,VOTE Agent[07]
2,talk,104,7,11,Over
2,talk,105,7,6,VOTE Agent[07]
2,talk,106,7,5,Skip
2,talk,107,7,13,Skip
2,talk,108,7,9,VOTE Agent[07]
2,talk,109,7,10,Over
2,talk,110,7,7,VOTE Agent[02]
2,talk,111,7,8,Skip
2,talk,112,8,4,Over
2,talk,113,8,3,Over
2,talk,114,8,1,Over
2,talk,115,8,13,Over
2,talk,116,8,7,VOTE Agent[02]
2,talk,117,8,6,VOTE Agent[07]
2,talk,118,8,8,Over
2,talk,119,8,10,Over
2,talk,120,8,14,ESTIMATE Agent[07] WEREWOLF
2,talk,121,8,15,REQUEST ANY (VOTE Agent[07])
2,talk,122,8,11,Over
2,talk,123,8,9,VOTE Agent[07]
2,talk,124,8,5,Skip
2,talk,125,8,2,Over
2,talk,126,9,7,VOTE Agent[02]
2,talk,127,9,10,Over
2,talk,128,9,4,Over
2,talk,129,9,8,Over
2,talk,130,9,2,Over
2,talk,131,9,9,VOTE Agent[02]
2,talk,132,9,14,REQUEST ANY (VOTE Agent[07])
2,talk,133,9,3,Over
2,talk,134,9,15,REQUEST ANY (VOTE Agent[07])
2,talk,135,9,5,Over
2,talk,136,9,1,Over
2,talk,137,9,13,Over
2,talk,138,9,6,VOTE Agent[07]
2,talk,139,9,11,Over
2,talk,140,10,3,Over
2,talk,141,10,5,Over
2,talk,142,10,15,Over
2,talk,143,10,14,Over
2,talk,144,10,4,Over
2,talk,145,10,2,Over
2,talk,146,10,10,Over
2,talk,147,10,8,Over
2,talk,148,10,9,Over
2,talk,149,10,6,Over
2,talk,150,10,11,Over
2,talk,151,10,1,Over
2,talk,152,10,7,VOTE Agent[02]
2,talk,153,10,13,Over
2,talk,154,11,8,Over
2,talk,155,11,2,Over
2,talk,156,11,13,Over
2,talk,157,11,4,Over
2,talk,158,11,7,VOTE Agent[02]
2,talk,159,11,5,Over
2,talk,160,11,11,Over
2,talk,161,11,15,Over
2,talk,162,11,1,Over
2,talk,163,11,10,Over
2,talk,164,11,14,Over
2,talk,165,11,6,Over
2,talk,166,11,9,Over
2,talk,167,11,3,Over
2,talk,168,12,13,Over
2,talk,169,12,1,Over
2,talk,170,12,4,Over
2,talk,171,12,5,Over
2,talk,172,12,2,Over
2,talk,173,12,3,Over
2,talk,174,12,9,Over
2,talk,175,12,6,Over
2,talk,176,12,15,Over
2,talk,177,12,11,Over
2,talk,178,12,10,Over
2,talk,179,12,14,Over
2,talk,180,12,8,Over
2,talk,181,12,7,VOTE Agent[02]
2,talk,182,13,3,Over
2,talk,183,13,15,Over
2,talk,184,13,1,Over
2,talk,185,13,14,Over
2,talk,186,13,2,Over
2,talk,187,13,10,Over
2,talk,188,13,11,Over
2,talk,189,13,8,Over
2,talk,190,13,4,Over
2,talk,191,13,5,Over
2,talk,192,13,7,Over
2,talk,193,13,6,Over
2,talk,194,13,13,Over
2,talk,195,13,9,Over
2,vote,1,7
2,vote,2,7
2,vote,3,7
2,vote,4,7
2,vote,5,7
2,vote,6,7
2,vote,7,2
2,vote,8,7
2,vote,9,2
2,vote,10,7
2,vote,11,7
2,vote,13,7
2,vote,14,7
2,vote,15,7
2,execute,7,WEREWOLF
2,divine,6,4,WEREWOLF
2,whisper,0,0,2,Skip
2,whisper,1,0,4,Skip
2,whisper,2,1,4,Skip
2,whisper,3,1,2,Skip
2,whisper,4,2,2,Over
2,whisper,5,2,4,Over
2,guard,14,6,SEER
2,attackVote,2,6
2,attackVote,4,13
2,attackVote,2,6
2,attackVote,4,13
2,attack,13,true
3,status,1,VILLAGER,ALIVE,tonkatsu
3,status,2,WEREWOLF,ALIVE,KP22
3,status,3,VILLAGER,ALIVE,kgu_ryu
3,status,4,WEREWOLF,ALIVE,sUper_IL
3,status,5,POSSESSED,ALIVE,daphne
3,status,6,SEER,ALIVE,Ncu702
3,status,7,WEREWOLF,DEAD,ice
3,status,8,VILLAGER,ALIVE,mikami
3,status,9,VILLAGER,ALIVE,Baguette
3,status,10,MEDIUM,ALIVE,ichida
3,status,11,VILLAGER,ALIVE,Hachi2
3,status,12,VILLAGER,DEAD,takoyaki
3,status,13,VILLAGER,DEAD,CanisLupus
3,status,14,BODYGUARD,ALIVE,ioh
3,status,15,VILLAGER,ALIVE,Basket
3,talk,0,0,15,VOTE Agent[04]
3,talk,1,0,8,VOTE Agent[04]
3,talk,2,0,4,VOTE Agent[05]
3,talk,3,0,10,IDENTIFIED Agent[07] WEREWOLF
3,talk,4,0,5,VOTE Agent[06]
3,talk,5,0,3,VOTE Agent[04]
3,talk,6,0,6,DIVINED Agent[04] WEREWOLF
3,talk,7,0,14,VOTE Agent[04]
3,talk,8,0,1,VOTE Agent[04]
3,talk,9,0,9,VOTE Agent[04]
3,talk,10,0,11,VOTE Agent[04]
3,talk,11,0,2,VOTE Agent[04]
3,talk,12,1,6,VOTE Agent[04]
3,talk,13,1,15,ESTIMATE Agent[04] WEREWOLF
3,talk,14,1,2,Skip
3,talk,15,1,3,Skip
3,talk,16,1,9,VOTE Agent[04]
3,talk,17,1,14,REQUEST ANY (VOTE Agent[04])
3,talk,18,1,10,VOTE Agent[04]
3,talk,19,1,1,Skip
3,talk,20,1,5,VOTE Agent[04]
3,talk,21,1,4,VOTE Agent[05]
3,talk,22,1,8,Skip
3,talk,23,1,11,Skip
3,talk,24,2,15,VOTE Agent[04]
3,talk,25,2,11,Skip
3,talk,26,2,3,Skip
3,talk,27,2,9,VOTE Agent[02]
3,talk,28,2,14,ESTIMATE Agent[04] WEREWOLF
3,talk,29,2,8,Skip
3,talk,30,2,10,Skip
3,talk,31,2,1,Skip
3,talk,32,2,4,VOTE Agent[05]
3,talk,33,2,6,VOTE Agent[04]
3,talk,34,2,2,Skip
3,talk,35,2,5,Skip
3,talk,36,3,14,REQUEST ANY (VOTE Agent[04])
3,talk,37,3,9,VOTE Agent[02]
3,talk,38,3,10,Skip
3,talk,39,3,1,Over
3,talk,40,3,2,Over
3,talk,41,3,3,Over
3,talk,42,3,5,Skip
3,talk,43,3,11,Over
3,talk,44,3,8,Over
3,talk,45,3,4,VOTE Agent[05]
3,talk,46,3,6,VOTE Agent[04]
3,talk,47,3,15,ESTIMATE Agent[04] WEREWOLF
3,talk,48,4,9,VOTE Agent[04]
3,talk,49,4,1,Over
3,talk,50,4,10,Over
3,talk,51,4,4,VOTE Agent[05]
3,talk,52,4,2,Over
3,talk,53,4,11,Over
3,talk,54,4,3,Over
3,talk,55,4,15,REQUEST ANY (VOTE Agent[04])
3,talk,56,4,6,VOTE Agent[04]
3,talk,57,4,14,REQUEST ANY (VOTE Agent[04])
3,talk,58,4,5,Over
3,talk,59,4,8,Over
3,talk,60,5,10,Over
3,talk,61,5,1,Over
3,talk,62,5,5,Over
3,talk,63,5,3,Over
3,talk,64,5,2,Over
3,talk,65,5,14,VOTE Agent[04]
3,talk,66,5,8,Over
3,talk,67,5,4,VOTE Agent[05]
3,talk,68,5,15,VOTE Agent[04]
3,talk,69,5,11,Over
3,talk,70,5,9,VOTE Agent[02]
3,talk,71,5,6,VOTE Agent[04]
3,talk,72,6,5,Over
3,talk,73,6,1,Over
3,talk,74,6,9,VOTE Agent[02]
3,talk,75,6,15,VOTE Agent[04]
3,talk,76,6,11,Over
3,talk,77,6,6,VOTE Agent[04]
3,talk,78,6,3,Over
3,talk,79,6,8,Over
3,talk,80,6,4,VOTE Agent[05]
3,talk,81,6,10,Over
3,talk,82,6,2,Over
3,talk,83,6,14,VOTE Agent[04]
3,talk,84,7,9,VOTE Agent[04]
3,talk,85,7,10,Over
3,talk,86,7,11,Over
3,talk,87,7,4,VOTE Agent[05]
3,talk,88,7,15,REQUEST ANY (VOTE Agent[04])
3,talk,89,7,8,Over
3,talk,90,7,6,VOTE Agent[04]
3,talk,91,7,14,ESTIMATE Agent[04] WEREWOLF
3,talk,92,7,1,Over
3,talk,93,7,2,Over
3,talk,94,7,5,Over
3,talk,95,7,3,Over
3,talk,96,8,4,VOTE Agent[05]
3,talk,97,8,5,Over
3,talk,98,8,1,Over
3,talk,99,8,2,Over
3,talk,100,8,6,VOTE Agent[04]
3,talk,101,8,14,VOTE Agent[04]
3,talk,102,8,10,Over
3,talk,103,8,3,Over
3,talk,104,8,15,ESTIMATE Agent[04] WEREWOLF
3,talk,105,8,8,Over
3,talk,106,8,9,VOTE Agent[04]
3,talk,107,8,11,Over
3,talk,108,9,14,ESTIMATE Agent[04] WEREWOLF
3,talk,109,9,11,Over
3,talk,110,9,5,Over
3,talk,111,9,9,VOTE Agent[04]
3,talk,112,9,1,Over
3,talk,113,9,15,ESTIMATE Agent[04] WEREWOLF
3,talk,114,9,3,Over
3,talk,115,9,10,Over
3,talk,116,9,6,VOTE Agent[04]
3,talk,117,9,4,VOTE Agent[05]
3,talk,118,9,2,Over
3,talk,119,9,8,Over
3,talk,120,10,4,Over
3,talk,121,10,9,Over
3,talk,122,10,14,Over
3,talk,123,10,11,Over
3,talk,124,10,8,Over
3,talk,125,10,2,Over
3,talk,126,10,5,Over
3,talk,127,10,1,Over
3,talk,128,10,15,Over
3,talk,129,10,10,Over
3,talk,130,10,3,Over
3,talk,131,10,6,Over
3,vote,1,4
3,vote,2,4
3,vote,3,4
3,vote,4,5
3,vote,5,4
3,vote,6,4
3,vote,8,4
3,vote,9,4
3,vote,10,4
3,vote,11,4
3,vote,14,4
3,vote,15,4
3,execute,4,WEREWOLF
3,divine,6,5,HUMAN
3,guard,14,6,SEER
3,attackVote,2,6
3,attack,6,false
4,status,1,VILLAGER,ALIVE,tonkatsu
4,status,2,WEREWOLF,ALIVE,KP22
4,status,3,VILLAGER,ALIVE,kgu_ryu
4,status,4,WEREWOLF,DEAD,sUper_IL
4,status,5,POSSESSED,ALIVE,daphne
4,status,6,SEER,ALIVE,Ncu702
4,status,7,WEREWOLF,DEAD,ice
4,status,8,VILLAGER,ALIVE,mikami
4,status,9,VILLAGER,ALIVE,Baguette
4,status,10,MEDIUM,ALIVE,ichida
4,status,11,VILLAGER,ALIVE,Hachi2
4,status,12,VILLAGER,DEAD,takoyaki
4,status,13,VILLAGER,DEAD,CanisLupus
4,status,14,BODYGUARD,ALIVE,ioh
4,status,15,VILLAGER,ALIVE,Basket
4,talk,0,0,2,VOTE Agent[05]
4,talk,1,0,8,VOTE Agent[05]
4,talk,2,0,3,VOTE Agent[05]
4,talk,3,0,10,IDENTIFIED Agent[04] WEREWOLF
4,talk,4,0,5,VOTE Agent[06]
4,talk,5,0,11,VOTE Agent[05]
4,talk,6,0,1,VOTE Agent[05]
4,talk,7,0,14,AND (GUARDED Agent[06]) (NOT (ESTIMATE Agent[06] WEREWOLF))
4,talk,8,0,15,ESTIMATE Agent[05] WEREWOLF
4,talk,9,0,9,VOTE Agent[02]
4,talk,10,0,6,DIVINED Agent[05] HUMAN
4,talk,11,1,3,VOTE Agent[02]
4,talk,12,1,15,VOTE Agent[09]
4,talk,13,1,8,VOTE Agent[05]
4,talk,14,1,5,Skip
4,talk,15,1,2,Skip
4,talk,16,1,9,VOTE Agent[15]
4,talk,17,1,1,VOTE Agent[05]
4,talk,18,1,11,VOTE Agent[02]
4,talk,19,1,6,VOTE Agent[02]
4,talk,20,1,10,VOTE Agent[02]
4,talk,21,1,14,ESTIMATE Agent[09] WEREWOLF
4,talk,22,2,2,Skip
4,talk,23,2,1,VOTE Agent[02]
4,talk,24,2,9,VOTE Agent[15]
4,talk,25,2,10,Skip
4,talk,26,2,6,VOTE Agent[02]
4,talk,27,2,8,VOTE Agent[02]
4,talk,28,2,5,VOTE Agent[02]
4,talk,29,2,11,Skip
4,talk,30,2,3,Skip
4,talk,31,2,14,REQUEST ANY (VOTE Agent[09])
4,talk,32,2,15,REQUEST ANY (VOTE Agent[09])
4,talk,33,3,2,VOTE Agent[09]
4,talk,34,3,11,Skip
4,talk,35,3,1,Skip
4,talk,36,3,5,Skip
4,talk,37,3,10,Skip
4,talk,38,3,14,VOTE Agent[08]
4,talk,39,3,3,Skip
4,talk,40,3,15,VOTE Agent[08]
4,talk,41,3,8,Skip
4,talk,42,3,9,VOTE Agent[02]
4,talk,43,3,6,VOTE Agent[02]
4,talk,44,4,2,VOTE Agent[08]
4,talk,45,4,10,Over
4,talk,46,4,6,VOTE Agent[02]
4,talk,47,4,9,VOTE Agent[02]
4,talk,48,4,8,Skip
4,talk,49,4,3,Over
4,talk,50,4,14,REQUEST ANY (VOTE Agent[02])
4,talk,51,4,11,Over
4,talk,52,4,1,Skip
4,talk,53,4,5,Skip
4,talk,54,4,15,ESTIMATE Agent[02] WEREWOLF
4,talk,55,5,2,VOTE Agent[08]
4,talk,56,5,9,VOTE Agent[15]
4,talk,57,5,6,VOTE Agent[02]
4,talk,58,5,1,Over
4,talk,59,5,15,REQUEST ANY (VOTE Agent[02])
4,talk,60,5,11,Over
4,talk,61,5,3,Over
4,talk,62,5,8,Over
4,talk,63,5,14,VOTE Agent[02]
4,talk,64,5,5,Over
4,talk,65,5,10,Over
4,talk,66,6,9,VOTE Agent[15]
4,talk,67,6,1,Over
4,talk,68,6,6,VOTE Agent[02]
4,talk,69,6,15,REQUEST ANY (VOTE Agent[02])
4,talk,70,6,11,Over
4,talk,71,6,14,REQUEST ANY (VOTE Agent[02])
4,talk,72,6,2,VOTE Agent[08]
4,talk,73,6,10,Over
4,talk,74,6,3,Over
4,talk,75,6,5,Over
4,talk,76,6,8,Over
4,talk,77,7,14,VOTE Agent[02]
4,talk,78,7,15,VOTE Agent[02]
4,talk,79,7,3,Over
4,talk,80,7,1,Over
4,talk,81,7,9,VOTE Agent[15]
4,talk,82,7,11,Over
4,talk,83,7,8,Over
4,talk,84,7,2,VOTE Agent[08]
4,talk,85,7,6,VOTE Agent[02]
4,talk,86,7,5,Over
4,talk,87,7,10,Over
4,talk,88,8,6,VOTE Agent[02]
4,talk,89,8,15,ESTIMATE Agent[02] WEREWOLF
4,talk,90,8,2,VOTE Agent[08]
4,talk,91,8,11,Over
4,talk,92,8,9,VOTE Agent[15]
4,talk,93,8,1,Over
4,talk,94,8,5,Over
4,talk,95,8,3,Over
4,talk,96,8,8,Over
4,talk,97,8,10,Over
4,talk,98,8,14,ESTIMATE Agent[02] WEREWOLF
4,talk,99,9,6,VOTE Agent[02]
4,talk,100,9,5,Over
4,talk,101,9,8,Over
4,talk,102,9,2,VOTE Agent[08]
4,talk,103,9,11,Over
4,talk,104,9,1,Over
4,talk,105,9,3,Over
4,talk,106,9,10,Over
4,talk,107,9,15,VOTE Agent[02]
4,talk,108,9,14,REQUEST ANY (VOTE Agent[02])
4,talk,109,9,9,VOTE Agent[15]
4,talk,110,10,15,Over
4,talk,111,10,1,Over
4,talk,112,10,10,Over
4,talk,113,10,14,Over
4,talk,114,10,8,Over
4,talk,115,10,3,Over
4,talk,116,10,2,VOTE Agent[08]
4,talk,117,10,9,Over
4,talk,118,10,11,Over
4,talk,119,10,6,Over
4,talk,120,10,5,Over
4,talk,121,11,15,Over
4,talk,122,11,10,Over
4,talk,123,11,11,Over
4,talk,124,11,6,Over
4,talk,125,11,9,Over
4,talk,126,11,2,VOTE Agent[08]
4,talk,127,11,1,Over
4,talk,128,11,5,Over
4,talk,129,11,3,Over
4,talk,130,11,8,Over
4,talk,131,11,14,Over
4,talk,132,12,9,Over
4,talk,133,12,14,Over
4,talk,134,12,6,Over
4,talk,135,12,8,Over
4,talk,136,12,2,Over
4,talk,137,12,15,Over
4,talk,138,12,11,Over
4,talk,139,12,5,Over
4,talk,140,12,3,Over
4,talk,141,12,1,Over
4,talk,142,12,10,Over
4,vote,1,2
4,vote,2,8
4,vote,3,2
4,vote,5,2
4,vote,6,2
4,vote,8,2
4,vote,9,15
4,vote,10,2
4,vote,11,2
4,vote,14,2
4,vote,15,2
4,execute,2,WEREWOLF
4,divine,6,8,HUMAN
4,guard,14,6,SEER
5,status,1,VILLAGER,ALIVE,tonkatsu
5,status,2,WEREWOLF,DEAD,KP22
5,status,3,VILLAGER,ALIVE,kgu_ryu
5,status,4,WEREWOLF,DEAD,sUper_IL
5,status,5,POSSESSED,ALIVE,daphne
5,status,6,SEER,ALIVE,Ncu702
5,status,7,WEREWOLF,DEAD,ice
5,status,8,VILLAGER,ALIVE,mikami
5,status,9,VILLAGER,ALIVE,Baguette
5,status,10,MEDIUM,ALIVE,ichida
5,status,11,VILLAGER,ALIVE,Hachi2
5,status,12,VILLAGER,DEAD,takoyaki
5,status,13,VILLAGER,DEAD,CanisLupus
5,status,14,BODYGUARD,ALIVE,ioh
5,status,15,VILLAGER,ALIVE,Basket
5,result,10,0,VILLAGER
