0,status,1,VILLAGER,ALIVE,tonkatsu
0,status,2,WEREWOLF,ALIVE,KP22
0,status,3,MEDIUM,ALIVE,kgu_ryu
0,status,4,WEREWOLF,ALIVE,sUper_IL
0,status,5,VILLAGER,ALIVE,daphne
0,status,6,VILLAGER,ALIVE,Ncu702
0,status,7,VILLAGER,ALIVE,ice
0,status,8,POSSESSED,ALIVE,mikami
0,status,9,VILLAGER,ALIVE,Baguette
0,status,10,WEREWOLF,ALIVE,ichida
0,status,11,SEER,ALIVE,Hachi2
0,status,12,VILLAGER,ALIVE,takoyaki
0,status,13,VILLAGER,ALIVE,CanisLupus
0,status,14,BODYGUARD,ALIVE,ioh
0,status,15,VILLAGER,ALIVE,Basket
0,whisper,0,0,10,Skip
0,whisper,1,0,4,Skip
0,whisper,2,0,2,Skip
0,whisper,3,1,4,Skip
0,whisper,4,1,2,Skip
0,whisper,5,1,10,Skip
0,whisper,6,2,10,Over
0,whisper,7,2,4,Over
0,whisper,8,2,2,Over
0,divine,11,14,HUMAN
1,status,1,VILLAGER,ALIVE,tonkatsu
1,status,2,WEREWOLF,ALIVE,KP22
1,status,3,MEDIUM,ALIVE,kgu_ryu
1,status,4,WEREWOLF,ALIVE,sUper_IL
1,status,5,VILLAGER,ALIVE,daphne
1,status,6,VILLAGER,ALIVE,Ncu702
1,status,7,VILLAGER,ALIVE,ice
1,status,8,POSSESSED,ALIVE,mikami
1,status,9,VILLAGER,ALIVE,Baguette
1,status,10,WEREWOLF,ALIVE,ichida
1,status,11,SEER,ALIVE,Hachi2
1,status,12,VILLAGER,ALIVE,takoyaki
1,status,13,VILLAGER,ALIVE,CanisLupus
1,status,14,BODYGUARD,ALIVE,ioh
1,status,15,VILLAGER,ALIVE,Basket
1,talk,0,0,10,COMINGOUT Agent[10] SEER
1,talk,1,0,6,VOTE Agent[01]
1,talk,2,0,14,VOTE Agent[13]
1,talk,3,0,2,VOTE Agent[01]
1,talk,4,0,5,VOTE Agent[01]
1,talk,5,0,8,VOTE Agent[01]
1,talk,6,0,15,ESTIMATE Agent[07] WEREWOLF
1,talk,7,0,3,COMINGOUT Agent[03] MEDIUM
1,talk,8,0,7,VOTE Agent[01]
1,talk,9,0,1,VOTE Agent[13]
1,talk,10,0,9,VOTE Agent[04]
1,talk,11,0,4,VOTE Agent[01]
1,talk,12,0,13,VOTE Agent[01]
1,talk,13,0,11,COMINGOUT Agent[11] SEER
1,talk,14,0,12,VOTE Agent[01]
1,talk,15,1,9,VOTE Agent[04]
1,talk,16,1,3,VOTE Agent[05]
1,talk,17,1,2,Skip
1,talk,18,1,13,VOTE Agent[12]
1,talk,19,1,14,REQUEST ANY (VOTE Agent[08])
1,talk,20,1,6,VOTE Agent[01]
1,talk,21,1,7,VOTE Agent[01]
1,talk,22,1,5,VOTE Agent[01]
1,talk,23,1,12,VOTE Agent[01]
1,talk,24,1,10,DIVINED Agent[01] HUMAN
1,talk,25,1,8,Skip
1,talk,26,1,11,DIVINED Agent[14] HUMAN
1,talk,27,1,15,ESTIMATE Agent[06] WEREWOLF
1,talk,28,1,4,Skip
1,talk,29,1,1,VOTE Agent[13]
1,talk,30,2,12,VOTE Agent[10]
1,talk,31,2,7,VOTE Agent[01]
1,talk,32,2,14,ESTIMATE Agent[10] WEREWOLF
1,talk,33,2,9,VOTE Agent[07]
1,talk,34,2,5,VOTE Agent[01]
1,talk,35,2,8,Skip
1,talk,36,2,6,VOTE Agent[01]
1,talk,37,2,15,REQUEST ANY (VOTE Agent[10])
1,talk,38,2,3,VOTE Agent[02]
1,talk,39,2,1,VOTE Agent[10]
1,talk,40,2,13,VOTE Agent[10]
1,talk,41,2,10,VOTE Agent[01]
1,talk,42,2,11,VOTE Agent[01]
1,talk,43,2,4,Skip
1,talk,44,2,2,Skip
1,talk,45,3,14,REQUEST ANY (VOTE Agent[10])
1,talk,46,3,8,Over
1,talk,47,3,15,REQUEST ANY (VOTE Agent[10])
1,talk,48,3,12,VOTE Agent[10]
1,talk,49,3,9,VOTE Agent[10]
1,talk,50,3,10,Skip
1,talk,51,3,1,VOTE Agent[10]
1,talk,52,3,7,Skip
1,talk,53,3,11,VOTE Agent[10]
1,talk,54,3,2,Over
1,talk,55,3,6,VOTE Agent[01]
1,talk,56,3,13,VOTE Agent[10]
1,talk,57,3,3,VOTE Agent[10]
1,talk,58,3,4,VOTE Agent[10]
1,talk,59,3,5,VOTE Agent[10]
1,talk,60,4,2,VOTE Agent[10]
1,talk,61,4,6,VOTE Agent[10]
1,talk,62,4,5,Skip
1,talk,63,4,11,VOTE Agent[10]
1,talk,64,4,14,REQUEST ANY (VOTE Agent[10])
1,talk,65,4,4,Skip
1,talk,66,4,1,Skip
1,talk,67,4,12,Skip
1,talk,68,4,8,VOTE Agent[10]
1,talk,69,4,7,VOTE Agent[10]
1,talk,70,4,13,Skip
1,talk,71,4,10,VOTE Agent[01]
1,talk,72,4,9,VOTE Agent[08]
1,talk,73,4,15,REQUEST ANY (VOTE Agent[10])
1,talk,74,4,3,Skip
1,talk,75,5,11,VOTE Agent[10]
1,talk,76,5,6,Skip
1,talk,77,5,9,VOTE Agent[12]
1,talk,78,5,4,Skip
1,talk,79,5,15,REQUEST ANY (VOTE Agent[10])
1,talk,80,5,12,Skip
1,talk,81,5,2,Skip
1,talk,82,5,10,VOTE Agent[01]
1,talk,83,5,5,Skip
1,talk,84,5,13,Skip
1,talk,85,5,1,Skip
1,talk,86,5,14,VOTE Agent[10]
1,talk,87,5,3,Skip
1,talk,88,5,7,Skip
1,talk,89,5,8,Skip
1,talk,90,6,15,ESTIMATE Agent[10] WEREWOLF
1,talk,91,6,4,Over
1,talk,92,6,7,Skip
1,talk,93,6,1,Over
1,talk,94,6,8,Skip
1,talk,95,6,5,Over
1,talk,96,6,6,Skip
1,talk,97,6,3,Over
1,talk,98,6,14,REQUEST ANY (VOTE Agent[10])
1,talk,99,6,13,Over
1,talk,100,6,2,Skip
1,talk,101,6,11,VOTE Agent[10]
1,talk,102,6,12,Over
1,talk,103,6,10,VOTE Agent[01]
1,talk,104,6,9,VOTE Agent[06]
1,talk,105,7,12,Over
1,talk,106,7,14,ESTIMATE Agent[10] WEREWOLF
1,talk,107,7,6,Over
1,talk,108,7,7,Over
1,talk,109,7,13,Over
1,talk,110,7,2,Over
1,talk,111,7,10,VOTE Agent[01]
1,talk,112,7,9,VOTE Agent[08]
1,talk,113,7,5,Over
1,talk,114,7,8,Over
1,talk,115,7,11,VOTE Agent[10]
1,talk,116,7,1,Over
1,talk,117,7,15,ESTIMATE Agent[10] WEREWOLF
1,talk,118,7,4,Over
1,talk,119,7,3,Over
1,talk,120,8,1,Over
1,talk,121,8,8,Over
1,talk,122,8,6,Over
1,talk,123,8,9,VOTE Agent[08]
1,talk,124,8,7,Over
1,talk,125,8,2,Over
1,talk,126,8,11,VOTE Agent[10]
1,talk,127,8,3,Over
1,talk,128,8,13,Over
1,talk,129,8,4,Over
1,talk,130,8,12,Over
1,talk,131,8,10,VOTE Agent[01]
1,talk,132,8,5,Over
1,talk,133,8,14,VOTE Agent[10]
1,talk,134,8,15,REQUEST ANY (VOTE Agent[10])
1,talk,135,9,6,Over
1,talk,136,9,8,Over
1,talk,137,9,1,Over
1,talk,138,9,5,Over
1,talk,139,9,10,VOTE Agent[01]
1,talk,140,9,15,ESTIMATE Agent[10] WEREWOLF
1,talk,141,9,11,VOTE Agent[10]
1,talk,142,9,4,Over
1,talk,143,9,3,Over
1,talk,144,9,2,Over
1,talk,145,9,7,Over
1,talk,146,9,14,REQUEST ANY (VOTE Agent[10])
1,talk,147,9,9,VOTE Agent[04]
1,talk,148,9,13,Over
1,talk,149,9,12,Over
1,talk,150,10,10,VOTE Agent[04]
1,talk,151,10,7,Over
1,talk,152,10,11,Over
1,talk,153,10,1,Over
1,talk,154,10,12,Over
1,talk,155,10,8,Over
1,talk,156,10,3,Over
1,talk,157,10,9,Over
1,talk,158,10,6,Over
1,talk,159,10,5,Over
1,talk,160,10,14,Over
1,talk,161,10,15,Over
1,talk,162,10,4,Over
1,talk,163,10,13,Over
1,talk,164,10,2,Over
1,talk,165,11,13,Over
1,talk,166,11,3,Over
1,talk,167,11,10,Over
1,talk,168,11,6,Over
1,talk,169,11,1,Over
1,talk,170,11,15,Over
1,talk,171,11,11,Over
1,talk,172,11,12,Over
1,talk,173,11,2,Over
1,talk,174,11,14,Over
1,talk,175,11,7,Over
1,talk,176,11,8,Over
1,talk,177,11,5,Over
1,talk,178,11,4,Over
1,talk,179,11,9,Over
1,vote,1,10
1,vote,2,10
1,vote,3,10
1,vote,4,10
1,vote,5,10
1,vote,6,10
1,vote,7,10
1,vote,8,10
1,vote,9,4
1,vote,10,4
1,vote,11,10
1,vote,12,10
1,vote,13,10
1,vote,14,10
1,vote,15,10
1,execute,10,WEREWOLF
1,divine,11,2,WEREWOLF
1,whisper,0,0,2,Skip
1,whisper,1,0,4,Skip
1,whisper,2,1,4,Skip
1,whisper,3,1,2,Skip
1,whisper,4,2,2,Over
1,whisper,5,2,4,Over
1,guard,14,11,SEER
1,attackVote,2,11
1,attackVote,4,13
1,attackVote,2,11
1,attackVote,4,13
1,attack,13,true
2,status,1,VILLAGER,ALIVE,tonkatsu
2,status,2,WEREWOLF,ALIVE,KP22
2,status,3,MEDIUM,ALIVE,kgu_ryu
2,status,4,WEREWOLF,ALIVE,sUper_IL
2,status,5,VILLAGER,ALIVE,daphne
2,status,6,VILLAGER,ALIVE,Ncu702
2,status,7,VILLAGER,ALIVE,ice
2,status,8,POSSESSED,ALIVE,mikami
2,status,9,VILLAGER,ALIVE,Baguette
2,status,10,WEREWOLF,DEAD,ichida
2,status,11,SEER,ALIVE,Hachi2
2,status,12,VILLAGER,ALIVE,takoyaki
2,status,13,VILLAGER,DEAD,CanisLupus
2,status,14,BODYGUARD,ALIVE,ioh
2,status,15,VILLAGER,ALIVE,Basket
2,talk,0,0,9,VOTE Agent[01]
2,talk,1,0,5,VOTE Agent[01]
2,talk,2,0,11,DIVINED Agent[02] WEREWOLF
2,talk,3,0,1,VOTE Agent[02]
2,talk,4,0,2,VOTE Agent[01]
2,talk,5,0,14,ESTIMATE Agent[02] WEREWOLF
2,talk,6,0,8,VOTE Agent[01]
2,talk,7,0,3,IDENTIFIED Agent[10] WEREWOLF
2,talk,8,0,15,ESTIMATE Agent[02] WEREWOLF
2,talk,9,0,6,VOTE Agent[01]
2,talk,10,0,7,VOTE Agent[01]
2,talk,11,0,4,VOTE Agent[01]
2,talk,12,0,12,VOTE Agent[02]
2,talk,13,1,4,Skip
2,talk,14,1,15,ESTIMATE Agent[02] WEREWOLF
2,talk,15,1,1,VOTE Agent[02]
2,talk,16,1,6,Skip
2,talk,17,1,14,ESTIMATE Agent[02] WEREWOLF
2,talk,18,1,9,VOTE Agent[02]
2,talk,19,1,8,Skip
2,talk,20,1,7,VOTE Agent[01]
2,talk,21,1,11,VOTE Agent[02]
2,talk,22,1,3,VOTE Agent[02]
2,talk,23,1,5,VOTE Agent[02]
2,talk,24,1,2,VOTE Agent[01]
2,talk,25,1,12,Skip
2,talk,26,2,12,Skip
2,talk,27,2,5,Skip
2,talk,28,2,6,VOTE Agent[02]
2,talk,29,2,7,VOTE Agent[02]
2,talk,30,2,1,Skip
2,talk,31,2,14,ESTIMATE Agent[02] WEREWOLF
2,talk,32,2,11,VOTE Agent[02]
2,talk,33,2,2,VOTE Agent[01]
2,talk,34,2,8,VOTE Agent[02]
2,talk,35,2,3,Skip
2,talk,36,2,4,VOTE Agent[02]
2,talk,37,2,15,ESTIMATE Agent[02] WEREWOLF
2,talk,38,2,9,VOTE Agent[02]
2,talk,39,3,14,VOTE Agent[02]
2,talk,40,3,1,Skip
2,talk,41,3,3,Skip
2,talk,42,3,4,Skip
2,talk,43,3,7,Skip
2,talk,44,3,6,Skip
2,talk,45,3,11,VOTE Agent[02]
2,talk,46,3,15,ESTIMATE Agent[02] WEREWOLF
2,talk,47,3,12,Over
2,talk,48,3,5,Skip
2,talk,49,3,8,Skip
2,talk,50,3,9,VOTE Agent[02]
2,talk,51,3,2,VOTE Agent[01]
2,talk,52,4,11,VOTE Agent[02]
2,talk,53,4,5,Over
2,talk,54,4,4,Skip
2,talk,55,4,3,Over
2,talk,56,4,8,Skip
2,talk,57,4,1,Over
2,talk,58,4,15,VOTE Agent[02]
2,talk,59,4,7,Skip
2,talk,60,4,6,Skip
2,talk,61,4,12,Over
2,talk,62,4,9,VOTE Agent[02]
2,talk,63,4,14,VOTE Agent[02]
2,talk,64,4,2,VOTE Agent[01]
2,talk,65,5,3,Over
2,talk,66,5,1,Over
2,talk,67,5,8,Over
2,talk,68,5,2,VOTE Agent[01]
2,talk,69,5,6,Over
2,talk,70,5,15,REQUEST ANY (VOTE Agent[02])
2,talk,71,5,11,VOTE Agent[02]
2,talk,72,5,12,Over
2,talk,73,5,7,Over
2,talk,74,5,14,REQUEST ANY (VOTE Agent[02])
2,talk,75,5,5,Over
2,talk,76,5,9,VOTE Agent[02]
2,talk,77,5,4,Over
2,talk,78,6,12,Over
2,talk,79,6,14,VOTE Agent[02]
2,talk,80,6,7,Over
2,talk,81,6,9,VOTE Agent[02]
2,talk,82,6,3,Over
2,talk,83,6,4,Over
2,talk,84,6,15,ESTIMATE Agent[02] WEREWOLF
2,talk,85,6,11,VOTE Agent[02]
2,talk,86,6,1,Over
2,talk,87,6,6,Over
2,talk,88,6,2,VOTE Agent[01]
2,talk,89,6,8,Over
2,talk,90,6,5,Over
2,talk,91,7,12,Over
2,talk,92,7,9,VOTE Agent[02]
2,talk,93,7,14,REQUEST ANY (VOTE Agent[02])
2,talk,94,7,1,Over
2,talk,95,7,8,Over
2,talk,96,7,15,VOTE Agent[02]
2,talk,97,7,3,Over
2,talk,98,7,2,VOTE Agent[01]
2,talk,99,7,11,VOTE Agent[02]
2,talk,100,7,7,Over
2,talk,101,7,6,Over
2,talk,102,7,5,Over
2,talk,103,7,4,Over
2,talk,104,8,14,VOTE Agent[02]
2,talk,105,8,12,Over
2,talk,106,8,5,Over
2,talk,107,8,9,VOTE Agent[02]
2,talk,108,8,2,VOTE Agent[01]
2,talk,109,8,7,Over
2,talk,110,8,4,Over
2,talk,111,8,11,VOTE Agent[02]
2,talk,112,8,1,Over
2,talk,113,8,15,ESTIMATE Agent[02] WEREWOLF
2,talk,114,8,8,Over
2,talk,115,8,3,Over
2,talk,116,8,6,Over
2,talk,117,9,11,VOTE Agent[02]
2,talk,118,9,15,ESTIMATE Agent[02] WEREWOLF
2,talk,119,9,6,Over
2,talk,120,9,5,Over
2,talk,121,9,3,Over
2,talk,122,9,1,Over
2,talk,123,9,7,Over
2,talk,124,9,14,ESTIMATE Agent[02] WEREWOLF
2,talk,125,9,12,Over
2,talk,126,9,9,VOTE Agent[02]
2,talk,127,9,8,Over
2,talk,128,9,4,Over
2,talk,129,9,2,VOTE Agent[01]
2,talk,130,10,11,Over
2,talk,131,10,14,Over
2,talk,132,10,8,Over
2,talk,133,10,1,Over
2,talk,134,10,2,Over
2,talk,135,10,5,Over
2,talk,136,10,15,Over
2,talk,137,10,3,Over
2,talk,138,10,12,Over
2,talk,139,10,7,Over
2,talk,140,10,6,Over
2,talk,141,10,9,Over
2,talk,142,10,4,Over
2,vote,1,2
2,vote,2,1
2,vote,3,2
2,vote,4,2
2,vote,5,2
2,vote,6,2
2,vote,7,2
2,vote,8,2
2,vote,9,2
2,vote,11,2
2,vote,12,2
2,vote,14,2
2,vote,15,2
2,execute,2,WEREWOLF
2,divine,11,8,HUMAN
2,guard,14,11,SEER
2,attackVote,4,15
2,attack,15,true
3,status,1,VILLAGER,ALIVE,tonkatsu
3,status,2,WEREWOLF,DEAD,KP22
3,status,3,MEDIUM,ALIVE,kgu_ryu
3,status,4,WEREWOLF,ALIVE,sUper_IL
3,status,5,VILLAGER,ALIVE,daphne
3,status,6,VILLAGER,ALIVE,Ncu702
3,status,7,VILLAGER,ALIVE,ice
3,status,8,POSSESSED,ALIVE,mikami
3,status,9,VILLAGER,ALIVE,Baguette
3,status,10,WEREWOLF,DEAD,ichida
3,status,11,SEER,ALIVE,Hachi2
3,status,12,VILLAGER,ALIVE,takoyaki
3,status,13,VILLAGER,DEAD,CanisLupus
3,status,14,BODYGUARD,ALIVE,ioh
3,status,15,VILLAGER,DEAD,Basket
3,talk,0,0,9,VOTE Agent[03]
3,talk,1,0,6,VOTE Agent[03]
3,talk,2,0,5,VOTE Agent[03]
3,talk,3,0,12,VOTE Agent[08]
3,talk,4,0,4,VOTE Agent[03]
3,talk,5,0,3,IDENTIFIED Agent[02] WEREWOLF
3,talk,6,0,11,DIVINED Agent[08] HUMAN
3,talk,7,0,1,VOTE Agent[03]
3,talk,8,0,14,REQUEST ANY (VOTE Agent[08])
3,talk,9,0,7,VOTE Agent[03]
3,talk,10,0,8,VOTE Agent[03]
3,talk,11,1,5,Skip
3,talk,12,1,9,VOTE Agent[11]
3,talk,13,1,4,Skip
3,talk,14,1,12,VOTE Agent[04]
3,talk,15,1,8,Skip
3,talk,16,1,6,Skip
3,talk,17,1,11,VOTE Agent[04]
3,talk,18,1,7,Skip
3,talk,19,1,1,Skip
3,talk,20,1,3,VOTE Agent[04]
3,talk,21,1,14,ESTIMATE Agent[04] WEREWOLF
3,talk,22,2,11,VOTE Agent[04]
3,talk,23,2,8,Skip
3,talk,24,2,7,Skip
3,talk,25,2,3,Skip
3,talk,26,2,1,Skip
3,talk,27,2,5,Skip
3,talk,28,2,4,Skip
3,talk,29,2,9,VOTE Agent[06]
3,talk,30,2,14,VOTE Agent[01]
3,talk,31,2,6,Skip
3,talk,32,2,12,VOTE Agent[04]
3,talk,33,3,8,Over
3,talk,34,3,1,Over
3,talk,35,3,12,VOTE Agent[04]
3,talk,36,3,14,VOTE Agent[01]
3,talk,37,3,6,Over
3,talk,38,3,4,Over
3,talk,39,3,11,VOTE Agent[04]
3,talk,40,3,7,Over
3,talk,41,3,9,VOTE Agent[01]
3,talk,42,3,3,Skip
3,talk,43,3,5,Over
3,talk,44,4,11,VOTE Agent[04]
3,talk,45,4,4,Over
3,talk,46,4,12,VOTE Agent[04]
3,talk,47,4,6,Over
3,talk,48,4,8,Over
3,talk,49,4,5,Over
3,talk,50,4,7,Over
3,talk,51,4,9,VOTE Agent[05]
3,talk,52,4,14,ESTIMATE Agent[01] WEREWOLF
3,talk,53,4,1,Over
3,talk,54,4,3,Over
3,talk,55,5,12,VOTE Agent[04]
3,talk,56,5,5,Over
3,talk,57,5,4,Over
3,talk,58,5,7,Over
3,talk,59,5,1,Over
3,talk,60,5,11,VOTE Agent[04]
3,talk,61,5,8,Over
3,talk,62,5,9,VOTE Agent[04]
3,talk,63,5,14,VOTE Agent[01]
3,talk,64,5,6,Over
3,talk,65,5,3,Over
3,talk,66,6,5,Over
3,talk,67,6,4,Over
3,talk,68,6,9,VOTE Agent[14]
3,talk,69,6,8,Over
3,talk,70,6,12,VOTE Agent[04]
3,talk,71,6,7,Over
3,talk,72,6,1,Over
3,talk,73,6,6,Over
3,talk,74,6,3,Over
3,talk,75,6,11,VOTE Agent[04]
3,talk,76,6,14,VOTE Agent[01]
3,talk,77,7,5,Over
3,talk,78,7,7,Over
3,talk,79,7,9,VOTE Agent[06]
3,talk,80,7,11,VOTE Agent[04]
3,talk,81,7,14,REQUEST ANY (VOTE Agent[01])
3,talk,82,7,4,Over
3,talk,83,7,8,Over
3,talk,84,7,1,Over
3,talk,85,7,6,Over
3,talk,86,7,12,VOTE Agent[04]
3,talk,87,7,3,Over
3,talk,88,8,9,VOTE Agent[03]
3,talk,89,8,8,Over
3,talk,90,8,5,Over
3,talk,91,8,6,Over
3,talk,92,8,7,Over
3,talk,93,8,11,VOTE Agent[04]
3,talk,94,8,3,Over
3,talk,95,8,14,REQUEST ANY (VOTE Agent[01])
3,talk,96,8,1,Over
3,talk,97,8,4,Over
3,talk,98,8,12,VOTE Agent[04]
3,talk,99,9,3,Over
3,talk,100,9,8,Over
3,talk,101,9,7,Over
3,talk,102,9,1,Over
3,talk,103,9,4,Over
3,talk,104,9,5,Over
3,talk,105,9,9,VOTE Agent[06]
3,talk,106,9,14,REQUEST ANY (VOTE Agent[01])
3,talk,107,9,6,Over
3,talk,108,9,11,VOTE Agent[04]
3,talk,109,9,12,VOTE Agent[04]
3,talk,110,10,7,Over
3,talk,111,10,6,Over
3,talk,112,10,4,Over
3,talk,113,10,12,Over
3,talk,114,10,3,Over
3,talk,115,10,5,Over
3,talk,116,10,8,Over
3,talk,117,10,9,Over
3,talk,118,10,14,Over
3,talk,119,10,1,Over
3,talk,120,10,11,Over
3,vote,1,3
3,vote,3,4
3,vote,4,3
3,vote,5,3
3,vote,6,3
3,vote,7,4
3,vote,8,3
3,vote,9,6
3,vote,11,4
3,vote,12,4
3,vote,14,3
3,execute,3,MEDIUM
3,divine,11,4,WEREWOLF
3,guard,14,11,SEER
3,attackVote,4,14
3,attack,14,true
4,status,1,VILLAGER,ALIVE,tonkatsu
4,status,2,WEREWOLF,DEAD,KP22
4,status,3,MEDIUM,DEAD,kgu_ryu
4,status,4,WEREWOLF,ALIVE,sUper_IL
4,status,5,VILLAGER,ALIVE,daphne
4,status,6,VILLAGER,ALIVE,Ncu702
4,status,7,VILLAGER,ALIVE,ice
4,status,8,POSSESSED,ALIVE,mikami
4,status,9,VILLAGER,ALIVE,Baguette
4,status,10,WEREWOLF,DEAD,ichida
4,status,11,SEER,ALIVE,Hachi2
4,status,12,VILLAGER,ALIVE,takoyaki
4,status,13,VILLAGER,DEAD,CanisLupus
4,status,14,BODYGUARD,DEAD,ioh
4,status,15,VILLAGER,DEAD,Basket
4,talk,0,0,8,VOTE Agent[01]
4,talk,1,0,11,DIVINED Agent[04] WEREWOLF
4,talk,2,0,9,VOTE Agent[04]
4,talk,3,0,5,VOTE Agent[04]
4,talk,4,0,7,VOTE Agent[04]
4,talk,5,0,1,VOTE Agent[04]
4,talk,6,0,6,VOTE Agent[04]
4,talk,7,0,12,VOTE Agent[04]
4,talk,8,0,4,VOTE Agent[01]
4,talk,9,1,6,Skip
4,talk,10,1,8,VOTE Agent[04]
4,talk,11,1,4,VOTE Agent[01]
4,talk,12,1,9,VOTE Agent[04]
4,talk,13,1,12,Skip
4,talk,14,1,7,Skip
4,talk,15,1,1,Skip
4,talk,16,1,5,Skip
4,talk,17,1,11,VOTE Agent[04]
4,talk,18,2,8,Skip
4,talk,19,2,4,VOTE Agent[01]
4,talk,20,2,6,Skip
4,talk,21,2,9,VOTE Agent[04]
4,talk,22,2,12,Skip
4,talk,23,2,1,Skip
4,talk,24,2,11,VOTE Agent[04]
4,talk,25,2,7,Skip
4,talk,26,2,5,Skip
4,talk,27,3,1,Over
4,talk,28,3,8,Skip
4,talk,29,3,6,Over
4,talk,30,3,4,VOTE Agent[01]
4,talk,31,3,11,VOTE Agent[04]
4,talk,32,3,7,Over
4,talk,33,3,12,Over
4,talk,34,3,9,VOTE Agent[04]
4,talk,35,3,5,Over
4,talk,36,4,7,Over
4,talk,37,4,8,Over
4,talk,38,4,1,Over
4,talk,39,4,6,Over
4,talk,40,4,12,Over
4,talk,41,4,5,Over
4,talk,42,4,4,VOTE Agent[01]
4,talk,43,4,11,VOTE Agent[04]
4,talk,44,4,9,VOTE Agent[04]
4,talk,45,5,12,Over
4,talk,46,5,8,Over
4,talk,47,5,6,Over
4,talk,48,5,4,VOTE Agent[01]
4,talk,49,5,7,Over
4,talk,50,5,5,Over
4,talk,51,5,11,VOTE Agent[04]
4,talk,52,5,9,VOTE Agent[04]
4,talk,53,5,1,Over
4,talk,54,6,8,Over
4,talk,55,6,12,Over
4,talk,56,6,9,VOTE Agent[04]
4,talk,57,6,7,Over
4,talk,58,6,5,Over
4,talk,59,6,11,VOTE Agent[04]
4,talk,60,6,1,Over
4,talk,61,6,4,VOTE Agent[01]
4,talk,62,6,6,Over
4,talk,63,7,5,Over
4,talk,64,7,12,Over
4,talk,65,7,4,VOTE Agent[01]
4,talk,66,7,1,Over
4,talk,67,7,9,VOTE Agent[04]
4,talk,68,7,7,Over
4,talk,69,7,11,VOTE Agent[04]
4,talk,70,7,6,Over
4,talk,71,7,8,Over
4,talk,72,8,4,VOTE Agent[01]
4,talk,73,8,6,Over
4,talk,74,8,8,Over
4,talk,75,8,12,Over
4,talk,76,8,9,VOTE Agent[04]
4,talk,77,8,1,Over
4,talk,78,8,11,VOTE Agent[04]
4,talk,79,8,5,Over
4,talk,80,8,7,Over
4,talk,81,9,6,Over
4,talk,82,9,4,VOTE Agent[01]
4,talk,83,9,8,Over
4,talk,84,9,1,Over
4,talk,85,9,9,VOTE Agent[04]
4,talk,86,9,5,Over
4,talk,87,9,7,Over
4,talk,88,9,11,VOTE Agent[04]
4,talk,89,9,12,Over
4,talk,90,10,7,Over
4,talk,91,10,12,Over
4,talk,92,10,4,Over
4,talk,93,10,9,Over
4,talk,94,10,8,Over
4,talk,95,10,1,Over
4,talk,96,10,11,Over
4,talk,97,10,6,Over
4,talk,98,10,5,Over
4,vote,1,4
4,vote,4,1
4,vote,5,4
4,vote,6,4
4,vote,7,4
4,vote,8,4
4,vote,9,4
4,vote,11,4
4,vote,12,4
4,execute,4,WEREWOLF
4,divine,11,1,HUMAN
5,status,1,VILLAGER,ALIVE,tonkatsu
5,status,2,WEREWOLF,DEAD,KP22
5,status,3,MEDIUM,DEAD,kgu_ryu
5,status,4,WEREWOLF,DEAD,sUper_IL
5,status,5,VILLAGER,ALIVE,daphne
5,status,6,VILLAGER,ALIVE,Ncu702
5,status,7,VILLAGER,ALIVE,ice
5,status,8,POSSESSED,ALIVE,mikami
5,status,9,VILLAGER,ALIVE,Baguette
5,status,10,WEREWOLF,DEAD,ichida
5,status,11,SEER,ALIVE,Hachi2
5,status,12,VILLAGER,ALIVE,takoyaki
5,status,13,VILLAGER,DEAD,CanisLupus
5,status,14,BODYGUARD,DEAD,ioh
5,status,15,VILLAGER,DEAD,Basket
5,result,8,0,VILLAGER
