0,status,1,VILLAGER,ALIVE,tonkatsu
0,status,2,VILLAGER,ALIVE,KP22
0,status,3,VILLAGER,ALIVE,kgu_ryu
0,status,4,VILLAGER,ALIVE,sUper_IL
0,status,5,POSSESSED,ALIVE,daphne
0,status,6,SEER,ALIVE,Ncu702
0,status,7,WEREWOLF,ALIVE,ice
0,status,8,MEDIUM,ALIVE,mikami
0,status,9,VILLAGER,ALIVE,Baguette
0,status,10,WEREWOLF,ALIVE,ichida
0,status,11,WEREWOLF,ALIVE,Hachi2
0,status,12,VILLAGER,ALIVE,takoyaki
0,status,13,VILLAGER,ALIVE,CanisLupus
0,status,14,VILLAGER,ALIVE,ioh
0,status,15,BODYGUARD,ALIVE,Basket
0,whisper,0,0,10,Skip
0,whisper,1,0,11,Skip
0,whisper,2,0,7,Skip
0,whisper,3,1,10,Skip
0,whisper,4,1,7,Skip
0,whisper,5,1,11,Skip
0,whisper,6,2,7,Over
0,whisper,7,2,11,Over
0,whisper,8,2,10,Over
0,divine,6,14,HUMAN
1,status,1,VILLAGER,ALIVE,tonkatsu
1,status,2,VILLAGER,ALIVE,KP22
1,status,3,VILLAGER,ALIVE,kgu_ryu
1,status,4,VILLAGER,ALIVE,sUper_IL
1,status,5,POSSESSED,ALIVE,daphne
1,status,6,SEER,ALIVE,Ncu702
1,status,7,WEREWOLF,ALIVE,ice
1,status,8,MEDIUM,ALIVE,mikami
1,status,9,VILLAGER,ALIVE,Baguette
1,status,10,WEREWOLF,ALIVE,ichida
1,status,11,WEREWOLF,ALIVE,Hachi2
1,status,12,VILLAGER,ALIVE,takoyaki
1,status,13,VILLAGER,ALIVE,CanisLupus
1,status,14,VILLAGER,ALIVE,ioh
1,status,15,BODYGUARD,ALIVE,Basket
1,talk,0,0,10,VOTE Agent[11]
1,talk,1,0,8,COMINGOUT Agent[08] MEDIUM
1,talk,2,0,1,VOTE Agent[11]
1,talk,3,0,9,VOTE Agent[12]
1,talk,4,0,3,VOTE Agent[11]
1,talk,5,0,14,VOTE Agent[12]
1,talk,6,0,6,COMINGOUT Agent[06] SEER
1,talk,7,0,7,VOTE Agent[11]
1,talk,8,0,12,VOTE Agent[11]
1,talk,9,0,4,VOTE Agent[11]
1,talk,10,0,13,VOTE Agent[11]
1,talk,11,0,2,VOTE Agent[11]
1,talk,12,0,11,VOTE Agent[12]
1,talk,13,0,5,VOTE Agent[11]
1,talk,14,0,15,ESTIMATE Agent[01] WEREWOLF
1,talk,15,1,3,Skip
1,talk,16,1,12,Skip
1,talk,17,1,7,Skip
1,talk,18,1,2,Skip
1,talk,19,1,6,DIVINED Agent[14] HUMAN
1,talk,20,1,13,Skip
1,talk,21,1,11,VOTE Agent[12]
1,talk,22,1,8,VOTE Agent[11]
1,talk,23,1,15,ESTIMATE Agent[04] WEREWOLF
1,talk,24,1,10,Skip
1,talk,25,1,14,ESTIMATE Agent[09] WEREWOLF
1,talk,26,1,1,Skip
1,talk,27,1,5,Skip
1,talk,28,1,4,Skip
1,talk,29,1,9,VOTE Agent[13]
1,talk,30,2,6,VOTE Agent[12]
1,talk,31,2,14,VOTE Agent[13]
1,talk,32,2,12,VOTE Agent[13]
1,talk,33,2,9,VOTE Agent[08]
1,talk,34,2,2,VOTE Agent[13]
1,talk,35,2,11,VOTE Agent[13]
1,talk,36,2,8,VOTE Agent[12]
1,talk,37,2,15,REQUEST ANY (VOTE Agent[01])
1,talk,38,2,7,Skip
1,talk,39,2,1,VOTE Agent[11]
1,talk,40,2,5,Skip
1,talk,41,2,3,VOTE Agent[12]
1,talk,42,2,10,Skip
1,talk,43,2,4,VOTE Agent[12]
1,talk,44,2,13,VOTE Agent[12]
1,talk,45,3,6,VOTE Agent[09]
1,talk,46,3,3,VOTE Agent[09]
1,talk,47,3,1,VOTE Agent[13]
1,talk,48,3,5,VOTE Agent[13]
1,talk,49,3,13,VOTE Agent[09]
1,talk,50,3,4,VOTE Agent[09]
1,talk,51,3,10,VOTE Agent[13]
1,talk,52,3,2,VOTE Agent[09]
1,talk,53,3,15,REQUEST ANY (VOTE Agent[07])
1,talk,54,3,12,VOTE Agent[07]
1,talk,55,3,8,VOTE Agent[13]
1,talk,56,3,9,VOTE Agent[04]
1,talk,57,3,7,VOTE Agent[13]
1,talk,58,3,11,Skip
1,talk,59,3,14,VOTE Agent[07]
1,talk,60,4,10,Skip
1,talk,61,4,11,Skip
1,talk,62,4,4,VOTE Agent[09]
1,talk,63,4,5,Skip
1,talk,64,4,12,VOTE Agent[07]
1,talk,65,4,9,VOTE Agent[04]
1,talk,66,4,3,VOTE Agent[09]
1,talk,67,4,14,ESTIMATE Agent[07] WEREWOLF
1,talk,68,4,8,VOTE Agent[07]
1,talk,69,4,2,VOTE Agent[07]
1,talk,70,4,13,VOTE Agent[09]
1,talk,71,4,1,VOTE Agent[13]
1,talk,72,4,6,VOTE Agent[07]
1,talk,73,4,7,Skip
1,talk,74,4,15,REQUEST ANY (VOTE Agent[07])
1,talk,75,5,15,ESTIMATE Agent[07] WEREWOLF
1,talk,76,5,12,VOTE Agent[07]
1,talk,77,5,2,VOTE Agent[07]
1,talk,78,5,7,Skip
1,talk,79,5,8,Skip
1,talk,80,5,6,VOTE Agent[07]
1,talk,81,5,5,VOTE Agent[07]
1,talk,82,5,13,VOTE Agent[07]
1,talk,83,5,14,VOTE Agent[09]
1,talk,84,5,4,VOTE Agent[07]
1,talk,85,5,3,VOTE Agent[07]
1,talk,86,5,9,VOTE Agent[13]
1,talk,87,5,10,VOTE Agent[07]
1,talk,88,5,11,VOTE Agent[07]
1,talk,89,5,1,VOTE Agent[07]
1,talk,90,6,1,Skip
1,talk,91,6,14,VOTE Agent[07]
1,talk,92,6,7,VOTE Agent[13]
1,talk,93,6,13,Skip
1,talk,94,6,3,Skip
1,talk,95,6,12,Skip
1,talk,96,6,8,Skip
1,talk,97,6,4,Skip
1,talk,98,6,9,VOTE Agent[03]
1,talk,99,6,11,Skip
1,talk,100,6,6,VOTE Agent[07]
1,talk,101,6,2,Skip
1,talk,102,6,10,Skip
1,talk,103,6,15,VOTE Agent[07]
1,talk,104,6,5,Skip
1,talk,105,7,3,Skip
1,talk,106,7,13,Skip
1,talk,107,7,8,Over
1,talk,108,7,9,VOTE Agent[02]
1,talk,109,7,1,Skip
1,talk,110,7,2,Skip
1,talk,111,7,7,VOTE Agent[02]
1,talk,112,7,10,Skip
1,talk,113,7,11,Skip
1,talk,114,7,4,Skip
1,talk,115,7,15,ESTIMATE Agent[07] WEREWOLF
1,talk,116,7,14,VOTE Agent[07]
1,talk,117,7,12,Skip
1,talk,118,7,6,VOTE Agent[07]
1,talk,119,7,5,Skip
1,talk,120,8,9,VOTE Agent[13]
1,talk,121,8,1,Over
1,talk,122,8,8,Over
1,talk,123,8,2,Over
1,talk,124,8,3,Over
1,talk,125,8,10,Over
1,talk,126,8,14,ESTIMATE Agent[07] WEREWOLF
1,talk,127,8,11,Over
1,talk,128,8,15,REQUEST ANY (VOTE Agent[07])
1,talk,129,8,7,VOTE Agent[02]
1,talk,130,8,5,Over
1,talk,131,8,12,Over
1,talk,132,8,4,Over
1,talk,133,8,13,Over
1,talk,134,8,6,VOTE Agent[07]
1,talk,135,9,8,Over
1,talk,136,9,12,Over
1,talk,137,9,7,VOTE Agent[02]
1,talk,138,9,4,Over
1,talk,139,9,9,VOTE Agent[04]
1,talk,140,9,3,Over
1,talk,141,9,5,Over
1,talk,142,9,13,Over
1,talk,143,9,11,Over
1,talk,144,9,14,ESTIMATE Agent[07] WEREWOLF
1,talk,145,9,15,VOTE Agent[07]
1,talk,146,9,6,VOTE Agent[07]
1,talk,147,9,10,Over
1,talk,148,9,1,Over
1,talk,149,9,2,Over
1,talk,150,10,5,Over
1,talk,151,10,9,Over
1,talk,152,10,12,Over
1,talk,153,10,3,Over
1,talk,154,10,4,Over
1,talk,155,10,8,Over
1,talk,156,10,11,Over
1,talk,157,10,7,VOTE Agent[02]
1,talk,158,10,13,Over
1,talk,159,10,2,Over
1,talk,160,10,10,Over
1,talk,161,10,14,Over
1,talk,162,10,6,Over
1,talk,163,10,1,Over
1,talk,164,10,15,Over
1,talk,165,11,13,Over
1,talk,166,11,11,Over
1,talk,167,11,10,Over
1,talk,168,11,7,VOTE Agent[02]
1,talk,169,11,9,Over
1,talk,170,11,6,Over
1,talk,171,11,1,Over
1,talk,172,11,3,Over
1,talk,173,11,15,Over
1,talk,174,11,4,Over
1,talk,175,11,14,Over
1,talk,176,11,2,Over
1,talk,177,11,8,Over
1,talk,178,11,5,Over
1,talk,179,11,12,Over
1,talk,180,12,12,Over
1,talk,181,12,8,Over
1,talk,182,12,11,Over
1,talk,183,12,14,Over
1,talk,184,12,2,Over
1,talk,185,12,1,Over
1,talk,186,12,7,VOTE Agent[02]
1,talk,187,12,3,Over
1,talk,188,12,9,Over
1,talk,189,12,4,Over
1,talk,190,12,15,Over
1,talk,191,12,5,Over
1,talk,192,12,10,Over
1,talk,193,12,6,Over
1,talk,194,12,13,Over
1,talk,195,13,10,Over
1,talk,196,13,9,Over
1,talk,197,13,13,Over
1,talk,198,13,8,Over
1,talk,199,13,6,Over
1,talk,200,13,12,Over
1,talk,201,13,1,Over
1,talk,202,13,7,VOTE Agent[02]
1,talk,203,13,3,Over
1,talk,204,13,14,Over
1,talk,205,13,2,Over
1,talk,206,13,11,Over
1,talk,207,13,5,Over
1,talk,208,13,15,Over
1,talk,209,13,4,Over
1,talk,210,14,10,Over
1,talk,211,14,1,Over
1,talk,212,14,14,Over
1,talk,213,14,11,Over
1,talk,214,14,15,Over
1,talk,215,14,9,Over
1,talk,216,14,7,Over
1,talk,217,14,2,Over
1,talk,218,14,5,Over
1,talk,219,14,3,Over
1,talk,220,14,8,Over
1,talk,221,14,6,Over
1,talk,222,14,13,Over
1,talk,223,14,4,Over
1,talk,224,14,12,Over
1,vote,1,7
1,vote,2,7
1,vote,3,7
1,vote,4,7
1,vote,5,7
1,vote,6,7
1,vote,7,2
1,vote,8,7
1,vote,9,4
1,vote,10,7
1,vote,11,7
1,vote,12,7
1,vote,13,7
1,vote,14,7
1,vote,15,7
1,execute,7,WEREWOLF
1,divine,6,9,HUMAN
1,whisper,0,0,10,Skip
1,whisper,1,0,11,Skip
1,whisper,2,1,10,Skip
1,whisper,3,1,11,Skip
1,whisper,4,2,10,Over
1,whisper,5,2,11,Over
1,guard,15,6,SEER
1,attackVote,11,13
1,attack,13,true
2,status,1,VILLAGER,ALIVE,tonkatsu
2,status,2,VILLAGER,ALIVE,KP22
2,status,3,VILLAGER,ALIVE,kgu_ryu
2,status,4,VILLAGER,ALIVE,sUper_IL
2,status,5,POSSESSED,ALIVE,daphne
2,status,6,SEER,ALIVE,Ncu702
2,status,7,WEREWOLF,DEAD,ice
2,status,8,MEDIUM,ALIVE,mikami
2,status,9,VILLAGER,ALIVE,Baguette
2,status,10,WEREWOLF,ALIVE,ichida
2,status,11,WEREWOLF,ALIVE,Hachi2
2,status,12,VILLAGER,ALIVE,takoyaki
2,status,13,VILLAGER,DEAD,CanisLupus
2,status,14,VILLAGER,ALIVE,ioh
2,status,15,BODYGUARD,ALIVE,Basket
2,talk,0,0,15,ESTIMATE Agent[05] WEREWOLF
2,talk,1,0,5,VOTE Agent[06]
2,talk,2,0,10,VOTE Agent[05]
2,talk,3,0,6,DIVINED Agent[09] HUMAN
2,talk,4,0,9,VOTE Agent[04]
2,talk,5,0,2,VOTE Agent[05]
2,talk,6,0,14,ESTIMATE Agent[05] WEREWOLF
2,talk,7,0,4,VOTE Agent[05]
2,talk,8,0,1,VOTE Agent[05]
2,talk,9,0,12,VOTE Agent[05]
2,talk,10,0,3,VOTE Agent[05]
2,talk,11,0,11,VOTE Agent[05]
2,talk,12,0,8,IDENTIFIED Agent[07] WEREWOLF
2,talk,13,1,9,VOTE Agent[02]
2,talk,14,1,3,Skip
2,talk,15,1,15,REQUEST ANY (VOTE Agent[05])
2,talk,16,1,2,Skip
2,talk,17,1,6,VOTE Agent[05]
2,talk,18,1,14,VOTE Agent[05]
2,talk,19,1,1,Skip
2,talk,20,1,12,Skip
2,talk,21,1,4,Skip
2,talk,22,1,10,Skip
2,talk,23,1,5,Skip
2,talk,24,1,11,Skip
2,talk,25,1,8,VOTE Agent[05]
2,talk,26,2,9,VOTE Agent[03]
2,talk,27,2,15,VOTE Agent[05]
2,talk,28,2,3,Skip
2,talk,29,2,6,VOTE Agent[05]
2,talk,30,2,8,Skip
2,talk,31,2,11,Skip
2,talk,32,2,4,Skip
2,talk,33,2,2,Skip
2,talk,34,2,12,Skip
2,talk,35,2,14,ESTIMATE Agent[05] WEREWOLF
2,talk,36,2,10,Skip
2,talk,37,2,1,Skip
2,talk,38,2,5,Skip
2,talk,39,3,3,Over
2,talk,40,3,11,Over
2,talk,41,3,1,Over
2,talk,42,3,2,Over
2,talk,43,3,15,VOTE Agent[05]
2,talk,44,3,5,Over
2,talk,45,3,14,REQUEST ANY (VOTE Agent[05])
2,talk,46,3,12,Over
2,talk,47,3,8,Skip
2,talk,48,3,10,Over
2,talk,49,3,4,Over
2,talk,50,3,6,VOTE Agent[05]
2,talk,51,3,9,VOTE Agent[02]
2,talk,52,4,8,Over
2,talk,53,4,3,Over
2,talk,54,4,2,Over
2,talk,55,4,4,Over
2,talk,56,4,10,Over
2,talk,57,4,15,REQUEST ANY (VOTE Agent[05])
2,talk,58,4,12,Over
2,talk,59,4,6,VOTE Agent[05]
2,talk,60,4,1,Over
2,talk,61,4,11,Over
2,talk,62,4,9,VOTE Agent[03]
2,talk,63,4,14,REQUEST ANY (VOTE Agent[05])
2,talk,64,4,5,Over
2,talk,65,5,3,Over
2,talk,66,5,4,Over
2,talk,67,5,12,Over
2,talk,68,5,11,Over
2,talk,69,5,9,VOTE Agent[04]
2,talk,70,5,8,Over
2,talk,71,5,2,Over
2,talk,72,5,1,Over
2,talk,73,5,14,ESTIMATE Agent[05] WEREWOLF
2,talk,74,5,10,Over
2,talk,75,5,6,VOTE Agent[05]
2,talk,76,5,5,Over
2,talk,77,5,15,REQUEST ANY (VOTE Agent[05])
2,talk,78,6,4,Over
2,talk,79,6,10,Over
2,talk,80,6,11,Over
2,talk,81,6,6,VOTE Agent[05]
2,talk,82,6,3,Over
2,talk,83,6,14,VOTE Agent[05]
2,talk,84,6,5,Over
2,talk,85,6,15,ESTIMATE Agent[05] WEREWOLF
2,talk,86,6,9,VOTE Agent[04]
2,talk,87,6,1,Over
2,talk,88,6,12,Over
2,talk,89,6,2,Over
2,talk,90,6,8,Over
2,talk,91,7,8,Over
2,talk,92,7,4,Over
2,talk,93,7,10,Over
2,talk,94,7,2,Over
2,talk,95,7,6,VOTE Agent[05]
2,talk,96,7,12,Over
2,talk,97,7,1,Over
2,talk,98,7,14,VOTE Agent[05]
2,talk,99,7,11,Over
2,talk,100,7,9,VOTE Agent[03]
2,talk,101,7,3,Over
2,talk,102,7,15,ESTIMATE Agent[05] WEREWOLF
2,talk,103,7,5,Over
2,talk,104,8,5,Over
2,talk,105,8,9,VOTE Agent[04]
2,talk,106,8,10,Over
2,talk,107,8,4,Over
2,talk,108,8,8,Over
2,talk,109,8,2,Over
2,talk,110,8,15,VOTE Agent[05]
2,talk,111,8,6,VOTE Agent[05]
2,talk,112,8,11,Over
2,talk,113,8,3,Over
2,talk,114,8,12,Over
2,talk,115,8,14,ESTIMATE Agent[05] WEREWOLF
2,talk,116,8,1,Over
2,talk,117,9,6,VOTE Agent[05]
2,talk,118,9,2,Over
2,talk,119,9,8,Over
2,talk,120,9,15,ESTIMATE Agent[05] WEREWOLF
2,talk,121,9,12,Over
2,talk,122,9,11,Over
2,talk,123,9,10,Over
2,talk,124,9,9,VOTE Agent[02]
2,talk,125,9,3,Over
2,talk,126,9,4,Over
2,talk,127,9,14,ESTIMATE Agent[05] WEREWOLF
2,talk,128,9,5,Over
2,talk,129,9,1,Over
2,talk,130,10,6,Over
2,talk,131,10,10,Over
2,talk,132,10,15,Over
2,talk,133,10,9,Over
2,talk,134,10,1,Over
2,talk,135,10,3,Over
2,talk,136,10,11,Over
2,talk,137,10,5,Over
2,talk,138,10,4,Over
2,talk,139,10,8,Over
2,talk,140,10,14,Over
2,talk,141,10,2,Over
2,talk,142,10,12,Over
2,vote,1,5
2,vote,2,5
2,vote,3,5
2,vote,4,5
2,vote,5,6
2,vote,6,5
2,vote,8,5
2,vote,9,2
2,vote,10,5
2,vote,11,5
2,vote,12,5
2,vote,14,5
2,vote,15,5
2,execute,5,POSSESSED
2,divine,6,4,HUMAN
2,whisper,0,0,10,Skip
2,whisper,1,0,11,Skip
2,whisper,2,1,11,Skip
2,whisper,3,1,10,Skip
2,whisper,4,2,11,Over
2,whisper,5,2,10,Over
2,guard,15,6,SEER
2,attackVote,11,6
2,attack,6,false
3,status,1,VILLAGER,ALIVE,tonkatsu
3,status,2,VILLAGER,ALIVE,KP22
3,status,3,VILLAGER,ALIVE,kgu_ryu
3,status,4,VILLAGER,ALIVE,sUper_IL
3,status,5,POSSESSED,DEAD,daphne
3,status,6,SEER,ALIVE,Ncu702
3,status,7,WEREWOLF,DEAD,ice
3,status,8,MEDIUM,ALIVE,mikami
3,status,9,VILLAGER,ALIVE,Baguette
3,status,10,WEREWOLF,ALIVE,ichida
3,status,11,WEREWOLF,ALIVE,Hachi2
3,status,12,VILLAGER,ALIVE,takoyaki
3,status,13,VILLAGER,DEAD,CanisLupus
3,status,14,VILLAGER,ALIVE,ioh
3,status,15,BODYGUARD,ALIVE,Basket
3,talk,0,0,12,VOTE Agent[04]
3,talk,1,0,10,VOTE Agent[04]
3,talk,2,0,4,VOTE Agent[01]
3,talk,3,0,8,IDENTIFIED Agent[05] HUMAN
3,talk,4,0,15,COMINGOUT Agent[15] BODYGUARD
3,talk,5,0,2,VOTE Agent[04]
3,talk,6,0,11,VOTE Agent[04]
3,talk,7,0,3,VOTE Agent[04]
3,talk,8,0,14,ESTIMATE Agent[04] WEREWOLF
3,talk,9,0,1,VOTE Agent[04]
3,talk,10,0,9,VOTE Agent[03]
3,talk,11,0,6,DIVINED Agent[04] HUMAN
3,talk,12,1,8,VOTE Agent[01]
3,talk,13,1,6,VOTE Agent[01]
3,talk,14,1,15,AND (GUARDED Agent[06]) (NOT (ESTIMATE Agent[06] WEREWOLF))
3,talk,15,1,9,VOTE Agent[03]
3,talk,16,1,14,ESTIMATE Agent[01] WEREWOLF
3,talk,17,1,2,VOTE Agent[01]
3,talk,18,1,12,VOTE Agent[01]
3,talk,19,1,10,VOTE Agent[01]
3,talk,20,1,4,Skip
3,talk,21,1,11,VOTE Agent[01]
3,talk,22,1,3,VOTE Agent[01]
3,talk,23,1,1,VOTE Agent[03]
3,talk,24,2,14,REQUEST ANY (VOTE Agent[01])
3,talk,25,2,4,Skip
3,talk,26,2,10,Skip
3,talk,27,2,11,Skip
3,talk,28,2,3,Skip
3,talk,29,2,12,Skip
3,talk,30,2,2,Skip
3,talk,31,2,15,REQUEST ANY (VOTE Agent[01])
3,talk,32,2,8,Skip
3,talk,33,2,6,VOTE Agent[01]
3,talk,34,2,1,VOTE Agent[03]
3,talk,35,2,9,VOTE Agent[02]
3,talk,36,3,11,Skip
3,talk,37,3,10,Skip
3,talk,38,3,9,VOTE Agent[02]
3,talk,39,3,6,VOTE Agent[01]
3,talk,40,3,12,Skip
3,talk,41,3,4,Over
3,talk,42,3,3,Skip
3,talk,43,3,8,Skip
3,talk,44,3,14,VOTE Agent[01]
3,talk,45,3,2,Skip
3,talk,46,3,1,VOTE Agent[02]
3,talk,47,3,15,VOTE Agent[01]
3,talk,48,4,2,Over
3,talk,49,4,12,Over
3,talk,50,4,1,VOTE Agent[02]
3,talk,51,4,9,VOTE Agent[02]
3,talk,52,4,14,ESTIMATE Agent[01] WEREWOLF
3,talk,53,4,3,Over
3,talk,54,4,6,VOTE Agent[01]
3,talk,55,4,10,Over
3,talk,56,4,4,Over
3,talk,57,4,11,Over
3,talk,58,4,15,ESTIMATE Agent[01] WEREWOLF
3,talk,59,4,8,Over
3,talk,60,5,11,Over
3,talk,61,5,1,VOTE Agent[02]
3,talk,62,5,15,REQUEST ANY (VOTE Agent[01])
3,talk,63,5,3,Over
3,talk,64,5,10,Over
3,talk,65,5,14,REQUEST ANY (VOTE Agent[01])
3,talk,66,5,9,VOTE Agent[02]
3,talk,67,5,2,Over
3,talk,68,5,4,Over
3,talk,69,5,8,Over
3,talk,70,5,12,Over
3,talk,71,5,6,VOTE Agent[01]
3,talk,72,6,1,VOTE Agent[02]
3,talk,73,6,4,Over
3,talk,74,6,9,VOTE Agent[02]
3,talk,75,6,8,Over
3,talk,76,6,14,ESTIMATE Agent[01] WEREWOLF
3,talk,77,6,3,Over
3,talk,78,6,2,Over
3,talk,79,6,15,REQUEST ANY (VOTE Agent[01])
3,talk,80,6,6,VOTE Agent[01]
3,talk,81,6,10,Over
3,talk,82,6,11,Over
3,talk,83,6,12,Over
3,talk,84,7,12,Over
3,talk,85,7,10,Over
3,talk,86,7,15,REQUEST ANY (VOTE Agent[01])
3,talk,87,7,1,VOTE Agent[02]
3,talk,88,7,8,Over
3,talk,89,7,11,Over
3,talk,90,7,2,Over
3,talk,91,7,3,Over
3,talk,92,7,14,VOTE Agent[01]
3,talk,93,7,4,Over
3,talk,94,7,9,VOTE Agent[02]
3,talk,95,7,6,VOTE Agent[01]
3,talk,96,8,12,Over
3,talk,97,8,15,VOTE Agent[01]
3,talk,98,8,3,Over
3,talk,99,8,10,Over
3,talk,100,8,4,Over
3,talk,101,8,1,VOTE Agent[02]
3,talk,102,8,6,VOTE Agent[01]
3,talk,103,8,8,Over
3,talk,104,8,2,Over
3,talk,105,8,11,Over
3,talk,106,8,9,VOTE Agent[04]
3,talk,107,8,14,VOTE Agent[01]
3,talk,108,9,1,VOTE Agent[02]
3,talk,109,9,15,REQUEST ANY (VOTE Agent[01])
3,talk,110,9,9,VOTE Agent[04]
3,talk,111,9,3,Over
3,talk,112,9,10,Over
3,talk,113,9,2,Over
3,talk,114,9,12,Over
3,talk,115,9,14,VOTE Agent[01]
3,talk,116,9,6,VOTE Agent[01]
3,talk,117,9,11,Over
3,talk,118,9,8,Over
3,talk,119,9,4,Over
3,talk,120,10,15,Over
3,talk,121,10,14,Over
3,talk,122,10,6,Over
3,talk,123,10,10,Over
3,talk,124,10,9,Over
3,talk,125,10,3,Over
3,talk,126,10,4,Over
3,talk,127,10,12,Over
3,talk,128,10,2,Over
3,talk,129,10,1,Over
3,talk,130,10,8,Over
3,talk,131,10,11,Over
3,vote,1,2
3,vote,2,1
3,vote,3,1
3,vote,4,1
3,vote,6,1
3,vote,8,1
3,vote,9,4
3,vote,10,1
3,vote,11,1
3,vote,12,1
3,vote,14,1
3,vote,15,1
3,execute,1,VILLAGER
3,divine,6,2,HUMAN
3,whisper,0,0,11,Skip
3,whisper,1,0,10,Skip
3,whisper,2,1,10,Skip
3,whisper,3,1,11,Skip
3,whisper,4,2,11,Over
3,whisper,5,2,10,Over
3,guard,15,6,SEER
3,attackVote,11,6
3,attack,6,false
4,status,1,VILLAGER,DEAD,tonkatsu
4,status,2,VILLAGER,ALIVE,KP22
4,status,3,VILLAGER,ALIVE,kgu_ryu
4,status,4,VILLAGER,ALIVE,sUper_IL
4,status,5,POSSESSED,DEAD,daphne
4,status,6,SEER,ALIVE,Ncu702
4,status,7,WEREWOLF,DEAD,ice
4,status,8,MEDIUM,ALIVE,mikami
4,status,9,VILLAGER,ALIVE,Baguette
4,status,10,WEREWOLF,ALIVE,ichida
4,status,11,WEREWOLF,ALIVE,Hachi2
4,status,12,VILLAGER,ALIVE,takoyaki
4,status,13,VILLAGER,DEAD,CanisLupus
4,status,14,VILLAGER,ALIVE,ioh
4,status,15,BODYGUARD,ALIVE,Basket
4,talk,0,0,3,VOTE Agent[02]
4,talk,1,0,15,AND (GUARDED Agent[06]) (NOT (ESTIMATE Agent[06] WEREWOLF))
4,talk,2,0,9,VOTE Agent[02]
4,talk,3,0,14,VOTE Agent[02]
4,talk,4,0,11,VOTE Agent[02]
4,talk,5,0,4,VOTE Agent[02]
4,talk,6,0,10,VOTE Agent[02]
4,talk,7,0,2,VOTE Agent[03]
4,talk,8,0,8,IDENTIFIED Agent[01] HUMAN
4,talk,9,0,12,VOTE Agent[02]
4,talk,10,0,6,DIVINED Agent[02] HUMAN
4,talk,11,1,8,VOTE Agent[03]
4,talk,12,1,4,VOTE Agent[03]
4,talk,13,1,14,VOTE Agent[03]
4,talk,14,1,12,VOTE Agent[03]
4,talk,15,1,10,VOTE Agent[03]
4,talk,16,1,6,VOTE Agent[03]
4,talk,17,1,2,Skip
4,talk,18,1,11,VOTE Agent[03]
4,talk,19,1,3,VOTE Agent[12]
4,talk,20,1,15,VOTE Agent[03]
4,talk,21,1,9,VOTE Agent[03]
4,talk,22,2,9,VOTE Agent[04]
4,talk,23,2,15,VOTE Agent[03]
4,talk,24,2,10,Skip
4,talk,25,2,8,Skip
4,talk,26,2,2,Skip
4,talk,27,2,11,Skip
4,talk,28,2,4,Skip
4,talk,29,2,14,ESTIMATE Agent[03] WEREWOLF
4,talk,30,2,3,VOTE Agent[12]
4,talk,31,2,6,VOTE Agent[03]
4,talk,32,2,12,Skip
4,talk,33,3,9,VOTE Agent[04]
4,talk,34,3,2,Over
4,talk,35,3,3,VOTE Agent[12]
4,talk,36,3,8,Skip
4,talk,37,3,12,Skip
4,talk,38,3,14,REQUEST ANY (VOTE Agent[03])
4,talk,39,3,6,VOTE Agent[03]
4,talk,40,3,4,Skip
4,talk,41,3,11,Skip
4,talk,42,3,15,ESTIMATE Agent[03] WEREWOLF
4,talk,43,3,10,Skip
4,talk,44,4,10,Over
4,talk,45,4,4,Over
4,talk,46,4,3,VOTE Agent[12]
4,talk,47,4,15,VOTE Agent[03]
4,talk,48,4,11,Over
4,talk,49,4,12,Over
4,talk,50,4,2,Over
4,talk,51,4,6,VOTE Agent[03]
4,talk,52,4,14,VOTE Agent[03]
4,talk,53,4,9,VOTE Agent[03]
4,talk,54,4,8,Over
4,talk,55,5,12,Over
4,talk,56,5,6,VOTE Agent[03]
4,talk,57,5,2,Over
4,talk,58,5,10,Over
4,talk,59,5,11,Over
4,talk,60,5,3,VOTE Agent[12]
4,talk,61,5,8,Over
4,talk,62,5,4,Over
4,talk,63,5,15,ESTIMATE Agent[03] WEREWOLF
4,talk,64,5,9,VOTE Agent[04]
4,talk,65,5,14,VOTE Agent[03]
4,talk,66,6,8,Over
4,talk,67,6,6,VOTE Agent[03]
4,talk,68,6,15,ESTIMATE Agent[03] WEREWOLF
4,talk,69,6,3,VOTE Agent[12]
4,talk,70,6,11,Over
4,talk,71,6,2,Over
4,talk,72,6,12,Over
4,talk,73,6,9,VOTE Agent[04]
4,talk,74,6,14,ESTIMATE Agent[03] WEREWOLF
4,talk,75,6,4,Over
4,talk,76,6,10,Over
4,talk,77,7,6,VOTE Agent[03]
4,talk,78,7,10,Over
4,talk,79,7,14,ESTIMATE Agent[03] WEREWOLF
4,talk,80,7,9,VOTE Agent[03]
4,talk,81,7,12,Over
4,talk,82,7,4,Over
4,talk,83,7,2,Over
4,talk,84,7,3,VOTE Agent[12]
4,talk,85,7,15,VOTE Agent[03]
4,talk,86,7,11,Over
4,talk,87,7,8,Over
4,talk,88,8,15,REQUEST ANY (VOTE Agent[03])
4,talk,89,8,8,Over
4,talk,90,8,11,Over
4,talk,91,8,12,Over
4,talk,92,8,6,VOTE Agent[03]
4,talk,93,8,14,ESTIMATE Agent[03] WEREWOLF
4,talk,94,8,2,Over
4,talk,95,8,3,VOTE Agent[12]
4,talk,96,8,4,Over
4,talk,97,8,9,VOTE Agent[03]
4,talk,98,8,10,Over
4,talk,99,9,11,Over
4,talk,100,9,14,VOTE Agent[03]
4,talk,101,9,9,VOTE Agent[03]
4,talk,102,9,4,Over
4,talk,103,9,6,VOTE Agent[03]
4,talk,104,9,8,Over
4,talk,105,9,2,Over
4,talk,106,9,3,VOTE Agent[12]
4,talk,107,9,12,Over
4,talk,108,9,15,ESTIMATE Agent[03] WEREWOLF
4,talk,109,9,10,Over
4,talk,110,10,4,Over
4,talk,111,10,10,Over
4,talk,112,10,3,Over
4,talk,113,10,14,Over
4,talk,114,10,6,Over
4,talk,115,10,12,Over
4,talk,116,10,11,Over
4,talk,117,10,15,Over
4,talk,118,10,9,Over
4,talk,119,10,8,Over
4,talk,120,10,2,Over
4,vote,2,3
4,vote,3,12
4,vote,4,3
4,vote,6,3
4,vote,8,3
4,vote,9,3
4,vote,10,3
4,vote,11,3
4,vote,12,3
4,vote,14,3
4,vote,15,3
4,execute,3,VILLAGER
4,divine,6,12,HUMAN
4,whisper,0,0,10,Skip
4,whisper,1,0,11,Skip
4,whisper,2,1,11,Skip
4,whisper,3,1,10,Skip
4,whisper,4,2,11,Over
4,whisper,5,2,10,Over
4,guard,15,6,SEER
4,attackVote,11,6
4,attack,6,false
5,status,1,VILLAGER,DEAD,tonkatsu
5,status,2,VILLAGER,ALIVE,KP22
5,status,3,VILLAGER,DEAD,kgu_ryu
5,status,4,VILLAGER,ALIVE,sUper_IL
5,status,5,POSSESSED,DEAD,daphne
5,status,6,SEER,ALIVE,Ncu702
5,status,7,WEREWOLF,DEAD,ice
5,status,8,MEDIUM,ALIVE,mikami
5,status,9,VILLAGER,ALIVE,Baguette
5,status,10,WEREWOLF,ALIVE,ichida
5,status,11,WEREWOLF,ALIVE,Hachi2
5,status,12,VILLAGER,ALIVE,takoyaki
5,status,13,VILLAGER,DEAD,CanisLupus
5,status,14,VILLAGER,ALIVE,ioh
5,status,15,BODYGUARD,ALIVE,Basket
5,talk,0,0,14,ESTIMATE Agent[12] WEREWOLF
5,talk,1,0,9,VOTE Agent[04]
5,talk,2,0,10,VOTE Agent[04]
5,talk,3,0,6,DIVINED Agent[12] HUMAN
5,talk,4,0,4,VOTE Agent[11]
5,talk,5,0,8,IDENTIFIED Agent[03] HUMAN
5,talk,6,0,2,VOTE Agent[11]
5,talk,7,0,12,VOTE Agent[11]
5,talk,8,0,11,VOTE Agent[04]
5,talk,9,0,15,AND (GUARDED Agent[06]) (NOT (ESTIMATE Agent[06] WEREWOLF))
5,talk,10,1,4,VOTE Agent[11]
5,talk,11,1,6,VOTE Agent[11]
5,talk,12,1,10,VOTE Agent[11]
5,talk,13,1,15,REQUEST ANY (VOTE Agent[11])
5,talk,14,1,12,Skip
5,talk,15,1,9,VOTE Agent[04]
5,talk,16,1,8,VOTE Agent[11]
5,talk,17,1,11,VOTE Agent[04]
5,talk,18,1,14,ESTIMATE Agent[15] WEREWOLF
5,talk,19,1,2,Skip
5,talk,20,2,14,ESTIMATE Agent[15] WEREWOLF
5,talk,21,2,12,VOTE Agent[10]
5,talk,22,2,15,ESTIMATE Agent[11] WEREWOLF
5,talk,23,2,4,VOTE Agent[10]
5,talk,24,2,11,VOTE Agent[04]
5,talk,25,2,8,Skip
5,talk,26,2,10,Skip
5,talk,27,2,9,VOTE Agent[04]
5,talk,28,2,2,VOTE Agent[10]
5,talk,29,2,6,VOTE Agent[10]
5,talk,30,3,10,Skip
5,talk,31,3,2,VOTE Agent[10]
5,talk,32,3,6,VOTE Agent[10]
5,talk,33,3,14,ESTIMATE Agent[15] WEREWOLF
5,talk,34,3,15,ESTIMATE Agent[10] WEREWOLF
5,talk,35,3,4,Skip
5,talk,36,3,8,VOTE Agent[10]
5,talk,37,3,12,Skip
5,talk,38,3,11,VOTE Agent[10]
5,talk,39,3,9,VOTE Agent[04]
5,talk,40,4,8,Skip
5,talk,41,4,15,VOTE Agent[10]
5,talk,42,4,6,VOTE Agent[10]
5,talk,43,4,10,VOTE Agent[11]
5,talk,44,4,14,VOTE Agent[10]
5,talk,45,4,2,Skip
5,talk,46,4,11,Skip
5,talk,47,4,4,Skip
5,talk,48,4,9,VOTE Agent[04]
5,talk,49,4,12,Skip
5,talk,50,5,8,Skip
5,talk,51,5,10,VOTE Agent[11]
5,talk,52,5,14,ESTIMATE Agent[10] WEREWOLF
5,talk,53,5,9,VOTE Agent[04]
5,talk,54,5,11,Skip
5,talk,55,5,4,Over
5,talk,56,5,2,Skip
5,talk,57,5,6,VOTE Agent[10]
5,talk,58,5,12,Over
5,talk,59,5,15,ESTIMATE Agent[10] WEREWOLF
5,talk,60,6,2,Over
5,talk,61,6,4,Over
5,talk,62,6,12,Over
5,talk,63,6,6,VOTE Agent[10]
5,talk,64,6,15,REQUEST ANY (VOTE Agent[10])
5,talk,65,6,10,VOTE Agent[11]
5,talk,66,6,11,Over
5,talk,67,6,8,Over
5,talk,68,6,9,VOTE Agent[04]
5,talk,69,6,14,REQUEST ANY (VOTE Agent[10])
5,talk,70,7,2,Over
5,talk,71,7,14,REQUEST ANY (VOTE Agent[10])
5,talk,72,7,9,VOTE Agent[04]
5,talk,73,7,12,Over
5,talk,74,7,10,VOTE Agent[11]
5,talk,75,7,11,Over
5,talk,76,7,15,REQUEST ANY (VOTE Agent[10])
5,talk,77,7,6,VOTE Agent[10]
5,talk,78,7,4,Over
5,talk,79,7,8,Over
5,talk,80,8,4,Over
5,talk,81,8,14,ESTIMATE Agent[10] WEREWOLF
5,talk,82,8,11,Over
5,talk,83,8,9,VOTE Agent[04]
5,talk,84,8,8,Over
5,talk,85,8,10,VOTE Agent[11]
5,talk,86,8,12,Over
5,talk,87,8,6,VOTE Agent[10]
5,talk,88,8,15,ESTIMATE Agent[10] WEREWOLF
5,talk,89,8,2,Over
5,talk,90,9,4,Over
5,talk,91,9,8,Over
5,talk,92,9,11,Over
5,talk,93,9,10,VOTE Agent[11]
5,talk,94,9,2,Over
5,talk,95,9,14,REQUEST ANY (VOTE Agent[10])
5,talk,96,9,6,VOTE Agent[10]
5,talk,97,9,9,VOTE Agent[04]
5,talk,98,9,12,Over
5,talk,99,9,15,REQUEST ANY (VOTE Agent[10])
5,talk,100,10,10,VOTE Agent[11]
5,talk,101,10,12,Over
5,talk,102,10,8,Over
5,talk,103,10,2,Over
5,talk,104,10,4,Over
5,talk,105,10,14,Over
5,talk,106,10,6,Over
5,talk,107,10,15,Over
5,talk,108,10,9,Over
5,talk,109,10,11,Over
5,talk,110,11,10,VOTE Agent[11]
5,talk,111,11,8,Over
5,talk,112,11,14,Over
5,talk,113,11,2,Over
5,talk,114,11,9,Over
5,talk,115,11,12,Over
5,talk,116,11,11,Over
5,talk,117,11,4,Over
5,talk,118,11,6,Over
5,talk,119,11,15,Over
5,talk,120,12,11,Over
5,talk,121,12,2,Over
5,talk,122,12,12,Over
5,talk,123,12,10,Over
5,talk,124,12,15,Over
5,talk,125,12,8,Over
5,talk,126,12,14,Over
5,talk,127,12,4,Over
5,talk,128,12,6,Over
5,talk,129,12,9,Over
5,vote,2,10
5,vote,4,10
5,vote,6,10
5,vote,8,10
5,vote,9,4
5,vote,10,11
5,vote,11,10
5,vote,12,10
5,vote,14,10
5,vote,15,10
5,execute,10,WEREWOLF
5,divine,6,11,WEREWOLF
5,guard,15,6,SEER
5,attackVote,11,6
5,attack,6,false
6,status,1,VILLAGER,DEAD,tonkatsu
6,status,2,VILLAGER,ALIVE,KP22
6,status,3,VILLAGER,DEAD,kgu_ryu
6,status,4,VILLAGER,ALIVE,sUper_IL
6,status,5,POSSESSED,DEAD,daphne
6,status,6,SEER,ALIVE,Ncu702
6,status,7,WEREWOLF,DEAD,ice
6,status,8,MEDIUM,ALIVE,mikami
6,status,9,VILLAGER,ALIVE,Baguette
6,status,10,WEREWOLF,DEAD,ichida
6,status,11,WEREWOLF,ALIVE,Hachi2
6,status,12,VILLAGER,ALIVE,takoyaki
6,status,13,VILLAGER,DEAD,CanisLupus
6,status,14,VILLAGER,ALIVE,ioh
6,status,15,BODYGUARD,ALIVE,Basket
6,talk,0,0,6,DIVINED Agent[11] WEREWOLF
6,talk,1,0,4,VOTE Agent[11]
6,talk,2,0,2,VOTE Agent[11]
6,talk,3,0,8,IDENTIFIED Agent[10] WEREWOLF
6,talk,4,0,14,VOTE Agent[15]
6,talk,5,0,9,VOTE Agent[11]
6,talk,6,0,12,VOTE Agent[11]
6,talk,7,0,11,VOTE Agent[15]
6,talk,8,0,15,AND (GUARDED Agent[06]) (NOT (ESTIMATE Agent[06] WEREWOLF))
6,talk,9,1,8,VOTE Agent[11]
6,talk,10,1,14,VOTE Agent[15]
6,talk,11,1,2,Skip
6,talk,12,1,12,Skip
6,talk,13,1,9,VOTE Agent[11]
6,talk,14,1,15,REQUEST ANY (VOTE Agent[11])
6,talk,15,1,6,VOTE Agent[11]
6,talk,16,1,4,Skip
6,talk,17,1,11,VOTE Agent[15]
6,talk,18,2,12,VOTE Agent[15]
6,talk,19,2,2,VOTE Agent[15]
6,talk,20,2,9,VOTE Agent[15]
6,talk,21,2,4,VOTE Agent[15]
6,talk,22,2,15,REQUEST ANY (VOTE Agent[11])
6,talk,23,2,6,VOTE Agent[11]
6,talk,24,2,11,Skip
6,talk,25,2,14,ESTIMATE Agent[15] WEREWOLF
6,talk,26,2,8,VOTE Agent[15]
6,talk,27,3,8,VOTE Agent[11]
6,talk,28,3,2,VOTE Agent[11]
6,talk,29,3,9,VOTE Agent[11]
6,talk,30,3,12,VOTE Agent[11]
6,talk,31,3,6,VOTE Agent[11]
6,talk,32,3,15,ESTIMATE Agent[11] WEREWOLF
6,talk,33,3,11,VOTE Agent[15]
6,talk,34,3,4,VOTE Agent[11]
6,talk,35,3,14,REQUEST ANY (VOTE Agent[11])
6,talk,36,4,9,VOTE Agent[15]
6,talk,37,4,6,VOTE Agent[11]
6,talk,38,4,14,ESTIMATE Agent[15] WEREWOLF
6,talk,39,4,4,Skip
6,talk,40,4,12,Skip
6,talk,41,4,11,VOTE Agent[15]
6,talk,42,4,2,Skip
6,talk,43,4,8,Skip
6,talk,44,4,15,ESTIMATE Agent[11] WEREWOLF
6,talk,45,5,12,Skip
6,talk,46,5,6,VOTE Agent[11]
6,talk,47,5,9,VOTE Agent[15]
6,talk,48,5,11,VOTE Agent[15]
6,talk,49,5,15,REQUEST ANY (VOTE Agent[11])
6,talk,50,5,8,Skip
6,talk,51,5,4,Skip
6,talk,52,5,2,Skip
6,talk,53,5,14,REQUEST ANY (VOTE Agent[15])
6,talk,54,6,12,Over
6,talk,55,6,6,VOTE Agent[11]
6,talk,56,6,14,REQUEST ANY (VOTE Agent[15])
6,talk,57,6,15,VOTE Agent[11]
6,talk,58,6,4,Over
6,talk,59,6,11,VOTE Agent[15]
6,talk,60,6,9,VOTE Agent[15]
6,talk,61,6,8,Over
6,talk,62,6,2,Over
6,talk,63,7,12,Over
6,talk,64,7,2,Over
6,talk,65,7,4,Over
6,talk,66,7,6,VOTE Agent[11]
6,talk,67,7,14,ESTIMATE Agent[15] WEREWOLF
6,talk,68,7,9,VOTE Agent[11]
6,talk,69,7,8,Over
6,talk,70,7,15,REQUEST ANY (VOTE Agent[11])
6,talk,71,7,11,VOTE Agent[15]
6,talk,72,8,8,Over
6,talk,73,8,2,Over
6,talk,74,8,6,VOTE Agent[11]
6,talk,75,8,12,Over
6,talk,76,8,15,VOTE Agent[11]
6,talk,77,8,9,VOTE Agent[11]
6,talk,78,8,14,REQUEST ANY (VOTE Agent[11])
6,talk,79,8,4,Over
6,talk,80,8,11,VOTE Agent[15]
6,talk,81,9,6,VOTE Agent[11]
6,talk,82,9,15,VOTE Agent[11]
6,talk,83,9,9,VOTE Agent[15]
6,talk,84,9,14,REQUEST ANY (VOTE Agent[15])
6,talk,85,9,2,Over
6,talk,86,9,8,Over
6,talk,87,9,4,Over
6,talk,88,9,12,Over
6,talk,89,9,11,VOTE Agent[15]
6,talk,90,10,4,Over
6,talk,91,10,9,Over
6,talk,92,10,6,Over
6,talk,93,10,2,Over
6,talk,94,10,11,VOTE Agent[15]
6,talk,95,10,14,Over
6,talk,96,10,15,Over
6,talk,97,10,12,Over
6,talk,98,10,8,Over
6,talk,99,11,4,Over
6,talk,100,11,9,Over
6,talk,101,11,14,Over
6,talk,102,11,6,Over
6,talk,103,11,2,Over
6,talk,104,11,11,Over
6,talk,105,11,8,Over
6,talk,106,11,15,Over
6,talk,107,11,12,Over
6,vote,2,11
6,vote,4,11
6,vote,6,11
6,vote,8,11
6,vote,9,15
6,vote,11,15
6,vote,12,11
6,vote,14,11
6,vote,15,11
6,execute,11,WEREWOLF
6,divine,6,15,HUMAN
6,guard,15,6,SEER
7,status,1,VILLAGER,DEAD,tonkatsu
7,status,2,VILLAGER,ALIVE,KP22
7,status,3,VILLAGER,DEAD,kgu_ryu
7,status,4,VILLAGER,ALIVE,sUper_IL
7,status,5,POSSESSED,DEAD,daphne
7,status,6,SEER,ALIVE,Ncu702
7,status,7,WEREWOLF,DEAD,ice
7,status,8,MEDIUM,ALIVE,mikami
7,status,9,VILLAGER,ALIVE,Baguette
7,status,10,WEREWOLF,DEAD,ichida
7,status,11,WEREWOLF,DEAD,Hachi2
7,status,12,VILLAGER,ALIVE,takoyaki
7,status,13,VILLAGER,DEAD,CanisLupus
7,status,14,VILLAGER,ALIVE,ioh
7,status,15,BODYGUARD,ALIVE,Basket
7,result,8,0,VILLAGER
