0,status,1,VILLAGER,ALIVE,tonkatsu
0,status,2,BODYGUARD,ALIVE,KP22
0,status,3,VILLAGER,ALIVE,kgu_ryu
0,status,4,VILLAGER,ALIVE,sUper_IL
0,status,5,MEDIUM,ALIVE,daphne
0,status,6,POSSESSED,ALIVE,Ncu702
0,status,7,VILLAGER,ALIVE,ice
0,status,8,VILLAGER,ALIVE,mikami
0,status,9,VILLAGER,ALIVE,Baguette
0,status,10,SEER,ALIVE,ichida
0,status,11,WEREWOLF,ALIVE,Hachi2
0,status,12,VILLAGER,ALIVE,takoyaki
0,status,13,VILLAGER,ALIVE,CanisLupus
0,status,14,WEREWOLF,ALIVE,ioh
0,status,15,WEREWOLF,ALIVE,Basket
0,whisper,0,0,11,Skip
0,whisper,1,0,14,COMINGOUT Agent[14] SEER
0,whisper,2,0,15,COMINGOUT Agent[15] SEER
0,whisper,3,1,14,Skip
0,whisper,4,1,11,Skip
0,whisper,5,1,15,Skip
0,whisper,6,2,14,Skip
0,whisper,7,2,11,Over
0,whisper,8,2,15,Skip
0,whisper,9,3,14,Over
0,whisper,10,3,15,Over
0,whisper,11,3,11,Over
0,divine,10,9,HUMAN
1,status,1,VILLAGER,ALIVE,tonkatsu
1,status,2,BODYGUARD,ALIVE,KP22
1,status,3,VILLAGER,ALIVE,kgu_ryu
1,status,4,VILLAGER,ALIVE,sUper_IL
1,status,5,MEDIUM,ALIVE,daphne
1,status,6,POSSESSED,ALIVE,Ncu702
1,status,7,VILLAGER,ALIVE,ice
1,status,8,VILLAGER,ALIVE,mikami
1,status,9,VILLAGER,ALIVE,Baguette
1,status,10,SEER,ALIVE,ichida
1,status,11,WEREWOLF,ALIVE,Hachi2
1,status,12,VILLAGER,ALIVE,takoyaki
1,status,13,VILLAGER,ALIVE,CanisLupus
1,status,14,WEREWOLF,ALIVE,ioh
1,status,15,WEREWOLF,ALIVE,Basket
1,talk,0,0,4,VOTE Agent[02]
1,talk,1,0,1,VOTE Agent[02]
1,talk,2,0,12,VOTE Agent[02]
1,talk,3,0,2,VOTE Agent[14]
1,talk,4,0,10,COMINGOUT Agent[10] SEER
1,talk,5,0,6,VOTE Agent[02]
1,talk,6,0,7,VOTE Agent[02]
1,talk,7,0,11,Skip
1,talk,8,0,13,VOTE Agent[02]
1,talk,9,0,8,VOTE Agent[02]
1,talk,10,0,14,COMINGOUT Agent[14] SEER
1,talk,11,0,3,VOTE Agent[02]
1,talk,12,0,9,VOTE Agent[15]
1,talk,13,0,15,COMINGOUT Agent[15] MEDIUM
1,talk,14,0,5,COMINGOUT Agent[05] MEDIUM
1,talk,15,1,2,VOTE Agent[13]
1,talk,16,1,15,ESTIMATE Agent[05] WEREWOLF
1,talk,17,1,14,DIVINED Agent[10] WEREWOLF
1,talk,18,1,6,VOTE Agent[10]
1,talk,19,1,11,VOTE Agent[02]
1,talk,20,1,5,VOTE Agent[02]
1,talk,21,1,9,VOTE Agent[08]
1,talk,22,1,12,VOTE Agent[14]
1,talk,23,1,4,Skip
1,talk,24,1,13,Skip
1,talk,25,1,7,Skip
1,talk,26,1,10,DIVINED Agent[02] WEREWOLF
1,talk,27,1,3,Skip
1,talk,28,1,1,Skip
1,talk,29,1,8,Skip
1,talk,30,2,7,Skip
1,talk,31,2,5,VOTE Agent[14]
1,talk,32,2,11,Skip
1,talk,33,2,4,VOTE Agent[14]
1,talk,34,2,12,VOTE Agent[14]
1,talk,35,2,6,VOTE Agent[14]
1,talk,36,2,15,ESTIMATE Agent[05] WEREWOLF
1,talk,37,2,1,VOTE Agent[02]
1,talk,38,2,3,VOTE Agent[14]
1,talk,39,2,13,VOTE Agent[14]
1,talk,40,2,10,VOTE Agent[14]
1,talk,41,2,2,VOTE Agent[14]
1,talk,42,2,9,VOTE Agent[02]
1,talk,43,2,14,REQUEST ANY (VOTE Agent[10])
1,talk,44,2,8,VOTE Agent[14]
1,talk,45,3,7,VOTE Agent[14]
1,talk,46,3,6,Skip
1,talk,47,3,3,Skip
1,talk,48,3,12,Skip
1,talk,49,3,8,Skip
1,talk,50,3,14,REQUEST ANY (VOTE Agent[10])
1,talk,51,3,9,VOTE Agent[02]
1,talk,52,3,2,Skip
1,talk,53,3,4,Skip
1,talk,54,3,5,Skip
1,talk,55,3,15,VOTE Agent[05]
1,talk,56,3,10,VOTE Agent[14]
1,talk,57,3,11,VOTE Agent[14]
1,talk,58,3,1,VOTE Agent[14]
1,talk,59,3,13,Skip
1,talk,60,4,2,Skip
1,talk,61,4,5,Skip
1,talk,62,4,9,VOTE Agent[02]
1,talk,63,4,3,Skip
1,talk,64,4,4,Skip
1,talk,65,4,7,Skip
1,talk,66,4,13,Skip
1,talk,67,4,12,Skip
1,talk,68,4,1,Skip
1,talk,69,4,11,Skip
1,talk,70,4,15,REQUEST ANY (VOTE Agent[05])
1,talk,71,4,6,Skip
1,talk,72,4,8,Skip
1,talk,73,4,14,ESTIMATE Agent[10] WEREWOLF
1,talk,74,4,10,VOTE Agent[14]
1,talk,75,5,9,VOTE Agent[02]
1,talk,76,5,11,Skip
1,talk,77,5,14,ESTIMATE Agent[10] WEREWOLF
1,talk,78,5,2,Over
1,talk,79,5,15,ESTIMATE Agent[05] WEREWOLF
1,talk,80,5,3,Over
1,talk,81,5,13,Over
1,talk,82,5,8,Over
1,talk,83,5,6,Over
1,talk,84,5,4,Over
1,talk,85,5,7,Skip
1,talk,86,5,1,Skip
1,talk,87,5,12,Over
1,talk,88,5,10,VOTE Agent[14]
1,talk,89,5,5,Over
1,talk,90,6,12,Over
1,talk,91,6,4,Over
1,talk,92,6,9,VOTE Agent[02]
1,talk,93,6,1,Over
1,talk,94,6,10,VOTE Agent[14]
1,talk,95,6,3,Over
1,talk,96,6,5,Over
1,talk,97,6,11,Over
1,talk,98,6,6,Over
1,talk,99,6,2,Over
1,talk,100,6,15,ESTIMATE Agent[05] WEREWOLF
1,talk,101,6,13,Over
1,talk,102,6,7,Over
1,talk,103,6,8,Over
1,talk,104,6,14,REQUEST ANY (VOTE Agent[10])
1,talk,105,7,5,Over
1,talk,106,7,1,Over
1,talk,107,7,7,Over
1,talk,108,7,3,Over
1,talk,109,7,2,Over
1,talk,110,7,14,ESTIMATE Agent[10] WEREWOLF
1,talk,111,7,13,Over
1,talk,112,7,15,ESTIMATE Agent[05] WEREWOLF
1,talk,113,7,6,Over
1,talk,114,7,10,VOTE Agent[14]
1,talk,115,7,8,Over
1,talk,116,7,9,VOTE Agent[02]
1,talk,117,7,11,Over
1,talk,118,7,4,Over
1,talk,119,7,12,Over
1,talk,120,8,6,Over
1,talk,121,8,10,VOTE Agent[14]
1,talk,122,8,1,Over
1,talk,123,8,3,Over
1,talk,124,8,5,Over
1,talk,125,8,4,Over
1,talk,126,8,11,Over
1,talk,127,8,12,Over
1,talk,128,8,9,VOTE Agent[02]
1,talk,129,8,2,Over
1,talk,130,8,13,Over
1,talk,131,8,7,Over
1,talk,132,8,14,REQUEST ANY (VOTE Agent[10])
1,talk,133,8,8,Over
1,talk,134,8,15,REQUEST ANY (VOTE Agent[05])
1,talk,135,9,4,Over
1,talk,136,9,9,VOTE Agent[02]
1,talk,137,9,7,Over
1,talk,138,9,8,Over
1,talk,139,9,11,Over
1,talk,140,9,5,Over
1,talk,141,9,2,Over
1,talk,142,9,6,Over
1,talk,143,9,1,Over
1,talk,144,9,3,Over
1,talk,145,9,14,VOTE Agent[10]
1,talk,146,9,10,VOTE Agent[14]
1,talk,147,9,13,Over
1,talk,148,9,15,ESTIMATE Agent[05] WEREWOLF
1,talk,149,9,12,Over
1,talk,150,10,3,Over
1,talk,151,10,7,Over
1,talk,152,10,6,Over
1,talk,153,10,13,Over
1,talk,154,10,8,Over
1,talk,155,10,4,Over
1,talk,156,10,9,Over
1,talk,157,10,10,Over
1,talk,158,10,1,Over
1,talk,159,10,15,Over
1,talk,160,10,2,Over
1,talk,161,10,12,Over
1,talk,162,10,14,Over
1,talk,163,10,11,Over
1,talk,164,10,5,Over
1,vote,1,14
1,vote,2,14
1,vote,3,14
1,vote,4,14
1,vote,5,14
1,vote,6,14
1,vote,7,14
1,vote,8,14
1,vote,9,2
1,vote,10,14
1,vote,11,14
1,vote,12,14
1,vote,13,14
1,vote,14,2
1,vote,15,14
1,execute,14,WEREWOLF
1,divine,10,5,HUMAN
1,whisper,0,0,11,Skip
1,whisper,1,0,15,ATTACK Agent[10]
1,whisper,2,1,15,Skip
1,whisper,3,1,11,Skip
1,whisper,4,2,15,Skip
1,whisper,5,2,11,Over
1,whisper,6,3,15,Over
1,whisper,7,3,11,Over
1,guard,2,10,SEER
1,attackVote,11,13
1,attackVote,15,10
1,attackVote,11,13
1,attackVote,15,10
1,attack,13,true
2,status,1,VILLAGER,ALIVE,tonkatsu
2,status,2,BODYGUARD,ALIVE,KP22
2,status,3,VILLAGER,ALIVE,kgu_ryu
2,status,4,VILLAGER,ALIVE,sUper_IL
2,status,5,MEDIUM,ALIVE,daphne
2,status,6,POSSESSED,ALIVE,Ncu702
2,status,7,VILLAGER,ALIVE,ice
2,status,8,VILLAGER,ALIVE,mikami
2,status,9,VILLAGER,ALIVE,Baguette
2,status,10,SEER,ALIVE,ichida
2,status,11,WEREWOLF,ALIVE,Hachi2
2,status,12,VILLAGER,ALIVE,takoyaki
2,status,13,VILLAGER,DEAD,CanisLupus
2,status,14,WEREWOLF,DEAD,ioh
2,status,15,WEREWOLF,ALIVE,Basket
2,talk,0,0,5,IDENTIFIED Agent[14] WEREWOLF
2,talk,1,0,7,VOTE Agent[09]
2,talk,2,0,12,VOTE Agent[07]
2,talk,3,0,9,VOTE Agent[07]
2,talk,4,0,15,IDENTIFIED Agent[14] HUMAN
2,talk,5,0,3,VOTE Agent[07]
2,talk,6,0,1,VOTE Agent[07]
2,talk,7,0,4,VOTE Agent[07]
2,talk,8,0,6,VOTE Agent[10]
2,talk,9,0,8,VOTE Agent[07]
2,talk,10,0,2,VOTE Agent[07]
2,talk,11,0,10,DIVINED Agent[07] WEREWOLF
2,talk,12,0,11,VOTE Agent[07]
2,talk,13,1,10,VOTE Agent[07]
2,talk,14,1,4,Skip
2,talk,15,1,5,VOTE Agent[07]
2,talk,16,1,11,Skip
2,talk,17,1,9,VOTE Agent[07]
2,talk,18,1,12,Skip
2,talk,19,1,1,Skip
2,talk,20,1,8,Skip
2,talk,21,1,2,Skip
2,talk,22,1,7,VOTE Agent[09]
2,talk,23,1,15,ESTIMATE Agent[05] WEREWOLF
2,talk,24,1,3,Skip
2,talk,25,1,6,Skip
2,talk,26,2,1,Skip
2,talk,27,2,2,Skip
2,talk,28,2,6,Skip
2,talk,29,2,9,VOTE Agent[07]
2,talk,30,2,15,REQUEST ANY (VOTE Agent[05])
2,talk,31,2,11,Skip
2,talk,32,2,12,Skip
2,talk,33,2,7,VOTE Agent[09]
2,talk,34,2,5,Skip
2,talk,35,2,8,Skip
2,talk,36,2,4,Skip
2,talk,37,2,3,Skip
2,talk,38,2,10,VOTE Agent[07]
2,talk,39,3,9,VOTE Agent[07]
2,talk,40,3,10,VOTE Agent[07]
2,talk,41,3,15,ESTIMATE Agent[05] WEREWOLF
2,talk,42,3,11,Over
2,talk,43,3,6,Over
2,talk,44,3,3,Over
2,talk,45,3,5,Skip
2,talk,46,3,1,Over
2,talk,47,3,12,Over
2,talk,48,3,7,VOTE Agent[09]
2,talk,49,3,8,Over
2,talk,50,3,2,Over
2,talk,51,3,4,Over
2,talk,52,4,1,Over
2,talk,53,4,8,Over
2,talk,54,4,4,Over
2,talk,55,4,7,VOTE Agent[09]
2,talk,56,4,5,Over
2,talk,57,4,12,Over
2,talk,58,4,10,VOTE Agent[07]
2,talk,59,4,9,VOTE Agent[07]
2,talk,60,4,15,REQUEST ANY (VOTE Agent[05])
2,talk,61,4,6,Over
2,talk,62,4,2,Over
2,talk,63,4,11,Over
2,talk,64,4,3,Over
2,talk,65,5,12,Over
2,talk,66,5,1,Over
2,talk,67,5,9,VOTE Agent[07]
2,talk,68,5,5,Over
2,talk,69,5,10,VOTE Agent[07]
2,talk,70,5,11,Over
2,talk,71,5,6,Over
2,talk,72,5,3,Over
2,talk,73,5,15,REQUEST ANY (VOTE Agent[05])
2,talk,74,5,7,VOTE Agent[09]
2,talk,75,5,4,Over
2,talk,76,5,8,Over
2,talk,77,5,2,Over
2,talk,78,6,7,VOTE Agent[09]
2,talk,79,6,1,Over
2,talk,80,6,6,Over
2,talk,81,6,5,Over
2,talk,82,6,3,Over
2,talk,83,6,12,Over
2,talk,84,6,11,Over
2,talk,85,6,8,Over
2,talk,86,6,9,VOTE Agent[07]
2,talk,87,6,2,Over
2,talk,88,6,10,VOTE Agent[07]
2,talk,89,6,15,ESTIMATE Agent[05] WEREWOLF
2,talk,90,6,4,Over
2,talk,91,7,8,Over
2,talk,92,7,5,Over
2,talk,93,7,3,Over
2,talk,94,7,1,Over
2,talk,95,7,6,Over
2,talk,96,7,15,ESTIMATE Agent[05] WEREWOLF
2,talk,97,7,7,VOTE Agent[09]
2,talk,98,7,9,VOTE Agent[07]
2,talk,99,7,11,Over
2,talk,100,7,2,Over
2,talk,101,7,12,Over
2,talk,102,7,10,VOTE Agent[07]
2,talk,103,7,4,Over
2,talk,104,8,10,VOTE Agent[07]
2,talk,105,8,8,Over
2,talk,106,8,2,Over
2,talk,107,8,5,Over
2,talk,108,8,1,Over
2,talk,109,8,15,REQUEST ANY (VOTE Agent[05])
2,talk,110,8,9,VOTE Agent[07]
2,talk,111,8,11,Over
2,talk,112,8,3,Over
2,talk,113,8,4,Over
2,talk,114,8,7,VOTE Agent[09]
2,talk,115,8,12,Over
2,talk,116,8,6,Over
2,talk,117,9,5,Over
2,talk,118,9,2,Over
2,talk,119,9,15,REQUEST ANY (VOTE Agent[05])
2,talk,120,9,10,VOTE Agent[07]
2,talk,121,9,4,Over
2,talk,122,9,11,Over
2,talk,123,9,9,VOTE Agent[07]
2,talk,124,9,7,VOTE Agent[09]
2,talk,125,9,12,Over
2,talk,126,9,6,Over
2,talk,127,9,1,Over
2,talk,128,9,8,Over
2,talk,129,9,3,Over
2,talk,130,10,9,Over
2,talk,131,10,6,Over
2,talk,132,10,10,Over
2,talk,133,10,5,Over
2,talk,134,10,7,Over
2,talk,135,10,4,Over
2,talk,136,10,1,Over
2,talk,137,10,3,Over
2,talk,138,10,12,Over
2,talk,139,10,8,Over
2,talk,140,10,15,Over
2,talk,141,10,11,Over
2,talk,142,10,2,Over
2,vote,1,7
2,vote,2,7
2,vote,3,7
2,vote,4,7
2,vote,5,7
2,vote,6,7
2,vote,7,9
2,vote,8,7
2,vote,9,7
2,vote,10,7
2,vote,11,7
2,vote,12,7
2,vote,15,7
2,execute,7,VILLAGER
2,divine,10,11,WEREWOLF
2,whisper,0,0,11,Skip
2,whisper,1,0,15,ATTACK Agent[10]
2,whisper,2,1,11,Skip
2,whisper,3,1,15,Skip
2,whisper,4,2,11,Over
2,whisper,5,2,15,Skip
2,whisper,6,3,15,Over
2,whisper,7,3,11,Over
2,guard,2,10,SEER
2,attackVote,11,9
2,attackVote,15,10
2,attackVote,11,9
2,attackVote,15,10
2,attack,10,false
3,status,1,VILLAGER,ALIVE,tonkatsu
3,status,2,BODYGUARD,ALIVE,KP22
3,status,3,VILLAGER,ALIVE,kgu_ryu
3,status,4,VILLAGER,ALIVE,sUper_IL
3,status,5,MEDIUM,ALIVE,daphne
3,status,6,POSSESSED,ALIVE,Ncu702
3,status,7,VILLAGER,DEAD,ice
3,status,8,VILLAGER,ALIVE,mikami
3,status,9,VILLAGER,ALIVE,Baguette
3,status,10,SEER,ALIVE,ichida
3,status,11,WEREWOLF,ALIVE,Hachi2
3,status,12,VILLAGER,ALIVE,takoyaki
3,status,13,VILLAGER,DEAD,CanisLupus
3,status,14,WEREWOLF,DEAD,ioh
3,status,15,WEREWOLF,ALIVE,Basket
3,talk,0,0,6,VOTE Agent[10]
3,talk,1,0,9,VOTE Agent[02]
3,talk,2,0,12,VOTE Agent[09]
3,talk,3,0,10,DIVINED Agent[09] WEREWOLF
3,talk,4,0,11,VOTE Agent[02]
3,talk,5,0,3,VOTE Agent[09]
3,talk,6,0,15,IDENTIFIED Agent[07] WEREWOLF
3,talk,7,0,1,VOTE Agent[09]
3,talk,8,0,8,VOTE Agent[09]
3,talk,9,0,2,VOTE Agent[09]
3,talk,10,0,4,VOTE Agent[09]
3,talk,11,0,5,IDENTIFIED Agent[07] HUMAN
3,talk,12,1,11,VOTE Agent[09]
3,talk,13,1,2,Skip
3,talk,14,1,10,VOTE Agent[09]
3,talk,15,1,9,VOTE Agent[10]
3,talk,16,1,3,Skip
3,talk,17,1,1,Skip
3,talk,18,1,8,Skip
3,talk,19,1,15,ESTIMATE Agent[05] WEREWOLF
3,talk,20,1,4,Skip
3,talk,21,1,12,Skip
3,talk,22,1,6,Skip
3,talk,23,1,5,VOTE Agent[09]
3,talk,24,2,4,Skip
3,talk,25,2,15,VOTE Agent[05]
3,talk,26,2,5,Skip
3,talk,27,2,3,Skip
3,talk,28,2,6,Skip
3,talk,29,2,10,VOTE Agent[09]
3,talk,30,2,9,VOTE Agent[10]
3,talk,31,2,8,Skip
3,talk,32,2,11,Skip
3,talk,33,2,12,Skip
3,talk,34,2,1,Skip
3,talk,35,2,2,Skip
3,talk,36,3,3,Over
3,talk,37,3,15,VOTE Agent[05]
3,talk,38,3,6,Over
3,talk,39,3,11,Skip
3,talk,40,3,1,Over
3,talk,41,3,2,Over
3,talk,42,3,9,VOTE Agent[10]
3,talk,43,3,4,Over
3,talk,44,3,10,VOTE Agent[09]
3,talk,45,3,8,Over
3,talk,46,3,12,Over
3,talk,47,3,5,Skip
3,talk,48,4,5,Over
3,talk,49,4,4,Over
3,talk,50,4,12,Over
3,talk,51,4,15,ESTIMATE Agent[05] WEREWOLF
3,talk,52,4,11,Over
3,talk,53,4,1,Over
3,talk,54,4,3,Over
3,talk,55,4,6,Over
3,talk,56,4,8,Over
3,talk,57,4,9,VOTE Agent[10]
3,talk,58,4,10,VOTE Agent[09]
3,talk,59,4,2,Over
3,talk,60,5,12,Over
3,talk,61,5,11,Over
3,talk,62,5,5,Over
3,talk,63,5,10,VOTE Agent[09]
3,talk,64,5,3,Over
3,talk,65,5,2,Over
3,talk,66,5,9,VOTE Agent[10]
3,talk,67,5,4,Over
3,talk,68,5,8,Over
3,talk,69,5,1,Over
3,talk,70,5,6,Over
3,talk,71,5,15,VOTE Agent[05]
3,talk,72,6,11,Over
3,talk,73,6,5,Over
3,talk,74,6,8,Over
3,talk,75,6,1,Over
3,talk,76,6,4,Over
3,talk,77,6,15,REQUEST ANY (VOTE Agent[05])
3,talk,78,6,2,Over
3,talk,79,6,6,Over
3,talk,80,6,12,Over
3,talk,81,6,9,VOTE Agent[10]
3,talk,82,6,10,VOTE Agent[09]
3,talk,83,6,3,Over
3,talk,84,7,1,Over
3,talk,85,7,8,Over
3,talk,86,7,11,Over
3,talk,87,7,2,Over
3,talk,88,7,12,Over
3,talk,89,7,15,REQUEST ANY (VOTE Agent[05])
3,talk,90,7,5,Over
3,talk,91,7,6,Over
3,talk,92,7,10,VOTE Agent[09]
3,talk,93,7,4,Over
3,talk,94,7,3,Over
3,talk,95,7,9,VOTE Agent[10]
3,talk,96,8,5,Over
3,talk,97,8,6,Over
3,talk,98,8,4,Over
3,talk,99,8,10,VOTE Agent[09]
3,talk,100,8,9,VOTE Agent[10]
3,talk,101,8,2,Over
3,talk,102,8,8,Over
3,talk,103,8,1,Over
3,talk,104,8,3,Over
3,talk,105,8,15,REQUEST ANY (VOTE Agent[05])
3,talk,106,8,11,Over
3,talk,107,8,12,Over
3,talk,108,9,9,VOTE Agent[10]
3,talk,109,9,4,Over
3,talk,110,9,1,Over
3,talk,111,9,10,VOTE Agent[09]
3,talk,112,9,6,Over
3,talk,113,9,11,Over
3,talk,114,9,5,Over
3,talk,115,9,12,Over
3,talk,116,9,2,Over
3,talk,117,9,3,Over
3,talk,118,9,15,REQUEST ANY (VOTE Agent[05])
3,talk,119,9,8,Over
3,talk,120,10,12,Over
3,talk,121,10,9,Over
3,talk,122,10,3,Over
3,talk,123,10,8,Over
3,talk,124,10,4,Over
3,talk,125,10,5,Over
3,talk,126,10,10,Over
3,talk,127,10,11,Over
3,talk,128,10,1,Over
3,talk,129,10,15,Over
3,talk,130,10,2,Over
3,talk,131,10,6,Over
3,vote,1,9
3,vote,2,9
3,vote,3,9
3,vote,4,9
3,vote,5,9
3,vote,6,9
3,vote,8,9
3,vote,9,10
3,vote,10,9
3,vote,11,9
3,vote,12,9
3,vote,15,9
3,execute,9,VILLAGER
3,divine,10,15,WEREWOLF
3,whisper,0,0,11,Skip
3,whisper,1,0,15,ATTACK Agent[01]
3,whisper,2,1,11,Skip
3,whisper,3,1,15,Skip
3,whisper,4,2,15,Skip
3,whisper,5,2,11,Over
3,whisper,6,3,11,Over
3,whisper,7,3,15,Over
3,guard,2,10,SEER
3,attackVote,11,6
3,attackVote,15,1
3,attackVote,11,6
3,attackVote,15,1
3,attack,1,true
4,status,1,VILLAGER,DEAD,tonkatsu
4,status,2,BODYGUARD,ALIVE,KP22
4,status,3,VILLAGER,ALIVE,kgu_ryu
4,status,4,VILLAGER,ALIVE,sUper_IL
4,status,5,MEDIUM,ALIVE,daphne
4,status,6,POSSESSED,ALIVE,Ncu702
4,status,7,VILLAGER,DEAD,ice
4,status,8,VILLAGER,ALIVE,mikami
4,status,9,VILLAGER,DEAD,Baguette
4,status,10,SEER,ALIVE,ichida
4,status,11,WEREWOLF,ALIVE,Hachi2
4,status,12,VILLAGER,ALIVE,takoyaki
4,status,13,VILLAGER,DEAD,CanisLupus
4,status,14,WEREWOLF,DEAD,ioh
4,status,15,WEREWOLF,ALIVE,Basket
4,talk,0,0,8,VOTE Agent[02]
4,talk,1,0,2,VOTE Agent[11]
4,talk,2,0,15,IDENTIFIED Agent[09] WEREWOLF
4,talk,3,0,6,VOTE Agent[10]
4,talk,4,0,12,VOTE Agent[11]
4,talk,5,0,5,IDENTIFIED Agent[09] HUMAN
4,talk,6,0,10,DIVINED Agent[11] WEREWOLF
4,talk,7,0,4,VOTE Agent[11]
4,talk,8,0,11,VOTE Agent[02]
4,talk,9,0,3,VOTE Agent[11]
4,talk,10,1,15,REQUEST ANY (VOTE Agent[05])
4,talk,11,1,12,VOTE Agent[11]
4,talk,12,1,4,VOTE Agent[11]
4,talk,13,1,2,VOTE Agent[05]
4,talk,14,1,11,Skip
4,talk,15,1,8,VOTE Agent[11]
4,talk,16,1,5,VOTE Agent[11]
4,talk,17,1,3,Skip
4,talk,18,1,6,Skip
4,talk,19,1,10,VOTE Agent[11]
4,talk,20,2,12,Skip
4,talk,21,2,2,VOTE Agent[05]
4,talk,22,2,11,VOTE Agent[02]
4,talk,23,2,10,VOTE Agent[11]
4,talk,24,2,15,VOTE Agent[05]
4,talk,25,2,8,Skip
4,talk,26,2,3,Skip
4,talk,27,2,5,Skip
4,talk,28,2,4,Skip
4,talk,29,2,6,Skip
4,talk,30,3,5,VOTE Agent[04]
4,talk,31,3,3,VOTE Agent[04]
4,talk,32,3,2,VOTE Agent[05]
4,talk,33,3,6,Over
4,talk,34,3,8,VOTE Agent[11]
4,talk,35,3,11,VOTE Agent[04]
4,talk,36,3,12,VOTE Agent[04]
4,talk,37,3,4,VOTE Agent[02]
4,talk,38,3,10,VOTE Agent[15]
4,talk,39,3,15,REQUEST ANY (VOTE Agent[05])
4,talk,40,4,11,Skip
4,talk,41,4,4,VOTE Agent[02]
4,talk,42,4,3,VOTE Agent[04]
4,talk,43,4,5,Skip
4,talk,44,4,6,Over
4,talk,45,4,10,VOTE Agent[15]
4,talk,46,4,2,VOTE Agent[05]
4,talk,47,4,15,REQUEST ANY (VOTE Agent[05])
4,talk,48,4,8,VOTE Agent[04]
4,talk,49,4,12,Skip
4,talk,50,5,5,Skip
4,talk,51,5,11,Skip
4,talk,52,5,6,Over
4,talk,53,5,12,Skip
4,talk,54,5,15,VOTE Agent[05]
4,talk,55,5,8,Skip
4,talk,56,5,2,VOTE Agent[05]
4,talk,57,5,4,VOTE Agent[02]
4,talk,58,5,3,Skip
4,talk,59,5,10,VOTE Agent[15]
4,talk,60,6,2,VOTE Agent[05]
4,talk,61,6,4,VOTE Agent[02]
4,talk,62,6,12,Over
4,talk,63,6,6,Over
4,talk,64,6,15,REQUEST ANY (VOTE Agent[05])
4,talk,65,6,11,Over
4,talk,66,6,3,Skip
4,talk,67,6,10,VOTE Agent[15]
4,talk,68,6,8,Skip
4,talk,69,6,5,Over
4,talk,70,7,4,VOTE Agent[02]
4,talk,71,7,12,Over
4,talk,72,7,10,VOTE Agent[15]
4,talk,73,7,8,Over
4,talk,74,7,11,Over
4,talk,75,7,6,Over
4,talk,76,7,15,REQUEST ANY (VOTE Agent[05])
4,talk,77,7,2,VOTE Agent[05]
4,talk,78,7,3,Over
4,talk,79,7,5,Over
4,talk,80,8,5,Over
4,talk,81,8,4,VOTE Agent[02]
4,talk,82,8,3,Over
4,talk,83,8,12,Over
4,talk,84,8,6,Over
4,talk,85,8,10,VOTE Agent[15]
4,talk,86,8,2,VOTE Agent[05]
4,talk,87,8,15,ESTIMATE Agent[05] WEREWOLF
4,talk,88,8,11,Over
4,talk,89,8,8,Over
4,talk,90,9,4,VOTE Agent[02]
4,talk,91,9,10,VOTE Agent[15]
4,talk,92,9,3,Over
4,talk,93,9,8,Over
4,talk,94,9,2,VOTE Agent[05]
4,talk,95,9,5,Over
4,talk,96,9,12,Over
4,talk,97,9,6,Over
4,talk,98,9,15,ESTIMATE Agent[05] WEREWOLF
4,talk,99,9,11,Over
4,talk,100,10,10,Over
4,talk,101,10,11,Over
4,talk,102,10,12,Over
4,talk,103,10,15,Over
4,talk,104,10,5,Over
4,talk,105,10,6,Over
4,talk,106,10,2,Over
4,talk,107,10,8,Over
4,talk,108,10,4,VOTE Agent[02]
4,talk,109,10,3,Over
4,talk,110,11,11,Over
4,talk,111,11,15,Over
4,talk,112,11,3,Over
4,talk,113,11,8,Over
4,talk,114,11,6,Over
4,talk,115,11,5,Over
4,talk,116,11,2,Over
4,talk,117,11,10,Over
4,talk,118,11,12,Over
4,talk,119,11,4,Over
4,vote,2,5
4,vote,3,4
4,vote,4,2
4,vote,5,4
4,vote,6,4
4,vote,8,4
4,vote,10,4
4,vote,11,4
4,vote,12,4
4,vote,15,4
4,execute,4,VILLAGER
4,divine,10,2,HUMAN
4,whisper,0,0,11,Skip
4,whisper,1,0,15,ATTACK Agent[06]
4,whisper,2,1,15,Skip
4,whisper,3,1,11,Skip
4,whisper,4,2,15,Skip
4,whisper,5,2,11,Over
4,whisper,6,3,11,Over
4,whisper,7,3,15,Over
4,guard,2,10,SEER
4,attackVote,11,6
4,attackVote,15,6
4,attack,6,true
5,status,1,VILLAGER,DEAD,tonkatsu
5,status,2,BODYGUARD,ALIVE,KP22
5,status,3,VILLAGER,ALIVE,kgu_ryu
5,status,4,VILLAGER,DEAD,sUper_IL
5,status,5,MEDIUM,ALIVE,daphne
5,status,6,POSSESSED,DEAD,Ncu702
5,status,7,VILLAGER,DEAD,ice
5,status,8,VILLAGER,ALIVE,mikami
5,status,9,VILLAGER,DEAD,Baguette
5,status,10,SEER,ALIVE,ichida
5,status,11,WEREWOLF,ALIVE,Hachi2
5,status,12,VILLAGER,ALIVE,takoyaki
5,status,13,VILLAGER,DEAD,CanisLupus
5,status,14,WEREWOLF,DEAD,ioh
5,status,15,WEREWOLF,ALIVE,Basket
5,talk,0,0,8,VOTE Agent[02]
5,talk,1,0,5,IDENTIFIED Agent[04] HUMAN
5,talk,2,0,11,VOTE Agent[02]
5,talk,3,0,15,IDENTIFIED Agent[04] HUMAN
5,talk,4,0,2,VOTE Agent[05]
5,talk,5,0,10,DIVINED Agent[05] WEREWOLF
5,talk,6,0,3,VOTE Agent[02]
5,talk,7,0,12,VOTE Agent[02]
5,talk,8,1,2,VOTE Agent[05]
5,talk,9,1,12,Skip
5,talk,10,1,5,VOTE Agent[02]
5,talk,11,1,15,ESTIMATE Agent[05] WEREWOLF
5,talk,12,1,8,Skip
5,talk,13,1,10,VOTE Agent[02]
5,talk,14,1,3,Skip
5,talk,15,1,11,Skip
5,talk,16,2,12,VOTE Agent[08]
5,talk,17,2,10,VOTE Agent[02]
5,talk,18,2,3,VOTE Agent[08]
5,talk,19,2,2,VOTE Agent[08]
5,talk,20,2,5,VOTE Agent[08]
5,talk,21,2,8,VOTE Agent[02]
5,talk,22,2,15,REQUEST ANY (VOTE Agent[05])
5,talk,23,2,11,VOTE Agent[08]
5,talk,24,3,5,Skip
5,talk,25,3,11,Skip
5,talk,26,3,15,VOTE Agent[05]
5,talk,27,3,3,Skip
5,talk,28,3,12,Skip
5,talk,29,3,10,VOTE Agent[02]
5,talk,30,3,8,VOTE Agent[02]
5,talk,31,3,2,VOTE Agent[05]
5,talk,32,4,8,VOTE Agent[02]
5,talk,33,4,5,Skip
5,talk,34,4,2,VOTE Agent[05]
5,talk,35,4,3,Skip
5,talk,36,4,11,Skip
5,talk,37,4,10,VOTE Agent[02]
5,talk,38,4,12,Skip
5,talk,39,4,15,ESTIMATE Agent[05] WEREWOLF
5,talk,40,5,12,Over
5,talk,41,5,3,Over
5,talk,42,5,8,VOTE Agent[02]
5,talk,43,5,11,Over
5,talk,44,5,10,VOTE Agent[02]
5,talk,45,5,15,REQUEST ANY (VOTE Agent[05])
5,talk,46,5,2,VOTE Agent[05]
5,talk,47,5,5,Over
5,talk,48,6,3,Over
5,talk,49,6,15,VOTE Agent[05]
5,talk,50,6,2,VOTE Agent[05]
5,talk,51,6,11,Over
5,talk,52,6,10,VOTE Agent[02]
5,talk,53,6,8,VOTE Agent[02]
5,talk,54,6,12,Over
5,talk,55,6,5,Over
5,talk,56,7,11,Over
5,talk,57,7,5,Over
5,talk,58,7,12,Over
5,talk,59,7,10,VOTE Agent[02]
5,talk,60,7,3,Over
5,talk,61,7,2,VOTE Agent[05]
5,talk,62,7,15,ESTIMATE Agent[05] WEREWOLF
5,talk,63,7,8,VOTE Agent[02]
5,talk,64,8,10,VOTE Agent[02]
5,talk,65,8,15,ESTIMATE Agent[05] WEREWOLF
5,talk,66,8,3,Over
5,talk,67,8,11,Over
5,talk,68,8,12,Over
5,talk,69,8,2,VOTE Agent[05]
5,talk,70,8,8,VOTE Agent[02]
5,talk,71,8,5,Over
5,talk,72,9,2,VOTE Agent[05]
5,talk,73,9,10,VOTE Agent[02]
5,talk,74,9,5,Over
5,talk,75,9,12,Over
5,talk,76,9,15,VOTE Agent[05]
5,talk,77,9,11,Over
5,talk,78,9,8,VOTE Agent[02]
5,talk,79,9,3,Over
5,talk,80,10,10,Over
5,talk,81,10,8,VOTE Agent[02]
5,talk,82,10,5,Over
5,talk,83,10,2,Over
5,talk,84,10,11,Over
5,talk,85,10,12,Over
5,talk,86,10,15,Over
5,talk,87,10,3,Over
5,talk,88,11,10,Over
5,talk,89,11,15,Over
5,talk,90,11,5,Over
5,talk,91,11,11,Over
5,talk,92,11,8,Over
5,talk,93,11,3,Over
5,talk,94,11,12,Over
5,talk,95,11,2,Over
5,vote,2,5
5,vote,3,8
5,vote,5,8
5,vote,8,2
5,vote,10,8
5,vote,11,8
5,vote,12,8
5,vote,15,8
5,execute,8,VILLAGER
5,divine,10,12,HUMAN
5,whisper,0,0,15,ATTACK Agent[12]
5,whisper,1,0,11,Skip
5,whisper,2,1,15,Skip
5,whisper,3,1,11,Skip
5,whisper,4,2,11,Over
5,whisper,5,2,15,Skip
5,whisper,6,3,15,Over
5,whisper,7,3,11,Over
5,guard,2,10,SEER
5,attackVote,11,12
5,attackVote,15,12
5,attack,12,true
6,status,1,VILLAGER,DEAD,tonkatsu
6,status,2,BODYGUARD,ALIVE,KP22
6,status,3,VILLAGER,ALIVE,kgu_ryu
6,status,4,VILLAGER,DEAD,sUper_IL
6,status,5,MEDIUM,ALIVE,daphne
6,status,6,POSSESSED,DEAD,Ncu702
6,status,7,VILLAGER,DEAD,ice
6,status,8,VILLAGER,DEAD,mikami
6,status,9,VILLAGER,DEAD,Baguette
6,status,10,SEER,ALIVE,ichida
6,status,11,WEREWOLF,ALIVE,Hachi2
6,status,12,VILLAGER,DEAD,takoyaki
6,status,13,VILLAGER,DEAD,CanisLupus
6,status,14,WEREWOLF,DEAD,ioh
6,status,15,WEREWOLF,ALIVE,Basket
6,talk,0,0,15,IDENTIFIED Agent[08] HUMAN
6,talk,1,0,2,VOTE Agent[05]
6,talk,2,0,3,VOTE Agent[02]
6,talk,3,0,10,DIVINED Agent[03] WEREWOLF
6,talk,4,0,11,VOTE Agent[02]
6,talk,5,0,5,IDENTIFIED Agent[08] HUMAN
6,talk,6,1,2,VOTE Agent[05]
6,talk,7,1,11,Skip
6,talk,8,1,15,ESTIMATE Agent[05] WEREWOLF
6,talk,9,1,3,VOTE Agent[02]
6,talk,10,1,10,VOTE Agent[15]
6,talk,11,1,5,VOTE Agent[02]
6,talk,12,2,11,Skip
6,talk,13,2,2,VOTE Agent[05]
6,talk,14,2,10,VOTE Agent[15]
6,talk,15,2,15,ESTIMATE Agent[05] WEREWOLF
6,talk,16,2,3,Skip
6,talk,17,2,5,VOTE Agent[11]
6,talk,18,3,15,VOTE Agent[05]
6,talk,19,3,2,VOTE Agent[05]
6,talk,20,3,11,Over
6,talk,21,3,5,Skip
6,talk,22,3,10,VOTE Agent[15]
6,talk,23,3,3,VOTE Agent[11]
6,talk,24,4,10,VOTE Agent[15]
6,talk,25,4,2,VOTE Agent[05]
6,talk,26,4,5,Skip
6,talk,27,4,3,VOTE Agent[11]
6,talk,28,4,15,VOTE Agent[05]
6,talk,29,4,11,VOTE Agent[05]
6,talk,30,5,5,Over
6,talk,31,5,10,VOTE Agent[15]
6,talk,32,5,11,Skip
6,talk,33,5,3,VOTE Agent[11]
6,talk,34,5,15,ESTIMATE Agent[05] WEREWOLF
6,talk,35,5,2,Skip
6,talk,36,6,5,Over
6,talk,37,6,2,Skip
6,talk,38,6,15,VOTE Agent[05]
6,talk,39,6,10,VOTE Agent[15]
6,talk,40,6,11,Skip
6,talk,41,6,3,VOTE Agent[11]
6,talk,42,7,3,VOTE Agent[11]
6,talk,43,7,15,VOTE Agent[05]
6,talk,44,7,5,Over
6,talk,45,7,10,VOTE Agent[15]
6,talk,46,7,11,Over
6,talk,47,7,2,Over
6,talk,48,8,15,ESTIMATE Agent[05] WEREWOLF
6,talk,49,8,5,Over
6,talk,50,8,10,VOTE Agent[15]
6,talk,51,8,2,Over
6,talk,52,8,11,Over
6,talk,53,8,3,VOTE Agent[11]
6,talk,54,9,5,Over
6,talk,55,9,15,ESTIMATE Agent[05] WEREWOLF
6,talk,56,9,11,Over
6,talk,57,9,10,VOTE Agent[15]
6,talk,58,9,3,VOTE Agent[11]
6,talk,59,9,2,Over
6,talk,60,10,10,Over
6,talk,61,10,3,VOTE Agent[11]
6,talk,62,10,2,Over
6,talk,63,10,15,Over
6,talk,64,10,5,Over
6,talk,65,10,11,Over
6,talk,66,11,15,Over
6,talk,67,11,2,Over
6,talk,68,11,11,Over
6,talk,69,11,10,Over
6,talk,70,11,5,Over
6,talk,71,11,3,Over
6,vote,2,5
6,vote,3,11
6,vote,5,11
6,vote,10,5
6,vote,11,5
6,vote,15,5
6,execute,5,MEDIUM
6,divine,10,3,HUMAN
6,whisper,0,0,11,Skip
6,whisper,1,0,15,ATTACK Agent[03]
6,whisper,2,1,15,Skip
6,whisper,3,1,11,Skip
6,whisper,4,2,11,Over
6,whisper,5,2,15,Skip
6,whisper,6,3,15,Over
6,whisper,7,3,11,Over
6,guard,2,10,SEER
6,attackVote,11,10
6,attackVote,15,3
6,attackVote,11,10
6,attackVote,15,3
6,attack,10,false
7,status,1,VILLAGER,DEAD,tonkatsu
7,status,2,BODYGUARD,ALIVE,KP22
7,status,3,VILLAGER,ALIVE,kgu_ryu
7,status,4,VILLAGER,DEAD,sUper_IL
7,status,5,MEDIUM,DEAD,daphne
7,status,6,POSSESSED,DEAD,Ncu702
7,status,7,VILLAGER,DEAD,ice
7,status,8,VILLAGER,DEAD,mikami
7,status,9,VILLAGER,DEAD,Baguette
7,status,10,SEER,ALIVE,ichida
7,status,11,WEREWOLF,ALIVE,Hachi2
7,status,12,VILLAGER,DEAD,takoyaki
7,status,13,VILLAGER,DEAD,CanisLupus
7,status,14,WEREWOLF,DEAD,ioh
7,status,15,WEREWOLF,ALIVE,Basket
7,talk,0,0,11,VOTE Agent[02]
7,talk,1,0,2,VOTE Agent[11]
7,talk,2,0,15,IDENTIFIED Agent[05] HUMAN
7,talk,3,0,10,DIVINED Agent[15] HUMAN
7,talk,4,0,3,VOTE Agent[11]
7,talk,5,1,15,VOTE Agent[10]
7,talk,6,1,2,VOTE Agent[11]
7,talk,7,1,10,VOTE Agent[15]
7,talk,8,1,3,VOTE Agent[11]
7,talk,9,1,11,Skip
7,talk,10,2,2,VOTE Agent[10]
7,talk,11,2,3,VOTE Agent[11]
7,talk,12,2,10,VOTE Agent[15]
7,talk,13,2,11,VOTE Agent[10]
7,talk,14,2,15,ESTIMATE Agent[10] WEREWOLF
7,talk,15,3,15,REQUEST ANY (VOTE Agent[10])
7,talk,16,3,11,Skip
7,talk,17,3,3,VOTE Agent[11]
7,talk,18,3,2,VOTE Agent[11]
7,talk,19,3,10,VOTE Agent[15]
7,talk,20,4,3,VOTE Agent[11]
7,talk,21,4,11,Skip
7,talk,22,4,15,REQUEST ANY (VOTE Agent[10])
7,talk,23,4,2,VOTE Agent[11]
7,talk,24,4,10,VOTE Agent[15]
7,talk,25,5,2,VOTE Agent[11]
7,talk,26,5,11,Over
7,talk,27,5,3,VOTE Agent[11]
7,talk,28,5,15,REQUEST ANY (VOTE Agent[10])
7,talk,29,5,10,VOTE Agent[15]
7,talk,30,6,2,VOTE Agent[11]
7,talk,31,6,11,Over
7,talk,32,6,3,VOTE Agent[11]
7,talk,33,6,10,VOTE Agent[15]
7,talk,34,6,15,VOTE Agent[10]
7,talk,35,7,2,VOTE Agent[11]
7,talk,36,7,10,VOTE Agent[15]
7,talk,37,7,11,Over
7,talk,38,7,3,VOTE Agent[11]
7,talk,39,7,15,VOTE Agent[10]
7,talk,40,8,10,VOTE Agent[15]
7,talk,41,8,3,VOTE Agent[11]
7,talk,42,8,11,Over
7,talk,43,8,15,REQUEST ANY (VOTE Agent[10])
7,talk,44,8,2,VOTE Agent[11]
7,talk,45,9,2,VOTE Agent[11]
7,talk,46,9,15,VOTE Agent[10]
7,talk,47,9,10,VOTE Agent[15]
7,talk,48,9,11,Over
7,talk,49,9,3,VOTE Agent[11]
7,talk,50,10,10,Over
7,talk,51,10,11,Over
7,talk,52,10,3,Over
7,talk,53,10,2,Over
7,talk,54,10,15,Over
7,vote,2,11
7,vote,3,11
7,vote,10,11
7,vote,11,10
7,vote,15,10
7,execute,11,WEREWOLF
7,guard,2,10,SEER
7,attackVote,15,3
7,attack,3,true
8,status,1,VILLAGER,DEAD,tonkatsu
8,status,2,BODYGUARD,ALIVE,KP22
8,status,3,VILLAGER,DEAD,kgu_ryu
8,status,4,VILLAGER,DEAD,sUper_IL
8,status,5,MEDIUM,DEAD,daphne
8,status,6,POSSESSED,DEAD,Ncu702
8,status,7,VILLAGER,DEAD,ice
8,status,8,VILLAGER,DEAD,mikami
8,status,9,VILLAGER,DEAD,Baguette
8,status,10,SEER,ALIVE,ichida
8,status,11,WEREWOLF,DEAD,Hachi2
8,status,12,VILLAGER,DEAD,takoyaki
8,status,13,VILLAGER,DEAD,CanisLupus
8,status,14,WEREWOLF,DEAD,ioh
8,status,15,WEREWOLF,ALIVE,Basket
8,talk,0,0,10,COMINGOUT Agent[10] WEREWOLF
8,talk,1,0,15,IDENTIFIED Agent[11] HUMAN
8,talk,2,0,2,VOTE Agent[10]
8,talk,3,1,10,VOTE Agent[15]
8,talk,4,1,15,COMINGOUT Agent[15] WEREWOLF
8,talk,5,1,2,VOTE Agent[10]
8,talk,6,2,10,VOTE Agent[15]
8,talk,7,2,15,VOTE Agent[10]
8,talk,8,2,2,Skip
8,talk,9,3,10,VOTE Agent[15]
8,talk,10,3,2,Skip
8,talk,11,3,15,VOTE Agent[10]
8,talk,12,4,2,Over
8,talk,13,4,10,VOTE Agent[15]
8,talk,14,4,15,VOTE Agent[10]
8,talk,15,5,10,VOTE Agent[15]
8,talk,16,5,2,Over
8,talk,17,5,15,REQUEST ANY (VOTE Agent[10])
8,talk,18,6,2,Over
8,talk,19,6,15,ESTIMATE Agent[10] WEREWOLF
8,talk,20,6,10,VOTE Agent[15]
8,talk,21,7,2,Over
8,talk,22,7,10,VOTE Agent[15]
8,talk,23,7,15,ESTIMATE Agent[10] WEREWOLF
8,talk,24,8,15,VOTE Agent[10]
8,talk,25,8,2,Over
8,talk,26,8,10,VOTE Agent[15]
8,talk,27,9,15,VOTE Agent[10]
8,talk,28,9,10,VOTE Agent[15]
8,talk,29,9,2,Over
8,talk,30,10,15,Over
8,talk,31,10,10,Over
8,talk,32,10,2,Over
8,vote,2,10
8,vote,10,15
8,vote,15,2
8,vote,2,10
8,vote,10,15
8,vote,15,10
8,execute,10,SEER
8,guard,2,15,WEREWOLF
8,attackVote,15,2
8,attack,2,true
9,status,1,VILLAGER,DEAD,tonkatsu
9,status,2,BODYGUARD,DEAD,KP22
9,status,3,VILLAGER,DEAD,kgu_ryu
9,status,4,VILLAGER,DEAD,sUper_IL
9,status,5,MEDIUM,DEAD,daphne
9,status,6,POSSESSED,DEAD,Ncu702
9,status,7,VILLAGER,DEAD,ice
9,status,8,VILLAGER,DEAD,mikami
9,status,9,VILLAGER,DEAD,Baguette
9,status,10,SEER,DEAD,ichida
9,status,11,WEREWOLF,DEAD,Hachi2
9,status,12,VILLAGER,DEAD,takoyaki
9,status,13,VILLAGER,DEAD,CanisLupus
9,status,14,WEREWOLF,DEAD,ioh
9,status,15,WEREWOLF,ALIVE,Basket
9,result,0,1,WEREWOLF
