0,status,1,BODYGUARD,ALIVE,tonkatsu
0,status,2,WEREWOLF,ALIVE,KP22
0,status,3,WEREWOLF,ALIVE,kgu_ryu
0,status,4,VILLAGER,ALIVE,sUper_IL
0,status,5,VILLAGER,ALIVE,daphne
0,status,6,VILLAGER,ALIVE,Ncu702
0,status,7,VILLAGER,ALIVE,ice
0,status,8,VILLAGER,ALIVE,mikami
0,status,9,POSSESSED,ALIVE,Baguette
0,status,10,VILLAGER,ALIVE,ichida
0,status,11,VILLAGER,ALIVE,Hachi2
0,status,12,MEDIUM,ALIVE,takoyaki
0,status,13,SEER,ALIVE,CanisLupus
0,status,14,WEREWOLF,ALIVE,ioh
0,status,15,VILLAGER,ALIVE,Basket
0,whisper,0,0,2,Skip
0,whisper,1,0,3,Skip
0,whisper,2,0,14,COMINGOUT Agent[14] SEER
0,whisper,3,1,14,Skip
0,whisper,4,1,3,Skip
0,whisper,5,1,2,Skip
0,whisper,6,2,2,Over
0,whisper,7,2,14,Skip
0,whisper,8,2,3,Over
0,whisper,9,3,14,Over
0,whisper,10,3,3,Over
0,whisper,11,3,2,Over
0,divine,13,5,HUMAN
1,status,1,BODYGUARD,ALIVE,tonkatsu
1,status,2,WEREWOLF,ALIVE,KP22
1,status,3,WEREWOLF,ALIVE,kgu_ryu
1,status,4,VILLAGER,ALIVE,sUper_IL
1,status,5,VILLAGER,ALIVE,daphne
1,status,6,VILLAGER,ALIVE,Ncu702
1,status,7,VILLAGER,ALIVE,ice
1,status,8,VILLAGER,ALIVE,mikami
1,status,9,POSSESSED,ALIVE,Baguette
1,status,10,VILLAGER,ALIVE,ichida
1,status,11,VILLAGER,ALIVE,Hachi2
1,status,12,MEDIUM,ALIVE,takoyaki
1,status,13,SEER,ALIVE,CanisLupus
1,status,14,WEREWOLF,ALIVE,ioh
1,status,15,VILLAGER,ALIVE,Basket
1,talk,0,0,10,VOTE Agent[15]
1,talk,1,0,1,VOTE Agent[15]
1,talk,2,0,4,VOTE Agent[15]
1,talk,3,0,6,VOTE Agent[15]
1,talk,4,0,9,VOTE Agent[05]
1,talk,5,0,8,VOTE Agent[15]
1,talk,6,0,15,VOTE Agent[05]
1,talk,7,0,3,Skip
1,talk,8,0,7,VOTE Agent[15]
1,talk,9,0,11,VOTE Agent[15]
1,talk,10,0,5,VOTE Agent[15]
1,talk,11,0,14,COMINGOUT Agent[14] SEER
1,talk,12,0,2,Skip
1,talk,13,0,13,COMINGOUT Agent[13] SEER
1,talk,14,0,12,COMINGOUT Agent[12] MEDIUM
1,talk,15,1,15,VOTE Agent[03]
1,talk,16,1,11,Skip
1,talk,17,1,10,Skip
1,talk,18,1,7,Skip
1,talk,19,1,3,VOTE Agent[15]
1,talk,20,1,6,Skip
1,talk,21,1,12,VOTE Agent[03]
1,talk,22,1,4,VOTE Agent[02]
1,talk,23,1,14,DIVINED Agent[09] WEREWOLF
1,talk,24,1,5,Skip
1,talk,25,1,8,Skip
1,talk,26,1,13,DIVINED Agent[05] HUMAN
1,talk,27,1,2,VOTE Agent[15]
1,talk,28,1,9,VOTE Agent[05]
1,talk,29,1,1,Skip
1,talk,30,2,10,Skip
1,talk,31,2,1,Skip
1,talk,32,2,7,Skip
1,talk,33,2,2,Skip
1,talk,34,2,14,ESTIMATE Agent[13] WEREWOLF
1,talk,35,2,4,VOTE Agent[11]
1,talk,36,2,11,VOTE Agent[07]
1,talk,37,2,5,Skip
1,talk,38,2,8,Skip
1,talk,39,2,3,Skip
1,talk,40,2,6,Skip
1,talk,41,2,12,VOTE Agent[01]
1,talk,42,2,15,REQUEST ANY (VOTE Agent[14])
1,talk,43,2,9,VOTE Agent[05]
1,talk,44,2,13,VOTE Agent[08]
1,talk,45,3,9,VOTE Agent[12]
1,talk,46,3,4,VOTE Agent[14]
1,talk,47,3,15,ESTIMATE Agent[14] WEREWOLF
1,talk,48,3,8,Over
1,talk,49,3,11,VOTE Agent[07]
1,talk,50,3,1,Over
1,talk,51,3,10,Over
1,talk,52,3,14,VOTE Agent[13]
1,talk,53,3,12,Skip
1,talk,54,3,6,Over
1,talk,55,3,13,VOTE Agent[14]
1,talk,56,3,7,Over
1,talk,57,3,3,Skip
1,talk,58,3,2,Skip
1,talk,59,3,5,Over
1,talk,60,4,14,REQUEST ANY (VOTE Agent[13])
1,talk,61,4,3,Over
1,talk,62,4,5,Over
1,talk,63,4,15,ESTIMATE Agent[14] WEREWOLF
1,talk,64,4,13,VOTE Agent[14]
1,talk,65,4,2,Over
1,talk,66,4,12,Skip
1,talk,67,4,7,Over
1,talk,68,4,6,Over
1,talk,69,4,8,Over
1,talk,70,4,10,Over
1,talk,71,4,9,VOTE Agent[05]
1,talk,72,4,1,Over
1,talk,73,4,4,VOTE Agent[14]
1,talk,74,4,11,VOTE Agent[07]
1,talk,75,5,13,VOTE Agent[14]
1,talk,76,5,11,VOTE Agent[07]
1,talk,77,5,6,Over
1,talk,78,5,8,Over
1,talk,79,5,5,Over
1,talk,80,5,9,VOTE Agent[12]
1,talk,81,5,14,ESTIMATE Agent[13] WEREWOLF
1,talk,82,5,1,Over
1,talk,83,5,4,VOTE Agent[14]
1,talk,84,5,3,Over
1,talk,85,5,7,Over
1,talk,86,5,2,Over
1,talk,87,5,15,ESTIMATE Agent[14] WEREWOLF
1,talk,88,5,12,Over
1,talk,89,5,10,Over
1,talk,90,6,11,VOTE Agent[07]
1,talk,91,6,3,Over
1,talk,92,6,6,Over
1,talk,93,6,9,VOTE Agent[12]
1,talk,94,6,8,Over
1,talk,95,6,5,Over
1,talk,96,6,2,Over
1,talk,97,6,1,Over
1,talk,98,6,12,Over
1,talk,99,6,13,VOTE Agent[14]
1,talk,100,6,10,Over
1,talk,101,6,7,Over
1,talk,102,6,15,ESTIMATE Agent[14] WEREWOLF
1,talk,103,6,4,VOTE Agent[14]
1,talk,104,6,14,VOTE Agent[13]
1,talk,105,7,6,Over
1,talk,106,7,7,Over
1,talk,107,7,10,Over
1,talk,108,7,11,VOTE Agent[07]
1,talk,109,7,3,Over
1,talk,110,7,15,VOTE Agent[14]
1,talk,111,7,5,Over
1,talk,112,7,1,Over
1,talk,113,7,12,VOTE Agent[14]
1,talk,114,7,9,VOTE Agent[05]
1,talk,115,7,8,Over
1,talk,116,7,4,VOTE Agent[14]
1,talk,117,7,2,Over
1,talk,118,7,14,VOTE Agent[13]
1,talk,119,7,13,VOTE Agent[14]
1,talk,120,8,4,VOTE Agent[14]
1,talk,121,8,1,Over
1,talk,122,8,14,REQUEST ANY (VOTE Agent[13])
1,talk,123,8,2,Over
1,talk,124,8,12,Skip
1,talk,125,8,13,VOTE Agent[14]
1,talk,126,8,15,ESTIMATE Agent[14] WEREWOLF
1,talk,127,8,11,VOTE Agent[14]
1,talk,128,8,10,Over
1,talk,129,8,7,Over
1,talk,130,8,3,Over
1,talk,131,8,8,Over
1,talk,132,8,9,VOTE Agent[12]
1,talk,133,8,5,Over
1,talk,134,8,6,Over
1,talk,135,9,10,Over
1,talk,136,9,14,ESTIMATE Agent[13] WEREWOLF
1,talk,137,9,2,Over
1,talk,138,9,3,Over
1,talk,139,9,6,Over
1,talk,140,9,12,Skip
1,talk,141,9,9,VOTE Agent[05]
1,talk,142,9,11,VOTE Agent[14]
1,talk,143,9,13,VOTE Agent[14]
1,talk,144,9,15,REQUEST ANY (VOTE Agent[14])
1,talk,145,9,8,Over
1,talk,146,9,4,VOTE Agent[14]
1,talk,147,9,5,Over
1,talk,148,9,1,Over
1,talk,149,9,7,Over
1,talk,150,10,13,Over
1,talk,151,10,12,Over
1,talk,152,10,8,Over
1,talk,153,10,15,Over
1,talk,154,10,2,Over
1,talk,155,10,6,Over
1,talk,156,10,7,Over
1,talk,157,10,3,Over
1,talk,158,10,14,Over
1,talk,159,10,1,Over
1,talk,160,10,10,Over
1,talk,161,10,4,Over
1,talk,162,10,5,Over
1,talk,163,10,11,VOTE Agent[14]
1,talk,164,10,9,Over
1,talk,165,11,7,Over
1,talk,166,11,13,Over
1,talk,167,11,8,Over
1,talk,168,11,9,Over
1,talk,169,11,6,Over
1,talk,170,11,11,Over
1,talk,171,11,15,Over
1,talk,172,11,14,Over
1,talk,173,11,1,Over
1,talk,174,11,2,Over
1,talk,175,11,12,Over
1,talk,176,11,5,Over
1,talk,177,11,10,Over
1,talk,178,11,4,Over
1,talk,179,11,3,Over
1,vote,1,15
1,vote,2,15
1,vote,3,15
1,vote,4,14
1,vote,5,15
1,vote,6,15
1,vote,7,14
1,vote,8,15
1,vote,9,5
1,vote,10,15
1,vote,11,14
1,vote,12,14
1,vote,13,14
1,vote,14,15
1,vote,15,14
1,execute,15,VILLAGER
1,divine,13,14,WEREWOLF
1,whisper,0,0,3,Skip
1,whisper,1,0,14,ATTACK Agent[13]
1,whisper,2,0,2,Skip
1,whisper,3,1,14,Skip
1,whisper,4,1,2,Skip
1,whisper,5,1,3,Skip
1,whisper,6,2,14,Skip
1,whisper,7,2,3,Over
1,whisper,8,2,2,Over
1,whisper,9,3,14,Over
1,whisper,10,3,2,Over
1,whisper,11,3,3,Over
1,guard,1,13,SEER
1,attackVote,2,13
1,attackVote,3,13
1,attackVote,14,13
1,attack,13,false
2,status,1,BODYGUARD,ALIVE,tonkatsu
2,status,2,WEREWOLF,ALIVE,KP22
2,status,3,WEREWOLF,ALIVE,kgu_ryu
2,status,4,VILLAGER,ALIVE,sUper_IL
2,status,5,VILLAGER,ALIVE,daphne
2,status,6,VILLAGER,ALIVE,Ncu702
2,status,7,VILLAGER,ALIVE,ice
2,status,8,VILLAGER,ALIVE,mikami
2,status,9,POSSESSED,ALIVE,Baguette
2,status,10,VILLAGER,ALIVE,ichida
2,status,11,VILLAGER,ALIVE,Hachi2
2,status,12,MEDIUM,ALIVE,takoyaki
2,status,13,SEER,ALIVE,CanisLupus
2,status,14,WEREWOLF,ALIVE,ioh
2,status,15,VILLAGER,DEAD,Basket
2,talk,0,0,13,DIVINED Agent[14] WEREWOLF
2,talk,1,0,11,VOTE Agent[14]
2,talk,2,0,6,VOTE Agent[14]
2,talk,3,0,14,DIVINED Agent[01] WEREWOLF
2,talk,4,0,10,VOTE Agent[14]
2,talk,5,0,1,VOTE Agent[14]
2,talk,6,0,8,VOTE Agent[14]
2,talk,7,0,5,VOTE Agent[14]
2,talk,8,0,7,VOTE Agent[14]
2,talk,9,0,4,VOTE Agent[14]
2,talk,10,0,9,VOTE Agent[05]
2,talk,11,0,3,VOTE Agent[14]
2,talk,12,0,12,IDENTIFIED Agent[15] HUMAN
2,talk,13,0,2,VOTE Agent[14]
2,talk,14,1,2,Skip
2,talk,15,1,8,Skip
2,talk,16,1,1,Skip
2,talk,17,1,7,Skip
2,talk,18,1,6,Skip
2,talk,19,1,12,Skip
2,talk,20,1,9,VOTE Agent[12]
2,talk,21,1,4,Skip
2,talk,22,1,10,Skip
2,talk,23,1,3,Skip
2,talk,24,1,13,VOTE Agent[14]
2,talk,25,1,11,Skip
2,talk,26,1,14,VOTE Agent[13]
2,talk,27,1,5,Skip
2,talk,28,2,2,Skip
2,talk,29,2,3,Skip
2,talk,30,2,8,Skip
2,talk,31,2,13,VOTE Agent[14]
2,talk,32,2,6,Skip
2,talk,33,2,10,Skip
2,talk,34,2,5,Skip
2,talk,35,2,11,Skip
2,talk,36,2,9,VOTE Agent[12]
2,talk,37,2,14,VOTE Agent[13]
2,talk,38,2,12,Skip
2,talk,39,2,7,Skip
2,talk,40,2,1,Skip
2,talk,41,2,4,Skip
2,talk,42,3,8,Over
2,talk,43,3,4,Over
2,talk,44,3,7,Over
2,talk,45,3,6,Over
2,talk,46,3,11,Over
2,talk,47,3,2,Over
2,talk,48,3,13,VOTE Agent[14]
2,talk,49,3,12,Over
2,talk,50,3,14,REQUEST ANY (VOTE Agent[13])
2,talk,51,3,1,Over
2,talk,52,3,10,Over
2,talk,53,3,5,Over
2,talk,54,3,3,Over
2,talk,55,3,9,VOTE Agent[05]
2,talk,56,4,11,Over
2,talk,57,4,2,Over
2,talk,58,4,8,Over
2,talk,59,4,6,Over
2,talk,60,4,10,Over
2,talk,61,4,7,Over
2,talk,62,4,12,Over
2,talk,63,4,1,Over
2,talk,64,4,9,VOTE Agent[12]
2,talk,65,4,14,REQUEST ANY (VOTE Agent[13])
2,talk,66,4,5,Over
2,talk,67,4,4,Over
2,talk,68,4,3,Over
2,talk,69,4,13,VOTE Agent[14]
2,talk,70,5,14,ESTIMATE Agent[13] WEREWOLF
2,talk,71,5,5,Over
2,talk,72,5,13,VOTE Agent[14]
2,talk,73,5,7,Over
2,talk,74,5,3,Over
2,talk,75,5,11,Over
2,talk,76,5,6,Over
2,talk,77,5,8,Over
2,talk,78,5,2,Over
2,talk,79,5,12,Over
2,talk,80,5,10,Over
2,talk,81,5,4,Over
2,talk,82,5,1,Over
2,talk,83,5,9,VOTE Agent[05]
2,talk,84,6,2,Over
2,talk,85,6,11,Over
2,talk,86,6,3,Over
2,talk,87,6,10,Over
2,talk,88,6,7,Over
2,talk,89,6,1,Over
2,talk,90,6,4,Over
2,talk,91,6,9,VOTE Agent[12]
2,talk,92,6,14,ESTIMATE Agent[13] WEREWOLF
2,talk,93,6,5,Over
2,talk,94,6,8,Over
2,talk,95,6,6,Over
2,talk,96,6,13,VOTE Agent[14]
2,talk,97,6,12,Over
2,talk,98,7,1,Over
2,talk,99,7,14,REQUEST ANY (VOTE Agent[13])
2,talk,100,7,13,VOTE Agent[14]
2,talk,101,7,12,Over
2,talk,102,7,8,Over
2,talk,103,7,10,Over
2,talk,104,7,4,Over
2,talk,105,7,2,Over
2,talk,106,7,6,Over
2,talk,107,7,9,VOTE Agent[12]
2,talk,108,7,5,Over
2,talk,109,7,7,Over
2,talk,110,7,3,Over
2,talk,111,7,11,Over
2,talk,112,8,5,Over
2,talk,113,8,1,Over
2,talk,114,8,10,Over
2,talk,115,8,8,Over
2,talk,116,8,11,Over
2,talk,117,8,2,Over
2,talk,118,8,9,VOTE Agent[13]
2,talk,119,8,14,REQUEST ANY (VOTE Agent[13])
2,talk,120,8,7,Over
2,talk,121,8,4,Over
2,talk,122,8,6,Over
2,talk,123,8,12,Over
2,talk,124,8,13,VOTE Agent[14]
2,talk,125,8,3,Over
2,talk,126,9,2,Over
2,talk,127,9,4,Over
2,talk,128,9,12,Over
2,talk,129,9,5,Over
2,talk,130,9,10,Over
2,talk,131,9,7,Over
2,talk,132,9,3,Over
2,talk,133,9,6,Over
2,talk,134,9,1,Over
2,talk,135,9,14,ESTIMATE Agent[13] WEREWOLF
2,talk,136,9,8,Over
2,talk,137,9,13,VOTE Agent[14]
2,talk,138,9,11,Over
2,talk,139,9,9,VOTE Agent[05]
2,talk,140,10,9,Over
2,talk,141,10,13,Over
2,talk,142,10,10,Over
2,talk,143,10,14,Over
2,talk,144,10,4,Over
2,talk,145,10,12,Over
2,talk,146,10,7,Over
2,talk,147,10,5,Over
2,talk,148,10,6,Over
2,talk,149,10,8,Over
2,talk,150,10,3,Over
2,talk,151,10,2,Over
2,talk,152,10,11,Over
2,talk,153,10,1,Over
2,vote,1,14
2,vote,2,14
2,vote,3,14
2,vote,4,14
2,vote,5,14
2,vote,6,14
2,vote,7,14
2,vote,8,14
2,vote,9,5
2,vote,10,14
2,vote,11,14
2,vote,12,14
2,vote,13,14
2,vote,14,5
2,execute,14,WEREWOLF
2,divine,13,1,HUMAN
2,whisper,0,0,2,Skip
2,whisper,1,0,3,Skip
2,whisper,2,1,2,Skip
2,whisper,3,1,3,Skip
2,whisper,4,2,2,Over
2,whisper,5,2,3,Over
2,guard,1,13,SEER
2,attackVote,2,13
2,attackVote,3,13
2,attack,13,false
3,status,1,BODYGUARD,ALIVE,tonkatsu
3,status,2,WEREWOLF,ALIVE,KP22
3,status,3,WEREWOLF,ALIVE,kgu_ryu
3,status,4,VILLAGER,ALIVE,sUper_IL
3,status,5,VILLAGER,ALIVE,daphne
3,status,6,VILLAGER,ALIVE,Ncu702
3,status,7,VILLAGER,ALIVE,ice
3,status,8,VILLAGER,ALIVE,mikami
3,status,9,POSSESSED,ALIVE,Baguette
3,status,10,VILLAGER,ALIVE,ichida
3,status,11,VILLAGER,ALIVE,Hachi2
3,status,12,MEDIUM,ALIVE,takoyaki
3,status,13,SEER,ALIVE,CanisLupus
3,status,14,WEREWOLF,DEAD,ioh
3,status,15,VILLAGER,DEAD,Basket
3,talk,0,0,3,VOTE Agent[01]
3,talk,1,0,1,VOTE Agent[02]
3,talk,2,0,6,VOTE Agent[01]
3,talk,3,0,12,IDENTIFIED Agent[14] WEREWOLF
3,talk,4,0,13,DIVINED Agent[01] HUMAN
3,talk,5,0,11,VOTE Agent[07]
3,talk,6,0,5,VOTE Agent[01]
3,talk,7,0,10,VOTE Agent[01]
3,talk,8,0,7,VOTE Agent[01]
3,talk,9,0,8,VOTE Agent[01]
3,talk,10,0,4,VOTE Agent[07]
3,talk,11,0,2,VOTE Agent[01]
3,talk,12,0,9,VOTE Agent[12]
3,talk,13,1,1,VOTE Agent[07]
3,talk,14,1,5,Skip
3,talk,15,1,9,VOTE Agent[05]
3,talk,16,1,8,Skip
3,talk,17,1,3,Skip
3,talk,18,1,11,VOTE Agent[07]
3,talk,19,1,4,VOTE Agent[07]
3,talk,20,1,13,VOTE Agent[07]
3,talk,21,1,12,VOTE Agent[07]
3,talk,22,1,10,Skip
3,talk,23,1,2,Skip
3,talk,24,1,6,Skip
3,talk,25,1,7,Skip
3,talk,26,2,4,VOTE Agent[02]
3,talk,27,2,10,Skip
3,talk,28,2,11,VOTE Agent[02]
3,talk,29,2,5,Skip
3,talk,30,2,12,VOTE Agent[02]
3,talk,31,2,1,VOTE Agent[02]
3,talk,32,2,7,Skip
3,talk,33,2,2,Skip
3,talk,34,2,9,VOTE Agent[12]
3,talk,35,2,8,Skip
3,talk,36,2,6,Skip
3,talk,37,2,3,Skip
3,talk,38,2,13,VOTE Agent[02]
3,talk,39,3,3,Over
3,talk,40,3,10,Over
3,talk,41,3,4,VOTE Agent[02]
3,talk,42,3,7,Over
3,talk,43,3,2,Over
3,talk,44,3,1,VOTE Agent[02]
3,talk,45,3,8,Over
3,talk,46,3,12,Skip
3,talk,47,3,11,VOTE Agent[02]
3,talk,48,3,6,Over
3,talk,49,3,9,VOTE Agent[12]
3,talk,50,3,5,Over
3,talk,51,3,13,VOTE Agent[02]
3,talk,52,4,3,Over
3,talk,53,4,12,Skip
3,talk,54,4,9,VOTE Agent[13]
3,talk,55,4,5,Over
3,talk,56,4,11,VOTE Agent[02]
3,talk,57,4,2,Over
3,talk,58,4,7,Over
3,talk,59,4,4,VOTE Agent[02]
3,talk,60,4,8,Over
3,talk,61,4,6,Over
3,talk,62,4,1,VOTE Agent[02]
3,talk,63,4,10,Over
3,talk,64,4,13,VOTE Agent[02]
3,talk,65,5,4,VOTE Agent[02]
3,talk,66,5,1,VOTE Agent[02]
3,talk,67,5,11,VOTE Agent[02]
3,talk,68,5,3,Over
3,talk,69,5,7,Over
3,talk,70,5,10,Over
3,talk,71,5,5,Over
3,talk,72,5,8,Over
3,talk,73,5,12,Over
3,talk,74,5,13,VOTE Agent[02]
3,talk,75,5,9,VOTE Agent[13]
3,talk,76,5,2,Over
3,talk,77,5,6,Over
3,talk,78,6,7,Over
3,talk,79,6,12,Over
3,talk,80,6,11,VOTE Agent[02]
3,talk,81,6,8,Over
3,talk,82,6,1,VOTE Agent[02]
3,talk,83,6,10,Over
3,talk,84,6,3,Over
3,talk,85,6,9,VOTE Agent[13]
3,talk,86,6,4,VOTE Agent[02]
3,talk,87,6,2,Over
3,talk,88,6,5,Over
3,talk,89,6,6,Over
3,talk,90,6,13,VOTE Agent[02]
3,talk,91,7,11,VOTE Agent[02]
3,talk,92,7,2,Over
3,talk,93,7,6,Over
3,talk,94,7,9,VOTE Agent[13]
3,talk,95,7,8,Over
3,talk,96,7,4,VOTE Agent[02]
3,talk,97,7,12,Over
3,talk,98,7,3,Over
3,talk,99,7,5,Over
3,talk,100,7,7,Over
3,talk,101,7,10,Over
3,talk,102,7,1,VOTE Agent[02]
3,talk,103,7,13,VOTE Agent[02]
3,talk,104,8,2,Over
3,talk,105,8,8,Over
3,talk,106,8,1,VOTE Agent[02]
3,talk,107,8,4,VOTE Agent[02]
3,talk,108,8,9,VOTE Agent[13]
3,talk,109,8,3,Over
3,talk,110,8,5,Over
3,talk,111,8,11,VOTE Agent[02]
3,talk,112,8,7,Over
3,talk,113,8,10,Over
3,talk,114,8,13,VOTE Agent[02]
3,talk,115,8,12,Over
3,talk,116,8,6,Over
3,talk,117,9,11,VOTE Agent[02]
3,talk,118,9,7,Over
3,talk,119,9,8,Over
3,talk,120,9,10,Over
3,talk,121,9,9,VOTE Agent[05]
3,talk,122,9,12,Over
3,talk,123,9,1,VOTE Agent[02]
3,talk,124,9,6,Over
3,talk,125,9,5,Over
3,talk,126,9,3,Over
3,talk,127,9,13,VOTE Agent[02]
3,talk,128,9,2,Over
3,talk,129,9,4,VOTE Agent[02]
3,talk,130,10,11,Over
3,talk,131,10,6,Over
3,talk,132,10,5,Over
3,talk,133,10,9,Over
3,talk,134,10,13,Over
3,talk,135,10,10,Over
3,talk,136,10,1,Over
3,talk,137,10,8,Over
3,talk,138,10,7,Over
3,talk,139,10,2,Over
3,talk,140,10,3,Over
3,talk,141,10,12,Over
3,talk,142,10,4,Over
3,vote,1,2
3,vote,2,1
3,vote,3,1
3,vote,4,2
3,vote,5,1
3,vote,6,1
3,vote,7,2
3,vote,8,1
3,vote,9,5
3,vote,10,1
3,vote,11,2
3,vote,12,2
3,vote,13,2
3,vote,1,2
3,vote,2,1
3,vote,3,1
3,vote,4,2
3,vote,5,1
3,vote,6,1
3,vote,7,2
3,vote,8,1
3,vote,9,5
3,vote,10,1
3,vote,11,2
3,vote,12,2
3,vote,13,2
3,execute,2,WEREWOLF
3,divine,13,7,HUMAN
3,guard,1,13,SEER
3,attackVote,3,13
3,attack,13,false
4,status,1,BODYGUARD,ALIVE,tonkatsu
4,status,2,WEREWOLF,DEAD,KP22
4,status,3,WEREWOLF,ALIVE,kgu_ryu
4,status,4,VILLAGER,ALIVE,sUper_IL
4,status,5,VILLAGER,ALIVE,daphne
4,status,6,VILLAGER,ALIVE,Ncu702
4,status,7,VILLAGER,ALIVE,ice
4,status,8,VILLAGER,ALIVE,mikami
4,status,9,POSSESSED,ALIVE,Baguette
4,status,10,VILLAGER,ALIVE,ichida
4,status,11,VILLAGER,ALIVE,Hachi2
4,status,12,MEDIUM,ALIVE,takoyaki
4,status,13,SEER,ALIVE,CanisLupus
4,status,14,WEREWOLF,DEAD,ioh
4,status,15,VILLAGER,DEAD,Basket
4,talk,0,0,13,DIVINED Agent[07] HUMAN
4,talk,1,0,1,VOTE Agent[09]
4,talk,2,0,10,VOTE Agent[09]
4,talk,3,0,12,IDENTIFIED Agent[02] WEREWOLF
4,talk,4,0,9,VOTE Agent[12]
4,talk,5,0,7,VOTE Agent[09]
4,talk,6,0,4,VOTE Agent[09]
4,talk,7,0,6,VOTE Agent[09]
4,talk,8,0,5,VOTE Agent[09]
4,talk,9,0,3,VOTE Agent[09]
4,talk,10,0,8,VOTE Agent[09]
4,talk,11,0,11,VOTE Agent[09]
4,talk,12,1,7,Skip
4,talk,13,1,10,Skip
4,talk,14,1,12,VOTE Agent[09]
4,talk,15,1,1,Skip
4,talk,16,1,4,Skip
4,talk,17,1,13,VOTE Agent[09]
4,talk,18,1,5,Skip
4,talk,19,1,9,VOTE Agent[13]
4,talk,20,1,3,Skip
4,talk,21,1,11,Skip
4,talk,22,1,8,Skip
4,talk,23,1,6,Skip
4,talk,24,2,12,Skip
4,talk,25,2,10,Skip
4,talk,26,2,1,Skip
4,talk,27,2,4,Skip
4,talk,28,2,3,Skip
4,talk,29,2,6,Skip
4,talk,30,2,13,VOTE Agent[09]
4,talk,31,2,11,Skip
4,talk,32,2,9,VOTE Agent[05]
4,talk,33,2,8,Skip
4,talk,34,2,5,Skip
4,talk,35,2,7,Skip
4,talk,36,3,1,Over
4,talk,37,3,13,VOTE Agent[09]
4,talk,38,3,11,Over
4,talk,39,3,5,Over
4,talk,40,3,6,Over
4,talk,41,3,9,VOTE Agent[07]
4,talk,42,3,8,Over
4,talk,43,3,3,Over
4,talk,44,3,12,Skip
4,talk,45,3,4,Over
4,talk,46,3,7,Over
4,talk,47,3,10,Over
4,talk,48,4,12,Over
4,talk,49,4,11,Over
4,talk,50,4,6,Over
4,talk,51,4,3,Over
4,talk,52,4,13,VOTE Agent[09]
4,talk,53,4,1,Over
4,talk,54,4,7,Over
4,talk,55,4,10,Over
4,talk,56,4,8,Over
4,talk,57,4,9,VOTE Agent[07]
4,talk,58,4,4,Over
4,talk,59,4,5,Over
4,talk,60,5,8,Over
4,talk,61,5,1,Over
4,talk,62,5,11,Over
4,talk,63,5,10,Over
4,talk,64,5,3,Over
4,talk,65,5,13,VOTE Agent[09]
4,talk,66,5,12,Over
4,talk,67,5,5,Over
4,talk,68,5,6,Over
4,talk,69,5,7,Over
4,talk,70,5,9,VOTE Agent[13]
4,talk,71,5,4,Over
4,talk,72,6,3,Over
4,talk,73,6,12,Over
4,talk,74,6,8,Over
4,talk,75,6,13,VOTE Agent[09]
4,talk,76,6,11,Over
4,talk,77,6,7,Over
4,talk,78,6,10,Over
4,talk,79,6,5,Over
4,talk,80,6,9,VOTE Agent[12]
4,talk,81,6,6,Over
4,talk,82,6,1,Over
4,talk,83,6,4,Over
4,talk,84,7,8,Over
4,talk,85,7,11,Over
4,talk,86,7,4,Over
4,talk,87,7,3,Over
4,talk,88,7,12,Over
4,talk,89,7,10,Over
4,talk,90,7,9,VOTE Agent[07]
4,talk,91,7,6,Over
4,talk,92,7,5,Over
4,talk,93,7,13,VOTE Agent[09]
4,talk,94,7,7,Over
4,talk,95,7,1,Over
4,talk,96,8,12,Over
4,talk,97,8,11,Over
4,talk,98,8,13,VOTE Agent[09]
4,talk,99,8,1,Over
4,talk,100,8,7,Over
4,talk,101,8,8,Over
4,talk,102,8,3,Over
4,talk,103,8,10,Over
4,talk,104,8,4,Over
4,talk,105,8,9,VOTE Agent[13]
4,talk,106,8,6,Over
4,talk,107,8,5,Over
4,talk,108,9,13,VOTE Agent[09]
4,talk,109,9,7,Over
4,talk,110,9,5,Over
4,talk,111,9,10,Over
4,talk,112,9,12,Over
4,talk,113,9,6,Over
4,talk,114,9,4,Over
4,talk,115,9,8,Over
4,talk,116,9,9,VOTE Agent[05]
4,talk,117,9,11,Over
4,talk,118,9,3,Over
4,talk,119,9,1,Over
4,talk,120,10,5,Over
4,talk,121,10,13,Over
4,talk,122,10,7,Over
4,talk,123,10,12,Over
4,talk,124,10,11,Over
4,talk,125,10,6,Over
4,talk,126,10,8,Over
4,talk,127,10,10,Over
4,talk,128,10,9,Over
4,talk,129,10,3,Over
4,talk,130,10,1,Over
4,talk,131,10,4,Over
4,vote,1,9
4,vote,3,9
4,vote,4,9
4,vote,5,9
4,vote,6,9
4,vote,7,9
4,vote,8,9
4,vote,9,5
4,vote,10,9
4,vote,11,9
4,vote,12,9
4,vote,13,9
4,execute,9,POSSESSED
4,divine,13,8,HUMAN
4,guard,1,13,SEER
4,attackVote,3,13
4,attack,13,false
5,status,1,BODYGUARD,ALIVE,tonkatsu
5,status,2,WEREWOLF,DEAD,KP22
5,status,3,WEREWOLF,ALIVE,kgu_ryu
5,status,4,VILLAGER,ALIVE,sUper_IL
5,status,5,VILLAGER,ALIVE,daphne
5,status,6,VILLAGER,ALIVE,Ncu702
5,status,7,VILLAGER,ALIVE,ice
5,status,8,VILLAGER,ALIVE,mikami
5,status,9,POSSESSED,DEAD,Baguette
5,status,10,VILLAGER,ALIVE,ichida
5,status,11,VILLAGER,ALIVE,Hachi2
5,status,12,MEDIUM,ALIVE,takoyaki
5,status,13,SEER,ALIVE,CanisLupus
5,status,14,WEREWOLF,DEAD,ioh
5,status,15,VILLAGER,DEAD,Basket
5,talk,0,0,6,VOTE Agent[01]
5,talk,1,0,5,VOTE Agent[01]
5,talk,2,0,12,IDENTIFIED Agent[09] HUMAN
5,talk,3,0,10,VOTE Agent[01]
5,talk,4,0,11,VOTE Agent[08]
5,talk,5,0,1,VOTE Agent[08]
5,talk,6,0,8,VOTE Agent[01]
5,talk,7,0,4,VOTE Agent[08]
5,talk,8,0,3,VOTE Agent[01]
5,talk,9,0,7,VOTE Agent[01]
5,talk,10,0,13,DIVINED Agent[08] HUMAN
5,talk,11,1,4,VOTE Agent[06]
5,talk,12,1,6,Skip
5,talk,13,1,5,Skip
5,talk,14,1,8,Skip
5,talk,15,1,10,Skip
5,talk,16,1,1,VOTE Agent[08]
5,talk,17,1,12,VOTE Agent[06]
5,talk,18,1,11,VOTE Agent[06]
5,talk,19,1,3,Skip
5,talk,20,1,13,VOTE Agent[06]
5,talk,21,1,7,Skip
5,talk,22,2,12,Skip
5,talk,23,2,10,Skip
5,talk,24,2,3,Skip
5,talk,25,2,5,Skip
5,talk,26,2,1,VOTE Agent[06]
5,talk,27,2,8,Skip
5,talk,28,2,11,VOTE Agent[06]
5,talk,29,2,4,VOTE Agent[06]
5,talk,30,2,6,Skip
5,talk,31,2,7,Skip
5,talk,32,2,13,VOTE Agent[06]
5,talk,33,3,13,VOTE Agent[04]
5,talk,34,3,4,VOTE Agent[06]
5,talk,35,3,7,Over
5,talk,36,3,10,Over
5,talk,37,3,8,Over
5,talk,38,3,1,VOTE Agent[06]
5,talk,39,3,11,VOTE Agent[04]
5,talk,40,3,12,VOTE Agent[04]
5,talk,41,3,5,Over
5,talk,42,3,6,Over
5,talk,43,3,3,Over
5,talk,44,4,8,Over
5,talk,45,4,7,Over
5,talk,46,4,11,VOTE Agent[04]
5,talk,47,4,3,Over
5,talk,48,4,5,Over
5,talk,49,4,4,VOTE Agent[06]
5,talk,50,4,1,VOTE Agent[04]
5,talk,51,4,12,Skip
5,talk,52,4,13,VOTE Agent[04]
5,talk,53,4,10,Over
5,talk,54,4,6,Over
5,talk,55,5,4,VOTE Agent[06]
5,talk,56,5,3,Over
5,talk,57,5,6,Over
5,talk,58,5,11,VOTE Agent[04]
5,talk,59,5,10,Over
5,talk,60,5,1,VOTE Agent[04]
5,talk,61,5,5,Over
5,talk,62,5,7,Over
5,talk,63,5,13,VOTE Agent[04]
5,talk,64,5,12,Skip
5,talk,65,5,8,Over
5,talk,66,6,1,VOTE Agent[04]
5,talk,67,6,12,Over
5,talk,68,6,13,VOTE Agent[04]
5,talk,69,6,10,Over
5,talk,70,6,3,Over
5,talk,71,6,8,Over
5,talk,72,6,7,Over
5,talk,73,6,4,VOTE Agent[06]
5,talk,74,6,6,Over
5,talk,75,6,5,Over
5,talk,76,6,11,VOTE Agent[04]
5,talk,77,7,10,Over
5,talk,78,7,8,Over
5,talk,79,7,4,VOTE Agent[06]
5,talk,80,7,6,Over
5,talk,81,7,1,VOTE Agent[04]
5,talk,82,7,3,Over
5,talk,83,7,7,Over
5,talk,84,7,13,VOTE Agent[04]
5,talk,85,7,12,Over
5,talk,86,7,11,VOTE Agent[04]
5,talk,87,7,5,Over
5,talk,88,8,12,Over
5,talk,89,8,6,Over
5,talk,90,8,7,Over
5,talk,91,8,5,Over
5,talk,92,8,10,Over
5,talk,93,8,4,VOTE Agent[06]
5,talk,94,8,13,VOTE Agent[04]
5,talk,95,8,3,Over
5,talk,96,8,1,VOTE Agent[04]
5,talk,97,8,11,VOTE Agent[04]
5,talk,98,8,8,Over
5,talk,99,9,3,Over
5,talk,100,9,8,Over
5,talk,101,9,10,Over
5,talk,102,9,4,VOTE Agent[06]
5,talk,103,9,7,Over
5,talk,104,9,13,VOTE Agent[04]
5,talk,105,9,11,VOTE Agent[04]
5,talk,106,9,12,Over
5,talk,107,9,6,Over
5,talk,108,9,5,Over
5,talk,109,9,1,VOTE Agent[04]
5,talk,110,10,10,Over
5,talk,111,10,5,Over
5,talk,112,10,6,Over
5,talk,113,10,3,Over
5,talk,114,10,4,Over
5,talk,115,10,11,Over
5,talk,116,10,12,Over
5,talk,117,10,7,Over
5,talk,118,10,13,Over
5,talk,119,10,1,Over
5,talk,120,10,8,Over
5,vote,1,4
5,vote,3,1
5,vote,4,6
5,vote,5,1
5,vote,6,1
5,vote,7,4
5,vote,8,1
5,vote,10,1
5,vote,11,4
5,vote,12,4
5,vote,13,4
5,vote,1,4
5,vote,3,1
5,vote,4,6
5,vote,5,1
5,vote,6,1
5,vote,7,4
5,vote,8,1
5,vote,10,1
5,vote,11,4
5,vote,12,4
5,vote,13,4
5,execute,4,VILLAGER
5,divine,13,6,HUMAN
5,guard,1,13,SEER
5,attackVote,3,13
5,attack,13,false
6,status,1,BODYGUARD,ALIVE,tonkatsu
6,status,2,WEREWOLF,DEAD,KP22
6,status,3,WEREWOLF,ALIVE,kgu_ryu
6,status,4,VILLAGER,DEAD,sUper_IL
6,status,5,VILLAGER,ALIVE,daphne
6,status,6,VILLAGER,ALIVE,Ncu702
6,status,7,VILLAGER,ALIVE,ice
6,status,8,VILLAGER,ALIVE,mikami
6,status,9,POSSESSED,DEAD,Baguette
6,status,10,VILLAGER,ALIVE,ichida
6,status,11,VILLAGER,ALIVE,Hachi2
6,status,12,MEDIUM,ALIVE,takoyaki
6,status,13,SEER,ALIVE,CanisLupus
6,status,14,WEREWOLF,DEAD,ioh
6,status,15,VILLAGER,DEAD,Basket
6,talk,0,0,7,VOTE Agent[06]
6,talk,1,0,10,VOTE Agent[06]
6,talk,2,0,3,VOTE Agent[06]
6,talk,3,0,6,VOTE Agent[01]
6,talk,4,0,8,VOTE Agent[06]
6,talk,5,0,5,VOTE Agent[06]
6,talk,6,0,13,DIVINED Agent[06] HUMAN
6,talk,7,0,12,IDENTIFIED Agent[04] HUMAN
6,talk,8,0,1,VOTE Agent[06]
6,talk,9,0,11,VOTE Agent[03]
6,talk,10,1,5,Skip
6,talk,11,1,3,Skip
6,talk,12,1,1,Skip
6,talk,13,1,11,VOTE Agent[03]
6,talk,14,1,12,VOTE Agent[11]
6,talk,15,1,7,Skip
6,talk,16,1,10,Skip
6,talk,17,1,6,VOTE Agent[01]
6,talk,18,1,8,Skip
6,talk,19,1,13,VOTE Agent[11]
6,talk,20,2,13,VOTE Agent[11]
6,talk,21,2,7,Skip
6,talk,22,2,6,VOTE Agent[11]
6,talk,23,2,11,VOTE Agent[03]
6,talk,24,2,12,Skip
6,talk,25,2,10,Skip
6,talk,26,2,5,Skip
6,talk,27,2,3,Skip
6,talk,28,2,8,Skip
6,talk,29,2,1,Skip
6,talk,30,3,12,Skip
6,talk,31,3,7,Over
6,talk,32,3,3,Over
6,talk,33,3,6,VOTE Agent[11]
6,talk,34,3,13,VOTE Agent[11]
6,talk,35,3,10,Over
6,talk,36,3,11,VOTE Agent[10]
6,talk,37,3,5,Over
6,talk,38,3,1,Over
6,talk,39,3,8,Over
6,talk,40,4,11,VOTE Agent[10]
6,talk,41,4,10,Over
6,talk,42,4,5,Over
6,talk,43,4,8,Over
6,talk,44,4,7,Over
6,talk,45,4,13,VOTE Agent[11]
6,talk,46,4,1,Over
6,talk,47,4,3,Over
6,talk,48,4,6,VOTE Agent[11]
6,talk,49,4,12,Over
6,talk,50,5,5,Over
6,talk,51,5,3,Over
6,talk,52,5,7,Over
6,talk,53,5,1,Over
6,talk,54,5,8,Over
6,talk,55,5,11,VOTE Agent[10]
6,talk,56,5,10,Over
6,talk,57,5,13,VOTE Agent[11]
6,talk,58,5,12,Over
6,talk,59,5,6,VOTE Agent[11]
6,talk,60,6,11,VOTE Agent[10]
6,talk,61,6,1,Over
6,talk,62,6,8,Over
6,talk,63,6,10,Over
6,talk,64,6,7,Over
6,talk,65,6,12,Over
6,talk,66,6,5,Over
6,talk,67,6,3,Over
6,talk,68,6,13,VOTE Agent[11]
6,talk,69,6,6,VOTE Agent[11]
6,talk,70,7,3,Over
6,talk,71,7,10,Over
6,talk,72,7,1,Over
6,talk,73,7,7,Over
6,talk,74,7,13,VOTE Agent[11]
6,talk,75,7,5,Over
6,talk,76,7,12,Over
6,talk,77,7,6,VOTE Agent[11]
6,talk,78,7,8,Over
6,talk,79,7,11,VOTE Agent[10]
6,talk,80,8,3,Over
6,talk,81,8,13,VOTE Agent[11]
6,talk,82,8,12,Over
6,talk,83,8,8,Over
6,talk,84,8,11,VOTE Agent[10]
6,talk,85,8,1,Over
6,talk,86,8,6,VOTE Agent[11]
6,talk,87,8,5,Over
6,talk,88,8,7,Over
6,talk,89,8,10,Over
6,talk,90,9,3,Over
6,talk,91,9,6,VOTE Agent[11]
6,talk,92,9,5,Over
6,talk,93,9,13,VOTE Agent[11]
6,talk,94,9,1,Over
6,talk,95,9,11,VOTE Agent[10]
6,talk,96,9,8,Over
6,talk,97,9,10,Over
6,talk,98,9,7,Over
6,talk,99,9,12,Over
6,talk,100,10,13,Over
6,talk,101,10,5,Over
6,talk,102,10,8,Over
6,talk,103,10,12,Over
6,talk,104,10,11,Over
6,talk,105,10,1,Over
6,talk,106,10,6,Over
6,talk,107,10,7,Over
6,talk,108,10,10,Over
6,talk,109,10,3,Over
6,vote,1,6
6,vote,3,6
6,vote,5,6
6,vote,6,11
6,vote,7,11
6,vote,8,6
6,vote,10,6
6,vote,11,10
6,vote,12,11
6,vote,13,11
6,execute,6,VILLAGER
6,divine,13,11,HUMAN
6,guard,1,13,SEER
6,attackVote,3,13
6,attack,13,false
7,status,1,BODYGUARD,ALIVE,tonkatsu
7,status,2,WEREWOLF,DEAD,KP22
7,status,3,WEREWOLF,ALIVE,kgu_ryu
7,status,4,VILLAGER,DEAD,sUper_IL
7,status,5,VILLAGER,ALIVE,daphne
7,status,6,VILLAGER,DEAD,Ncu702
7,status,7,VILLAGER,ALIVE,ice
7,status,8,VILLAGER,ALIVE,mikami
7,status,9,POSSESSED,DEAD,Baguette
7,status,10,VILLAGER,ALIVE,ichida
7,status,11,VILLAGER,ALIVE,Hachi2
7,status,12,MEDIUM,ALIVE,takoyaki
7,status,13,SEER,ALIVE,CanisLupus
7,status,14,WEREWOLF,DEAD,ioh
7,status,15,VILLAGER,DEAD,Basket
7,talk,0,0,3,VOTE Agent[01]
7,talk,1,0,5,VOTE Agent[01]
7,talk,2,0,8,VOTE Agent[01]
7,talk,3,0,1,VOTE Agent[11]
7,talk,4,0,12,IDENTIFIED Agent[06] HUMAN
7,talk,5,0,11,VOTE Agent[10]
7,talk,6,0,13,DIVINED Agent[11] HUMAN
7,talk,7,0,7,VOTE Agent[01]
7,talk,8,0,10,VOTE Agent[01]
7,talk,9,1,7,Skip
7,talk,10,1,1,VOTE Agent[10]
7,talk,11,1,13,VOTE Agent[10]
7,talk,12,1,3,Skip
7,talk,13,1,5,Skip
7,talk,14,1,11,VOTE Agent[10]
7,talk,15,1,8,Skip
7,talk,16,1,12,VOTE Agent[10]
7,talk,17,1,10,Skip
7,talk,18,2,3,Skip
7,talk,19,2,13,VOTE Agent[10]
7,talk,20,2,5,Skip
7,talk,21,2,8,Skip
7,talk,22,2,10,Skip
7,talk,23,2,7,Skip
7,talk,24,2,1,VOTE Agent[10]
7,talk,25,2,12,Skip
7,talk,26,2,11,VOTE Agent[10]
7,talk,27,3,13,VOTE Agent[10]
7,talk,28,3,1,VOTE Agent[10]
7,talk,29,3,3,Over
7,talk,30,3,12,Skip
7,talk,31,3,10,Over
7,talk,32,3,8,Over
7,talk,33,3,7,Over
7,talk,34,3,5,Over
7,talk,35,3,11,VOTE Agent[10]
7,talk,36,4,12,Over
7,talk,37,4,8,Over
7,talk,38,4,5,Over
7,talk,39,4,10,Over
7,talk,40,4,3,Over
7,talk,41,4,11,VOTE Agent[10]
7,talk,42,4,1,VOTE Agent[10]
7,talk,43,4,7,Over
7,talk,44,4,13,VOTE Agent[10]
7,talk,45,5,7,Over
7,talk,46,5,10,Over
7,talk,47,5,8,Over
7,talk,48,5,1,VOTE Agent[10]
7,talk,49,5,13,VOTE Agent[10]
7,talk,50,5,12,Over
7,talk,51,5,5,Over
7,talk,52,5,11,VOTE Agent[10]
7,talk,53,5,3,Over
7,talk,54,6,1,VOTE Agent[10]
7,talk,55,6,3,Over
7,talk,56,6,11,VOTE Agent[10]
7,talk,57,6,5,Over
7,talk,58,6,7,Over
7,talk,59,6,8,Over
7,talk,60,6,12,Over
7,talk,61,6,10,Over
7,talk,62,6,13,VOTE Agent[10]
7,talk,63,7,12,Over
7,talk,64,7,1,VOTE Agent[10]
7,talk,65,7,8,Over
7,talk,66,7,11,VOTE Agent[10]
7,talk,67,7,7,Over
7,talk,68,7,13,VOTE Agent[10]
7,talk,69,7,5,Over
7,talk,70,7,10,Over
7,talk,71,7,3,Over
7,talk,72,8,12,Over
7,talk,73,8,8,Over
7,talk,74,8,3,Over
7,talk,75,8,1,VOTE Agent[10]
7,talk,76,8,5,Over
7,talk,77,8,10,Over
7,talk,78,8,13,VOTE Agent[10]
7,talk,79,8,11,VOTE Agent[10]
7,talk,80,8,7,Over
7,talk,81,9,8,Over
7,talk,82,9,12,Over
7,talk,83,9,13,VOTE Agent[10]
7,talk,84,9,5,Over
7,talk,85,9,11,VOTE Agent[10]
7,talk,86,9,1,VOTE Agent[10]
7,talk,87,9,7,Over
7,talk,88,9,10,Over
7,talk,89,9,3,Over
7,talk,90,10,8,Over
7,talk,91,10,12,Over
7,talk,92,10,11,Over
7,talk,93,10,13,Over
7,talk,94,10,5,Over
7,talk,95,10,10,Over
7,talk,96,10,1,Over
7,talk,97,10,3,Over
7,talk,98,10,7,Over
7,vote,1,10
7,vote,3,1
7,vote,5,1
7,vote,7,10
7,vote,8,1
7,vote,10,1
7,vote,11,10
7,vote,12,10
7,vote,13,10
7,execute,10,VILLAGER
7,divine,13,3,WEREWOLF
7,guard,1,13,SEER
7,attackVote,3,13
7,attack,13,false
8,status,1,BODYGUARD,ALIVE,tonkatsu
8,status,2,WEREWOLF,DEAD,KP22
8,status,3,WEREWOLF,ALIVE,kgu_ryu
8,status,4,VILLAGER,DEAD,sUper_IL
8,status,5,VILLAGER,ALIVE,daphne
8,status,6,VILLAGER,DEAD,Ncu702
8,status,7,VILLAGER,ALIVE,ice
8,status,8,VILLAGER,ALIVE,mikami
8,status,9,POSSESSED,DEAD,Baguette
8,status,10,VILLAGER,DEAD,ichida
8,status,11,VILLAGER,ALIVE,Hachi2
8,status,12,MEDIUM,ALIVE,takoyaki
8,status,13,SEER,ALIVE,CanisLupus
8,status,14,WEREWOLF,DEAD,ioh
8,status,15,VILLAGER,DEAD,Basket
8,talk,0,0,8,VOTE Agent[01]
8,talk,1,0,13,DIVINED Agent[03] WEREWOLF
8,talk,2,0,3,VOTE Agent[01]
8,talk,3,0,5,VOTE Agent[01]
8,talk,4,0,12,IDENTIFIED Agent[10] HUMAN
8,talk,5,0,1,VOTE Agent[03]
8,talk,6,0,7,VOTE Agent[01]
8,talk,7,0,11,VOTE Agent[03]
8,talk,8,1,13,VOTE Agent[03]
8,talk,9,1,11,VOTE Agent[03]
8,talk,10,1,7,Skip
8,talk,11,1,5,Skip
8,talk,12,1,8,Skip
8,talk,13,1,3,Skip
8,talk,14,1,1,VOTE Agent[03]
8,talk,15,1,12,VOTE Agent[03]
8,talk,16,2,12,Skip
8,talk,17,2,3,VOTE Agent[01]
8,talk,18,2,1,VOTE Agent[03]
8,talk,19,2,7,VOTE Agent[03]
8,talk,20,2,5,VOTE Agent[03]
8,talk,21,2,11,Skip
8,talk,22,2,8,VOTE Agent[03]
8,talk,23,2,13,VOTE Agent[03]
8,talk,24,3,7,Skip
8,talk,25,3,11,Skip
8,talk,26,3,13,VOTE Agent[03]
8,talk,27,3,12,Skip
8,talk,28,3,1,Skip
8,talk,29,3,5,Skip
8,talk,30,3,3,VOTE Agent[01]
8,talk,31,3,8,Skip
8,talk,32,4,12,Over
8,talk,33,4,5,Skip
8,talk,34,4,7,Skip
8,talk,35,4,13,VOTE Agent[03]
8,talk,36,4,3,VOTE Agent[01]
8,talk,37,4,8,Skip
8,talk,38,4,11,Over
8,talk,39,4,1,Skip
8,talk,40,5,8,Over
8,talk,41,5,1,Over
8,talk,42,5,13,VOTE Agent[03]
8,talk,43,5,5,Over
8,talk,44,5,11,Over
8,talk,45,5,7,Over
8,talk,46,5,12,Over
8,talk,47,5,3,VOTE Agent[01]
8,talk,48,6,13,VOTE Agent[03]
8,talk,49,6,11,Over
8,talk,50,6,7,Over
8,talk,51,6,8,Over
8,talk,52,6,12,Over
8,talk,53,6,5,Over
8,talk,54,6,1,Over
8,talk,55,6,3,VOTE Agent[01]
8,talk,56,7,8,Over
8,talk,57,7,12,Over
8,talk,58,7,13,VOTE Agent[03]
8,talk,59,7,1,Over
8,talk,60,7,11,Over
8,talk,61,7,7,Over
8,talk,62,7,3,VOTE Agent[01]
8,talk,63,7,5,Over
8,talk,64,8,3,VOTE Agent[01]
8,talk,65,8,7,Over
8,talk,66,8,13,VOTE Agent[03]
8,talk,67,8,1,Over
8,talk,68,8,11,Over
8,talk,69,8,12,Over
8,talk,70,8,5,Over
8,talk,71,8,8,Over
8,talk,72,9,11,Over
8,talk,73,9,5,Over
8,talk,74,9,3,VOTE Agent[01]
8,talk,75,9,13,VOTE Agent[03]
8,talk,76,9,7,Over
8,talk,77,9,12,Over
8,talk,78,9,8,Over
8,talk,79,9,1,Over
8,talk,80,10,5,Over
8,talk,81,10,3,VOTE Agent[01]
8,talk,82,10,7,Over
8,talk,83,10,11,Over
8,talk,84,10,1,Over
8,talk,85,10,8,Over
8,talk,86,10,12,Over
8,talk,87,10,13,Over
8,talk,88,11,12,Over
8,talk,89,11,11,Over
8,talk,90,11,5,Over
8,talk,91,11,3,Over
8,talk,92,11,1,Over
8,talk,93,11,13,Over
8,talk,94,11,8,Over
8,talk,95,11,7,Over
8,vote,1,3
8,vote,3,1
8,vote,5,1
8,vote,7,3
8,vote,8,3
8,vote,11,3
8,vote,12,3
8,vote,13,3
8,execute,3,WEREWOLF
8,divine,13,12,HUMAN
8,guard,1,13,SEER
9,status,1,BODYGUARD,ALIVE,tonkatsu
9,status,2,WEREWOLF,DEAD,KP22
9,status,3,WEREWOLF,DEAD,kgu_ryu
9,status,4,VILLAGER,DEAD,sUper_IL
9,status,5,VILLAGER,ALIVE,daphne
9,status,6,VILLAGER,DEAD,Ncu702
9,status,7,VILLAGER,ALIVE,ice
9,status,8,VILLAGER,ALIVE,mikami
9,status,9,POSSESSED,DEAD,Baguette
9,status,10,VILLAGER,DEAD,ichida
9,status,11,VILLAGER,ALIVE,Hachi2
9,status,12,MEDIUM,ALIVE,takoyaki
9,status,13,SEER,ALIVE,CanisLupus
9,status,14,WEREWOLF,DEAD,ioh
9,status,15,VILLAGER,DEAD,Basket
9,result,7,0,VILLAGER
