0,status,1,POSSESSED,ALIVE,tonkatsu
0,status,2,VILLAGER,ALIVE,KP22
0,status,3,VILLAGER,ALIVE,kgu_ryu
0,status,4,VILLAGER,ALIVE,sUper_IL
0,status,5,WEREWOLF,ALIVE,daphne
0,status,6,VILLAGER,ALIVE,Ncu702
0,status,7,WEREWOLF,ALIVE,ice
0,status,8,VILLAGER,ALIVE,mikami
0,status,9,VILLAGER,ALIVE,Baguette
0,status,10,MEDIUM,ALIVE,ichida
0,status,11,SEER,ALIVE,Hachi2
0,status,12,VILLAGER,ALIVE,takoyaki
0,status,13,WEREWOLF,ALIVE,CanisLupus
0,status,14,BODYGUARD,ALIVE,ioh
0,status,15,VILLAGER,ALIVE,Basket
0,whisper,0,0,5,Skip
0,whisper,1,0,13,Skip
0,whisper,2,0,7,Skip
0,whisper,3,1,7,Skip
0,whisper,4,1,13,Skip
0,whisper,5,1,5,Skip
0,whisper,6,2,7,Over
0,whisper,7,2,13,Over
0,whisper,8,2,5,Over
0,divine,11,13,WEREWOLF
1,status,1,POSSESSED,ALIVE,tonkatsu
1,status,2,VILLAGER,ALIVE,KP22
1,status,3,VILLAGER,ALIVE,kgu_ryu
1,status,4,VILLAGER,ALIVE,sUper_IL
1,status,5,WEREWOLF,ALIVE,daphne
1,status,6,VILLAGER,ALIVE,Ncu702
1,status,7,WEREWOLF,ALIVE,ice
1,status,8,VILLAGER,ALIVE,mikami
1,status,9,VILLAGER,ALIVE,Baguette
1,status,10,MEDIUM,ALIVE,ichida
1,status,11,SEER,ALIVE,Hachi2
1,status,12,VILLAGER,ALIVE,takoyaki
1,status,13,WEREWOLF,ALIVE,CanisLupus
1,status,14,BODYGUARD,ALIVE,ioh
1,status,15,VILLAGER,ALIVE,Basket
1,talk,0,0,9,VOTE Agent[06]
1,talk,1,0,7,Skip
1,talk,2,0,3,VOTE Agent[06]
1,talk,3,0,1,VOTE Agent[06]
1,talk,4,0,8,VOTE Agent[06]
1,talk,5,0,12,VOTE Agent[06]
1,talk,6,0,14,ESTIMATE Agent[06] WEREWOLF
1,talk,7,0,6,VOTE Agent[01]
1,talk,8,0,13,Skip
1,talk,9,0,11,COMINGOUT Agent[11] SEER
1,talk,10,0,10,COMINGOUT Agent[10] MEDIUM
1,talk,11,0,15,REQUEST ANY (VOTE Agent[12])
1,talk,12,0,2,VOTE Agent[06]
1,talk,13,0,5,Skip
1,talk,14,0,4,VOTE Agent[06]
1,talk,15,1,2,Skip
1,talk,16,1,10,VOTE Agent[06]
1,talk,17,1,4,Skip
1,talk,18,1,6,VOTE Agent[01]
1,talk,19,1,14,REQUEST ANY (VOTE Agent[02])
1,talk,20,1,8,Skip
1,talk,21,1,11,DIVINED Agent[13] WEREWOLF
1,talk,22,1,7,VOTE Agent[06]
1,talk,23,1,1,Skip
1,talk,24,1,15,VOTE Agent[13]
1,talk,25,1,5,VOTE Agent[06]
1,talk,26,1,12,VOTE Agent[13]
1,talk,27,1,13,VOTE Agent[06]
1,talk,28,1,3,Skip
1,talk,29,1,9,VOTE Agent[13]
1,talk,30,2,5,Skip
1,talk,31,2,13,Skip
1,talk,32,2,11,VOTE Agent[13]
1,talk,33,2,1,Skip
1,talk,34,2,15,ESTIMATE Agent[13] WEREWOLF
1,talk,35,2,7,Skip
1,talk,36,2,9,VOTE Agent[13]
1,talk,37,2,6,VOTE Agent[13]
1,talk,38,2,8,Skip
1,talk,39,2,2,VOTE Agent[13]
1,talk,40,2,12,VOTE Agent[13]
1,talk,41,2,4,VOTE Agent[13]
1,talk,42,2,14,ESTIMATE Agent[01] WEREWOLF
1,talk,43,2,10,VOTE Agent[01]
1,talk,44,2,3,VOTE Agent[13]
1,talk,45,3,12,Skip
1,talk,46,3,2,Skip
1,talk,47,3,8,VOTE Agent[13]
1,talk,48,3,7,VOTE Agent[13]
1,talk,49,3,9,VOTE Agent[13]
1,talk,50,3,1,VOTE Agent[13]
1,talk,51,3,3,Skip
1,talk,52,3,10,Skip
1,talk,53,3,4,Skip
1,talk,54,3,13,VOTE Agent[01]
1,talk,55,3,5,VOTE Agent[13]
1,talk,56,3,14,ESTIMATE Agent[13] WEREWOLF
1,talk,57,3,15,VOTE Agent[13]
1,talk,58,3,6,Skip
1,talk,59,3,11,VOTE Agent[13]
1,talk,60,4,15,REQUEST ANY (VOTE Agent[13])
1,talk,61,4,11,VOTE Agent[13]
1,talk,62,4,9,VOTE Agent[13]
1,talk,63,4,13,VOTE Agent[01]
1,talk,64,4,8,Skip
1,talk,65,4,4,Skip
1,talk,66,4,10,VOTE Agent[13]
1,talk,67,4,2,Skip
1,talk,68,4,3,Skip
1,talk,69,4,1,Skip
1,talk,70,4,12,Skip
1,talk,71,4,7,Skip
1,talk,72,4,6,Skip
1,talk,73,4,14,VOTE Agent[13]
1,talk,74,4,5,Skip
1,talk,75,5,3,Over
1,talk,76,5,4,Over
1,talk,77,5,1,Skip
1,talk,78,5,2,Over
1,talk,79,5,8,Skip
1,talk,80,5,10,Skip
1,talk,81,5,13,VOTE Agent[01]
1,talk,82,5,11,VOTE Agent[13]
1,talk,83,5,7,Skip
1,talk,84,5,6,Over
1,talk,85,5,14,ESTIMATE Agent[13] WEREWOLF
1,talk,86,5,5,Skip
1,talk,87,5,12,Over
1,talk,88,5,9,VOTE Agent[13]
1,talk,89,5,15,REQUEST ANY (VOTE Agent[13])
1,talk,90,6,9,VOTE Agent[13]
1,talk,91,6,3,Over
1,talk,92,6,14,REQUEST ANY (VOTE Agent[13])
1,talk,93,6,10,VOTE Agent[01]
1,talk,94,6,15,REQUEST ANY (VOTE Agent[13])
1,talk,95,6,8,Over
1,talk,96,6,13,VOTE Agent[01]
1,talk,97,6,7,Over
1,talk,98,6,12,Over
1,talk,99,6,1,Over
1,talk,100,6,4,Over
1,talk,101,6,6,Over
1,talk,102,6,2,Over
1,talk,103,6,5,Over
1,talk,104,6,11,VOTE Agent[13]
1,talk,105,7,8,Over
1,talk,106,7,5,Over
1,talk,107,7,14,VOTE Agent[13]
1,talk,108,7,6,Over
1,talk,109,7,12,Over
1,talk,110,7,15,VOTE Agent[13]
1,talk,111,7,2,Over
1,talk,112,7,11,VOTE Agent[13]
1,talk,113,7,10,VOTE Agent[13]
1,talk,114,7,4,Over
1,talk,115,7,7,Over
1,talk,116,7,13,VOTE Agent[01]
1,talk,117,7,3,Over
1,talk,118,7,1,Over
1,talk,119,7,9,VOTE Agent[13]
1,talk,120,8,5,Over
1,talk,121,8,12,Over
1,talk,122,8,1,Over
1,talk,123,8,13,VOTE Agent[01]
1,talk,124,8,6,Over
1,talk,125,8,4,Over
1,talk,126,8,7,Over
1,talk,127,8,3,Over
1,talk,128,8,8,Over
1,talk,129,8,15,ESTIMATE Agent[13] WEREWOLF
1,talk,130,8,11,VOTE Agent[13]
1,talk,131,8,10,Skip
1,talk,132,8,2,Over
1,talk,133,8,9,VOTE Agent[13]
1,talk,134,8,14,VOTE Agent[13]
1,talk,135,9,1,Over
1,talk,136,9,8,Over
1,talk,137,9,11,VOTE Agent[13]
1,talk,138,9,14,ESTIMATE Agent[13] WEREWOLF
1,talk,139,9,13,VOTE Agent[01]
1,talk,140,9,6,Over
1,talk,141,9,7,Over
1,talk,142,9,15,REQUEST ANY (VOTE Agent[13])
1,talk,143,9,2,Over
1,talk,144,9,5,Over
1,talk,145,9,9,VOTE Agent[13]
1,talk,146,9,12,Over
1,talk,147,9,4,Over
1,talk,148,9,10,Skip
1,talk,149,9,3,Over
1,talk,150,10,3,Over
1,talk,151,10,9,Over
1,talk,152,10,4,Over
1,talk,153,10,5,Over
1,talk,154,10,14,Over
1,talk,155,10,11,Over
1,talk,156,10,15,Over
1,talk,157,10,7,Over
1,talk,158,10,8,Over
1,talk,159,10,6,Over
1,talk,160,10,12,Over
1,talk,161,10,10,Over
1,talk,162,10,13,VOTE Agent[01]
1,talk,163,10,1,Over
1,talk,164,10,2,Over
1,talk,165,11,3,Over
1,talk,166,11,5,Over
1,talk,167,11,14,Over
1,talk,168,11,10,Over
1,talk,169,11,11,Over
1,talk,170,11,15,Over
1,talk,171,11,8,Over
1,talk,172,11,4,Over
1,talk,173,11,7,Over
1,talk,174,11,6,Over
1,talk,175,11,13,VOTE Agent[01]
1,talk,176,11,1,Over
1,talk,177,11,2,Over
1,talk,178,11,12,Over
1,talk,179,11,9,Over
1,talk,180,12,15,Over
1,talk,181,12,14,Over
1,talk,182,12,8,Over
1,talk,183,12,7,Over
1,talk,184,12,1,Over
1,talk,185,12,9,Over
1,talk,186,12,11,Over
1,talk,187,12,12,Over
1,talk,188,12,13,Over
1,talk,189,12,10,Over
1,talk,190,12,5,Over
1,talk,191,12,4,Over
1,talk,192,12,2,Over
1,talk,193,12,6,Over
1,talk,194,12,3,Over
1,vote,1,13
1,vote,2,13
1,vote,3,13
1,vote,4,13
1,vote,5,13
1,vote,6,13
1,vote,7,13
1,vote,8,13
1,vote,9,13
1,vote,10,13
1,vote,11,13
1,vote,12,13
1,vote,13,1
1,vote,14,13
1,vote,15,13
1,execute,13,WEREWOLF
1,divine,11,1,HUMAN
1,whisper,0,0,7,Skip
1,whisper,1,0,5,Skip
1,whisper,2,1,5,Skip
1,whisper,3,1,7,Skip
1,whisper,4,2,5,Over
1,whisper,5,2,7,Over
1,guard,14,11,SEER
1,attackVote,7,11
1,attack,11,false
2,status,1,POSSESSED,ALIVE,tonkatsu
2,status,2,VILLAGER,ALIVE,KP22
2,status,3,VILLAGER,ALIVE,kgu_ryu
2,status,4,VILLAGER,ALIVE,sUper_IL
2,status,5,WEREWOLF,ALIVE,daphne
2,status,6,VILLAGER,ALIVE,Ncu702
2,status,7,WEREWOLF,ALIVE,ice
2,status,8,VILLAGER,ALIVE,mikami
2,status,9,VILLAGER,ALIVE,Baguette
2,status,10,MEDIUM,ALIVE,ichida
2,status,11,SEER,ALIVE,Hachi2
2,status,12,VILLAGER,ALIVE,takoyaki
2,status,13,WEREWOLF,DEAD,CanisLupus
2,status,14,BODYGUARD,ALIVE,ioh
2,status,15,VILLAGER,ALIVE,Basket
2,talk,0,0,3,VOTE Agent[01]
2,talk,1,0,6,VOTE Agent[01]
2,talk,2,0,15,ESTIMATE Agent[01] WEREWOLF
2,talk,3,0,4,VOTE Agent[01]
2,talk,4,0,7,VOTE Agent[01]
2,talk,5,0,14,COMINGOUT Agent[14] BODYGUARD
2,talk,6,0,8,VOTE Agent[01]
2,talk,7,0,11,DIVINED Agent[01] HUMAN
2,talk,8,0,12,VOTE Agent[08]
2,talk,9,0,10,IDENTIFIED Agent[13] WEREWOLF
2,talk,10,0,1,VOTE Agent[08]
2,talk,11,0,9,VOTE Agent[14]
2,talk,12,0,5,VOTE Agent[01]
2,talk,13,0,2,VOTE Agent[08]
2,talk,14,1,4,VOTE Agent[08]
2,talk,15,1,9,VOTE Agent[03]
2,talk,16,1,3,VOTE Agent[08]
2,talk,17,1,1,Skip
2,talk,18,1,8,VOTE Agent[01]
2,talk,19,1,5,Skip
2,talk,20,1,11,VOTE Agent[08]
2,talk,21,1,14,AND (GUARDED Agent[11]) (NOT (ESTIMATE Agent[11] WEREWOLF))
2,talk,22,1,2,VOTE Agent[08]
2,talk,23,1,6,VOTE Agent[08]
2,talk,24,1,7,VOTE Agent[08]
2,talk,25,1,10,VOTE Agent[08]
2,talk,26,1,12,Skip
2,talk,27,1,15,REQUEST ANY (VOTE Agent[08])
2,talk,28,2,14,REQUEST ANY (VOTE Agent[08])
2,talk,29,2,5,VOTE Agent[08]
2,talk,30,2,8,VOTE Agent[01]
2,talk,31,2,2,Skip
2,talk,32,2,1,Skip
2,talk,33,2,6,Skip
2,talk,34,2,11,VOTE Agent[08]
2,talk,35,2,7,Skip
2,talk,36,2,9,VOTE Agent[11]
2,talk,37,2,3,Skip
2,talk,38,2,4,Skip
2,talk,39,2,15,ESTIMATE Agent[08] WEREWOLF
2,talk,40,2,12,Skip
2,talk,41,2,10,Skip
2,talk,42,3,6,Skip
2,talk,43,3,2,Skip
2,talk,44,3,11,VOTE Agent[08]
2,talk,45,3,9,VOTE Agent[05]
2,talk,46,3,10,Skip
2,talk,47,3,3,Skip
2,talk,48,3,5,Skip
2,talk,49,3,15,ESTIMATE Agent[08] WEREWOLF
2,talk,50,3,4,Skip
2,talk,51,3,8,VOTE Agent[01]
2,talk,52,3,7,Skip
2,talk,53,3,12,Over
2,talk,54,3,14,VOTE Agent[08]
2,talk,55,3,1,Over
2,talk,56,4,2,Over
2,talk,57,4,10,Over
2,talk,58,4,3,Over
2,talk,59,4,9,VOTE Agent[12]
2,talk,60,4,15,ESTIMATE Agent[08] WEREWOLF
2,talk,61,4,14,VOTE Agent[08]
2,talk,62,4,4,Over
2,talk,63,4,11,VOTE Agent[08]
2,talk,64,4,8,VOTE Agent[01]
2,talk,65,4,1,Over
2,talk,66,4,6,Over
2,talk,67,4,7,Over
2,talk,68,4,5,Skip
2,talk,69,4,12,Over
2,talk,70,5,6,Over
2,talk,71,5,2,Over
2,talk,72,5,9,VOTE Agent[06]
2,talk,73,5,15,REQUEST ANY (VOTE Agent[08])
2,talk,74,5,3,Over
2,talk,75,5,14,VOTE Agent[08]
2,talk,76,5,12,Over
2,talk,77,5,5,Over
2,talk,78,5,1,Over
2,talk,79,5,7,Over
2,talk,80,5,4,Over
2,talk,81,5,11,VOTE Agent[08]
2,talk,82,5,10,Over
2,talk,83,5,8,VOTE Agent[01]
2,talk,84,6,12,Over
2,talk,85,6,11,VOTE Agent[08]
2,talk,86,6,10,Over
2,talk,87,6,14,REQUEST ANY (VOTE Agent[08])
2,talk,88,6,4,Over
2,talk,89,6,9,VOTE Agent[07]
2,talk,90,6,3,Over
2,talk,91,6,8,VOTE Agent[01]
2,talk,92,6,2,Over
2,talk,93,6,15,REQUEST ANY (VOTE Agent[08])
2,talk,94,6,5,Over
2,talk,95,6,6,Over
2,talk,96,6,1,Over
2,talk,97,6,7,Over
2,talk,98,7,6,Over
2,talk,99,7,11,VOTE Agent[08]
2,talk,100,7,10,Over
2,talk,101,7,4,Over
2,talk,102,7,2,Over
2,talk,103,7,14,ESTIMATE Agent[08] WEREWOLF
2,talk,104,7,8,VOTE Agent[01]
2,talk,105,7,15,ESTIMATE Agent[08] WEREWOLF
2,talk,106,7,7,Over
2,talk,107,7,5,Over
2,talk,108,7,1,Over
2,talk,109,7,9,VOTE Agent[15]
2,talk,110,7,12,Over
2,talk,111,7,3,Over
2,talk,112,8,10,Over
2,talk,113,8,1,Over
2,talk,114,8,2,Over
2,talk,115,8,5,Over
2,talk,116,8,7,Over
2,talk,117,8,6,Over
2,talk,118,8,15,REQUEST ANY (VOTE Agent[08])
2,talk,119,8,11,VOTE Agent[08]
2,talk,120,8,9,VOTE Agent[15]
2,talk,121,8,12,Over
2,talk,122,8,14,REQUEST ANY (VOTE Agent[08])
2,talk,123,8,8,VOTE Agent[01]
2,talk,124,8,3,Over
2,talk,125,8,4,Over
2,talk,126,9,2,Over
2,talk,127,9,11,VOTE Agent[08]
2,talk,128,9,8,VOTE Agent[01]
2,talk,129,9,1,Over
2,talk,130,9,12,Over
2,talk,131,9,6,Over
2,talk,132,9,5,Over
2,talk,133,9,10,Over
2,talk,134,9,14,ESTIMATE Agent[08] WEREWOLF
2,talk,135,9,7,Over
2,talk,136,9,3,Over
2,talk,137,9,9,VOTE Agent[08]
2,talk,138,9,15,ESTIMATE Agent[08] WEREWOLF
2,talk,139,9,4,Over
2,talk,140,10,7,Over
2,talk,141,10,10,Over
2,talk,142,10,4,Over
2,talk,143,10,11,Over
2,talk,144,10,8,Over
2,talk,145,10,15,Over
2,talk,146,10,6,Over
2,talk,147,10,14,Over
2,talk,148,10,9,Over
2,talk,149,10,2,Over
2,talk,150,10,3,Over
2,talk,151,10,5,Over
2,talk,152,10,12,Over
2,talk,153,10,1,Over
2,vote,1,8
2,vote,2,8
2,vote,3,8
2,vote,4,8
2,vote,5,8
2,vote,6,8
2,vote,7,8
2,vote,8,1
2,vote,9,8
2,vote,10,8
2,vote,11,8
2,vote,12,8
2,vote,14,8
2,vote,15,8
2,execute,8,VILLAGER
2,divine,11,9,HUMAN
2,whisper,0,0,7,Skip
2,whisper,1,0,5,Skip
2,whisper,2,1,7,Skip
2,whisper,3,1,5,Skip
2,whisper,4,2,5,Over
2,whisper,5,2,7,Over
2,guard,14,11,SEER
2,attackVote,7,11
2,attack,11,false
3,status,1,POSSESSED,ALIVE,tonkatsu
3,status,2,VILLAGER,ALIVE,KP22
3,status,3,VILLAGER,ALIVE,kgu_ryu
3,status,4,VILLAGER,ALIVE,sUper_IL
3,status,5,WEREWOLF,ALIVE,daphne
3,status,6,VILLAGER,ALIVE,Ncu702
3,status,7,WEREWOLF,ALIVE,ice
3,status,8,VILLAGER,DEAD,mikami
3,status,9,VILLAGER,ALIVE,Baguette
3,status,10,MEDIUM,ALIVE,ichida
3,status,11,SEER,ALIVE,Hachi2
3,status,12,VILLAGER,ALIVE,takoyaki
3,status,13,WEREWOLF,DEAD,CanisLupus
3,status,14,BODYGUARD,ALIVE,ioh
3,status,15,VILLAGER,ALIVE,Basket
3,talk,0,0,10,IDENTIFIED Agent[08] HUMAN
3,talk,1,0,3,VOTE Agent[09]
3,talk,2,0,4,VOTE Agent[09]
3,talk,3,0,9,VOTE Agent[04]
3,talk,4,0,12,VOTE Agent[09]
3,talk,5,0,14,AND (GUARDED Agent[11]) (NOT (ESTIMATE Agent[11] WEREWOLF))
3,talk,6,0,5,VOTE Agent[09]
3,talk,7,0,11,DIVINED Agent[09] HUMAN
3,talk,8,0,1,VOTE Agent[09]
3,talk,9,0,15,REQUEST ANY (VOTE Agent[09])
3,talk,10,0,6,VOTE Agent[09]
3,talk,11,0,7,VOTE Agent[09]
3,talk,12,0,2,VOTE Agent[03]
3,talk,13,1,7,Skip
3,talk,14,1,10,VOTE Agent[02]
3,talk,15,1,3,VOTE Agent[02]
3,talk,16,1,2,VOTE Agent[03]
3,talk,17,1,5,Skip
3,talk,18,1,1,Skip
3,talk,19,1,12,VOTE Agent[07]
3,talk,20,1,15,VOTE Agent[02]
3,talk,21,1,4,VOTE Agent[02]
3,talk,22,1,6,VOTE Agent[02]
3,talk,23,1,9,VOTE Agent[12]
3,talk,24,1,14,VOTE Agent[02]
3,talk,25,1,11,VOTE Agent[02]
3,talk,26,2,6,Skip
3,talk,27,2,4,VOTE Agent[03]
3,talk,28,2,9,VOTE Agent[03]
3,talk,29,2,5,VOTE Agent[02]
3,talk,30,2,11,VOTE Agent[04]
3,talk,31,2,7,VOTE Agent[02]
3,talk,32,2,2,VOTE Agent[04]
3,talk,33,2,12,VOTE Agent[04]
3,talk,34,2,10,VOTE Agent[04]
3,talk,35,2,3,VOTE Agent[04]
3,talk,36,2,15,REQUEST ANY (VOTE Agent[04])
3,talk,37,2,14,REQUEST ANY (VOTE Agent[04])
3,talk,38,2,1,VOTE Agent[02]
3,talk,39,3,15,REQUEST ANY (VOTE Agent[04])
3,talk,40,3,10,Skip
3,talk,41,3,6,VOTE Agent[02]
3,talk,42,3,12,VOTE Agent[04]
3,talk,43,3,5,Skip
3,talk,44,3,4,VOTE Agent[03]
3,talk,45,3,2,VOTE Agent[04]
3,talk,46,3,14,ESTIMATE Agent[04] WEREWOLF
3,talk,47,3,9,VOTE Agent[05]
3,talk,48,3,11,VOTE Agent[04]
3,talk,49,3,7,VOTE Agent[04]
3,talk,50,3,3,Skip
3,talk,51,3,1,VOTE Agent[04]
3,talk,52,4,3,Skip
3,talk,53,4,2,Skip
3,talk,54,4,11,VOTE Agent[04]
3,talk,55,4,12,Skip
3,talk,56,4,10,Skip
3,talk,57,4,7,Skip
3,talk,58,4,6,VOTE Agent[04]
3,talk,59,4,4,VOTE Agent[03]
3,talk,60,4,5,VOTE Agent[04]
3,talk,61,4,1,Skip
3,talk,62,4,14,ESTIMATE Agent[04] WEREWOLF
3,talk,63,4,9,VOTE Agent[12]
3,talk,64,4,15,REQUEST ANY (VOTE Agent[04])
3,talk,65,5,5,Skip
3,talk,66,5,14,ESTIMATE Agent[04] WEREWOLF
3,talk,67,5,10,Over
3,talk,68,5,12,Skip
3,talk,69,5,3,Over
3,talk,70,5,11,VOTE Agent[04]
3,talk,71,5,4,VOTE Agent[03]
3,talk,72,5,7,Skip
3,talk,73,5,15,ESTIMATE Agent[04] WEREWOLF
3,talk,74,5,6,Skip
3,talk,75,5,2,Skip
3,talk,76,5,9,VOTE Agent[04]
3,talk,77,5,1,Skip
3,talk,78,6,11,VOTE Agent[04]
3,talk,79,6,14,ESTIMATE Agent[04] WEREWOLF
3,talk,80,6,9,VOTE Agent[06]
3,talk,81,6,1,Over
3,talk,82,6,7,Over
3,talk,83,6,3,Over
3,talk,84,6,4,VOTE Agent[03]
3,talk,85,6,12,Over
3,talk,86,6,10,Over
3,talk,87,6,15,ESTIMATE Agent[04] WEREWOLF
3,talk,88,6,6,Skip
3,talk,89,6,5,Skip
3,talk,90,6,2,Over
3,talk,91,7,4,VOTE Agent[03]
3,talk,92,7,10,Over
3,talk,93,7,6,Over
3,talk,94,7,3,Over
3,talk,95,7,5,Over
3,talk,96,7,1,Over
3,talk,97,7,14,REQUEST ANY (VOTE Agent[04])
3,talk,98,7,9,VOTE Agent[06]
3,talk,99,7,2,Over
3,talk,100,7,12,Over
3,talk,101,7,11,VOTE Agent[04]
3,talk,102,7,7,Over
3,talk,103,7,15,VOTE Agent[04]
3,talk,104,8,4,VOTE Agent[03]
3,talk,105,8,14,REQUEST ANY (VOTE Agent[04])
3,talk,106,8,9,VOTE Agent[07]
3,talk,107,8,2,Over
3,talk,108,8,11,VOTE Agent[04]
3,talk,109,8,1,Over
3,talk,110,8,7,Over
3,talk,111,8,10,Over
3,talk,112,8,12,Over
3,talk,113,8,6,Over
3,talk,114,8,3,Over
3,talk,115,8,5,Over
3,talk,116,8,15,REQUEST ANY (VOTE Agent[04])
3,talk,117,9,4,VOTE Agent[03]
3,talk,118,9,14,ESTIMATE Agent[04] WEREWOLF
3,talk,119,9,2,Over
3,talk,120,9,9,VOTE Agent[05]
3,talk,121,9,1,Over
3,talk,122,9,7,Over
3,talk,123,9,6,Over
3,talk,124,9,10,Over
3,talk,125,9,12,Over
3,talk,126,9,15,ESTIMATE Agent[04] WEREWOLF
3,talk,127,9,3,Over
3,talk,128,9,11,VOTE Agent[04]
3,talk,129,9,5,Over
3,talk,130,10,9,Over
3,talk,131,10,4,Over
3,talk,132,10,7,Over
3,talk,133,10,12,Over
3,talk,134,10,6,Over
3,talk,135,10,11,Over
3,talk,136,10,10,Over
3,talk,137,10,15,Over
3,talk,138,10,2,Over
3,talk,139,10,3,Over
3,talk,140,10,14,Over
3,talk,141,10,1,Over
3,talk,142,10,5,Over
3,vote,1,4
3,vote,2,4
3,vote,3,4
3,vote,4,3
3,vote,5,4
3,vote,6,4
3,vote,7,4
3,vote,9,5
3,vote,10,4
3,vote,11,4
3,vote,12,4
3,vote,14,4
3,vote,15,4
3,execute,4,VILLAGER
3,divine,11,3,HUMAN
3,whisper,0,0,5,Skip
3,whisper,1,0,7,Skip
3,whisper,2,1,7,Skip
3,whisper,3,1,5,Skip
3,whisper,4,2,7,Over
3,whisper,5,2,5,Over
3,guard,14,11,SEER
3,attackVote,7,11
3,attack,11,false
4,status,1,POSSESSED,ALIVE,tonkatsu
4,status,2,VILLAGER,ALIVE,KP22
4,status,3,VILLAGER,ALIVE,kgu_ryu
4,status,4,VILLAGER,DEAD,sUper_IL
4,status,5,WEREWOLF,ALIVE,daphne
4,status,6,VILLAGER,ALIVE,Ncu702
4,status,7,WEREWOLF,ALIVE,ice
4,status,8,VILLAGER,DEAD,mikami
4,status,9,VILLAGER,ALIVE,Baguette
4,status,10,MEDIUM,ALIVE,ichida
4,status,11,SEER,ALIVE,Hachi2
4,status,12,VILLAGER,ALIVE,takoyaki
4,status,13,WEREWOLF,DEAD,CanisLupus
4,status,14,BODYGUARD,ALIVE,ioh
4,status,15,VILLAGER,ALIVE,Basket
4,talk,0,0,7,VOTE Agent[01]
4,talk,1,0,11,DIVINED Agent[03] HUMAN
4,talk,2,0,10,IDENTIFIED Agent[04] HUMAN
4,talk,3,0,2,VOTE Agent[07]
4,talk,4,0,5,VOTE Agent[07]
4,talk,5,0,15,ESTIMATE Agent[03] WEREWOLF
4,talk,6,0,9,VOTE Agent[06]
4,talk,7,0,3,VOTE Agent[05]
4,talk,8,0,1,VOTE Agent[07]
4,talk,9,0,12,VOTE Agent[05]
4,talk,10,0,14,AND (GUARDED Agent[11]) (NOT (ESTIMATE Agent[11] WEREWOLF))
4,talk,11,0,6,VOTE Agent[07]
4,talk,12,1,9,VOTE Agent[05]
4,talk,13,1,10,VOTE Agent[05]
4,talk,14,1,12,VOTE Agent[05]
4,talk,15,1,7,VOTE Agent[05]
4,talk,16,1,15,ESTIMATE Agent[05] WEREWOLF
4,talk,17,1,3,Skip
4,talk,18,1,5,VOTE Agent[07]
4,talk,19,1,11,VOTE Agent[05]
4,talk,20,1,1,VOTE Agent[05]
4,talk,21,1,14,REQUEST ANY (VOTE Agent[05])
4,talk,22,1,2,VOTE Agent[05]
4,talk,23,1,6,VOTE Agent[05]
4,talk,24,2,2,Skip
4,talk,25,2,14,REQUEST ANY (VOTE Agent[05])
4,talk,26,2,15,REQUEST ANY (VOTE Agent[05])
4,talk,27,2,10,Skip
4,talk,28,2,1,Skip
4,talk,29,2,6,Skip
4,talk,30,2,3,Skip
4,talk,31,2,7,Skip
4,talk,32,2,12,Skip
4,talk,33,2,9,VOTE Agent[12]
4,talk,34,2,11,VOTE Agent[05]
4,talk,35,2,5,VOTE Agent[07]
4,talk,36,3,3,Over
4,talk,37,3,6,Skip
4,talk,38,3,15,VOTE Agent[05]
4,talk,39,3,12,Skip
4,talk,40,3,14,ESTIMATE Agent[05] WEREWOLF
4,talk,41,3,5,VOTE Agent[07]
4,talk,42,3,1,Skip
4,talk,43,3,7,Skip
4,talk,44,3,10,Skip
4,talk,45,3,2,Skip
4,talk,46,3,11,VOTE Agent[05]
4,talk,47,3,9,VOTE Agent[06]
4,talk,48,4,1,Over
4,talk,49,4,15,ESTIMATE Agent[05] WEREWOLF
4,talk,50,4,6,Over
4,talk,51,4,3,Over
4,talk,52,4,7,Over
4,talk,53,4,10,Over
4,talk,54,4,9,VOTE Agent[06]
4,talk,55,4,11,VOTE Agent[05]
4,talk,56,4,2,Over
4,talk,57,4,12,Over
4,talk,58,4,14,ESTIMATE Agent[05] WEREWOLF
4,talk,59,4,5,VOTE Agent[07]
4,talk,60,5,1,Over
4,talk,61,5,14,VOTE Agent[05]
4,talk,62,5,12,Over
4,talk,63,5,6,Over
4,talk,64,5,5,VOTE Agent[07]
4,talk,65,5,7,Over
4,talk,66,5,15,ESTIMATE Agent[05] WEREWOLF
4,talk,67,5,2,Over
4,talk,68,5,11,VOTE Agent[05]
4,talk,69,5,9,VOTE Agent[06]
4,talk,70,5,3,Over
4,talk,71,5,10,Over
4,talk,72,6,14,ESTIMATE Agent[05] WEREWOLF
4,talk,73,6,3,Over
4,talk,74,6,11,VOTE Agent[05]
4,talk,75,6,12,Over
4,talk,76,6,2,Over
4,talk,77,6,15,REQUEST ANY (VOTE Agent[05])
4,talk,78,6,10,Over
4,talk,79,6,7,Over
4,talk,80,6,6,Over
4,talk,81,6,9,VOTE Agent[05]
4,talk,82,6,1,Over
4,talk,83,6,5,VOTE Agent[07]
4,talk,84,7,9,VOTE Agent[06]
4,talk,85,7,3,Over
4,talk,86,7,5,VOTE Agent[07]
4,talk,87,7,12,Over
4,talk,88,7,10,Over
4,talk,89,7,14,ESTIMATE Agent[05] WEREWOLF
4,talk,90,7,1,Over
4,talk,91,7,2,Over
4,talk,92,7,6,Over
4,talk,93,7,15,ESTIMATE Agent[05] WEREWOLF
4,talk,94,7,7,Over
4,talk,95,7,11,VOTE Agent[05]
4,talk,96,8,15,VOTE Agent[05]
4,talk,97,8,3,Over
4,talk,98,8,1,Over
4,talk,99,8,14,ESTIMATE Agent[05] WEREWOLF
4,talk,100,8,6,Over
4,talk,101,8,5,VOTE Agent[07]
4,talk,102,8,7,Over
4,talk,103,8,9,VOTE Agent[06]
4,talk,104,8,10,Over
4,talk,105,8,11,VOTE Agent[05]
4,talk,106,8,12,Over
4,talk,107,8,2,Over
4,talk,108,9,1,Over
4,talk,109,9,7,Over
4,talk,110,9,9,VOTE Agent[07]
4,talk,111,9,6,Over
4,talk,112,9,12,Over
4,talk,113,9,2,Over
4,talk,114,9,11,VOTE Agent[05]
4,talk,115,9,3,Over
4,talk,116,9,5,VOTE Agent[07]
4,talk,117,9,14,REQUEST ANY (VOTE Agent[05])
4,talk,118,9,15,ESTIMATE Agent[05] WEREWOLF
4,talk,119,9,10,Over
4,talk,120,10,3,Over
4,talk,121,10,15,Over
4,talk,122,10,11,Over
4,talk,123,10,5,Over
4,talk,124,10,9,Over
4,talk,125,10,12,Over
4,talk,126,10,6,Over
4,talk,127,10,10,Over
4,talk,128,10,1,Over
4,talk,129,10,14,Over
4,talk,130,10,7,Over
4,talk,131,10,2,Over
4,vote,1,5
4,vote,2,5
4,vote,3,5
4,vote,5,7
4,vote,6,5
4,vote,7,5
4,vote,9,7
4,vote,10,5
4,vote,11,5
4,vote,12,5
4,vote,14,5
4,vote,15,5
4,execute,5,WEREWOLF
4,divine,11,7,WEREWOLF
4,guard,14,11,SEER
4,attackVote,7,11
4,attack,11,false
5,status,1,POSSESSED,ALIVE,tonkatsu
5,status,2,VILLAGER,ALIVE,KP22
5,status,3,VILLAGER,ALIVE,kgu_ryu
5,status,4,VILLAGER,DEAD,sUper_IL
5,status,5,WEREWOLF,DEAD,daphne
5,status,6,VILLAGER,ALIVE,Ncu702
5,status,7,WEREWOLF,ALIVE,ice
5,status,8,VILLAGER,DEAD,mikami
5,status,9,VILLAGER,ALIVE,Baguette
5,status,10,MEDIUM,ALIVE,ichida
5,status,11,SEER,ALIVE,Hachi2
5,status,12,VILLAGER,ALIVE,takoyaki
5,status,13,WEREWOLF,DEAD,CanisLupus
5,status,14,BODYGUARD,ALIVE,ioh
5,status,15,VILLAGER,ALIVE,Basket
5,talk,0,0,11,DIVINED Agent[07] WEREWOLF
5,talk,1,0,10,IDENTIFIED Agent[05] WEREWOLF
5,talk,2,0,9,VOTE Agent[12]
5,talk,3,0,15,REQUEST ANY (VOTE Agent[07])
5,talk,4,0,2,VOTE Agent[07]
5,talk,5,0,12,VOTE Agent[07]
5,talk,6,0,6,VOTE Agent[07]
5,talk,7,0,14,AND (GUARDED Agent[11]) (NOT (ESTIMATE Agent[11] WEREWOLF))
5,talk,8,0,1,VOTE Agent[07]
5,talk,9,0,3,VOTE Agent[07]
5,talk,10,0,7,VOTE Agent[12]
5,talk,11,1,15,ESTIMATE Agent[07] WEREWOLF
5,talk,12,1,9,VOTE Agent[07]
5,talk,13,1,3,Skip
5,talk,14,1,11,VOTE Agent[07]
5,talk,15,1,6,Skip
5,talk,16,1,12,Skip
5,talk,17,1,7,VOTE Agent[12]
5,talk,18,1,14,REQUEST ANY (VOTE Agent[07])
5,talk,19,1,2,Skip
5,talk,20,1,1,Skip
5,talk,21,1,10,VOTE Agent[07]
5,talk,22,2,3,Skip
5,talk,23,2,15,ESTIMATE Agent[07] WEREWOLF
5,talk,24,2,1,Skip
5,talk,25,2,7,VOTE Agent[12]
5,talk,26,2,12,Skip
5,talk,27,2,6,Skip
5,talk,28,2,10,Skip
5,talk,29,2,2,Skip
5,talk,30,2,11,VOTE Agent[07]
5,talk,31,2,9,VOTE Agent[06]
5,talk,32,2,14,REQUEST ANY (VOTE Agent[07])
5,talk,33,3,14,REQUEST ANY (VOTE Agent[07])
5,talk,34,3,15,VOTE Agent[07]
5,talk,35,3,11,VOTE Agent[07]
5,talk,36,3,12,Over
5,talk,37,3,3,Over
5,talk,38,3,10,Skip
5,talk,39,3,7,VOTE Agent[06]
5,talk,40,3,1,Over
5,talk,41,3,6,Over
5,talk,42,3,2,Over
5,talk,43,3,9,VOTE Agent[07]
5,talk,44,4,7,VOTE Agent[06]
5,talk,45,4,11,VOTE Agent[07]
5,talk,46,4,1,Over
5,talk,47,4,10,Over
5,talk,48,4,6,Over
5,talk,49,4,2,Over
5,talk,50,4,9,VOTE Agent[07]
5,talk,51,4,3,Over
5,talk,52,4,12,Over
5,talk,53,4,14,ESTIMATE Agent[07] WEREWOLF
5,talk,54,4,15,VOTE Agent[07]
5,talk,55,5,2,Over
5,talk,56,5,12,Over
5,talk,57,5,6,Over
5,talk,58,5,9,VOTE Agent[06]
5,talk,59,5,7,VOTE Agent[06]
5,talk,60,5,10,Over
5,talk,61,5,14,ESTIMATE Agent[07] WEREWOLF
5,talk,62,5,1,Over
5,talk,63,5,11,VOTE Agent[07]
5,talk,64,5,15,REQUEST ANY (VOTE Agent[07])
5,talk,65,5,3,Over
5,talk,66,6,9,VOTE Agent[06]
5,talk,67,6,7,VOTE Agent[06]
5,talk,68,6,14,VOTE Agent[07]
5,talk,69,6,11,VOTE Agent[07]
5,talk,70,6,12,Over
5,talk,71,6,1,Over
5,talk,72,6,3,Over
5,talk,73,6,2,Over
5,talk,74,6,6,Over
5,talk,75,6,15,ESTIMATE Agent[07] WEREWOLF
5,talk,76,6,10,Over
5,talk,77,7,1,Over
5,talk,78,7,12,Over
5,talk,79,7,10,Over
5,talk,80,7,3,Over
5,talk,81,7,9,VOTE Agent[07]
5,talk,82,7,2,Over
5,talk,83,7,7,VOTE Agent[06]
5,talk,84,7,11,VOTE Agent[07]
5,talk,85,7,6,Over
5,talk,86,7,15,ESTIMATE Agent[07] WEREWOLF
5,talk,87,7,14,ESTIMATE Agent[07] WEREWOLF
5,talk,88,8,7,VOTE Agent[06]
5,talk,89,8,2,Over
5,talk,90,8,10,Over
5,talk,91,8,6,Over
5,talk,92,8,11,VOTE Agent[07]
5,talk,93,8,15,REQUEST ANY (VOTE Agent[07])
5,talk,94,8,12,Over
5,talk,95,8,14,REQUEST ANY (VOTE Agent[07])
5,talk,96,8,3,Over
5,talk,97,8,1,Over
5,talk,98,8,9,VOTE Agent[06]
5,talk,99,9,3,Over
5,talk,100,9,2,Over
5,talk,101,9,10,Over
5,talk,102,9,12,Over
5,talk,103,9,1,Over
5,talk,104,9,6,Over
5,talk,105,9,11,VOTE Agent[07]
5,talk,106,9,7,VOTE Agent[06]
5,talk,107,9,9,VOTE Agent[06]
5,talk,108,9,15,VOTE Agent[07]
5,talk,109,9,14,REQUEST ANY (VOTE Agent[07])
5,talk,110,10,3,Over
5,talk,111,10,14,Over
5,talk,112,10,7,Over
5,talk,113,10,10,Over
5,talk,114,10,2,Over
5,talk,115,10,11,Over
5,talk,116,10,9,Over
5,talk,117,10,1,Over
5,talk,118,10,12,Over
5,talk,119,10,15,Over
5,talk,120,10,6,Over
5,vote,1,7
5,vote,2,7
5,vote,3,7
5,vote,6,7
5,vote,7,6
5,vote,9,6
5,vote,10,7
5,vote,11,7
5,vote,12,7
5,vote,14,7
5,vote,15,7
5,execute,7,WEREWOLF
5,divine,11,2,HUMAN
5,guard,14,11,SEER
6,status,1,POSSESSED,ALIVE,tonkatsu
6,status,2,VILLAGER,ALIVE,KP22
6,status,3,VILLAGER,ALIVE,kgu_ryu
6,status,4,VILLAGER,DEAD,sUper_IL
6,status,5,WEREWOLF,DEAD,daphne
6,status,6,VILLAGER,ALIVE,Ncu702
6,status,7,WEREWOLF,DEAD,ice
6,status,8,VILLAGER,DEAD,mikami
6,status,9,VILLAGER,ALIVE,Baguette
6,status,10,MEDIUM,ALIVE,ichida
6,status,11,SEER,ALIVE,Hachi2
6,status,12,VILLAGER,ALIVE,takoyaki
6,status,13,WEREWOLF,DEAD,CanisLupus
6,status,14,BODYGUARD,ALIVE,ioh
6,status,15,VILLAGER,ALIVE,Basket
6,result,10,0,VILLAGER
