0,status,1,VILLAGER,ALIVE,tonkatsu
0,status,2,VILLAGER,ALIVE,KP22
0,status,3,WEREWOLF,ALIVE,kgu_ryu
0,status,4,SEER,ALIVE,sUper_IL
0,status,5,WEREWOLF,ALIVE,daphne
0,status,6,VILLAGER,ALIVE,Ncu702
0,status,7,VILLAGER,ALIVE,ice
0,status,8,VILLAGER,ALIVE,mikami
0,status,9,VILLAGER,ALIVE,Baguette
0,status,10,POSSESSED,ALIVE,ichida
0,status,11,VILLAGER,ALIVE,Hachi2
0,status,12,BODYGUARD,ALIVE,takoyaki
0,status,13,VILLAGER,ALIVE,CanisLupus
0,status,14,MEDIUM,ALIVE,ioh
0,status,15,WEREWOLF,ALIVE,Basket
0,whisper,0,0,15,COMINGOUT Agent[15] SEER
0,whisper,1,0,3,Skip
0,whisper,2,0,5,Skip
0,whisper,3,1,5,Skip
0,whisper,4,1,15,Skip
0,whisper,5,1,3,Skip
0,whisper,6,2,3,Over
0,whisper,7,2,5,Over
0,whisper,8,2,15,Skip
0,whisper,9,3,5,Over
0,whisper,10,3,3,Over
0,whisper,11,3,15,Over
0,divine,4,15,WEREWOLF
1,status,1,VILLAGER,ALIVE,tonkatsu
1,status,2,VILLAGER,ALIVE,KP22
1,status,3,WEREWOLF,ALIVE,kgu_ryu
1,status,4,SEER,ALIVE,sUper_IL
1,status,5,WEREWOLF,ALIVE,daphne
1,status,6,VILLAGER,ALIVE,Ncu702
1,status,7,VILLAGER,ALIVE,ice
1,status,8,VILLAGER,ALIVE,mikami
1,status,9,VILLAGER,ALIVE,Baguette
1,status,10,POSSESSED,ALIVE,ichida
1,status,11,VILLAGER,ALIVE,Hachi2
1,status,12,BODYGUARD,ALIVE,takoyaki
1,status,13,VILLAGER,ALIVE,CanisLupus
1,status,14,MEDIUM,ALIVE,ioh
1,status,15,WEREWOLF,ALIVE,Basket
1,talk,0,0,14,COMINGOUT Agent[14] MEDIUM
1,talk,1,0,4,COMINGOUT Agent[04] SEER
1,talk,2,0,9,VOTE Agent[07]
1,talk,3,0,7,VOTE Agent[15]
1,talk,4,0,11,VOTE Agent[07]
1,talk,5,0,6,VOTE Agent[07]
1,talk,6,0,5,Skip
1,talk,7,0,13,VOTE Agent[07]
1,talk,8,0,1,VOTE Agent[07]
1,talk,9,0,12,VOTE Agent[07]
1,talk,10,0,3,COMINGOUT Agent[03] SEER
1,talk,11,0,15,COMINGOUT Agent[15] MEDIUM
1,talk,12,0,2,VOTE Agent[07]
1,talk,13,0,10,VOTE Agent[07]
1,talk,14,0,8,VOTE Agent[07]
1,talk,15,1,1,Skip
1,talk,16,1,6,Skip
1,talk,17,1,4,DIVINED Agent[15] WEREWOLF
1,talk,18,1,14,ESTIMATE Agent[05] WEREWOLF
1,talk,19,1,3,DIVINED Agent[04] HUMAN
1,talk,20,1,15,REQUEST ANY (VOTE Agent[14])
1,talk,21,1,2,VOTE Agent[15]
1,talk,22,1,12,VOTE Agent[05]
1,talk,23,1,7,VOTE Agent[15]
1,talk,24,1,13,VOTE Agent[05]
1,talk,25,1,9,VOTE Agent[11]
1,talk,26,1,11,VOTE Agent[15]
1,talk,27,1,5,VOTE Agent[07]
1,talk,28,1,8,VOTE Agent[07]
1,talk,29,1,10,Skip
1,talk,30,2,11,VOTE Agent[15]
1,talk,31,2,5,Skip
1,talk,32,2,2,VOTE Agent[15]
1,talk,33,2,12,VOTE Agent[05]
1,talk,34,2,15,VOTE Agent[14]
1,talk,35,2,3,VOTE Agent[07]
1,talk,36,2,8,VOTE Agent[07]
1,talk,37,2,4,VOTE Agent[15]
1,talk,38,2,1,VOTE Agent[07]
1,talk,39,2,7,VOTE Agent[15]
1,talk,40,2,14,VOTE Agent[05]
1,talk,41,2,9,VOTE Agent[07]
1,talk,42,2,10,Skip
1,talk,43,2,13,VOTE Agent[15]
1,talk,44,2,6,VOTE Agent[07]
1,talk,45,3,3,Skip
1,talk,46,3,6,VOTE Agent[07]
1,talk,47,3,13,VOTE Agent[05]
1,talk,48,3,14,ESTIMATE Agent[05] WEREWOLF
1,talk,49,3,15,REQUEST ANY (VOTE Agent[14])
1,talk,50,3,4,VOTE Agent[15]
1,talk,51,3,11,VOTE Agent[05]
1,talk,52,3,1,VOTE Agent[07]
1,talk,53,3,12,VOTE Agent[05]
1,talk,54,3,2,VOTE Agent[05]
1,talk,55,3,7,VOTE Agent[05]
1,talk,56,3,8,VOTE Agent[07]
1,talk,57,3,10,Over
1,talk,58,3,5,Skip
1,talk,59,3,9,VOTE Agent[08]
1,talk,60,4,7,VOTE Agent[05]
1,talk,61,4,2,VOTE Agent[05]
1,talk,62,4,15,ESTIMATE Agent[14] WEREWOLF
1,talk,63,4,12,VOTE Agent[05]
1,talk,64,4,6,VOTE Agent[05]
1,talk,65,4,3,VOTE Agent[05]
1,talk,66,4,1,VOTE Agent[05]
1,talk,67,4,14,VOTE Agent[05]
1,talk,68,4,4,VOTE Agent[05]
1,talk,69,4,11,Skip
1,talk,70,4,13,Skip
1,talk,71,4,10,VOTE Agent[05]
1,talk,72,4,9,VOTE Agent[14]
1,talk,73,4,8,VOTE Agent[05]
1,talk,74,4,5,VOTE Agent[07]
1,talk,75,5,5,VOTE Agent[07]
1,talk,76,5,13,Skip
1,talk,77,5,12,Skip
1,talk,78,5,3,Skip
1,talk,79,5,10,Skip
1,talk,80,5,1,Skip
1,talk,81,5,15,VOTE Agent[14]
1,talk,82,5,9,VOTE Agent[01]
1,talk,83,5,2,Skip
1,talk,84,5,8,Skip
1,talk,85,5,4,VOTE Agent[05]
1,talk,86,5,7,Skip
1,talk,87,5,14,VOTE Agent[05]
1,talk,88,5,6,Skip
1,talk,89,5,11,Skip
1,talk,90,6,4,VOTE Agent[05]
1,talk,91,6,2,Skip
1,talk,92,6,5,VOTE Agent[07]
1,talk,93,6,1,Skip
1,talk,94,6,3,Skip
1,talk,95,6,8,Skip
1,talk,96,6,11,Over
1,talk,97,6,7,Skip
1,talk,98,6,12,Skip
1,talk,99,6,14,REQUEST ANY (VOTE Agent[05])
1,talk,100,6,6,Skip
1,talk,101,6,9,VOTE Agent[10]
1,talk,102,6,10,Skip
1,talk,103,6,15,REQUEST ANY (VOTE Agent[14])
1,talk,104,6,13,Over
1,talk,105,7,12,Over
1,talk,106,7,6,Over
1,talk,107,7,9,VOTE Agent[05]
1,talk,108,7,8,Over
1,talk,109,7,11,Over
1,talk,110,7,2,Over
1,talk,111,7,15,VOTE Agent[14]
1,talk,112,7,5,VOTE Agent[07]
1,talk,113,7,7,Over
1,talk,114,7,1,Over
1,talk,115,7,3,Over
1,talk,116,7,14,REQUEST ANY (VOTE Agent[05])
1,talk,117,7,4,VOTE Agent[05]
1,talk,118,7,10,Over
1,talk,119,7,13,Over
1,talk,120,8,7,Over
1,talk,121,8,8,Over
1,talk,122,8,12,Over
1,talk,123,8,3,Over
1,talk,124,8,13,Over
1,talk,125,8,11,Over
1,talk,126,8,15,REQUEST ANY (VOTE Agent[14])
1,talk,127,8,10,Over
1,talk,128,8,5,VOTE Agent[07]
1,talk,129,8,1,Over
1,talk,130,8,9,VOTE Agent[02]
1,talk,131,8,6,Over
1,talk,132,8,2,Over
1,talk,133,8,14,REQUEST ANY (VOTE Agent[05])
1,talk,134,8,4,VOTE Agent[05]
1,talk,135,9,6,Over
1,talk,136,9,12,Over
1,talk,137,9,1,Over
1,talk,138,9,2,Over
1,talk,139,9,8,Over
1,talk,140,9,3,Over
1,talk,141,9,13,Over
1,talk,142,9,4,VOTE Agent[05]
1,talk,143,9,11,Over
1,talk,144,9,15,VOTE Agent[14]
1,talk,145,9,14,ESTIMATE Agent[05] WEREWOLF
1,talk,146,9,5,VOTE Agent[07]
1,talk,147,9,7,Over
1,talk,148,9,10,Over
1,talk,149,9,9,VOTE Agent[06]
1,talk,150,10,5,VOTE Agent[07]
1,talk,151,10,12,Over
1,talk,152,10,7,Over
1,talk,153,10,2,Over
1,talk,154,10,9,Over
1,talk,155,10,15,Over
1,talk,156,10,13,Over
1,talk,157,10,14,Over
1,talk,158,10,10,Over
1,talk,159,10,3,Over
1,talk,160,10,6,Over
1,talk,161,10,11,Over
1,talk,162,10,8,Over
1,talk,163,10,1,Over
1,talk,164,10,4,Over
1,talk,165,11,9,Over
1,talk,166,11,3,Over
1,talk,167,11,5,VOTE Agent[07]
1,talk,168,11,13,Over
1,talk,169,11,10,Over
1,talk,170,11,6,Over
1,talk,171,11,2,Over
1,talk,172,11,11,Over
1,talk,173,11,1,Over
1,talk,174,11,14,Over
1,talk,175,11,12,Over
1,talk,176,11,7,Over
1,talk,177,11,4,Over
1,talk,178,11,8,Over
1,talk,179,11,15,Over
1,talk,180,12,11,Over
1,talk,181,12,5,VOTE Agent[07]
1,talk,182,12,14,Over
1,talk,183,12,2,Over
1,talk,184,12,4,Over
1,talk,185,12,13,Over
1,talk,186,12,9,Over
1,talk,187,12,8,Over
1,talk,188,12,1,Over
1,talk,189,12,15,Over
1,talk,190,12,12,Over
1,talk,191,12,10,Over
1,talk,192,12,6,Over
1,talk,193,12,3,Over
1,talk,194,12,7,Over
1,talk,195,13,6,Over
1,talk,196,13,10,Over
1,talk,197,13,1,Over
1,talk,198,13,12,Over
1,talk,199,13,7,Over
1,talk,200,13,13,Over
1,talk,201,13,15,Over
1,talk,202,13,9,Over
1,talk,203,13,4,Over
1,talk,204,13,14,Over
1,talk,205,13,11,Over
1,talk,206,13,8,Over
1,talk,207,13,3,Over
1,talk,208,13,2,Over
1,talk,209,13,5,Over
1,vote,1,5
1,vote,2,5
1,vote,3,5
1,vote,4,5
1,vote,5,6
1,vote,6,5
1,vote,7,5
1,vote,8,5
1,vote,9,6
1,vote,10,5
1,vote,11,5
1,vote,12,5
1,vote,13,5
1,vote,14,5
1,vote,15,5
1,execute,5,WEREWOLF
1,divine,4,6,HUMAN
1,whisper,0,0,15,ATTACK Agent[04]
1,whisper,1,0,3,Skip
1,whisper,2,1,15,Skip
1,whisper,3,1,3,Skip
1,whisper,4,2,15,Skip
1,whisper,5,2,3,Over
1,whisper,6,3,3,Over
1,whisper,7,3,15,Over
1,guard,12,4,SEER
1,attackVote,3,4
1,attackVote,15,4
1,attack,4,false
2,status,1,VILLAGER,ALIVE,tonkatsu
2,status,2,VILLAGER,ALIVE,KP22
2,status,3,WEREWOLF,ALIVE,kgu_ryu
2,status,4,SEER,ALIVE,sUper_IL
2,status,5,WEREWOLF,DEAD,daphne
2,status,6,VILLAGER,ALIVE,Ncu702
2,status,7,VILLAGER,ALIVE,ice
2,status,8,VILLAGER,ALIVE,mikami
2,status,9,VILLAGER,ALIVE,Baguette
2,status,10,POSSESSED,ALIVE,ichida
2,status,11,VILLAGER,ALIVE,Hachi2
2,status,12,BODYGUARD,ALIVE,takoyaki
2,status,13,VILLAGER,ALIVE,CanisLupus
2,status,14,MEDIUM,ALIVE,ioh
2,status,15,WEREWOLF,ALIVE,Basket
2,talk,0,0,3,DIVINED Agent[12] HUMAN
2,talk,1,0,2,VOTE Agent[14]
2,talk,2,0,9,VOTE Agent[03]
2,talk,3,0,4,DIVINED Agent[06] HUMAN
2,talk,4,0,14,IDENTIFIED Agent[05] WEREWOLF
2,talk,5,0,12,VOTE Agent[15]
2,talk,6,0,15,IDENTIFIED Agent[05] WEREWOLF
2,talk,7,0,8,VOTE Agent[03]
2,talk,8,0,6,VOTE Agent[03]
2,talk,9,0,13,VOTE Agent[14]
2,talk,10,0,10,VOTE Agent[03]
2,talk,11,0,11,VOTE Agent[14]
2,talk,12,0,7,VOTE Agent[03]
2,talk,13,0,1,VOTE Agent[03]
2,talk,14,1,15,ESTIMATE Agent[14] WEREWOLF
2,talk,15,1,10,Skip
2,talk,16,1,12,VOTE Agent[03]
2,talk,17,1,14,ESTIMATE Agent[03] WEREWOLF
2,talk,18,1,11,VOTE Agent[03]
2,talk,19,1,6,Skip
2,talk,20,1,13,VOTE Agent[03]
2,talk,21,1,9,VOTE Agent[12]
2,talk,22,1,1,Skip
2,talk,23,1,7,Skip
2,talk,24,1,2,VOTE Agent[03]
2,talk,25,1,8,Skip
2,talk,26,1,4,VOTE Agent[15]
2,talk,27,1,3,VOTE Agent[12]
2,talk,28,2,6,Skip
2,talk,29,2,12,Skip
2,talk,30,2,2,Skip
2,talk,31,2,7,Skip
2,talk,32,2,4,VOTE Agent[15]
2,talk,33,2,13,Skip
2,talk,34,2,10,Skip
2,talk,35,2,1,Skip
2,talk,36,2,11,Skip
2,talk,37,2,15,REQUEST ANY (VOTE Agent[14])
2,talk,38,2,3,VOTE Agent[12]
2,talk,39,2,8,Skip
2,talk,40,2,9,VOTE Agent[14]
2,talk,41,2,14,VOTE Agent[03]
2,talk,42,3,8,Over
2,talk,43,3,7,Over
2,talk,44,3,12,Skip
2,talk,45,3,9,VOTE Agent[08]
2,talk,46,3,15,VOTE Agent[14]
2,talk,47,3,11,Skip
2,talk,48,3,14,ESTIMATE Agent[03] WEREWOLF
2,talk,49,3,1,Over
2,talk,50,3,10,Over
2,talk,51,3,6,Over
2,talk,52,3,4,VOTE Agent[15]
2,talk,53,3,3,VOTE Agent[08]
2,talk,54,3,13,Skip
2,talk,55,3,2,Skip
2,talk,56,4,15,VOTE Agent[14]
2,talk,57,4,1,Over
2,talk,58,4,4,VOTE Agent[15]
2,talk,59,4,9,VOTE Agent[11]
2,talk,60,4,11,Over
2,talk,61,4,10,Over
2,talk,62,4,14,ESTIMATE Agent[03] WEREWOLF
2,talk,63,4,13,Over
2,talk,64,4,2,Over
2,talk,65,4,8,Over
2,talk,66,4,12,Over
2,talk,67,4,6,Over
2,talk,68,4,3,VOTE Agent[08]
2,talk,69,4,7,Over
2,talk,70,5,12,Over
2,talk,71,5,9,VOTE Agent[13]
2,talk,72,5,13,Over
2,talk,73,5,7,Over
2,talk,74,5,11,Over
2,talk,75,5,1,Over
2,talk,76,5,10,Over
2,talk,77,5,2,Over
2,talk,78,5,3,VOTE Agent[08]
2,talk,79,5,8,Over
2,talk,80,5,15,ESTIMATE Agent[14] WEREWOLF
2,talk,81,5,4,VOTE Agent[15]
2,talk,82,5,6,Over
2,talk,83,5,14,ESTIMATE Agent[03] WEREWOLF
2,talk,84,6,4,VOTE Agent[15]
2,talk,85,6,9,VOTE Agent[03]
2,talk,86,6,2,Over
2,talk,87,6,11,Over
2,talk,88,6,15,ESTIMATE Agent[14] WEREWOLF
2,talk,89,6,1,Over
2,talk,90,6,14,REQUEST ANY (VOTE Agent[03])
2,talk,91,6,13,Over
2,talk,92,6,6,Over
2,talk,93,6,12,Over
2,talk,94,6,10,Over
2,talk,95,6,8,Over
2,talk,96,6,3,VOTE Agent[08]
2,talk,97,6,7,Over
2,talk,98,7,6,Over
2,talk,99,7,14,VOTE Agent[03]
2,talk,100,7,13,Over
2,talk,101,7,12,Over
2,talk,102,7,9,VOTE Agent[01]
2,talk,103,7,4,VOTE Agent[15]
2,talk,104,7,1,Over
2,talk,105,7,15,REQUEST ANY (VOTE Agent[14])
2,talk,106,7,10,Over
2,talk,107,7,11,Over
2,talk,108,7,2,Over
2,talk,109,7,8,Over
2,talk,110,7,3,VOTE Agent[01]
2,talk,111,7,7,Over
2,talk,112,8,15,ESTIMATE Agent[14] WEREWOLF
2,talk,113,8,8,Over
2,talk,114,8,9,VOTE Agent[11]
2,talk,115,8,11,Over
2,talk,116,8,7,Over
2,talk,117,8,3,VOTE Agent[01]
2,talk,118,8,10,Over
2,talk,119,8,13,Over
2,talk,120,8,1,Over
2,talk,121,8,12,Over
2,talk,122,8,6,Over
2,talk,123,8,4,VOTE Agent[15]
2,talk,124,8,2,Over
2,talk,125,8,14,REQUEST ANY (VOTE Agent[03])
2,talk,126,9,7,Over
2,talk,127,9,3,VOTE Agent[01]
2,talk,128,9,9,VOTE Agent[14]
2,talk,129,9,13,Over
2,talk,130,9,12,Over
2,talk,131,9,8,Over
2,talk,132,9,1,Over
2,talk,133,9,11,Over
2,talk,134,9,4,VOTE Agent[15]
2,talk,135,9,2,Over
2,talk,136,9,6,Over
2,talk,137,9,14,VOTE Agent[03]
2,talk,138,9,10,Over
2,talk,139,9,15,ESTIMATE Agent[14] WEREWOLF
2,talk,140,10,15,Over
2,talk,141,10,1,Over
2,talk,142,10,4,Over
2,talk,143,10,6,Over
2,talk,144,10,2,Over
2,talk,145,10,11,Over
2,talk,146,10,8,Over
2,talk,147,10,13,Over
2,talk,148,10,7,Over
2,talk,149,10,14,Over
2,talk,150,10,10,Over
2,talk,151,10,3,Over
2,talk,152,10,12,Over
2,talk,153,10,9,Over
2,vote,1,3
2,vote,2,3
2,vote,3,14
2,vote,4,15
2,vote,6,3
2,vote,7,3
2,vote,8,3
2,vote,9,14
2,vote,10,3
2,vote,11,3
2,vote,12,3
2,vote,13,3
2,vote,14,3
2,vote,15,3
2,execute,3,WEREWOLF
2,divine,4,14,HUMAN
2,guard,12,4,SEER
2,attackVote,15,13
2,attack,13,true
3,status,1,VILLAGER,ALIVE,tonkatsu
3,status,2,VILLAGER,ALIVE,KP22
3,status,3,WEREWOLF,DEAD,kgu_ryu
3,status,4,SEER,ALIVE,sUper_IL
3,status,5,WEREWOLF,DEAD,daphne
3,status,6,VILLAGER,ALIVE,Ncu702
3,status,7,VILLAGER,ALIVE,ice
3,status,8,VILLAGER,ALIVE,mikami
3,status,9,VILLAGER,ALIVE,Baguette
3,status,10,POSSESSED,ALIVE,ichida
3,status,11,VILLAGER,ALIVE,Hachi2
3,status,12,BODYGUARD,ALIVE,takoyaki
3,status,13,VILLAGER,DEAD,CanisLupus
3,status,14,MEDIUM,ALIVE,ioh
3,status,15,WEREWOLF,ALIVE,Basket
3,talk,0,0,10,VOTE Agent[06]
3,talk,1,0,15,IDENTIFIED Agent[03] HUMAN
3,talk,2,0,6,VOTE Agent[01]
3,talk,3,0,7,VOTE Agent[01]
3,talk,4,0,2,VOTE Agent[09]
3,talk,5,0,8,VOTE Agent[01]
3,talk,6,0,14,IDENTIFIED Agent[03] WEREWOLF
3,talk,7,0,1,VOTE Agent[09]
3,talk,8,0,11,VOTE Agent[09]
3,talk,9,0,4,DIVINED Agent[14] HUMAN
3,talk,10,0,9,VOTE Agent[01]
3,talk,11,0,12,VOTE Agent[09]
3,talk,12,1,2,VOTE Agent[09]
3,talk,13,1,15,REQUEST ANY (VOTE Agent[14])
3,talk,14,1,6,VOTE Agent[01]
3,talk,15,1,14,ESTIMATE Agent[09] WEREWOLF
3,talk,16,1,10,VOTE Agent[09]
3,talk,17,1,9,VOTE Agent[10]
3,talk,18,1,4,VOTE Agent[15]
3,talk,19,1,8,VOTE Agent[09]
3,talk,20,1,7,VOTE Agent[09]
3,talk,21,1,12,Skip
3,talk,22,1,11,Skip
3,talk,23,1,1,Skip
3,talk,24,2,7,Skip
3,talk,25,2,4,VOTE Agent[15]
3,talk,26,2,8,Skip
3,talk,27,2,2,Skip
3,talk,28,2,15,VOTE Agent[14]
3,talk,29,2,14,REQUEST ANY (VOTE Agent[09])
3,talk,30,2,10,Skip
3,talk,31,2,11,Skip
3,talk,32,2,6,VOTE Agent[09]
3,talk,33,2,12,Skip
3,talk,34,2,9,VOTE Agent[01]
3,talk,35,2,1,Skip
3,talk,36,3,10,Skip
3,talk,37,3,14,VOTE Agent[09]
3,talk,38,3,15,REQUEST ANY (VOTE Agent[14])
3,talk,39,3,2,Skip
3,talk,40,3,11,Over
3,talk,41,3,9,VOTE Agent[10]
3,talk,42,3,4,VOTE Agent[15]
3,talk,43,3,1,Over
3,talk,44,3,12,Over
3,talk,45,3,6,Skip
3,talk,46,3,7,Skip
3,talk,47,3,8,Skip
3,talk,48,4,14,VOTE Agent[09]
3,talk,49,4,8,Over
3,talk,50,4,10,Over
3,talk,51,4,2,Over
3,talk,52,4,9,VOTE Agent[02]
3,talk,53,4,6,Skip
3,talk,54,4,7,Over
3,talk,55,4,15,ESTIMATE Agent[14] WEREWOLF
3,talk,56,4,11,Over
3,talk,57,4,4,VOTE Agent[15]
3,talk,58,4,1,Over
3,talk,59,4,12,Over
3,talk,60,5,7,Over
3,talk,61,5,11,Over
3,talk,62,5,2,Over
3,talk,63,5,15,REQUEST ANY (VOTE Agent[14])
3,talk,64,5,4,VOTE Agent[15]
3,talk,65,5,10,Over
3,talk,66,5,14,VOTE Agent[09]
3,talk,67,5,12,Over
3,talk,68,5,1,Over
3,talk,69,5,6,Over
3,talk,70,5,8,Over
3,talk,71,5,9,VOTE Agent[14]
3,talk,72,6,4,VOTE Agent[15]
3,talk,73,6,15,REQUEST ANY (VOTE Agent[14])
3,talk,74,6,1,Over
3,talk,75,6,8,Over
3,talk,76,6,2,Over
3,talk,77,6,12,Over
3,talk,78,6,6,Over
3,talk,79,6,7,Over
3,talk,80,6,14,VOTE Agent[09]
3,talk,81,6,9,VOTE Agent[11]
3,talk,82,6,11,Over
3,talk,83,6,10,Over
3,talk,84,7,11,Over
3,talk,85,7,2,Over
3,talk,86,7,9,VOTE Agent[11]
3,talk,87,7,10,Over
3,talk,88,7,6,Over
3,talk,89,7,15,ESTIMATE Agent[14] WEREWOLF
3,talk,90,7,4,VOTE Agent[15]
3,talk,91,7,12,Over
3,talk,92,7,14,ESTIMATE Agent[09] WEREWOLF
3,talk,93,7,8,Over
3,talk,94,7,1,Over
3,talk,95,7,7,Over
3,talk,96,8,4,VOTE Agent[15]
3,talk,97,8,14,VOTE Agent[09]
3,talk,98,8,12,Over
3,talk,99,8,9,VOTE Agent[01]
3,talk,100,8,11,Over
3,talk,101,8,1,Over
3,talk,102,8,7,Over
3,talk,103,8,15,ESTIMATE Agent[14] WEREWOLF
3,talk,104,8,8,Over
3,talk,105,8,2,Over
3,talk,106,8,6,Over
3,talk,107,8,10,Over
3,talk,108,9,8,Over
3,talk,109,9,11,Over
3,talk,110,9,7,Over
3,talk,111,9,4,VOTE Agent[15]
3,talk,112,9,10,Over
3,talk,113,9,9,VOTE Agent[07]
3,talk,114,9,12,Over
3,talk,115,9,15,ESTIMATE Agent[14] WEREWOLF
3,talk,116,9,6,Over
3,talk,117,9,14,VOTE Agent[09]
3,talk,118,9,2,Over
3,talk,119,9,1,Over
3,talk,120,10,10,Over
3,talk,121,10,12,Over
3,talk,122,10,7,Over
3,talk,123,10,9,Over
3,talk,124,10,6,Over
3,talk,125,10,4,Over
3,talk,126,10,8,Over
3,talk,127,10,11,Over
3,talk,128,10,15,Over
3,talk,129,10,1,Over
3,talk,130,10,2,Over
3,talk,131,10,14,Over
3,vote,1,9
3,vote,2,9
3,vote,4,15
3,vote,6,9
3,vote,7,9
3,vote,8,9
3,vote,9,7
3,vote,10,9
3,vote,11,9
3,vote,12,9
3,vote,14,9
3,vote,15,9
3,execute,9,VILLAGER
3,divine,4,7,HUMAN
3,guard,12,4,SEER
3,attackVote,15,14
3,attack,14,true
4,status,1,VILLAGER,ALIVE,tonkatsu
4,status,2,VILLAGER,ALIVE,KP22
4,status,3,WEREWOLF,DEAD,kgu_ryu
4,status,4,SEER,ALIVE,sUper_IL
4,status,5,WEREWOLF,DEAD,daphne
4,status,6,VILLAGER,ALIVE,Ncu702
4,status,7,VILLAGER,ALIVE,ice
4,status,8,VILLAGER,ALIVE,mikami
4,status,9,VILLAGER,DEAD,Baguette
4,status,10,POSSESSED,ALIVE,ichida
4,status,11,VILLAGER,ALIVE,Hachi2
4,status,12,BODYGUARD,ALIVE,takoyaki
4,status,13,VILLAGER,DEAD,CanisLupus
4,status,14,MEDIUM,DEAD,ioh
4,status,15,WEREWOLF,ALIVE,Basket
4,talk,0,0,7,VOTE Agent[01]
4,talk,1,0,1,VOTE Agent[08]
4,talk,2,0,2,VOTE Agent[01]
4,talk,3,0,15,IDENTIFIED Agent[09] WEREWOLF
4,talk,4,0,11,VOTE Agent[01]
4,talk,5,0,6,VOTE Agent[01]
4,talk,6,0,4,DIVINED Agent[07] HUMAN
4,talk,7,0,12,VOTE Agent[01]
4,talk,8,0,8,VOTE Agent[01]
4,talk,9,0,10,VOTE Agent[01]
4,talk,10,1,4,VOTE Agent[15]
4,talk,11,1,2,Skip
4,talk,12,1,15,VOTE Agent[01]
4,talk,13,1,1,VOTE Agent[08]
4,talk,14,1,6,Skip
4,talk,15,1,12,Skip
4,talk,16,1,8,Skip
4,talk,17,1,11,Skip
4,talk,18,1,7,Skip
4,talk,19,1,10,Skip
4,talk,20,2,10,Skip
4,talk,21,2,11,Skip
4,talk,22,2,6,Skip
4,talk,23,2,8,Skip
4,talk,24,2,2,Skip
4,talk,25,2,15,ESTIMATE Agent[01] WEREWOLF
4,talk,26,2,12,Skip
4,talk,27,2,4,VOTE Agent[15]
4,talk,28,2,1,VOTE Agent[08]
4,talk,29,2,7,Skip
4,talk,30,3,11,Over
4,talk,31,3,7,Over
4,talk,32,3,12,Over
4,talk,33,3,4,VOTE Agent[15]
4,talk,34,3,6,Over
4,talk,35,3,2,Over
4,talk,36,3,1,VOTE Agent[08]
4,talk,37,3,8,Over
4,talk,38,3,10,Over
4,talk,39,3,15,REQUEST ANY (VOTE Agent[01])
4,talk,40,4,10,Over
4,talk,41,4,1,VOTE Agent[08]
4,talk,42,4,2,Over
4,talk,43,4,7,Over
4,talk,44,4,6,Over
4,talk,45,4,11,Over
4,talk,46,4,12,Over
4,talk,47,4,8,Over
4,talk,48,4,15,ESTIMATE Agent[01] WEREWOLF
4,talk,49,4,4,VOTE Agent[15]
4,talk,50,5,1,VOTE Agent[08]
4,talk,51,5,6,Over
4,talk,52,5,2,Over
4,talk,53,5,10,Over
4,talk,54,5,15,ESTIMATE Agent[01] WEREWOLF
4,talk,55,5,8,Over
4,talk,56,5,11,Over
4,talk,57,5,4,VOTE Agent[15]
4,talk,58,5,7,Over
4,talk,59,5,12,Over
4,talk,60,6,7,Over
4,talk,61,6,1,VOTE Agent[08]
4,talk,62,6,10,Over
4,talk,63,6,8,Over
4,talk,64,6,11,Over
4,talk,65,6,2,Over
4,talk,66,6,15,REQUEST ANY (VOTE Agent[01])
4,talk,67,6,12,Over
4,talk,68,6,4,VOTE Agent[15]
4,talk,69,6,6,Over
4,talk,70,7,8,Over
4,talk,71,7,1,VOTE Agent[08]
4,talk,72,7,11,Over
4,talk,73,7,2,Over
4,talk,74,7,6,Over
4,talk,75,7,7,Over
4,talk,76,7,12,Over
4,talk,77,7,15,VOTE Agent[01]
4,talk,78,7,4,VOTE Agent[15]
4,talk,79,7,10,Over
4,talk,80,8,4,VOTE Agent[15]
4,talk,81,8,1,VOTE Agent[08]
4,talk,82,8,2,Over
4,talk,83,8,12,Over
4,talk,84,8,6,Over
4,talk,85,8,8,Over
4,talk,86,8,10,Over
4,talk,87,8,15,ESTIMATE Agent[01] WEREWOLF
4,talk,88,8,11,Over
4,talk,89,8,7,Over
4,talk,90,9,7,Over
4,talk,91,9,15,ESTIMATE Agent[01] WEREWOLF
4,talk,92,9,11,Over
4,talk,93,9,6,Over
4,talk,94,9,4,VOTE Agent[15]
4,talk,95,9,2,Over
4,talk,96,9,1,VOTE Agent[08]
4,talk,97,9,8,Over
4,talk,98,9,10,Over
4,talk,99,9,12,Over
4,talk,100,10,4,Over
4,talk,101,10,1,Over
4,talk,102,10,2,Over
4,talk,103,10,11,Over
4,talk,104,10,10,Over
4,talk,105,10,7,Over
4,talk,106,10,12,Over
4,talk,107,10,6,Over
4,talk,108,10,8,Over
4,talk,109,10,15,Over
4,vote,1,8
4,vote,2,1
4,vote,4,15
4,vote,6,1
4,vote,7,1
4,vote,8,1
4,vote,10,1
4,vote,11,1
4,vote,12,1
4,vote,15,1
4,execute,1,VILLAGER
4,divine,4,8,HUMAN
4,guard,12,4,SEER
4,attackVote,15,6
4,attack,6,true
5,status,1,VILLAGER,DEAD,tonkatsu
5,status,2,VILLAGER,ALIVE,KP22
5,status,3,WEREWOLF,DEAD,kgu_ryu
5,status,4,SEER,ALIVE,sUper_IL
5,status,5,WEREWOLF,DEAD,daphne
5,status,6,VILLAGER,DEAD,Ncu702
5,status,7,VILLAGER,ALIVE,ice
5,status,8,VILLAGER,ALIVE,mikami
5,status,9,VILLAGER,DEAD,Baguette
5,status,10,POSSESSED,ALIVE,ichida
5,status,11,VILLAGER,ALIVE,Hachi2
5,status,12,BODYGUARD,ALIVE,takoyaki
5,status,13,VILLAGER,DEAD,CanisLupus
5,status,14,MEDIUM,DEAD,ioh
5,status,15,WEREWOLF,ALIVE,Basket
5,talk,0,0,12,VOTE Agent[08]
5,talk,1,0,7,VOTE Agent[08]
5,talk,2,0,8,VOTE Agent[02]
5,talk,3,0,10,VOTE Agent[08]
5,talk,4,0,15,IDENTIFIED Agent[01] HUMAN
5,talk,5,0,11,VOTE Agent[08]
5,talk,6,0,4,DIVINED Agent[08] HUMAN
5,talk,7,0,2,VOTE Agent[11]
5,talk,8,1,10,Skip
5,talk,9,1,8,VOTE Agent[02]
5,talk,10,1,12,VOTE Agent[11]
5,talk,11,1,2,VOTE Agent[11]
5,talk,12,1,4,VOTE Agent[15]
5,talk,13,1,15,VOTE Agent[04]
5,talk,14,1,7,VOTE Agent[08]
5,talk,15,1,11,VOTE Agent[02]
5,talk,16,2,4,VOTE Agent[15]
5,talk,17,2,10,Skip
5,talk,18,2,12,VOTE Agent[11]
5,talk,19,2,2,VOTE Agent[11]
5,talk,20,2,15,REQUEST ANY (VOTE Agent[04])
5,talk,21,2,7,VOTE Agent[11]
5,talk,22,2,8,VOTE Agent[11]
5,talk,23,2,11,VOTE Agent[02]
5,talk,24,3,7,Skip
5,talk,25,3,15,ESTIMATE Agent[11] WEREWOLF
5,talk,26,3,12,Skip
5,talk,27,3,10,VOTE Agent[11]
5,talk,28,3,2,Skip
5,talk,29,3,8,Skip
5,talk,30,3,4,VOTE Agent[15]
5,talk,31,3,11,VOTE Agent[02]
5,talk,32,4,11,VOTE Agent[02]
5,talk,33,4,10,Skip
5,talk,34,4,8,Skip
5,talk,35,4,15,ESTIMATE Agent[11] WEREWOLF
5,talk,36,4,12,Skip
5,talk,37,4,2,Skip
5,talk,38,4,7,Skip
5,talk,39,4,4,VOTE Agent[15]
5,talk,40,5,2,Over
5,talk,41,5,7,Over
5,talk,42,5,10,Skip
5,talk,43,5,12,Over
5,talk,44,5,15,ESTIMATE Agent[11] WEREWOLF
5,talk,45,5,8,Over
5,talk,46,5,4,VOTE Agent[15]
5,talk,47,5,11,VOTE Agent[02]
5,talk,48,6,8,Over
5,talk,49,6,11,VOTE Agent[02]
5,talk,50,6,2,Over
5,talk,51,6,7,Over
5,talk,52,6,12,Over
5,talk,53,6,15,REQUEST ANY (VOTE Agent[11])
5,talk,54,6,10,Over
5,talk,55,6,4,VOTE Agent[15]
5,talk,56,7,4,VOTE Agent[15]
5,talk,57,7,15,REQUEST ANY (VOTE Agent[11])
5,talk,58,7,10,Over
5,talk,59,7,7,Over
5,talk,60,7,8,Over
5,talk,61,7,11,VOTE Agent[02]
5,talk,62,7,12,Over
5,talk,63,7,2,Over
5,talk,64,8,10,Over
5,talk,65,8,4,VOTE Agent[15]
5,talk,66,8,2,Over
5,talk,67,8,7,Over
5,talk,68,8,12,Over
5,talk,69,8,15,ESTIMATE Agent[11] WEREWOLF
5,talk,70,8,11,VOTE Agent[02]
5,talk,71,8,8,Over
5,talk,72,9,2,Over
5,talk,73,9,10,Over
5,talk,74,9,15,VOTE Agent[11]
5,talk,75,9,4,VOTE Agent[15]
5,talk,76,9,12,Over
5,talk,77,9,11,VOTE Agent[02]
5,talk,78,9,7,Over
5,talk,79,9,8,Over
5,talk,80,10,10,Over
5,talk,81,10,11,Over
5,talk,82,10,2,Over
5,talk,83,10,7,Over
5,talk,84,10,12,Over
5,talk,85,10,15,Over
5,talk,86,10,4,Over
5,talk,87,10,8,Over
5,vote,2,11
5,vote,4,15
5,vote,7,11
5,vote,8,11
5,vote,10,11
5,vote,11,2
5,vote,12,11
5,vote,15,11
5,execute,11,VILLAGER
5,divine,4,2,HUMAN
5,guard,12,4,SEER
5,attackVote,15,12
5,attack,12,true
6,status,1,VILLAGER,DEAD,tonkatsu
6,status,2,VILLAGER,ALIVE,KP22
6,status,3,WEREWOLF,DEAD,kgu_ryu
6,status,4,SEER,ALIVE,sUper_IL
6,status,5,WEREWOLF,DEAD,daphne
6,status,6,VILLAGER,DEAD,Ncu702
6,status,7,VILLAGER,ALIVE,ice
6,status,8,VILLAGER,ALIVE,mikami
6,status,9,VILLAGER,DEAD,Baguette
6,status,10,POSSESSED,ALIVE,ichida
6,status,11,VILLAGER,DEAD,Hachi2
6,status,12,BODYGUARD,DEAD,takoyaki
6,status,13,VILLAGER,DEAD,CanisLupus
6,status,14,MEDIUM,DEAD,ioh
6,status,15,WEREWOLF,ALIVE,Basket
6,talk,0,0,4,DIVINED Agent[02] HUMAN
6,talk,1,0,8,VOTE Agent[02]
6,talk,2,0,2,VOTE Agent[15]
6,talk,3,0,10,VOTE Agent[15]
6,talk,4,0,15,IDENTIFIED Agent[11] HUMAN
6,talk,5,0,7,VOTE Agent[15]
6,talk,6,1,15,ESTIMATE Agent[04] WEREWOLF
6,talk,7,1,4,VOTE Agent[15]
6,talk,8,1,10,Skip
6,talk,9,1,8,VOTE Agent[15]
6,talk,10,1,7,Skip
6,talk,11,1,2,Skip
6,talk,12,2,4,VOTE Agent[15]
6,talk,13,2,7,Skip
6,talk,14,2,10,Skip
6,talk,15,2,8,Skip
6,talk,16,2,2,Skip
6,talk,17,2,15,REQUEST ANY (VOTE Agent[04])
6,talk,18,3,8,Skip
6,talk,19,3,15,VOTE Agent[04]
6,talk,20,3,10,Over
6,talk,21,3,2,Over
6,talk,22,3,4,VOTE Agent[15]
6,talk,23,3,7,Over
6,talk,24,4,2,Over
6,talk,25,4,7,Over
6,talk,26,4,10,Over
6,talk,27,4,8,Over
6,talk,28,4,15,REQUEST ANY (VOTE Agent[04])
6,talk,29,4,4,VOTE Agent[15]
6,talk,30,5,15,VOTE Agent[04]
6,talk,31,5,2,Over
6,talk,32,5,8,Over
6,talk,33,5,10,Over
6,talk,34,5,4,VOTE Agent[15]
6,talk,35,5,7,Over
6,talk,36,6,4,VOTE Agent[15]
6,talk,37,6,7,Over
6,talk,38,6,8,Over
6,talk,39,6,10,Over
6,talk,40,6,15,ESTIMATE Agent[04] WEREWOLF
6,talk,41,6,2,Over
6,talk,42,7,7,Over
6,talk,43,7,15,VOTE Agent[04]
6,talk,44,7,8,Over
6,talk,45,7,2,Over
6,talk,46,7,10,Over
6,talk,47,7,4,VOTE Agent[15]
6,talk,48,8,2,Over
6,talk,49,8,7,Over
6,talk,50,8,4,VOTE Agent[15]
6,talk,51,8,8,Over
6,talk,52,8,15,REQUEST ANY (VOTE Agent[04])
6,talk,53,8,10,Over
6,talk,54,9,4,VOTE Agent[15]
6,talk,55,9,7,Over
6,talk,56,9,8,Over
6,talk,57,9,2,Over
6,talk,58,9,10,Over
6,talk,59,9,15,REQUEST ANY (VOTE Agent[04])
6,talk,60,10,8,Over
6,talk,61,10,4,Over
6,talk,62,10,7,Over
6,talk,63,10,15,Over
6,talk,64,10,10,Over
6,talk,65,10,2,Over
6,vote,2,15
6,vote,4,15
6,vote,7,15
6,vote,8,15
6,vote,10,15
6,vote,15,4
6,execute,15,WEREWOLF
6,divine,4,10,HUMAN
7,status,1,VILLAGER,DEAD,tonkatsu
7,status,2,VILLAGER,ALIVE,KP22
7,status,3,WEREWOLF,DEAD,kgu_ryu
7,status,4,SEER,ALIVE,sUper_IL
7,status,5,WEREWOLF,DEAD,daphne
7,status,6,VILLAGER,DEAD,Ncu702
7,status,7,VILLAGER,ALIVE,ice
7,status,8,VILLAGER,ALIVE,mikami
7,status,9,VILLAGER,DEAD,Baguette
7,status,10,POSSESSED,ALIVE,ichida
7,status,11,VILLAGER,DEAD,Hachi2
7,status,12,BODYGUARD,DEAD,takoyaki
7,status,13,VILLAGER,DEAD,CanisLupus
7,status,14,MEDIUM,DEAD,ioh
7,status,15,WEREWOLF,DEAD,Basket
7,result,5,0,VILLAGER
