0,status,1,VILLAGER,ALIVE,tonkatsu
0,status,2,VILLAGER,ALIVE,KP22
0,status,3,POSSESSED,ALIVE,kgu_ryu
0,status,4,VILLAGER,ALIVE,sUper_IL
0,status,5,WEREWOLF,ALIVE,daphne
0,status,6,VILLAGER,ALIVE,Ncu702
0,status,7,VILLAGER,ALIVE,ice
0,status,8,VILLAGER,ALIVE,mikami
0,status,9,WEREWOLF,ALIVE,Baguette
0,status,10,WEREWOLF,ALIVE,ichida
0,status,11,VILLAGER,ALIVE,Hachi2
0,status,12,BODYGUARD,ALIVE,takoyaki
0,status,13,SEER,ALIVE,CanisLupus
0,status,14,VILLAGER,ALIVE,ioh
0,status,15,MEDIUM,ALIVE,Basket
0,whisper,0,0,5,Skip
0,whisper,1,0,9,VOTE Agent[01]
0,whisper,2,0,10,Skip
0,whisper,3,1,10,Skip
0,whisper,4,1,5,Skip
0,whisper,5,1,9,VOTE Agent[02]
0,whisper,6,2,5,Over
0,whisper,7,2,9,VOTE Agent[01]
0,whisper,8,2,10,Over
0,whisper,9,3,10,Over
0,whisper,10,3,9,VOTE Agent[02]
0,whisper,11,3,5,Over
0,whisper,12,4,9,VOTE Agent[01]
0,whisper,13,4,5,Over
0,whisper,14,4,10,Over
0,whisper,15,5,10,Over
0,whisper,16,5,9,VOTE Agent[02]
0,whisper,17,5,5,Over
0,whisper,18,6,10,Over
0,whisper,19,6,9,VOTE Agent[01]
0,whisper,20,6,5,Over
0,whisper,21,7,9,VOTE Agent[02]
0,whisper,22,7,10,Over
0,whisper,23,7,5,Over
0,whisper,24,8,9,VOTE Agent[01]
0,whisper,25,8,5,Over
0,whisper,26,8,10,Over
0,whisper,27,9,9,VOTE Agent[02]
0,whisper,28,9,5,Over
0,whisper,29,9,10,Over
0,whisper,30,10,10,Over
0,whisper,31,10,5,Over
0,whisper,32,10,9,Over
0,divine,13,7,HUMAN
1,status,1,VILLAGER,ALIVE,tonkatsu
1,status,2,VILLAGER,ALIVE,KP22
1,status,3,POSSESSED,ALIVE,kgu_ryu
1,status,4,VILLAGER,ALIVE,sUper_IL
1,status,5,WEREWOLF,ALIVE,daphne
1,status,6,VILLAGER,ALIVE,Ncu702
1,status,7,VILLAGER,ALIVE,ice
1,status,8,VILLAGER,ALIVE,mikami
1,status,9,WEREWOLF,ALIVE,Baguette
1,status,10,WEREWOLF,ALIVE,ichida
1,status,11,VILLAGER,ALIVE,Hachi2
1,status,12,BODYGUARD,ALIVE,takoyaki
1,status,13,SEER,ALIVE,CanisLupus
1,status,14,VILLAGER,ALIVE,ioh
1,status,15,MEDIUM,ALIVE,Basket
1,talk,0,0,10,Skip
1,talk,1,0,5,Skip
1,talk,2,0,12,VOTE Agent[03]
1,talk,3,0,1,VOTE Agent[03]
1,talk,4,0,4,VOTE Agent[03]
1,talk,5,0,8,VOTE Agent[03]
1,talk,6,0,9,VOTE Agent[08]
1,talk,7,0,14,ESTIMATE Agent[03] WEREWOLF
1,talk,8,0,7,VOTE Agent[03]
1,talk,9,0,2,VOTE Agent[03]
1,talk,10,0,15,ESTIMATE Agent[03] WEREWOLF
1,talk,11,0,6,VOTE Agent[03]
1,talk,12,0,13,COMINGOUT Agent[13] SEER
1,talk,13,0,11,VOTE Agent[03]
1,talk,14,0,3,VOTE Agent[08]
1,talk,15,1,13,DIVINED Agent[07] HUMAN
1,talk,16,1,4,VOTE Agent[05]
1,talk,17,1,3,VOTE Agent[05]
1,talk,18,1,10,VOTE Agent[03]
1,talk,19,1,1,Skip
1,talk,20,1,6,Skip
1,talk,21,1,2,VOTE Agent[05]
1,talk,22,1,8,Skip
1,talk,23,1,7,Skip
1,talk,24,1,12,VOTE Agent[05]
1,talk,25,1,14,ESTIMATE Agent[05] WEREWOLF
1,talk,26,1,5,VOTE Agent[03]
1,talk,27,1,15,ESTIMATE Agent[05] WEREWOLF
1,talk,28,1,9,VOTE Agent[12]
1,talk,29,1,11,VOTE Agent[05]
1,talk,30,2,1,VOTE Agent[05]
1,talk,31,2,9,VOTE Agent[03]
1,talk,32,2,13,VOTE Agent[05]
1,talk,33,2,6,VOTE Agent[05]
1,talk,34,2,10,VOTE Agent[05]
1,talk,35,2,11,Skip
1,talk,36,2,3,Skip
1,talk,37,2,4,Skip
1,talk,38,2,7,VOTE Agent[05]
1,talk,39,2,14,ESTIMATE Agent[05] WEREWOLF
1,talk,40,2,12,Skip
1,talk,41,2,15,VOTE Agent[05]
1,talk,42,2,5,VOTE Agent[03]
1,talk,43,2,2,Skip
1,talk,44,2,8,VOTE Agent[05]
1,talk,45,3,5,VOTE Agent[03]
1,talk,46,3,13,VOTE Agent[05]
1,talk,47,3,14,VOTE Agent[05]
1,talk,48,3,10,Skip
1,talk,49,3,7,Skip
1,talk,50,3,1,Skip
1,talk,51,3,9,VOTE Agent[12]
1,talk,52,3,11,Skip
1,talk,53,3,6,Skip
1,talk,54,3,8,Skip
1,talk,55,3,4,Skip
1,talk,56,3,2,Skip
1,talk,57,3,3,Skip
1,talk,58,3,12,Skip
1,talk,59,3,15,ESTIMATE Agent[05] WEREWOLF
1,talk,60,4,9,VOTE Agent[02]
1,talk,61,4,5,VOTE Agent[09]
1,talk,62,4,6,Skip
1,talk,63,4,13,VOTE Agent[05]
1,talk,64,4,11,Over
1,talk,65,4,7,Skip
1,talk,66,4,14,VOTE Agent[05]
1,talk,67,4,15,REQUEST ANY (VOTE Agent[05])
1,talk,68,4,8,Skip
1,talk,69,4,3,Over
1,talk,70,4,12,Over
1,talk,71,4,10,Skip
1,talk,72,4,1,Skip
1,talk,73,4,2,Over
1,talk,74,4,4,Over
1,talk,75,5,1,Over
1,talk,76,5,14,ESTIMATE Agent[05] WEREWOLF
1,talk,77,5,9,VOTE Agent[15]
1,talk,78,5,3,Over
1,talk,79,5,4,Over
1,talk,80,5,15,REQUEST ANY (VOTE Agent[05])
1,talk,81,5,13,VOTE Agent[05]
1,talk,82,5,5,VOTE Agent[09]
1,talk,83,5,2,Over
1,talk,84,5,11,Over
1,talk,85,5,8,Over
1,talk,86,5,10,Over
1,talk,87,5,7,Over
1,talk,88,5,12,Over
1,talk,89,5,6,Over
1,talk,90,6,14,REQUEST ANY (VOTE Agent[05])
1,talk,91,6,4,Over
1,talk,92,6,7,Over
1,talk,93,6,13,VOTE Agent[05]
1,talk,94,6,5,VOTE Agent[09]
1,talk,95,6,9,VOTE Agent[15]
1,talk,96,6,1,Over
1,talk,97,6,2,Over
1,talk,98,6,15,VOTE Agent[05]
1,talk,99,6,10,Over
1,talk,100,6,12,Over
1,talk,101,6,8,Over
1,talk,102,6,11,Over
1,talk,103,6,3,Over
1,talk,104,6,6,Over
1,talk,105,7,14,ESTIMATE Agent[05] WEREWOLF
1,talk,106,7,13,VOTE Agent[05]
1,talk,107,7,4,Over
1,talk,108,7,9,VOTE Agent[08]
1,talk,109,7,6,Over
1,talk,110,7,8,Over
1,talk,111,7,3,Over
1,talk,112,7,2,Over
1,talk,113,7,1,Over
1,talk,114,7,7,Over
1,talk,115,7,10,Over
1,talk,116,7,15,VOTE Agent[05]
1,talk,117,7,5,VOTE Agent[09]
1,talk,118,7,12,Over
1,talk,119,7,11,Over
1,talk,120,8,7,Over
1,talk,121,8,9,VOTE Agent[14]
1,talk,122,8,8,Over
1,talk,123,8,4,Over
1,talk,124,8,10,Over
1,talk,125,8,2,Over
1,talk,126,8,6,Over
1,talk,127,8,11,Over
1,talk,128,8,14,ESTIMATE Agent[05] WEREWOLF
1,talk,129,8,3,Over
1,talk,130,8,5,VOTE Agent[09]
1,talk,131,8,15,ESTIMATE Agent[05] WEREWOLF
1,talk,132,8,1,Over
1,talk,133,8,13,VOTE Agent[05]
1,talk,134,8,12,Over
1,talk,135,9,5,VOTE Agent[09]
1,talk,136,9,2,Over
1,talk,137,9,3,Over
1,talk,138,9,6,Over
1,talk,139,9,14,VOTE Agent[05]
1,talk,140,9,11,Over
1,talk,141,9,10,Over
1,talk,142,9,7,Over
1,talk,143,9,13,VOTE Agent[05]
1,talk,144,9,12,Over
1,talk,145,9,15,VOTE Agent[05]
1,talk,146,9,8,Over
1,talk,147,9,1,Over
1,talk,148,9,9,VOTE Agent[07]
1,talk,149,9,4,Over
1,talk,150,10,15,Over
1,talk,151,10,7,Over
1,talk,152,10,9,Over
1,talk,153,10,13,Over
1,talk,154,10,5,VOTE Agent[09]
1,talk,155,10,8,Over
1,talk,156,10,2,Over
1,talk,157,10,6,Over
1,talk,158,10,10,Over
1,talk,159,10,4,Over
1,talk,160,10,11,Over
1,talk,161,10,1,Over
1,talk,162,10,12,Over
1,talk,163,10,14,Over
1,talk,164,10,3,Over
1,talk,165,11,8,Over
1,talk,166,11,5,Over
1,talk,167,11,15,Over
1,talk,168,11,9,Over
1,talk,169,11,3,Over
1,talk,170,11,12,Over
1,talk,171,11,14,Over
1,talk,172,11,7,Over
1,talk,173,11,6,Over
1,talk,174,11,4,Over
1,talk,175,11,11,Over
1,talk,176,11,1,Over
1,talk,177,11,10,Over
1,talk,178,11,2,Over
1,talk,179,11,13,Over
1,vote,1,5
1,vote,2,5
1,vote,3,5
1,vote,4,5
1,vote,5,9
1,vote,6,5
1,vote,7,5
1,vote,8,5
1,vote,9,7
1,vote,10,5
1,vote,11,5
1,vote,12,5
1,vote,13,5
1,vote,14,5
1,vote,15,5
1,execute,5,WEREWOLF
1,divine,13,3,HUMAN
1,whisper,0,0,9,VOTE Agent[13]
1,whisper,1,0,10,Skip
1,whisper,2,1,10,Skip
1,whisper,3,1,9,VOTE Agent[14]
1,whisper,4,2,10,Over
1,whisper,5,2,9,VOTE Agent[13]
1,whisper,6,3,9,VOTE Agent[14]
1,whisper,7,3,10,Over
1,whisper,8,4,9,VOTE Agent[13]
1,whisper,9,4,10,Over
1,whisper,10,5,9,VOTE Agent[14]
1,whisper,11,5,10,Over
1,whisper,12,6,9,VOTE Agent[13]
1,whisper,13,6,10,Over
1,whisper,14,7,9,VOTE Agent[14]
1,whisper,15,7,10,Over
1,whisper,16,8,10,Over
1,whisper,17,8,9,VOTE Agent[13]
1,whisper,18,9,9,VOTE Agent[14]
1,whisper,19,9,10,Over
1,whisper,20,10,9,Over
1,whisper,21,10,10,Over
1,guard,12,13,SEER
1,attackVote,9,14
1,attack,14,true
2,status,1,VILLAGER,ALIVE,tonkatsu
2,status,2,VILLAGER,ALIVE,KP22
2,status,3,POSSESSED,ALIVE,kgu_ryu
2,status,4,VILLAGER,ALIVE,sUper_IL
2,status,5,WEREWOLF,DEAD,daphne
2,status,6,VILLAGER,ALIVE,Ncu702
2,status,7,VILLAGER,ALIVE,ice
2,status,8,VILLAGER,ALIVE,mikami
2,status,9,WEREWOLF,ALIVE,Baguette
2,status,10,WEREWOLF,ALIVE,ichida
2,status,11,VILLAGER,ALIVE,Hachi2
2,status,12,BODYGUARD,ALIVE,takoyaki
2,status,13,SEER,ALIVE,CanisLupus
2,status,14,VILLAGER,DEAD,ioh
2,status,15,MEDIUM,ALIVE,Basket
2,talk,0,0,1,VOTE Agent[03]
2,talk,1,0,2,VOTE Agent[03]
2,talk,2,0,13,DIVINED Agent[03] HUMAN
2,talk,3,0,15,COMINGOUT Agent[15] MEDIUM
2,talk,4,0,8,VOTE Agent[03]
2,talk,5,0,12,VOTE Agent[04]
2,talk,6,0,4,VOTE Agent[02]
2,talk,7,0,9,VOTE Agent[13]
2,talk,8,0,3,VOTE Agent[10]
2,talk,9,0,6,VOTE Agent[03]
2,talk,10,0,11,VOTE Agent[08]
2,talk,11,0,7,VOTE Agent[03]
2,talk,12,0,10,VOTE Agent[03]
2,talk,13,1,3,VOTE Agent[11]
2,talk,14,1,4,VOTE Agent[02]
2,talk,15,1,15,IDENTIFIED Agent[05] WEREWOLF
2,talk,16,1,8,VOTE Agent[03]
2,talk,17,1,2,VOTE Agent[11]
2,talk,18,1,1,VOTE Agent[03]
2,talk,19,1,6,VOTE Agent[03]
2,talk,20,1,7,VOTE Agent[03]
2,talk,21,1,11,VOTE Agent[01]
2,talk,22,1,12,VOTE Agent[02]
2,talk,23,1,10,Skip
2,talk,24,1,9,VOTE Agent[01]
2,talk,25,1,13,VOTE Agent[09]
2,talk,26,2,10,Skip
2,talk,27,2,9,VOTE Agent[11]
2,talk,28,2,3,Skip
2,talk,29,2,8,VOTE Agent[03]
2,talk,30,2,4,VOTE Agent[11]
2,talk,31,2,6,VOTE Agent[03]
2,talk,32,2,12,VOTE Agent[09]
2,talk,33,2,13,VOTE Agent[11]
2,talk,34,2,7,VOTE Agent[11]
2,talk,35,2,2,VOTE Agent[11]
2,talk,36,2,15,VOTE Agent[11]
2,talk,37,2,11,VOTE Agent[02]
2,talk,38,2,1,VOTE Agent[11]
2,talk,39,3,8,VOTE Agent[11]
2,talk,40,3,4,Skip
2,talk,41,3,7,Skip
2,talk,42,3,10,VOTE Agent[11]
2,talk,43,3,6,VOTE Agent[11]
2,talk,44,3,12,VOTE Agent[11]
2,talk,45,3,13,VOTE Agent[11]
2,talk,46,3,2,Skip
2,talk,47,3,15,ESTIMATE Agent[11] WEREWOLF
2,talk,48,3,11,VOTE Agent[02]
2,talk,49,3,9,VOTE Agent[01]
2,talk,50,3,1,Skip
2,talk,51,3,3,Skip
2,talk,52,4,7,Skip
2,talk,53,4,15,VOTE Agent[11]
2,talk,54,4,1,Skip
2,talk,55,4,12,Skip
2,talk,56,4,8,Skip
2,talk,57,4,6,Skip
2,talk,58,4,4,Skip
2,talk,59,4,9,VOTE Agent[01]
2,talk,60,4,10,Skip
2,talk,61,4,11,VOTE Agent[08]
2,talk,62,4,13,VOTE Agent[11]
2,talk,63,4,3,Over
2,talk,64,4,2,Skip
2,talk,65,5,3,Over
2,talk,66,5,10,Skip
2,talk,67,5,13,VOTE Agent[11]
2,talk,68,5,9,VOTE Agent[02]
2,talk,69,5,8,Skip
2,talk,70,5,2,Over
2,talk,71,5,7,Over
2,talk,72,5,12,Skip
2,talk,73,5,11,VOTE Agent[08]
2,talk,74,5,15,ESTIMATE Agent[11] WEREWOLF
2,talk,75,5,6,Skip
2,talk,76,5,1,Over
2,talk,77,5,4,Over
2,talk,78,6,10,Over
2,talk,79,6,15,REQUEST ANY (VOTE Agent[11])
2,talk,80,6,3,Over
2,talk,81,6,8,Over
2,talk,82,6,4,Over
2,talk,83,6,13,VOTE Agent[11]
2,talk,84,6,1,Over
2,talk,85,6,11,VOTE Agent[02]
2,talk,86,6,2,Over
2,talk,87,6,6,Over
2,talk,88,6,7,Over
2,talk,89,6,12,Over
2,talk,90,6,9,VOTE Agent[06]
2,talk,91,7,6,Over
2,talk,92,7,3,Over
2,talk,93,7,11,VOTE Agent[02]
2,talk,94,7,4,Over
2,talk,95,7,8,Over
2,talk,96,7,13,VOTE Agent[11]
2,talk,97,7,9,VOTE Agent[06]
2,talk,98,7,1,Over
2,talk,99,7,7,Over
2,talk,100,7,15,VOTE Agent[11]
2,talk,101,7,2,Over
2,talk,102,7,12,Over
2,talk,103,7,10,Over
2,talk,104,8,15,VOTE Agent[11]
2,talk,105,8,1,Over
2,talk,106,8,6,Over
2,talk,107,8,3,Over
2,talk,108,8,13,VOTE Agent[11]
2,talk,109,8,8,Over
2,talk,110,8,7,Over
2,talk,111,8,2,Over
2,talk,112,8,11,VOTE Agent[02]
2,talk,113,8,9,VOTE Agent[06]
2,talk,114,8,12,Over
2,talk,115,8,10,Over
2,talk,116,8,4,Over
2,talk,117,9,1,Over
2,talk,118,9,11,VOTE Agent[02]
2,talk,119,9,2,Over
2,talk,120,9,12,Over
2,talk,121,9,9,VOTE Agent[13]
2,talk,122,9,4,Over
2,talk,123,9,7,Over
2,talk,124,9,8,Over
2,talk,125,9,3,Over
2,talk,126,9,13,VOTE Agent[11]
2,talk,127,9,6,Over
2,talk,128,9,10,Over
2,talk,129,9,15,VOTE Agent[11]
2,talk,130,10,7,Over
2,talk,131,10,3,Over
2,talk,132,10,4,Over
2,talk,133,10,12,Over
2,talk,134,10,8,Over
2,talk,135,10,9,Over
2,talk,136,10,1,Over
2,talk,137,10,13,Over
2,talk,138,10,10,Over
2,talk,139,10,2,Over
2,talk,140,10,11,Over
2,talk,141,10,15,Over
2,talk,142,10,6,Over
2,vote,1,11
2,vote,2,11
2,vote,3,11
2,vote,4,11
2,vote,6,11
2,vote,7,11
2,vote,8,11
2,vote,9,13
2,vote,10,11
2,vote,11,2
2,vote,12,11
2,vote,13,11
2,vote,15,11
2,execute,11,VILLAGER
2,divine,13,2,HUMAN
2,whisper,0,0,9,VOTE Agent[03]
2,whisper,1,0,10,Skip
2,whisper,2,1,10,Skip
2,whisper,3,1,9,VOTE Agent[13]
2,whisper,4,2,9,VOTE Agent[03]
2,whisper,5,2,10,Over
2,whisper,6,3,9,VOTE Agent[13]
2,whisper,7,3,10,Over
2,whisper,8,4,10,Over
2,whisper,9,4,9,VOTE Agent[03]
2,whisper,10,5,9,VOTE Agent[13]
2,whisper,11,5,10,Over
2,whisper,12,6,10,Over
2,whisper,13,6,9,VOTE Agent[03]
2,whisper,14,7,9,VOTE Agent[13]
2,whisper,15,7,10,Over
2,whisper,16,8,10,Over
2,whisper,17,8,9,VOTE Agent[03]
2,whisper,18,9,10,Over
2,whisper,19,9,9,VOTE Agent[13]
2,whisper,20,10,9,Over
2,whisper,21,10,10,Over
2,guard,12,13,SEER
2,attackVote,9,13
2,attack,13,false
3,status,1,VILLAGER,ALIVE,tonkatsu
3,status,2,VILLAGER,ALIVE,KP22
3,status,3,POSSESSED,ALIVE,kgu_ryu
3,status,4,VILLAGER,ALIVE,sUper_IL
3,status,5,WEREWOLF,DEAD,daphne
3,status,6,VILLAGER,ALIVE,Ncu702
3,status,7,VILLAGER,ALIVE,ice
3,status,8,VILLAGER,ALIVE,mikami
3,status,9,WEREWOLF,ALIVE,Baguette
3,status,10,WEREWOLF,ALIVE,ichida
3,status,11,VILLAGER,DEAD,Hachi2
3,status,12,BODYGUARD,ALIVE,takoyaki
3,status,13,SEER,ALIVE,CanisLupus
3,status,14,VILLAGER,DEAD,ioh
3,status,15,MEDIUM,ALIVE,Basket
3,talk,0,0,6,VOTE Agent[01]
3,talk,1,0,4,VOTE Agent[02]
3,talk,2,0,1,VOTE Agent[02]
3,talk,3,0,12,VOTE Agent[02]
3,talk,4,0,10,VOTE Agent[02]
3,talk,5,0,13,DIVINED Agent[02] HUMAN
3,talk,6,0,9,VOTE Agent[12]
3,talk,7,0,15,IDENTIFIED Agent[11] HUMAN
3,talk,8,0,3,VOTE Agent[02]
3,talk,9,0,2,VOTE Agent[08]
3,talk,10,0,8,VOTE Agent[02]
3,talk,11,0,7,VOTE Agent[02]
3,talk,12,1,1,Skip
3,talk,13,1,10,Skip
3,talk,14,1,15,VOTE Agent[09]
3,talk,15,1,13,VOTE Agent[08]
3,talk,16,1,3,Skip
3,talk,17,1,8,Skip
3,talk,18,1,7,Skip
3,talk,19,1,4,VOTE Agent[08]
3,talk,20,1,6,VOTE Agent[02]
3,talk,21,1,2,VOTE Agent[08]
3,talk,22,1,9,VOTE Agent[01]
3,talk,23,1,12,VOTE Agent[08]
3,talk,24,2,13,VOTE Agent[08]
3,talk,25,2,10,Skip
3,talk,26,2,8,Skip
3,talk,27,2,15,VOTE Agent[08]
3,talk,28,2,1,Skip
3,talk,29,2,7,Skip
3,talk,30,2,3,VOTE Agent[08]
3,talk,31,2,12,Skip
3,talk,32,2,4,Skip
3,talk,33,2,2,Skip
3,talk,34,2,9,VOTE Agent[13]
3,talk,35,2,6,VOTE Agent[08]
3,talk,36,3,7,VOTE Agent[08]
3,talk,37,3,10,VOTE Agent[08]
3,talk,38,3,15,VOTE Agent[08]
3,talk,39,3,8,VOTE Agent[02]
3,talk,40,3,6,Skip
3,talk,41,3,1,VOTE Agent[08]
3,talk,42,3,2,Skip
3,talk,43,3,12,Skip
3,talk,44,3,13,VOTE Agent[08]
3,talk,45,3,9,VOTE Agent[08]
3,talk,46,3,3,Skip
3,talk,47,3,4,Skip
3,talk,48,4,4,Over
3,talk,49,4,9,VOTE Agent[07]
3,talk,50,4,13,VOTE Agent[08]
3,talk,51,4,7,Skip
3,talk,52,4,8,VOTE Agent[02]
3,talk,53,4,2,Over
3,talk,54,4,1,Skip
3,talk,55,4,12,Over
3,talk,56,4,15,ESTIMATE Agent[08] WEREWOLF
3,talk,57,4,10,Skip
3,talk,58,4,6,Skip
3,talk,59,4,3,Skip
3,talk,60,5,2,Over
3,talk,61,5,13,VOTE Agent[08]
3,talk,62,5,4,Over
3,talk,63,5,10,Skip
3,talk,64,5,3,Over
3,talk,65,5,6,Over
3,talk,66,5,8,VOTE Agent[02]
3,talk,67,5,15,ESTIMATE Agent[08] WEREWOLF
3,talk,68,5,9,VOTE Agent[12]
3,talk,69,5,7,Skip
3,talk,70,5,12,Over
3,talk,71,5,1,Skip
3,talk,72,6,10,Over
3,talk,73,6,2,Over
3,talk,74,6,1,Over
3,talk,75,6,12,Over
3,talk,76,6,9,VOTE Agent[12]
3,talk,77,6,3,Over
3,talk,78,6,6,Over
3,talk,79,6,8,VOTE Agent[02]
3,talk,80,6,15,REQUEST ANY (VOTE Agent[08])
3,talk,81,6,7,Over
3,talk,82,6,13,VOTE Agent[08]
3,talk,83,6,4,Over
3,talk,84,7,2,Over
3,talk,85,7,1,Over
3,talk,86,7,13,VOTE Agent[08]
3,talk,87,7,4,Over
3,talk,88,7,3,Over
3,talk,89,7,12,Over
3,talk,90,7,8,VOTE Agent[02]
3,talk,91,7,6,Over
3,talk,92,7,15,VOTE Agent[08]
3,talk,93,7,7,Over
3,talk,94,7,9,VOTE Agent[13]
3,talk,95,7,10,Over
3,talk,96,8,1,Over
3,talk,97,8,9,VOTE Agent[02]
3,talk,98,8,4,Over
3,talk,99,8,13,VOTE Agent[08]
3,talk,100,8,7,Over
3,talk,101,8,2,Over
3,talk,102,8,10,Over
3,talk,103,8,6,Over
3,talk,104,8,3,Over
3,talk,105,8,15,REQUEST ANY (VOTE Agent[08])
3,talk,106,8,8,VOTE Agent[02]
3,talk,107,8,12,Over
3,talk,108,9,12,Over
3,talk,109,9,3,Over
3,talk,110,9,6,Over
3,talk,111,9,4,Over
3,talk,112,9,8,VOTE Agent[02]
3,talk,113,9,2,Over
3,talk,114,9,9,VOTE Agent[01]
3,talk,115,9,7,Over
3,talk,116,9,10,Over
3,talk,117,9,1,Over
3,talk,118,9,15,VOTE Agent[08]
3,talk,119,9,13,VOTE Agent[08]
3,talk,120,10,13,Over
3,talk,121,10,15,Over
3,talk,122,10,3,Over
3,talk,123,10,10,Over
3,talk,124,10,4,Over
3,talk,125,10,6,Over
3,talk,126,10,9,Over
3,talk,127,10,1,Over
3,talk,128,10,8,VOTE Agent[01]
3,talk,129,10,7,Over
3,talk,130,10,12,Over
3,talk,131,10,2,Over
3,talk,132,11,9,Over
3,talk,133,11,1,Over
3,talk,134,11,12,Over
3,talk,135,11,4,Over
3,talk,136,11,6,Over
3,talk,137,11,10,Over
3,talk,138,11,15,Over
3,talk,139,11,3,Over
3,talk,140,11,7,Over
3,talk,141,11,8,VOTE Agent[01]
3,talk,142,11,13,Over
3,talk,143,11,2,Over
3,talk,144,12,7,Over
3,talk,145,12,13,Over
3,talk,146,12,4,Over
3,talk,147,12,3,Over
3,talk,148,12,2,Over
3,talk,149,12,9,Over
3,talk,150,12,10,Over
3,talk,151,12,8,Over
3,talk,152,12,15,Over
3,talk,153,12,1,Over
3,talk,154,12,12,Over
3,talk,155,12,6,Over
3,vote,1,8
3,vote,2,8
3,vote,3,8
3,vote,4,8
3,vote,6,8
3,vote,7,8
3,vote,8,1
3,vote,9,1
3,vote,10,8
3,vote,12,8
3,vote,13,8
3,vote,15,9
3,execute,8,VILLAGER
3,divine,13,9,WEREWOLF
3,whisper,0,0,9,VOTE Agent[03]
3,whisper,1,0,10,Skip
3,whisper,2,1,10,Skip
3,whisper,3,1,9,VOTE Agent[13]
3,whisper,4,2,10,Over
3,whisper,5,2,9,VOTE Agent[03]
3,whisper,6,3,9,VOTE Agent[13]
3,whisper,7,3,10,Over
3,whisper,8,4,10,Over
3,whisper,9,4,9,VOTE Agent[03]
3,whisper,10,5,9,VOTE Agent[13]
3,whisper,11,5,10,Over
3,whisper,12,6,10,Over
3,whisper,13,6,9,VOTE Agent[03]
3,whisper,14,7,10,Over
3,whisper,15,7,9,VOTE Agent[13]
3,whisper,16,8,9,VOTE Agent[03]
3,whisper,17,8,10,Over
3,whisper,18,9,10,Over
3,whisper,19,9,9,VOTE Agent[13]
3,whisper,20,10,9,Over
3,whisper,21,10,10,Over
3,guard,12,13,SEER
3,attackVote,9,13
3,attack,13,false
4,status,1,VILLAGER,ALIVE,tonkatsu
4,status,2,VILLAGER,ALIVE,KP22
4,status,3,POSSESSED,ALIVE,kgu_ryu
4,status,4,VILLAGER,ALIVE,sUper_IL
4,status,5,WEREWOLF,DEAD,daphne
4,status,6,VILLAGER,ALIVE,Ncu702
4,status,7,VILLAGER,ALIVE,ice
4,status,8,VILLAGER,DEAD,mikami
4,status,9,WEREWOLF,ALIVE,Baguette
4,status,10,WEREWOLF,ALIVE,ichida
4,status,11,VILLAGER,DEAD,Hachi2
4,status,12,BODYGUARD,ALIVE,takoyaki
4,status,13,SEER,ALIVE,CanisLupus
4,status,14,VILLAGER,DEAD,ioh
4,status,15,MEDIUM,ALIVE,Basket
4,talk,0,0,13,DIVINED Agent[09] WEREWOLF
4,talk,1,0,2,VOTE Agent[09]
4,talk,2,0,4,VOTE Agent[09]
4,talk,3,0,1,VOTE Agent[09]
4,talk,4,0,10,VOTE Agent[09]
4,talk,5,0,15,IDENTIFIED Agent[08] HUMAN
4,talk,6,0,6,VOTE Agent[09]
4,talk,7,0,7,VOTE Agent[09]
4,talk,8,0,3,VOTE Agent[09]
4,talk,9,0,9,VOTE Agent[04]
4,talk,10,0,12,VOTE Agent[09]
4,talk,11,1,1,Skip
4,talk,12,1,4,Skip
4,talk,13,1,12,Skip
4,talk,14,1,13,VOTE Agent[09]
4,talk,15,1,2,Skip
4,talk,16,1,10,Skip
4,talk,17,1,15,ESTIMATE Agent[09] WEREWOLF
4,talk,18,1,6,Skip
4,talk,19,1,7,Skip
4,talk,20,1,3,Skip
4,talk,21,1,9,VOTE Agent[04]
4,talk,22,2,12,Skip
4,talk,23,2,1,Skip
4,talk,24,2,9,VOTE Agent[13]
4,talk,25,2,13,VOTE Agent[09]
4,talk,26,2,7,Skip
4,talk,27,2,6,Skip
4,talk,28,2,15,REQUEST ANY (VOTE Agent[09])
4,talk,29,2,4,Skip
4,talk,30,2,10,Skip
4,talk,31,2,3,Skip
4,talk,32,2,2,Skip
4,talk,33,3,3,Over
4,talk,34,3,10,Over
4,talk,35,3,15,VOTE Agent[09]
4,talk,36,3,1,Over
4,talk,37,3,4,Over
4,talk,38,3,6,Over
4,talk,39,3,7,Over
4,talk,40,3,2,Over
4,talk,41,3,9,VOTE Agent[04]
4,talk,42,3,12,Over
4,talk,43,3,13,VOTE Agent[09]
4,talk,44,4,9,VOTE Agent[01]
4,talk,45,4,2,Over
4,talk,46,4,15,REQUEST ANY (VOTE Agent[09])
4,talk,47,4,10,Over
4,talk,48,4,7,Over
4,talk,49,4,13,VOTE Agent[09]
4,talk,50,4,6,Over
4,talk,51,4,12,Over
4,talk,52,4,3,Over
4,talk,53,4,4,Over
4,talk,54,4,1,Over
4,talk,55,5,6,Over
4,talk,56,5,4,Over
4,talk,57,5,1,Over
4,talk,58,5,12,Over
4,talk,59,5,2,Over
4,talk,60,5,3,Over
4,talk,61,5,7,Over
4,talk,62,5,15,ESTIMATE Agent[09] WEREWOLF
4,talk,63,5,10,Over
4,talk,64,5,9,VOTE Agent[13]
4,talk,65,5,13,VOTE Agent[09]
4,talk,66,6,9,VOTE Agent[06]
4,talk,67,6,2,Over
4,talk,68,6,6,Over
4,talk,69,6,13,VOTE Agent[09]
4,talk,70,6,1,Over
4,talk,71,6,12,Over
4,talk,72,6,3,Over
4,talk,73,6,7,Over
4,talk,74,6,10,Over
4,talk,75,6,4,Over
4,talk,76,6,15,REQUEST ANY (VOTE Agent[09])
4,talk,77,7,3,Over
4,talk,78,7,4,Over
4,talk,79,7,1,Over
4,talk,80,7,9,VOTE Agent[01]
4,talk,81,7,12,Over
4,talk,82,7,15,ESTIMATE Agent[09] WEREWOLF
4,talk,83,7,10,Over
4,talk,84,7,6,Over
4,talk,85,7,2,Over
4,talk,86,7,13,VOTE Agent[09]
4,talk,87,7,7,Over
4,talk,88,8,13,VOTE Agent[09]
4,talk,89,8,15,REQUEST ANY (VOTE Agent[09])
4,talk,90,8,9,VOTE Agent[12]
4,talk,91,8,4,Over
4,talk,92,8,3,Over
4,talk,93,8,10,Over
4,talk,94,8,6,Over
4,talk,95,8,2,Over
4,talk,96,8,1,Over
4,talk,97,8,7,Over
4,talk,98,8,12,Over
4,talk,99,9,6,Over
4,talk,100,9,4,Over
4,talk,101,9,10,Over
4,talk,102,9,15,REQUEST ANY (VOTE Agent[09])
4,talk,103,9,12,Over
4,talk,104,9,9,VOTE Agent[15]
4,talk,105,9,13,VOTE Agent[09]
4,talk,106,9,7,Over
4,talk,107,9,2,Over
4,talk,108,9,1,Over
4,talk,109,9,3,Over
4,talk,110,10,4,Over
4,talk,111,10,10,Over
4,talk,112,10,9,Over
4,talk,113,10,12,Over
4,talk,114,10,6,Over
4,talk,115,10,3,Over
4,talk,116,10,1,Over
4,talk,117,10,13,Over
4,talk,118,10,15,Over
4,talk,119,10,2,Over
4,talk,120,10,7,Over
4,vote,1,9
4,vote,2,9
4,vote,3,9
4,vote,4,9
4,vote,6,9
4,vote,7,9
4,vote,9,15
4,vote,10,9
4,vote,12,9
4,vote,13,9
4,vote,15,9
4,execute,9,WEREWOLF
4,divine,13,1,HUMAN
4,guard,12,13,SEER
4,attackVote,10,13
4,attack,13,false
5,status,1,VILLAGER,ALIVE,tonkatsu
5,status,2,VILLAGER,ALIVE,KP22
5,status,3,POSSESSED,ALIVE,kgu_ryu
5,status,4,VILLAGER,ALIVE,sUper_IL
5,status,5,WEREWOLF,DEAD,daphne
5,status,6,VILLAGER,ALIVE,Ncu702
5,status,7,VILLAGER,ALIVE,ice
5,status,8,VILLAGER,DEAD,mikami
5,status,9,WEREWOLF,DEAD,Baguette
5,status,10,WEREWOLF,ALIVE,ichida
5,status,11,VILLAGER,DEAD,Hachi2
5,status,12,BODYGUARD,ALIVE,takoyaki
5,status,13,SEER,ALIVE,CanisLupus
5,status,14,VILLAGER,DEAD,ioh
5,status,15,MEDIUM,ALIVE,Basket
5,talk,0,0,1,VOTE Agent[04]
5,talk,1,0,13,DIVINED Agent[01] HUMAN
5,talk,2,0,10,VOTE Agent[04]
5,talk,3,0,3,VOTE Agent[01]
5,talk,4,0,2,VOTE Agent[04]
5,talk,5,0,12,VOTE Agent[04]
5,talk,6,0,15,IDENTIFIED Agent[09] WEREWOLF
5,talk,7,0,6,VOTE Agent[04]
5,talk,8,0,7,VOTE Agent[04]
5,talk,9,0,4,VOTE Agent[12]
5,talk,10,1,12,Skip
5,talk,11,1,2,Skip
5,talk,12,1,13,VOTE Agent[04]
5,talk,13,1,3,Skip
5,talk,14,1,6,Skip
5,talk,15,1,10,Skip
5,talk,16,1,15,VOTE Agent[04]
5,talk,17,1,4,VOTE Agent[12]
5,talk,18,1,1,Skip
5,talk,19,1,7,Skip
5,talk,20,2,3,Skip
5,talk,21,2,13,VOTE Agent[04]
5,talk,22,2,10,Skip
5,talk,23,2,1,Skip
5,talk,24,2,7,Skip
5,talk,25,2,2,Skip
5,talk,26,2,15,ESTIMATE Agent[04] WEREWOLF
5,talk,27,2,12,Skip
5,talk,28,2,4,VOTE Agent[12]
5,talk,29,2,6,Skip
5,talk,30,3,6,Over
5,talk,31,3,4,VOTE Agent[12]
5,talk,32,3,12,Over
5,talk,33,3,1,Over
5,talk,34,3,13,VOTE Agent[04]
5,talk,35,3,2,Over
5,talk,36,3,3,Over
5,talk,37,3,7,Over
5,talk,38,3,15,VOTE Agent[04]
5,talk,39,3,10,Over
5,talk,40,4,2,Over
5,talk,41,4,3,Over
5,talk,42,4,4,VOTE Agent[12]
5,talk,43,4,6,Over
5,talk,44,4,1,Over
5,talk,45,4,7,Over
5,talk,46,4,15,REQUEST ANY (VOTE Agent[04])
5,talk,47,4,13,VOTE Agent[04]
5,talk,48,4,12,Over
5,talk,49,4,10,Over
5,talk,50,5,4,VOTE Agent[12]
5,talk,51,5,15,ESTIMATE Agent[04] WEREWOLF
5,talk,52,5,10,Over
5,talk,53,5,13,VOTE Agent[04]
5,talk,54,5,1,Over
5,talk,55,5,12,Over
5,talk,56,5,2,Over
5,talk,57,5,3,Over
5,talk,58,5,6,Over
5,talk,59,5,7,Over
5,talk,60,6,2,Over
5,talk,61,6,10,Over
5,talk,62,6,12,Over
5,talk,63,6,3,Over
5,talk,64,6,1,Over
5,talk,65,6,7,Over
5,talk,66,6,15,VOTE Agent[04]
5,talk,67,6,4,VOTE Agent[12]
5,talk,68,6,6,Over
5,talk,69,6,13,VOTE Agent[04]
5,talk,70,7,13,VOTE Agent[04]
5,talk,71,7,3,Over
5,talk,72,7,1,Over
5,talk,73,7,2,Over
5,talk,74,7,6,Over
5,talk,75,7,7,Over
5,talk,76,7,10,Over
5,talk,77,7,12,Over
5,talk,78,7,15,ESTIMATE Agent[04] WEREWOLF
5,talk,79,7,4,VOTE Agent[12]
5,talk,80,8,3,Over
5,talk,81,8,15,VOTE Agent[04]
5,talk,82,8,12,Over
5,talk,83,8,4,VOTE Agent[12]
5,talk,84,8,1,Over
5,talk,85,8,13,VOTE Agent[04]
5,talk,86,8,10,Over
5,talk,87,8,2,Over
5,talk,88,8,7,Over
5,talk,89,8,6,Over
5,talk,90,9,15,VOTE Agent[04]
5,talk,91,9,13,VOTE Agent[04]
5,talk,92,9,2,Over
5,talk,93,9,1,Over
5,talk,94,9,10,Over
5,talk,95,9,7,Over
5,talk,96,9,12,Over
5,talk,97,9,6,Over
5,talk,98,9,4,VOTE Agent[12]
5,talk,99,9,3,Over
5,talk,100,10,15,Over
5,talk,101,10,12,Over
5,talk,102,10,10,Over
5,talk,103,10,3,Over
5,talk,104,10,13,Over
5,talk,105,10,4,Over
5,talk,106,10,1,Over
5,talk,107,10,6,Over
5,talk,108,10,7,Over
5,talk,109,10,2,Over
5,vote,1,4
5,vote,2,4
5,vote,3,4
5,vote,4,12
5,vote,6,4
5,vote,7,4
5,vote,10,4
5,vote,12,4
5,vote,13,4
5,vote,15,4
5,execute,4,VILLAGER
5,divine,13,12,HUMAN
5,guard,12,13,SEER
5,attackVote,10,13
5,attack,13,false
6,status,1,VILLAGER,ALIVE,tonkatsu
6,status,2,VILLAGER,ALIVE,KP22
6,status,3,POSSESSED,ALIVE,kgu_ryu
6,status,4,VILLAGER,DEAD,sUper_IL
6,status,5,WEREWOLF,DEAD,daphne
6,status,6,VILLAGER,ALIVE,Ncu702
6,status,7,VILLAGER,ALIVE,ice
6,status,8,VILLAGER,DEAD,mikami
6,status,9,WEREWOLF,DEAD,Baguette
6,status,10,WEREWOLF,ALIVE,ichida
6,status,11,VILLAGER,DEAD,Hachi2
6,status,12,BODYGUARD,ALIVE,takoyaki
6,status,13,SEER,ALIVE,CanisLupus
6,status,14,VILLAGER,DEAD,ioh
6,status,15,MEDIUM,ALIVE,Basket
6,talk,0,0,2,VOTE Agent[12]
6,talk,1,0,1,VOTE Agent[12]
6,talk,2,0,7,VOTE Agent[12]
6,talk,3,0,10,VOTE Agent[12]
6,talk,4,0,15,IDENTIFIED Agent[04] HUMAN
6,talk,5,0,6,VOTE Agent[12]
6,talk,6,0,12,VOTE Agent[10]
6,talk,7,0,3,VOTE Agent[01]
6,talk,8,0,13,DIVINED Agent[12] HUMAN
6,talk,9,1,10,Skip
6,talk,10,1,6,Skip
6,talk,11,1,7,Skip
6,talk,12,1,2,VOTE Agent[10]
6,talk,13,1,1,VOTE Agent[12]
6,talk,14,1,13,VOTE Agent[10]
6,talk,15,1,15,REQUEST ANY (VOTE Agent[10])
6,talk,16,1,3,Skip
6,talk,17,1,12,VOTE Agent[10]
6,talk,18,2,15,ESTIMATE Agent[10] WEREWOLF
6,talk,19,2,7,VOTE Agent[10]
6,talk,20,2,1,VOTE Agent[10]
6,talk,21,2,6,VOTE Agent[10]
6,talk,22,2,10,VOTE Agent[01]
6,talk,23,2,12,Skip
6,talk,24,2,13,VOTE Agent[10]
6,talk,25,2,3,Skip
6,talk,26,2,2,Skip
6,talk,27,3,7,Skip
6,talk,28,3,3,Over
6,talk,29,3,1,Skip
6,talk,30,3,10,VOTE Agent[01]
6,talk,31,3,15,VOTE Agent[10]
6,talk,32,3,6,Skip
6,talk,33,3,13,VOTE Agent[10]
6,talk,34,3,12,Skip
6,talk,35,3,2,Skip
6,talk,36,4,12,Over
6,talk,37,4,3,Over
6,talk,38,4,1,Skip
6,talk,39,4,2,Over
6,talk,40,4,6,Skip
6,talk,41,4,15,REQUEST ANY (VOTE Agent[10])
6,talk,42,4,10,VOTE Agent[01]
6,talk,43,4,13,VOTE Agent[10]
6,talk,44,4,7,Skip
6,talk,45,5,3,Over
6,talk,46,5,6,Over
6,talk,47,5,15,ESTIMATE Agent[10] WEREWOLF
6,talk,48,5,12,Over
6,talk,49,5,2,Over
6,talk,50,5,10,VOTE Agent[01]
6,talk,51,5,7,Over
6,talk,52,5,13,VOTE Agent[10]
6,talk,53,5,1,Over
6,talk,54,6,10,VOTE Agent[01]
6,talk,55,6,12,Over
6,talk,56,6,7,Over
6,talk,57,6,2,Over
6,talk,58,6,3,Over
6,talk,59,6,6,Over
6,talk,60,6,15,REQUEST ANY (VOTE Agent[10])
6,talk,61,6,1,Over
6,talk,62,6,13,VOTE Agent[10]
6,talk,63,7,12,Over
6,talk,64,7,6,Over
6,talk,65,7,15,REQUEST ANY (VOTE Agent[10])
6,talk,66,7,13,VOTE Agent[10]
6,talk,67,7,7,Over
6,talk,68,7,3,Over
6,talk,69,7,2,Over
6,talk,70,7,10,VOTE Agent[01]
6,talk,71,7,1,Over
6,talk,72,8,1,Over
6,talk,73,8,13,VOTE Agent[10]
6,talk,74,8,15,VOTE Agent[10]
6,talk,75,8,2,Over
6,talk,76,8,6,Over
6,talk,77,8,10,VOTE Agent[01]
6,talk,78,8,7,Over
6,talk,79,8,12,Over
6,talk,80,8,3,Over
6,talk,81,9,15,VOTE Agent[10]
6,talk,82,9,13,VOTE Agent[10]
6,talk,83,9,1,Over
6,talk,84,9,7,Over
6,talk,85,9,12,Over
6,talk,86,9,2,Over
6,talk,87,9,10,VOTE Agent[01]
6,talk,88,9,6,Over
6,talk,89,9,3,Over
6,talk,90,10,6,Over
6,talk,91,10,2,Over
6,talk,92,10,1,Over
6,talk,93,10,7,Over
6,talk,94,10,12,Over
6,talk,95,10,10,VOTE Agent[01]
6,talk,96,10,13,Over
6,talk,97,10,3,Over
6,talk,98,10,15,Over
6,talk,99,11,13,Over
6,talk,100,11,12,Over
6,talk,101,11,10,Over
6,talk,102,11,2,Over
6,talk,103,11,15,Over
6,talk,104,11,3,Over
6,talk,105,11,6,Over
6,talk,106,11,1,Over
6,talk,107,11,7,Over
6,vote,1,10
6,vote,2,10
6,vote,3,10
6,vote,6,10
6,vote,7,10
6,vote,10,1
6,vote,12,10
6,vote,13,10
6,vote,15,10
6,execute,10,WEREWOLF
6,divine,13,6,HUMAN
6,guard,12,13,SEER
7,status,1,VILLAGER,ALIVE,tonkatsu
7,status,2,VILLAGER,ALIVE,KP22
7,status,3,POSSESSED,ALIVE,kgu_ryu
7,status,4,VILLAGER,DEAD,sUper_IL
7,status,5,WEREWOLF,DEAD,daphne
7,status,6,VILLAGER,ALIVE,Ncu702
7,status,7,VILLAGER,ALIVE,ice
7,status,8,VILLAGER,DEAD,mikami
7,status,9,WEREWOLF,DEAD,Baguette
7,status,10,WEREWOLF,DEAD,ichida
7,status,11,VILLAGER,DEAD,Hachi2
7,status,12,BODYGUARD,ALIVE,takoyaki
7,status,13,SEER,ALIVE,CanisLupus
7,status,14,VILLAGER,DEAD,ioh
7,status,15,MEDIUM,ALIVE,Basket
7,result,8,0,VILLAGER
