0,status,1,BODYGUARD,ALIVE,tonkatsu
0,status,2,MEDIUM,ALIVE,KP22
0,status,3,VILLAGER,ALIVE,kgu_ryu
0,status,4,WEREWOLF,ALIVE,sUper_IL
0,status,5,WEREWOLF,ALIVE,daphne
0,status,6,VILLAGER,ALIVE,Ncu702
0,status,7,POSSESSED,ALIVE,ice
0,status,8,VILLAGER,ALIVE,mikami
0,status,9,VILLAGER,ALIVE,Baguette
0,status,10,VILLAGER,ALIVE,ichida
0,status,11,VILLAGER,ALIVE,Hachi2
0,status,12,VILLAGER,ALIVE,takoyaki
0,status,13,SEER,ALIVE,CanisLupus
0,status,14,WEREWOLF,ALIVE,ioh
0,status,15,VILLAGER,ALIVE,Basket
0,whisper,0,0,4,Skip
0,whisper,1,0,5,Skip
0,whisper,2,0,14,COMINGOUT Agent[14] SEER
0,whisper,3,1,14,Skip
0,whisper,4,1,5,Skip
0,whisper,5,1,4,Skip
0,whisper,6,2,5,Over
0,whisper,7,2,14,Skip
0,whisper,8,2,4,Over
0,whisper,9,3,4,Over
0,whisper,10,3,14,Over
0,whisper,11,3,5,Over
0,divine,13,4,WEREWOLF
1,status,1,BODYGUARD,ALIVE,tonkatsu
1,status,2,MEDIUM,ALIVE,KP22
1,status,3,VILLAGER,ALIVE,kgu_ryu
1,status,4,WEREWOLF,ALIVE,sUper_IL
1,status,5,WEREWOLF,ALIVE,daphne
1,status,6,VILLAGER,ALIVE,Ncu702
1,status,7,POSSESSED,ALIVE,ice
1,status,8,VILLAGER,ALIVE,mikami
1,status,9,VILLAGER,ALIVE,Baguette
1,status,10,VILLAGER,ALIVE,ichida
1,status,11,VILLAGER,ALIVE,Hachi2
1,status,12,VILLAGER,ALIVE,takoyaki
1,status,13,SEER,ALIVE,CanisLupus
1,status,14,WEREWOLF,ALIVE,ioh
1,status,15,VILLAGER,ALIVE,Basket
1,talk,0,0,6,VOTE Agent[01]
1,talk,1,0,4,COMINGOUT Agent[04] SEER
1,talk,2,0,12,VOTE Agent[01]
1,talk,3,0,15,REQUEST ANY (VOTE Agent[12])
1,talk,4,0,2,COMINGOUT Agent[02] MEDIUM
1,talk,5,0,7,VOTE Agent[01]
1,talk,6,0,13,COMINGOUT Agent[13] SEER
1,talk,7,0,1,VOTE Agent[12]
1,talk,8,0,10,VOTE Agent[01]
1,talk,9,0,9,VOTE Agent[06]
1,talk,10,0,5,Skip
1,talk,11,0,11,VOTE Agent[01]
1,talk,12,0,8,VOTE Agent[01]
1,talk,13,0,14,COMINGOUT Agent[14] MEDIUM
1,talk,14,0,3,VOTE Agent[01]
1,talk,15,1,3,VOTE Agent[14]
1,talk,16,1,4,DIVINED Agent[02] WEREWOLF
1,talk,17,1,10,VOTE Agent[01]
1,talk,18,1,2,VOTE Agent[14]
1,talk,19,1,5,VOTE Agent[01]
1,talk,20,1,9,VOTE Agent[10]
1,talk,21,1,12,VOTE Agent[14]
1,talk,22,1,8,VOTE Agent[01]
1,talk,23,1,11,VOTE Agent[14]
1,talk,24,1,6,VOTE Agent[01]
1,talk,25,1,13,DIVINED Agent[04] WEREWOLF
1,talk,26,1,1,VOTE Agent[14]
1,talk,27,1,15,ESTIMATE Agent[04] WEREWOLF
1,talk,28,1,7,Skip
1,talk,29,1,14,ESTIMATE Agent[02] WEREWOLF
1,talk,30,2,15,VOTE Agent[05]
1,talk,31,2,13,VOTE Agent[04]
1,talk,32,2,3,VOTE Agent[14]
1,talk,33,2,10,VOTE Agent[14]
1,talk,34,2,9,VOTE Agent[05]
1,talk,35,2,7,VOTE Agent[14]
1,talk,36,2,5,VOTE Agent[14]
1,talk,37,2,14,REQUEST ANY (VOTE Agent[02])
1,talk,38,2,4,VOTE Agent[14]
1,talk,39,2,12,Skip
1,talk,40,2,2,Skip
1,talk,41,2,8,VOTE Agent[14]
1,talk,42,2,1,Skip
1,talk,43,2,6,VOTE Agent[14]
1,talk,44,2,11,Skip
1,talk,45,3,9,VOTE Agent[05]
1,talk,46,3,15,ESTIMATE Agent[14] WEREWOLF
1,talk,47,3,4,Skip
1,talk,48,3,5,Skip
1,talk,49,3,7,Skip
1,talk,50,3,2,VOTE Agent[05]
1,talk,51,3,6,Skip
1,talk,52,3,1,Skip
1,talk,53,3,14,ESTIMATE Agent[02] WEREWOLF
1,talk,54,3,10,Skip
1,talk,55,3,12,Skip
1,talk,56,3,11,Skip
1,talk,57,3,3,Skip
1,talk,58,3,13,VOTE Agent[14]
1,talk,59,3,8,Skip
1,talk,60,4,11,Over
1,talk,61,4,2,Skip
1,talk,62,4,8,Skip
1,talk,63,4,13,VOTE Agent[14]
1,talk,64,4,12,Over
1,talk,65,4,10,Skip
1,talk,66,4,15,VOTE Agent[14]
1,talk,67,4,9,VOTE Agent[12]
1,talk,68,4,7,Skip
1,talk,69,4,5,Skip
1,talk,70,4,14,REQUEST ANY (VOTE Agent[02])
1,talk,71,4,3,Skip
1,talk,72,4,1,Over
1,talk,73,4,4,Skip
1,talk,74,4,6,Skip
1,talk,75,5,7,Over
1,talk,76,5,9,VOTE Agent[03]
1,talk,77,5,13,VOTE Agent[14]
1,talk,78,5,15,REQUEST ANY (VOTE Agent[14])
1,talk,79,5,1,Over
1,talk,80,5,14,ESTIMATE Agent[02] WEREWOLF
1,talk,81,5,3,Over
1,talk,82,5,6,Over
1,talk,83,5,10,Over
1,talk,84,5,4,Over
1,talk,85,5,2,Skip
1,talk,86,5,11,Over
1,talk,87,5,12,Over
1,talk,88,5,8,Over
1,talk,89,5,5,Over
1,talk,90,6,15,REQUEST ANY (VOTE Agent[14])
1,talk,91,6,6,Over
1,talk,92,6,7,Over
1,talk,93,6,2,Over
1,talk,94,6,4,Over
1,talk,95,6,5,Over
1,talk,96,6,8,Over
1,talk,97,6,1,Over
1,talk,98,6,3,Over
1,talk,99,6,13,VOTE Agent[14]
1,talk,100,6,12,Over
1,talk,101,6,10,Over
1,talk,102,6,14,REQUEST ANY (VOTE Agent[02])
1,talk,103,6,11,Over
1,talk,104,6,9,VOTE Agent[15]
1,talk,105,7,10,Over
1,talk,106,7,12,Over
1,talk,107,7,2,Over
1,talk,108,7,7,Over
1,talk,109,7,9,VOTE Agent[13]
1,talk,110,7,15,REQUEST ANY (VOTE Agent[14])
1,talk,111,7,3,Over
1,talk,112,7,5,Over
1,talk,113,7,1,Over
1,talk,114,7,11,Over
1,talk,115,7,14,REQUEST ANY (VOTE Agent[02])
1,talk,116,7,4,Over
1,talk,117,7,8,Over
1,talk,118,7,13,VOTE Agent[14]
1,talk,119,7,6,Over
1,talk,120,8,3,Over
1,talk,121,8,10,Over
1,talk,122,8,1,Over
1,talk,123,8,8,Over
1,talk,124,8,14,VOTE Agent[02]
1,talk,125,8,7,Over
1,talk,126,8,6,Over
1,talk,127,8,13,VOTE Agent[14]
1,talk,128,8,4,Over
1,talk,129,8,9,VOTE Agent[07]
1,talk,130,8,11,Over
1,talk,131,8,12,Over
1,talk,132,8,5,Over
1,talk,133,8,2,Over
1,talk,134,8,15,REQUEST ANY (VOTE Agent[14])
1,talk,135,9,6,Over
1,talk,136,9,4,Over
1,talk,137,9,9,VOTE Agent[06]
1,talk,138,9,12,Over
1,talk,139,9,10,Over
1,talk,140,9,7,Over
1,talk,141,9,11,Over
1,talk,142,9,8,Over
1,talk,143,9,15,ESTIMATE Agent[14] WEREWOLF
1,talk,144,9,5,Over
1,talk,145,9,3,Over
1,talk,146,9,1,Over
1,talk,147,9,2,Over
1,talk,148,9,14,REQUEST ANY (VOTE Agent[02])
1,talk,149,9,13,VOTE Agent[14]
1,talk,150,10,14,Over
1,talk,151,10,11,Over
1,talk,152,10,12,Over
1,talk,153,10,5,Over
1,talk,154,10,1,Over
1,talk,155,10,10,Over
1,talk,156,10,2,Over
1,talk,157,10,15,Over
1,talk,158,10,8,Over
1,talk,159,10,7,Over
1,talk,160,10,4,Over
1,talk,161,10,13,Over
1,talk,162,10,3,Over
1,talk,163,10,9,Over
1,talk,164,10,6,Over
1,vote,1,14
1,vote,2,5
1,vote,3,14
1,vote,4,14
1,vote,5,14
1,vote,6,14
1,vote,7,14
1,vote,8,14
1,vote,9,6
1,vote,10,14
1,vote,11,14
1,vote,12,14
1,vote,13,14
1,vote,14,2
1,vote,15,14
1,execute,14,WEREWOLF
1,divine,13,5,WEREWOLF
1,whisper,0,0,4,Skip
1,whisper,1,0,5,Skip
1,whisper,2,1,5,Skip
1,whisper,3,1,4,Skip
1,whisper,4,2,4,Over
1,whisper,5,2,5,Over
1,guard,1,13,SEER
1,attackVote,4,13
1,attack,13,false
2,status,1,BODYGUARD,ALIVE,tonkatsu
2,status,2,MEDIUM,ALIVE,KP22
2,status,3,VILLAGER,ALIVE,kgu_ryu
2,status,4,WEREWOLF,ALIVE,sUper_IL
2,status,5,WEREWOLF,ALIVE,daphne
2,status,6,VILLAGER,ALIVE,Ncu702
2,status,7,POSSESSED,ALIVE,ice
2,status,8,VILLAGER,ALIVE,mikami
2,status,9,VILLAGER,ALIVE,Baguette
2,status,10,VILLAGER,ALIVE,ichida
2,status,11,VILLAGER,ALIVE,Hachi2
2,status,12,VILLAGER,ALIVE,takoyaki
2,status,13,SEER,ALIVE,CanisLupus
2,status,14,WEREWOLF,DEAD,ioh
2,status,15,VILLAGER,ALIVE,Basket
2,talk,0,0,3,VOTE Agent[05]
2,talk,1,0,6,VOTE Agent[05]
2,talk,2,0,10,VOTE Agent[05]
2,talk,3,0,13,DIVINED Agent[05] WEREWOLF
2,talk,4,0,4,DIVINED Agent[05] WEREWOLF
2,talk,5,0,12,VOTE Agent[05]
2,talk,6,0,15,VOTE Agent[04]
2,talk,7,0,8,VOTE Agent[05]
2,talk,8,0,9,VOTE Agent[05]
2,talk,9,0,7,VOTE Agent[05]
2,talk,10,0,5,VOTE Agent[04]
2,talk,11,0,11,VOTE Agent[05]
2,talk,12,0,1,VOTE Agent[05]
2,talk,13,0,2,IDENTIFIED Agent[14] WEREWOLF
2,talk,14,1,11,Skip
2,talk,15,1,5,VOTE Agent[04]
2,talk,16,1,9,VOTE Agent[05]
2,talk,17,1,4,VOTE Agent[05]
2,talk,18,1,1,Skip
2,talk,19,1,12,Skip
2,talk,20,1,2,Skip
2,talk,21,1,13,VOTE Agent[05]
2,talk,22,1,6,Skip
2,talk,23,1,15,ESTIMATE Agent[05] WEREWOLF
2,talk,24,1,8,Skip
2,talk,25,1,10,Skip
2,talk,26,1,7,Skip
2,talk,27,1,3,Skip
2,talk,28,2,10,Skip
2,talk,29,2,7,Skip
2,talk,30,2,9,VOTE Agent[05]
2,talk,31,2,6,Skip
2,talk,32,2,15,ESTIMATE Agent[05] WEREWOLF
2,talk,33,2,11,Skip
2,talk,34,2,13,VOTE Agent[05]
2,talk,35,2,1,Skip
2,talk,36,2,5,VOTE Agent[04]
2,talk,37,2,8,Skip
2,talk,38,2,12,Skip
2,talk,39,2,3,Skip
2,talk,40,2,4,Skip
2,talk,41,2,2,VOTE Agent[04]
2,talk,42,3,11,Over
2,talk,43,3,5,VOTE Agent[04]
2,talk,44,3,4,Skip
2,talk,45,3,8,Over
2,talk,46,3,1,Over
2,talk,47,3,13,VOTE Agent[05]
2,talk,48,3,6,Over
2,talk,49,3,10,Over
2,talk,50,3,9,VOTE Agent[05]
2,talk,51,3,12,Over
2,talk,52,3,2,Skip
2,talk,53,3,7,Over
2,talk,54,3,15,REQUEST ANY (VOTE Agent[05])
2,talk,55,3,3,Over
2,talk,56,4,3,Over
2,talk,57,4,1,Over
2,talk,58,4,12,Over
2,talk,59,4,8,Over
2,talk,60,4,7,Over
2,talk,61,4,11,Over
2,talk,62,4,9,VOTE Agent[05]
2,talk,63,4,15,REQUEST ANY (VOTE Agent[05])
2,talk,64,4,6,Over
2,talk,65,4,5,VOTE Agent[04]
2,talk,66,4,10,Over
2,talk,67,4,13,VOTE Agent[05]
2,talk,68,4,4,Over
2,talk,69,4,2,Skip
2,talk,70,5,4,Over
2,talk,71,5,9,VOTE Agent[05]
2,talk,72,5,6,Over
2,talk,73,5,11,Over
2,talk,74,5,3,VOTE Agent[04]
2,talk,75,5,7,Over
2,talk,76,5,15,VOTE Agent[05]
2,talk,77,5,1,Over
2,talk,78,5,5,VOTE Agent[04]
2,talk,79,5,10,Over
2,talk,80,5,13,VOTE Agent[05]
2,talk,81,5,2,Over
2,talk,82,5,8,Over
2,talk,83,5,12,VOTE Agent[04]
2,talk,84,6,2,Over
2,talk,85,6,5,VOTE Agent[04]
2,talk,86,6,10,Over
2,talk,87,6,13,VOTE Agent[05]
2,talk,88,6,1,Over
2,talk,89,6,7,Over
2,talk,90,6,4,Over
2,talk,91,6,9,VOTE Agent[05]
2,talk,92,6,8,Over
2,talk,93,6,6,Over
2,talk,94,6,15,REQUEST ANY (VOTE Agent[05])
2,talk,95,6,11,VOTE Agent[04]
2,talk,96,6,12,VOTE Agent[04]
2,talk,97,6,3,VOTE Agent[04]
2,talk,98,7,12,VOTE Agent[04]
2,talk,99,7,6,Over
2,talk,100,7,9,VOTE Agent[05]
2,talk,101,7,10,Over
2,talk,102,7,8,Over
2,talk,103,7,13,VOTE Agent[05]
2,talk,104,7,15,ESTIMATE Agent[04] WEREWOLF
2,talk,105,7,3,VOTE Agent[04]
2,talk,106,7,7,Over
2,talk,107,7,2,Over
2,talk,108,7,1,Over
2,talk,109,7,5,VOTE Agent[04]
2,talk,110,7,4,Over
2,talk,111,7,11,VOTE Agent[04]
2,talk,112,8,2,Over
2,talk,113,8,7,Over
2,talk,114,8,6,Over
2,talk,115,8,9,VOTE Agent[05]
2,talk,116,8,4,Over
2,talk,117,8,8,Over
2,talk,118,8,1,Over
2,talk,119,8,3,VOTE Agent[04]
2,talk,120,8,13,VOTE Agent[05]
2,talk,121,8,12,VOTE Agent[04]
2,talk,122,8,15,REQUEST ANY (VOTE Agent[04])
2,talk,123,8,10,Over
2,talk,124,8,5,VOTE Agent[04]
2,talk,125,8,11,VOTE Agent[04]
2,talk,126,9,11,VOTE Agent[04]
2,talk,127,9,2,Over
2,talk,128,9,6,Over
2,talk,129,9,1,Over
2,talk,130,9,4,Over
2,talk,131,9,12,VOTE Agent[04]
2,talk,132,9,13,VOTE Agent[05]
2,talk,133,9,7,Over
2,talk,134,9,8,Over
2,talk,135,9,10,Over
2,talk,136,9,3,VOTE Agent[04]
2,talk,137,9,5,VOTE Agent[04]
2,talk,138,9,15,ESTIMATE Agent[04] WEREWOLF
2,talk,139,9,9,VOTE Agent[05]
2,talk,140,10,15,Over
2,talk,141,10,4,Over
2,talk,142,10,8,Over
2,talk,143,10,5,Over
2,talk,144,10,11,VOTE Agent[04]
2,talk,145,10,13,Over
2,talk,146,10,10,Over
2,talk,147,10,2,Over
2,talk,148,10,7,Over
2,talk,149,10,3,VOTE Agent[04]
2,talk,150,10,9,Over
2,talk,151,10,12,VOTE Agent[04]
2,talk,152,10,6,Over
2,talk,153,10,1,Over
2,talk,154,11,7,Over
2,talk,155,11,13,Over
2,talk,156,11,15,Over
2,talk,157,11,3,VOTE Agent[04]
2,talk,158,11,5,Over
2,talk,159,11,12,VOTE Agent[04]
2,talk,160,11,8,Over
2,talk,161,11,2,Over
2,talk,162,11,10,Over
2,talk,163,11,1,Over
2,talk,164,11,11,VOTE Agent[04]
2,talk,165,11,6,Over
2,talk,166,11,4,Over
2,talk,167,11,9,Over
2,talk,168,12,6,Over
2,talk,169,12,13,Over
2,talk,170,12,5,Over
2,talk,171,12,1,Over
2,talk,172,12,11,VOTE Agent[04]
2,talk,173,12,10,Over
2,talk,174,12,7,Over
2,talk,175,12,12,VOTE Agent[04]
2,talk,176,12,3,VOTE Agent[04]
2,talk,177,12,15,Over
2,talk,178,12,9,Over
2,talk,179,12,4,Over
2,talk,180,12,2,Over
2,talk,181,12,8,Over
2,talk,182,13,9,Over
2,talk,183,13,12,VOTE Agent[04]
2,talk,184,13,6,Over
2,talk,185,13,5,Over
2,talk,186,13,2,Over
2,talk,187,13,11,VOTE Agent[04]
2,talk,188,13,10,Over
2,talk,189,13,13,Over
2,talk,190,13,15,Over
2,talk,191,13,3,VOTE Agent[04]
2,talk,192,13,8,Over
2,talk,193,13,4,Over
2,talk,194,13,1,Over
2,talk,195,13,7,Over
2,talk,196,14,7,Over
2,talk,197,14,13,Over
2,talk,198,14,6,Over
2,talk,199,14,5,Over
2,talk,200,14,3,Over
2,talk,201,14,4,Over
2,talk,202,14,9,Over
2,talk,203,14,11,VOTE Agent[04]
2,talk,204,14,2,Over
2,talk,205,14,15,Over
2,talk,206,14,1,Over
2,talk,207,14,12,Over
2,talk,208,14,10,Over
2,talk,209,14,8,Over
2,talk,210,15,3,Over
2,talk,211,15,6,Over
2,talk,212,15,2,Over
2,talk,213,15,4,Over
2,talk,214,15,7,Over
2,talk,215,15,9,Over
2,talk,216,15,8,Over
2,talk,217,15,11,Over
2,talk,218,15,5,Over
2,talk,219,15,15,Over
2,talk,220,15,12,Over
2,talk,221,15,1,Over
2,talk,222,15,13,Over
2,talk,223,15,10,Over
2,vote,1,5
2,vote,2,4
2,vote,3,4
2,vote,4,5
2,vote,5,4
2,vote,6,5
2,vote,7,5
2,vote,8,5
2,vote,9,5
2,vote,10,5
2,vote,11,4
2,vote,12,4
2,vote,13,5
2,vote,15,5
2,execute,5,WEREWOLF
2,divine,13,15,HUMAN
2,guard,1,13,SEER
2,attackVote,4,13
2,attack,13,false
3,status,1,BODYGUARD,ALIVE,tonkatsu
3,status,2,MEDIUM,ALIVE,KP22
3,status,3,VILLAGER,ALIVE,kgu_ryu
3,status,4,WEREWOLF,ALIVE,sUper_IL
3,status,5,WEREWOLF,DEAD,daphne
3,status,6,VILLAGER,ALIVE,Ncu702
3,status,7,POSSESSED,ALIVE,ice
3,status,8,VILLAGER,ALIVE,mikami
3,status,9,VILLAGER,ALIVE,Baguette
3,status,10,VILLAGER,ALIVE,ichida
3,status,11,VILLAGER,ALIVE,Hachi2
3,status,12,VILLAGER,ALIVE,takoyaki
3,status,13,SEER,ALIVE,CanisLupus
3,status,14,WEREWOLF,DEAD,ioh
3,status,15,VILLAGER,ALIVE,Basket
3,talk,0,0,13,DIVINED Agent[15] HUMAN
3,talk,1,0,7,VOTE Agent[01]
3,talk,2,0,8,VOTE Agent[01]
3,talk,3,0,1,VOTE Agent[04]
3,talk,4,0,4,DIVINED Agent[12] WEREWOLF
3,talk,5,0,3,VOTE Agent[04]
3,talk,6,0,6,VOTE Agent[01]
3,talk,7,0,12,VOTE Agent[04]
3,talk,8,0,11,VOTE Agent[04]
3,talk,9,0,9,VOTE Agent[12]
3,talk,10,0,2,IDENTIFIED Agent[05] WEREWOLF
3,talk,11,0,10,VOTE Agent[04]
3,talk,12,0,15,REQUEST ANY (VOTE Agent[04])
3,talk,13,1,8,VOTE Agent[04]
3,talk,14,1,6,VOTE Agent[04]
3,talk,15,1,3,Skip
3,talk,16,1,7,VOTE Agent[04]
3,talk,17,1,2,Skip
3,talk,18,1,4,VOTE Agent[12]
3,talk,19,1,9,VOTE Agent[12]
3,talk,20,1,12,Skip
3,talk,21,1,1,Skip
3,talk,22,1,11,Skip
3,talk,23,1,10,Skip
3,talk,24,1,13,VOTE Agent[04]
3,talk,25,1,15,ESTIMATE Agent[04] WEREWOLF
3,talk,26,2,2,Skip
3,talk,27,2,3,Skip
3,talk,28,2,13,VOTE Agent[04]
3,talk,29,2,11,Skip
3,talk,30,2,1,Skip
3,talk,31,2,10,Skip
3,talk,32,2,7,Skip
3,talk,33,2,4,VOTE Agent[12]
3,talk,34,2,15,REQUEST ANY (VOTE Agent[04])
3,talk,35,2,9,VOTE Agent[12]
3,talk,36,2,12,Skip
3,talk,37,2,6,Skip
3,talk,38,2,8,Skip
3,talk,39,3,4,VOTE Agent[12]
3,talk,40,3,3,Over
3,talk,41,3,12,Over
3,talk,42,3,6,Skip
3,talk,43,3,8,Skip
3,talk,44,3,7,Skip
3,talk,45,3,10,Over
3,talk,46,3,11,Over
3,talk,47,3,1,Over
3,talk,48,3,9,VOTE Agent[12]
3,talk,49,3,2,Over
3,talk,50,3,13,VOTE Agent[04]
3,talk,51,3,15,REQUEST ANY (VOTE Agent[04])
3,talk,52,4,11,Over
3,talk,53,4,15,ESTIMATE Agent[04] WEREWOLF
3,talk,54,4,6,Over
3,talk,55,4,7,Over
3,talk,56,4,1,Over
3,talk,57,4,8,Over
3,talk,58,4,3,Over
3,talk,59,4,13,VOTE Agent[04]
3,talk,60,4,9,VOTE Agent[12]
3,talk,61,4,12,Over
3,talk,62,4,2,Over
3,talk,63,4,4,VOTE Agent[12]
3,talk,64,4,10,Over
3,talk,65,5,4,VOTE Agent[12]
3,talk,66,5,1,Over
3,talk,67,5,3,Over
3,talk,68,5,11,Over
3,talk,69,5,2,Over
3,talk,70,5,15,ESTIMATE Agent[04] WEREWOLF
3,talk,71,5,6,Over
3,talk,72,5,9,VOTE Agent[12]
3,talk,73,5,12,Over
3,talk,74,5,8,Over
3,talk,75,5,10,Over
3,talk,76,5,7,Over
3,talk,77,5,13,VOTE Agent[04]
3,talk,78,6,3,Over
3,talk,79,6,12,Over
3,talk,80,6,8,Over
3,talk,81,6,9,VOTE Agent[12]
3,talk,82,6,11,Over
3,talk,83,6,6,Over
3,talk,84,6,15,ESTIMATE Agent[04] WEREWOLF
3,talk,85,6,7,Over
3,talk,86,6,2,Over
3,talk,87,6,10,Over
3,talk,88,6,4,VOTE Agent[12]
3,talk,89,6,13,VOTE Agent[04]
3,talk,90,6,1,Over
3,talk,91,7,15,REQUEST ANY (VOTE Agent[04])
3,talk,92,7,7,Over
3,talk,93,7,6,Over
3,talk,94,7,11,Over
3,talk,95,7,10,Over
3,talk,96,7,13,VOTE Agent[04]
3,talk,97,7,9,VOTE Agent[12]
3,talk,98,7,8,Over
3,talk,99,7,3,Over
3,talk,100,7,2,Over
3,talk,101,7,1,Over
3,talk,102,7,12,Over
3,talk,103,7,4,VOTE Agent[12]
3,talk,104,8,7,Over
3,talk,105,8,11,Over
3,talk,106,8,3,Over
3,talk,107,8,10,Over
3,talk,108,8,2,Over
3,talk,109,8,15,VOTE Agent[04]
3,talk,110,8,12,Over
3,talk,111,8,1,Over
3,talk,112,8,8,Over
3,talk,113,8,4,VOTE Agent[12]
3,talk,114,8,13,VOTE Agent[04]
3,talk,115,8,9,VOTE Agent[12]
3,talk,116,8,6,Over
3,talk,117,9,3,Over
3,talk,118,9,8,Over
3,talk,119,9,9,VOTE Agent[12]
3,talk,120,9,13,VOTE Agent[04]
3,talk,121,9,1,Over
3,talk,122,9,6,Over
3,talk,123,9,4,VOTE Agent[12]
3,talk,124,9,15,ESTIMATE Agent[04] WEREWOLF
3,talk,125,9,12,Over
3,talk,126,9,2,Over
3,talk,127,9,10,Over
3,talk,128,9,7,Over
3,talk,129,9,11,Over
3,talk,130,10,1,Over
3,talk,131,10,15,Over
3,talk,132,10,11,Over
3,talk,133,10,8,Over
3,talk,134,10,12,Over
3,talk,135,10,9,Over
3,talk,136,10,2,Over
3,talk,137,10,6,Over
3,talk,138,10,10,Over
3,talk,139,10,4,Over
3,talk,140,10,13,Over
3,talk,141,10,3,Over
3,talk,142,10,7,Over
3,vote,1,4
3,vote,2,4
3,vote,3,4
3,vote,4,12
3,vote,6,4
3,vote,7,4
3,vote,8,4
3,vote,9,12
3,vote,10,4
3,vote,11,4
3,vote,12,4
3,vote,13,4
3,vote,15,4
3,execute,4,WEREWOLF
3,divine,13,1,HUMAN
3,guard,1,13,SEER
4,status,1,BODYGUARD,ALIVE,tonkatsu
4,status,2,MEDIUM,ALIVE,KP22
4,status,3,VILLAGER,ALIVE,kgu_ryu
4,status,4,WEREWOLF,DEAD,sUper_IL
4,status,5,WEREWOLF,DEAD,daphne
4,status,6,VILLAGER,ALIVE,Ncu702
4,status,7,POSSESSED,ALIVE,ice
4,status,8,VILLAGER,ALIVE,mikami
4,status,9,VILLAGER,ALIVE,Baguette
4,status,10,VILLAGER,ALIVE,ichida
4,status,11,VILLAGER,ALIVE,Hachi2
4,status,12,VILLAGER,ALIVE,takoyaki
4,status,13,SEER,ALIVE,CanisLupus
4,status,14,WEREWOLF,DEAD,ioh
4,status,15,VILLAGER,ALIVE,Basket
4,result,12,0,VILLAGER
