0,status,1,WEREWOLF,ALIVE,tonkatsu
0,status,2,WEREWOLF,ALIVE,KP22
0,status,3,VILLAGER,ALIVE,kgu_ryu
0,status,4,VILLAGER,ALIVE,sUper_IL
0,status,5,VILLAGER,ALIVE,daphne
0,status,6,VILLAGER,ALIVE,Ncu702
0,status,7,SEER,ALIVE,ice
0,status,8,VILLAGER,ALIVE,mikami
0,status,9,VILLAGER,ALIVE,Baguette
0,status,10,VILLAGER,ALIVE,ichida
0,status,11,POSSESSED,ALIVE,Hachi2
0,status,12,VILLAGER,ALIVE,takoyaki
0,status,13,BODYGUARD,ALIVE,CanisLupus
0,status,14,WEREWOLF,ALIVE,ioh
0,status,15,MEDIUM,ALIVE,Basket
0,whisper,0,0,14,COMINGOUT Agent[14] SEER
0,whisper,1,0,2,Skip
0,whisper,2,0,1,Skip
0,whisper,3,1,2,Skip
0,whisper,4,1,14,Skip
0,whisper,5,1,1,Skip
0,whisper,6,2,1,Over
0,whisper,7,2,14,Skip
0,whisper,8,2,2,Over
0,whisper,9,3,14,Over
0,whisper,10,3,1,Over
0,whisper,11,3,2,Over
0,divine,7,6,HUMAN
1,status,1,WEREWOLF,ALIVE,tonkatsu
1,status,2,WEREWOLF,ALIVE,KP22
1,status,3,VILLAGER,ALIVE,kgu_ryu
1,status,4,VILLAGER,ALIVE,sUper_IL
1,status,5,VILLAGER,ALIVE,daphne
1,status,6,VILLAGER,ALIVE,Ncu702
1,status,7,SEER,ALIVE,ice
1,status,8,VILLAGER,ALIVE,mikami
1,status,9,VILLAGER,ALIVE,Baguette
1,status,10,VILLAGER,ALIVE,ichida
1,status,11,POSSESSED,ALIVE,Hachi2
1,status,12,VILLAGER,ALIVE,takoyaki
1,status,13,BODYGUARD,ALIVE,CanisLupus
1,status,14,WEREWOLF,ALIVE,ioh
1,status,15,MEDIUM,ALIVE,Basket
1,talk,0,0,11,VOTE Agent[09]
1,talk,1,0,3,VOTE Agent[09]
1,talk,2,0,10,VOTE Agent[09]
1,talk,3,0,9,VOTE Agent[03]
1,talk,4,0,7,COMINGOUT Agent[07] SEER
1,talk,5,0,15,REQUEST ANY (VOTE Agent[08])
1,talk,6,0,4,VOTE Agent[09]
1,talk,7,0,5,VOTE Agent[09]
1,talk,8,0,1,Skip
1,talk,9,0,2,Skip
1,talk,10,0,14,COMINGOUT Agent[14] SEER
1,talk,11,0,8,VOTE Agent[09]
1,talk,12,0,13,VOTE Agent[09]
1,talk,13,0,6,VOTE Agent[09]
1,talk,14,0,12,VOTE Agent[09]
1,talk,15,1,6,Skip
1,talk,16,1,10,Skip
1,talk,17,1,12,VOTE Agent[01]
1,talk,18,1,4,VOTE Agent[01]
1,talk,19,1,1,VOTE Agent[09]
1,talk,20,1,9,VOTE Agent[11]
1,talk,21,1,2,VOTE Agent[09]
1,talk,22,1,8,Skip
1,talk,23,1,5,Skip
1,talk,24,1,7,DIVINED Agent[06] HUMAN
1,talk,25,1,14,DIVINED Agent[01] HUMAN
1,talk,26,1,11,Skip
1,talk,27,1,15,REQUEST ANY (VOTE Agent[01])
1,talk,28,1,3,Skip
1,talk,29,1,13,VOTE Agent[02]
1,talk,30,2,9,VOTE Agent[04]
1,talk,31,2,3,VOTE Agent[01]
1,talk,32,2,1,Skip
1,talk,33,2,5,VOTE Agent[09]
1,talk,34,2,2,Skip
1,talk,35,2,8,VOTE Agent[09]
1,talk,36,2,6,VOTE Agent[09]
1,talk,37,2,12,VOTE Agent[02]
1,talk,38,2,4,VOTE Agent[01]
1,talk,39,2,11,Skip
1,talk,40,2,14,VOTE Agent[07]
1,talk,41,2,7,VOTE Agent[09]
1,talk,42,2,15,VOTE Agent[01]
1,talk,43,2,10,Skip
1,talk,44,2,13,VOTE Agent[01]
1,talk,45,3,3,VOTE Agent[01]
1,talk,46,3,13,VOTE Agent[01]
1,talk,47,3,12,VOTE Agent[01]
1,talk,48,3,7,VOTE Agent[09]
1,talk,49,3,11,Over
1,talk,50,3,8,Skip
1,talk,51,3,14,ESTIMATE Agent[07] WEREWOLF
1,talk,52,3,4,VOTE Agent[01]
1,talk,53,3,10,Over
1,talk,54,3,1,Skip
1,talk,55,3,5,Skip
1,talk,56,3,15,VOTE Agent[01]
1,talk,57,3,6,Skip
1,talk,58,3,2,Skip
1,talk,59,3,9,VOTE Agent[02]
1,talk,60,4,1,Over
1,talk,61,4,6,Skip
1,talk,62,4,8,Skip
1,talk,63,4,3,VOTE Agent[01]
1,talk,64,4,15,VOTE Agent[01]
1,talk,65,4,7,VOTE Agent[09]
1,talk,66,4,5,Skip
1,talk,67,4,9,VOTE Agent[08]
1,talk,68,4,10,Over
1,talk,69,4,2,Over
1,talk,70,4,13,VOTE Agent[01]
1,talk,71,4,4,VOTE Agent[01]
1,talk,72,4,12,VOTE Agent[01]
1,talk,73,4,14,REQUEST ANY (VOTE Agent[07])
1,talk,74,4,11,Over
1,talk,75,5,8,Over
1,talk,76,5,14,VOTE Agent[07]
1,talk,77,5,10,Over
1,talk,78,5,11,Over
1,talk,79,5,9,VOTE Agent[10]
1,talk,80,5,5,Over
1,talk,81,5,7,VOTE Agent[09]
1,talk,82,5,6,Over
1,talk,83,5,1,Over
1,talk,84,5,13,VOTE Agent[01]
1,talk,85,5,15,ESTIMATE Agent[01] WEREWOLF
1,talk,86,5,12,VOTE Agent[01]
1,talk,87,5,2,Over
1,talk,88,5,4,VOTE Agent[01]
1,talk,89,5,3,VOTE Agent[01]
1,talk,90,6,15,ESTIMATE Agent[01] WEREWOLF
1,talk,91,6,1,Over
1,talk,92,6,9,VOTE Agent[03]
1,talk,93,6,10,Over
1,talk,94,6,14,ESTIMATE Agent[07] WEREWOLF
1,talk,95,6,8,Over
1,talk,96,6,4,VOTE Agent[01]
1,talk,97,6,11,Over
1,talk,98,6,2,Over
1,talk,99,6,7,VOTE Agent[09]
1,talk,100,6,13,VOTE Agent[01]
1,talk,101,6,12,VOTE Agent[01]
1,talk,102,6,5,Over
1,talk,103,6,6,Over
1,talk,104,6,3,VOTE Agent[01]
1,talk,105,7,6,Over
1,talk,106,7,13,VOTE Agent[01]
1,talk,107,7,11,Over
1,talk,108,7,1,Over
1,talk,109,7,14,REQUEST ANY (VOTE Agent[07])
1,talk,110,7,5,Over
1,talk,111,7,7,VOTE Agent[09]
1,talk,112,7,4,VOTE Agent[01]
1,talk,113,7,8,Over
1,talk,114,7,10,Over
1,talk,115,7,12,VOTE Agent[01]
1,talk,116,7,9,VOTE Agent[07]
1,talk,117,7,3,VOTE Agent[01]
1,talk,118,7,15,VOTE Agent[01]
1,talk,119,7,2,Over
1,talk,120,8,1,Over
1,talk,121,8,13,VOTE Agent[01]
1,talk,122,8,12,VOTE Agent[01]
1,talk,123,8,9,VOTE Agent[07]
1,talk,124,8,5,Over
1,talk,125,8,15,REQUEST ANY (VOTE Agent[01])
1,talk,126,8,6,Over
1,talk,127,8,11,Over
1,talk,128,8,4,VOTE Agent[01]
1,talk,129,8,10,Over
1,talk,130,8,8,Over
1,talk,131,8,7,VOTE Agent[09]
1,talk,132,8,2,Over
1,talk,133,8,3,VOTE Agent[01]
1,talk,134,8,14,VOTE Agent[07]
1,talk,135,9,14,REQUEST ANY (VOTE Agent[07])
1,talk,136,9,5,Over
1,talk,137,9,15,REQUEST ANY (VOTE Agent[01])
1,talk,138,9,10,Over
1,talk,139,9,6,Over
1,talk,140,9,3,VOTE Agent[01]
1,talk,141,9,8,Over
1,talk,142,9,4,VOTE Agent[01]
1,talk,143,9,12,VOTE Agent[01]
1,talk,144,9,11,Over
1,talk,145,9,13,VOTE Agent[01]
1,talk,146,9,9,VOTE Agent[07]
1,talk,147,9,7,VOTE Agent[09]
1,talk,148,9,1,Over
1,talk,149,9,2,Over
1,talk,150,10,3,VOTE Agent[01]
1,talk,151,10,2,Over
1,talk,152,10,6,Over
1,talk,153,10,1,Over
1,talk,154,10,15,Over
1,talk,155,10,7,Over
1,talk,156,10,13,Over
1,talk,157,10,8,Over
1,talk,158,10,9,Over
1,talk,159,10,14,Over
1,talk,160,10,10,Over
1,talk,161,10,4,Over
1,talk,162,10,12,Over
1,talk,163,10,11,Over
1,talk,164,10,5,Over
1,talk,165,11,3,Over
1,talk,166,11,8,Over
1,talk,167,11,11,Over
1,talk,168,11,15,Over
1,talk,169,11,12,Over
1,talk,170,11,14,Over
1,talk,171,11,13,Over
1,talk,172,11,6,Over
1,talk,173,11,10,Over
1,talk,174,11,2,Over
1,talk,175,11,9,Over
1,talk,176,11,4,Over
1,talk,177,11,7,Over
1,talk,178,11,5,Over
1,talk,179,11,1,Over
1,vote,1,9
1,vote,2,9
1,vote,3,1
1,vote,4,1
1,vote,5,9
1,vote,6,9
1,vote,7,1
1,vote,8,9
1,vote,9,7
1,vote,10,9
1,vote,11,9
1,vote,12,1
1,vote,13,1
1,vote,14,9
1,vote,15,14
1,execute,9,VILLAGER
1,divine,7,1,WEREWOLF
1,whisper,0,0,14,ATTACK Agent[07]
1,whisper,1,0,1,Skip
1,whisper,2,0,2,Skip
1,whisper,3,1,14,Skip
1,whisper,4,1,1,Skip
1,whisper,5,1,2,Skip
1,whisper,6,2,14,Skip
1,whisper,7,2,2,Over
1,whisper,8,2,1,Over
1,whisper,9,3,14,Over
1,whisper,10,3,2,Over
1,whisper,11,3,1,Over
1,guard,13,7,SEER
1,attackVote,1,13
1,attackVote,2,7
1,attackVote,14,7
1,attack,7,false
2,status,1,WEREWOLF,ALIVE,tonkatsu
2,status,2,WEREWOLF,ALIVE,KP22
2,status,3,VILLAGER,ALIVE,kgu_ryu
2,status,4,VILLAGER,ALIVE,sUper_IL
2,status,5,VILLAGER,ALIVE,daphne
2,status,6,VILLAGER,ALIVE,Ncu702
2,status,7,SEER,ALIVE,ice
2,status,8,VILLAGER,ALIVE,mikami
2,status,9,VILLAGER,DEAD,Baguette
2,status,10,VILLAGER,ALIVE,ichida
2,status,11,POSSESSED,ALIVE,Hachi2
2,status,12,VILLAGER,ALIVE,takoyaki
2,status,13,BODYGUARD,ALIVE,CanisLupus
2,status,14,WEREWOLF,ALIVE,ioh
2,status,15,MEDIUM,ALIVE,Basket
2,talk,0,0,1,VOTE Agent[02]
2,talk,1,0,7,DIVINED Agent[01] WEREWOLF
2,talk,2,0,10,VOTE Agent[02]
2,talk,3,0,15,REQUEST ANY (VOTE Agent[14])
2,talk,4,0,11,VOTE Agent[02]
2,talk,5,0,2,VOTE Agent[01]
2,talk,6,0,13,VOTE Agent[01]
2,talk,7,0,12,VOTE Agent[01]
2,talk,8,0,14,DIVINED Agent[02] HUMAN
2,talk,9,0,5,VOTE Agent[01]
2,talk,10,0,8,VOTE Agent[01]
2,talk,11,0,3,VOTE Agent[01]
2,talk,12,0,6,VOTE Agent[01]
2,talk,13,0,4,VOTE Agent[01]
2,talk,14,1,1,VOTE Agent[02]
2,talk,15,1,5,Skip
2,talk,16,1,3,Skip
2,talk,17,1,13,Skip
2,talk,18,1,14,ESTIMATE Agent[07] WEREWOLF
2,talk,19,1,10,VOTE Agent[01]
2,talk,20,1,11,VOTE Agent[01]
2,talk,21,1,6,Skip
2,talk,22,1,2,Skip
2,talk,23,1,15,VOTE Agent[01]
2,talk,24,1,7,VOTE Agent[01]
2,talk,25,1,8,Skip
2,talk,26,1,4,Skip
2,talk,27,1,12,Skip
2,talk,28,2,13,Skip
2,talk,29,2,4,Skip
2,talk,30,2,8,Skip
2,talk,31,2,5,Skip
2,talk,32,2,11,Skip
2,talk,33,2,2,Skip
2,talk,34,2,3,Skip
2,talk,35,2,6,Skip
2,talk,36,2,10,Skip
2,talk,37,2,12,Skip
2,talk,38,2,1,VOTE Agent[02]
2,talk,39,2,7,VOTE Agent[01]
2,talk,40,2,15,ESTIMATE Agent[01] WEREWOLF
2,talk,41,2,14,ESTIMATE Agent[07] WEREWOLF
2,talk,42,3,14,ESTIMATE Agent[07] WEREWOLF
2,talk,43,3,4,Over
2,talk,44,3,2,Over
2,talk,45,3,1,VOTE Agent[02]
2,talk,46,3,11,Skip
2,talk,47,3,3,Over
2,talk,48,3,6,Over
2,talk,49,3,13,Over
2,talk,50,3,8,Over
2,talk,51,3,10,Skip
2,talk,52,3,15,ESTIMATE Agent[01] WEREWOLF
2,talk,53,3,5,Over
2,talk,54,3,12,Over
2,talk,55,3,7,VOTE Agent[01]
2,talk,56,4,15,ESTIMATE Agent[01] WEREWOLF
2,talk,57,4,4,Over
2,talk,58,4,14,ESTIMATE Agent[07] WEREWOLF
2,talk,59,4,5,Over
2,talk,60,4,3,Over
2,talk,61,4,2,Over
2,talk,62,4,7,VOTE Agent[01]
2,talk,63,4,6,Over
2,talk,64,4,1,VOTE Agent[02]
2,talk,65,4,10,Over
2,talk,66,4,8,Over
2,talk,67,4,13,Over
2,talk,68,4,11,Over
2,talk,69,4,12,Over
2,talk,70,5,14,ESTIMATE Agent[07] WEREWOLF
2,talk,71,5,3,Over
2,talk,72,5,8,Over
2,talk,73,5,10,Over
2,talk,74,5,5,Over
2,talk,75,5,4,Over
2,talk,76,5,7,VOTE Agent[01]
2,talk,77,5,6,Over
2,talk,78,5,15,VOTE Agent[01]
2,talk,79,5,12,Over
2,talk,80,5,13,Over
2,talk,81,5,2,Over
2,talk,82,5,1,VOTE Agent[02]
2,talk,83,5,11,Over
2,talk,84,6,4,Over
2,talk,85,6,3,Over
2,talk,86,6,12,Over
2,talk,87,6,10,Over
2,talk,88,6,6,Over
2,talk,89,6,5,Over
2,talk,90,6,13,Over
2,talk,91,6,11,Over
2,talk,92,6,2,Over
2,talk,93,6,1,VOTE Agent[02]
2,talk,94,6,14,ESTIMATE Agent[07] WEREWOLF
2,talk,95,6,15,ESTIMATE Agent[01] WEREWOLF
2,talk,96,6,8,Over
2,talk,97,6,7,VOTE Agent[01]
2,talk,98,7,10,Over
2,talk,99,7,1,VOTE Agent[02]
2,talk,100,7,2,Over
2,talk,101,7,5,Over
2,talk,102,7,15,VOTE Agent[01]
2,talk,103,7,3,Over
2,talk,104,7,8,Over
2,talk,105,7,14,VOTE Agent[07]
2,talk,106,7,4,Over
2,talk,107,7,6,Over
2,talk,108,7,12,Over
2,talk,109,7,7,VOTE Agent[01]
2,talk,110,7,13,Over
2,talk,111,7,11,Over
2,talk,112,8,11,Over
2,talk,113,8,15,ESTIMATE Agent[01] WEREWOLF
2,talk,114,8,5,Over
2,talk,115,8,3,Over
2,talk,116,8,7,VOTE Agent[01]
2,talk,117,8,1,VOTE Agent[02]
2,talk,118,8,8,Over
2,talk,119,8,6,Over
2,talk,120,8,10,Over
2,talk,121,8,4,Over
2,talk,122,8,12,Over
2,talk,123,8,2,Over
2,talk,124,8,14,REQUEST ANY (VOTE Agent[07])
2,talk,125,8,13,Over
2,talk,126,9,8,Over
2,talk,127,9,4,Over
2,talk,128,9,1,VOTE Agent[02]
2,talk,129,9,11,Over
2,talk,130,9,10,Over
2,talk,131,9,15,ESTIMATE Agent[01] WEREWOLF
2,talk,132,9,3,Over
2,talk,133,9,2,Over
2,talk,134,9,13,Over
2,talk,135,9,6,Over
2,talk,136,9,5,Over
2,talk,137,9,12,Over
2,talk,138,9,7,VOTE Agent[01]
2,talk,139,9,14,VOTE Agent[07]
2,talk,140,10,7,Over
2,talk,141,10,6,Over
2,talk,142,10,10,Over
2,talk,143,10,3,Over
2,talk,144,10,5,Over
2,talk,145,10,11,Over
2,talk,146,10,14,Over
2,talk,147,10,4,Over
2,talk,148,10,12,Over
2,talk,149,10,1,Over
2,talk,150,10,15,Over
2,talk,151,10,13,Over
2,talk,152,10,2,Over
2,talk,153,10,8,Over
2,vote,1,2
2,vote,2,1
2,vote,3,1
2,vote,4,1
2,vote,5,1
2,vote,6,1
2,vote,7,1
2,vote,8,1
2,vote,10,1
2,vote,11,1
2,vote,12,1
2,vote,13,1
2,vote,14,1
2,vote,15,14
2,execute,1,WEREWOLF
2,divine,7,2,WEREWOLF
2,whisper,0,0,2,Skip
2,whisper,1,0,14,ATTACK Agent[13]
2,whisper,2,1,2,Skip
2,whisper,3,1,14,Skip
2,whisper,4,2,14,Skip
2,whisper,5,2,2,Over
2,whisper,6,3,2,Over
2,whisper,7,3,14,Over
2,guard,13,7,SEER
2,attackVote,2,7
2,attackVote,14,13
2,attackVote,2,7
2,attackVote,14,13
2,attack,13,true
3,status,1,WEREWOLF,DEAD,tonkatsu
3,status,2,WEREWOLF,ALIVE,KP22
3,status,3,VILLAGER,ALIVE,kgu_ryu
3,status,4,VILLAGER,ALIVE,sUper_IL
3,status,5,VILLAGER,ALIVE,daphne
3,status,6,VILLAGER,ALIVE,Ncu702
3,status,7,SEER,ALIVE,ice
3,status,8,VILLAGER,ALIVE,mikami
3,status,9,VILLAGER,DEAD,Baguette
3,status,10,VILLAGER,ALIVE,ichida
3,status,11,POSSESSED,ALIVE,Hachi2
3,status,12,VILLAGER,ALIVE,takoyaki
3,status,13,BODYGUARD,DEAD,CanisLupus
3,status,14,WEREWOLF,ALIVE,ioh
3,status,15,MEDIUM,ALIVE,Basket
3,talk,0,0,7,DIVINED Agent[02] WEREWOLF
3,talk,1,0,8,VOTE Agent[02]
3,talk,2,0,10,VOTE Agent[02]
3,talk,3,0,5,VOTE Agent[02]
3,talk,4,0,6,VOTE Agent[02]
3,talk,5,0,12,VOTE Agent[02]
3,talk,6,0,2,VOTE Agent[14]
3,talk,7,0,11,VOTE Agent[02]
3,talk,8,0,3,VOTE Agent[02]
3,talk,9,0,4,VOTE Agent[02]
3,talk,10,0,14,DIVINED Agent[11] WEREWOLF
3,talk,11,0,15,COMINGOUT Agent[15] MEDIUM
3,talk,12,1,4,Skip
3,talk,13,1,15,IDENTIFIED Agent[01] WEREWOLF
3,talk,14,1,11,Skip
3,talk,15,1,7,VOTE Agent[02]
3,talk,16,1,14,REQUEST ANY (VOTE Agent[07])
3,talk,17,1,6,Skip
3,talk,18,1,3,Skip
3,talk,19,1,8,Skip
3,talk,20,1,10,Skip
3,talk,21,1,2,VOTE Agent[14]
3,talk,22,1,5,Skip
3,talk,23,1,12,Skip
3,talk,24,2,14,ESTIMATE Agent[07] WEREWOLF
3,talk,25,2,5,Skip
3,talk,26,2,11,Skip
3,talk,27,2,6,Skip
3,talk,28,2,8,Skip
3,talk,29,2,2,VOTE Agent[14]
3,talk,30,2,7,VOTE Agent[02]
3,talk,31,2,4,Skip
3,talk,32,2,12,VOTE Agent[14]
3,talk,33,2,3,Skip
3,talk,34,2,15,ESTIMATE Agent[02] WEREWOLF
3,talk,35,2,10,Skip
3,talk,36,3,8,Over
3,talk,37,3,5,Over
3,talk,38,3,6,Over
3,talk,39,3,10,Over
3,talk,40,3,4,Over
3,talk,41,3,7,VOTE Agent[02]
3,talk,42,3,2,VOTE Agent[14]
3,talk,43,3,15,REQUEST ANY (VOTE Agent[02])
3,talk,44,3,11,Over
3,talk,45,3,3,VOTE Agent[14]
3,talk,46,3,14,VOTE Agent[07]
3,talk,47,3,12,VOTE Agent[14]
3,talk,48,4,10,Over
3,talk,49,4,5,Over
3,talk,50,4,2,VOTE Agent[14]
3,talk,51,4,11,Over
3,talk,52,4,4,VOTE Agent[14]
3,talk,53,4,14,VOTE Agent[07]
3,talk,54,4,15,VOTE Agent[14]
3,talk,55,4,12,VOTE Agent[14]
3,talk,56,4,3,VOTE Agent[14]
3,talk,57,4,7,VOTE Agent[02]
3,talk,58,4,6,Over
3,talk,59,4,8,Over
3,talk,60,5,14,REQUEST ANY (VOTE Agent[07])
3,talk,61,5,6,Over
3,talk,62,5,15,REQUEST ANY (VOTE Agent[14])
3,talk,63,5,7,VOTE Agent[02]
3,talk,64,5,3,VOTE Agent[14]
3,talk,65,5,8,Over
3,talk,66,5,10,Over
3,talk,67,5,2,VOTE Agent[14]
3,talk,68,5,12,VOTE Agent[14]
3,talk,69,5,11,Over
3,talk,70,5,4,VOTE Agent[14]
3,talk,71,5,5,Over
3,talk,72,6,7,VOTE Agent[02]
3,talk,73,6,12,VOTE Agent[14]
3,talk,74,6,14,VOTE Agent[07]
3,talk,75,6,15,REQUEST ANY (VOTE Agent[14])
3,talk,76,6,3,VOTE Agent[14]
3,talk,77,6,8,Over
3,talk,78,6,2,VOTE Agent[14]
3,talk,79,6,10,Over
3,talk,80,6,6,Over
3,talk,81,6,5,Over
3,talk,82,6,4,VOTE Agent[14]
3,talk,83,6,11,Over
3,talk,84,7,2,VOTE Agent[14]
3,talk,85,7,4,VOTE Agent[14]
3,talk,86,7,8,Over
3,talk,87,7,6,Over
3,talk,88,7,11,Over
3,talk,89,7,3,VOTE Agent[14]
3,talk,90,7,7,VOTE Agent[02]
3,talk,91,7,12,VOTE Agent[14]
3,talk,92,7,14,ESTIMATE Agent[07] WEREWOLF
3,talk,93,7,10,Over
3,talk,94,7,5,Over
3,talk,95,7,15,REQUEST ANY (VOTE Agent[14])
3,talk,96,8,4,VOTE Agent[14]
3,talk,97,8,3,VOTE Agent[14]
3,talk,98,8,10,Over
3,talk,99,8,7,VOTE Agent[02]
3,talk,100,8,15,VOTE Agent[14]
3,talk,101,8,2,VOTE Agent[14]
3,talk,102,8,11,Over
3,talk,103,8,12,VOTE Agent[14]
3,talk,104,8,14,ESTIMATE Agent[07] WEREWOLF
3,talk,105,8,8,Over
3,talk,106,8,6,Over
3,talk,107,8,5,Over
3,talk,108,9,14,ESTIMATE Agent[07] WEREWOLF
3,talk,109,9,10,Over
3,talk,110,9,12,VOTE Agent[14]
3,talk,111,9,11,Over
3,talk,112,9,3,VOTE Agent[14]
3,talk,113,9,6,Over
3,talk,114,9,15,VOTE Agent[14]
3,talk,115,9,8,Over
3,talk,116,9,4,VOTE Agent[14]
3,talk,117,9,5,Over
3,talk,118,9,7,VOTE Agent[02]
3,talk,119,9,2,VOTE Agent[14]
3,talk,120,10,2,Over
3,talk,121,10,7,Over
3,talk,122,10,14,Over
3,talk,123,10,11,Over
3,talk,124,10,15,Over
3,talk,125,10,3,VOTE Agent[14]
3,talk,126,10,10,Over
3,talk,127,10,8,Over
3,talk,128,10,5,Over
3,talk,129,10,6,Over
3,talk,130,10,4,VOTE Agent[14]
3,talk,131,10,12,VOTE Agent[14]
3,talk,132,11,8,Over
3,talk,133,11,10,Over
3,talk,134,11,5,Over
3,talk,135,11,2,Over
3,talk,136,11,14,Over
3,talk,137,11,6,Over
3,talk,138,11,3,VOTE Agent[14]
3,talk,139,11,7,Over
3,talk,140,11,12,Over
3,talk,141,11,11,Over
3,talk,142,11,15,Over
3,talk,143,11,4,VOTE Agent[14]
3,talk,144,12,15,Over
3,talk,145,12,3,Over
3,talk,146,12,7,Over
3,talk,147,12,2,Over
3,talk,148,12,8,Over
3,talk,149,12,5,Over
3,talk,150,12,4,VOTE Agent[14]
3,talk,151,12,10,Over
3,talk,152,12,12,Over
3,talk,153,12,11,Over
3,talk,154,12,6,Over
3,talk,155,12,14,Over
3,talk,156,13,14,Over
3,talk,157,13,2,Over
3,talk,158,13,10,Over
3,talk,159,13,15,Over
3,talk,160,13,12,Over
3,talk,161,13,4,Over
3,talk,162,13,6,Over
3,talk,163,13,8,Over
3,talk,164,13,7,Over
3,talk,165,13,11,Over
3,talk,166,13,3,Over
3,talk,167,13,5,Over
3,vote,2,14
3,vote,3,14
3,vote,4,14
3,vote,5,2
3,vote,6,2
3,vote,7,2
3,vote,8,2
3,vote,10,2
3,vote,11,2
3,vote,12,14
3,vote,14,2
3,vote,15,14
3,execute,2,WEREWOLF
3,divine,7,14,WEREWOLF
3,attackVote,14,15
3,attack,15,true
4,status,1,WEREWOLF,DEAD,tonkatsu
4,status,2,WEREWOLF,DEAD,KP22
4,status,3,VILLAGER,ALIVE,kgu_ryu
4,status,4,VILLAGER,ALIVE,sUper_IL
4,status,5,VILLAGER,ALIVE,daphne
4,status,6,VILLAGER,ALIVE,Ncu702
4,status,7,SEER,ALIVE,ice
4,status,8,VILLAGER,ALIVE,mikami
4,status,9,VILLAGER,DEAD,Baguette
4,status,10,VILLAGER,ALIVE,ichida
4,status,11,POSSESSED,ALIVE,Hachi2
4,status,12,VILLAGER,ALIVE,takoyaki
4,status,13,BODYGUARD,DEAD,CanisLupus
4,status,14,WEREWOLF,ALIVE,ioh
4,status,15,MEDIUM,DEAD,Basket
4,talk,0,0,14,DIVINED Agent[05] WEREWOLF
4,talk,1,0,11,VOTE Agent[14]
4,talk,2,0,4,VOTE Agent[14]
4,talk,3,0,7,DIVINED Agent[14] WEREWOLF
4,talk,4,0,12,VOTE Agent[14]
4,talk,5,0,8,VOTE Agent[14]
4,talk,6,0,5,VOTE Agent[14]
4,talk,7,0,6,VOTE Agent[14]
4,talk,8,0,3,VOTE Agent[14]
4,talk,9,0,10,VOTE Agent[14]
4,talk,10,1,14,ESTIMATE Agent[07] WEREWOLF
4,talk,11,1,10,Skip
4,talk,12,1,6,Skip
4,talk,13,1,4,Skip
4,talk,14,1,7,VOTE Agent[14]
4,talk,15,1,8,Skip
4,talk,16,1,5,Skip
4,talk,17,1,11,Skip
4,talk,18,1,12,Skip
4,talk,19,1,3,Skip
4,talk,20,2,10,Skip
4,talk,21,2,3,Skip
4,talk,22,2,8,Skip
4,talk,23,2,12,Skip
4,talk,24,2,14,VOTE Agent[07]
4,talk,25,2,7,VOTE Agent[14]
4,talk,26,2,6,Skip
4,talk,27,2,4,Skip
4,talk,28,2,11,Skip
4,talk,29,2,5,Skip
4,talk,30,3,5,Over
4,talk,31,3,4,Over
4,talk,32,3,12,Over
4,talk,33,3,10,Over
4,talk,34,3,6,Over
4,talk,35,3,14,ESTIMATE Agent[07] WEREWOLF
4,talk,36,3,11,Over
4,talk,37,3,8,Over
4,talk,38,3,3,Over
4,talk,39,3,7,VOTE Agent[14]
4,talk,40,4,4,Over
4,talk,41,4,5,Over
4,talk,42,4,14,REQUEST ANY (VOTE Agent[07])
4,talk,43,4,10,Over
4,talk,44,4,11,Over
4,talk,45,4,8,Over
4,talk,46,4,7,VOTE Agent[14]
4,talk,47,4,6,Over
4,talk,48,4,3,Over
4,talk,49,4,12,Over
4,talk,50,5,4,Over
4,talk,51,5,7,VOTE Agent[14]
4,talk,52,5,11,Over
4,talk,53,5,12,Over
4,talk,54,5,3,Over
4,talk,55,5,6,Over
4,talk,56,5,8,Over
4,talk,57,5,10,Over
4,talk,58,5,5,Over
4,talk,59,5,14,ESTIMATE Agent[07] WEREWOLF
4,talk,60,6,3,Over
4,talk,61,6,7,VOTE Agent[14]
4,talk,62,6,14,REQUEST ANY (VOTE Agent[07])
4,talk,63,6,12,Over
4,talk,64,6,10,Over
4,talk,65,6,11,Over
4,talk,66,6,5,Over
4,talk,67,6,6,Over
4,talk,68,6,8,Over
4,talk,69,6,4,Over
4,talk,70,7,6,Over
4,talk,71,7,5,Over
4,talk,72,7,4,Over
4,talk,73,7,7,VOTE Agent[14]
4,talk,74,7,12,Over
4,talk,75,7,11,Over
4,talk,76,7,14,ESTIMATE Agent[07] WEREWOLF
4,talk,77,7,3,Over
4,talk,78,7,10,Over
4,talk,79,7,8,Over
4,talk,80,8,8,Over
4,talk,81,8,5,Over
4,talk,82,8,6,Over
4,talk,83,8,10,Over
4,talk,84,8,3,Over
4,talk,85,8,4,Over
4,talk,86,8,12,Over
4,talk,87,8,7,VOTE Agent[14]
4,talk,88,8,14,VOTE Agent[07]
4,talk,89,8,11,Over
4,talk,90,9,6,Over
4,talk,91,9,11,Over
4,talk,92,9,3,Over
4,talk,93,9,4,Over
4,talk,94,9,14,VOTE Agent[07]
4,talk,95,9,12,Over
4,talk,96,9,10,Over
4,talk,97,9,5,Over
4,talk,98,9,8,Over
4,talk,99,9,7,VOTE Agent[14]
4,talk,100,10,4,Over
4,talk,101,10,3,Over
4,talk,102,10,14,Over
4,talk,103,10,6,Over
4,talk,104,10,5,Over
4,talk,105,10,7,Over
4,talk,106,10,12,Over
4,talk,107,10,10,Over
4,talk,108,10,8,Over
4,talk,109,10,11,Over
4,vote,3,14
4,vote,4,14
4,vote,5,14
4,vote,6,14
4,vote,7,14
4,vote,8,14
4,vote,10,14
4,vote,11,14
4,vote,12,14
4,vote,14,5
4,execute,14,WEREWOLF
4,divine,7,11,HUMAN
5,status,1,WEREWOLF,DEAD,tonkatsu
5,status,2,WEREWOLF,DEAD,KP22
5,status,3,VILLAGER,ALIVE,kgu_ryu
5,status,4,VILLAGER,ALIVE,sUper_IL
5,status,5,VILLAGER,ALIVE,daphne
5,status,6,VILLAGER,ALIVE,Ncu702
5,status,7,SEER,ALIVE,ice
5,status,8,VILLAGER,ALIVE,mikami
5,status,9,VILLAGER,DEAD,Baguette
5,status,10,VILLAGER,ALIVE,ichida
5,status,11,POSSESSED,ALIVE,Hachi2
5,status,12,VILLAGER,ALIVE,takoyaki
5,status,13,BODYGUARD,DEAD,CanisLupus
5,status,14,WEREWOLF,DEAD,ioh
5,status,15,MEDIUM,DEAD,Basket
5,result,9,0,VILLAGER
