0,status,1,BODYGUARD,ALIVE,tonkatsu
0,status,2,POSSESSED,ALIVE,KP22
0,status,3,VILLAGER,ALIVE,kgu_ryu
0,status,4,WEREWOLF,ALIVE,sUper_IL
0,status,5,WEREWOLF,ALIVE,daphne
0,status,6,VILLAGER,ALIVE,Ncu702
0,status,7,MEDIUM,ALIVE,ice
0,status,8,VILLAGER,ALIVE,mikami
0,status,9,VILLAGER,ALIVE,Baguette
0,status,10,WEREWOLF,ALIVE,ichida
0,status,11,VILLAGER,ALIVE,Hachi2
0,status,12,SEER,ALIVE,takoyaki
0,status,13,VILLAGER,ALIVE,CanisLupus
0,status,14,VILLAGER,ALIVE,ioh
0,status,15,VILLAGER,ALIVE,Basket
0,whisper,0,0,4,Skip
0,whisper,1,0,10,Skip
0,whisper,2,0,5,Skip
0,whisper,3,1,4,Skip
0,whisper,4,1,10,Skip
0,whisper,5,1,5,Skip
0,whisper,6,2,4,Over
0,whisper,7,2,5,Over
0,whisper,8,2,10,Over
0,divine,12,6,HUMAN
1,status,1,BODYGUARD,ALIVE,tonkatsu
1,status,2,POSSESSED,ALIVE,KP22
1,status,3,VILLAGER,ALIVE,kgu_ryu
1,status,4,WEREWOLF,ALIVE,sUper_IL
1,status,5,WEREWOLF,ALIVE,daphne
1,status,6,VILLAGER,ALIVE,Ncu702
1,status,7,MEDIUM,ALIVE,ice
1,status,8,VILLAGER,ALIVE,mikami
1,status,9,VILLAGER,ALIVE,Baguette
1,status,10,WEREWOLF,ALIVE,ichida
1,status,11,VILLAGER,ALIVE,Hachi2
1,status,12,SEER,ALIVE,takoyaki
1,status,13,VILLAGER,ALIVE,CanisLupus
1,status,14,VILLAGER,ALIVE,ioh
1,status,15,VILLAGER,ALIVE,Basket
1,talk,0,0,6,VOTE Agent[01]
1,talk,1,0,10,COMINGOUT Agent[10] SEER
1,talk,2,0,5,Skip
1,talk,3,0,9,VOTE Agent[11]
1,talk,4,0,4,Skip
1,talk,5,0,3,VOTE Agent[01]
1,talk,6,0,14,REQUEST ANY (VOTE Agent[01])
1,talk,7,0,12,COMINGOUT Agent[12] SEER
1,talk,8,0,1,VOTE Agent[11]
1,talk,9,0,15,ESTIMATE Agent[11] WEREWOLF
1,talk,10,0,8,VOTE Agent[11]
1,talk,11,0,7,COMINGOUT Agent[07] MEDIUM
1,talk,12,0,13,VOTE Agent[11]
1,talk,13,0,2,VOTE Agent[11]
1,talk,14,0,11,VOTE Agent[01]
1,talk,15,1,15,VOTE Agent[04]
1,talk,16,1,14,REQUEST ANY (VOTE Agent[05])
1,talk,17,1,5,VOTE Agent[11]
1,talk,18,1,7,VOTE Agent[05]
1,talk,19,1,12,DIVINED Agent[06] HUMAN
1,talk,20,1,4,VOTE Agent[11]
1,talk,21,1,13,VOTE Agent[05]
1,talk,22,1,10,DIVINED Agent[11] HUMAN
1,talk,23,1,6,VOTE Agent[11]
1,talk,24,1,8,VOTE Agent[11]
1,talk,25,1,2,Skip
1,talk,26,1,11,VOTE Agent[05]
1,talk,27,1,9,VOTE Agent[04]
1,talk,28,1,1,VOTE Agent[11]
1,talk,29,1,3,VOTE Agent[05]
1,talk,30,2,10,VOTE Agent[11]
1,talk,31,2,6,VOTE Agent[11]
1,talk,32,2,12,VOTE Agent[05]
1,talk,33,2,8,VOTE Agent[11]
1,talk,34,2,5,Skip
1,talk,35,2,13,VOTE Agent[05]
1,talk,36,2,1,VOTE Agent[11]
1,talk,37,2,9,VOTE Agent[02]
1,talk,38,2,2,Skip
1,talk,39,2,7,Skip
1,talk,40,2,11,VOTE Agent[05]
1,talk,41,2,15,REQUEST ANY (VOTE Agent[05])
1,talk,42,2,14,VOTE Agent[05]
1,talk,43,2,3,VOTE Agent[05]
1,talk,44,2,4,Skip
1,talk,45,3,6,VOTE Agent[11]
1,talk,46,3,1,VOTE Agent[11]
1,talk,47,3,14,ESTIMATE Agent[10] WEREWOLF
1,talk,48,3,3,VOTE Agent[05]
1,talk,49,3,5,Skip
1,talk,50,3,4,Skip
1,talk,51,3,11,VOTE Agent[05]
1,talk,52,3,13,VOTE Agent[10]
1,talk,53,3,8,VOTE Agent[11]
1,talk,54,3,12,VOTE Agent[05]
1,talk,55,3,15,VOTE Agent[10]
1,talk,56,3,10,Skip
1,talk,57,3,9,VOTE Agent[15]
1,talk,58,3,2,Over
1,talk,59,3,7,Skip
1,talk,60,4,12,VOTE Agent[05]
1,talk,61,4,7,Over
1,talk,62,4,6,VOTE Agent[11]
1,talk,63,4,8,VOTE Agent[11]
1,talk,64,4,5,Over
1,talk,65,4,3,VOTE Agent[05]
1,talk,66,4,4,Over
1,talk,67,4,15,VOTE Agent[10]
1,talk,68,4,14,ESTIMATE Agent[10] WEREWOLF
1,talk,69,4,13,VOTE Agent[05]
1,talk,70,4,1,VOTE Agent[11]
1,talk,71,4,9,VOTE Agent[15]
1,talk,72,4,2,Over
1,talk,73,4,10,Skip
1,talk,74,4,11,VOTE Agent[05]
1,talk,75,5,9,VOTE Agent[13]
1,talk,76,5,15,VOTE Agent[10]
1,talk,77,5,12,VOTE Agent[05]
1,talk,78,5,8,VOTE Agent[11]
1,talk,79,5,3,VOTE Agent[05]
1,talk,80,5,4,Over
1,talk,81,5,14,VOTE Agent[10]
1,talk,82,5,1,VOTE Agent[11]
1,talk,83,5,5,Over
1,talk,84,5,7,Over
1,talk,85,5,6,VOTE Agent[11]
1,talk,86,5,13,VOTE Agent[05]
1,talk,87,5,10,Over
1,talk,88,5,11,VOTE Agent[05]
1,talk,89,5,2,Over
1,talk,90,6,3,VOTE Agent[05]
1,talk,91,6,4,Over
1,talk,92,6,1,VOTE Agent[11]
1,talk,93,6,10,Over
1,talk,94,6,7,Over
1,talk,95,6,6,VOTE Agent[11]
1,talk,96,6,12,VOTE Agent[05]
1,talk,97,6,11,VOTE Agent[05]
1,talk,98,6,8,VOTE Agent[11]
1,talk,99,6,15,ESTIMATE Agent[10] WEREWOLF
1,talk,100,6,5,Over
1,talk,101,6,2,Over
1,talk,102,6,9,VOTE Agent[12]
1,talk,103,6,14,REQUEST ANY (VOTE Agent[10])
1,talk,104,6,13,VOTE Agent[05]
1,talk,105,7,3,VOTE Agent[05]
1,talk,106,7,1,VOTE Agent[11]
1,talk,107,7,2,Over
1,talk,108,7,14,VOTE Agent[10]
1,talk,109,7,12,VOTE Agent[05]
1,talk,110,7,10,Over
1,talk,111,7,4,Over
1,talk,112,7,5,Over
1,talk,113,7,6,VOTE Agent[11]
1,talk,114,7,15,REQUEST ANY (VOTE Agent[10])
1,talk,115,7,11,VOTE Agent[05]
1,talk,116,7,7,Over
1,talk,117,7,9,VOTE Agent[03]
1,talk,118,7,13,VOTE Agent[05]
1,talk,119,7,8,VOTE Agent[11]
1,talk,120,8,6,VOTE Agent[11]
1,talk,121,8,5,Over
1,talk,122,8,10,Over
1,talk,123,8,9,VOTE Agent[05]
1,talk,124,8,2,VOTE Agent[05]
1,talk,125,8,15,ESTIMATE Agent[10] WEREWOLF
1,talk,126,8,1,VOTE Agent[05]
1,talk,127,8,4,VOTE Agent[05]
1,talk,128,8,13,Skip
1,talk,129,8,12,VOTE Agent[05]
1,talk,130,8,3,Skip
1,talk,131,8,7,Over
1,talk,132,8,8,VOTE Agent[05]
1,talk,133,8,14,VOTE Agent[05]
1,talk,134,8,11,Skip
1,talk,135,9,5,VOTE Agent[11]
1,talk,136,9,9,VOTE Agent[06]
1,talk,137,9,8,Skip
1,talk,138,9,2,Skip
1,talk,139,9,6,VOTE Agent[05]
1,talk,140,9,7,Over
1,talk,141,9,12,VOTE Agent[05]
1,talk,142,9,11,Skip
1,talk,143,9,1,Skip
1,talk,144,9,13,Skip
1,talk,145,9,15,ESTIMATE Agent[05] WEREWOLF
1,talk,146,9,14,ESTIMATE Agent[05] WEREWOLF
1,talk,147,9,10,VOTE Agent[05]
1,talk,148,9,3,Skip
1,talk,149,9,4,Skip
1,talk,150,10,13,Over
1,talk,151,10,6,Over
1,talk,152,10,14,Over
1,talk,153,10,4,Skip
1,talk,154,10,5,VOTE Agent[11]
1,talk,155,10,11,Over
1,talk,156,10,2,Skip
1,talk,157,10,3,Over
1,talk,158,10,7,Over
1,talk,159,10,9,Over
1,talk,160,10,15,Over
1,talk,161,10,1,Skip
1,talk,162,10,8,Skip
1,talk,163,10,10,Skip
1,talk,164,10,12,Over
1,talk,165,11,13,Over
1,talk,166,11,11,Over
1,talk,167,11,12,Over
1,talk,168,11,3,Over
1,talk,169,11,6,Over
1,talk,170,11,15,Over
1,talk,171,11,5,VOTE Agent[11]
1,talk,172,11,9,Over
1,talk,173,11,4,Over
1,talk,174,11,7,Over
1,talk,175,11,8,Over
1,talk,176,11,10,Skip
1,talk,177,11,2,Over
1,talk,178,11,1,Over
1,talk,179,11,14,Over
1,talk,180,12,2,Over
1,talk,181,12,8,Over
1,talk,182,12,13,Over
1,talk,183,12,1,Over
1,talk,184,12,7,Over
1,talk,185,12,3,Over
1,talk,186,12,4,Over
1,talk,187,12,9,Over
1,talk,188,12,10,Over
1,talk,189,12,6,Over
1,talk,190,12,14,Over
1,talk,191,12,5,VOTE Agent[11]
1,talk,192,12,12,Over
1,talk,193,12,11,Over
1,talk,194,12,15,Over
1,talk,195,13,2,Over
1,talk,196,13,1,Over
1,talk,197,13,5,VOTE Agent[11]
1,talk,198,13,11,Over
1,talk,199,13,4,Over
1,talk,200,13,13,Over
1,talk,201,13,9,Over
1,talk,202,13,15,Over
1,talk,203,13,12,Over
1,talk,204,13,10,Over
1,talk,205,13,6,Over
1,talk,206,13,7,Over
1,talk,207,13,8,Over
1,talk,208,13,14,Over
1,talk,209,13,3,Over
1,talk,210,14,14,Over
1,talk,211,14,2,Over
1,talk,212,14,7,Over
1,talk,213,14,5,VOTE Agent[11]
1,talk,214,14,11,Over
1,talk,215,14,13,Over
1,talk,216,14,10,Over
1,talk,217,14,12,Over
1,talk,218,14,6,Over
1,talk,219,14,3,Over
1,talk,220,14,1,Over
1,talk,221,14,4,Over
1,talk,222,14,8,Over
1,talk,223,14,9,Over
1,talk,224,14,15,Over
1,talk,225,15,8,Over
1,talk,226,15,2,Over
1,talk,227,15,13,Over
1,talk,228,15,12,Over
1,talk,229,15,10,Over
1,talk,230,15,14,Over
1,talk,231,15,15,Over
1,talk,232,15,3,Over
1,talk,233,15,9,Over
1,talk,234,15,7,Over
1,talk,235,15,5,VOTE Agent[11]
1,talk,236,15,1,Over
1,talk,237,15,4,Over
1,talk,238,15,11,Over
1,talk,239,15,6,Over
1,talk,240,16,3,Over
1,talk,241,16,8,Over
1,talk,242,16,15,Over
1,talk,243,16,11,Over
1,talk,244,16,10,Over
1,talk,245,16,13,Over
1,talk,246,16,4,Over
1,talk,247,16,7,Over
1,talk,248,16,9,Over
1,talk,249,16,2,Over
1,talk,250,16,12,Over
1,talk,251,16,5,VOTE Agent[11]
1,talk,252,16,6,Over
1,talk,253,16,14,Over
1,talk,254,16,1,Over
1,talk,255,17,6,Over
1,talk,256,17,13,Over
1,talk,257,17,1,Over
1,talk,258,17,12,Over
1,talk,259,17,14,Over
1,talk,260,17,2,Over
1,talk,261,17,10,Over
1,talk,262,17,15,Over
1,talk,263,17,8,Over
1,talk,264,17,7,Over
1,talk,265,17,9,Over
1,talk,266,17,5,VOTE Agent[11]
1,talk,267,17,3,Over
1,talk,268,17,11,Over
1,talk,269,17,4,Over
1,talk,270,18,3,Over
1,talk,271,18,5,Over
1,talk,272,18,4,Over
1,talk,273,18,13,Over
1,talk,274,18,14,Over
1,talk,275,18,12,Over
1,talk,276,18,2,Over
1,talk,277,18,11,Over
1,talk,278,18,8,Over
1,talk,279,18,6,Over
1,talk,280,18,7,Over
1,talk,281,18,1,Over
1,talk,282,18,10,Over
1,talk,283,18,15,Over
1,talk,284,18,9,Over
1,vote,1,5
1,vote,2,5
1,vote,3,5
1,vote,4,5
1,vote,5,11
1,vote,6,5
1,vote,7,5
1,vote,8,5
1,vote,9,6
1,vote,10,5
1,vote,11,5
1,vote,12,5
1,vote,13,5
1,vote,14,5
1,vote,15,5
1,execute,5,WEREWOLF
1,divine,12,10,WEREWOLF
1,whisper,0,0,10,Skip
1,whisper,1,0,4,Skip
1,whisper,2,1,4,Skip
1,whisper,3,1,10,Skip
1,whisper,4,2,4,Over
1,whisper,5,2,10,Over
1,guard,1,12,SEER
1,attackVote,4,13
1,attack,13,true
2,status,1,BODYGUARD,ALIVE,tonkatsu
2,status,2,POSSESSED,ALIVE,KP22
2,status,3,VILLAGER,ALIVE,kgu_ryu
2,status,4,WEREWOLF,ALIVE,sUper_IL
2,status,5,WEREWOLF,DEAD,daphne
2,status,6,VILLAGER,ALIVE,Ncu702
2,status,7,MEDIUM,ALIVE,ice
2,status,8,VILLAGER,ALIVE,mikami
2,status,9,VILLAGER,ALIVE,Baguette
2,status,10,WEREWOLF,ALIVE,ichida
2,status,11,VILLAGER,ALIVE,Hachi2
2,status,12,SEER,ALIVE,takoyaki
2,status,13,VILLAGER,DEAD,CanisLupus
2,status,14,VILLAGER,ALIVE,ioh
2,status,15,VILLAGER,ALIVE,Basket
2,talk,0,0,9,VOTE Agent[12]
2,talk,1,0,8,VOTE Agent[12]
2,talk,2,0,1,VOTE Agent[12]
2,talk,3,0,3,VOTE Agent[10]
2,talk,4,0,14,REQUEST ANY (VOTE Agent[10])
2,talk,5,0,11,VOTE Agent[10]
2,talk,6,0,4,VOTE Agent[12]
2,talk,7,0,15,ESTIMATE Agent[10] WEREWOLF
2,talk,8,0,10,DIVINED Agent[12] WEREWOLF
2,talk,9,0,2,VOTE Agent[10]
2,talk,10,0,12,DIVINED Agent[10] WEREWOLF
2,talk,11,0,6,VOTE Agent[10]
2,talk,12,0,7,IDENTIFIED Agent[05] WEREWOLF
2,talk,13,1,1,VOTE Agent[10]
2,talk,14,1,4,VOTE Agent[10]
2,talk,15,1,6,Skip
2,talk,16,1,9,VOTE Agent[15]
2,talk,17,1,3,Skip
2,talk,18,1,10,VOTE Agent[15]
2,talk,19,1,15,VOTE Agent[10]
2,talk,20,1,14,ESTIMATE Agent[10] WEREWOLF
2,talk,21,1,2,Skip
2,talk,22,1,11,Skip
2,talk,23,1,8,VOTE Agent[10]
2,talk,24,1,12,VOTE Agent[10]
2,talk,25,1,7,VOTE Agent[10]
2,talk,26,2,6,Skip
2,talk,27,2,1,Skip
2,talk,28,2,12,VOTE Agent[10]
2,talk,29,2,3,Skip
2,talk,30,2,10,VOTE Agent[15]
2,talk,31,2,8,Skip
2,talk,32,2,11,Skip
2,talk,33,2,4,Skip
2,talk,34,2,7,Skip
2,talk,35,2,15,VOTE Agent[10]
2,talk,36,2,9,VOTE Agent[14]
2,talk,37,2,14,VOTE Agent[10]
2,talk,38,2,2,Skip
2,talk,39,3,12,VOTE Agent[10]
2,talk,40,3,3,Over
2,talk,41,3,2,Over
2,talk,42,3,6,Over
2,talk,43,3,11,Over
2,talk,44,3,10,VOTE Agent[15]
2,talk,45,3,7,Skip
2,talk,46,3,15,REQUEST ANY (VOTE Agent[10])
2,talk,47,3,14,REQUEST ANY (VOTE Agent[10])
2,talk,48,3,1,Skip
2,talk,49,3,9,VOTE Agent[06]
2,talk,50,3,8,Skip
2,talk,51,3,4,Skip
2,talk,52,4,7,Over
2,talk,53,4,10,VOTE Agent[06]
2,talk,54,4,6,Over
2,talk,55,4,12,VOTE Agent[10]
2,talk,56,4,11,Over
2,talk,57,4,15,ESTIMATE Agent[10] WEREWOLF
2,talk,58,4,4,Over
2,talk,59,4,3,Over
2,talk,60,4,1,Over
2,talk,61,4,8,Over
2,talk,62,4,14,REQUEST ANY (VOTE Agent[10])
2,talk,63,4,2,Over
2,talk,64,4,9,VOTE Agent[01]
2,talk,65,5,10,VOTE Agent[06]
2,talk,66,5,6,Over
2,talk,67,5,3,Over
2,talk,68,5,9,VOTE Agent[03]
2,talk,69,5,14,VOTE Agent[10]
2,talk,70,5,8,Over
2,talk,71,5,4,Over
2,talk,72,5,2,Over
2,talk,73,5,15,ESTIMATE Agent[10] WEREWOLF
2,talk,74,5,7,Over
2,talk,75,5,1,Over
2,talk,76,5,12,VOTE Agent[10]
2,talk,77,5,11,Over
2,talk,78,6,11,Over
2,talk,79,6,12,VOTE Agent[10]
2,talk,80,6,7,Over
2,talk,81,6,2,Over
2,talk,82,6,10,VOTE Agent[06]
2,talk,83,6,4,Over
2,talk,84,6,9,VOTE Agent[03]
2,talk,85,6,3,Over
2,talk,86,6,6,Over
2,talk,87,6,8,Over
2,talk,88,6,15,ESTIMATE Agent[10] WEREWOLF
2,talk,89,6,14,REQUEST ANY (VOTE Agent[10])
2,talk,90,6,1,Over
2,talk,91,7,4,Over
2,talk,92,7,7,Over
2,talk,93,7,15,ESTIMATE Agent[10] WEREWOLF
2,talk,94,7,1,Over
2,talk,95,7,3,Over
2,talk,96,7,8,Over
2,talk,97,7,6,Over
2,talk,98,7,2,Over
2,talk,99,7,9,VOTE Agent[04]
2,talk,100,7,11,Over
2,talk,101,7,14,REQUEST ANY (VOTE Agent[10])
2,talk,102,7,12,VOTE Agent[10]
2,talk,103,7,10,VOTE Agent[04]
2,talk,104,8,1,Over
2,talk,105,8,3,Over
2,talk,106,8,15,REQUEST ANY (VOTE Agent[10])
2,talk,107,8,8,Over
2,talk,108,8,7,Over
2,talk,109,8,10,VOTE Agent[04]
2,talk,110,8,4,Over
2,talk,111,8,6,Over
2,talk,112,8,14,ESTIMATE Agent[10] WEREWOLF
2,talk,113,8,12,VOTE Agent[10]
2,talk,114,8,9,VOTE Agent[15]
2,talk,115,8,11,Over
2,talk,116,8,2,Over
2,talk,117,9,6,Over
2,talk,118,9,14,VOTE Agent[10]
2,talk,119,9,1,Over
2,talk,120,9,4,Over
2,talk,121,9,7,Over
2,talk,122,9,9,VOTE Agent[01]
2,talk,123,9,10,VOTE Agent[04]
2,talk,124,9,11,Over
2,talk,125,9,2,Over
2,talk,126,9,3,Over
2,talk,127,9,8,Over
2,talk,128,9,12,VOTE Agent[10]
2,talk,129,9,15,ESTIMATE Agent[10] WEREWOLF
2,talk,130,10,4,Over
2,talk,131,10,8,Over
2,talk,132,10,9,Over
2,talk,133,10,10,Over
2,talk,134,10,3,Over
2,talk,135,10,14,Over
2,talk,136,10,1,Over
2,talk,137,10,7,Over
2,talk,138,10,6,Over
2,talk,139,10,11,Over
2,talk,140,10,12,Over
2,talk,141,10,2,Over
2,talk,142,10,15,Over
2,vote,1,10
2,vote,2,10
2,vote,3,10
2,vote,4,10
2,vote,6,10
2,vote,7,10
2,vote,8,10
2,vote,9,1
2,vote,10,4
2,vote,11,10
2,vote,12,10
2,vote,14,10
2,vote,15,10
2,execute,10,WEREWOLF
2,divine,12,4,WEREWOLF
2,guard,1,12,SEER
2,attackVote,4,15
2,attack,15,true
3,status,1,BODYGUARD,ALIVE,tonkatsu
3,status,2,POSSESSED,ALIVE,KP22
3,status,3,VILLAGER,ALIVE,kgu_ryu
3,status,4,WEREWOLF,ALIVE,sUper_IL
3,status,5,WEREWOLF,DEAD,daphne
3,status,6,VILLAGER,ALIVE,Ncu702
3,status,7,MEDIUM,ALIVE,ice
3,status,8,VILLAGER,ALIVE,mikami
3,status,9,VILLAGER,ALIVE,Baguette
3,status,10,WEREWOLF,DEAD,ichida
3,status,11,VILLAGER,ALIVE,Hachi2
3,status,12,SEER,ALIVE,takoyaki
3,status,13,VILLAGER,DEAD,CanisLupus
3,status,14,VILLAGER,ALIVE,ioh
3,status,15,VILLAGER,DEAD,Basket
3,talk,0,0,1,VOTE Agent[04]
3,talk,1,0,3,VOTE Agent[04]
3,talk,2,0,4,VOTE Agent[02]
3,talk,3,0,2,VOTE Agent[04]
3,talk,4,0,11,VOTE Agent[04]
3,talk,5,0,6,VOTE Agent[04]
3,talk,6,0,8,VOTE Agent[04]
3,talk,7,0,12,DIVINED Agent[04] WEREWOLF
3,talk,8,0,7,IDENTIFIED Agent[10] WEREWOLF
3,talk,9,0,9,VOTE Agent[04]
3,talk,10,0,14,REQUEST ANY (VOTE Agent[04])
3,talk,11,1,11,Skip
3,talk,12,1,9,VOTE Agent[04]
3,talk,13,1,4,VOTE Agent[02]
3,talk,14,1,8,Skip
3,talk,15,1,14,REQUEST ANY (VOTE Agent[04])
3,talk,16,1,12,VOTE Agent[04]
3,talk,17,1,6,Skip
3,talk,18,1,7,VOTE Agent[04]
3,talk,19,1,2,Skip
3,talk,20,1,1,Skip
3,talk,21,1,3,Skip
3,talk,22,2,3,Skip
3,talk,23,2,11,Skip
3,talk,24,2,14,REQUEST ANY (VOTE Agent[04])
3,talk,25,2,6,Skip
3,talk,26,2,12,VOTE Agent[04]
3,talk,27,2,8,Skip
3,talk,28,2,1,Skip
3,talk,29,2,7,Skip
3,talk,30,2,9,VOTE Agent[04]
3,talk,31,2,4,VOTE Agent[02]
3,talk,32,2,2,Skip
3,talk,33,3,11,Over
3,talk,34,3,6,Over
3,talk,35,3,8,Over
3,talk,36,3,3,Over
3,talk,37,3,7,Skip
3,talk,38,3,14,ESTIMATE Agent[04] WEREWOLF
3,talk,39,3,4,VOTE Agent[02]
3,talk,40,3,1,Over
3,talk,41,3,2,Over
3,talk,42,3,9,VOTE Agent[04]
3,talk,43,3,12,VOTE Agent[04]
3,talk,44,4,1,Over
3,talk,45,4,6,Over
3,talk,46,4,2,Over
3,talk,47,4,11,Over
3,talk,48,4,14,ESTIMATE Agent[04] WEREWOLF
3,talk,49,4,12,VOTE Agent[04]
3,talk,50,4,9,VOTE Agent[04]
3,talk,51,4,8,Over
3,talk,52,4,4,VOTE Agent[02]
3,talk,53,4,3,Over
3,talk,54,4,7,Over
3,talk,55,5,9,VOTE Agent[04]
3,talk,56,5,7,Over
3,talk,57,5,14,ESTIMATE Agent[04] WEREWOLF
3,talk,58,5,2,Over
3,talk,59,5,3,Over
3,talk,60,5,4,VOTE Agent[02]
3,talk,61,5,12,VOTE Agent[04]
3,talk,62,5,1,Over
3,talk,63,5,8,Over
3,talk,64,5,11,Over
3,talk,65,5,6,Over
3,talk,66,6,14,ESTIMATE Agent[04] WEREWOLF
3,talk,67,6,11,Over
3,talk,68,6,3,Over
3,talk,69,6,12,VOTE Agent[04]
3,talk,70,6,1,Over
3,talk,71,6,9,VOTE Agent[04]
3,talk,72,6,6,Over
3,talk,73,6,8,Over
3,talk,74,6,2,Over
3,talk,75,6,4,VOTE Agent[02]
3,talk,76,6,7,Over
3,talk,77,7,12,VOTE Agent[04]
3,talk,78,7,1,Over
3,talk,79,7,3,Over
3,talk,80,7,8,Over
3,talk,81,7,2,Over
3,talk,82,7,14,REQUEST ANY (VOTE Agent[04])
3,talk,83,7,6,Over
3,talk,84,7,7,Over
3,talk,85,7,9,VOTE Agent[04]
3,talk,86,7,4,VOTE Agent[02]
3,talk,87,7,11,Over
3,talk,88,8,6,Over
3,talk,89,8,12,VOTE Agent[04]
3,talk,90,8,11,Over
3,talk,91,8,8,Over
3,talk,92,8,4,VOTE Agent[02]
3,talk,93,8,2,Over
3,talk,94,8,9,VOTE Agent[04]
3,talk,95,8,14,ESTIMATE Agent[04] WEREWOLF
3,talk,96,8,1,Over
3,talk,97,8,7,Over
3,talk,98,8,3,Over
3,talk,99,9,8,Over
3,talk,100,9,11,Over
3,talk,101,9,2,Over
3,talk,102,9,1,Over
3,talk,103,9,9,VOTE Agent[04]
3,talk,104,9,14,ESTIMATE Agent[04] WEREWOLF
3,talk,105,9,12,VOTE Agent[04]
3,talk,106,9,3,Over
3,talk,107,9,6,Over
3,talk,108,9,4,VOTE Agent[02]
3,talk,109,9,7,Over
3,talk,110,10,7,Over
3,talk,111,10,8,Over
3,talk,112,10,12,Over
3,talk,113,10,2,Over
3,talk,114,10,1,Over
3,talk,115,10,14,Over
3,talk,116,10,4,Over
3,talk,117,10,3,Over
3,talk,118,10,6,Over
3,talk,119,10,9,Over
3,talk,120,10,11,Over
3,vote,1,4
3,vote,2,4
3,vote,3,4
3,vote,4,2
3,vote,6,4
3,vote,7,4
3,vote,8,4
3,vote,9,4
3,vote,11,4
3,vote,12,4
3,vote,14,4
3,execute,4,WEREWOLF
3,divine,12,2,HUMAN
3,guard,1,12,SEER
4,status,1,BODYGUARD,ALIVE,tonkatsu
4,status,2,POSSESSED,ALIVE,KP22
4,status,3,VILLAGER,ALIVE,kgu_ryu
4,status,4,WEREWOLF,DEAD,sUper_IL
4,status,5,WEREWOLF,DEAD,daphne
4,status,6,VILLAGER,ALIVE,Ncu702
4,status,7,MEDIUM,ALIVE,ice
4,status,8,VILLAGER,ALIVE,mikami
4,status,9,VILLAGER,ALIVE,Baguette
4,status,10,WEREWOLF,DEAD,ichida
4,status,11,VILLAGER,ALIVE,Hachi2
4,status,12,SEER,ALIVE,takoyaki
4,status,13,VILLAGER,DEAD,CanisLupus
4,status,14,VILLAGER,ALIVE,ioh
4,status,15,VILLAGER,DEAD,Basket
4,result,10,0,VILLAGER
