0,status,1,VILLAGER,ALIVE,tonkatsu
0,status,2,WEREWOLF,ALIVE,KP22
0,status,3,VILLAGER,ALIVE,kgu_ryu
0,status,4,MEDIUM,ALIVE,sUper_IL
0,status,5,SEER,ALIVE,daphne
0,status,6,VILLAGER,ALIVE,Ncu702
0,status,7,VILLAGER,ALIVE,ice
0,status,8,WEREWOLF,ALIVE,mikami
0,status,9,VILLAGER,ALIVE,Baguette
0,status,10,VILLAGER,ALIVE,ichida
0,status,11,VILLAGER,ALIVE,Hachi2
0,status,12,BODYGUARD,ALIVE,takoyaki
0,status,13,WEREWOLF,ALIVE,CanisLupus
0,status,14,POSSESSED,ALIVE,ioh
0,status,15,VILLAGER,ALIVE,Basket
0,whisper,0,0,2,Skip
0,whisper,1,0,13,Skip
0,whisper,2,0,8,Skip
0,whisper,3,1,2,Skip
0,whisper,4,1,8,Skip
0,whisper,5,1,13,Skip
0,whisper,6,2,8,Over
0,whisper,7,2,13,Over
0,whisper,8,2,2,Over
0,divine,5,15,HUMAN
1,status,1,VILLAGER,ALIVE,tonkatsu
1,status,2,WEREWOLF,ALIVE,KP22
1,status,3,VILLAGER,ALIVE,kgu_ryu
1,status,4,MEDIUM,ALIVE,sUper_IL
1,status,5,SEER,ALIVE,daphne
1,status,6,VILLAGER,ALIVE,Ncu702
1,status,7,VILLAGER,ALIVE,ice
1,status,8,WEREWOLF,ALIVE,mikami
1,status,9,VILLAGER,ALIVE,Baguette
1,status,10,VILLAGER,ALIVE,ichida
1,status,11,VILLAGER,ALIVE,Hachi2
1,status,12,BODYGUARD,ALIVE,takoyaki
1,status,13,WEREWOLF,ALIVE,CanisLupus
1,status,14,POSSESSED,ALIVE,ioh
1,status,15,VILLAGER,ALIVE,Basket
1,talk,0,0,7,VOTE Agent[14]
1,talk,1,0,14,REQUEST ANY (COMINGOUT ANY ANY)
1,talk,2,0,3,VOTE Agent[14]
1,talk,3,0,2,Skip
1,talk,4,0,13,Skip
1,talk,5,0,5,COMINGOUT Agent[05] SEER
1,talk,6,0,11,VOTE Agent[14]
1,talk,7,0,1,VOTE Agent[14]
1,talk,8,0,9,VOTE Agent[14]
1,talk,9,0,6,VOTE Agent[14]
1,talk,10,0,10,VOTE Agent[14]
1,talk,11,0,15,VOTE Agent[14]
1,talk,12,0,8,Skip
1,talk,13,0,4,COMINGOUT Agent[04] MEDIUM
1,talk,14,0,12,VOTE Agent[14]
1,talk,15,1,1,Skip
1,talk,16,1,6,Skip
1,talk,17,1,13,VOTE Agent[14]
1,talk,18,1,3,VOTE Agent[08]
1,talk,19,1,2,VOTE Agent[14]
1,talk,20,1,12,VOTE Agent[08]
1,talk,21,1,15,REQUEST ANY (VOTE Agent[13])
1,talk,22,1,9,VOTE Agent[07]
1,talk,23,1,7,Skip
1,talk,24,1,5,DIVINED Agent[14] HUMAN
1,talk,25,1,14,COMINGOUT Agent[14] SEER
1,talk,26,1,11,VOTE Agent[13]
1,talk,27,1,10,VOTE Agent[14]
1,talk,28,1,8,VOTE Agent[14]
1,talk,29,1,4,VOTE Agent[13]
1,talk,30,2,6,Skip
1,talk,31,2,10,Skip
1,talk,32,2,3,VOTE Agent[08]
1,talk,33,2,9,VOTE Agent[06]
1,talk,34,2,2,Skip
1,talk,35,2,8,Skip
1,talk,36,2,5,VOTE Agent[14]
1,talk,37,2,14,DIVINED Agent[15] WEREWOLF
1,talk,38,2,1,Skip
1,talk,39,2,13,Skip
1,talk,40,2,11,VOTE Agent[08]
1,talk,41,2,4,VOTE Agent[08]
1,talk,42,2,15,ESTIMATE Agent[08] WEREWOLF
1,talk,43,2,7,Skip
1,talk,44,2,12,VOTE Agent[13]
1,talk,45,3,5,VOTE Agent[14]
1,talk,46,3,12,VOTE Agent[13]
1,talk,47,3,4,Skip
1,talk,48,3,13,Skip
1,talk,49,3,3,VOTE Agent[08]
1,talk,50,3,15,VOTE Agent[08]
1,talk,51,3,7,Over
1,talk,52,3,6,Over
1,talk,53,3,1,Over
1,talk,54,3,10,Skip
1,talk,55,3,14,REQUEST ANY (VOTE Agent[15])
1,talk,56,3,9,VOTE Agent[15]
1,talk,57,3,8,Skip
1,talk,58,3,2,Skip
1,talk,59,3,11,VOTE Agent[08]
1,talk,60,4,2,Over
1,talk,61,4,7,Over
1,talk,62,4,10,Over
1,talk,63,4,8,Over
1,talk,64,4,11,VOTE Agent[08]
1,talk,65,4,3,VOTE Agent[08]
1,talk,66,4,4,Skip
1,talk,67,4,6,Over
1,talk,68,4,1,Over
1,talk,69,4,14,VOTE Agent[15]
1,talk,70,4,12,VOTE Agent[08]
1,talk,71,4,13,Over
1,talk,72,4,9,VOTE Agent[15]
1,talk,73,4,5,VOTE Agent[14]
1,talk,74,4,15,REQUEST ANY (VOTE Agent[08])
1,talk,75,5,13,Over
1,talk,76,5,1,Over
1,talk,77,5,12,VOTE Agent[08]
1,talk,78,5,6,Over
1,talk,79,5,4,Over
1,talk,80,5,2,Over
1,talk,81,5,14,VOTE Agent[15]
1,talk,82,5,10,Over
1,talk,83,5,15,REQUEST ANY (VOTE Agent[08])
1,talk,84,5,3,VOTE Agent[08]
1,talk,85,5,11,VOTE Agent[08]
1,talk,86,5,7,Over
1,talk,87,5,8,Over
1,talk,88,5,9,VOTE Agent[15]
1,talk,89,5,5,VOTE Agent[14]
1,talk,90,6,11,VOTE Agent[08]
1,talk,91,6,5,VOTE Agent[14]
1,talk,92,6,2,Over
1,talk,93,6,6,Over
1,talk,94,6,15,ESTIMATE Agent[08] WEREWOLF
1,talk,95,6,3,VOTE Agent[08]
1,talk,96,6,1,Over
1,talk,97,6,9,VOTE Agent[15]
1,talk,98,6,8,Over
1,talk,99,6,12,VOTE Agent[08]
1,talk,100,6,14,ESTIMATE Agent[15] WEREWOLF
1,talk,101,6,13,Over
1,talk,102,6,10,Over
1,talk,103,6,7,Over
1,talk,104,6,4,Over
1,talk,105,7,4,Over
1,talk,106,7,8,Over
1,talk,107,7,12,VOTE Agent[08]
1,talk,108,7,7,Over
1,talk,109,7,10,Over
1,talk,110,7,14,ESTIMATE Agent[15] WEREWOLF
1,talk,111,7,11,VOTE Agent[08]
1,talk,112,7,15,REQUEST ANY (VOTE Agent[08])
1,talk,113,7,2,Over
1,talk,114,7,5,VOTE Agent[14]
1,talk,115,7,13,Over
1,talk,116,7,3,VOTE Agent[08]
1,talk,117,7,9,VOTE Agent[15]
1,talk,118,7,1,Over
1,talk,119,7,6,Over
1,talk,120,8,2,Over
1,talk,121,8,6,Over
1,talk,122,8,11,VOTE Agent[08]
1,talk,123,8,10,Over
1,talk,124,8,14,ESTIMATE Agent[15] WEREWOLF
1,talk,125,8,1,Over
1,talk,126,8,13,Over
1,talk,127,8,12,VOTE Agent[08]
1,talk,128,8,15,REQUEST ANY (VOTE Agent[08])
1,talk,129,8,7,Over
1,talk,130,8,3,VOTE Agent[08]
1,talk,131,8,8,Over
1,talk,132,8,9,VOTE Agent[15]
1,talk,133,8,4,Over
1,talk,134,8,5,VOTE Agent[14]
1,talk,135,9,2,Over
1,talk,136,9,3,VOTE Agent[08]
1,talk,137,9,13,Over
1,talk,138,9,10,Over
1,talk,139,9,6,Over
1,talk,140,9,7,Over
1,talk,141,9,5,VOTE Agent[14]
1,talk,142,9,12,VOTE Agent[08]
1,talk,143,9,8,Over
1,talk,144,9,14,REQUEST ANY (VOTE Agent[15])
1,talk,145,9,11,VOTE Agent[08]
1,talk,146,9,4,Over
1,talk,147,9,9,VOTE Agent[15]
1,talk,148,9,1,Over
1,talk,149,9,15,VOTE Agent[08]
1,talk,150,10,13,Over
1,talk,151,10,10,Over
1,talk,152,10,12,Over
1,talk,153,10,11,Over
1,talk,154,10,14,Over
1,talk,155,10,15,Over
1,talk,156,10,5,Over
1,talk,157,10,4,Over
1,talk,158,10,3,Over
1,talk,159,10,1,Over
1,talk,160,10,6,Over
1,talk,161,10,2,Over
1,talk,162,10,7,Over
1,talk,163,10,8,Over
1,talk,164,10,9,Over
1,vote,1,14
1,vote,2,14
1,vote,3,8
1,vote,4,8
1,vote,5,14
1,vote,6,14
1,vote,7,8
1,vote,8,14
1,vote,9,15
1,vote,10,14
1,vote,11,8
1,vote,12,8
1,vote,13,14
1,vote,14,5
1,vote,15,14
1,execute,14,POSSESSED
1,divine,5,8,WEREWOLF
1,whisper,0,0,13,Skip
1,whisper,1,0,8,Skip
1,whisper,2,0,2,Skip
1,whisper,3,1,8,Skip
1,whisper,4,1,2,Skip
1,whisper,5,1,13,Skip
1,whisper,6,2,2,Over
1,whisper,7,2,13,Over
1,whisper,8,2,8,Over
1,guard,12,5,SEER
1,attackVote,2,5
1,attackVote,8,4
1,attackVote,13,5
1,attack,5,false
2,status,1,VILLAGER,ALIVE,tonkatsu
2,status,2,WEREWOLF,ALIVE,KP22
2,status,3,VILLAGER,ALIVE,kgu_ryu
2,status,4,MEDIUM,ALIVE,sUper_IL
2,status,5,SEER,ALIVE,daphne
2,status,6,VILLAGER,ALIVE,Ncu702
2,status,7,VILLAGER,ALIVE,ice
2,status,8,WEREWOLF,ALIVE,mikami
2,status,9,VILLAGER,ALIVE,Baguette
2,status,10,VILLAGER,ALIVE,ichida
2,status,11,VILLAGER,ALIVE,Hachi2
2,status,12,BODYGUARD,ALIVE,takoyaki
2,status,13,WEREWOLF,ALIVE,CanisLupus
2,status,14,POSSESSED,DEAD,ioh
2,status,15,VILLAGER,ALIVE,Basket
2,talk,0,0,13,VOTE Agent[01]
2,talk,1,0,7,VOTE Agent[01]
2,talk,2,0,5,DIVINED Agent[08] WEREWOLF
2,talk,3,0,6,VOTE Agent[01]
2,talk,4,0,9,VOTE Agent[15]
2,talk,5,0,15,ESTIMATE Agent[08] WEREWOLF
2,talk,6,0,3,VOTE Agent[08]
2,talk,7,0,4,IDENTIFIED Agent[14] HUMAN
2,talk,8,0,11,VOTE Agent[08]
2,talk,9,0,1,VOTE Agent[08]
2,talk,10,0,10,VOTE Agent[08]
2,talk,11,0,8,VOTE Agent[01]
2,talk,12,0,2,VOTE Agent[08]
2,talk,13,0,12,VOTE Agent[08]
2,talk,14,1,6,VOTE Agent[08]
2,talk,15,1,4,Skip
2,talk,16,1,7,VOTE Agent[08]
2,talk,17,1,3,Skip
2,talk,18,1,11,Skip
2,talk,19,1,2,Skip
2,talk,20,1,8,VOTE Agent[01]
2,talk,21,1,15,VOTE Agent[08]
2,talk,22,1,13,VOTE Agent[08]
2,talk,23,1,10,Skip
2,talk,24,1,1,Skip
2,talk,25,1,5,VOTE Agent[08]
2,talk,26,1,9,VOTE Agent[15]
2,talk,27,1,12,Skip
2,talk,28,2,5,VOTE Agent[08]
2,talk,29,2,1,Skip
2,talk,30,2,4,Skip
2,talk,31,2,6,Skip
2,talk,32,2,7,Skip
2,talk,33,2,10,Skip
2,talk,34,2,15,REQUEST ANY (VOTE Agent[08])
2,talk,35,2,9,VOTE Agent[15]
2,talk,36,2,3,Skip
2,talk,37,2,8,VOTE Agent[01]
2,talk,38,2,12,Skip
2,talk,39,2,2,Skip
2,talk,40,2,13,Skip
2,talk,41,2,11,Skip
2,talk,42,3,2,Over
2,talk,43,3,1,Over
2,talk,44,3,5,VOTE Agent[08]
2,talk,45,3,9,VOTE Agent[15]
2,talk,46,3,13,Skip
2,talk,47,3,7,Skip
2,talk,48,3,15,ESTIMATE Agent[08] WEREWOLF
2,talk,49,3,4,Over
2,talk,50,3,10,Over
2,talk,51,3,11,Over
2,talk,52,3,12,Over
2,talk,53,3,8,VOTE Agent[01]
2,talk,54,3,6,Skip
2,talk,55,3,3,Over
2,talk,56,4,5,VOTE Agent[08]
2,talk,57,4,4,Over
2,talk,58,4,1,Over
2,talk,59,4,6,Over
2,talk,60,4,13,Over
2,talk,61,4,9,VOTE Agent[08]
2,talk,62,4,10,Over
2,talk,63,4,7,Over
2,talk,64,4,15,ESTIMATE Agent[08] WEREWOLF
2,talk,65,4,8,VOTE Agent[01]
2,talk,66,4,11,Over
2,talk,67,4,12,Over
2,talk,68,4,2,Over
2,talk,69,4,3,Over
2,talk,70,5,3,Over
2,talk,71,5,1,Over
2,talk,72,5,5,VOTE Agent[08]
2,talk,73,5,9,VOTE Agent[08]
2,talk,74,5,4,Over
2,talk,75,5,6,Over
2,talk,76,5,15,ESTIMATE Agent[08] WEREWOLF
2,talk,77,5,11,Over
2,talk,78,5,12,Over
2,talk,79,5,7,Over
2,talk,80,5,13,Over
2,talk,81,5,2,Over
2,talk,82,5,10,Over
2,talk,83,5,8,VOTE Agent[01]
2,talk,84,6,10,Over
2,talk,85,6,4,Over
2,talk,86,6,1,Over
2,talk,87,6,9,VOTE Agent[15]
2,talk,88,6,8,VOTE Agent[01]
2,talk,89,6,6,Over
2,talk,90,6,2,Over
2,talk,91,6,3,Over
2,talk,92,6,7,Over
2,talk,93,6,13,Over
2,talk,94,6,15,VOTE Agent[08]
2,talk,95,6,5,VOTE Agent[08]
2,talk,96,6,11,Over
2,talk,97,6,12,Over
2,talk,98,7,11,Over
2,talk,99,7,8,VOTE Agent[01]
2,talk,100,7,2,Over
2,talk,101,7,1,Over
2,talk,102,7,12,Over
2,talk,103,7,10,Over
2,talk,104,7,7,Over
2,talk,105,7,5,VOTE Agent[08]
2,talk,106,7,15,REQUEST ANY (VOTE Agent[08])
2,talk,107,7,6,Over
2,talk,108,7,13,Over
2,talk,109,7,4,Over
2,talk,110,7,3,Over
2,talk,111,7,9,VOTE Agent[08]
2,talk,112,8,12,Over
2,talk,113,8,13,Over
2,talk,114,8,6,Over
2,talk,115,8,3,Over
2,talk,116,8,10,Over
2,talk,117,8,4,Over
2,talk,118,8,9,VOTE Agent[15]
2,talk,119,8,8,VOTE Agent[01]
2,talk,120,8,1,Over
2,talk,121,8,5,VOTE Agent[08]
2,talk,122,8,11,Over
2,talk,123,8,2,Over
2,talk,124,8,7,Over
2,talk,125,8,15,VOTE Agent[08]
2,talk,126,9,13,Over
2,talk,127,9,15,ESTIMATE Agent[08] WEREWOLF
2,talk,128,9,6,Over
2,talk,129,9,5,VOTE Agent[08]
2,talk,130,9,12,Over
2,talk,131,9,11,Over
2,talk,132,9,4,Over
2,talk,133,9,8,VOTE Agent[01]
2,talk,134,9,3,Over
2,talk,135,9,9,VOTE Agent[08]
2,talk,136,9,2,Over
2,talk,137,9,7,Over
2,talk,138,9,1,Over
2,talk,139,9,10,Over
2,talk,140,10,5,Over
2,talk,141,10,2,Over
2,talk,142,10,8,Over
2,talk,143,10,12,Over
2,talk,144,10,6,Over
2,talk,145,10,9,Over
2,talk,146,10,10,Over
2,talk,147,10,1,Over
2,talk,148,10,3,Over
2,talk,149,10,4,Over
2,talk,150,10,13,Over
2,talk,151,10,15,Over
2,talk,152,10,11,Over
2,talk,153,10,7,Over
2,vote,1,8
2,vote,2,8
2,vote,3,8
2,vote,4,8
2,vote,5,8
2,vote,6,8
2,vote,7,8
2,vote,8,1
2,vote,9,8
2,vote,10,8
2,vote,11,8
2,vote,12,8
2,vote,13,8
2,vote,15,8
2,execute,8,WEREWOLF
2,divine,5,1,HUMAN
2,whisper,0,0,2,Skip
2,whisper,1,0,13,Skip
2,whisper,2,1,2,Skip
2,whisper,3,1,13,Skip
2,whisper,4,2,2,Over
2,whisper,5,2,13,Over
2,guard,12,5,SEER
2,attackVote,2,5
2,attackVote,13,5
2,attack,5,false
3,status,1,VILLAGER,ALIVE,tonkatsu
3,status,2,WEREWOLF,ALIVE,KP22
3,status,3,VILLAGER,ALIVE,kgu_ryu
3,status,4,MEDIUM,ALIVE,sUper_IL
3,status,5,SEER,ALIVE,daphne
3,status,6,VILLAGER,ALIVE,Ncu702
3,status,7,VILLAGER,ALIVE,ice
3,status,8,WEREWOLF,DEAD,mikami
3,status,9,VILLAGER,ALIVE,Baguette
3,status,10,VILLAGER,ALIVE,ichida
3,status,11,VILLAGER,ALIVE,Hachi2
3,status,12,BODYGUARD,ALIVE,takoyaki
3,status,13,WEREWOLF,ALIVE,CanisLupus
3,status,14,POSSESSED,DEAD,ioh
3,status,15,VILLAGER,ALIVE,Basket
3,talk,0,0,12,VOTE Agent[13]
3,talk,1,0,9,VOTE Agent[15]
3,talk,2,0,1,VOTE Agent[13]
3,talk,3,0,3,VOTE Agent[13]
3,talk,4,0,7,VOTE Agent[13]
3,talk,5,0,4,IDENTIFIED Agent[08] WEREWOLF
3,talk,6,0,10,VOTE Agent[13]
3,talk,7,0,2,VOTE Agent[13]
3,talk,8,0,15,ESTIMATE Agent[13] WEREWOLF
3,talk,9,0,11,VOTE Agent[13]
3,talk,10,0,6,VOTE Agent[13]
3,talk,11,0,13,VOTE Agent[15]
3,talk,12,0,5,DIVINED Agent[13] HUMAN
3,talk,13,1,4,VOTE Agent[02]
3,talk,14,1,1,Skip
3,talk,15,1,3,VOTE Agent[02]
3,talk,16,1,6,Skip
3,talk,17,1,12,VOTE Agent[02]
3,talk,18,1,15,VOTE Agent[02]
3,talk,19,1,10,VOTE Agent[13]
3,talk,20,1,7,VOTE Agent[13]
3,talk,21,1,9,VOTE Agent[15]
3,talk,22,1,5,VOTE Agent[13]
3,talk,23,1,2,Skip
3,talk,24,1,11,VOTE Agent[02]
3,talk,25,1,13,VOTE Agent[02]
3,talk,26,2,6,VOTE Agent[02]
3,talk,27,2,10,VOTE Agent[02]
3,talk,28,2,1,VOTE Agent[02]
3,talk,29,2,2,VOTE Agent[13]
3,talk,30,2,5,VOTE Agent[02]
3,talk,31,2,12,Skip
3,talk,32,2,7,VOTE Agent[02]
3,talk,33,2,9,VOTE Agent[15]
3,talk,34,2,11,Skip
3,talk,35,2,3,Skip
3,talk,36,2,4,Skip
3,talk,37,2,15,ESTIMATE Agent[02] WEREWOLF
3,talk,38,2,13,Skip
3,talk,39,3,7,Skip
3,talk,40,3,12,Skip
3,talk,41,3,6,Skip
3,talk,42,3,3,Skip
3,talk,43,3,1,Skip
3,talk,44,3,13,Skip
3,talk,45,3,4,Skip
3,talk,46,3,10,Skip
3,talk,47,3,5,VOTE Agent[02]
3,talk,48,3,9,VOTE Agent[15]
3,talk,49,3,11,Skip
3,talk,50,3,15,REQUEST ANY (VOTE Agent[02])
3,talk,51,3,2,VOTE Agent[15]
3,talk,52,4,12,Over
3,talk,53,4,9,VOTE Agent[15]
3,talk,54,4,2,VOTE Agent[15]
3,talk,55,4,4,Over
3,talk,56,4,7,Skip
3,talk,57,4,13,Over
3,talk,58,4,6,Skip
3,talk,59,4,15,VOTE Agent[02]
3,talk,60,4,1,Skip
3,talk,61,4,5,VOTE Agent[02]
3,talk,62,4,3,Over
3,talk,63,4,10,Skip
3,talk,64,4,11,Over
3,talk,65,5,11,Over
3,talk,66,5,1,Over
3,talk,67,5,6,Over
3,talk,68,5,4,Over
3,talk,69,5,12,Over
3,talk,70,5,13,Over
3,talk,71,5,5,VOTE Agent[02]
3,talk,72,5,15,REQUEST ANY (VOTE Agent[02])
3,talk,73,5,3,Over
3,talk,74,5,7,Over
3,talk,75,5,9,VOTE Agent[15]
3,talk,76,5,10,Over
3,talk,77,5,2,VOTE Agent[15]
3,talk,78,6,4,Over
3,talk,79,6,9,VOTE Agent[15]
3,talk,80,6,3,Over
3,talk,81,6,11,Over
3,talk,82,6,13,Over
3,talk,83,6,6,Over
3,talk,84,6,12,Over
3,talk,85,6,15,VOTE Agent[02]
3,talk,86,6,5,VOTE Agent[02]
3,talk,87,6,7,Over
3,talk,88,6,1,Over
3,talk,89,6,10,Over
3,talk,90,6,2,VOTE Agent[15]
3,talk,91,7,15,REQUEST ANY (VOTE Agent[02])
3,talk,92,7,7,Over
3,talk,93,7,1,Over
3,talk,94,7,6,Over
3,talk,95,7,12,Over
3,talk,96,7,10,Over
3,talk,97,7,9,VOTE Agent[15]
3,talk,98,7,4,Over
3,talk,99,7,3,Over
3,talk,100,7,11,Over
3,talk,101,7,5,VOTE Agent[02]
3,talk,102,7,13,Over
3,talk,103,7,2,VOTE Agent[15]
3,talk,104,8,6,Over
3,talk,105,8,10,Over
3,talk,106,8,7,Over
3,talk,107,8,2,VOTE Agent[15]
3,talk,108,8,1,Over
3,talk,109,8,12,Over
3,talk,110,8,11,Over
3,talk,111,8,4,Over
3,talk,112,8,13,Over
3,talk,113,8,5,VOTE Agent[02]
3,talk,114,8,9,VOTE Agent[15]
3,talk,115,8,15,VOTE Agent[02]
3,talk,116,8,3,Over
3,talk,117,9,2,VOTE Agent[15]
3,talk,118,9,6,Over
3,talk,119,9,4,Over
3,talk,120,9,12,Over
3,talk,121,9,3,Over
3,talk,122,9,13,Over
3,talk,123,9,11,Over
3,talk,124,9,5,VOTE Agent[02]
3,talk,125,9,15,VOTE Agent[02]
3,talk,126,9,7,Over
3,talk,127,9,1,Over
3,talk,128,9,9,VOTE Agent[15]
3,talk,129,9,10,Over
3,talk,130,10,4,Over
3,talk,131,10,5,Over
3,talk,132,10,6,Over
3,talk,133,10,2,VOTE Agent[15]
3,talk,134,10,10,Over
3,talk,135,10,9,Over
3,talk,136,10,11,Over
3,talk,137,10,15,Over
3,talk,138,10,3,Over
3,talk,139,10,7,Over
3,talk,140,10,1,Over
3,talk,141,10,12,Over
3,talk,142,10,13,Over
3,talk,143,11,6,Over
3,talk,144,11,12,Over
3,talk,145,11,1,Over
3,talk,146,11,9,Over
3,talk,147,11,7,Over
3,talk,148,11,4,Over
3,talk,149,11,13,Over
3,talk,150,11,11,Over
3,talk,151,11,5,Over
3,talk,152,11,3,Over
3,talk,153,11,10,Over
3,talk,154,11,15,Over
3,talk,155,11,2,Over
3,vote,1,2
3,vote,2,15
3,vote,3,2
3,vote,4,2
3,vote,5,2
3,vote,6,2
3,vote,7,2
3,vote,9,15
3,vote,10,2
3,vote,11,2
3,vote,12,2
3,vote,13,2
3,vote,15,2
3,execute,2,WEREWOLF
3,divine,5,13,WEREWOLF
3,guard,12,5,SEER
3,attackVote,13,5
3,attack,5,false
4,status,1,VILLAGER,ALIVE,tonkatsu
4,status,2,WEREWOLF,DEAD,KP22
4,status,3,VILLAGER,ALIVE,kgu_ryu
4,status,4,MEDIUM,ALIVE,sUper_IL
4,status,5,SEER,ALIVE,daphne
4,status,6,VILLAGER,ALIVE,Ncu702
4,status,7,VILLAGER,ALIVE,ice
4,status,8,WEREWOLF,DEAD,mikami
4,status,9,VILLAGER,ALIVE,Baguette
4,status,10,VILLAGER,ALIVE,ichida
4,status,11,VILLAGER,ALIVE,Hachi2
4,status,12,BODYGUARD,ALIVE,takoyaki
4,status,13,WEREWOLF,ALIVE,CanisLupus
4,status,14,POSSESSED,DEAD,ioh
4,status,15,VILLAGER,ALIVE,Basket
4,talk,0,0,3,VOTE Agent[07]
4,talk,1,0,5,DIVINED Agent[07] WEREWOLF
4,talk,2,0,12,VOTE Agent[07]
4,talk,3,0,6,VOTE Agent[07]
4,talk,4,0,13,VOTE Agent[07]
4,talk,5,0,10,VOTE Agent[07]
4,talk,6,0,4,IDENTIFIED Agent[02] WEREWOLF
4,talk,7,0,11,VOTE Agent[07]
4,talk,8,0,7,VOTE Agent[01]
4,talk,9,0,15,ESTIMATE Agent[07] WEREWOLF
4,talk,10,0,1,VOTE Agent[07]
4,talk,11,0,9,VOTE Agent[07]
4,talk,12,1,11,Skip
4,talk,13,1,1,Skip
4,talk,14,1,10,Skip
4,talk,15,1,6,Skip
4,talk,16,1,3,Skip
4,talk,17,1,15,ESTIMATE Agent[07] WEREWOLF
4,talk,18,1,7,VOTE Agent[01]
4,talk,19,1,12,Skip
4,talk,20,1,4,VOTE Agent[07]
4,talk,21,1,5,VOTE Agent[07]
4,talk,22,1,9,VOTE Agent[07]
4,talk,23,1,13,Skip
4,talk,24,2,12,Skip
4,talk,25,2,9,VOTE Agent[07]
4,talk,26,2,11,Skip
4,talk,27,2,3,Skip
4,talk,28,2,10,Skip
4,talk,29,2,15,ESTIMATE Agent[07] WEREWOLF
4,talk,30,2,13,Skip
4,talk,31,2,6,Skip
4,talk,32,2,1,Skip
4,talk,33,2,4,Skip
4,talk,34,2,7,VOTE Agent[01]
4,talk,35,2,5,VOTE Agent[07]
4,talk,36,3,4,Skip
4,talk,37,3,5,VOTE Agent[07]
4,talk,38,3,13,Over
4,talk,39,3,7,VOTE Agent[01]
4,talk,40,3,9,VOTE Agent[15]
4,talk,41,3,10,Over
4,talk,42,3,11,Over
4,talk,43,3,6,Over
4,talk,44,3,3,Over
4,talk,45,3,1,Over
4,talk,46,3,12,Over
4,talk,47,3,15,VOTE Agent[07]
4,talk,48,4,3,Over
4,talk,49,4,1,Over
4,talk,50,4,5,VOTE Agent[07]
4,talk,51,4,12,Over
4,talk,52,4,13,Over
4,talk,53,4,11,Over
4,talk,54,4,10,Over
4,talk,55,4,4,Over
4,talk,56,4,9,VOTE Agent[15]
4,talk,57,4,15,ESTIMATE Agent[07] WEREWOLF
4,talk,58,4,6,Over
4,talk,59,4,7,VOTE Agent[01]
4,talk,60,5,9,VOTE Agent[15]
4,talk,61,5,10,Over
4,talk,62,5,12,Over
4,talk,63,5,4,Over
4,talk,64,5,6,Over
4,talk,65,5,1,Over
4,talk,66,5,11,Over
4,talk,67,5,15,ESTIMATE Agent[07] WEREWOLF
4,talk,68,5,3,Over
4,talk,69,5,13,Over
4,talk,70,5,5,VOTE Agent[07]
4,talk,71,5,7,VOTE Agent[01]
4,talk,72,6,5,VOTE Agent[07]
4,talk,73,6,12,Over
4,talk,74,6,6,Over
4,talk,75,6,15,ESTIMATE Agent[07] WEREWOLF
4,talk,76,6,4,Over
4,talk,77,6,3,Over
4,talk,78,6,1,Over
4,talk,79,6,13,Over
4,talk,80,6,9,VOTE Agent[07]
4,talk,81,6,10,Over
4,talk,82,6,7,VOTE Agent[01]
4,talk,83,6,11,Over
4,talk,84,7,10,Over
4,talk,85,7,3,Over
4,talk,86,7,12,Over
4,talk,87,7,13,Over
4,talk,88,7,11,Over
4,talk,89,7,6,Over
4,talk,90,7,7,VOTE Agent[01]
4,talk,91,7,5,VOTE Agent[07]
4,talk,92,7,9,VOTE Agent[15]
4,talk,93,7,4,Over
4,talk,94,7,15,VOTE Agent[07]
4,talk,95,7,1,Over
4,talk,96,8,6,Over
4,talk,97,8,5,VOTE Agent[07]
4,talk,98,8,12,Over
4,talk,99,8,4,Over
4,talk,100,8,13,Over
4,talk,101,8,7,VOTE Agent[01]
4,talk,102,8,11,Over
4,talk,103,8,3,Over
4,talk,104,8,15,REQUEST ANY (VOTE Agent[07])
4,talk,105,8,1,Over
4,talk,106,8,9,VOTE Agent[07]
4,talk,107,8,10,Over
4,talk,108,9,13,Over
4,talk,109,9,3,Over
4,talk,110,9,6,Over
4,talk,111,9,12,Over
4,talk,112,9,7,VOTE Agent[01]
4,talk,113,9,10,Over
4,talk,114,9,4,Over
4,talk,115,9,11,Over
4,talk,116,9,15,REQUEST ANY (VOTE Agent[07])
4,talk,117,9,5,VOTE Agent[07]
4,talk,118,9,1,Over
4,talk,119,9,9,VOTE Agent[15]
4,talk,120,10,10,Over
4,talk,121,10,6,Over
4,talk,122,10,12,Over
4,talk,123,10,9,Over
4,talk,124,10,5,Over
4,talk,125,10,11,Over
4,talk,126,10,15,Over
4,talk,127,10,13,Over
4,talk,128,10,4,Over
4,talk,129,10,1,Over
4,talk,130,10,7,Over
4,talk,131,10,3,Over
4,vote,1,7
4,vote,3,7
4,vote,4,7
4,vote,5,7
4,vote,6,7
4,vote,7,1
4,vote,9,15
4,vote,10,7
4,vote,11,7
4,vote,12,7
4,vote,13,7
4,vote,15,7
4,execute,7,VILLAGER
4,divine,5,6,HUMAN
4,guard,12,5,SEER
4,attackVote,13,5
4,attack,5,false
5,status,1,VILLAGER,ALIVE,tonkatsu
5,status,2,WEREWOLF,DEAD,KP22
5,status,3,VILLAGER,ALIVE,kgu_ryu
5,status,4,MEDIUM,ALIVE,sUper_IL
5,status,5,SEER,ALIVE,daphne
5,status,6,VILLAGER,ALIVE,Ncu702
5,status,7,VILLAGER,DEAD,ice
5,status,8,WEREWOLF,DEAD,mikami
5,status,9,VILLAGER,ALIVE,Baguette
5,status,10,VILLAGER,ALIVE,ichida
5,status,11,VILLAGER,ALIVE,Hachi2
5,status,12,BODYGUARD,ALIVE,takoyaki
5,status,13,WEREWOLF,ALIVE,CanisLupus
5,status,14,POSSESSED,DEAD,ioh
5,status,15,VILLAGER,ALIVE,Basket
5,talk,0,0,13,VOTE Agent[01]
5,talk,1,0,6,VOTE Agent[01]
5,talk,2,0,4,IDENTIFIED Agent[07] HUMAN
5,talk,3,0,15,VOTE Agent[01]
5,talk,4,0,9,VOTE Agent[15]
5,talk,5,0,1,VOTE Agent[15]
5,talk,6,0,10,VOTE Agent[01]
5,talk,7,0,12,VOTE Agent[01]
5,talk,8,0,11,VOTE Agent[01]
5,talk,9,0,3,VOTE Agent[01]
5,talk,10,0,5,DIVINED Agent[01] HUMAN
5,talk,11,1,11,VOTE Agent[09]
5,talk,12,1,6,Skip
5,talk,13,1,9,VOTE Agent[11]
5,talk,14,1,4,VOTE Agent[09]
5,talk,15,1,3,VOTE Agent[09]
5,talk,16,1,15,VOTE Agent[09]
5,talk,17,1,13,Skip
5,talk,18,1,5,VOTE Agent[01]
5,talk,19,1,10,VOTE Agent[01]
5,talk,20,1,12,VOTE Agent[09]
5,talk,21,1,1,VOTE Agent[09]
5,talk,22,2,10,VOTE Agent[09]
5,talk,23,2,3,Skip
5,talk,24,2,6,VOTE Agent[09]
5,talk,25,2,4,Skip
5,talk,26,2,11,Skip
5,talk,27,2,12,Skip
5,talk,28,2,9,VOTE Agent[12]
5,talk,29,2,15,REQUEST ANY (VOTE Agent[09])
5,talk,30,2,1,Skip
5,talk,31,2,13,VOTE Agent[09]
5,talk,32,2,5,VOTE Agent[09]
5,talk,33,3,4,Skip
5,talk,34,3,3,Skip
5,talk,35,3,13,Skip
5,talk,36,3,15,ESTIMATE Agent[09] WEREWOLF
5,talk,37,3,1,Skip
5,talk,38,3,10,Skip
5,talk,39,3,12,Skip
5,talk,40,3,6,Skip
5,talk,41,3,11,Skip
5,talk,42,3,5,VOTE Agent[09]
5,talk,43,3,9,VOTE Agent[03]
5,talk,44,4,11,Over
5,talk,45,4,12,Over
5,talk,46,4,9,VOTE Agent[06]
5,talk,47,4,6,Skip
5,talk,48,4,13,Skip
5,talk,49,4,10,Skip
5,talk,50,4,5,VOTE Agent[09]
5,talk,51,4,3,Over
5,talk,52,4,15,REQUEST ANY (VOTE Agent[09])
5,talk,53,4,4,Over
5,talk,54,4,1,Over
5,talk,55,5,3,Over
5,talk,56,5,5,VOTE Agent[09]
5,talk,57,5,10,Over
5,talk,58,5,12,Over
5,talk,59,5,13,Over
5,talk,60,5,4,Over
5,talk,61,5,9,VOTE Agent[15]
5,talk,62,5,15,REQUEST ANY (VOTE Agent[09])
5,talk,63,5,11,Over
5,talk,64,5,6,Over
5,talk,65,5,1,Over
5,talk,66,6,10,Over
5,talk,67,6,12,Over
5,talk,68,6,3,Over
5,talk,69,6,13,Over
5,talk,70,6,6,Over
5,talk,71,6,1,Over
5,talk,72,6,5,VOTE Agent[09]
5,talk,73,6,9,VOTE Agent[05]
5,talk,74,6,11,Over
5,talk,75,6,15,ESTIMATE Agent[09] WEREWOLF
5,talk,76,6,4,Over
5,talk,77,7,1,Over
5,talk,78,7,13,Over
5,talk,79,7,3,Over
5,talk,80,7,12,Over
5,talk,81,7,9,VOTE Agent[05]
5,talk,82,7,5,VOTE Agent[09]
5,talk,83,7,10,Over
5,talk,84,7,6,Over
5,talk,85,7,15,ESTIMATE Agent[09] WEREWOLF
5,talk,86,7,11,Over
5,talk,87,7,4,Over
5,talk,88,8,4,Over
5,talk,89,8,1,Over
5,talk,90,8,6,Over
5,talk,91,8,9,VOTE Agent[05]
5,talk,92,8,5,VOTE Agent[09]
5,talk,93,8,3,Over
5,talk,94,8,13,Over
5,talk,95,8,11,Over
5,talk,96,8,15,REQUEST ANY (VOTE Agent[09])
5,talk,97,8,10,Over
5,talk,98,8,12,Over
5,talk,99,9,4,Over
5,talk,100,9,3,Over
5,talk,101,9,11,Over
5,talk,102,9,1,Over
5,talk,103,9,13,Over
5,talk,104,9,15,VOTE Agent[09]
5,talk,105,9,5,VOTE Agent[09]
5,talk,106,9,10,Over
5,talk,107,9,12,Over
5,talk,108,9,6,Over
5,talk,109,9,9,VOTE Agent[05]
5,talk,110,10,5,Over
5,talk,111,10,4,Over
5,talk,112,10,11,Over
5,talk,113,10,12,Over
5,talk,114,10,3,Over
5,talk,115,10,9,Over
5,talk,116,10,10,Over
5,talk,117,10,15,Over
5,talk,118,10,13,Over
5,talk,119,10,6,Over
5,talk,120,10,1,Over
5,vote,1,9
5,vote,3,9
5,vote,4,9
5,vote,5,9
5,vote,6,9
5,vote,9,5
5,vote,10,9
5,vote,11,9
5,vote,12,9
5,vote,13,9
5,vote,15,9
5,execute,9,VILLAGER
5,divine,5,12,HUMAN
5,guard,12,5,SEER
5,attackVote,13,5
5,attack,5,false
6,status,1,VILLAGER,ALIVE,tonkatsu
6,status,2,WEREWOLF,DEAD,KP22
6,status,3,VILLAGER,ALIVE,kgu_ryu
6,status,4,MEDIUM,ALIVE,sUper_IL
6,status,5,SEER,ALIVE,daphne
6,status,6,VILLAGER,ALIVE,Ncu702
6,status,7,VILLAGER,DEAD,ice
6,status,8,WEREWOLF,DEAD,mikami
6,status,9,VILLAGER,DEAD,Baguette
6,status,10,VILLAGER,ALIVE,ichida
6,status,11,VILLAGER,ALIVE,Hachi2
6,status,12,BODYGUARD,ALIVE,takoyaki
6,status,13,WEREWOLF,ALIVE,CanisLupus
6,status,14,POSSESSED,DEAD,ioh
6,status,15,VILLAGER,ALIVE,Basket
6,talk,0,0,1,VOTE Agent[15]
6,talk,1,0,6,VOTE Agent[15]
6,talk,2,0,3,VOTE Agent[15]
6,talk,3,0,12,VOTE Agent[15]
6,talk,4,0,10,VOTE Agent[15]
6,talk,5,0,11,VOTE Agent[15]
6,talk,6,0,4,IDENTIFIED Agent[09] HUMAN
6,talk,7,0,15,ESTIMATE Agent[06] WEREWOLF
6,talk,8,0,13,VOTE Agent[15]
6,talk,9,0,5,DIVINED Agent[15] HUMAN
6,talk,10,1,11,VOTE Agent[06]
6,talk,11,1,13,Skip
6,talk,12,1,5,VOTE Agent[15]
6,talk,13,1,4,VOTE Agent[06]
6,talk,14,1,12,VOTE Agent[06]
6,talk,15,1,6,Skip
6,talk,16,1,15,ESTIMATE Agent[06] WEREWOLF
6,talk,17,1,10,Skip
6,talk,18,1,3,VOTE Agent[06]
6,talk,19,1,1,VOTE Agent[06]
6,talk,20,2,3,Skip
6,talk,21,2,12,Skip
6,talk,22,2,11,Skip
6,talk,23,2,10,VOTE Agent[06]
6,talk,24,2,5,VOTE Agent[06]
6,talk,25,2,4,Skip
6,talk,26,2,13,VOTE Agent[06]
6,talk,27,2,1,Skip
6,talk,28,2,15,REQUEST ANY (VOTE Agent[06])
6,talk,29,2,6,VOTE Agent[15]
6,talk,30,3,6,VOTE Agent[15]
6,talk,31,3,1,Skip
6,talk,32,3,4,Skip
6,talk,33,3,15,ESTIMATE Agent[06] WEREWOLF
6,talk,34,3,10,Skip
6,talk,35,3,12,Skip
6,talk,36,3,5,VOTE Agent[06]
6,talk,37,3,11,Skip
6,talk,38,3,13,Skip
6,talk,39,3,3,Skip
6,talk,40,4,1,Over
6,talk,41,4,6,VOTE Agent[15]
6,talk,42,4,10,Skip
6,talk,43,4,4,Over
6,talk,44,4,13,Skip
6,talk,45,4,5,VOTE Agent[06]
6,talk,46,4,12,Over
6,talk,47,4,15,VOTE Agent[06]
6,talk,48,4,3,Over
6,talk,49,4,11,Over
6,talk,50,5,3,Over
6,talk,51,5,12,Over
6,talk,52,5,11,Over
6,talk,53,5,1,Over
6,talk,54,5,6,VOTE Agent[15]
6,talk,55,5,13,Over
6,talk,56,5,10,Over
6,talk,57,5,15,REQUEST ANY (VOTE Agent[06])
6,talk,58,5,5,VOTE Agent[06]
6,talk,59,5,4,Over
6,talk,60,6,13,Over
6,talk,61,6,4,Over
6,talk,62,6,10,Over
6,talk,63,6,12,Over
6,talk,64,6,15,ESTIMATE Agent[06] WEREWOLF
6,talk,65,6,3,Over
6,talk,66,6,6,VOTE Agent[15]
6,talk,67,6,5,VOTE Agent[06]
6,talk,68,6,11,Over
6,talk,69,6,1,Over
6,talk,70,7,6,VOTE Agent[15]
6,talk,71,7,4,Over
6,talk,72,7,12,Over
6,talk,73,7,15,VOTE Agent[06]
6,talk,74,7,11,Over
6,talk,75,7,3,Over
6,talk,76,7,10,Over
6,talk,77,7,5,VOTE Agent[06]
6,talk,78,7,1,Over
6,talk,79,7,13,Over
6,talk,80,8,5,VOTE Agent[06]
6,talk,81,8,15,REQUEST ANY (VOTE Agent[06])
6,talk,82,8,1,Over
6,talk,83,8,12,Over
6,talk,84,8,10,Over
6,talk,85,8,6,VOTE Agent[15]
6,talk,86,8,13,Over
6,talk,87,8,3,Over
6,talk,88,8,4,Over
6,talk,89,8,11,Over
6,talk,90,9,3,Over
6,talk,91,9,10,Over
6,talk,92,9,6,VOTE Agent[15]
6,talk,93,9,4,Over
6,talk,94,9,1,Over
6,talk,95,9,13,Over
6,talk,96,9,15,REQUEST ANY (VOTE Agent[06])
6,talk,97,9,11,Over
6,talk,98,9,5,VOTE Agent[06]
6,talk,99,9,12,Over
6,talk,100,10,6,VOTE Agent[15]
6,talk,101,10,4,Over
6,talk,102,10,1,Over
6,talk,103,10,11,Over
6,talk,104,10,15,Over
6,talk,105,10,13,Over
6,talk,106,10,12,Over
6,talk,107,10,10,Over
6,talk,108,10,5,Over
6,talk,109,10,3,Over
6,talk,110,11,13,Over
6,talk,111,11,4,Over
6,talk,112,11,11,Over
6,talk,113,11,3,Over
6,talk,114,11,6,Over
6,talk,115,11,15,Over
6,talk,116,11,12,Over
6,talk,117,11,1,Over
6,talk,118,11,5,Over
6,talk,119,11,10,Over
6,vote,1,6
6,vote,3,6
6,vote,4,6
6,vote,5,6
6,vote,6,15
6,vote,10,6
6,vote,11,6
6,vote,12,6
6,vote,13,6
6,vote,15,6
6,execute,6,VILLAGER
6,divine,5,3,HUMAN
6,guard,12,5,SEER
6,attackVote,13,5
6,attack,5,false
7,status,1,VILLAGER,ALIVE,tonkatsu
7,status,2,WEREWOLF,DEAD,KP22
7,status,3,VILLAGER,ALIVE,kgu_ryu
7,status,4,MEDIUM,ALIVE,sUper_IL
7,status,5,SEER,ALIVE,daphne
7,status,6,VILLAGER,DEAD,Ncu702
7,status,7,VILLAGER,DEAD,ice
7,status,8,WEREWOLF,DEAD,mikami
7,status,9,VILLAGER,DEAD,Baguette
7,status,10,VILLAGER,ALIVE,ichida
7,status,11,VILLAGER,ALIVE,Hachi2
7,status,12,BODYGUARD,ALIVE,takoyaki
7,status,13,WEREWOLF,ALIVE,CanisLupus
7,status,14,POSSESSED,DEAD,ioh
7,status,15,VILLAGER,ALIVE,Basket
7,talk,0,0,15,REQUEST ANY (VOTE Agent[11])
7,talk,1,0,5,DIVINED Agent[03] WEREWOLF
7,talk,2,0,10,VOTE Agent[05]
7,talk,3,0,3,VOTE Agent[11]
7,talk,4,0,4,IDENTIFIED Agent[06] HUMAN
7,talk,5,0,11,VOTE Agent[03]
7,talk,6,0,1,VOTE Agent[11]
7,talk,7,0,12,VOTE Agent[11]
7,talk,8,0,13,VOTE Agent[11]
7,talk,9,1,15,VOTE Agent[11]
7,talk,10,1,1,Skip
7,talk,11,1,13,Skip
7,talk,12,1,3,Skip
7,talk,13,1,11,VOTE Agent[03]
7,talk,14,1,4,VOTE Agent[11]
7,talk,15,1,10,VOTE Agent[11]
7,talk,16,1,12,Skip
7,talk,17,1,5,VOTE Agent[11]
7,talk,18,2,12,Skip
7,talk,19,2,10,Skip
7,talk,20,2,1,Skip
7,talk,21,2,15,ESTIMATE Agent[11] WEREWOLF
7,talk,22,2,13,Skip
7,talk,23,2,4,Skip
7,talk,24,2,3,Skip
7,talk,25,2,5,VOTE Agent[11]
7,talk,26,2,11,VOTE Agent[03]
7,talk,27,3,12,Over
7,talk,28,3,3,Over
7,talk,29,3,4,Skip
7,talk,30,3,13,Over
7,talk,31,3,15,VOTE Agent[11]
7,talk,32,3,1,Over
7,talk,33,3,5,VOTE Agent[11]
7,talk,34,3,10,Skip
7,talk,35,3,11,VOTE Agent[03]
7,talk,36,4,5,VOTE Agent[11]
7,talk,37,4,13,Over
7,talk,38,4,15,ESTIMATE Agent[11] WEREWOLF
7,talk,39,4,1,Over
7,talk,40,4,11,VOTE Agent[03]
7,talk,41,4,4,Over
7,talk,42,4,10,Over
7,talk,43,4,12,Over
7,talk,44,4,3,Over
7,talk,45,5,1,Over
7,talk,46,5,10,Over
7,talk,47,5,3,Over
7,talk,48,5,12,Over
7,talk,49,5,15,REQUEST ANY (VOTE Agent[11])
7,talk,50,5,11,VOTE Agent[03]
7,talk,51,5,4,Over
7,talk,52,5,13,Over
7,talk,53,5,5,VOTE Agent[11]
7,talk,54,6,4,Over
7,talk,55,6,12,Over
7,talk,56,6,5,VOTE Agent[11]
7,talk,57,6,10,Over
7,talk,58,6,13,Over
7,talk,59,6,15,REQUEST ANY (VOTE Agent[11])
7,talk,60,6,1,Over
7,talk,61,6,3,Over
7,talk,62,6,11,VOTE Agent[03]
7,talk,63,7,10,Over
7,talk,64,7,12,Over
7,talk,65,7,13,Over
7,talk,66,7,11,VOTE Agent[03]
7,talk,67,7,4,Over
7,talk,68,7,15,VOTE Agent[11]
7,talk,69,7,3,Over
7,talk,70,7,1,Over
7,talk,71,7,5,VOTE Agent[11]
7,talk,72,8,1,Over
7,talk,73,8,12,Over
7,talk,74,8,5,VOTE Agent[11]
7,talk,75,8,10,Over
7,talk,76,8,11,VOTE Agent[03]
7,talk,77,8,3,Over
7,talk,78,8,15,REQUEST ANY (VOTE Agent[11])
7,talk,79,8,13,Over
7,talk,80,8,4,Over
7,talk,81,9,13,Over
7,talk,82,9,10,Over
7,talk,83,9,11,VOTE Agent[03]
7,talk,84,9,3,Over
7,talk,85,9,15,VOTE Agent[11]
7,talk,86,9,1,Over
7,talk,87,9,5,VOTE Agent[11]
7,talk,88,9,12,Over
7,talk,89,9,4,Over
7,talk,90,10,12,Over
7,talk,91,10,4,Over
7,talk,92,10,3,Over
7,talk,93,10,11,Over
7,talk,94,10,13,Over
7,talk,95,10,5,Over
7,talk,96,10,1,Over
7,talk,97,10,10,Over
7,talk,98,10,15,Over
7,vote,1,11
7,vote,3,11
7,vote,4,11
7,vote,5,11
7,vote,10,11
7,vote,11,3
7,vote,12,11
7,vote,13,11
7,vote,15,11
7,execute,11,VILLAGER
7,divine,5,10,HUMAN
7,guard,12,5,SEER
7,attackVote,13,5
7,attack,5,false
8,status,1,VILLAGER,ALIVE,tonkatsu
8,status,2,WEREWOLF,DEAD,KP22
8,status,3,VILLAGER,ALIVE,kgu_ryu
8,status,4,MEDIUM,ALIVE,sUper_IL
8,status,5,SEER,ALIVE,daphne
8,status,6,VILLAGER,DEAD,Ncu702
8,status,7,VILLAGER,DEAD,ice
8,status,8,WEREWOLF,DEAD,mikami
8,status,9,VILLAGER,DEAD,Baguette
8,status,10,VILLAGER,ALIVE,ichida
8,status,11,VILLAGER,DEAD,Hachi2
8,status,12,BODYGUARD,ALIVE,takoyaki
8,status,13,WEREWOLF,ALIVE,CanisLupus
8,status,14,POSSESSED,DEAD,ioh
8,status,15,VILLAGER,ALIVE,Basket
8,talk,0,0,10,VOTE Agent[05]
8,talk,1,0,5,DIVINED Agent[10] WEREWOLF
8,talk,2,0,13,VOTE Agent[05]
8,talk,3,0,3,VOTE Agent[12]
8,talk,4,0,12,VOTE Agent[03]
8,talk,5,0,4,IDENTIFIED Agent[11] HUMAN
8,talk,6,0,1,VOTE Agent[05]
8,talk,7,0,15,VOTE Agent[03]
8,talk,8,1,5,VOTE Agent[03]
8,talk,9,1,12,VOTE Agent[03]
8,talk,10,1,15,REQUEST ANY (VOTE Agent[03])
8,talk,11,1,4,VOTE Agent[03]
8,talk,12,1,1,VOTE Agent[03]
8,talk,13,1,13,VOTE Agent[03]
8,talk,14,1,3,VOTE Agent[12]
8,talk,15,1,10,VOTE Agent[03]
8,talk,16,2,12,VOTE Agent[10]
8,talk,17,2,15,ESTIMATE Agent[03] WEREWOLF
8,talk,18,2,3,VOTE Agent[10]
8,talk,19,2,10,Skip
8,talk,20,2,5,VOTE Agent[03]
8,talk,21,2,13,Skip
8,talk,22,2,1,Skip
8,talk,23,2,4,VOTE Agent[10]
8,talk,24,3,13,Skip
8,talk,25,3,3,VOTE Agent[10]
8,talk,26,3,15,REQUEST ANY (VOTE Agent[03])
8,talk,27,3,5,VOTE Agent[03]
8,talk,28,3,1,Skip
8,talk,29,3,4,VOTE Agent[03]
8,talk,30,3,10,Skip
8,talk,31,3,12,VOTE Agent[03]
8,talk,32,4,12,Skip
8,talk,33,4,13,Over
8,talk,34,4,10,Over
8,talk,35,4,1,Over
8,talk,36,4,5,VOTE Agent[03]
8,talk,37,4,4,Skip
8,talk,38,4,3,VOTE Agent[10]
8,talk,39,4,15,ESTIMATE Agent[03] WEREWOLF
8,talk,40,5,15,REQUEST ANY (VOTE Agent[03])
8,talk,41,5,4,Skip
8,talk,42,5,3,VOTE Agent[10]
8,talk,43,5,10,Over
8,talk,44,5,5,VOTE Agent[03]
8,talk,45,5,12,Skip
8,talk,46,5,13,Over
8,talk,47,5,1,Over
8,talk,48,6,12,Over
8,talk,49,6,4,Over
8,talk,50,6,10,Over
8,talk,51,6,1,Over
8,talk,52,6,13,Over
8,talk,53,6,3,VOTE Agent[10]
8,talk,54,6,15,REQUEST ANY (VOTE Agent[03])
8,talk,55,6,5,VOTE Agent[03]
8,talk,56,7,1,Over
8,talk,57,7,4,Over
8,talk,58,7,3,VOTE Agent[10]
8,talk,59,7,5,VOTE Agent[03]
8,talk,60,7,13,Over
8,talk,61,7,10,Over
8,talk,62,7,12,Over
8,talk,63,7,15,ESTIMATE Agent[03] WEREWOLF
8,talk,64,8,1,Over
8,talk,65,8,15,ESTIMATE Agent[03] WEREWOLF
8,talk,66,8,4,Over
8,talk,67,8,3,VOTE Agent[10]
8,talk,68,8,13,Over
8,talk,69,8,5,VOTE Agent[03]
8,talk,70,8,10,Over
8,talk,71,8,12,Over
8,talk,72,9,4,Over
8,talk,73,9,1,Over
8,talk,74,9,10,Over
8,talk,75,9,15,ESTIMATE Agent[03] WEREWOLF
8,talk,76,9,5,VOTE Agent[03]
8,talk,77,9,12,Over
8,talk,78,9,3,VOTE Agent[10]
8,talk,79,9,13,Over
8,talk,80,10,3,Over
8,talk,81,10,10,Over
8,talk,82,10,12,Over
8,talk,83,10,15,Over
8,talk,84,10,13,Over
8,talk,85,10,5,Over
8,talk,86,10,4,Over
8,talk,87,10,1,Over
8,vote,1,3
8,vote,3,10
8,vote,4,3
8,vote,5,3
8,vote,10,3
8,vote,12,3
8,vote,13,3
8,vote,15,3
8,execute,3,VILLAGER
8,divine,5,4,HUMAN
8,guard,12,5,SEER
8,attackVote,13,5
8,attack,5,false
9,status,1,VILLAGER,ALIVE,tonkatsu
9,status,2,WEREWOLF,DEAD,KP22
9,status,3,VILLAGER,DEAD,kgu_ryu
9,status,4,MEDIUM,ALIVE,sUper_IL
9,status,5,SEER,ALIVE,daphne
9,status,6,VILLAGER,DEAD,Ncu702
9,status,7,VILLAGER,DEAD,ice
9,status,8,WEREWOLF,DEAD,mikami
9,status,9,VILLAGER,DEAD,Baguette
9,status,10,VILLAGER,ALIVE,ichida
9,status,11,VILLAGER,DEAD,Hachi2
9,status,12,BODYGUARD,ALIVE,takoyaki
9,status,13,WEREWOLF,ALIVE,CanisLupus
9,status,14,POSSESSED,DEAD,ioh
9,status,15,VILLAGER,ALIVE,Basket
9,talk,0,0,1,VOTE Agent[10]
9,talk,1,0,12,VOTE Agent[10]
9,talk,2,0,5,DIVINED Agent[04] HUMAN
9,talk,3,0,13,VOTE Agent[10]
9,talk,4,0,10,VOTE Agent[05]
9,talk,5,0,15,ESTIMATE Agent[12] WEREWOLF
9,talk,6,0,4,IDENTIFIED Agent[03] HUMAN
9,talk,7,1,4,VOTE Agent[10]
9,talk,8,1,13,Skip
9,talk,9,1,12,Skip
9,talk,10,1,10,VOTE Agent[05]
9,talk,11,1,1,Skip
9,talk,12,1,5,VOTE Agent[10]
9,talk,13,1,15,ESTIMATE Agent[10] WEREWOLF
9,talk,14,2,4,Skip
9,talk,15,2,5,VOTE Agent[10]
9,talk,16,2,10,VOTE Agent[05]
9,talk,17,2,13,Skip
9,talk,18,2,15,VOTE Agent[10]
9,talk,19,2,1,Skip
9,talk,20,2,12,Skip
9,talk,21,3,5,VOTE Agent[10]
9,talk,22,3,12,Over
9,talk,23,3,13,Over
9,talk,24,3,4,Skip
9,talk,25,3,15,REQUEST ANY (VOTE Agent[10])
9,talk,26,3,1,Over
9,talk,27,3,10,VOTE Agent[05]
9,talk,28,4,10,VOTE Agent[05]
9,talk,29,4,1,Over
9,talk,30,4,12,Over
9,talk,31,4,15,REQUEST ANY (VOTE Agent[10])
9,talk,32,4,5,VOTE Agent[10]
9,talk,33,4,13,Over
9,talk,34,4,4,Over
9,talk,35,5,5,VOTE Agent[10]
9,talk,36,5,12,Over
9,talk,37,5,10,VOTE Agent[05]
9,talk,38,5,1,Over
9,talk,39,5,13,Over
9,talk,40,5,15,ESTIMATE Agent[10] WEREWOLF
9,talk,41,5,4,Over
9,talk,42,6,10,VOTE Agent[05]
9,talk,43,6,15,REQUEST ANY (VOTE Agent[10])
9,talk,44,6,12,Over
9,talk,45,6,13,Over
9,talk,46,6,5,VOTE Agent[10]
9,talk,47,6,4,Over
9,talk,48,6,1,Over
9,talk,49,7,5,VOTE Agent[10]
9,talk,50,7,10,VOTE Agent[05]
9,talk,51,7,1,Over
9,talk,52,7,13,Over
9,talk,53,7,4,Over
9,talk,54,7,15,ESTIMATE Agent[10] WEREWOLF
9,talk,55,7,12,Over
9,talk,56,8,13,Over
9,talk,57,8,15,REQUEST ANY (VOTE Agent[10])
9,talk,58,8,5,VOTE Agent[10]
9,talk,59,8,1,Over
9,talk,60,8,10,VOTE Agent[05]
9,talk,61,8,12,Over
9,talk,62,8,4,Over
9,talk,63,9,4,Over
9,talk,64,9,13,Over
9,talk,65,9,5,VOTE Agent[10]
9,talk,66,9,1,Over
9,talk,67,9,10,VOTE Agent[05]
9,talk,68,9,15,ESTIMATE Agent[10] WEREWOLF
9,talk,69,9,12,Over
9,talk,70,10,5,Over
9,talk,71,10,12,Over
9,talk,72,10,4,Over
9,talk,73,10,13,Over
9,talk,74,10,10,Over
9,talk,75,10,15,Over
9,talk,76,10,1,Over
9,vote,1,10
9,vote,4,10
9,vote,5,10
9,vote,10,5
9,vote,12,10
9,vote,13,10
9,vote,15,10
9,execute,10,VILLAGER
9,guard,12,5,SEER
9,attackVote,13,5
9,attack,5,false
10,status,1,VILLAGER,ALIVE,tonkatsu
10,status,2,WEREWOLF,DEAD,KP22
10,status,3,VILLAGER,DEAD,kgu_ryu
10,status,4,MEDIUM,ALIVE,sUper_IL
10,status,5,SEER,ALIVE,daphne
10,status,6,VILLAGER,DEAD,Ncu702
10,status,7,VILLAGER,DEAD,ice
10,status,8,WEREWOLF,DEAD,mikami
10,status,9,VILLAGER,DEAD,Baguette
10,status,10,VILLAGER,DEAD,ichida
10,status,11,VILLAGER,DEAD,Hachi2
10,status,12,BODYGUARD,ALIVE,takoyaki
10,status,13,WEREWOLF,ALIVE,CanisLupus
10,status,14,POSSESSED,DEAD,ioh
10,status,15,VILLAGER,ALIVE,Basket
10,talk,0,0,5,VOTE Agent[12]
10,talk,1,0,13,VOTE Agent[12]
10,talk,2,0,1,VOTE Agent[12]
10,talk,3,0,4,IDENTIFIED Agent[10] HUMAN
10,talk,4,0,12,VOTE Agent[15]
10,talk,5,0,15,VOTE Agent[12]
10,talk,6,1,1,Skip
10,talk,7,1,15,ESTIMATE Agent[12] WEREWOLF
10,talk,8,1,12,VOTE Agent[15]
10,talk,9,1,4,VOTE Agent[12]
10,talk,10,1,13,Skip
10,talk,11,1,5,VOTE Agent[12]
10,talk,12,2,13,Skip
10,talk,13,2,5,VOTE Agent[12]
10,talk,14,2,4,Skip
10,talk,15,2,12,VOTE Agent[15]
10,talk,16,2,15,VOTE Agent[12]
10,talk,17,2,1,Skip
10,talk,18,3,12,VOTE Agent[15]
10,talk,19,3,1,Over
10,talk,20,3,4,Skip
10,talk,21,3,15,ESTIMATE Agent[12] WEREWOLF
10,talk,22,3,13,Over
10,talk,23,3,5,VOTE Agent[12]
10,talk,24,4,1,Over
10,talk,25,4,15,REQUEST ANY (VOTE Agent[12])
10,talk,26,4,5,VOTE Agent[12]
10,talk,27,4,12,VOTE Agent[15]
10,talk,28,4,4,Over
10,talk,29,4,13,Over
10,talk,30,5,5,VOTE Agent[12]
10,talk,31,5,15,VOTE Agent[12]
10,talk,32,5,13,Over
10,talk,33,5,4,Over
10,talk,34,5,12,VOTE Agent[15]
10,talk,35,5,1,Over
10,talk,36,6,1,Over
10,talk,37,6,12,VOTE Agent[15]
10,talk,38,6,15,ESTIMATE Agent[12] WEREWOLF
10,talk,39,6,13,Over
10,talk,40,6,5,VOTE Agent[12]
10,talk,41,6,4,Over
10,talk,42,7,4,Over
10,talk,43,7,15,VOTE Agent[12]
10,talk,44,7,12,VOTE Agent[15]
10,talk,45,7,13,Over
10,talk,46,7,5,VOTE Agent[12]
10,talk,47,7,1,Over
10,talk,48,8,5,VOTE Agent[12]
10,talk,49,8,1,Over
10,talk,50,8,12,VOTE Agent[15]
10,talk,51,8,4,Over
10,talk,52,8,15,REQUEST ANY (VOTE Agent[12])
10,talk,53,8,13,Over
10,talk,54,9,1,Over
10,talk,55,9,4,Over
10,talk,56,9,15,ESTIMATE Agent[12] WEREWOLF
10,talk,57,9,13,Over
10,talk,58,9,12,VOTE Agent[15]
10,talk,59,9,5,VOTE Agent[12]
10,talk,60,10,5,Over
10,talk,61,10,15,Over
10,talk,62,10,4,Over
10,talk,63,10,12,Over
10,talk,64,10,13,Over
10,talk,65,10,1,Over
10,vote,1,12
10,vote,4,12
10,vote,5,12
10,vote,12,15
10,vote,13,12
10,vote,15,12
10,execute,12,BODYGUARD
10,attackVote,13,5
10,attack,5,true
11,status,1,VILLAGER,ALIVE,tonkatsu
11,status,2,WEREWOLF,DEAD,KP22
11,status,3,VILLAGER,DEAD,kgu_ryu
11,status,4,MEDIUM,ALIVE,sUper_IL
11,status,5,SEER,DEAD,daphne
11,status,6,VILLAGER,DEAD,Ncu702
11,status,7,VILLAGER,DEAD,ice
11,status,8,WEREWOLF,DEAD,mikami
11,status,9,VILLAGER,DEAD,Baguette
11,status,10,VILLAGER,DEAD,ichida
11,status,11,VILLAGER,DEAD,Hachi2
11,status,12,BODYGUARD,DEAD,takoyaki
11,status,13,WEREWOLF,ALIVE,CanisLupus
11,status,14,POSSESSED,DEAD,ioh
11,status,15,VILLAGER,ALIVE,Basket
11,talk,0,0,15,REQUEST ANY (VOTE Agent[13])
11,talk,1,0,13,VOTE Agent[01]
11,talk,2,0,4,IDENTIFIED Agent[12] HUMAN
11,talk,3,0,1,VOTE Agent[13]
11,talk,4,1,15,ESTIMATE Agent[13] WEREWOLF
11,talk,5,1,4,VOTE Agent[13]
11,talk,6,1,1,Skip
11,talk,7,1,13,VOTE Agent[01]
11,talk,8,2,13,VOTE Agent[01]
11,talk,9,2,15,REQUEST ANY (VOTE Agent[13])
11,talk,10,2,4,Skip
11,talk,11,2,1,Skip
11,talk,12,3,4,Skip
11,talk,13,3,13,VOTE Agent[01]
11,talk,14,3,1,Over
11,talk,15,3,15,ESTIMATE Agent[13] WEREWOLF
11,talk,16,4,4,Over
11,talk,17,4,1,Over
11,talk,18,4,15,ESTIMATE Agent[13] WEREWOLF
11,talk,19,4,13,VOTE Agent[01]
11,talk,20,5,13,VOTE Agent[01]
11,talk,21,5,4,Over
11,talk,22,5,15,ESTIMATE Agent[13] WEREWOLF
11,talk,23,5,1,Over
11,talk,24,6,1,Over
11,talk,25,6,13,VOTE Agent[01]
11,talk,26,6,15,ESTIMATE Agent[13] WEREWOLF
11,talk,27,6,4,Over
11,talk,28,7,15,VOTE Agent[13]
11,talk,29,7,1,Over
11,talk,30,7,13,VOTE Agent[01]
11,talk,31,7,4,Over
11,talk,32,8,1,Over
11,talk,33,8,15,VOTE Agent[13]
11,talk,34,8,4,Over
11,talk,35,8,13,VOTE Agent[01]
11,talk,36,9,1,Over
11,talk,37,9,13,VOTE Agent[01]
11,talk,38,9,15,REQUEST ANY (VOTE Agent[13])
11,talk,39,9,4,Over
11,talk,40,10,13,Over
11,talk,41,10,15,Over
11,talk,42,10,1,Over
11,talk,43,10,4,Over
11,vote,1,13
11,vote,4,13
11,vote,13,1
11,vote,15,13
11,execute,13,WEREWOLF
12,status,1,VILLAGER,ALIVE,tonkatsu
12,status,2,WEREWOLF,DEAD,KP22
12,status,3,VILLAGER,DEAD,kgu_ryu
12,status,4,MEDIUM,ALIVE,sUper_IL
12,status,5,SEER,DEAD,daphne
12,status,6,VILLAGER,DEAD,Ncu702
12,status,7,VILLAGER,DEAD,ice
12,status,8,WEREWOLF,DEAD,mikami
12,status,9,VILLAGER,DEAD,Baguette
12,status,10,VILLAGER,DEAD,ichida
12,status,11,VILLAGER,DEAD,Hachi2
12,status,12,BODYGUARD,DEAD,takoyaki
12,status,13,WEREWOLF,DEAD,CanisLupus
12,status,14,POSSESSED,DEAD,ioh
12,status,15,VILLAGER,ALIVE,Basket
12,result,3,0,VILLAGER
