0,status,1,WEREWOLF,ALIVE,tonkatsu
0,status,2,VILLAGER,ALIVE,KP22
0,status,3,VILLAGER,ALIVE,kgu_ryu
0,status,4,VILLAGER,ALIVE,sUper_IL
0,status,5,POSSESSED,ALIVE,daphne
0,status,6,WEREWOLF,ALIVE,Ncu702
0,status,7,BODYGUARD,ALIVE,ice
0,status,8,SEER,ALIVE,mikami
0,status,9,VILLAGER,ALIVE,Baguette
0,status,10,MEDIUM,ALIVE,ichida
0,status,11,VILLAGER,ALIVE,Hachi2
0,status,12,WEREWOLF,ALIVE,takoyaki
0,status,13,VILLAGER,ALIVE,CanisLupus
0,status,14,VILLAGER,ALIVE,ioh
0,status,15,VILLAGER,ALIVE,Basket
0,whisper,0,0,12,Skip
0,whisper,1,0,6,Skip
0,whisper,2,0,1,Skip
0,whisper,3,1,1,Skip
0,whisper,4,1,12,Skip
0,whisper,5,1,6,Skip
0,whisper,6,2,1,Over
0,whisper,7,2,6,Over
0,whisper,8,2,12,Over
0,divine,8,6,WEREWOLF
1,status,1,WEREWOLF,ALIVE,tonkatsu
1,status,2,VILLAGER,ALIVE,KP22
1,status,3,VILLAGER,ALIVE,kgu_ryu
1,status,4,VILLAGER,ALIVE,sUper_IL
1,status,5,POSSESSED,ALIVE,daphne
1,status,6,WEREWOLF,ALIVE,Ncu702
1,status,7,BODYGUARD,ALIVE,ice
1,status,8,SEER,ALIVE,mikami
1,status,9,VILLAGER,ALIVE,Baguette
1,status,10,MEDIUM,ALIVE,ichida
1,status,11,VILLAGER,ALIVE,Hachi2
1,status,12,WEREWOLF,ALIVE,takoyaki
1,status,13,VILLAGER,ALIVE,CanisLupus
1,status,14,VILLAGER,ALIVE,ioh
1,status,15,VILLAGER,ALIVE,Basket
1,talk,0,0,14,REQUEST ANY (VOTE Agent[03])
1,talk,1,0,12,Skip
1,talk,2,0,2,VOTE Agent[03]
1,talk,3,0,11,VOTE Agent[03]
1,talk,4,0,5,VOTE Agent[06]
1,talk,5,0,4,VOTE Agent[03]
1,talk,6,0,1,Skip
1,talk,7,0,8,COMINGOUT Agent[08] SEER
1,talk,8,0,15,ESTIMATE Agent[03] WEREWOLF
1,talk,9,0,9,VOTE Agent[12]
1,talk,10,0,10,COMINGOUT Agent[10] MEDIUM
1,talk,11,0,6,Skip
1,talk,12,0,7,VOTE Agent[03]
1,talk,13,0,3,VOTE Agent[12]
1,talk,14,0,13,VOTE Agent[03]
1,talk,15,1,2,VOTE Agent[06]
1,talk,16,1,6,VOTE Agent[03]
1,talk,17,1,12,VOTE Agent[03]
1,talk,18,1,13,VOTE Agent[01]
1,talk,19,1,8,DIVINED Agent[06] WEREWOLF
1,talk,20,1,7,VOTE Agent[03]
1,talk,21,1,3,VOTE Agent[06]
1,talk,22,1,5,VOTE Agent[03]
1,talk,23,1,9,VOTE Agent[06]
1,talk,24,1,14,VOTE Agent[06]
1,talk,25,1,4,VOTE Agent[06]
1,talk,26,1,11,VOTE Agent[06]
1,talk,27,1,15,ESTIMATE Agent[01] WEREWOLF
1,talk,28,1,1,VOTE Agent[06]
1,talk,29,1,10,VOTE Agent[06]
1,talk,30,2,14,REQUEST ANY (VOTE Agent[01])
1,talk,31,2,1,Skip
1,talk,32,2,6,VOTE Agent[03]
1,talk,33,2,15,VOTE Agent[01]
1,talk,34,2,7,VOTE Agent[06]
1,talk,35,2,2,Skip
1,talk,36,2,9,VOTE Agent[06]
1,talk,37,2,3,VOTE Agent[01]
1,talk,38,2,13,VOTE Agent[01]
1,talk,39,2,5,VOTE Agent[06]
1,talk,40,2,10,VOTE Agent[01]
1,talk,41,2,8,VOTE Agent[06]
1,talk,42,2,4,VOTE Agent[01]
1,talk,43,2,11,Skip
1,talk,44,2,12,VOTE Agent[06]
1,talk,45,3,10,Skip
1,talk,46,3,8,VOTE Agent[06]
1,talk,47,3,14,ESTIMATE Agent[01] WEREWOLF
1,talk,48,3,5,Skip
1,talk,49,3,4,VOTE Agent[01]
1,talk,50,3,15,ESTIMATE Agent[01] WEREWOLF
1,talk,51,3,9,VOTE Agent[06]
1,talk,52,3,1,Skip
1,talk,53,3,12,Skip
1,talk,54,3,7,Skip
1,talk,55,3,3,VOTE Agent[01]
1,talk,56,3,6,VOTE Agent[01]
1,talk,57,3,2,VOTE Agent[01]
1,talk,58,3,11,VOTE Agent[01]
1,talk,59,3,13,Skip
1,talk,60,4,2,Skip
1,talk,61,4,8,VOTE Agent[01]
1,talk,62,4,14,ESTIMATE Agent[01] WEREWOLF
1,talk,63,4,5,VOTE Agent[01]
1,talk,64,4,10,Skip
1,talk,65,4,7,VOTE Agent[01]
1,talk,66,4,12,VOTE Agent[01]
1,talk,67,4,9,VOTE Agent[06]
1,talk,68,4,13,Skip
1,talk,69,4,1,VOTE Agent[06]
1,talk,70,4,11,Skip
1,talk,71,4,3,Skip
1,talk,72,4,6,Skip
1,talk,73,4,15,VOTE Agent[01]
1,talk,74,4,4,Skip
1,talk,75,5,14,REQUEST ANY (VOTE Agent[01])
1,talk,76,5,2,Skip
1,talk,77,5,5,Skip
1,talk,78,5,12,Skip
1,talk,79,5,1,VOTE Agent[06]
1,talk,80,5,10,Over
1,talk,81,5,15,VOTE Agent[01]
1,talk,82,5,8,VOTE Agent[01]
1,talk,83,5,13,Over
1,talk,84,5,11,Skip
1,talk,85,5,3,Skip
1,talk,86,5,4,Skip
1,talk,87,5,6,Skip
1,talk,88,5,7,Skip
1,talk,89,5,9,VOTE Agent[06]
1,talk,90,6,4,Over
1,talk,91,6,7,Skip
1,talk,92,6,8,VOTE Agent[01]
1,talk,93,6,12,Skip
1,talk,94,6,1,VOTE Agent[06]
1,talk,95,6,11,Over
1,talk,96,6,5,Skip
1,talk,97,6,15,REQUEST ANY (VOTE Agent[01])
1,talk,98,6,3,Over
1,talk,99,6,2,Over
1,talk,100,6,14,ESTIMATE Agent[01] WEREWOLF
1,talk,101,6,6,Over
1,talk,102,6,9,VOTE Agent[06]
1,talk,103,6,13,Over
1,talk,104,6,10,Over
1,talk,105,7,10,Over
1,talk,106,7,2,Over
1,talk,107,7,11,Over
1,talk,108,7,12,Over
1,talk,109,7,15,VOTE Agent[01]
1,talk,110,7,13,Over
1,talk,111,7,6,Over
1,talk,112,7,3,Over
1,talk,113,7,14,VOTE Agent[01]
1,talk,114,7,4,Over
1,talk,115,7,1,VOTE Agent[06]
1,talk,116,7,5,Over
1,talk,117,7,7,Over
1,talk,118,7,8,VOTE Agent[01]
1,talk,119,7,9,VOTE Agent[06]
1,talk,120,8,15,REQUEST ANY (VOTE Agent[01])
1,talk,121,8,13,Over
1,talk,122,8,2,Over
1,talk,123,8,14,ESTIMATE Agent[01] WEREWOLF
1,talk,124,8,11,Over
1,talk,125,8,7,Over
1,talk,126,8,6,Over
1,talk,127,8,10,Over
1,talk,128,8,1,VOTE Agent[06]
1,talk,129,8,12,Over
1,talk,130,8,5,Over
1,talk,131,8,8,VOTE Agent[01]
1,talk,132,8,4,Over
1,talk,133,8,9,VOTE Agent[06]
1,talk,134,8,3,Over
1,talk,135,9,9,VOTE Agent[06]
1,talk,136,9,8,VOTE Agent[01]
1,talk,137,9,4,Over
1,talk,138,9,13,Over
1,talk,139,9,3,Over
1,talk,140,9,10,Over
1,talk,141,9,14,VOTE Agent[01]
1,talk,142,9,6,Over
1,talk,143,9,2,Over
1,talk,144,9,12,Over
1,talk,145,9,7,Over
1,talk,146,9,11,Over
1,talk,147,9,5,Over
1,talk,148,9,15,ESTIMATE Agent[01] WEREWOLF
1,talk,149,9,1,VOTE Agent[06]
1,talk,150,10,10,Over
1,talk,151,10,8,Over
1,talk,152,10,5,Over
1,talk,153,10,3,Over
1,talk,154,10,4,Over
1,talk,155,10,12,Over
1,talk,156,10,6,Over
1,talk,157,10,7,Over
1,talk,158,10,9,Over
1,talk,159,10,14,Over
1,talk,160,10,1,VOTE Agent[06]
1,talk,161,10,2,Over
1,talk,162,10,11,Over
1,talk,163,10,13,Over
1,talk,164,10,15,Over
1,talk,165,11,12,Over
1,talk,166,11,15,Over
1,talk,167,11,5,Over
1,talk,168,11,14,Over
1,talk,169,11,2,Over
1,talk,170,11,9,Over
1,talk,171,11,13,Over
1,talk,172,11,10,Over
1,talk,173,11,1,VOTE Agent[06]
1,talk,174,11,4,Over
1,talk,175,11,6,Over
1,talk,176,11,8,Over
1,talk,177,11,3,Over
1,talk,178,11,11,Over
1,talk,179,11,7,Over
1,talk,180,12,12,Over
1,talk,181,12,3,Over
1,talk,182,12,2,Over
1,talk,183,12,1,VOTE Agent[06]
1,talk,184,12,13,Over
1,talk,185,12,8,Over
1,talk,186,12,15,Over
1,talk,187,12,14,Over
1,talk,188,12,11,Over
1,talk,189,12,4,Over
1,talk,190,12,7,Over
1,talk,191,12,9,Over
1,talk,192,12,6,Over
1,talk,193,12,10,Over
1,talk,194,12,5,Over
1,talk,195,13,1,Over
1,talk,196,13,10,Over
1,talk,197,13,6,Over
1,talk,198,13,14,Over
1,talk,199,13,11,Over
1,talk,200,13,12,Over
1,talk,201,13,8,Over
1,talk,202,13,13,Over
1,talk,203,13,4,Over
1,talk,204,13,5,Over
1,talk,205,13,7,Over
1,talk,206,13,3,Over
1,talk,207,13,9,Over
1,talk,208,13,15,Over
1,talk,209,13,2,Over
1,vote,1,6
1,vote,2,1
1,vote,3,1
1,vote,4,1
1,vote,5,1
1,vote,6,1
1,vote,7,1
1,vote,8,1
1,vote,9,6
1,vote,10,1
1,vote,11,1
1,vote,12,1
1,vote,13,1
1,vote,14,1
1,vote,15,1
1,execute,1,WEREWOLF
1,divine,8,15,HUMAN
1,whisper,0,0,6,Skip
1,whisper,1,0,12,Skip
1,whisper,2,1,6,Skip
1,whisper,3,1,12,Skip
1,whisper,4,2,12,Over
1,whisper,5,2,6,Over
1,guard,7,8,SEER
1,attackVote,6,7
1,attackVote,12,15
1,attackVote,6,7
1,attackVote,12,15
1,attack,15,true
2,status,1,WEREWOLF,DEAD,tonkatsu
2,status,2,VILLAGER,ALIVE,KP22
2,status,3,VILLAGER,ALIVE,kgu_ryu
2,status,4,VILLAGER,ALIVE,sUper_IL
2,status,5,POSSESSED,ALIVE,daphne
2,status,6,WEREWOLF,ALIVE,Ncu702
2,status,7,BODYGUARD,ALIVE,ice
2,status,8,SEER,ALIVE,mikami
2,status,9,VILLAGER,ALIVE,Baguette
2,status,10,MEDIUM,ALIVE,ichida
2,status,11,VILLAGER,ALIVE,Hachi2
2,status,12,WEREWOLF,ALIVE,takoyaki
2,status,13,VILLAGER,ALIVE,CanisLupus
2,status,14,VILLAGER,ALIVE,ioh
2,status,15,VILLAGER,DEAD,Basket
2,talk,0,0,11,VOTE Agent[02]
2,talk,1,0,6,VOTE Agent[02]
2,talk,2,0,13,VOTE Agent[11]
2,talk,3,0,9,VOTE Agent[06]
2,talk,4,0,12,VOTE Agent[02]
2,talk,5,0,10,IDENTIFIED Agent[01] WEREWOLF
2,talk,6,0,2,VOTE Agent[11]
2,talk,7,0,3,VOTE Agent[11]
2,talk,8,0,14,ESTIMATE Agent[11] WEREWOLF
2,talk,9,0,8,DIVINED Agent[02] WEREWOLF
2,talk,10,0,7,VOTE Agent[11]
2,talk,11,0,5,VOTE Agent[11]
2,talk,12,0,4,VOTE Agent[11]
2,talk,13,1,7,Skip
2,talk,14,1,3,Skip
2,talk,15,1,6,VOTE Agent[11]
2,talk,16,1,9,VOTE Agent[02]
2,talk,17,1,10,VOTE Agent[11]
2,talk,18,1,2,Skip
2,talk,19,1,5,Skip
2,talk,20,1,14,ESTIMATE Agent[11] WEREWOLF
2,talk,21,1,12,VOTE Agent[11]
2,talk,22,1,4,Skip
2,talk,23,1,11,VOTE Agent[02]
2,talk,24,1,13,Skip
2,talk,25,1,8,VOTE Agent[11]
2,talk,26,2,10,Skip
2,talk,27,2,2,Skip
2,talk,28,2,8,VOTE Agent[11]
2,talk,29,2,7,Skip
2,talk,30,2,4,Skip
2,talk,31,2,14,VOTE Agent[11]
2,talk,32,2,9,VOTE Agent[06]
2,talk,33,2,6,Skip
2,talk,34,2,13,Skip
2,talk,35,2,5,Skip
2,talk,36,2,11,VOTE Agent[02]
2,talk,37,2,3,Skip
2,talk,38,2,12,Skip
2,talk,39,3,14,VOTE Agent[11]
2,talk,40,3,11,VOTE Agent[02]
2,talk,41,3,9,VOTE Agent[06]
2,talk,42,3,12,Skip
2,talk,43,3,8,VOTE Agent[11]
2,talk,44,3,13,Over
2,talk,45,3,4,Over
2,talk,46,3,10,Skip
2,talk,47,3,5,Over
2,talk,48,3,2,Over
2,talk,49,3,3,Over
2,talk,50,3,6,Skip
2,talk,51,3,7,Over
2,talk,52,4,14,ESTIMATE Agent[11] WEREWOLF
2,talk,53,4,11,VOTE Agent[02]
2,talk,54,4,12,Over
2,talk,55,4,9,VOTE Agent[06]
2,talk,56,4,5,Over
2,talk,57,4,2,Over
2,talk,58,4,8,VOTE Agent[11]
2,talk,59,4,6,Over
2,talk,60,4,7,Over
2,talk,61,4,3,Over
2,talk,62,4,10,Over
2,talk,63,4,4,Over
2,talk,64,4,13,Over
2,talk,65,5,6,Over
2,talk,66,5,14,ESTIMATE Agent[11] WEREWOLF
2,talk,67,5,10,Over
2,talk,68,5,3,Over
2,talk,69,5,12,Over
2,talk,70,5,9,VOTE Agent[06]
2,talk,71,5,4,Over
2,talk,72,5,7,Over
2,talk,73,5,13,Over
2,talk,74,5,5,Over
2,talk,75,5,8,VOTE Agent[11]
2,talk,76,5,2,Over
2,talk,77,5,11,VOTE Agent[02]
2,talk,78,6,9,VOTE Agent[02]
2,talk,79,6,3,Over
2,talk,80,6,12,Over
2,talk,81,6,8,VOTE Agent[11]
2,talk,82,6,14,ESTIMATE Agent[11] WEREWOLF
2,talk,83,6,4,Over
2,talk,84,6,10,Over
2,talk,85,6,11,VOTE Agent[02]
2,talk,86,6,6,Over
2,talk,87,6,2,Over
2,talk,88,6,13,Over
2,talk,89,6,7,Over
2,talk,90,6,5,Over
2,talk,91,7,8,VOTE Agent[11]
2,talk,92,7,11,VOTE Agent[02]
2,talk,93,7,12,Over
2,talk,94,7,13,Over
2,talk,95,7,10,Over
2,talk,96,7,4,Over
2,talk,97,7,7,Over
2,talk,98,7,6,Over
2,talk,99,7,5,Over
2,talk,100,7,14,REQUEST ANY (VOTE Agent[11])
2,talk,101,7,2,Over
2,talk,102,7,3,Over
2,talk,103,7,9,VOTE Agent[02]
2,talk,104,8,2,Over
2,talk,105,8,9,VOTE Agent[06]
2,talk,106,8,12,Over
2,talk,107,8,14,ESTIMATE Agent[11] WEREWOLF
2,talk,108,8,8,VOTE Agent[11]
2,talk,109,8,5,Over
2,talk,110,8,6,Over
2,talk,111,8,3,Over
2,talk,112,8,13,Over
2,talk,113,8,4,Over
2,talk,114,8,10,Over
2,talk,115,8,7,Over
2,talk,116,8,11,VOTE Agent[02]
2,talk,117,9,10,Over
2,talk,118,9,2,Over
2,talk,119,9,13,Over
2,talk,120,9,4,Over
2,talk,121,9,7,Over
2,talk,122,9,8,VOTE Agent[11]
2,talk,123,9,5,Over
2,talk,124,9,14,REQUEST ANY (VOTE Agent[11])
2,talk,125,9,3,Over
2,talk,126,9,11,VOTE Agent[02]
2,talk,127,9,6,Over
2,talk,128,9,9,VOTE Agent[02]
2,talk,129,9,12,Over
2,talk,130,10,12,Over
2,talk,131,10,4,Over
2,talk,132,10,9,Over
2,talk,133,10,11,Over
2,talk,134,10,14,Over
2,talk,135,10,13,Over
2,talk,136,10,8,Over
2,talk,137,10,7,Over
2,talk,138,10,3,Over
2,talk,139,10,6,Over
2,talk,140,10,2,Over
2,talk,141,10,10,Over
2,talk,142,10,5,Over
2,vote,2,11
2,vote,3,11
2,vote,4,11
2,vote,5,11
2,vote,6,11
2,vote,7,11
2,vote,8,11
2,vote,9,2
2,vote,10,11
2,vote,11,2
2,vote,12,11
2,vote,13,11
2,vote,14,11
2,execute,11,VILLAGER
2,divine,8,2,HUMAN
2,whisper,0,0,12,Skip
2,whisper,1,0,6,Skip
2,whisper,2,1,12,Skip
2,whisper,3,1,6,Skip
2,whisper,4,2,12,Over
2,whisper,5,2,6,Over
2,guard,7,8,SEER
2,attackVote,6,13
2,attackVote,12,13
2,attack,13,true
3,status,1,WEREWOLF,DEAD,tonkatsu
3,status,2,VILLAGER,ALIVE,KP22
3,status,3,VILLAGER,ALIVE,kgu_ryu
3,status,4,VILLAGER,ALIVE,sUper_IL
3,status,5,POSSESSED,ALIVE,daphne
3,status,6,WEREWOLF,ALIVE,Ncu702
3,status,7,BODYGUARD,ALIVE,ice
3,status,8,SEER,ALIVE,mikami
3,status,9,VILLAGER,ALIVE,Baguette
3,status,10,MEDIUM,ALIVE,ichida
3,status,11,VILLAGER,DEAD,Hachi2
3,status,12,WEREWOLF,ALIVE,takoyaki
3,status,13,VILLAGER,DEAD,CanisLupus
3,status,14,VILLAGER,ALIVE,ioh
3,status,15,VILLAGER,DEAD,Basket
3,talk,0,0,9,VOTE Agent[06]
3,talk,1,0,14,ESTIMATE Agent[02] WEREWOLF
3,talk,2,0,7,VOTE Agent[02]
3,talk,3,0,12,VOTE Agent[02]
3,talk,4,0,6,VOTE Agent[02]
3,talk,5,0,8,DIVINED Agent[03] WEREWOLF
3,talk,6,0,2,VOTE Agent[09]
3,talk,7,0,5,VOTE Agent[02]
3,talk,8,0,3,VOTE Agent[02]
3,talk,9,0,4,VOTE Agent[02]
3,talk,10,0,10,IDENTIFIED Agent[11] HUMAN
3,talk,11,1,5,Skip
3,talk,12,1,7,Skip
3,talk,13,1,14,VOTE Agent[02]
3,talk,14,1,9,VOTE Agent[06]
3,talk,15,1,4,Skip
3,talk,16,1,8,VOTE Agent[02]
3,talk,17,1,3,Skip
3,talk,18,1,2,VOTE Agent[09]
3,talk,19,1,6,Skip
3,talk,20,1,12,Skip
3,talk,21,1,10,VOTE Agent[02]
3,talk,22,2,6,Skip
3,talk,23,2,3,Skip
3,talk,24,2,8,VOTE Agent[02]
3,talk,25,2,7,Skip
3,talk,26,2,12,Skip
3,talk,27,2,10,Skip
3,talk,28,2,2,VOTE Agent[09]
3,talk,29,2,9,VOTE Agent[02]
3,talk,30,2,14,ESTIMATE Agent[02] WEREWOLF
3,talk,31,2,5,Skip
3,talk,32,2,4,Skip
3,talk,33,3,8,VOTE Agent[02]
3,talk,34,3,6,Over
3,talk,35,3,9,VOTE Agent[02]
3,talk,36,3,5,Over
3,talk,37,3,4,Over
3,talk,38,3,12,Over
3,talk,39,3,14,VOTE Agent[02]
3,talk,40,3,7,Over
3,talk,41,3,2,VOTE Agent[09]
3,talk,42,3,10,Skip
3,talk,43,3,3,Over
3,talk,44,4,3,Over
3,talk,45,4,7,Over
3,talk,46,4,14,VOTE Agent[02]
3,talk,47,4,10,Over
3,talk,48,4,2,VOTE Agent[09]
3,talk,49,4,5,Over
3,talk,50,4,9,VOTE Agent[02]
3,talk,51,4,8,VOTE Agent[02]
3,talk,52,4,12,Over
3,talk,53,4,6,Over
3,talk,54,4,4,Over
3,talk,55,5,5,Over
3,talk,56,5,6,Over
3,talk,57,5,4,Over
3,talk,58,5,3,Over
3,talk,59,5,2,VOTE Agent[09]
3,talk,60,5,8,VOTE Agent[02]
3,talk,61,5,12,Over
3,talk,62,5,10,Over
3,talk,63,5,7,Over
3,talk,64,5,9,VOTE Agent[02]
3,talk,65,5,14,ESTIMATE Agent[02] WEREWOLF
3,talk,66,6,9,VOTE Agent[02]
3,talk,67,6,10,Over
3,talk,68,6,2,VOTE Agent[09]
3,talk,69,6,5,Over
3,talk,70,6,12,Over
3,talk,71,6,14,REQUEST ANY (VOTE Agent[02])
3,talk,72,6,7,Over
3,talk,73,6,8,VOTE Agent[02]
3,talk,74,6,6,Over
3,talk,75,6,4,Over
3,talk,76,6,3,Over
3,talk,77,7,8,VOTE Agent[02]
3,talk,78,7,12,Over
3,talk,79,7,3,Over
3,talk,80,7,4,Over
3,talk,81,7,6,Over
3,talk,82,7,5,Over
3,talk,83,7,7,Over
3,talk,84,7,10,Over
3,talk,85,7,14,REQUEST ANY (VOTE Agent[02])
3,talk,86,7,9,VOTE Agent[02]
3,talk,87,7,2,VOTE Agent[09]
3,talk,88,8,6,Over
3,talk,89,8,9,VOTE Agent[02]
3,talk,90,8,14,ESTIMATE Agent[02] WEREWOLF
3,talk,91,8,3,Over
3,talk,92,8,12,Over
3,talk,93,8,2,VOTE Agent[09]
3,talk,94,8,10,Over
3,talk,95,8,7,Over
3,talk,96,8,5,Over
3,talk,97,8,4,Over
3,talk,98,8,8,VOTE Agent[02]
3,talk,99,9,2,VOTE Agent[09]
3,talk,100,9,7,Over
3,talk,101,9,4,Over
3,talk,102,9,10,Over
3,talk,103,9,3,Over
3,talk,104,9,12,Over
3,talk,105,9,5,Over
3,talk,106,9,8,VOTE Agent[02]
3,talk,107,9,6,Over
3,talk,108,9,14,VOTE Agent[02]
3,talk,109,9,9,VOTE Agent[02]
3,talk,110,10,2,Over
3,talk,111,10,14,Over
3,talk,112,10,4,Over
3,talk,113,10,8,Over
3,talk,114,10,10,Over
3,talk,115,10,6,Over
3,talk,116,10,12,Over
3,talk,117,10,7,Over
3,talk,118,10,3,Over
3,talk,119,10,9,Over
3,talk,120,10,5,Over
3,vote,2,9
3,vote,3,2
3,vote,4,2
3,vote,5,2
3,vote,6,2
3,vote,7,2
3,vote,8,2
3,vote,9,2
3,vote,10,2
3,vote,12,2
3,vote,14,2
3,execute,2,VILLAGER
3,divine,8,9,HUMAN
3,whisper,0,0,6,Skip
3,whisper,1,0,12,Skip
3,whisper,2,1,12,Skip
3,whisper,3,1,6,Skip
3,whisper,4,2,6,Over
3,whisper,5,2,12,Over
3,guard,7,8,SEER
3,attackVote,6,7
3,attackVote,12,7
3,attack,7,true
4,status,1,WEREWOLF,DEAD,tonkatsu
4,status,2,VILLAGER,DEAD,KP22
4,status,3,VILLAGER,ALIVE,kgu_ryu
4,status,4,VILLAGER,ALIVE,sUper_IL
4,status,5,POSSESSED,ALIVE,daphne
4,status,6,WEREWOLF,ALIVE,Ncu702
4,status,7,BODYGUARD,DEAD,ice
4,status,8,SEER,ALIVE,mikami
4,status,9,VILLAGER,ALIVE,Baguette
4,status,10,MEDIUM,ALIVE,ichida
4,status,11,VILLAGER,DEAD,Hachi2
4,status,12,WEREWOLF,ALIVE,takoyaki
4,status,13,VILLAGER,DEAD,CanisLupus
4,status,14,VILLAGER,ALIVE,ioh
4,status,15,VILLAGER,DEAD,Basket
4,talk,0,0,12,VOTE Agent[09]
4,talk,1,0,3,VOTE Agent[09]
4,talk,2,0,8,DIVINED Agent[09] HUMAN
4,talk,3,0,4,VOTE Agent[05]
4,talk,4,0,9,VOTE Agent[03]
4,talk,5,0,6,VOTE Agent[09]
4,talk,6,0,5,VOTE Agent[08]
4,talk,7,0,14,REQUEST ANY (VOTE Agent[09])
4,talk,8,0,10,IDENTIFIED Agent[02] HUMAN
4,talk,9,1,9,VOTE Agent[03]
4,talk,10,1,14,REQUEST ANY (VOTE Agent[05])
4,talk,11,1,12,Skip
4,talk,12,1,6,Skip
4,talk,13,1,5,Skip
4,talk,14,1,8,VOTE Agent[09]
4,talk,15,1,10,VOTE Agent[05]
4,talk,16,1,3,VOTE Agent[05]
4,talk,17,1,4,VOTE Agent[05]
4,talk,18,2,9,VOTE Agent[12]
4,talk,19,2,14,ESTIMATE Agent[05] WEREWOLF
4,talk,20,2,12,VOTE Agent[05]
4,talk,21,2,10,Skip
4,talk,22,2,5,Skip
4,talk,23,2,4,Skip
4,talk,24,2,3,Skip
4,talk,25,2,6,VOTE Agent[05]
4,talk,26,2,8,VOTE Agent[05]
4,talk,27,3,14,ESTIMATE Agent[05] WEREWOLF
4,talk,28,3,5,Over
4,talk,29,3,9,VOTE Agent[12]
4,talk,30,3,8,VOTE Agent[05]
4,talk,31,3,3,Skip
4,talk,32,3,4,VOTE Agent[06]
4,talk,33,3,10,VOTE Agent[06]
4,talk,34,3,6,Skip
4,talk,35,3,12,Skip
4,talk,36,4,10,Skip
4,talk,37,4,4,VOTE Agent[06]
4,talk,38,4,3,VOTE Agent[06]
4,talk,39,4,14,VOTE Agent[12]
4,talk,40,4,9,VOTE Agent[06]
4,talk,41,4,12,VOTE Agent[06]
4,talk,42,4,8,VOTE Agent[06]
4,talk,43,4,5,VOTE Agent[06]
4,talk,44,4,6,VOTE Agent[05]
4,talk,45,5,12,Skip
4,talk,46,5,6,VOTE Agent[05]
4,talk,47,5,3,Skip
4,talk,48,5,14,REQUEST ANY (VOTE Agent[06])
4,talk,49,5,4,Skip
4,talk,50,5,8,VOTE Agent[06]
4,talk,51,5,5,Skip
4,talk,52,5,9,VOTE Agent[03]
4,talk,53,5,10,Skip
4,talk,54,6,10,Over
4,talk,55,6,8,VOTE Agent[06]
4,talk,56,6,3,Skip
4,talk,57,6,6,VOTE Agent[03]
4,talk,58,6,9,VOTE Agent[03]
4,talk,59,6,12,Skip
4,talk,60,6,5,Skip
4,talk,61,6,4,Skip
4,talk,62,6,14,VOTE Agent[06]
4,talk,63,7,12,Over
4,talk,64,7,9,VOTE Agent[06]
4,talk,65,7,5,Over
4,talk,66,7,14,REQUEST ANY (VOTE Agent[06])
4,talk,67,7,6,VOTE Agent[03]
4,talk,68,7,8,VOTE Agent[06]
4,talk,69,7,10,Over
4,talk,70,7,3,Over
4,talk,71,7,4,Over
4,talk,72,8,14,REQUEST ANY (VOTE Agent[06])
4,talk,73,8,4,Over
4,talk,74,8,5,Over
4,talk,75,8,10,Over
4,talk,76,8,3,Over
4,talk,77,8,8,VOTE Agent[06]
4,talk,78,8,12,Over
4,talk,79,8,6,VOTE Agent[03]
4,talk,80,8,9,VOTE Agent[06]
4,talk,81,9,3,Over
4,talk,82,9,6,VOTE Agent[03]
4,talk,83,9,14,REQUEST ANY (VOTE Agent[06])
4,talk,84,9,12,Over
4,talk,85,9,5,Over
4,talk,86,9,4,Over
4,talk,87,9,8,VOTE Agent[06]
4,talk,88,9,9,VOTE Agent[12]
4,talk,89,9,10,Over
4,talk,90,10,6,VOTE Agent[03]
4,talk,91,10,8,Over
4,talk,92,10,10,Over
4,talk,93,10,14,Over
4,talk,94,10,4,Over
4,talk,95,10,5,Over
4,talk,96,10,9,Over
4,talk,97,10,12,Over
4,talk,98,10,3,Over
4,talk,99,11,10,Over
4,talk,100,11,6,VOTE Agent[03]
4,talk,101,11,3,Over
4,talk,102,11,14,Over
4,talk,103,11,9,Over
4,talk,104,11,8,Over
4,talk,105,11,4,Over
4,talk,106,11,5,Over
4,talk,107,11,12,Over
4,talk,108,12,6,Over
4,talk,109,12,8,Over
4,talk,110,12,5,Over
4,talk,111,12,3,Over
4,talk,112,12,9,Over
4,talk,113,12,10,Over
4,talk,114,12,4,Over
4,talk,115,12,14,Over
4,talk,116,12,12,Over
4,vote,3,6
4,vote,4,6
4,vote,5,6
4,vote,6,3
4,vote,8,6
4,vote,9,12
4,vote,10,6
4,vote,12,6
4,vote,14,6
4,execute,6,WEREWOLF
4,divine,8,12,WEREWOLF
4,attackVote,12,10
4,attack,10,true
5,status,1,WEREWOLF,DEAD,tonkatsu
5,status,2,VILLAGER,DEAD,KP22
5,status,3,VILLAGER,ALIVE,kgu_ryu
5,status,4,VILLAGER,ALIVE,sUper_IL
5,status,5,POSSESSED,ALIVE,daphne
5,status,6,WEREWOLF,DEAD,Ncu702
5,status,7,BODYGUARD,DEAD,ice
5,status,8,SEER,ALIVE,mikami
5,status,9,VILLAGER,ALIVE,Baguette
5,status,10,MEDIUM,DEAD,ichida
5,status,11,VILLAGER,DEAD,Hachi2
5,status,12,WEREWOLF,ALIVE,takoyaki
5,status,13,VILLAGER,DEAD,CanisLupus
5,status,14,VILLAGER,ALIVE,ioh
5,status,15,VILLAGER,DEAD,Basket
5,talk,0,0,5,VOTE Agent[08]
5,talk,1,0,9,VOTE Agent[03]
5,talk,2,0,4,VOTE Agent[12]
5,talk,3,0,3,VOTE Agent[12]
5,talk,4,0,14,VOTE Agent[12]
5,talk,5,0,8,DIVINED Agent[12] WEREWOLF
5,talk,6,0,12,VOTE Agent[03]
5,talk,7,1,8,VOTE Agent[12]
5,talk,8,1,5,VOTE Agent[12]
5,talk,9,1,9,VOTE Agent[12]
5,talk,10,1,14,ESTIMATE Agent[12] WEREWOLF
5,talk,11,1,12,VOTE Agent[03]
5,talk,12,1,4,Skip
5,talk,13,1,3,Skip
5,talk,14,2,5,Skip
5,talk,15,2,12,VOTE Agent[03]
5,talk,16,2,8,VOTE Agent[12]
5,talk,17,2,9,VOTE Agent[03]
5,talk,18,2,4,VOTE Agent[05]
5,talk,19,2,14,REQUEST ANY (VOTE Agent[05])
5,talk,20,2,3,VOTE Agent[05]
5,talk,21,3,8,VOTE Agent[12]
5,talk,22,3,9,VOTE Agent[12]
5,talk,23,3,12,VOTE Agent[05]
5,talk,24,3,14,ESTIMATE Agent[05] WEREWOLF
5,talk,25,3,3,Skip
5,talk,26,3,4,Skip
5,talk,27,3,5,Skip
5,talk,28,4,5,Over
5,talk,29,4,12,Skip
5,talk,30,4,4,Skip
5,talk,31,4,14,ESTIMATE Agent[05] WEREWOLF
5,talk,32,4,9,VOTE Agent[03]
5,talk,33,4,8,VOTE Agent[05]
5,talk,34,4,3,Skip
5,talk,35,5,12,Skip
5,talk,36,5,4,Over
5,talk,37,5,8,VOTE Agent[05]
5,talk,38,5,14,VOTE Agent[05]
5,talk,39,5,9,VOTE Agent[03]
5,talk,40,5,3,Over
5,talk,41,5,5,Over
5,talk,42,6,3,Over
5,talk,43,6,5,Over
5,talk,44,6,4,Over
5,talk,45,6,12,Over
5,talk,46,6,9,VOTE Agent[03]
5,talk,47,6,14,ESTIMATE Agent[05] WEREWOLF
5,talk,48,6,8,VOTE Agent[05]
5,talk,49,7,8,VOTE Agent[05]
5,talk,50,7,4,Over
5,talk,51,7,12,Over
5,talk,52,7,14,REQUEST ANY (VOTE Agent[05])
5,talk,53,7,9,VOTE Agent[03]
5,talk,54,7,3,Over
5,talk,55,7,5,Over
5,talk,56,8,3,Over
5,talk,57,8,4,Over
5,talk,58,8,14,ESTIMATE Agent[05] WEREWOLF
5,talk,59,8,8,VOTE Agent[05]
5,talk,60,8,12,Over
5,talk,61,8,5,Over
5,talk,62,8,9,VOTE Agent[12]
5,talk,63,9,3,Over
5,talk,64,9,5,Over
5,talk,65,9,14,ESTIMATE Agent[05] WEREWOLF
5,talk,66,9,9,VOTE Agent[03]
5,talk,67,9,8,VOTE Agent[05]
5,talk,68,9,4,Over
5,talk,69,9,12,Over
5,talk,70,10,3,Over
5,talk,71,10,12,Over
5,talk,72,10,5,Over
5,talk,73,10,14,Over
5,talk,74,10,4,Over
5,talk,75,10,9,Over
5,talk,76,10,8,Over
5,vote,3,5
5,vote,4,5
5,vote,5,12
5,vote,8,5
5,vote,9,3
5,vote,12,5
5,vote,14,5
5,execute,5,POSSESSED
5,divine,8,3,HUMAN
5,attackVote,12,14
5,attack,14,true
6,status,1,WEREWOLF,DEAD,tonkatsu
6,status,2,VILLAGER,DEAD,KP22
6,status,3,VILLAGER,ALIVE,kgu_ryu
6,status,4,VILLAGER,ALIVE,sUper_IL
6,status,5,POSSESSED,DEAD,daphne
6,status,6,WEREWOLF,DEAD,Ncu702
6,status,7,BODYGUARD,DEAD,ice
6,status,8,SEER,ALIVE,mikami
6,status,9,VILLAGER,ALIVE,Baguette
6,status,10,MEDIUM,DEAD,ichida
6,status,11,VILLAGER,DEAD,Hachi2
6,status,12,WEREWOLF,ALIVE,takoyaki
6,status,13,VILLAGER,DEAD,CanisLupus
6,status,14,VILLAGER,DEAD,ioh
6,status,15,VILLAGER,DEAD,Basket
6,talk,0,0,9,VOTE Agent[12]
6,talk,1,0,4,VOTE Agent[03]
6,talk,2,0,8,DIVINED Agent[04] WEREWOLF
6,talk,3,0,12,VOTE Agent[03]
6,talk,4,0,3,VOTE Agent[04]
6,talk,5,1,3,VOTE Agent[04]
6,talk,6,1,12,Skip
6,talk,7,1,9,VOTE Agent[03]
6,talk,8,1,8,VOTE Agent[03]
6,talk,9,1,4,Skip
6,talk,10,2,12,Skip
6,talk,11,2,9,VOTE Agent[03]
6,talk,12,2,8,VOTE Agent[03]
6,talk,13,2,4,VOTE Agent[12]
6,talk,14,2,3,VOTE Agent[12]
6,talk,15,3,12,Over
6,talk,16,3,8,VOTE Agent[03]
6,talk,17,3,3,VOTE Agent[12]
6,talk,18,3,4,VOTE Agent[12]
6,talk,19,3,9,VOTE Agent[03]
6,talk,20,4,8,VOTE Agent[03]
6,talk,21,4,4,VOTE Agent[12]
6,talk,22,4,9,VOTE Agent[03]
6,talk,23,4,3,VOTE Agent[12]
6,talk,24,4,12,Over
6,talk,25,5,3,VOTE Agent[12]
6,talk,26,5,12,Over
6,talk,27,5,8,VOTE Agent[03]
6,talk,28,5,9,VOTE Agent[12]
6,talk,29,5,4,Skip
6,talk,30,6,9,VOTE Agent[03]
6,talk,31,6,3,VOTE Agent[12]
6,talk,32,6,12,Over
6,talk,33,6,8,VOTE Agent[03]
6,talk,34,6,4,VOTE Agent[12]
6,talk,35,7,8,VOTE Agent[03]
6,talk,36,7,12,Over
6,talk,37,7,3,VOTE Agent[12]
6,talk,38,7,4,VOTE Agent[12]
6,talk,39,7,9,VOTE Agent[12]
6,talk,40,8,8,VOTE Agent[12]
6,talk,41,8,12,VOTE Agent[03]
6,talk,42,8,9,VOTE Agent[12]
6,talk,43,8,3,Skip
6,talk,44,8,4,Skip
6,talk,45,9,8,VOTE Agent[12]
6,talk,46,9,12,VOTE Agent[03]
6,talk,47,9,4,Skip
6,talk,48,9,9,VOTE Agent[12]
6,talk,49,9,3,Skip
6,talk,50,10,4,Over
6,talk,51,10,3,Over
6,talk,52,10,12,VOTE Agent[03]
6,talk,53,10,8,Over
6,talk,54,10,9,Over
6,talk,55,11,8,Over
6,talk,56,11,12,VOTE Agent[03]
6,talk,57,11,3,Over
6,talk,58,11,4,Over
6,talk,59,11,9,Over
6,talk,60,12,9,Over
6,talk,61,12,4,Over
6,talk,62,12,12,VOTE Agent[03]
6,talk,63,12,3,Over
6,talk,64,12,8,Over
6,talk,65,13,8,Over
6,talk,66,13,9,Over
6,talk,67,13,4,Over
6,talk,68,13,12,VOTE Agent[03]
6,talk,69,13,3,Over
6,talk,70,14,8,Over
6,talk,71,14,3,Over
6,talk,72,14,9,Over
6,talk,73,14,4,Over
6,talk,74,14,12,VOTE Agent[03]
6,talk,75,15,3,Over
6,talk,76,15,8,Over
6,talk,77,15,4,Over
6,talk,78,15,9,Over
6,talk,79,15,12,VOTE Agent[03]
6,talk,80,16,8,Over
6,talk,81,16,12,VOTE Agent[03]
6,talk,82,16,3,Over
6,talk,83,16,4,Over
6,talk,84,16,9,Over
6,talk,85,17,8,Over
6,talk,86,17,4,Over
6,talk,87,17,3,Over
6,talk,88,17,12,Over
6,talk,89,17,9,Over
6,vote,3,12
6,vote,4,12
6,vote,8,12
6,vote,9,12
6,vote,12,3
6,execute,12,WEREWOLF
6,divine,8,4,HUMAN
7,status,1,WEREWOLF,DEAD,tonkatsu
7,status,2,VILLAGER,DEAD,KP22
7,status,3,VILLAGER,ALIVE,kgu_ryu
7,status,4,VILLAGER,ALIVE,sUper_IL
7,status,5,POSSESSED,DEAD,daphne
7,status,6,WEREWOLF,DEAD,Ncu702
7,status,7,BODYGUARD,DEAD,ice
7,status,8,SEER,ALIVE,mikami
7,status,9,VILLAGER,ALIVE,Baguette
7,status,10,MEDIUM,DEAD,ichida
7,status,11,VILLAGER,DEAD,Hachi2
7,status,12,WEREWOLF,DEAD,takoyaki
7,status,13,VILLAGER,DEAD,CanisLupus
7,status,14,VILLAGER,DEAD,ioh
7,status,15,VILLAGER,DEAD,Basket
7,result,4,0,VILLAGER
