0,status,1,VILLAGER,ALIVE,tonkatsu
0,status,2,VILLAGER,ALIVE,KP22
0,status,3,VILLAGER,ALIVE,kgu_ryu
0,status,4,VILLAGER,ALIVE,sUper_IL
0,status,5,SEER,ALIVE,daphne
0,status,6,VILLAGER,ALIVE,Ncu702
0,status,7,BODYGUARD,ALIVE,ice
0,status,8,VILLAGER,ALIVE,mikami
0,status,9,WEREWOLF,ALIVE,Baguette
0,status,10,WEREWOLF,ALIVE,ichida
0,status,11,VILLAGER,ALIVE,Hachi2
0,status,12,WEREWOLF,ALIVE,takoyaki
0,status,13,VILLAGER,ALIVE,CanisLupus
0,status,14,MEDIUM,ALIVE,ioh
0,status,15,POSSESSED,ALIVE,Basket
0,whisper,0,0,12,Skip
0,whisper,1,0,9,VOTE Agent[01]
0,whisper,2,0,10,Skip
0,whisper,3,1,12,Skip
0,whisper,4,1,10,Skip
0,whisper,5,1,9,VOTE Agent[02]
0,whisper,6,2,9,VOTE Agent[01]
0,whisper,7,2,12,Over
0,whisper,8,2,10,Over
0,whisper,9,3,12,Over
0,whisper,10,3,9,VOTE Agent[02]
0,whisper,11,3,10,Over
0,whisper,12,4,9,VOTE Agent[01]
0,whisper,13,4,12,Over
0,whisper,14,4,10,Over
0,whisper,15,5,12,Over
0,whisper,16,5,9,VOTE Agent[02]
0,whisper,17,5,10,Over
0,whisper,18,6,12,Over
0,whisper,19,6,9,VOTE Agent[01]
0,whisper,20,6,10,Over
0,whisper,21,7,10,Over
0,whisper,22,7,9,VOTE Agent[02]
0,whisper,23,7,12,Over
0,whisper,24,8,9,VOTE Agent[01]
0,whisper,25,8,10,Over
0,whisper,26,8,12,Over
0,whisper,27,9,10,Over
0,whisper,28,9,9,VOTE Agent[02]
0,whisper,29,9,12,Over
0,whisper,30,10,12,Over
0,whisper,31,10,9,Over
0,whisper,32,10,10,Over
0,divine,5,15,HUMAN
1,status,1,VILLAGER,ALIVE,tonkatsu
1,status,2,VILLAGER,ALIVE,KP22
1,status,3,VILLAGER,ALIVE,kgu_ryu
1,status,4,VILLAGER,ALIVE,sUper_IL
1,status,5,SEER,ALIVE,daphne
1,status,6,VILLAGER,ALIVE,Ncu702
1,status,7,BODYGUARD,ALIVE,ice
1,status,8,VILLAGER,ALIVE,mikami
1,status,9,WEREWOLF,ALIVE,Baguette
1,status,10,WEREWOLF,ALIVE,ichida
1,status,11,VILLAGER,ALIVE,Hachi2
1,status,12,WEREWOLF,ALIVE,takoyaki
1,status,13,VILLAGER,ALIVE,CanisLupus
1,status,14,MEDIUM,ALIVE,ioh
1,status,15,POSSESSED,ALIVE,Basket
1,talk,0,0,12,Skip
1,talk,1,0,13,VOTE Agent[01]
1,talk,2,0,14,REQUEST ANY (VOTE Agent[01])
1,talk,3,0,15,COMINGOUT Agent[15] SEER
1,talk,4,0,10,COMINGOUT Agent[10] SEER
1,talk,5,0,6,VOTE Agent[01]
1,talk,6,0,7,VOTE Agent[01]
1,talk,7,0,2,VOTE Agent[01]
1,talk,8,0,8,VOTE Agent[01]
1,talk,9,0,3,VOTE Agent[01]
1,talk,10,0,4,VOTE Agent[01]
1,talk,11,0,11,VOTE Agent[01]
1,talk,12,0,1,VOTE Agent[14]
1,talk,13,0,9,VOTE Agent[15]
1,talk,14,0,5,COMINGOUT Agent[05] SEER
1,talk,15,1,7,Skip
1,talk,16,1,6,Skip
1,talk,17,1,15,DIVINED Agent[02] WEREWOLF
1,talk,18,1,4,VOTE Agent[15]
1,talk,19,1,13,VOTE Agent[12]
1,talk,20,1,9,VOTE Agent[13]
1,talk,21,1,8,VOTE Agent[01]
1,talk,22,1,12,VOTE Agent[01]
1,talk,23,1,1,VOTE Agent[12]
1,talk,24,1,10,DIVINED Agent[01] HUMAN
1,talk,25,1,11,VOTE Agent[12]
1,talk,26,1,14,ESTIMATE Agent[12] WEREWOLF
1,talk,27,1,5,DIVINED Agent[01] HUMAN
1,talk,28,1,2,VOTE Agent[10]
1,talk,29,1,3,VOTE Agent[12]
1,talk,30,2,5,VOTE Agent[12]
1,talk,31,2,2,VOTE Agent[10]
1,talk,32,2,11,VOTE Agent[10]
1,talk,33,2,12,Skip
1,talk,34,2,13,VOTE Agent[10]
1,talk,35,2,14,VOTE Agent[10]
1,talk,36,2,8,VOTE Agent[01]
1,talk,37,2,9,VOTE Agent[15]
1,talk,38,2,15,VOTE Agent[02]
1,talk,39,2,1,VOTE Agent[10]
1,talk,40,2,3,VOTE Agent[10]
1,talk,41,2,4,VOTE Agent[10]
1,talk,42,2,7,VOTE Agent[10]
1,talk,43,2,6,VOTE Agent[10]
1,talk,44,2,10,VOTE Agent[01]
1,talk,45,3,13,Skip
1,talk,46,3,10,VOTE Agent[01]
1,talk,47,3,1,Skip
1,talk,48,3,11,Skip
1,talk,49,3,7,Skip
1,talk,50,3,9,VOTE Agent[06]
1,talk,51,3,2,Skip
1,talk,52,3,6,Skip
1,talk,53,3,8,VOTE Agent[10]
1,talk,54,3,12,VOTE Agent[10]
1,talk,55,3,3,Skip
1,talk,56,3,5,VOTE Agent[10]
1,talk,57,3,15,REQUEST ANY (VOTE Agent[02])
1,talk,58,3,4,Skip
1,talk,59,3,14,REQUEST ANY (VOTE Agent[10])
1,talk,60,4,9,VOTE Agent[11]
1,talk,61,4,4,Skip
1,talk,62,4,6,Skip
1,talk,63,4,14,ESTIMATE Agent[10] WEREWOLF
1,talk,64,4,5,VOTE Agent[10]
1,talk,65,4,3,Skip
1,talk,66,4,8,Skip
1,talk,67,4,15,VOTE Agent[02]
1,talk,68,4,1,Skip
1,talk,69,4,2,Skip
1,talk,70,4,13,Skip
1,talk,71,4,10,VOTE Agent[01]
1,talk,72,4,12,Skip
1,talk,73,4,11,Skip
1,talk,74,4,7,Skip
1,talk,75,5,1,Over
1,talk,76,5,14,VOTE Agent[10]
1,talk,77,5,8,Skip
1,talk,78,5,5,VOTE Agent[10]
1,talk,79,5,10,VOTE Agent[01]
1,talk,80,5,4,Over
1,talk,81,5,13,Over
1,talk,82,5,15,REQUEST ANY (VOTE Agent[02])
1,talk,83,5,3,Over
1,talk,84,5,11,Over
1,talk,85,5,12,Skip
1,talk,86,5,2,Over
1,talk,87,5,7,Over
1,talk,88,5,9,VOTE Agent[01]
1,talk,89,5,6,Over
1,talk,90,6,13,Over
1,talk,91,6,9,VOTE Agent[05]
1,talk,92,6,2,Over
1,talk,93,6,11,Over
1,talk,94,6,5,VOTE Agent[10]
1,talk,95,6,4,Over
1,talk,96,6,8,Over
1,talk,97,6,15,VOTE Agent[02]
1,talk,98,6,6,Over
1,talk,99,6,14,ESTIMATE Agent[10] WEREWOLF
1,talk,100,6,7,Over
1,talk,101,6,1,Over
1,talk,102,6,12,Over
1,talk,103,6,3,Over
1,talk,104,6,10,VOTE Agent[05]
1,talk,105,7,11,Over
1,talk,106,7,14,REQUEST ANY (VOTE Agent[10])
1,talk,107,7,1,Over
1,talk,108,7,13,Over
1,talk,109,7,12,Over
1,talk,110,7,3,Over
1,talk,111,7,7,Over
1,talk,112,7,15,REQUEST ANY (VOTE Agent[02])
1,talk,113,7,10,VOTE Agent[05]
1,talk,114,7,9,VOTE Agent[04]
1,talk,115,7,6,Over
1,talk,116,7,4,Over
1,talk,117,7,8,Over
1,talk,118,7,2,Over
1,talk,119,7,5,VOTE Agent[10]
1,talk,120,8,10,VOTE Agent[05]
1,talk,121,8,13,Over
1,talk,122,8,5,VOTE Agent[10]
1,talk,123,8,12,Over
1,talk,124,8,9,VOTE Agent[14]
1,talk,125,8,2,Over
1,talk,126,8,4,Over
1,talk,127,8,15,ESTIMATE Agent[02] WEREWOLF
1,talk,128,8,1,Over
1,talk,129,8,8,Over
1,talk,130,8,14,VOTE Agent[10]
1,talk,131,8,7,Over
1,talk,132,8,11,Over
1,talk,133,8,3,Over
1,talk,134,8,6,Over
1,talk,135,9,5,VOTE Agent[10]
1,talk,136,9,9,VOTE Agent[08]
1,talk,137,9,7,Over
1,talk,138,9,14,REQUEST ANY (VOTE Agent[10])
1,talk,139,9,13,Over
1,talk,140,9,4,Over
1,talk,141,9,2,Over
1,talk,142,9,15,REQUEST ANY (VOTE Agent[02])
1,talk,143,9,12,Over
1,talk,144,9,11,Over
1,talk,145,9,1,Over
1,talk,146,9,8,Over
1,talk,147,9,6,Over
1,talk,148,9,3,Over
1,talk,149,9,10,VOTE Agent[05]
1,talk,150,10,14,Over
1,talk,151,10,9,Over
1,talk,152,10,7,Over
1,talk,153,10,1,Over
1,talk,154,10,13,Over
1,talk,155,10,5,Over
1,talk,156,10,15,Over
1,talk,157,10,8,Over
1,talk,158,10,12,Over
1,talk,159,10,6,Over
1,talk,160,10,3,Over
1,talk,161,10,4,Over
1,talk,162,10,10,Over
1,talk,163,10,11,Over
1,talk,164,10,2,Over
1,vote,1,10
1,vote,2,10
1,vote,3,10
1,vote,4,10
1,vote,5,10
1,vote,6,10
1,vote,7,10
1,vote,8,10
1,vote,9,8
1,vote,10,12
1,vote,11,10
1,vote,12,10
1,vote,13,10
1,vote,14,10
1,vote,15,5
1,execute,10,WEREWOLF
1,divine,5,2,HUMAN
1,whisper,0,0,12,Skip
1,whisper,1,0,9,VOTE Agent[01]
1,whisper,2,1,12,Skip
1,whisper,3,1,9,VOTE Agent[05]
1,whisper,4,2,12,Over
1,whisper,5,2,9,VOTE Agent[01]
1,whisper,6,3,9,VOTE Agent[05]
1,whisper,7,3,12,Over
1,whisper,8,4,12,Over
1,whisper,9,4,9,VOTE Agent[01]
1,whisper,10,5,12,Over
1,whisper,11,5,9,VOTE Agent[05]
1,whisper,12,6,12,Over
1,whisper,13,6,9,VOTE Agent[01]
1,whisper,14,7,12,Over
1,whisper,15,7,9,VOTE Agent[05]
1,whisper,16,8,12,Over
1,whisper,17,8,9,VOTE Agent[01]
1,whisper,18,9,12,Over
1,whisper,19,9,9,VOTE Agent[05]
1,whisper,20,10,9,Over
1,whisper,21,10,12,Over
1,guard,7,5,SEER
1,attackVote,9,5
1,attackVote,12,6
1,attackVote,9,5
1,attackVote,12,6
1,attack,5,false
2,status,1,VILLAGER,ALIVE,tonkatsu
2,status,2,VILLAGER,ALIVE,KP22
2,status,3,VILLAGER,ALIVE,kgu_ryu
2,status,4,VILLAGER,ALIVE,sUper_IL
2,status,5,SEER,ALIVE,daphne
2,status,6,VILLAGER,ALIVE,Ncu702
2,status,7,BODYGUARD,ALIVE,ice
2,status,8,VILLAGER,ALIVE,mikami
2,status,9,WEREWOLF,ALIVE,Baguette
2,status,10,WEREWOLF,DEAD,ichida
2,status,11,VILLAGER,ALIVE,Hachi2
2,status,12,WEREWOLF,ALIVE,takoyaki
2,status,13,VILLAGER,ALIVE,CanisLupus
2,status,14,MEDIUM,ALIVE,ioh
2,status,15,POSSESSED,ALIVE,Basket
2,talk,0,0,5,DIVINED Agent[02] WEREWOLF
2,talk,1,0,2,VOTE Agent[12]
2,talk,2,0,12,VOTE Agent[08]
2,talk,3,0,11,VOTE Agent[12]
2,talk,4,0,1,VOTE Agent[12]
2,talk,5,0,9,VOTE Agent[08]
2,talk,6,0,3,VOTE Agent[12]
2,talk,7,0,6,VOTE Agent[12]
2,talk,8,0,15,DIVINED Agent[12] WEREWOLF
2,talk,9,0,4,VOTE Agent[12]
2,talk,10,0,7,VOTE Agent[12]
2,talk,11,0,13,VOTE Agent[12]
2,talk,12,0,8,VOTE Agent[12]
2,talk,13,0,14,COMINGOUT Agent[14] MEDIUM
2,talk,14,1,5,VOTE Agent[12]
2,talk,15,1,11,Skip
2,talk,16,1,9,VOTE Agent[04]
2,talk,17,1,3,Skip
2,talk,18,1,14,IDENTIFIED Agent[10] WEREWOLF
2,talk,19,1,1,Skip
2,talk,20,1,13,Skip
2,talk,21,1,2,Skip
2,talk,22,1,7,Skip
2,talk,23,1,15,ESTIMATE Agent[02] WEREWOLF
2,talk,24,1,4,Skip
2,talk,25,1,12,VOTE Agent[08]
2,talk,26,1,8,Skip
2,talk,27,1,6,Skip
2,talk,28,2,9,VOTE Agent[03]
2,talk,29,2,5,VOTE Agent[12]
2,talk,30,2,13,Skip
2,talk,31,2,12,VOTE Agent[08]
2,talk,32,2,3,Skip
2,talk,33,2,6,Skip
2,talk,34,2,2,Skip
2,talk,35,2,11,Skip
2,talk,36,2,14,ESTIMATE Agent[12] WEREWOLF
2,talk,37,2,15,REQUEST ANY (VOTE Agent[02])
2,talk,38,2,7,Skip
2,talk,39,2,1,Skip
2,talk,40,2,4,Skip
2,talk,41,2,8,Skip
2,talk,42,3,9,VOTE Agent[08]
2,talk,43,3,15,ESTIMATE Agent[02] WEREWOLF
2,talk,44,3,5,VOTE Agent[12]
2,talk,45,3,1,Over
2,talk,46,3,6,Over
2,talk,47,3,4,Over
2,talk,48,3,11,Over
2,talk,49,3,8,Over
2,talk,50,3,13,Over
2,talk,51,3,2,Over
2,talk,52,3,14,REQUEST ANY (VOTE Agent[12])
2,talk,53,3,12,VOTE Agent[08]
2,talk,54,3,3,Over
2,talk,55,3,7,Over
2,talk,56,4,1,Over
2,talk,57,4,8,Over
2,talk,58,4,2,Over
2,talk,59,4,5,VOTE Agent[12]
2,talk,60,4,7,Over
2,talk,61,4,14,ESTIMATE Agent[12] WEREWOLF
2,talk,62,4,9,VOTE Agent[05]
2,talk,63,4,15,REQUEST ANY (VOTE Agent[02])
2,talk,64,4,12,VOTE Agent[08]
2,talk,65,4,3,Over
2,talk,66,4,6,Over
2,talk,67,4,13,Over
2,talk,68,4,4,Over
2,talk,69,4,11,Over
2,talk,70,5,11,Over
2,talk,71,5,3,Over
2,talk,72,5,15,REQUEST ANY (VOTE Agent[02])
2,talk,73,5,7,Over
2,talk,74,5,14,ESTIMATE Agent[12] WEREWOLF
2,talk,75,5,5,VOTE Agent[12]
2,talk,76,5,8,Over
2,talk,77,5,4,Over
2,talk,78,5,13,Over
2,talk,79,5,6,Over
2,talk,80,5,12,VOTE Agent[08]
2,talk,81,5,9,VOTE Agent[03]
2,talk,82,5,2,Over
2,talk,83,5,1,Over
2,talk,84,6,11,Over
2,talk,85,6,14,REQUEST ANY (VOTE Agent[12])
2,talk,86,6,2,Over
2,talk,87,6,1,Over
2,talk,88,6,5,VOTE Agent[12]
2,talk,89,6,12,VOTE Agent[08]
2,talk,90,6,4,Over
2,talk,91,6,15,ESTIMATE Agent[02] WEREWOLF
2,talk,92,6,7,Over
2,talk,93,6,3,Over
2,talk,94,6,6,Over
2,talk,95,6,8,Over
2,talk,96,6,9,VOTE Agent[04]
2,talk,97,6,13,Over
2,talk,98,7,14,REQUEST ANY (VOTE Agent[12])
2,talk,99,7,15,ESTIMATE Agent[02] WEREWOLF
2,talk,100,7,13,Over
2,talk,101,7,5,VOTE Agent[12]
2,talk,102,7,1,Over
2,talk,103,7,8,Over
2,talk,104,7,4,Over
2,talk,105,7,12,VOTE Agent[08]
2,talk,106,7,9,VOTE Agent[01]
2,talk,107,7,7,Over
2,talk,108,7,6,Over
2,talk,109,7,11,Over
2,talk,110,7,2,Over
2,talk,111,7,3,Over
2,talk,112,8,2,Over
2,talk,113,8,3,Over
2,talk,114,8,12,VOTE Agent[08]
2,talk,115,8,11,Over
2,talk,116,8,15,VOTE Agent[02]
2,talk,117,8,5,VOTE Agent[12]
2,talk,118,8,4,Over
2,talk,119,8,9,VOTE Agent[07]
2,talk,120,8,8,Over
2,talk,121,8,14,REQUEST ANY (VOTE Agent[12])
2,talk,122,8,13,Over
2,talk,123,8,6,Over
2,talk,124,8,7,Over
2,talk,125,8,1,Over
2,talk,126,9,7,Over
2,talk,127,9,5,VOTE Agent[12]
2,talk,128,9,12,VOTE Agent[08]
2,talk,129,9,11,Over
2,talk,130,9,2,Over
2,talk,131,9,4,Over
2,talk,132,9,6,Over
2,talk,133,9,8,Over
2,talk,134,9,1,Over
2,talk,135,9,15,ESTIMATE Agent[02] WEREWOLF
2,talk,136,9,14,ESTIMATE Agent[12] WEREWOLF
2,talk,137,9,9,VOTE Agent[13]
2,talk,138,9,3,Over
2,talk,139,9,13,Over
2,talk,140,10,12,Over
2,talk,141,10,7,Over
2,talk,142,10,9,Over
2,talk,143,10,4,Over
2,talk,144,10,6,Over
2,talk,145,10,1,Over
2,talk,146,10,13,Over
2,talk,147,10,2,Over
2,talk,148,10,14,Over
2,talk,149,10,15,Over
2,talk,150,10,11,Over
2,talk,151,10,8,Over
2,talk,152,10,3,Over
2,talk,153,10,5,Over
2,vote,1,12
2,vote,2,12
2,vote,3,12
2,vote,4,12
2,vote,5,12
2,vote,6,12
2,vote,7,12
2,vote,8,12
2,vote,9,13
2,vote,11,12
2,vote,12,8
2,vote,13,12
2,vote,14,12
2,vote,15,8
2,execute,12,WEREWOLF
2,divine,5,13,HUMAN
2,guard,7,5,SEER
2,attackVote,9,5
2,attack,5,false
3,status,1,VILLAGER,ALIVE,tonkatsu
3,status,2,VILLAGER,ALIVE,KP22
3,status,3,VILLAGER,ALIVE,kgu_ryu
3,status,4,VILLAGER,ALIVE,sUper_IL
3,status,5,SEER,ALIVE,daphne
3,status,6,VILLAGER,ALIVE,Ncu702
3,status,7,BODYGUARD,ALIVE,ice
3,status,8,VILLAGER,ALIVE,mikami
3,status,9,WEREWOLF,ALIVE,Baguette
3,status,10,WEREWOLF,DEAD,ichida
3,status,11,VILLAGER,ALIVE,Hachi2
3,status,12,WEREWOLF,DEAD,takoyaki
3,status,13,VILLAGER,ALIVE,CanisLupus
3,status,14,MEDIUM,ALIVE,ioh
3,status,15,POSSESSED,ALIVE,Basket
3,talk,0,0,1,VOTE Agent[09]
3,talk,1,0,9,VOTE Agent[13]
3,talk,2,0,11,VOTE Agent[09]
3,talk,3,0,6,VOTE Agent[09]
3,talk,4,0,4,VOTE Agent[09]
3,talk,5,0,3,VOTE Agent[09]
3,talk,6,0,8,VOTE Agent[09]
3,talk,7,0,2,VOTE Agent[09]
3,talk,8,0,14,IDENTIFIED Agent[12] WEREWOLF
3,talk,9,0,7,VOTE Agent[09]
3,talk,10,0,13,VOTE Agent[09]
3,talk,11,0,15,DIVINED Agent[01] WEREWOLF
3,talk,12,0,5,DIVINED Agent[09] HUMAN
3,talk,13,1,7,Skip
3,talk,14,1,13,VOTE Agent[08]
3,talk,15,1,6,Skip
3,talk,16,1,8,Skip
3,talk,17,1,5,VOTE Agent[09]
3,talk,18,1,14,REQUEST ANY (VOTE Agent[08])
3,talk,19,1,3,VOTE Agent[08]
3,talk,20,1,1,Skip
3,talk,21,1,9,VOTE Agent[03]
3,talk,22,1,11,VOTE Agent[08]
3,talk,23,1,4,VOTE Agent[08]
3,talk,24,1,15,REQUEST ANY (VOTE Agent[01])
3,talk,25,1,2,VOTE Agent[08]
3,talk,26,2,13,VOTE Agent[08]
3,talk,27,2,2,VOTE Agent[08]
3,talk,28,2,8,VOTE Agent[09]
3,talk,29,2,9,VOTE Agent[01]
3,talk,30,2,15,REQUEST ANY (VOTE Agent[01])
3,talk,31,2,3,VOTE Agent[08]
3,talk,32,2,14,VOTE Agent[08]
3,talk,33,2,11,VOTE Agent[08]
3,talk,34,2,6,VOTE Agent[08]
3,talk,35,2,7,VOTE Agent[08]
3,talk,36,2,4,Skip
3,talk,37,2,5,VOTE Agent[08]
3,talk,38,2,1,VOTE Agent[08]
3,talk,39,3,8,VOTE Agent[01]
3,talk,40,3,3,Skip
3,talk,41,3,1,Skip
3,talk,42,3,7,Skip
3,talk,43,3,4,Skip
3,talk,44,3,15,VOTE Agent[01]
3,talk,45,3,13,Skip
3,talk,46,3,6,Skip
3,talk,47,3,14,ESTIMATE Agent[08] WEREWOLF
3,talk,48,3,5,VOTE Agent[08]
3,talk,49,3,9,VOTE Agent[11]
3,talk,50,3,11,Skip
3,talk,51,3,2,Skip
3,talk,52,4,9,VOTE Agent[07]
3,talk,53,4,1,Skip
3,talk,54,4,15,ESTIMATE Agent[01] WEREWOLF
3,talk,55,4,13,Skip
3,talk,56,4,2,Skip
3,talk,57,4,14,ESTIMATE Agent[08] WEREWOLF
3,talk,58,4,7,Skip
3,talk,59,4,3,Skip
3,talk,60,4,8,VOTE Agent[01]
3,talk,61,4,6,Skip
3,talk,62,4,11,Skip
3,talk,63,4,4,Over
3,talk,64,4,5,VOTE Agent[08]
3,talk,65,5,14,REQUEST ANY (VOTE Agent[08])
3,talk,66,5,13,Over
3,talk,67,5,1,Over
3,talk,68,5,9,VOTE Agent[03]
3,talk,69,5,2,Over
3,talk,70,5,15,REQUEST ANY (VOTE Agent[01])
3,talk,71,5,5,VOTE Agent[08]
3,talk,72,5,7,Over
3,talk,73,5,8,VOTE Agent[01]
3,talk,74,5,6,Over
3,talk,75,5,4,Over
3,talk,76,5,3,Over
3,talk,77,5,11,Over
3,talk,78,6,11,Over
3,talk,79,6,13,Over
3,talk,80,6,14,REQUEST ANY (VOTE Agent[08])
3,talk,81,6,4,Over
3,talk,82,6,15,ESTIMATE Agent[01] WEREWOLF
3,talk,83,6,9,VOTE Agent[14]
3,talk,84,6,8,VOTE Agent[01]
3,talk,85,6,1,Over
3,talk,86,6,2,Over
3,talk,87,6,6,Over
3,talk,88,6,5,VOTE Agent[08]
3,talk,89,6,3,Over
3,talk,90,6,7,Over
3,talk,91,7,13,Over
3,talk,92,7,4,Over
3,talk,93,7,3,Over
3,talk,94,7,2,Over
3,talk,95,7,7,Over
3,talk,96,7,1,Over
3,talk,97,7,8,VOTE Agent[01]
3,talk,98,7,9,VOTE Agent[01]
3,talk,99,7,14,ESTIMATE Agent[08] WEREWOLF
3,talk,100,7,15,ESTIMATE Agent[01] WEREWOLF
3,talk,101,7,6,Over
3,talk,102,7,5,VOTE Agent[08]
3,talk,103,7,11,Over
3,talk,104,8,7,Over
3,talk,105,8,4,Over
3,talk,106,8,2,Over
3,talk,107,8,14,REQUEST ANY (VOTE Agent[08])
3,talk,108,8,1,Over
3,talk,109,8,3,Over
3,talk,110,8,11,Over
3,talk,111,8,6,Over
3,talk,112,8,5,VOTE Agent[08]
3,talk,113,8,9,VOTE Agent[04]
3,talk,114,8,15,ESTIMATE Agent[01] WEREWOLF
3,talk,115,8,8,VOTE Agent[01]
3,talk,116,8,13,Over
3,talk,117,9,11,Over
3,talk,118,9,9,VOTE Agent[03]
3,talk,119,9,2,Over
3,talk,120,9,1,Over
3,talk,121,9,4,Over
3,talk,122,9,13,Over
3,talk,123,9,14,VOTE Agent[08]
3,talk,124,9,7,Over
3,talk,125,9,3,Over
3,talk,126,9,5,VOTE Agent[08]
3,talk,127,9,15,VOTE Agent[01]
3,talk,128,9,8,VOTE Agent[01]
3,talk,129,9,6,Over
3,talk,130,10,5,Over
3,talk,131,10,13,Over
3,talk,132,10,4,Over
3,talk,133,10,9,Over
3,talk,134,10,15,Over
3,talk,135,10,8,VOTE Agent[01]
3,talk,136,10,2,Over
3,talk,137,10,6,Over
3,talk,138,10,3,Over
3,talk,139,10,1,Over
3,talk,140,10,7,Over
3,talk,141,10,14,Over
3,talk,142,10,11,Over
3,talk,143,11,9,Over
3,talk,144,11,5,Over
3,talk,145,11,7,Over
3,talk,146,11,15,Over
3,talk,147,11,11,Over
3,talk,148,11,4,Over
3,talk,149,11,6,Over
3,talk,150,11,1,Over
3,talk,151,11,3,Over
3,talk,152,11,14,Over
3,talk,153,11,2,Over
3,talk,154,11,13,Over
3,talk,155,11,8,Over
3,vote,1,8
3,vote,2,8
3,vote,3,8
3,vote,4,8
3,vote,5,8
3,vote,6,8
3,vote,7,8
3,vote,8,1
3,vote,9,3
3,vote,11,8
3,vote,13,8
3,vote,14,8
3,vote,15,1
3,execute,8,VILLAGER
3,divine,5,1,HUMAN
3,guard,7,5,SEER
3,attackVote,9,5
3,attack,5,false
4,status,1,VILLAGER,ALIVE,tonkatsu
4,status,2,VILLAGER,ALIVE,KP22
4,status,3,VILLAGER,ALIVE,kgu_ryu
4,status,4,VILLAGER,ALIVE,sUper_IL
4,status,5,SEER,ALIVE,daphne
4,status,6,VILLAGER,ALIVE,Ncu702
4,status,7,BODYGUARD,ALIVE,ice
4,status,8,VILLAGER,DEAD,mikami
4,status,9,WEREWOLF,ALIVE,Baguette
4,status,10,WEREWOLF,DEAD,ichida
4,status,11,VILLAGER,ALIVE,Hachi2
4,status,12,WEREWOLF,DEAD,takoyaki
4,status,13,VILLAGER,ALIVE,CanisLupus
4,status,14,MEDIUM,ALIVE,ioh
4,status,15,POSSESSED,ALIVE,Basket
4,talk,0,0,14,IDENTIFIED Agent[08] HUMAN
4,talk,1,0,2,VOTE Agent[06]
4,talk,2,0,6,VOTE Agent[01]
4,talk,3,0,7,VOTE Agent[06]
4,talk,4,0,11,VOTE Agent[06]
4,talk,5,0,9,VOTE Agent[07]
4,talk,6,0,5,DIVINED Agent[06] HUMAN
4,talk,7,0,1,VOTE Agent[06]
4,talk,8,0,3,VOTE Agent[04]
4,talk,9,0,15,DIVINED Agent[09] WEREWOLF
4,talk,10,0,4,VOTE Agent[13]
4,talk,11,0,13,VOTE Agent[04]
4,talk,12,1,5,VOTE Agent[06]
4,talk,13,1,1,VOTE Agent[06]
4,talk,14,1,4,VOTE Agent[13]
4,talk,15,1,13,VOTE Agent[04]
4,talk,16,1,9,VOTE Agent[04]
4,talk,17,1,3,VOTE Agent[04]
4,talk,18,1,11,VOTE Agent[04]
4,talk,19,1,6,VOTE Agent[04]
4,talk,20,1,14,REQUEST ANY (VOTE Agent[13])
4,talk,21,1,2,VOTE Agent[04]
4,talk,22,1,15,ESTIMATE Agent[01] WEREWOLF
4,talk,23,1,7,VOTE Agent[04]
4,talk,24,2,5,VOTE Agent[04]
4,talk,25,2,14,REQUEST ANY (VOTE Agent[04])
4,talk,26,2,15,REQUEST ANY (VOTE Agent[01])
4,talk,27,2,2,Skip
4,talk,28,2,4,VOTE Agent[13]
4,talk,29,2,11,Skip
4,talk,30,2,9,VOTE Agent[15]
4,talk,31,2,13,Skip
4,talk,32,2,6,Skip
4,talk,33,2,7,Skip
4,talk,34,2,1,VOTE Agent[04]
4,talk,35,2,3,Skip
4,talk,36,3,7,Skip
4,talk,37,3,1,Skip
4,talk,38,3,5,VOTE Agent[04]
4,talk,39,3,11,Skip
4,talk,40,3,2,Skip
4,talk,41,3,6,Skip
4,talk,42,3,4,VOTE Agent[13]
4,talk,43,3,3,Skip
4,talk,44,3,13,Skip
4,talk,45,3,14,VOTE Agent[13]
4,talk,46,3,15,REQUEST ANY (VOTE Agent[01])
4,talk,47,3,9,VOTE Agent[06]
4,talk,48,4,1,Skip
4,talk,49,4,5,VOTE Agent[04]
4,talk,50,4,11,Over
4,talk,51,4,4,VOTE Agent[13]
4,talk,52,4,14,ESTIMATE Agent[13] WEREWOLF
4,talk,53,4,6,Over
4,talk,54,4,15,VOTE Agent[01]
4,talk,55,4,3,Over
4,talk,56,4,2,Over
4,talk,57,4,7,Over
4,talk,58,4,9,VOTE Agent[14]
4,talk,59,4,13,Over
4,talk,60,5,9,VOTE Agent[13]
4,talk,61,5,1,Over
4,talk,62,5,2,Over
4,talk,63,5,11,Over
4,talk,64,5,15,ESTIMATE Agent[01] WEREWOLF
4,talk,65,5,5,VOTE Agent[04]
4,talk,66,5,14,ESTIMATE Agent[13] WEREWOLF
4,talk,67,5,13,Over
4,talk,68,5,3,Over
4,talk,69,5,6,Over
4,talk,70,5,7,Over
4,talk,71,5,4,VOTE Agent[13]
4,talk,72,6,11,Over
4,talk,73,6,1,Over
4,talk,74,6,4,VOTE Agent[13]
4,talk,75,6,6,Over
4,talk,76,6,5,VOTE Agent[04]
4,talk,77,6,9,VOTE Agent[15]
4,talk,78,6,3,Over
4,talk,79,6,2,Over
4,talk,80,6,13,Over
4,talk,81,6,14,ESTIMATE Agent[13] WEREWOLF
4,talk,82,6,7,Over
4,talk,83,6,15,REQUEST ANY (VOTE Agent[01])
4,talk,84,7,3,Over
4,talk,85,7,13,Over
4,talk,86,7,14,ESTIMATE Agent[13] WEREWOLF
4,talk,87,7,9,VOTE Agent[04]
4,talk,88,7,7,Over
4,talk,89,7,6,Over
4,talk,90,7,2,Over
4,talk,91,7,15,ESTIMATE Agent[01] WEREWOLF
4,talk,92,7,4,VOTE Agent[13]
4,talk,93,7,5,VOTE Agent[04]
4,talk,94,7,1,Over
4,talk,95,7,11,Over
4,talk,96,8,11,Over
4,talk,97,8,1,Over
4,talk,98,8,15,ESTIMATE Agent[01] WEREWOLF
4,talk,99,8,9,VOTE Agent[01]
4,talk,100,8,3,Over
4,talk,101,8,2,Over
4,talk,102,8,5,VOTE Agent[04]
4,talk,103,8,4,VOTE Agent[13]
4,talk,104,8,7,Over
4,talk,105,8,14,VOTE Agent[13]
4,talk,106,8,13,Over
4,talk,107,8,6,Over
4,talk,108,9,14,ESTIMATE Agent[13] WEREWOLF
4,talk,109,9,4,VOTE Agent[13]
4,talk,110,9,11,Over
4,talk,111,9,5,VOTE Agent[04]
4,talk,112,9,3,Over
4,talk,113,9,7,Over
4,talk,114,9,9,VOTE Agent[03]
4,talk,115,9,2,Over
4,talk,116,9,13,Over
4,talk,117,9,1,Over
4,talk,118,9,15,ESTIMATE Agent[01] WEREWOLF
4,talk,119,9,6,Over
4,talk,120,10,6,Over
4,talk,121,10,5,Over
4,talk,122,10,15,Over
4,talk,123,10,13,Over
4,talk,124,10,9,Over
4,talk,125,10,1,Over
4,talk,126,10,7,Over
4,talk,127,10,4,Over
4,talk,128,10,2,Over
4,talk,129,10,3,Over
4,talk,130,10,14,Over
4,talk,131,10,11,Over
4,vote,1,4
4,vote,2,4
4,vote,3,4
4,vote,4,13
4,vote,5,4
4,vote,6,4
4,vote,7,4
4,vote,9,3
4,vote,11,4
4,vote,13,4
4,vote,14,13
4,vote,15,4
4,execute,4,VILLAGER
4,divine,5,3,HUMAN
4,guard,7,5,SEER
4,attackVote,9,5
4,attack,5,false
5,status,1,VILLAGER,ALIVE,tonkatsu
5,status,2,VILLAGER,ALIVE,KP22
5,status,3,VILLAGER,ALIVE,kgu_ryu
5,status,4,VILLAGER,DEAD,sUper_IL
5,status,5,SEER,ALIVE,daphne
5,status,6,VILLAGER,ALIVE,Ncu702
5,status,7,BODYGUARD,ALIVE,ice
5,status,8,VILLAGER,DEAD,mikami
5,status,9,WEREWOLF,ALIVE,Baguette
5,status,10,WEREWOLF,DEAD,ichida
5,status,11,VILLAGER,ALIVE,Hachi2
5,status,12,WEREWOLF,DEAD,takoyaki
5,status,13,VILLAGER,ALIVE,CanisLupus
5,status,14,MEDIUM,ALIVE,ioh
5,status,15,POSSESSED,ALIVE,Basket
5,talk,0,0,11,VOTE Agent[13]
5,talk,1,0,6,VOTE Agent[13]
5,talk,2,0,5,DIVINED Agent[13] HUMAN
5,talk,3,0,3,VOTE Agent[11]
5,talk,4,0,7,VOTE Agent[13]
5,talk,5,0,1,VOTE Agent[13]
5,talk,6,0,15,DIVINED Agent[06] WEREWOLF
5,talk,7,0,14,IDENTIFIED Agent[04] HUMAN
5,talk,8,0,9,VOTE Agent[15]
5,talk,9,0,2,VOTE Agent[11]
5,talk,10,0,13,VOTE Agent[11]
5,talk,11,1,3,VOTE Agent[11]
5,talk,12,1,7,VOTE Agent[13]
5,talk,13,1,11,VOTE Agent[07]
5,talk,14,1,5,VOTE Agent[13]
5,talk,15,1,15,VOTE Agent[09]
5,talk,16,1,9,VOTE Agent[11]
5,talk,17,1,13,VOTE Agent[11]
5,talk,18,1,1,VOTE Agent[11]
5,talk,19,1,6,VOTE Agent[11]
5,talk,20,1,2,Skip
5,talk,21,1,14,VOTE Agent[11]
5,talk,22,2,15,REQUEST ANY (VOTE Agent[09])
5,talk,23,2,3,VOTE Agent[07]
5,talk,24,2,6,Skip
5,talk,25,2,5,VOTE Agent[11]
5,talk,26,2,14,ESTIMATE Agent[03] WEREWOLF
5,talk,27,2,11,VOTE Agent[03]
5,talk,28,2,1,Skip
5,talk,29,2,13,VOTE Agent[07]
5,talk,30,2,9,VOTE Agent[07]
5,talk,31,2,2,VOTE Agent[07]
5,talk,32,2,7,VOTE Agent[11]
5,talk,33,3,15,ESTIMATE Agent[09] WEREWOLF
5,talk,34,3,13,VOTE Agent[07]
5,talk,35,3,14,ESTIMATE Agent[03] WEREWOLF
5,talk,36,3,9,VOTE Agent[03]
5,talk,37,3,3,VOTE Agent[07]
5,talk,38,3,2,VOTE Agent[03]
5,talk,39,3,1,VOTE Agent[03]
5,talk,40,3,11,VOTE Agent[03]
5,talk,41,3,5,VOTE Agent[03]
5,talk,42,3,7,VOTE Agent[03]
5,talk,43,3,6,VOTE Agent[03]
5,talk,44,4,9,VOTE Agent[03]
5,talk,45,4,11,Skip
5,talk,46,4,15,REQUEST ANY (VOTE Agent[09])
5,talk,47,4,13,VOTE Agent[07]
5,talk,48,4,1,Skip
5,talk,49,4,3,VOTE Agent[07]
5,talk,50,4,5,VOTE Agent[03]
5,talk,51,4,2,Skip
5,talk,52,4,7,Skip
5,talk,53,4,6,Skip
5,talk,54,4,14,ESTIMATE Agent[03] WEREWOLF
5,talk,55,5,2,Skip
5,talk,56,5,6,Skip
5,talk,57,5,5,VOTE Agent[03]
5,talk,58,5,14,REQUEST ANY (VOTE Agent[03])
5,talk,59,5,15,REQUEST ANY (VOTE Agent[09])
5,talk,60,5,13,VOTE Agent[07]
5,talk,61,5,3,VOTE Agent[07]
5,talk,62,5,9,VOTE Agent[14]
5,talk,63,5,7,Skip
5,talk,64,5,11,Skip
5,talk,65,5,1,Skip
5,talk,66,6,9,VOTE Agent[07]
5,talk,67,6,2,Over
5,talk,68,6,14,VOTE Agent[03]
5,talk,69,6,11,Over
5,talk,70,6,3,VOTE Agent[07]
5,talk,71,6,6,Over
5,talk,72,6,5,VOTE Agent[03]
5,talk,73,6,13,VOTE Agent[07]
5,talk,74,6,15,REQUEST ANY (VOTE Agent[09])
5,talk,75,6,7,Over
5,talk,76,6,1,Over
5,talk,77,7,14,ESTIMATE Agent[03] WEREWOLF
5,talk,78,7,9,VOTE Agent[07]
5,talk,79,7,6,Over
5,talk,80,7,2,Over
5,talk,81,7,11,Over
5,talk,82,7,7,Over
5,talk,83,7,1,Over
5,talk,84,7,13,VOTE Agent[07]
5,talk,85,7,15,REQUEST ANY (VOTE Agent[09])
5,talk,86,7,3,VOTE Agent[07]
5,talk,87,7,5,VOTE Agent[03]
5,talk,88,8,11,Over
5,talk,89,8,5,VOTE Agent[03]
5,talk,90,8,2,Over
5,talk,91,8,13,VOTE Agent[07]
5,talk,92,8,14,REQUEST ANY (VOTE Agent[03])
5,talk,93,8,6,Over
5,talk,94,8,1,Over
5,talk,95,8,3,VOTE Agent[07]
5,talk,96,8,7,Over
5,talk,97,8,9,VOTE Agent[14]
5,talk,98,8,15,VOTE Agent[09]
5,talk,99,9,6,Over
5,talk,100,9,14,ESTIMATE Agent[03] WEREWOLF
5,talk,101,9,9,VOTE Agent[11]
5,talk,102,9,2,Over
5,talk,103,9,15,ESTIMATE Agent[09] WEREWOLF
5,talk,104,9,3,VOTE Agent[07]
5,talk,105,9,13,VOTE Agent[07]
5,talk,106,9,11,Over
5,talk,107,9,7,Over
5,talk,108,9,1,Over
5,talk,109,9,5,VOTE Agent[03]
5,talk,110,10,3,Over
5,talk,111,10,6,Over
5,talk,112,10,1,Over
5,talk,113,10,11,Over
5,talk,114,10,14,Over
5,talk,115,10,13,Over
5,talk,116,10,15,Over
5,talk,117,10,5,Over
5,talk,118,10,2,Over
5,talk,119,10,9,Over
5,talk,120,10,7,Over
5,vote,1,3
5,vote,2,3
5,vote,3,7
5,vote,5,3
5,vote,6,3
5,vote,7,3
5,vote,9,11
5,vote,11,3
5,vote,13,7
5,vote,14,3
5,vote,15,7
5,execute,3,VILLAGER
5,divine,5,7,HUMAN
5,guard,7,5,SEER
5,attackVote,9,5
5,attack,5,false
6,status,1,VILLAGER,ALIVE,tonkatsu
6,status,2,VILLAGER,ALIVE,KP22
6,status,3,VILLAGER,DEAD,kgu_ryu
6,status,4,VILLAGER,DEAD,sUper_IL
6,status,5,SEER,ALIVE,daphne
6,status,6,VILLAGER,ALIVE,Ncu702
6,status,7,BODYGUARD,ALIVE,ice
6,status,8,VILLAGER,DEAD,mikami
6,status,9,WEREWOLF,ALIVE,Baguette
6,status,10,WEREWOLF,DEAD,ichida
6,status,11,VILLAGER,ALIVE,Hachi2
6,status,12,WEREWOLF,DEAD,takoyaki
6,status,13,VILLAGER,ALIVE,CanisLupus
6,status,14,MEDIUM,ALIVE,ioh
6,status,15,POSSESSED,ALIVE,Basket
6,talk,0,0,6,VOTE Agent[01]
6,talk,1,0,9,VOTE Agent[01]
6,talk,2,0,14,IDENTIFIED Agent[03] HUMAN
6,talk,3,0,2,VOTE Agent[07]
6,talk,4,0,7,VOTE Agent[01]
6,talk,5,0,11,VOTE Agent[07]
6,talk,6,0,15,DIVINED Agent[13] WEREWOLF
6,talk,7,0,13,VOTE Agent[07]
6,talk,8,0,5,DIVINED Agent[07] HUMAN
6,talk,9,0,1,VOTE Agent[07]
6,talk,10,1,2,VOTE Agent[11]
6,talk,11,1,1,VOTE Agent[07]
6,talk,12,1,15,ESTIMATE Agent[09] WEREWOLF
6,talk,13,1,5,VOTE Agent[07]
6,talk,14,1,6,VOTE Agent[07]
6,talk,15,1,11,VOTE Agent[02]
6,talk,16,1,14,REQUEST ANY (VOTE Agent[02])
6,talk,17,1,13,VOTE Agent[11]
6,talk,18,1,9,VOTE Agent[14]
6,talk,19,1,7,VOTE Agent[11]
6,talk,20,2,9,VOTE Agent[15]
6,talk,21,2,11,VOTE Agent[02]
6,talk,22,2,2,VOTE Agent[11]
6,talk,23,2,6,VOTE Agent[07]
6,talk,24,2,13,VOTE Agent[11]
6,talk,25,2,5,VOTE Agent[07]
6,talk,26,2,7,VOTE Agent[11]
6,talk,27,2,1,VOTE Agent[11]
6,talk,28,2,15,ESTIMATE Agent[09] WEREWOLF
6,talk,29,2,14,VOTE Agent[11]
6,talk,30,3,11,VOTE Agent[02]
6,talk,31,3,2,Skip
6,talk,32,3,14,ESTIMATE Agent[11] WEREWOLF
6,talk,33,3,9,VOTE Agent[13]
6,talk,34,3,1,Skip
6,talk,35,3,6,VOTE Agent[11]
6,talk,36,3,15,ESTIMATE Agent[01] WEREWOLF
6,talk,37,3,13,Skip
6,talk,38,3,5,VOTE Agent[11]
6,talk,39,3,7,Skip
6,talk,40,4,9,VOTE Agent[11]
6,talk,41,4,13,Skip
6,talk,42,4,1,Skip
6,talk,43,4,15,ESTIMATE Agent[01] WEREWOLF
6,talk,44,4,14,ESTIMATE Agent[11] WEREWOLF
6,talk,45,4,11,VOTE Agent[02]
6,talk,46,4,5,VOTE Agent[11]
6,talk,47,4,6,Skip
6,talk,48,4,7,Skip
6,talk,49,4,2,Skip
6,talk,50,5,5,VOTE Agent[11]
6,talk,51,5,14,ESTIMATE Agent[11] WEREWOLF
6,talk,52,5,11,VOTE Agent[02]
6,talk,53,5,6,Skip
6,talk,54,5,15,REQUEST ANY (VOTE Agent[01])
6,talk,55,5,7,Over
6,talk,56,5,2,Over
6,talk,57,5,13,Over
6,talk,58,5,1,Over
6,talk,59,5,9,VOTE Agent[07]
6,talk,60,6,2,Over
6,talk,61,6,5,VOTE Agent[11]
6,talk,62,6,7,Over
6,talk,63,6,13,Over
6,talk,64,6,9,VOTE Agent[11]
6,talk,65,6,11,VOTE Agent[02]
6,talk,66,6,1,Over
6,talk,67,6,14,VOTE Agent[11]
6,talk,68,6,15,ESTIMATE Agent[01] WEREWOLF
6,talk,69,6,6,Over
6,talk,70,7,11,VOTE Agent[02]
6,talk,71,7,14,REQUEST ANY (VOTE Agent[11])
6,talk,72,7,7,Over
6,talk,73,7,6,Over
6,talk,74,7,15,REQUEST ANY (VOTE Agent[01])
6,talk,75,7,2,Over
6,talk,76,7,1,Over
6,talk,77,7,5,VOTE Agent[11]
6,talk,78,7,9,VOTE Agent[02]
6,talk,79,7,13,Over
6,talk,80,8,11,VOTE Agent[02]
6,talk,81,8,13,Over
6,talk,82,8,1,Over
6,talk,83,8,14,ESTIMATE Agent[11] WEREWOLF
6,talk,84,8,9,VOTE Agent[02]
6,talk,85,8,6,Over
6,talk,86,8,7,Over
6,talk,87,8,15,REQUEST ANY (VOTE Agent[01])
6,talk,88,8,5,VOTE Agent[11]
6,talk,89,8,2,Over
6,talk,90,9,5,VOTE Agent[11]
6,talk,91,9,7,Over
6,talk,92,9,14,VOTE Agent[11]
6,talk,93,9,6,Over
6,talk,94,9,11,VOTE Agent[02]
6,talk,95,9,9,VOTE Agent[02]
6,talk,96,9,13,Over
6,talk,97,9,2,Over
6,talk,98,9,1,Over
6,talk,99,9,15,REQUEST ANY (VOTE Agent[01])
6,talk,100,10,7,Over
6,talk,101,10,14,Over
6,talk,102,10,5,Over
6,talk,103,10,11,Over
6,talk,104,10,1,Over
6,talk,105,10,6,Over
6,talk,106,10,13,Over
6,talk,107,10,2,Over
6,talk,108,10,9,Over
6,talk,109,10,15,Over
6,vote,1,11
6,vote,2,11
6,vote,5,11
6,vote,6,11
6,vote,7,11
6,vote,9,2
6,vote,11,2
6,vote,13,11
6,vote,14,11
6,vote,15,2
6,execute,11,VILLAGER
6,divine,5,6,HUMAN
6,guard,7,5,SEER
6,attackVote,9,5
6,attack,5,false
7,status,1,VILLAGER,ALIVE,tonkatsu
7,status,2,VILLAGER,ALIVE,KP22
7,status,3,VILLAGER,DEAD,kgu_ryu
7,status,4,VILLAGER,DEAD,sUper_IL
7,status,5,SEER,ALIVE,daphne
7,status,6,VILLAGER,ALIVE,Ncu702
7,status,7,BODYGUARD,ALIVE,ice
7,status,8,VILLAGER,DEAD,mikami
7,status,9,WEREWOLF,ALIVE,Baguette
7,status,10,WEREWOLF,DEAD,ichida
7,status,11,VILLAGER,DEAD,Hachi2
7,status,12,WEREWOLF,DEAD,takoyaki
7,status,13,VILLAGER,ALIVE,CanisLupus
7,status,14,MEDIUM,ALIVE,ioh
7,status,15,POSSESSED,ALIVE,Basket
7,talk,0,0,6,VOTE Agent[01]
7,talk,1,0,1,VOTE Agent[02]
7,talk,2,0,7,VOTE Agent[02]
7,talk,3,0,2,VOTE Agent[15]
7,talk,4,0,15,DIVINED Agent[07] WEREWOLF
7,talk,5,0,5,DIVINED Agent[15] WEREWOLF
7,talk,6,0,14,IDENTIFIED Agent[11] HUMAN
7,talk,7,0,9,VOTE Agent[15]
7,talk,8,0,13,VOTE Agent[02]
7,talk,9,1,15,REQUEST ANY (VOTE Agent[09])
7,talk,10,1,13,VOTE Agent[02]
7,talk,11,1,7,VOTE Agent[02]
7,talk,12,1,2,VOTE Agent[15]
7,talk,13,1,5,VOTE Agent[02]
7,talk,14,1,9,VOTE Agent[07]
7,talk,15,1,1,VOTE Agent[02]
7,talk,16,1,6,VOTE Agent[02]
7,talk,17,1,14,REQUEST ANY (VOTE Agent[02])
7,talk,18,2,5,VOTE Agent[02]
7,talk,19,2,7,Skip
7,talk,20,2,15,VOTE Agent[01]
7,talk,21,2,6,Skip
7,talk,22,2,2,VOTE Agent[15]
7,talk,23,2,9,VOTE Agent[06]
7,talk,24,2,1,Skip
7,talk,25,2,13,Skip
7,talk,26,2,14,REQUEST ANY (VOTE Agent[02])
7,talk,27,3,14,ESTIMATE Agent[02] WEREWOLF
7,talk,28,3,15,VOTE Agent[09]
7,talk,29,3,1,Skip
7,talk,30,3,2,VOTE Agent[15]
7,talk,31,3,7,Skip
7,talk,32,3,5,VOTE Agent[02]
7,talk,33,3,13,Skip
7,talk,34,3,9,VOTE Agent[02]
7,talk,35,3,6,Skip
7,talk,36,4,5,VOTE Agent[02]
7,talk,37,4,1,Over
7,talk,38,4,15,ESTIMATE Agent[09] WEREWOLF
7,talk,39,4,7,Over
7,talk,40,4,6,Over
7,talk,41,4,9,VOTE Agent[06]
7,talk,42,4,2,VOTE Agent[15]
7,talk,43,4,14,REQUEST ANY (VOTE Agent[02])
7,talk,44,4,13,Over
7,talk,45,5,5,VOTE Agent[02]
7,talk,46,5,13,Over
7,talk,47,5,9,VOTE Agent[07]
7,talk,48,5,6,Over
7,talk,49,5,1,Over
7,talk,50,5,15,VOTE Agent[09]
7,talk,51,5,7,Over
7,talk,52,5,2,VOTE Agent[15]
7,talk,53,5,14,ESTIMATE Agent[02] WEREWOLF
7,talk,54,6,9,VOTE Agent[15]
7,talk,55,6,6,Over
7,talk,56,6,1,Over
7,talk,57,6,15,VOTE Agent[09]
7,talk,58,6,7,Over
7,talk,59,6,14,ESTIMATE Agent[02] WEREWOLF
7,talk,60,6,5,VOTE Agent[02]
7,talk,61,6,13,Over
7,talk,62,6,2,VOTE Agent[15]
7,talk,63,7,14,ESTIMATE Agent[02] WEREWOLF
7,talk,64,7,6,Over
7,talk,65,7,7,Over
7,talk,66,7,5,VOTE Agent[02]
7,talk,67,7,15,REQUEST ANY (VOTE Agent[09])
7,talk,68,7,9,VOTE Agent[07]
7,talk,69,7,13,Over
7,talk,70,7,2,VOTE Agent[15]
7,talk,71,7,1,Over
7,talk,72,8,13,Over
7,talk,73,8,5,VOTE Agent[02]
7,talk,74,8,15,VOTE Agent[09]
7,talk,75,8,7,Over
7,talk,76,8,2,VOTE Agent[15]
7,talk,77,8,9,VOTE Agent[07]
7,talk,78,8,14,VOTE Agent[02]
7,talk,79,8,6,Over
7,talk,80,8,1,Over
7,talk,81,9,2,VOTE Agent[15]
7,talk,82,9,1,Over
7,talk,83,9,15,REQUEST ANY (VOTE Agent[09])
7,talk,84,9,5,VOTE Agent[02]
7,talk,85,9,6,Over
7,talk,86,9,14,VOTE Agent[02]
7,talk,87,9,13,Over
7,talk,88,9,9,VOTE Agent[15]
7,talk,89,9,7,Over
7,talk,90,10,14,Over
7,talk,91,10,6,Over
7,talk,92,10,5,Over
7,talk,93,10,7,Over
7,talk,94,10,13,Over
7,talk,95,10,1,Over
7,talk,96,10,9,Over
7,talk,97,10,15,Over
7,talk,98,10,2,Over
7,vote,1,2
7,vote,2,15
7,vote,5,2
7,vote,6,2
7,vote,7,2
7,vote,9,15
7,vote,13,2
7,vote,14,2
7,vote,15,5
7,execute,2,VILLAGER
7,divine,5,9,WEREWOLF
7,guard,7,5,SEER
7,attackVote,9,5
7,attack,5,false
8,status,1,VILLAGER,ALIVE,tonkatsu
8,status,2,VILLAGER,DEAD,KP22
8,status,3,VILLAGER,DEAD,kgu_ryu
8,status,4,VILLAGER,DEAD,sUper_IL
8,status,5,SEER,ALIVE,daphne
8,status,6,VILLAGER,ALIVE,Ncu702
8,status,7,BODYGUARD,ALIVE,ice
8,status,8,VILLAGER,DEAD,mikami
8,status,9,WEREWOLF,ALIVE,Baguette
8,status,10,WEREWOLF,DEAD,ichida
8,status,11,VILLAGER,DEAD,Hachi2
8,status,12,WEREWOLF,DEAD,takoyaki
8,status,13,VILLAGER,ALIVE,CanisLupus
8,status,14,MEDIUM,ALIVE,ioh
8,status,15,POSSESSED,ALIVE,Basket
8,talk,0,0,9,VOTE Agent[15]
8,talk,1,0,1,VOTE Agent[15]
8,talk,2,0,5,DIVINED Agent[14] WEREWOLF
8,talk,3,0,13,VOTE Agent[15]
8,talk,4,0,6,VOTE Agent[15]
8,talk,5,0,15,DIVINED Agent[14] WEREWOLF
8,talk,6,0,14,IDENTIFIED Agent[02] HUMAN
8,talk,7,0,7,VOTE Agent[15]
8,talk,8,1,14,REQUEST ANY (VOTE Agent[15])
8,talk,9,1,15,VOTE Agent[09]
8,talk,10,1,5,VOTE Agent[15]
8,talk,11,1,6,Skip
8,talk,12,1,7,Skip
8,talk,13,1,9,VOTE Agent[15]
8,talk,14,1,13,Skip
8,talk,15,1,1,Skip
8,talk,16,2,14,ESTIMATE Agent[15] WEREWOLF
8,talk,17,2,13,Skip
8,talk,18,2,9,VOTE Agent[15]
8,talk,19,2,6,Skip
8,talk,20,2,15,REQUEST ANY (VOTE Agent[09])
8,talk,21,2,7,Skip
8,talk,22,2,1,Skip
8,talk,23,2,5,VOTE Agent[15]
8,talk,24,3,13,Over
8,talk,25,3,7,Over
8,talk,26,3,9,VOTE Agent[01]
8,talk,27,3,5,VOTE Agent[15]
8,talk,28,3,14,REQUEST ANY (VOTE Agent[15])
8,talk,29,3,6,Over
8,talk,30,3,1,Over
8,talk,31,3,15,REQUEST ANY (VOTE Agent[09])
8,talk,32,4,5,VOTE Agent[15]
8,talk,33,4,13,Over
8,talk,34,4,6,Over
8,talk,35,4,7,Over
8,talk,36,4,1,Over
8,talk,37,4,15,REQUEST ANY (VOTE Agent[09])
8,talk,38,4,14,REQUEST ANY (VOTE Agent[15])
8,talk,39,4,9,VOTE Agent[13]
8,talk,40,5,6,Over
8,talk,41,5,14,REQUEST ANY (VOTE Agent[15])
8,talk,42,5,1,Over
8,talk,43,5,7,Over
8,talk,44,5,5,VOTE Agent[15]
8,talk,45,5,13,Over
8,talk,46,5,15,REQUEST ANY (VOTE Agent[09])
8,talk,47,5,9,VOTE Agent[15]
8,talk,48,6,1,Over
8,talk,49,6,13,Over
8,talk,50,6,6,Over
8,talk,51,6,14,ESTIMATE Agent[15] WEREWOLF
8,talk,52,6,15,REQUEST ANY (VOTE Agent[09])
8,talk,53,6,7,Over
8,talk,54,6,5,VOTE Agent[15]
8,talk,55,6,9,VOTE Agent[14]
8,talk,56,7,14,VOTE Agent[15]
8,talk,57,7,5,VOTE Agent[15]
8,talk,58,7,15,VOTE Agent[09]
8,talk,59,7,7,Over
8,talk,60,7,1,Over
8,talk,61,7,13,Over
8,talk,62,7,6,Over
8,talk,63,7,9,VOTE Agent[07]
8,talk,64,8,6,Over
8,talk,65,8,13,Over
8,talk,66,8,1,Over
8,talk,67,8,14,ESTIMATE Agent[15] WEREWOLF
8,talk,68,8,7,Over
8,talk,69,8,15,REQUEST ANY (VOTE Agent[09])
8,talk,70,8,5,VOTE Agent[15]
8,talk,71,8,9,VOTE Agent[07]
8,talk,72,9,7,Over
8,talk,73,9,14,REQUEST ANY (VOTE Agent[15])
8,talk,74,9,5,VOTE Agent[15]
8,talk,75,9,6,Over
8,talk,76,9,9,VOTE Agent[15]
8,talk,77,9,1,Over
8,talk,78,9,13,Over
8,talk,79,9,15,ESTIMATE Agent[09] WEREWOLF
8,talk,80,10,9,Over
8,talk,81,10,6,Over
8,talk,82,10,14,Over
8,talk,83,10,5,Over
8,talk,84,10,15,Over
8,talk,85,10,7,Over
8,talk,86,10,1,Over
8,talk,87,10,13,Over
8,vote,1,15
8,vote,5,15
8,vote,6,15
8,vote,7,15
8,vote,9,15
8,vote,13,15
8,vote,14,15
8,vote,15,1
8,execute,15,POSSESSED
8,divine,5,14,HUMAN
8,guard,7,5,SEER
8,attackVote,9,5
8,attack,5,false
9,status,1,VILLAGER,ALIVE,tonkatsu
9,status,2,VILLAGER,DEAD,KP22
9,status,3,VILLAGER,DEAD,kgu_ryu
9,status,4,VILLAGER,DEAD,sUper_IL
9,status,5,SEER,ALIVE,daphne
9,status,6,VILLAGER,ALIVE,Ncu702
9,status,7,BODYGUARD,ALIVE,ice
9,status,8,VILLAGER,DEAD,mikami
9,status,9,WEREWOLF,ALIVE,Baguette
9,status,10,WEREWOLF,DEAD,ichida
9,status,11,VILLAGER,DEAD,Hachi2
9,status,12,WEREWOLF,DEAD,takoyaki
9,status,13,VILLAGER,ALIVE,CanisLupus
9,status,14,MEDIUM,ALIVE,ioh
9,status,15,POSSESSED,DEAD,Basket
9,talk,0,0,9,VOTE Agent[07]
9,talk,1,0,5,VOTE Agent[07]
9,talk,2,0,7,VOTE Agent[09]
9,talk,3,0,13,VOTE Agent[09]
9,talk,4,0,6,VOTE Agent[07]
9,talk,5,0,1,VOTE Agent[07]
9,talk,6,0,14,IDENTIFIED Agent[15] HUMAN
9,talk,7,1,6,Skip
9,talk,8,1,14,ESTIMATE Agent[09] WEREWOLF
9,talk,9,1,13,VOTE Agent[09]
9,talk,10,1,7,VOTE Agent[09]
9,talk,11,1,5,VOTE Agent[07]
9,talk,12,1,9,VOTE Agent[01]
9,talk,13,1,1,VOTE Agent[09]
9,talk,14,2,5,VOTE Agent[09]
9,talk,15,2,9,VOTE Agent[14]
9,talk,16,2,13,Skip
9,talk,17,2,14,ESTIMATE Agent[09] WEREWOLF
9,talk,18,2,1,Skip
9,talk,19,2,6,VOTE Agent[09]
9,talk,20,2,7,Skip
9,talk,21,3,9,VOTE Agent[06]
9,talk,22,3,14,REQUEST ANY (VOTE Agent[09])
9,talk,23,3,6,Skip
9,talk,24,3,13,Skip
9,talk,25,3,5,VOTE Agent[09]
9,talk,26,3,1,Skip
9,talk,27,3,7,Skip
9,talk,28,4,13,Over
9,talk,29,4,6,Skip
9,talk,30,4,14,VOTE Agent[09]
9,talk,31,4,1,Over
9,talk,32,4,5,VOTE Agent[09]
9,talk,33,4,9,VOTE Agent[13]
9,talk,34,4,7,Over
9,talk,35,5,1,Over
9,talk,36,5,14,ESTIMATE Agent[09] WEREWOLF
9,talk,37,5,7,Over
9,talk,38,5,9,VOTE Agent[13]
9,talk,39,5,13,Over
9,talk,40,5,5,VOTE Agent[09]
9,talk,41,5,6,Over
9,talk,42,6,6,Over
9,talk,43,6,14,ESTIMATE Agent[09] WEREWOLF
9,talk,44,6,7,Over
9,talk,45,6,13,Over
9,talk,46,6,5,VOTE Agent[09]
9,talk,47,6,1,Over
9,talk,48,6,9,VOTE Agent[13]
9,talk,49,7,7,Over
9,talk,50,7,9,VOTE Agent[06]
9,talk,51,7,13,Over
9,talk,52,7,6,Over
9,talk,53,7,14,REQUEST ANY (VOTE Agent[09])
9,talk,54,7,5,VOTE Agent[09]
9,talk,55,7,1,Over
9,talk,56,8,6,Over
9,talk,57,8,14,ESTIMATE Agent[09] WEREWOLF
9,talk,58,8,1,Over
9,talk,59,8,9,VOTE Agent[07]
9,talk,60,8,7,Over
9,talk,61,8,13,Over
9,talk,62,8,5,VOTE Agent[09]
9,talk,63,9,1,Over
9,talk,64,9,14,VOTE Agent[09]
9,talk,65,9,5,VOTE Agent[09]
9,talk,66,9,9,VOTE Agent[14]
9,talk,67,9,7,Over
9,talk,68,9,6,Over
9,talk,69,9,13,Over
9,talk,70,10,9,Over
9,talk,71,10,5,Over
9,talk,72,10,1,Over
9,talk,73,10,7,Over
9,talk,74,10,14,Over
9,talk,75,10,6,Over
9,talk,76,10,13,Over
9,vote,1,9
9,vote,5,9
9,vote,6,9
9,vote,7,9
9,vote,9,14
9,vote,13,9
9,vote,14,9
9,execute,9,WEREWOLF
9,guard,7,5,SEER
10,status,1,VILLAGER,ALIVE,tonkatsu
10,status,2,VILLAGER,DEAD,KP22
10,status,3,VILLAGER,DEAD,kgu_ryu
10,status,4,VILLAGER,DEAD,sUper_IL
10,status,5,SEER,ALIVE,daphne
10,status,6,VILLAGER,ALIVE,Ncu702
10,status,7,BODYGUARD,ALIVE,ice
10,status,8,VILLAGER,DEAD,mikami
10,status,9,WEREWOLF,DEAD,Baguette
10,status,10,WEREWOLF,DEAD,ichida
10,status,11,VILLAGER,DEAD,Hachi2
10,status,12,WEREWOLF,DEAD,takoyaki
10,status,13,VILLAGER,ALIVE,CanisLupus
10,status,14,MEDIUM,ALIVE,ioh
10,status,15,POSSESSED,DEAD,Basket
10,result,6,0,VILLAGER
