0,status,1,WEREWOLF,ALIVE,tonkatsu
0,status,2,BODYGUARD,ALIVE,KP22
0,status,3,VILLAGER,ALIVE,kgu_ryu
0,status,4,POSSESSED,ALIVE,sUper_IL
0,status,5,VILLAGER,ALIVE,daphne
0,status,6,MEDIUM,ALIVE,Ncu702
0,status,7,VILLAGER,ALIVE,ice
0,status,8,VILLAGER,ALIVE,mikami
0,status,9,WEREWOLF,ALIVE,Baguette
0,status,10,SEER,ALIVE,ichida
0,status,11,VILLAGER,ALIVE,Hachi2
0,status,12,VILLAGER,ALIVE,takoyaki
0,status,13,VILLAGER,ALIVE,CanisLupus
0,status,14,VILLAGER,ALIVE,ioh
0,status,15,WEREWOLF,ALIVE,Basket
0,whisper,0,0,1,Skip
0,whisper,1,0,9,VOTE Agent[01]
0,whisper,2,0,15,COMINGOUT Agent[15] SEER
0,whisper,3,1,15,Skip
0,whisper,4,1,9,VOTE Agent[02]
0,whisper,5,1,1,Skip
0,whisper,6,2,1,Over
0,whisper,7,2,9,VOTE Agent[01]
0,whisper,8,2,15,Skip
0,whisper,9,3,15,Over
0,whisper,10,3,9,VOTE Agent[02]
0,whisper,11,3,1,Over
0,whisper,12,4,1,Over
0,whisper,13,4,15,Over
0,whisper,14,4,9,VOTE Agent[01]
0,whisper,15,5,15,Over
0,whisper,16,5,1,Over
0,whisper,17,5,9,VOTE Agent[02]
0,whisper,18,6,9,VOTE Agent[01]
0,whisper,19,6,1,Over
0,whisper,20,6,15,Over
0,whisper,21,7,15,Over
0,whisper,22,7,1,Over
0,whisper,23,7,9,VOTE Agent[02]
0,whisper,24,8,15,Over
0,whisper,25,8,9,VOTE Agent[01]
0,whisper,26,8,1,Over
0,whisper,27,9,1,Over
0,whisper,28,9,9,VOTE Agent[02]
0,whisper,29,9,15,Over
0,whisper,30,10,9,Over
0,whisper,31,10,15,Over
0,whisper,32,10,1,Over
0,divine,10,6,HUMAN
1,status,1,WEREWOLF,ALIVE,tonkatsu
1,status,2,BODYGUARD,ALIVE,KP22
1,status,3,VILLAGER,ALIVE,kgu_ryu
1,status,4,POSSESSED,ALIVE,sUper_IL
1,status,5,VILLAGER,ALIVE,daphne
1,status,6,MEDIUM,ALIVE,Ncu702
1,status,7,VILLAGER,ALIVE,ice
1,status,8,VILLAGER,ALIVE,mikami
1,status,9,WEREWOLF,ALIVE,Baguette
1,status,10,SEER,ALIVE,ichida
1,status,11,VILLAGER,ALIVE,Hachi2
1,status,12,VILLAGER,ALIVE,takoyaki
1,status,13,VILLAGER,ALIVE,CanisLupus
1,status,14,VILLAGER,ALIVE,ioh
1,status,15,WEREWOLF,ALIVE,Basket
1,talk,0,0,13,VOTE Agent[04]
1,talk,1,0,4,VOTE Agent[01]
1,talk,2,0,5,VOTE Agent[01]
1,talk,3,0,7,VOTE Agent[01]
1,talk,4,0,12,VOTE Agent[01]
1,talk,5,0,2,VOTE Agent[01]
1,talk,6,0,1,Skip
1,talk,7,0,11,VOTE Agent[01]
1,talk,8,0,15,COMINGOUT Agent[15] SEER
1,talk,9,0,9,VOTE Agent[11]
1,talk,10,0,3,VOTE Agent[01]
1,talk,11,0,8,VOTE Agent[01]
1,talk,12,0,6,COMINGOUT Agent[06] MEDIUM
1,talk,13,0,14,ESTIMATE Agent[09] WEREWOLF
1,talk,14,0,10,COMINGOUT Agent[10] SEER
1,talk,15,1,6,VOTE Agent[01]
1,talk,16,1,5,Skip
1,talk,17,1,8,Skip
1,talk,18,1,3,Skip
1,talk,19,1,7,Skip
1,talk,20,1,4,Skip
1,talk,21,1,11,Skip
1,talk,22,1,15,DIVINED Agent[01] HUMAN
1,talk,23,1,12,Skip
1,talk,24,1,9,VOTE Agent[05]
1,talk,25,1,13,VOTE Agent[01]
1,talk,26,1,2,Skip
1,talk,27,1,10,DIVINED Agent[01] WEREWOLF
1,talk,28,1,1,VOTE Agent[05]
1,talk,29,1,14,ESTIMATE Agent[01] WEREWOLF
1,talk,30,2,13,Skip
1,talk,31,2,8,Skip
1,talk,32,2,2,Skip
1,talk,33,2,1,VOTE Agent[05]
1,talk,34,2,12,Skip
1,talk,35,2,5,Skip
1,talk,36,2,6,Skip
1,talk,37,2,9,VOTE Agent[05]
1,talk,38,2,11,Skip
1,talk,39,2,7,Skip
1,talk,40,2,3,Skip
1,talk,41,2,10,VOTE Agent[01]
1,talk,42,2,4,Skip
1,talk,43,2,14,VOTE Agent[01]
1,talk,44,2,15,VOTE Agent[10]
1,talk,45,3,5,Over
1,talk,46,3,15,ESTIMATE Agent[10] WEREWOLF
1,talk,47,3,11,Over
1,talk,48,3,9,VOTE Agent[11]
1,talk,49,3,7,Over
1,talk,50,3,8,Over
1,talk,51,3,2,Over
1,talk,52,3,4,Over
1,talk,53,3,13,Skip
1,talk,54,3,6,Skip
1,talk,55,3,1,VOTE Agent[11]
1,talk,56,3,3,Over
1,talk,57,3,12,Over
1,talk,58,3,10,VOTE Agent[01]
1,talk,59,3,14,REQUEST ANY (VOTE Agent[01])
1,talk,60,4,11,Over
1,talk,61,4,4,Over
1,talk,62,4,9,VOTE Agent[03]
1,talk,63,4,2,Over
1,talk,64,4,8,Over
1,talk,65,4,1,VOTE Agent[11]
1,talk,66,4,6,Over
1,talk,67,4,7,Over
1,talk,68,4,10,VOTE Agent[01]
1,talk,69,4,12,Over
1,talk,70,4,15,ESTIMATE Agent[10] WEREWOLF
1,talk,71,4,5,Over
1,talk,72,4,14,ESTIMATE Agent[01] WEREWOLF
1,talk,73,4,13,Over
1,talk,74,4,3,Over
1,talk,75,5,8,Over
1,talk,76,5,13,Over
1,talk,77,5,9,VOTE Agent[08]
1,talk,78,5,6,Over
1,talk,79,5,5,Over
1,talk,80,5,2,Over
1,talk,81,5,4,Over
1,talk,82,5,1,VOTE Agent[11]
1,talk,83,5,3,Over
1,talk,84,5,11,Over
1,talk,85,5,15,ESTIMATE Agent[10] WEREWOLF
1,talk,86,5,12,Over
1,talk,87,5,7,Over
1,talk,88,5,10,VOTE Agent[01]
1,talk,89,5,14,ESTIMATE Agent[01] WEREWOLF
1,talk,90,6,14,REQUEST ANY (VOTE Agent[01])
1,talk,91,6,9,VOTE Agent[11]
1,talk,92,6,1,VOTE Agent[11]
1,talk,93,6,8,Over
1,talk,94,6,4,Over
1,talk,95,6,6,Over
1,talk,96,6,12,Over
1,talk,97,6,11,Over
1,talk,98,6,5,Over
1,talk,99,6,15,VOTE Agent[10]
1,talk,100,6,13,Over
1,talk,101,6,2,Over
1,talk,102,6,7,Over
1,talk,103,6,3,Over
1,talk,104,6,10,VOTE Agent[01]
1,talk,105,7,14,ESTIMATE Agent[01] WEREWOLF
1,talk,106,7,13,Over
1,talk,107,7,15,ESTIMATE Agent[10] WEREWOLF
1,talk,108,7,1,VOTE Agent[11]
1,talk,109,7,6,Over
1,talk,110,7,10,VOTE Agent[01]
1,talk,111,7,2,Over
1,talk,112,7,3,Over
1,talk,113,7,9,VOTE Agent[08]
1,talk,114,7,11,Over
1,talk,115,7,12,Over
1,talk,116,7,7,Over
1,talk,117,7,8,Over
1,talk,118,7,5,Over
1,talk,119,7,4,Over
1,talk,120,8,12,Over
1,talk,121,8,6,Over
1,talk,122,8,14,VOTE Agent[01]
1,talk,123,8,3,Over
1,talk,124,8,7,Over
1,talk,125,8,13,Over
1,talk,126,8,9,VOTE Agent[10]
1,talk,127,8,8,Over
1,talk,128,8,10,VOTE Agent[01]
1,talk,129,8,5,Over
1,talk,130,8,4,Over
1,talk,131,8,11,Over
1,talk,132,8,15,ESTIMATE Agent[10] WEREWOLF
1,talk,133,8,1,VOTE Agent[10]
1,talk,134,8,2,Over
1,talk,135,9,12,Over
1,talk,136,9,11,Over
1,talk,137,9,4,Over
1,talk,138,9,9,VOTE Agent[14]
1,talk,139,9,5,Over
1,talk,140,9,1,VOTE Agent[10]
1,talk,141,9,13,Over
1,talk,142,9,10,VOTE Agent[01]
1,talk,143,9,6,Over
1,talk,144,9,8,Over
1,talk,145,9,3,Over
1,talk,146,9,14,REQUEST ANY (VOTE Agent[01])
1,talk,147,9,2,Over
1,talk,148,9,15,REQUEST ANY (VOTE Agent[10])
1,talk,149,9,7,Over
1,talk,150,10,13,Over
1,talk,151,10,12,Over
1,talk,152,10,8,Over
1,talk,153,10,2,Over
1,talk,154,10,5,Over
1,talk,155,10,11,Over
1,talk,156,10,3,Over
1,talk,157,10,4,Over
1,talk,158,10,14,Over
1,talk,159,10,15,Over
1,talk,160,10,1,VOTE Agent[10]
1,talk,161,10,7,Over
1,talk,162,10,9,Over
1,talk,163,10,6,Over
1,talk,164,10,10,Over
1,talk,165,11,7,Over
1,talk,166,11,15,Over
1,talk,167,11,13,Over
1,talk,168,11,3,Over
1,talk,169,11,4,Over
1,talk,170,11,6,Over
1,talk,171,11,8,Over
1,talk,172,11,12,Over
1,talk,173,11,5,Over
1,talk,174,11,11,Over
1,talk,175,11,2,Over
1,talk,176,11,1,Over
1,talk,177,11,10,Over
1,talk,178,11,14,Over
1,talk,179,11,9,Over
1,vote,1,10
1,vote,2,1
1,vote,3,1
1,vote,4,1
1,vote,5,1
1,vote,6,1
1,vote,7,1
1,vote,8,1
1,vote,9,14
1,vote,10,1
1,vote,11,1
1,vote,12,1
1,vote,13,1
1,vote,14,1
1,vote,15,1
1,execute,1,WEREWOLF
1,divine,10,14,HUMAN
1,whisper,0,0,9,VOTE Agent[10]
1,whisper,1,0,15,ATTACK Agent[10]
1,whisper,2,1,9,VOTE Agent[14]
1,whisper,3,1,15,Skip
1,whisper,4,2,9,VOTE Agent[10]
1,whisper,5,2,15,Skip
1,whisper,6,3,9,VOTE Agent[14]
1,whisper,7,3,15,Over
1,whisper,8,4,15,Over
1,whisper,9,4,9,VOTE Agent[10]
1,whisper,10,5,9,VOTE Agent[14]
1,whisper,11,5,15,Over
1,whisper,12,6,9,VOTE Agent[10]
1,whisper,13,6,15,Over
1,whisper,14,7,9,VOTE Agent[14]
1,whisper,15,7,15,Over
1,whisper,16,8,15,Over
1,whisper,17,8,9,VOTE Agent[10]
1,whisper,18,9,15,Over
1,whisper,19,9,9,VOTE Agent[14]
1,whisper,20,10,15,Over
1,whisper,21,10,9,Over
1,guard,2,10,SEER
1,attackVote,9,14
1,attackVote,15,10
1,attackVote,9,14
1,attackVote,15,10
1,attack,10,false
2,status,1,WEREWOLF,DEAD,tonkatsu
2,status,2,BODYGUARD,ALIVE,KP22
2,status,3,VILLAGER,ALIVE,kgu_ryu
2,status,4,POSSESSED,ALIVE,sUper_IL
2,status,5,VILLAGER,ALIVE,daphne
2,status,6,MEDIUM,ALIVE,Ncu702
2,status,7,VILLAGER,ALIVE,ice
2,status,8,VILLAGER,ALIVE,mikami
2,status,9,WEREWOLF,ALIVE,Baguette
2,status,10,SEER,ALIVE,ichida
2,status,11,VILLAGER,ALIVE,Hachi2
2,status,12,VILLAGER,ALIVE,takoyaki
2,status,13,VILLAGER,ALIVE,CanisLupus
2,status,14,VILLAGER,ALIVE,ioh
2,status,15,WEREWOLF,ALIVE,Basket
2,talk,0,0,14,VOTE Agent[15]
2,talk,1,0,13,VOTE Agent[12]
2,talk,2,0,6,IDENTIFIED Agent[01] WEREWOLF
2,talk,3,0,3,VOTE Agent[15]
2,talk,4,0,11,VOTE Agent[12]
2,talk,5,0,9,VOTE Agent[11]
2,talk,6,0,4,VOTE Agent[12]
2,talk,7,0,8,VOTE Agent[12]
2,talk,8,0,15,DIVINED Agent[10] WEREWOLF
2,talk,9,0,2,VOTE Agent[11]
2,talk,10,0,10,DIVINED Agent[12] WEREWOLF
2,talk,11,0,7,VOTE Agent[12]
2,talk,12,0,12,VOTE Agent[11]
2,talk,13,0,5,VOTE Agent[12]
2,talk,14,1,15,ESTIMATE Agent[10] WEREWOLF
2,talk,15,1,12,VOTE Agent[11]
2,talk,16,1,11,VOTE Agent[12]
2,talk,17,1,10,VOTE Agent[12]
2,talk,18,1,2,VOTE Agent[12]
2,talk,19,1,7,Skip
2,talk,20,1,8,Skip
2,talk,21,1,6,VOTE Agent[12]
2,talk,22,1,9,VOTE Agent[14]
2,talk,23,1,14,ESTIMATE Agent[15] WEREWOLF
2,talk,24,1,3,VOTE Agent[12]
2,talk,25,1,4,Skip
2,talk,26,1,5,Skip
2,talk,27,1,13,Skip
2,talk,28,2,10,VOTE Agent[12]
2,talk,29,2,4,Skip
2,talk,30,2,9,VOTE Agent[06]
2,talk,31,2,15,VOTE Agent[10]
2,talk,32,2,6,Skip
2,talk,33,2,3,Skip
2,talk,34,2,14,VOTE Agent[12]
2,talk,35,2,5,Skip
2,talk,36,2,13,Skip
2,talk,37,2,7,Skip
2,talk,38,2,11,Skip
2,talk,39,2,8,Skip
2,talk,40,2,12,VOTE Agent[11]
2,talk,41,2,2,Skip
2,talk,42,3,15,VOTE Agent[10]
2,talk,43,3,7,Over
2,talk,44,3,14,VOTE Agent[12]
2,talk,45,3,9,VOTE Agent[04]
2,talk,46,3,2,Skip
2,talk,47,3,5,Over
2,talk,48,3,8,Over
2,talk,49,3,4,Over
2,talk,50,3,3,Skip
2,talk,51,3,12,VOTE Agent[11]
2,talk,52,3,10,VOTE Agent[12]
2,talk,53,3,11,Skip
2,talk,54,3,6,Skip
2,talk,55,3,13,Over
2,talk,56,4,2,Over
2,talk,57,4,3,Over
2,talk,58,4,4,Over
2,talk,59,4,12,VOTE Agent[11]
2,talk,60,4,5,Over
2,talk,61,4,14,VOTE Agent[12]
2,talk,62,4,9,VOTE Agent[14]
2,talk,63,4,7,Over
2,talk,64,4,8,Over
2,talk,65,4,15,VOTE Agent[10]
2,talk,66,4,11,Over
2,talk,67,4,10,VOTE Agent[12]
2,talk,68,4,6,Over
2,talk,69,4,13,Over
2,talk,70,5,6,Over
2,talk,71,5,11,Over
2,talk,72,5,12,VOTE Agent[11]
2,talk,73,5,15,REQUEST ANY (VOTE Agent[10])
2,talk,74,5,9,VOTE Agent[08]
2,talk,75,5,8,Over
2,talk,76,5,14,REQUEST ANY (VOTE Agent[12])
2,talk,77,5,7,Over
2,talk,78,5,10,VOTE Agent[12]
2,talk,79,5,2,Over
2,talk,80,5,4,Over
2,talk,81,5,13,Over
2,talk,82,5,5,Over
2,talk,83,5,3,Over
2,talk,84,6,3,Over
2,talk,85,6,8,Over
2,talk,86,6,5,Over
2,talk,87,6,13,Over
2,talk,88,6,11,Over
2,talk,89,6,9,VOTE Agent[04]
2,talk,90,6,10,VOTE Agent[12]
2,talk,91,6,14,ESTIMATE Agent[12] WEREWOLF
2,talk,92,6,12,VOTE Agent[11]
2,talk,93,6,6,Over
2,talk,94,6,2,Over
2,talk,95,6,15,ESTIMATE Agent[10] WEREWOLF
2,talk,96,6,4,Over
2,talk,97,6,7,Over
2,talk,98,7,9,VOTE Agent[07]
2,talk,99,7,13,Over
2,talk,100,7,7,Over
2,talk,101,7,6,Over
2,talk,102,7,4,Over
2,talk,103,7,5,Over
2,talk,104,7,10,VOTE Agent[12]
2,talk,105,7,15,REQUEST ANY (VOTE Agent[10])
2,talk,106,7,3,Over
2,talk,107,7,11,Over
2,talk,108,7,14,REQUEST ANY (VOTE Agent[12])
2,talk,109,7,12,VOTE Agent[11]
2,talk,110,7,2,Over
2,talk,111,7,8,Over
2,talk,112,8,2,Over
2,talk,113,8,11,Over
2,talk,114,8,12,VOTE Agent[11]
2,talk,115,8,8,Over
2,talk,116,8,13,Over
2,talk,117,8,14,VOTE Agent[12]
2,talk,118,8,15,ESTIMATE Agent[10] WEREWOLF
2,talk,119,8,7,Over
2,talk,120,8,3,Over
2,talk,121,8,5,Over
2,talk,122,8,9,VOTE Agent[05]
2,talk,123,8,10,VOTE Agent[12]
2,talk,124,8,4,Over
2,talk,125,8,6,Over
2,talk,126,9,3,Over
2,talk,127,9,12,VOTE Agent[11]
2,talk,128,9,6,Over
2,talk,129,9,11,Over
2,talk,130,9,10,VOTE Agent[12]
2,talk,131,9,5,Over
2,talk,132,9,7,Over
2,talk,133,9,13,Over
2,talk,134,9,15,VOTE Agent[10]
2,talk,135,9,2,Over
2,talk,136,9,8,Over
2,talk,137,9,4,Over
2,talk,138,9,9,VOTE Agent[05]
2,talk,139,9,14,REQUEST ANY (VOTE Agent[12])
2,talk,140,10,9,Over
2,talk,141,10,6,Over
2,talk,142,10,7,Over
2,talk,143,10,10,Over
2,talk,144,10,4,Over
2,talk,145,10,15,Over
2,talk,146,10,11,Over
2,talk,147,10,12,Over
2,talk,148,10,13,Over
2,talk,149,10,5,Over
2,talk,150,10,8,Over
2,talk,151,10,2,Over
2,talk,152,10,14,Over
2,talk,153,10,3,Over
2,vote,2,12
2,vote,3,12
2,vote,4,12
2,vote,5,12
2,vote,6,12
2,vote,7,12
2,vote,8,12
2,vote,9,5
2,vote,10,12
2,vote,11,12
2,vote,12,11
2,vote,13,12
2,vote,14,12
2,vote,15,12
2,execute,12,VILLAGER
2,divine,10,11,HUMAN
2,whisper,0,0,15,ATTACK Agent[06]
2,whisper,1,0,9,VOTE Agent[10]
2,whisper,2,1,9,VOTE Agent[14]
2,whisper,3,1,15,Skip
2,whisper,4,2,9,VOTE Agent[10]
2,whisper,5,2,15,Skip
2,whisper,6,3,15,Over
2,whisper,7,3,9,VOTE Agent[14]
2,whisper,8,4,15,Over
2,whisper,9,4,9,VOTE Agent[10]
2,whisper,10,5,15,Over
2,whisper,11,5,9,VOTE Agent[14]
2,whisper,12,6,9,VOTE Agent[10]
2,whisper,13,6,15,Over
2,whisper,14,7,15,Over
2,whisper,15,7,9,VOTE Agent[14]
2,whisper,16,8,9,VOTE Agent[10]
2,whisper,17,8,15,Over
2,whisper,18,9,9,VOTE Agent[14]
2,whisper,19,9,15,Over
2,whisper,20,10,15,Over
2,whisper,21,10,9,Over
2,guard,2,10,SEER
2,attackVote,9,14
2,attackVote,15,6
2,attackVote,9,14
2,attackVote,15,6
2,attack,14,true
3,status,1,WEREWOLF,DEAD,tonkatsu
3,status,2,BODYGUARD,ALIVE,KP22
3,status,3,VILLAGER,ALIVE,kgu_ryu
3,status,4,POSSESSED,ALIVE,sUper_IL
3,status,5,VILLAGER,ALIVE,daphne
3,status,6,MEDIUM,ALIVE,Ncu702
3,status,7,VILLAGER,ALIVE,ice
3,status,8,VILLAGER,ALIVE,mikami
3,status,9,WEREWOLF,ALIVE,Baguette
3,status,10,SEER,ALIVE,ichida
3,status,11,VILLAGER,ALIVE,Hachi2
3,status,12,VILLAGER,DEAD,takoyaki
3,status,13,VILLAGER,ALIVE,CanisLupus
3,status,14,VILLAGER,DEAD,ioh
3,status,15,WEREWOLF,ALIVE,Basket
3,talk,0,0,10,DIVINED Agent[11] WEREWOLF
3,talk,1,0,9,VOTE Agent[05]
3,talk,2,0,5,VOTE Agent[15]
3,talk,3,0,13,VOTE Agent[11]
3,talk,4,0,7,VOTE Agent[11]
3,talk,5,0,2,VOTE Agent[11]
3,talk,6,0,11,VOTE Agent[15]
3,talk,7,0,4,VOTE Agent[11]
3,talk,8,0,8,VOTE Agent[11]
3,talk,9,0,15,DIVINED Agent[11] WEREWOLF
3,talk,10,0,6,IDENTIFIED Agent[12] HUMAN
3,talk,11,0,3,VOTE Agent[11]
3,talk,12,1,2,Skip
3,talk,13,1,10,VOTE Agent[11]
3,talk,14,1,13,Skip
3,talk,15,1,7,Skip
3,talk,16,1,6,VOTE Agent[11]
3,talk,17,1,11,VOTE Agent[02]
3,talk,18,1,9,VOTE Agent[08]
3,talk,19,1,3,Skip
3,talk,20,1,4,Skip
3,talk,21,1,15,REQUEST ANY (VOTE Agent[10])
3,talk,22,1,5,VOTE Agent[11]
3,talk,23,1,8,Skip
3,talk,24,2,13,Skip
3,talk,25,2,9,VOTE Agent[13]
3,talk,26,2,7,Skip
3,talk,27,2,15,REQUEST ANY (VOTE Agent[10])
3,talk,28,2,3,Skip
3,talk,29,2,4,Skip
3,talk,30,2,2,Skip
3,talk,31,2,6,Skip
3,talk,32,2,5,Skip
3,talk,33,2,10,VOTE Agent[11]
3,talk,34,2,8,Skip
3,talk,35,2,11,VOTE Agent[02]
3,talk,36,3,8,Over
3,talk,37,3,15,REQUEST ANY (VOTE Agent[10])
3,talk,38,3,5,Skip
3,talk,39,3,10,VOTE Agent[11]
3,talk,40,3,6,VOTE Agent[15]
3,talk,41,3,7,Over
3,talk,42,3,2,Over
3,talk,43,3,4,Over
3,talk,44,3,9,VOTE Agent[07]
3,talk,45,3,13,VOTE Agent[02]
3,talk,46,3,11,VOTE Agent[02]
3,talk,47,3,3,Over
3,talk,48,4,9,VOTE Agent[04]
3,talk,49,4,4,Over
3,talk,50,4,15,ESTIMATE Agent[10] WEREWOLF
3,talk,51,4,2,Over
3,talk,52,4,3,Over
3,talk,53,4,5,Over
3,talk,54,4,6,Skip
3,talk,55,4,10,VOTE Agent[11]
3,talk,56,4,11,VOTE Agent[02]
3,talk,57,4,7,Over
3,talk,58,4,13,VOTE Agent[02]
3,talk,59,4,8,Over
3,talk,60,5,13,VOTE Agent[02]
3,talk,61,5,6,Skip
3,talk,62,5,11,VOTE Agent[02]
3,talk,63,5,2,Over
3,talk,64,5,3,Over
3,talk,65,5,10,VOTE Agent[11]
3,talk,66,5,5,Over
3,talk,67,5,15,ESTIMATE Agent[10] WEREWOLF
3,talk,68,5,7,Over
3,talk,69,5,8,Over
3,talk,70,5,9,VOTE Agent[05]
3,talk,71,5,4,Over
3,talk,72,6,8,Over
3,talk,73,6,6,VOTE Agent[02]
3,talk,74,6,9,VOTE Agent[13]
3,talk,75,6,13,VOTE Agent[02]
3,talk,76,6,7,Over
3,talk,77,6,3,VOTE Agent[02]
3,talk,78,6,10,VOTE Agent[11]
3,talk,79,6,11,VOTE Agent[02]
3,talk,80,6,4,Over
3,talk,81,6,2,Over
3,talk,82,6,15,VOTE Agent[10]
3,talk,83,6,5,Over
3,talk,84,7,9,VOTE Agent[07]
3,talk,85,7,7,Over
3,talk,86,7,5,Over
3,talk,87,7,4,Over
3,talk,88,7,11,VOTE Agent[02]
3,talk,89,7,10,VOTE Agent[11]
3,talk,90,7,13,VOTE Agent[02]
3,talk,91,7,15,REQUEST ANY (VOTE Agent[10])
3,talk,92,7,2,Over
3,talk,93,7,8,Over
3,talk,94,7,3,VOTE Agent[02]
3,talk,95,7,6,Skip
3,talk,96,8,8,Over
3,talk,97,8,11,VOTE Agent[02]
3,talk,98,8,9,VOTE Agent[02]
3,talk,99,8,3,VOTE Agent[02]
3,talk,100,8,15,VOTE Agent[10]
3,talk,101,8,2,Over
3,talk,102,8,7,Over
3,talk,103,8,10,VOTE Agent[11]
3,talk,104,8,4,Over
3,talk,105,8,6,Skip
3,talk,106,8,13,VOTE Agent[02]
3,talk,107,8,5,Over
3,talk,108,9,8,Over
3,talk,109,9,6,Over
3,talk,110,9,10,VOTE Agent[11]
3,talk,111,9,2,Over
3,talk,112,9,9,VOTE Agent[08]
3,talk,113,9,7,Over
3,talk,114,9,13,VOTE Agent[02]
3,talk,115,9,15,VOTE Agent[10]
3,talk,116,9,3,VOTE Agent[02]
3,talk,117,9,5,Over
3,talk,118,9,11,VOTE Agent[02]
3,talk,119,9,4,Over
3,talk,120,10,7,Over
3,talk,121,10,5,Over
3,talk,122,10,9,Over
3,talk,123,10,8,Over
3,talk,124,10,15,Over
3,talk,125,10,10,Over
3,talk,126,10,3,VOTE Agent[02]
3,talk,127,10,2,Over
3,talk,128,10,6,Over
3,talk,129,10,4,Over
3,talk,130,10,11,Over
3,talk,131,10,13,VOTE Agent[02]
3,talk,132,11,9,Over
3,talk,133,11,3,VOTE Agent[02]
3,talk,134,11,7,Over
3,talk,135,11,2,Over
3,talk,136,11,11,Over
3,talk,137,11,13,VOTE Agent[02]
3,talk,138,11,15,Over
3,talk,139,11,10,Over
3,talk,140,11,8,Over
3,talk,141,11,5,Over
3,talk,142,11,4,Over
3,talk,143,11,6,Over
3,talk,144,12,6,Over
3,talk,145,12,15,Over
3,talk,146,12,11,Over
3,talk,147,12,10,Over
3,talk,148,12,13,Over
3,talk,149,12,4,Over
3,talk,150,12,3,VOTE Agent[02]
3,talk,151,12,8,Over
3,talk,152,12,2,Over
3,talk,153,12,9,Over
3,talk,154,12,7,Over
3,talk,155,12,5,Over
3,talk,156,13,7,Over
3,talk,157,13,13,Over
3,talk,158,13,5,Over
3,talk,159,13,10,Over
3,talk,160,13,4,Over
3,talk,161,13,2,Over
3,talk,162,13,15,Over
3,talk,163,13,6,Over
3,talk,164,13,3,VOTE Agent[02]
3,talk,165,13,8,Over
3,talk,166,13,9,Over
3,talk,167,13,11,Over
3,talk,168,14,7,Over
3,talk,169,14,10,Over
3,talk,170,14,9,Over
3,talk,171,14,4,Over
3,talk,172,14,8,Over
3,talk,173,14,11,Over
3,talk,174,14,13,Over
3,talk,175,14,15,Over
3,talk,176,14,2,Over
3,talk,177,14,5,Over
3,talk,178,14,6,Over
3,talk,179,14,3,VOTE Agent[02]
3,talk,180,15,4,Over
3,talk,181,15,11,Over
3,talk,182,15,6,Over
3,talk,183,15,7,Over
3,talk,184,15,3,Over
3,talk,185,15,9,Over
3,talk,186,15,13,Over
3,talk,187,15,5,Over
3,talk,188,15,15,Over
3,talk,189,15,10,Over
3,talk,190,15,8,Over
3,talk,191,15,2,Over
3,vote,2,11
3,vote,3,2
3,vote,4,11
3,vote,5,11
3,vote,6,2
3,vote,7,2
3,vote,8,11
3,vote,9,8
3,vote,10,11
3,vote,11,2
3,vote,13,2
3,vote,15,11
3,execute,11,VILLAGER
3,divine,10,2,HUMAN
3,whisper,0,0,15,ATTACK Agent[06]
3,whisper,1,0,9,VOTE Agent[06]
3,whisper,2,1,15,Skip
3,whisper,3,1,9,VOTE Agent[10]
3,whisper,4,2,15,Skip
3,whisper,5,2,9,VOTE Agent[06]
3,whisper,6,3,9,VOTE Agent[10]
3,whisper,7,3,15,Over
3,whisper,8,4,15,Over
3,whisper,9,4,9,VOTE Agent[06]
3,whisper,10,5,15,Over
3,whisper,11,5,9,VOTE Agent[10]
3,whisper,12,6,9,VOTE Agent[06]
3,whisper,13,6,15,Over
3,whisper,14,7,15,Over
3,whisper,15,7,9,VOTE Agent[10]
3,whisper,16,8,15,Over
3,whisper,17,8,9,VOTE Agent[06]
3,whisper,18,9,15,Over
3,whisper,19,9,9,VOTE Agent[10]
3,whisper,20,10,15,Over
3,whisper,21,10,9,Over
3,guard,2,10,SEER
3,attackVote,9,10
3,attackVote,15,6
3,attackVote,9,10
3,attackVote,15,6
3,attack,10,false
4,status,1,WEREWOLF,DEAD,tonkatsu
4,status,2,BODYGUARD,ALIVE,KP22
4,status,3,VILLAGER,ALIVE,kgu_ryu
4,status,4,POSSESSED,ALIVE,sUper_IL
4,status,5,VILLAGER,ALIVE,daphne
4,status,6,MEDIUM,ALIVE,Ncu702
4,status,7,VILLAGER,ALIVE,ice
4,status,8,VILLAGER,ALIVE,mikami
4,status,9,WEREWOLF,ALIVE,Baguette
4,status,10,SEER,ALIVE,ichida
4,status,11,VILLAGER,DEAD,Hachi2
4,status,12,VILLAGER,DEAD,takoyaki
4,status,13,VILLAGER,ALIVE,CanisLupus
4,status,14,VILLAGER,DEAD,ioh
4,status,15,WEREWOLF,ALIVE,Basket
4,talk,0,0,15,DIVINED Agent[02] HUMAN
4,talk,1,0,10,DIVINED Agent[02] WEREWOLF
4,talk,2,0,2,VOTE Agent[13]
4,talk,3,0,3,VOTE Agent[02]
4,talk,4,0,13,VOTE Agent[02]
4,talk,5,0,9,VOTE Agent[10]
4,talk,6,0,8,VOTE Agent[02]
4,talk,7,0,7,VOTE Agent[02]
4,talk,8,0,6,IDENTIFIED Agent[11] HUMAN
4,talk,9,0,4,VOTE Agent[02]
4,talk,10,0,5,VOTE Agent[02]
4,talk,11,1,15,VOTE Agent[10]
4,talk,12,1,10,VOTE Agent[02]
4,talk,13,1,9,VOTE Agent[13]
4,talk,14,1,5,Skip
4,talk,15,1,13,VOTE Agent[15]
4,talk,16,1,6,VOTE Agent[15]
4,talk,17,1,3,VOTE Agent[15]
4,talk,18,1,7,VOTE Agent[02]
4,talk,19,1,8,VOTE Agent[02]
4,talk,20,1,4,Skip
4,talk,21,1,2,VOTE Agent[15]
4,talk,22,2,10,VOTE Agent[02]
4,talk,23,2,2,VOTE Agent[15]
4,talk,24,2,3,VOTE Agent[15]
4,talk,25,2,9,VOTE Agent[05]
4,talk,26,2,15,ESTIMATE Agent[10] WEREWOLF
4,talk,27,2,8,VOTE Agent[02]
4,talk,28,2,6,Skip
4,talk,29,2,13,VOTE Agent[15]
4,talk,30,2,5,VOTE Agent[02]
4,talk,31,2,4,Skip
4,talk,32,2,7,VOTE Agent[02]
4,talk,33,3,3,VOTE Agent[15]
4,talk,34,3,10,VOTE Agent[02]
4,talk,35,3,2,VOTE Agent[15]
4,talk,36,3,7,VOTE Agent[02]
4,talk,37,3,15,VOTE Agent[10]
4,talk,38,3,6,Skip
4,talk,39,3,13,VOTE Agent[15]
4,talk,40,3,9,VOTE Agent[06]
4,talk,41,3,4,Over
4,talk,42,3,8,VOTE Agent[02]
4,talk,43,3,5,VOTE Agent[02]
4,talk,44,4,10,VOTE Agent[02]
4,talk,45,4,2,VOTE Agent[15]
4,talk,46,4,6,Over
4,talk,47,4,9,VOTE Agent[13]
4,talk,48,4,5,VOTE Agent[02]
4,talk,49,4,15,VOTE Agent[10]
4,talk,50,4,13,VOTE Agent[15]
4,talk,51,4,8,VOTE Agent[02]
4,talk,52,4,3,VOTE Agent[15]
4,talk,53,4,4,Over
4,talk,54,4,7,VOTE Agent[02]
4,talk,55,5,13,VOTE Agent[15]
4,talk,56,5,6,Over
4,talk,57,5,3,VOTE Agent[15]
4,talk,58,5,9,VOTE Agent[13]
4,talk,59,5,4,Over
4,talk,60,5,5,VOTE Agent[02]
4,talk,61,5,8,VOTE Agent[02]
4,talk,62,5,7,VOTE Agent[02]
4,talk,63,5,10,VOTE Agent[02]
4,talk,64,5,15,REQUEST ANY (VOTE Agent[10])
4,talk,65,5,2,VOTE Agent[15]
4,talk,66,6,15,ESTIMATE Agent[10] WEREWOLF
4,talk,67,6,6,Over
4,talk,68,6,9,VOTE Agent[07]
4,talk,69,6,8,VOTE Agent[02]
4,talk,70,6,3,VOTE Agent[15]
4,talk,71,6,13,VOTE Agent[15]
4,talk,72,6,5,VOTE Agent[02]
4,talk,73,6,4,Over
4,talk,74,6,7,VOTE Agent[02]
4,talk,75,6,2,VOTE Agent[15]
4,talk,76,6,10,VOTE Agent[02]
4,talk,77,7,3,VOTE Agent[15]
4,talk,78,7,7,VOTE Agent[02]
4,talk,79,7,8,VOTE Agent[02]
4,talk,80,7,13,VOTE Agent[15]
4,talk,81,7,2,VOTE Agent[15]
4,talk,82,7,5,VOTE Agent[02]
4,talk,83,7,6,Over
4,talk,84,7,9,VOTE Agent[10]
4,talk,85,7,4,Over
4,talk,86,7,15,ESTIMATE Agent[10] WEREWOLF
4,talk,87,7,10,VOTE Agent[02]
4,talk,88,8,5,VOTE Agent[02]
4,talk,89,8,10,VOTE Agent[02]
4,talk,90,8,7,VOTE Agent[02]
4,talk,91,8,2,VOTE Agent[15]
4,talk,92,8,13,VOTE Agent[15]
4,talk,93,8,9,VOTE Agent[13]
4,talk,94,8,3,VOTE Agent[15]
4,talk,95,8,4,Over
4,talk,96,8,8,VOTE Agent[02]
4,talk,97,8,15,VOTE Agent[10]
4,talk,98,8,6,Over
4,talk,99,9,8,VOTE Agent[02]
4,talk,100,9,4,Over
4,talk,101,9,6,Over
4,talk,102,9,13,VOTE Agent[15]
4,talk,103,9,5,VOTE Agent[02]
4,talk,104,9,7,VOTE Agent[02]
4,talk,105,9,9,VOTE Agent[06]
4,talk,106,9,10,VOTE Agent[02]
4,talk,107,9,15,REQUEST ANY (VOTE Agent[10])
4,talk,108,9,2,VOTE Agent[15]
4,talk,109,9,3,VOTE Agent[15]
4,talk,110,10,15,Over
4,talk,111,10,9,Over
4,talk,112,10,8,Over
4,talk,113,10,13,Over
4,talk,114,10,3,Over
4,talk,115,10,4,Over
4,talk,116,10,5,VOTE Agent[02]
4,talk,117,10,7,Over
4,talk,118,10,6,Over
4,talk,119,10,10,Over
4,talk,120,10,2,Over
4,talk,121,11,3,Over
4,talk,122,11,9,Over
4,talk,123,11,13,Over
4,talk,124,11,6,Over
4,talk,125,11,10,Over
4,talk,126,11,7,Over
4,talk,127,11,2,Over
4,talk,128,11,5,Over
4,talk,129,11,8,Over
4,talk,130,11,15,Over
4,talk,131,11,4,Over
4,vote,2,15
4,vote,3,15
4,vote,4,2
4,vote,5,2
4,vote,6,15
4,vote,7,15
4,vote,8,2
4,vote,9,6
4,vote,10,2
4,vote,13,15
4,vote,15,10
4,execute,15,WEREWOLF
4,divine,10,13,HUMAN
4,guard,2,10,SEER
4,attackVote,9,10
4,attack,10,false
5,status,1,WEREWOLF,DEAD,tonkatsu
5,status,2,BODYGUARD,ALIVE,KP22
5,status,3,VILLAGER,ALIVE,kgu_ryu
5,status,4,POSSESSED,ALIVE,sUper_IL
5,status,5,VILLAGER,ALIVE,daphne
5,status,6,MEDIUM,ALIVE,Ncu702
5,status,7,VILLAGER,ALIVE,ice
5,status,8,VILLAGER,ALIVE,mikami
5,status,9,WEREWOLF,ALIVE,Baguette
5,status,10,SEER,ALIVE,ichida
5,status,11,VILLAGER,DEAD,Hachi2
5,status,12,VILLAGER,DEAD,takoyaki
5,status,13,VILLAGER,ALIVE,CanisLupus
5,status,14,VILLAGER,DEAD,ioh
5,status,15,WEREWOLF,DEAD,Basket
5,talk,0,0,5,VOTE Agent[04]
5,talk,1,0,10,DIVINED Agent[04] WEREWOLF
5,talk,2,0,3,VOTE Agent[02]
5,talk,3,0,6,IDENTIFIED Agent[15] WEREWOLF
5,talk,4,0,13,VOTE Agent[02]
5,talk,5,0,8,VOTE Agent[02]
5,talk,6,0,4,VOTE Agent[02]
5,talk,7,0,2,VOTE Agent[13]
5,talk,8,0,7,VOTE Agent[02]
5,talk,9,0,9,VOTE Agent[02]
5,talk,10,1,4,Skip
5,talk,11,1,3,Skip
5,talk,12,1,6,VOTE Agent[02]
5,talk,13,1,2,VOTE Agent[13]
5,talk,14,1,5,VOTE Agent[02]
5,talk,15,1,9,VOTE Agent[05]
5,talk,16,1,8,Skip
5,talk,17,1,7,Skip
5,talk,18,1,13,Skip
5,talk,19,1,10,VOTE Agent[02]
5,talk,20,2,5,Skip
5,talk,21,2,13,VOTE Agent[09]
5,talk,22,2,7,Skip
5,talk,23,2,2,VOTE Agent[13]
5,talk,24,2,6,VOTE Agent[13]
5,talk,25,2,9,VOTE Agent[06]
5,talk,26,2,3,VOTE Agent[13]
5,talk,27,2,10,VOTE Agent[13]
5,talk,28,2,8,VOTE Agent[02]
5,talk,29,2,4,Skip
5,talk,30,3,6,Skip
5,talk,31,3,9,VOTE Agent[10]
5,talk,32,3,4,Over
5,talk,33,3,8,VOTE Agent[02]
5,talk,34,3,10,VOTE Agent[13]
5,talk,35,3,7,VOTE Agent[13]
5,talk,36,3,13,VOTE Agent[09]
5,talk,37,3,5,VOTE Agent[13]
5,talk,38,3,3,Skip
5,talk,39,3,2,Skip
5,talk,40,4,10,VOTE Agent[13]
5,talk,41,4,7,Skip
5,talk,42,4,4,VOTE Agent[13]
5,talk,43,4,2,Skip
5,talk,44,4,8,VOTE Agent[13]
5,talk,45,4,6,Skip
5,talk,46,4,5,Skip
5,talk,47,4,13,VOTE Agent[09]
5,talk,48,4,3,Skip
5,talk,49,4,9,VOTE Agent[04]
5,talk,50,5,9,VOTE Agent[04]
5,talk,51,5,13,VOTE Agent[09]
5,talk,52,5,2,Over
5,talk,53,5,7,Skip
5,talk,54,5,6,Over
5,talk,55,5,5,Skip
5,talk,56,5,8,Skip
5,talk,57,5,10,VOTE Agent[13]
5,talk,58,5,4,Skip
5,talk,59,5,3,Over
5,talk,60,6,13,VOTE Agent[09]
5,talk,61,6,3,Over
5,talk,62,6,7,Over
5,talk,63,6,2,Over
5,talk,64,6,10,VOTE Agent[13]
5,talk,65,6,6,Over
5,talk,66,6,5,Over
5,talk,67,6,8,Skip
5,talk,68,6,9,VOTE Agent[06]
5,talk,69,6,4,Skip
5,talk,70,7,8,Over
5,talk,71,7,9,VOTE Agent[08]
5,talk,72,7,2,Over
5,talk,73,7,6,Over
5,talk,74,7,13,VOTE Agent[09]
5,talk,75,7,3,Over
5,talk,76,7,7,Over
5,talk,77,7,10,VOTE Agent[13]
5,talk,78,7,5,Over
5,talk,79,7,4,Over
5,talk,80,8,2,Over
5,talk,81,8,13,VOTE Agent[09]
5,talk,82,8,5,Over
5,talk,83,8,6,Over
5,talk,84,8,10,VOTE Agent[13]
5,talk,85,8,7,Over
5,talk,86,8,3,Over
5,talk,87,8,8,Over
5,talk,88,8,9,VOTE Agent[06]
5,talk,89,8,4,Over
5,talk,90,9,4,Over
5,talk,91,9,10,VOTE Agent[13]
5,talk,92,9,8,Over
5,talk,93,9,6,Over
5,talk,94,9,13,VOTE Agent[09]
5,talk,95,9,7,Over
5,talk,96,9,2,Over
5,talk,97,9,9,VOTE Agent[05]
5,talk,98,9,5,Over
5,talk,99,9,3,Over
5,talk,100,10,5,Over
5,talk,101,10,7,Over
5,talk,102,10,9,Over
5,talk,103,10,8,Over
5,talk,104,10,10,Over
5,talk,105,10,6,Over
5,talk,106,10,13,VOTE Agent[09]
5,talk,107,10,2,Over
5,talk,108,10,4,Over
5,talk,109,10,3,Over
5,talk,110,11,6,Over
5,talk,111,11,8,Over
5,talk,112,11,5,Over
5,talk,113,11,13,Over
5,talk,114,11,7,Over
5,talk,115,11,9,Over
5,talk,116,11,10,Over
5,talk,117,11,3,Over
5,talk,118,11,2,Over
5,talk,119,11,4,Over
5,vote,2,13
5,vote,3,13
5,vote,4,13
5,vote,5,13
5,vote,6,13
5,vote,7,13
5,vote,8,13
5,vote,9,5
5,vote,10,13
5,vote,13,9
5,execute,13,VILLAGER
5,divine,10,9,WEREWOLF
5,guard,2,10,SEER
5,attackVote,9,10
5,attack,10,false
6,status,1,WEREWOLF,DEAD,tonkatsu
6,status,2,BODYGUARD,ALIVE,KP22
6,status,3,VILLAGER,ALIVE,kgu_ryu
6,status,4,POSSESSED,ALIVE,sUper_IL
6,status,5,VILLAGER,ALIVE,daphne
6,status,6,MEDIUM,ALIVE,Ncu702
6,status,7,VILLAGER,ALIVE,ice
6,status,8,VILLAGER,ALIVE,mikami
6,status,9,WEREWOLF,ALIVE,Baguette
6,status,10,SEER,ALIVE,ichida
6,status,11,VILLAGER,DEAD,Hachi2
6,status,12,VILLAGER,DEAD,takoyaki
6,status,13,VILLAGER,DEAD,CanisLupus
6,status,14,VILLAGER,DEAD,ioh
6,status,15,WEREWOLF,DEAD,Basket
6,talk,0,0,9,VOTE Agent[07]
6,talk,1,0,8,VOTE Agent[07]
6,talk,2,0,5,VOTE Agent[07]
6,talk,3,0,10,DIVINED Agent[07] WEREWOLF
6,talk,4,0,7,VOTE Agent[09]
6,talk,5,0,2,VOTE Agent[09]
6,talk,6,0,3,VOTE Agent[09]
6,talk,7,0,6,IDENTIFIED Agent[13] HUMAN
6,talk,8,0,4,VOTE Agent[07]
6,talk,9,1,9,VOTE Agent[08]
6,talk,10,1,8,VOTE Agent[07]
6,talk,11,1,7,VOTE Agent[09]
6,talk,12,1,3,VOTE Agent[09]
6,talk,13,1,6,VOTE Agent[09]
6,talk,14,1,2,VOTE Agent[09]
6,talk,15,1,5,VOTE Agent[09]
6,talk,16,1,10,VOTE Agent[09]
6,talk,17,1,4,VOTE Agent[09]
6,talk,18,2,4,Skip
6,talk,19,2,6,Skip
6,talk,20,2,7,Skip
6,talk,21,2,8,VOTE Agent[09]
6,talk,22,2,9,VOTE Agent[10]
6,talk,23,2,5,Skip
6,talk,24,2,2,Skip
6,talk,25,2,3,Skip
6,talk,26,2,10,VOTE Agent[09]
6,talk,27,3,5,Skip
6,talk,28,3,7,Skip
6,talk,29,3,8,Skip
6,talk,30,3,9,VOTE Agent[05]
6,talk,31,3,4,Skip
6,talk,32,3,6,Skip
6,talk,33,3,3,Skip
6,talk,34,3,2,Skip
6,talk,35,3,10,VOTE Agent[09]
6,talk,36,4,6,Over
6,talk,37,4,10,VOTE Agent[09]
6,talk,38,4,9,VOTE Agent[08]
6,talk,39,4,8,Skip
6,talk,40,4,2,Over
6,talk,41,4,7,Over
6,talk,42,4,3,Over
6,talk,43,4,4,Over
6,talk,44,4,5,Over
6,talk,45,5,7,Over
6,talk,46,5,5,Over
6,talk,47,5,4,Over
6,talk,48,5,3,Over
6,talk,49,5,6,Over
6,talk,50,5,10,VOTE Agent[09]
6,talk,51,5,8,Over
6,talk,52,5,9,VOTE Agent[04]
6,talk,53,5,2,Over
6,talk,54,6,10,VOTE Agent[09]
6,talk,55,6,6,Over
6,talk,56,6,7,Over
6,talk,57,6,9,VOTE Agent[10]
6,talk,58,6,4,Over
6,talk,59,6,8,Over
6,talk,60,6,5,Over
6,talk,61,6,3,Over
6,talk,62,6,2,Over
6,talk,63,7,3,Over
6,talk,64,7,8,Over
6,talk,65,7,5,Over
6,talk,66,7,6,Over
6,talk,67,7,2,Over
6,talk,68,7,7,Over
6,talk,69,7,9,VOTE Agent[04]
6,talk,70,7,4,Over
6,talk,71,7,10,VOTE Agent[09]
6,talk,72,8,8,Over
6,talk,73,8,7,Over
6,talk,74,8,9,VOTE Agent[05]
6,talk,75,8,3,Over
6,talk,76,8,6,Over
6,talk,77,8,4,Over
6,talk,78,8,2,Over
6,talk,79,8,10,VOTE Agent[09]
6,talk,80,8,5,Over
6,talk,81,9,7,Over
6,talk,82,9,9,VOTE Agent[07]
6,talk,83,9,8,Over
6,talk,84,9,5,Over
6,talk,85,9,2,Over
6,talk,86,9,6,Over
6,talk,87,9,4,Over
6,talk,88,9,3,Over
6,talk,89,9,10,VOTE Agent[09]
6,talk,90,10,10,Over
6,talk,91,10,3,Over
6,talk,92,10,2,Over
6,talk,93,10,5,Over
6,talk,94,10,9,Over
6,talk,95,10,4,Over
6,talk,96,10,7,Over
6,talk,97,10,6,Over
6,talk,98,10,8,Over
6,vote,2,9
6,vote,3,9
6,vote,4,9
6,vote,5,9
6,vote,6,9
6,vote,7,9
6,vote,8,9
6,vote,9,7
6,vote,10,9
6,execute,9,WEREWOLF
6,divine,10,7,HUMAN
6,guard,2,10,SEER
7,status,1,WEREWOLF,DEAD,tonkatsu
7,status,2,BODYGUARD,ALIVE,KP22
7,status,3,VILLAGER,ALIVE,kgu_ryu
7,status,4,POSSESSED,ALIVE,sUper_IL
7,status,5,VILLAGER,ALIVE,daphne
7,status,6,MEDIUM,ALIVE,Ncu702
7,status,7,VILLAGER,ALIVE,ice
7,status,8,VILLAGER,ALIVE,mikami
7,status,9,WEREWOLF,DEAD,Baguette
7,status,10,SEER,ALIVE,ichida
7,status,11,VILLAGER,DEAD,Hachi2
7,status,12,VILLAGER,DEAD,takoyaki
7,status,13,VILLAGER,DEAD,CanisLupus
7,status,14,VILLAGER,DEAD,ioh
7,status,15,WEREWOLF,DEAD,Basket
7,result,8,0,VILLAGER
