0,status,1,VILLAGER,ALIVE,tonkatsu
0,status,2,VILLAGER,ALIVE,KP22
0,status,3,BODYGUARD,ALIVE,kgu_ryu
0,status,4,VILLAGER,ALIVE,sUper_IL
0,status,5,VILLAGER,ALIVE,daphne
0,status,6,WEREWOLF,ALIVE,Ncu702
0,status,7,WEREWOLF,ALIVE,ice
0,status,8,VILLAGER,ALIVE,mikami
0,status,9,VILLAGER,ALIVE,Baguette
0,status,10,SEER,ALIVE,ichida
0,status,11,VILLAGER,ALIVE,Hachi2
0,status,12,VILLAGER,ALIVE,takoyaki
0,status,13,POSSESSED,ALIVE,CanisLupus
0,status,14,WEREWOLF,ALIVE,ioh
0,status,15,MEDIUM,ALIVE,Basket
0,whisper,0,0,6,Skip
0,whisper,1,0,14,COMINGOUT Agent[14] SEER
0,whisper,2,0,7,Skip
0,whisper,3,1,6,Skip
0,whisper,4,1,14,Skip
0,whisper,5,1,7,Skip
0,whisper,6,2,14,Skip
0,whisper,7,2,7,Over
0,whisper,8,2,6,Over
0,whisper,9,3,6,Over
0,whisper,10,3,7,Over
0,whisper,11,3,14,Over
0,divine,10,7,WEREWOLF
1,status,1,VILLAGER,ALIVE,tonkatsu
1,status,2,VILLAGER,ALIVE,KP22
1,status,3,BODYGUARD,ALIVE,kgu_ryu
1,status,4,VILLAGER,ALIVE,sUper_IL
1,status,5,VILLAGER,ALIVE,daphne
1,status,6,WEREWOLF,ALIVE,Ncu702
1,status,7,WEREWOLF,ALIVE,ice
1,status,8,VILLAGER,ALIVE,mikami
1,status,9,VILLAGER,ALIVE,Baguette
1,status,10,SEER,ALIVE,ichida
1,status,11,VILLAGER,ALIVE,Hachi2
1,status,12,VILLAGER,ALIVE,takoyaki
1,status,13,POSSESSED,ALIVE,CanisLupus
1,status,14,WEREWOLF,ALIVE,ioh
1,status,15,MEDIUM,ALIVE,Basket
1,talk,0,0,15,COMINGOUT Agent[15] MEDIUM
1,talk,1,0,1,VOTE Agent[02]
1,talk,2,0,8,VOTE Agent[02]
1,talk,3,0,12,VOTE Agent[02]
1,talk,4,0,9,VOTE Agent[11]
1,talk,5,0,6,Skip
1,talk,6,0,13,VOTE Agent[08]
1,talk,7,0,2,VOTE Agent[08]
1,talk,8,0,11,VOTE Agent[02]
1,talk,9,0,7,Skip
1,talk,10,0,14,COMINGOUT Agent[14] SEER
1,talk,11,0,5,VOTE Agent[02]
1,talk,12,0,4,VOTE Agent[02]
1,talk,13,0,3,VOTE Agent[02]
1,talk,14,0,10,COMINGOUT Agent[10] SEER
1,talk,15,1,6,VOTE Agent[02]
1,talk,16,1,12,VOTE Agent[06]
1,talk,17,1,5,VOTE Agent[02]
1,talk,18,1,7,VOTE Agent[02]
1,talk,19,1,13,Skip
1,talk,20,1,14,DIVINED Agent[07] HUMAN
1,talk,21,1,10,DIVINED Agent[02] WEREWOLF
1,talk,22,1,11,VOTE Agent[06]
1,talk,23,1,9,VOTE Agent[02]
1,talk,24,1,2,VOTE Agent[06]
1,talk,25,1,4,VOTE Agent[06]
1,talk,26,1,8,VOTE Agent[02]
1,talk,27,1,3,VOTE Agent[06]
1,talk,28,1,15,ESTIMATE Agent[06] WEREWOLF
1,talk,29,1,1,VOTE Agent[06]
1,talk,30,2,12,VOTE Agent[06]
1,talk,31,2,13,VOTE Agent[02]
1,talk,32,2,4,VOTE Agent[06]
1,talk,33,2,7,VOTE Agent[06]
1,talk,34,2,3,Skip
1,talk,35,2,6,VOTE Agent[02]
1,talk,36,2,9,VOTE Agent[02]
1,talk,37,2,1,Skip
1,talk,38,2,5,VOTE Agent[06]
1,talk,39,2,11,Skip
1,talk,40,2,14,REQUEST ANY (VOTE Agent[10])
1,talk,41,2,15,VOTE Agent[07]
1,talk,42,2,2,Skip
1,talk,43,2,10,VOTE Agent[06]
1,talk,44,2,8,VOTE Agent[06]
1,talk,45,3,6,VOTE Agent[02]
1,talk,46,3,3,Skip
1,talk,47,3,8,Skip
1,talk,48,3,5,Skip
1,talk,49,3,13,VOTE Agent[07]
1,talk,50,3,12,Skip
1,talk,51,3,11,Skip
1,talk,52,3,2,Skip
1,talk,53,3,10,VOTE Agent[06]
1,talk,54,3,4,Skip
1,talk,55,3,1,Skip
1,talk,56,3,7,Skip
1,talk,57,3,14,ESTIMATE Agent[10] WEREWOLF
1,talk,58,3,9,VOTE Agent[02]
1,talk,59,3,15,REQUEST ANY (VOTE Agent[06])
1,talk,60,4,15,VOTE Agent[06]
1,talk,61,4,8,Skip
1,talk,62,4,1,Over
1,talk,63,4,13,Skip
1,talk,64,4,10,VOTE Agent[06]
1,talk,65,4,6,VOTE Agent[02]
1,talk,66,4,2,Over
1,talk,67,4,7,Skip
1,talk,68,4,9,VOTE Agent[02]
1,talk,69,4,4,Skip
1,talk,70,4,11,Over
1,talk,71,4,12,Skip
1,talk,72,4,5,Skip
1,talk,73,4,3,Over
1,talk,74,4,14,ESTIMATE Agent[10] WEREWOLF
1,talk,75,5,5,Over
1,talk,76,5,7,Over
1,talk,77,5,4,Over
1,talk,78,5,10,VOTE Agent[06]
1,talk,79,5,1,Over
1,talk,80,5,12,Over
1,talk,81,5,11,Over
1,talk,82,5,14,REQUEST ANY (VOTE Agent[10])
1,talk,83,5,6,VOTE Agent[02]
1,talk,84,5,8,Over
1,talk,85,5,3,Over
1,talk,86,5,2,Over
1,talk,87,5,9,VOTE Agent[02]
1,talk,88,5,15,VOTE Agent[06]
1,talk,89,5,13,Skip
1,talk,90,6,14,REQUEST ANY (VOTE Agent[10])
1,talk,91,6,15,VOTE Agent[06]
1,talk,92,6,9,VOTE Agent[02]
1,talk,93,6,2,Over
1,talk,94,6,1,Over
1,talk,95,6,8,Over
1,talk,96,6,7,Over
1,talk,97,6,3,Over
1,talk,98,6,5,Over
1,talk,99,6,10,VOTE Agent[06]
1,talk,100,6,11,Over
1,talk,101,6,4,Over
1,talk,102,6,12,Over
1,talk,103,6,6,VOTE Agent[02]
1,talk,104,6,13,Over
1,talk,105,7,6,VOTE Agent[02]
1,talk,106,7,7,Over
1,talk,107,7,12,Over
1,talk,108,7,2,Over
1,talk,109,7,15,ESTIMATE Agent[06] WEREWOLF
1,talk,110,7,4,Over
1,talk,111,7,11,Over
1,talk,112,7,9,VOTE Agent[02]
1,talk,113,7,5,Over
1,talk,114,7,3,Over
1,talk,115,7,10,VOTE Agent[06]
1,talk,116,7,1,Over
1,talk,117,7,14,VOTE Agent[10]
1,talk,118,7,8,Over
1,talk,119,7,13,Over
1,talk,120,8,15,ESTIMATE Agent[06] WEREWOLF
1,talk,121,8,7,Over
1,talk,122,8,8,Over
1,talk,123,8,12,Over
1,talk,124,8,13,Over
1,talk,125,8,3,Over
1,talk,126,8,6,VOTE Agent[02]
1,talk,127,8,10,VOTE Agent[06]
1,talk,128,8,1,Over
1,talk,129,8,2,Over
1,talk,130,8,5,Over
1,talk,131,8,11,Over
1,talk,132,8,4,Over
1,talk,133,8,9,VOTE Agent[02]
1,talk,134,8,14,VOTE Agent[10]
1,talk,135,9,15,REQUEST ANY (VOTE Agent[06])
1,talk,136,9,5,Over
1,talk,137,9,14,REQUEST ANY (VOTE Agent[10])
1,talk,138,9,7,Over
1,talk,139,9,13,Over
1,talk,140,9,8,Over
1,talk,141,9,11,Over
1,talk,142,9,6,VOTE Agent[02]
1,talk,143,9,2,Over
1,talk,144,9,10,VOTE Agent[06]
1,talk,145,9,4,Over
1,talk,146,9,9,VOTE Agent[02]
1,talk,147,9,3,Over
1,talk,148,9,1,Over
1,talk,149,9,12,Over
1,talk,150,10,12,Over
1,talk,151,10,10,Over
1,talk,152,10,6,VOTE Agent[02]
1,talk,153,10,1,Over
1,talk,154,10,7,Over
1,talk,155,10,3,Over
1,talk,156,10,9,Over
1,talk,157,10,11,Over
1,talk,158,10,13,Over
1,talk,159,10,4,Over
1,talk,160,10,2,Over
1,talk,161,10,8,Over
1,talk,162,10,5,Over
1,talk,163,10,14,Over
1,talk,164,10,15,Over
1,talk,165,11,14,Over
1,talk,166,11,8,Over
1,talk,167,11,5,Over
1,talk,168,11,6,Over
1,talk,169,11,1,Over
1,talk,170,11,15,Over
1,talk,171,11,7,Over
1,talk,172,11,3,Over
1,talk,173,11,9,Over
1,talk,174,11,11,Over
1,talk,175,11,10,Over
1,talk,176,11,4,Over
1,talk,177,11,13,Over
1,talk,178,11,12,Over
1,talk,179,11,2,Over
1,vote,1,6
1,vote,2,6
1,vote,3,6
1,vote,4,6
1,vote,5,6
1,vote,6,2
1,vote,7,6
1,vote,8,6
1,vote,9,2
1,vote,10,6
1,vote,11,6
1,vote,12,6
1,vote,13,6
1,vote,14,6
1,vote,15,14
1,execute,6,WEREWOLF
1,divine,10,2,HUMAN
1,whisper,0,0,14,ATTACK Agent[10]
1,whisper,1,0,7,Skip
1,whisper,2,1,14,Skip
1,whisper,3,1,7,Skip
1,whisper,4,2,7,Over
1,whisper,5,2,14,Skip
1,whisper,6,3,7,Over
1,whisper,7,3,14,Over
1,guard,3,10,SEER
1,attackVote,7,10
1,attackVote,14,10
1,attack,10,false
2,status,1,VILLAGER,ALIVE,tonkatsu
2,status,2,VILLAGER,ALIVE,KP22
2,status,3,BODYGUARD,ALIVE,kgu_ryu
2,status,4,VILLAGER,ALIVE,sUper_IL
2,status,5,VILLAGER,ALIVE,daphne
2,status,6,WEREWOLF,DEAD,Ncu702
2,status,7,WEREWOLF,ALIVE,ice
2,status,8,VILLAGER,ALIVE,mikami
2,status,9,VILLAGER,ALIVE,Baguette
2,status,10,SEER,ALIVE,ichida
2,status,11,VILLAGER,ALIVE,Hachi2
2,status,12,VILLAGER,ALIVE,takoyaki
2,status,13,POSSESSED,ALIVE,CanisLupus
2,status,14,WEREWOLF,ALIVE,ioh
2,status,15,MEDIUM,ALIVE,Basket
2,talk,0,0,5,VOTE Agent[14]
2,talk,1,0,14,DIVINED Agent[10] WEREWOLF
2,talk,2,0,4,VOTE Agent[14]
2,talk,3,0,3,VOTE Agent[02]
2,talk,4,0,13,VOTE Agent[07]
2,talk,5,0,9,VOTE Agent[02]
2,talk,6,0,8,VOTE Agent[02]
2,talk,7,0,1,VOTE Agent[02]
2,talk,8,0,10,DIVINED Agent[14] WEREWOLF
2,talk,9,0,7,VOTE Agent[02]
2,talk,10,0,11,VOTE Agent[14]
2,talk,11,0,2,VOTE Agent[14]
2,talk,12,0,15,IDENTIFIED Agent[06] WEREWOLF
2,talk,13,0,12,VOTE Agent[14]
2,talk,14,1,14,ESTIMATE Agent[10] WEREWOLF
2,talk,15,1,2,VOTE Agent[14]
2,talk,16,1,10,VOTE Agent[02]
2,talk,17,1,4,VOTE Agent[14]
2,talk,18,1,3,VOTE Agent[02]
2,talk,19,1,12,VOTE Agent[14]
2,talk,20,1,11,VOTE Agent[14]
2,talk,21,1,15,REQUEST ANY (VOTE Agent[14])
2,talk,22,1,13,Skip
2,talk,23,1,1,VOTE Agent[02]
2,talk,24,1,5,VOTE Agent[02]
2,talk,25,1,9,VOTE Agent[02]
2,talk,26,1,7,Skip
2,talk,27,1,8,Skip
2,talk,28,2,3,Skip
2,talk,29,2,9,VOTE Agent[02]
2,talk,30,2,5,Skip
2,talk,31,2,10,VOTE Agent[02]
2,talk,32,2,8,Skip
2,talk,33,2,2,VOTE Agent[14]
2,talk,34,2,12,VOTE Agent[02]
2,talk,35,2,11,VOTE Agent[02]
2,talk,36,2,4,VOTE Agent[02]
2,talk,37,2,1,Skip
2,talk,38,2,13,Skip
2,talk,39,2,15,REQUEST ANY (VOTE Agent[02])
2,talk,40,2,7,Skip
2,talk,41,2,14,REQUEST ANY (VOTE Agent[10])
2,talk,42,3,4,VOTE Agent[14]
2,talk,43,3,15,VOTE Agent[14]
2,talk,44,3,11,VOTE Agent[14]
2,talk,45,3,2,VOTE Agent[14]
2,talk,46,3,14,VOTE Agent[10]
2,talk,47,3,10,VOTE Agent[02]
2,talk,48,3,9,VOTE Agent[02]
2,talk,49,3,7,Over
2,talk,50,3,13,Over
2,talk,51,3,8,Over
2,talk,52,3,12,VOTE Agent[14]
2,talk,53,3,3,VOTE Agent[14]
2,talk,54,3,1,VOTE Agent[14]
2,talk,55,3,5,VOTE Agent[14]
2,talk,56,4,14,VOTE Agent[10]
2,talk,57,4,11,Skip
2,talk,58,4,15,REQUEST ANY (VOTE Agent[14])
2,talk,59,4,13,Over
2,talk,60,4,12,Skip
2,talk,61,4,10,VOTE Agent[14]
2,talk,62,4,7,VOTE Agent[14]
2,talk,63,4,1,Skip
2,talk,64,4,8,VOTE Agent[14]
2,talk,65,4,4,Skip
2,talk,66,4,2,Skip
2,talk,67,4,9,VOTE Agent[02]
2,talk,68,4,5,Skip
2,talk,69,4,3,Skip
2,talk,70,5,1,Skip
2,talk,71,5,3,Skip
2,talk,72,5,9,VOTE Agent[02]
2,talk,73,5,2,Skip
2,talk,74,5,4,Skip
2,talk,75,5,10,VOTE Agent[14]
2,talk,76,5,11,Skip
2,talk,77,5,13,Over
2,talk,78,5,14,ESTIMATE Agent[10] WEREWOLF
2,talk,79,5,7,Skip
2,talk,80,5,5,Skip
2,talk,81,5,12,Skip
2,talk,82,5,8,Skip
2,talk,83,5,15,REQUEST ANY (VOTE Agent[14])
2,talk,84,6,12,Over
2,talk,85,6,2,Over
2,talk,86,6,7,Skip
2,talk,87,6,4,Over
2,talk,88,6,8,Skip
2,talk,89,6,13,Over
2,talk,90,6,11,Over
2,talk,91,6,10,VOTE Agent[14]
2,talk,92,6,3,Over
2,talk,93,6,9,VOTE Agent[02]
2,talk,94,6,1,Over
2,talk,95,6,14,REQUEST ANY (VOTE Agent[10])
2,talk,96,6,15,REQUEST ANY (VOTE Agent[14])
2,talk,97,6,5,Over
2,talk,98,7,14,ESTIMATE Agent[10] WEREWOLF
2,talk,99,7,4,Over
2,talk,100,7,12,Over
2,talk,101,7,3,Over
2,talk,102,7,5,Over
2,talk,103,7,2,Over
2,talk,104,7,7,Over
2,talk,105,7,1,Over
2,talk,106,7,8,Over
2,talk,107,7,13,Over
2,talk,108,7,11,Over
2,talk,109,7,10,VOTE Agent[14]
2,talk,110,7,9,VOTE Agent[02]
2,talk,111,7,15,REQUEST ANY (VOTE Agent[14])
2,talk,112,8,15,VOTE Agent[14]
2,talk,113,8,11,Over
2,talk,114,8,8,Over
2,talk,115,8,12,Over
2,talk,116,8,13,Over
2,talk,117,8,3,Over
2,talk,118,8,7,Over
2,talk,119,8,14,ESTIMATE Agent[10] WEREWOLF
2,talk,120,8,9,VOTE Agent[02]
2,talk,121,8,4,Over
2,talk,122,8,1,Over
2,talk,123,8,10,VOTE Agent[14]
2,talk,124,8,5,Over
2,talk,125,8,2,Over
2,talk,126,9,3,Over
2,talk,127,9,1,Over
2,talk,128,9,5,Over
2,talk,129,9,14,VOTE Agent[10]
2,talk,130,9,2,Over
2,talk,131,9,13,Over
2,talk,132,9,12,Over
2,talk,133,9,10,VOTE Agent[14]
2,talk,134,9,15,VOTE Agent[14]
2,talk,135,9,8,Over
2,talk,136,9,9,VOTE Agent[02]
2,talk,137,9,11,Over
2,talk,138,9,7,Over
2,talk,139,9,4,Over
2,talk,140,10,1,Over
2,talk,141,10,12,Over
2,talk,142,10,3,Over
2,talk,143,10,8,Over
2,talk,144,10,15,Over
2,talk,145,10,9,Over
2,talk,146,10,14,Over
2,talk,147,10,5,Over
2,talk,148,10,4,Over
2,talk,149,10,7,Over
2,talk,150,10,2,Over
2,talk,151,10,11,Over
2,talk,152,10,10,Over
2,talk,153,10,13,Over
2,vote,1,14
2,vote,2,14
2,vote,3,14
2,vote,4,14
2,vote,5,14
2,vote,7,14
2,vote,8,14
2,vote,9,2
2,vote,10,14
2,vote,11,14
2,vote,12,14
2,vote,13,14
2,vote,14,2
2,vote,15,14
2,execute,14,WEREWOLF
2,divine,10,15,HUMAN
2,guard,3,10,SEER
2,attackVote,7,10
2,attack,10,false
3,status,1,VILLAGER,ALIVE,tonkatsu
3,status,2,VILLAGER,ALIVE,KP22
3,status,3,BODYGUARD,ALIVE,kgu_ryu
3,status,4,VILLAGER,ALIVE,sUper_IL
3,status,5,VILLAGER,ALIVE,daphne
3,status,6,WEREWOLF,DEAD,Ncu702
3,status,7,WEREWOLF,ALIVE,ice
3,status,8,VILLAGER,ALIVE,mikami
3,status,9,VILLAGER,ALIVE,Baguette
3,status,10,SEER,ALIVE,ichida
3,status,11,VILLAGER,ALIVE,Hachi2
3,status,12,VILLAGER,ALIVE,takoyaki
3,status,13,POSSESSED,ALIVE,CanisLupus
3,status,14,WEREWOLF,DEAD,ioh
3,status,15,MEDIUM,ALIVE,Basket
3,talk,0,0,1,VOTE Agent[02]
3,talk,1,0,5,VOTE Agent[02]
3,talk,2,0,11,VOTE Agent[02]
3,talk,3,0,9,VOTE Agent[02]
3,talk,4,0,8,VOTE Agent[02]
3,talk,5,0,10,DIVINED Agent[15] WEREWOLF
3,talk,6,0,7,VOTE Agent[02]
3,talk,7,0,4,VOTE Agent[02]
3,talk,8,0,2,VOTE Agent[11]
3,talk,9,0,13,VOTE Agent[07]
3,talk,10,0,12,VOTE Agent[02]
3,talk,11,0,15,IDENTIFIED Agent[14] WEREWOLF
3,talk,12,0,3,VOTE Agent[02]
3,talk,13,1,10,VOTE Agent[02]
3,talk,14,1,11,Skip
3,talk,15,1,1,Skip
3,talk,16,1,3,Skip
3,talk,17,1,4,Skip
3,talk,18,1,15,VOTE Agent[02]
3,talk,19,1,7,Skip
3,talk,20,1,8,Skip
3,talk,21,1,5,Skip
3,talk,22,1,2,VOTE Agent[11]
3,talk,23,1,9,VOTE Agent[02]
3,talk,24,1,13,Skip
3,talk,25,1,12,Skip
3,talk,26,2,4,Skip
3,talk,27,2,1,Skip
3,talk,28,2,10,VOTE Agent[02]
3,talk,29,2,8,Skip
3,talk,30,2,2,VOTE Agent[11]
3,talk,31,2,5,Skip
3,talk,32,2,11,Skip
3,talk,33,2,13,Skip
3,talk,34,2,3,Skip
3,talk,35,2,7,Skip
3,talk,36,2,12,Skip
3,talk,37,2,9,VOTE Agent[02]
3,talk,38,2,15,ESTIMATE Agent[02] WEREWOLF
3,talk,39,3,13,Over
3,talk,40,3,2,VOTE Agent[11]
3,talk,41,3,10,VOTE Agent[02]
3,talk,42,3,15,ESTIMATE Agent[02] WEREWOLF
3,talk,43,3,9,VOTE Agent[02]
3,talk,44,3,5,Over
3,talk,45,3,4,Over
3,talk,46,3,3,Over
3,talk,47,3,8,Over
3,talk,48,3,11,Over
3,talk,49,3,7,Over
3,talk,50,3,12,Over
3,talk,51,3,1,Over
3,talk,52,4,8,Over
3,talk,53,4,1,Over
3,talk,54,4,7,Over
3,talk,55,4,13,Over
3,talk,56,4,15,VOTE Agent[02]
3,talk,57,4,4,Over
3,talk,58,4,12,Over
3,talk,59,4,2,VOTE Agent[11]
3,talk,60,4,3,Over
3,talk,61,4,5,Over
3,talk,62,4,9,VOTE Agent[02]
3,talk,63,4,11,Over
3,talk,64,4,10,VOTE Agent[02]
3,talk,65,5,9,VOTE Agent[02]
3,talk,66,5,8,Over
3,talk,67,5,3,Over
3,talk,68,5,11,Over
3,talk,69,5,10,VOTE Agent[02]
3,talk,70,5,1,Over
3,talk,71,5,2,VOTE Agent[11]
3,talk,72,5,7,Over
3,talk,73,5,13,Over
3,talk,74,5,5,Over
3,talk,75,5,4,Over
3,talk,76,5,12,Over
3,talk,77,5,15,ESTIMATE Agent[02] WEREWOLF
3,talk,78,6,10,VOTE Agent[02]
3,talk,79,6,5,Over
3,talk,80,6,4,Over
3,talk,81,6,13,Over
3,talk,82,6,15,VOTE Agent[02]
3,talk,83,6,1,Over
3,talk,84,6,3,Over
3,talk,85,6,2,VOTE Agent[11]
3,talk,86,6,7,Over
3,talk,87,6,11,Over
3,talk,88,6,8,Over
3,talk,89,6,9,VOTE Agent[02]
3,talk,90,6,12,Over
3,talk,91,7,8,Over
3,talk,92,7,5,Over
3,talk,93,7,13,Over
3,talk,94,7,11,Over
3,talk,95,7,15,VOTE Agent[02]
3,talk,96,7,3,Over
3,talk,97,7,10,VOTE Agent[02]
3,talk,98,7,7,Over
3,talk,99,7,2,VOTE Agent[11]
3,talk,100,7,4,Over
3,talk,101,7,9,VOTE Agent[02]
3,talk,102,7,12,Over
3,talk,103,7,1,Over
3,talk,104,8,11,Over
3,talk,105,8,10,VOTE Agent[02]
3,talk,106,8,9,VOTE Agent[02]
3,talk,107,8,1,Over
3,talk,108,8,2,VOTE Agent[11]
3,talk,109,8,7,Over
3,talk,110,8,5,Over
3,talk,111,8,13,Over
3,talk,112,8,12,Over
3,talk,113,8,8,Over
3,talk,114,8,3,Over
3,talk,115,8,15,REQUEST ANY (VOTE Agent[02])
3,talk,116,8,4,Over
3,talk,117,9,11,Over
3,talk,118,9,13,Over
3,talk,119,9,5,Over
3,talk,120,9,10,VOTE Agent[02]
3,talk,121,9,9,VOTE Agent[02]
3,talk,122,9,12,Over
3,talk,123,9,7,Over
3,talk,124,9,15,ESTIMATE Agent[02] WEREWOLF
3,talk,125,9,3,Over
3,talk,126,9,4,Over
3,talk,127,9,8,Over
3,talk,128,9,1,Over
3,talk,129,9,2,VOTE Agent[11]
3,talk,130,10,5,Over
3,talk,131,10,1,Over
3,talk,132,10,13,Over
3,talk,133,10,12,Over
3,talk,134,10,8,Over
3,talk,135,10,9,Over
3,talk,136,10,2,Over
3,talk,137,10,15,Over
3,talk,138,10,4,Over
3,talk,139,10,10,Over
3,talk,140,10,7,Over
3,talk,141,10,3,Over
3,talk,142,10,11,Over
3,vote,1,2
3,vote,2,11
3,vote,3,2
3,vote,4,2
3,vote,5,2
3,vote,7,2
3,vote,8,2
3,vote,9,2
3,vote,10,2
3,vote,11,2
3,vote,12,2
3,vote,13,2
3,vote,15,11
3,execute,2,VILLAGER
3,divine,10,11,HUMAN
3,guard,3,10,SEER
3,attackVote,7,10
3,attack,10,false
4,status,1,VILLAGER,ALIVE,tonkatsu
4,status,2,VILLAGER,DEAD,KP22
4,status,3,BODYGUARD,ALIVE,kgu_ryu
4,status,4,VILLAGER,ALIVE,sUper_IL
4,status,5,VILLAGER,ALIVE,daphne
4,status,6,WEREWOLF,DEAD,Ncu702
4,status,7,WEREWOLF,ALIVE,ice
4,status,8,VILLAGER,ALIVE,mikami
4,status,9,VILLAGER,ALIVE,Baguette
4,status,10,SEER,ALIVE,ichida
4,status,11,VILLAGER,ALIVE,Hachi2
4,status,12,VILLAGER,ALIVE,takoyaki
4,status,13,POSSESSED,ALIVE,CanisLupus
4,status,14,WEREWOLF,DEAD,ioh
4,status,15,MEDIUM,ALIVE,Basket
4,talk,0,0,5,VOTE Agent[03]
4,talk,1,0,7,VOTE Agent[03]
4,talk,2,0,4,VOTE Agent[11]
4,talk,3,0,8,VOTE Agent[03]
4,talk,4,0,12,VOTE Agent[11]
4,talk,5,0,3,VOTE Agent[11]
4,talk,6,0,10,DIVINED Agent[11] WEREWOLF
4,talk,7,0,9,VOTE Agent[11]
4,talk,8,0,13,VOTE Agent[07]
4,talk,9,0,11,VOTE Agent[01]
4,talk,10,0,15,IDENTIFIED Agent[02] HUMAN
4,talk,11,0,1,VOTE Agent[11]
4,talk,12,1,3,VOTE Agent[11]
4,talk,13,1,10,VOTE Agent[11]
4,talk,14,1,15,ESTIMATE Agent[11] WEREWOLF
4,talk,15,1,8,VOTE Agent[11]
4,talk,16,1,1,Skip
4,talk,17,1,9,VOTE Agent[11]
4,talk,18,1,12,Skip
4,talk,19,1,13,Skip
4,talk,20,1,7,VOTE Agent[11]
4,talk,21,1,4,Skip
4,talk,22,1,5,VOTE Agent[11]
4,talk,23,1,11,VOTE Agent[09]
4,talk,24,2,4,Skip
4,talk,25,2,11,VOTE Agent[01]
4,talk,26,2,5,Skip
4,talk,27,2,7,Skip
4,talk,28,2,12,Skip
4,talk,29,2,10,VOTE Agent[11]
4,talk,30,2,3,Skip
4,talk,31,2,9,VOTE Agent[11]
4,talk,32,2,8,Skip
4,talk,33,2,15,ESTIMATE Agent[11] WEREWOLF
4,talk,34,2,13,Skip
4,talk,35,2,1,Skip
4,talk,36,3,10,VOTE Agent[11]
4,talk,37,3,1,Over
4,talk,38,3,11,VOTE Agent[01]
4,talk,39,3,7,Skip
4,talk,40,3,3,Skip
4,talk,41,3,12,Over
4,talk,42,3,5,Skip
4,talk,43,3,15,ESTIMATE Agent[11] WEREWOLF
4,talk,44,3,8,Skip
4,talk,45,3,9,VOTE Agent[11]
4,talk,46,3,4,Over
4,talk,47,3,13,Over
4,talk,48,4,15,REQUEST ANY (VOTE Agent[11])
4,talk,49,4,5,Over
4,talk,50,4,7,Over
4,talk,51,4,13,Over
4,talk,52,4,8,Over
4,talk,53,4,1,Over
4,talk,54,4,9,VOTE Agent[11]
4,talk,55,4,4,Over
4,talk,56,4,12,Over
4,talk,57,4,3,Over
4,talk,58,4,11,VOTE Agent[01]
4,talk,59,4,10,VOTE Agent[11]
4,talk,60,5,9,VOTE Agent[11]
4,talk,61,5,4,Over
4,talk,62,5,5,Over
4,talk,63,5,11,VOTE Agent[01]
4,talk,64,5,10,VOTE Agent[11]
4,talk,65,5,8,Over
4,talk,66,5,12,Over
4,talk,67,5,15,ESTIMATE Agent[11] WEREWOLF
4,talk,68,5,7,Over
4,talk,69,5,13,Over
4,talk,70,5,1,Over
4,talk,71,5,3,Over
4,talk,72,6,4,Over
4,talk,73,6,13,Over
4,talk,74,6,5,Over
4,talk,75,6,11,VOTE Agent[01]
4,talk,76,6,1,Over
4,talk,77,6,8,Over
4,talk,78,6,3,Over
4,talk,79,6,9,VOTE Agent[11]
4,talk,80,6,7,Over
4,talk,81,6,12,Over
4,talk,82,6,10,VOTE Agent[11]
4,talk,83,6,15,REQUEST ANY (VOTE Agent[11])
4,talk,84,7,7,Over
4,talk,85,7,9,VOTE Agent[11]
4,talk,86,7,11,VOTE Agent[01]
4,talk,87,7,15,REQUEST ANY (VOTE Agent[11])
4,talk,88,7,13,Over
4,talk,89,7,8,Over
4,talk,90,7,12,Over
4,talk,91,7,3,Over
4,talk,92,7,1,Over
4,talk,93,7,4,Over
4,talk,94,7,10,VOTE Agent[11]
4,talk,95,7,5,Over
4,talk,96,8,4,Over
4,talk,97,8,11,VOTE Agent[01]
4,talk,98,8,5,Over
4,talk,99,8,10,VOTE Agent[11]
4,talk,100,8,12,Over
4,talk,101,8,1,Over
4,talk,102,8,3,Over
4,talk,103,8,7,Over
4,talk,104,8,8,Over
4,talk,105,8,9,VOTE Agent[11]
4,talk,106,8,15,ESTIMATE Agent[11] WEREWOLF
4,talk,107,8,13,Over
4,talk,108,9,11,VOTE Agent[01]
4,talk,109,9,13,Over
4,talk,110,9,12,Over
4,talk,111,9,5,Over
4,talk,112,9,3,Over
4,talk,113,9,10,VOTE Agent[11]
4,talk,114,9,15,VOTE Agent[11]
4,talk,115,9,4,Over
4,talk,116,9,7,Over
4,talk,117,9,1,Over
4,talk,118,9,9,VOTE Agent[11]
4,talk,119,9,8,Over
4,talk,120,10,7,Over
4,talk,121,10,12,Over
4,talk,122,10,11,Over
4,talk,123,10,3,Over
4,talk,124,10,1,Over
4,talk,125,10,13,Over
4,talk,126,10,5,Over
4,talk,127,10,8,Over
4,talk,128,10,4,Over
4,talk,129,10,15,Over
4,talk,130,10,9,Over
4,talk,131,10,10,Over
4,vote,1,11
4,vote,3,11
4,vote,4,11
4,vote,5,11
4,vote,7,11
4,vote,8,11
4,vote,9,11
4,vote,10,11
4,vote,11,1
4,vote,12,11
4,vote,13,11
4,vote,15,11
4,execute,11,VILLAGER
4,divine,10,1,HUMAN
4,guard,3,10,SEER
4,attackVote,7,10
4,attack,10,false
5,status,1,VILLAGER,ALIVE,tonkatsu
5,status,2,VILLAGER,DEAD,KP22
5,status,3,BODYGUARD,ALIVE,kgu_ryu
5,status,4,VILLAGER,ALIVE,sUper_IL
5,status,5,VILLAGER,ALIVE,daphne
5,status,6,WEREWOLF,DEAD,Ncu702
5,status,7,WEREWOLF,ALIVE,ice
5,status,8,VILLAGER,ALIVE,mikami
5,status,9,VILLAGER,ALIVE,Baguette
5,status,10,SEER,ALIVE,ichida
5,status,11,VILLAGER,DEAD,Hachi2
5,status,12,VILLAGER,ALIVE,takoyaki
5,status,13,POSSESSED,ALIVE,CanisLupus
5,status,14,WEREWOLF,DEAD,ioh
5,status,15,MEDIUM,ALIVE,Basket
5,talk,0,0,8,VOTE Agent[01]
5,talk,1,0,7,VOTE Agent[01]
5,talk,2,0,3,VOTE Agent[01]
5,talk,3,0,10,DIVINED Agent[01] WEREWOLF
5,talk,4,0,5,VOTE Agent[01]
5,talk,5,0,15,IDENTIFIED Agent[11] HUMAN
5,talk,6,0,9,VOTE Agent[01]
5,talk,7,0,1,VOTE Agent[09]
5,talk,8,0,12,VOTE Agent[01]
5,talk,9,0,4,VOTE Agent[01]
5,talk,10,0,13,VOTE Agent[07]
5,talk,11,1,9,VOTE Agent[01]
5,talk,12,1,12,Skip
5,talk,13,1,8,Skip
5,talk,14,1,3,Skip
5,talk,15,1,5,Skip
5,talk,16,1,13,Skip
5,talk,17,1,15,REQUEST ANY (VOTE Agent[01])
5,talk,18,1,10,VOTE Agent[01]
5,talk,19,1,1,VOTE Agent[09]
5,talk,20,1,4,Skip
5,talk,21,1,7,Skip
5,talk,22,2,5,Skip
5,talk,23,2,8,Skip
5,talk,24,2,15,REQUEST ANY (VOTE Agent[01])
5,talk,25,2,10,VOTE Agent[01]
5,talk,26,2,12,VOTE Agent[09]
5,talk,27,2,3,Skip
5,talk,28,2,9,VOTE Agent[01]
5,talk,29,2,7,Skip
5,talk,30,2,13,VOTE Agent[01]
5,talk,31,2,4,VOTE Agent[09]
5,talk,32,2,1,VOTE Agent[09]
5,talk,33,3,7,Over
5,talk,34,3,15,ESTIMATE Agent[09] WEREWOLF
5,talk,35,3,4,VOTE Agent[09]
5,talk,36,3,5,Over
5,talk,37,3,1,VOTE Agent[09]
5,talk,38,3,10,VOTE Agent[01]
5,talk,39,3,13,Skip
5,talk,40,3,8,Over
5,talk,41,3,12,VOTE Agent[09]
5,talk,42,3,3,Over
5,talk,43,3,9,VOTE Agent[01]
5,talk,44,4,3,Over
5,talk,45,4,4,VOTE Agent[09]
5,talk,46,4,7,Over
5,talk,47,4,13,Skip
5,talk,48,4,9,VOTE Agent[01]
5,talk,49,4,12,VOTE Agent[09]
5,talk,50,4,15,ESTIMATE Agent[09] WEREWOLF
5,talk,51,4,8,Over
5,talk,52,4,5,Over
5,talk,53,4,1,VOTE Agent[09]
5,talk,54,4,10,VOTE Agent[01]
5,talk,55,5,5,Over
5,talk,56,5,8,Over
5,talk,57,5,9,VOTE Agent[01]
5,talk,58,5,3,Over
5,talk,59,5,15,REQUEST ANY (VOTE Agent[09])
5,talk,60,5,12,VOTE Agent[09]
5,talk,61,5,4,VOTE Agent[09]
5,talk,62,5,13,Over
5,talk,63,5,1,VOTE Agent[09]
5,talk,64,5,7,Over
5,talk,65,5,10,VOTE Agent[01]
5,talk,66,6,5,Over
5,talk,67,6,7,Over
5,talk,68,6,3,Over
5,talk,69,6,9,VOTE Agent[04]
5,talk,70,6,15,REQUEST ANY (VOTE Agent[09])
5,talk,71,6,12,VOTE Agent[09]
5,talk,72,6,13,Over
5,talk,73,6,8,Over
5,talk,74,6,10,VOTE Agent[01]
5,talk,75,6,1,VOTE Agent[09]
5,talk,76,6,4,VOTE Agent[09]
5,talk,77,7,7,Over
5,talk,78,7,12,VOTE Agent[09]
5,talk,79,7,8,Over
5,talk,80,7,13,Over
5,talk,81,7,3,VOTE Agent[09]
5,talk,82,7,9,VOTE Agent[01]
5,talk,83,7,1,VOTE Agent[09]
5,talk,84,7,5,Over
5,talk,85,7,10,VOTE Agent[01]
5,talk,86,7,4,VOTE Agent[09]
5,talk,87,7,15,REQUEST ANY (VOTE Agent[09])
5,talk,88,8,8,Over
5,talk,89,8,4,VOTE Agent[09]
5,talk,90,8,10,VOTE Agent[01]
5,talk,91,8,12,VOTE Agent[09]
5,talk,92,8,7,Over
5,talk,93,8,5,Over
5,talk,94,8,13,Over
5,talk,95,8,9,VOTE Agent[12]
5,talk,96,8,1,VOTE Agent[09]
5,talk,97,8,3,VOTE Agent[01]
5,talk,98,8,15,VOTE Agent[09]
5,talk,99,9,10,VOTE Agent[01]
5,talk,100,9,3,Skip
5,talk,101,9,4,VOTE Agent[09]
5,talk,102,9,7,Over
5,talk,103,9,5,Over
5,talk,104,9,9,VOTE Agent[04]
5,talk,105,9,15,ESTIMATE Agent[09] WEREWOLF
5,talk,106,9,1,VOTE Agent[09]
5,talk,107,9,12,VOTE Agent[09]
5,talk,108,9,13,Over
5,talk,109,9,8,Over
5,talk,110,10,9,Over
5,talk,111,10,5,Over
5,talk,112,10,10,Over
5,talk,113,10,7,Over
5,talk,114,10,1,Over
5,talk,115,10,13,Over
5,talk,116,10,12,VOTE Agent[09]
5,talk,117,10,8,Over
5,talk,118,10,4,VOTE Agent[09]
5,talk,119,10,15,Over
5,talk,120,10,3,Skip
5,talk,121,11,3,Over
5,talk,122,11,12,Over
5,talk,123,11,13,Over
5,talk,124,11,1,Over
5,talk,125,11,15,Over
5,talk,126,11,4,Over
5,talk,127,11,9,Over
5,talk,128,11,5,Over
5,talk,129,11,10,Over
5,talk,130,11,7,Over
5,talk,131,11,8,Over
5,vote,1,9
5,vote,3,1
5,vote,4,9
5,vote,5,1
5,vote,7,1
5,vote,8,1
5,vote,9,4
5,vote,10,1
5,vote,12,9
5,vote,13,1
5,vote,15,9
5,execute,1,VILLAGER
5,divine,10,9,HUMAN
5,guard,3,10,SEER
5,attackVote,7,10
5,attack,10,false
6,status,1,VILLAGER,DEAD,tonkatsu
6,status,2,VILLAGER,DEAD,KP22
6,status,3,BODYGUARD,ALIVE,kgu_ryu
6,status,4,VILLAGER,ALIVE,sUper_IL
6,status,5,VILLAGER,ALIVE,daphne
6,status,6,WEREWOLF,DEAD,Ncu702
6,status,7,WEREWOLF,ALIVE,ice
6,status,8,VILLAGER,ALIVE,mikami
6,status,9,VILLAGER,ALIVE,Baguette
6,status,10,SEER,ALIVE,ichida
6,status,11,VILLAGER,DEAD,Hachi2
6,status,12,VILLAGER,ALIVE,takoyaki
6,status,13,POSSESSED,ALIVE,CanisLupus
6,status,14,WEREWOLF,DEAD,ioh
6,status,15,MEDIUM,ALIVE,Basket
6,talk,0,0,5,VOTE Agent[03]
6,talk,1,0,13,VOTE Agent[12]
6,talk,2,0,9,VOTE Agent[04]
6,talk,3,0,3,VOTE Agent[09]
6,talk,4,0,12,VOTE Agent[09]
6,talk,5,0,4,VOTE Agent[09]
6,talk,6,0,8,VOTE Agent[09]
6,talk,7,0,15,IDENTIFIED Agent[01] HUMAN
6,talk,8,0,10,DIVINED Agent[09] WEREWOLF
6,talk,9,0,7,VOTE Agent[09]
6,talk,10,1,4,Skip
6,talk,11,1,8,Skip
6,talk,12,1,5,VOTE Agent[09]
6,talk,13,1,9,VOTE Agent[12]
6,talk,14,1,10,VOTE Agent[09]
6,talk,15,1,12,Skip
6,talk,16,1,13,VOTE Agent[09]
6,talk,17,1,7,Skip
6,talk,18,1,3,Skip
6,talk,19,1,15,VOTE Agent[09]
6,talk,20,2,13,Skip
6,talk,21,2,8,Skip
6,talk,22,2,12,Skip
6,talk,23,2,9,VOTE Agent[04]
6,talk,24,2,15,ESTIMATE Agent[09] WEREWOLF
6,talk,25,2,5,Skip
6,talk,26,2,10,VOTE Agent[09]
6,talk,27,2,7,Skip
6,talk,28,2,3,Skip
6,talk,29,2,4,Skip
6,talk,30,3,8,Over
6,talk,31,3,15,VOTE Agent[09]
6,talk,32,3,10,VOTE Agent[09]
6,talk,33,3,4,Over
6,talk,34,3,12,Over
6,talk,35,3,9,VOTE Agent[12]
6,talk,36,3,5,Skip
6,talk,37,3,3,Over
6,talk,38,3,7,Over
6,talk,39,3,13,Skip
6,talk,40,4,4,Over
6,talk,41,4,13,Over
6,talk,42,4,10,VOTE Agent[09]
6,talk,43,4,15,ESTIMATE Agent[09] WEREWOLF
6,talk,44,4,7,Over
6,talk,45,4,8,Over
6,talk,46,4,9,VOTE Agent[12]
6,talk,47,4,12,Over
6,talk,48,4,3,Over
6,talk,49,4,5,Over
6,talk,50,5,5,Over
6,talk,51,5,13,Over
6,talk,52,5,7,Over
6,talk,53,5,4,Over
6,talk,54,5,10,VOTE Agent[09]
6,talk,55,5,8,Over
6,talk,56,5,9,VOTE Agent[10]
6,talk,57,5,15,REQUEST ANY (VOTE Agent[09])
6,talk,58,5,3,Over
6,talk,59,5,12,Over
6,talk,60,6,3,Over
6,talk,61,6,9,VOTE Agent[03]
6,talk,62,6,10,VOTE Agent[09]
6,talk,63,6,7,Over
6,talk,64,6,4,Over
6,talk,65,6,5,Over
6,talk,66,6,12,Over
6,talk,67,6,13,Over
6,talk,68,6,8,Over
6,talk,69,6,15,ESTIMATE Agent[09] WEREWOLF
6,talk,70,7,7,Over
6,talk,71,7,4,Over
6,talk,72,7,5,Over
6,talk,73,7,15,REQUEST ANY (VOTE Agent[09])
6,talk,74,7,8,Over
6,talk,75,7,3,Over
6,talk,76,7,10,VOTE Agent[09]
6,talk,77,7,9,VOTE Agent[03]
6,talk,78,7,13,Over
6,talk,79,7,12,Over
6,talk,80,8,15,ESTIMATE Agent[09] WEREWOLF
6,talk,81,8,13,Over
6,talk,82,8,3,Over
6,talk,83,8,10,VOTE Agent[09]
6,talk,84,8,12,Over
6,talk,85,8,4,Over
6,talk,86,8,8,Over
6,talk,87,8,9,VOTE Agent[10]
6,talk,88,8,7,Over
6,talk,89,8,5,Over
6,talk,90,9,10,VOTE Agent[09]
6,talk,91,9,15,REQUEST ANY (VOTE Agent[09])
6,talk,92,9,4,Over
6,talk,93,9,7,Over
6,talk,94,9,8,Over
6,talk,95,9,12,Over
6,talk,96,9,9,VOTE Agent[10]
6,talk,97,9,13,Over
6,talk,98,9,5,Over
6,talk,99,9,3,Over
6,talk,100,10,5,Over
6,talk,101,10,13,Over
6,talk,102,10,12,Over
6,talk,103,10,3,Over
6,talk,104,10,7,Over
6,talk,105,10,10,Over
6,talk,106,10,4,Over
6,talk,107,10,15,Over
6,talk,108,10,9,Over
6,talk,109,10,8,Over
6,vote,3,9
6,vote,4,9
6,vote,5,9
6,vote,7,9
6,vote,8,9
6,vote,9,10
6,vote,10,9
6,vote,12,9
6,vote,13,9
6,vote,15,9
6,execute,9,VILLAGER
6,divine,10,13,HUMAN
6,guard,3,10,SEER
6,attackVote,7,10
6,attack,10,false
7,status,1,VILLAGER,DEAD,tonkatsu
7,status,2,VILLAGER,DEAD,KP22
7,status,3,BODYGUARD,ALIVE,kgu_ryu
7,status,4,VILLAGER,ALIVE,sUper_IL
7,status,5,VILLAGER,ALIVE,daphne
7,status,6,WEREWOLF,DEAD,Ncu702
7,status,7,WEREWOLF,ALIVE,ice
7,status,8,VILLAGER,ALIVE,mikami
7,status,9,VILLAGER,DEAD,Baguette
7,status,10,SEER,ALIVE,ichida
7,status,11,VILLAGER,DEAD,Hachi2
7,status,12,VILLAGER,ALIVE,takoyaki
7,status,13,POSSESSED,ALIVE,CanisLupus
7,status,14,WEREWOLF,DEAD,ioh
7,status,15,MEDIUM,ALIVE,Basket
7,talk,0,0,5,VOTE Agent[03]
7,talk,1,0,7,VOTE Agent[03]
7,talk,2,0,4,VOTE Agent[07]
7,talk,3,0,13,VOTE Agent[07]
7,talk,4,0,15,IDENTIFIED Agent[09] HUMAN
7,talk,5,0,3,VOTE Agent[07]
7,talk,6,0,10,DIVINED Agent[07] WEREWOLF
7,talk,7,0,8,VOTE Agent[07]
7,talk,8,0,12,VOTE Agent[07]
7,talk,9,1,13,Skip
7,talk,10,1,5,VOTE Agent[07]
7,talk,11,1,10,VOTE Agent[07]
7,talk,12,1,15,VOTE Agent[07]
7,talk,13,1,8,Skip
7,talk,14,1,4,Skip
7,talk,15,1,12,Skip
7,talk,16,1,3,Skip
7,talk,17,1,7,VOTE Agent[03]
7,talk,18,2,4,Skip
7,talk,19,2,13,Skip
7,talk,20,2,5,Skip
7,talk,21,2,10,VOTE Agent[07]
7,talk,22,2,8,Skip
7,talk,23,2,7,VOTE Agent[03]
7,talk,24,2,12,Skip
7,talk,25,2,15,ESTIMATE Agent[07] WEREWOLF
7,talk,26,2,3,Skip
7,talk,27,3,12,Over
7,talk,28,3,4,Over
7,talk,29,3,3,Over
7,talk,30,3,7,VOTE Agent[03]
7,talk,31,3,15,ESTIMATE Agent[07] WEREWOLF
7,talk,32,3,8,Over
7,talk,33,3,5,Skip
7,talk,34,3,13,Over
7,talk,35,3,10,VOTE Agent[07]
7,talk,36,4,12,Over
7,talk,37,4,8,Over
7,talk,38,4,15,VOTE Agent[07]
7,talk,39,4,4,Over
7,talk,40,4,5,Over
7,talk,41,4,3,Over
7,talk,42,4,7,VOTE Agent[03]
7,talk,43,4,13,Over
7,talk,44,4,10,VOTE Agent[07]
7,talk,45,5,10,VOTE Agent[07]
7,talk,46,5,13,Over
7,talk,47,5,5,Over
7,talk,48,5,12,Over
7,talk,49,5,3,Over
7,talk,50,5,4,Over
7,talk,51,5,7,VOTE Agent[03]
7,talk,52,5,8,Over
7,talk,53,5,15,ESTIMATE Agent[07] WEREWOLF
7,talk,54,6,4,Over
7,talk,55,6,10,VOTE Agent[07]
7,talk,56,6,8,Over
7,talk,57,6,13,Over
7,talk,58,6,3,Over
7,talk,59,6,7,VOTE Agent[03]
7,talk,60,6,5,Over
7,talk,61,6,15,VOTE Agent[07]
7,talk,62,6,12,Over
7,talk,63,7,15,REQUEST ANY (VOTE Agent[07])
7,talk,64,7,4,Over
7,talk,65,7,13,Over
7,talk,66,7,3,Over
7,talk,67,7,7,VOTE Agent[03]
7,talk,68,7,8,Over
7,talk,69,7,5,Over
7,talk,70,7,12,Over
7,talk,71,7,10,VOTE Agent[07]
7,talk,72,8,12,Over
7,talk,73,8,8,Over
7,talk,74,8,4,Over
7,talk,75,8,7,VOTE Agent[03]
7,talk,76,8,5,Over
7,talk,77,8,15,ESTIMATE Agent[07] WEREWOLF
7,talk,78,8,10,VOTE Agent[07]
7,talk,79,8,13,Over
7,talk,80,8,3,Over
7,talk,81,9,4,Over
7,talk,82,9,15,ESTIMATE Agent[07] WEREWOLF
7,talk,83,9,12,Over
7,talk,84,9,7,VOTE Agent[03]
7,talk,85,9,8,Over
7,talk,86,9,3,Over
7,talk,87,9,5,Over
7,talk,88,9,13,Over
7,talk,89,9,10,VOTE Agent[07]
7,talk,90,10,13,Over
7,talk,91,10,7,Over
7,talk,92,10,10,Over
7,talk,93,10,12,Over
7,talk,94,10,4,Over
7,talk,95,10,15,Over
7,talk,96,10,8,Over
7,talk,97,10,5,Over
7,talk,98,10,3,Over
7,vote,3,7
7,vote,4,7
7,vote,5,7
7,vote,7,3
7,vote,8,7
7,vote,10,7
7,vote,12,7
7,vote,13,7
7,vote,15,7
7,execute,7,WEREWOLF
7,divine,10,3,HUMAN
7,guard,3,10,SEER
8,status,1,VILLAGER,DEAD,tonkatsu
8,status,2,VILLAGER,DEAD,KP22
8,status,3,BODYGUARD,ALIVE,kgu_ryu
8,status,4,VILLAGER,ALIVE,sUper_IL
8,status,5,VILLAGER,ALIVE,daphne
8,status,6,WEREWOLF,DEAD,Ncu702
8,status,7,WEREWOLF,DEAD,ice
8,status,8,VILLAGER,ALIVE,mikami
8,status,9,VILLAGER,DEAD,Baguette
8,status,10,SEER,ALIVE,ichida
8,status,11,VILLAGER,DEAD,Hachi2
8,status,12,VILLAGER,ALIVE,takoyaki
8,status,13,POSSESSED,ALIVE,CanisLupus
8,status,14,WEREWOLF,DEAD,ioh
8,status,15,MEDIUM,ALIVE,Basket
8,result,8,0,VILLAGER
