0,status,1,VILLAGER,ALIVE,tonkatsu
0,status,2,SEER,ALIVE,KP22
0,status,3,VILLAGER,ALIVE,kgu_ryu
0,status,4,WEREWOLF,ALIVE,sUper_IL
0,status,5,WEREWOLF,ALIVE,daphne
0,status,6,VILLAGER,ALIVE,Ncu702
0,status,7,VILLAGER,ALIVE,ice
0,status,8,VILLAGER,ALIVE,mikami
0,status,9,VILLAGER,ALIVE,Baguette
0,status,10,VILLAGER,ALIVE,ichida
0,status,11,POSSESSED,ALIVE,Hachi2
0,status,12,WEREWOLF,ALIVE,takoyaki
0,status,13,BODYGUARD,ALIVE,CanisLupus
0,status,14,VILLAGER,ALIVE,ioh
0,status,15,MEDIUM,ALIVE,Basket
0,whisper,0,0,12,Skip
0,whisper,1,0,5,Skip
0,whisper,2,0,4,Skip
0,whisper,3,1,12,Skip
0,whisper,4,1,4,Skip
0,whisper,5,1,5,Skip
0,whisper,6,2,5,Over
0,whisper,7,2,12,Over
0,whisper,8,2,4,Over
0,divine,2,4,WEREWOLF
1,status,1,VILLAGER,ALIVE,tonkatsu
1,status,2,SEER,ALIVE,KP22
1,status,3,VILLAGER,ALIVE,kgu_ryu
1,status,4,WEREWOLF,ALIVE,sUper_IL
1,status,5,WEREWOLF,ALIVE,daphne
1,status,6,VILLAGER,ALIVE,Ncu702
1,status,7,VILLAGER,ALIVE,ice
1,status,8,VILLAGER,ALIVE,mikami
1,status,9,VILLAGER,ALIVE,Baguette
1,status,10,VILLAGER,ALIVE,ichida
1,status,11,POSSESSED,ALIVE,Hachi2
1,status,12,WEREWOLF,ALIVE,takoyaki
1,status,13,BODYGUARD,ALIVE,CanisLupus
1,status,14,VILLAGER,ALIVE,ioh
1,status,15,MEDIUM,ALIVE,Basket
1,talk,0,0,6,VOTE Agent[01]
1,talk,1,0,12,Skip
1,talk,2,0,5,Skip
1,talk,3,0,13,VOTE Agent[01]
1,talk,4,0,4,Skip
1,talk,5,0,3,VOTE Agent[01]
1,talk,6,0,1,VOTE Agent[12]
1,talk,7,0,7,VOTE Agent[01]
1,talk,8,0,9,VOTE Agent[12]
1,talk,9,0,8,VOTE Agent[01]
1,talk,10,0,11,VOTE Agent[01]
1,talk,11,0,10,VOTE Agent[01]
1,talk,12,0,2,COMINGOUT Agent[02] SEER
1,talk,13,0,15,VOTE Agent[01]
1,talk,14,0,14,REQUEST ANY (VOTE Agent[01])
1,talk,15,1,11,Skip
1,talk,16,1,12,VOTE Agent[01]
1,talk,17,1,4,VOTE Agent[01]
1,talk,18,1,8,Skip
1,talk,19,1,10,Skip
1,talk,20,1,2,DIVINED Agent[04] WEREWOLF
1,talk,21,1,1,VOTE Agent[12]
1,talk,22,1,6,Skip
1,talk,23,1,5,VOTE Agent[01]
1,talk,24,1,9,VOTE Agent[04]
1,talk,25,1,7,Skip
1,talk,26,1,3,VOTE Agent[05]
1,talk,27,1,14,ESTIMATE Agent[01] WEREWOLF
1,talk,28,1,13,VOTE Agent[04]
1,talk,29,1,15,REQUEST ANY (VOTE Agent[12])
1,talk,30,2,4,Skip
1,talk,31,2,1,VOTE Agent[04]
1,talk,32,2,15,ESTIMATE Agent[05] WEREWOLF
1,talk,33,2,13,VOTE Agent[05]
1,talk,34,2,2,VOTE Agent[04]
1,talk,35,2,14,REQUEST ANY (VOTE Agent[05])
1,talk,36,2,9,VOTE Agent[04]
1,talk,37,2,10,Skip
1,talk,38,2,3,VOTE Agent[04]
1,talk,39,2,5,Skip
1,talk,40,2,12,Skip
1,talk,41,2,7,Skip
1,talk,42,2,8,Skip
1,talk,43,2,11,Skip
1,talk,44,2,6,Skip
1,talk,45,3,8,Over
1,talk,46,3,12,Skip
1,talk,47,3,2,VOTE Agent[04]
1,talk,48,3,4,Skip
1,talk,49,3,10,Over
1,talk,50,3,7,Over
1,talk,51,3,13,VOTE Agent[05]
1,talk,52,3,14,ESTIMATE Agent[05] WEREWOLF
1,talk,53,3,9,VOTE Agent[04]
1,talk,54,3,5,Skip
1,talk,55,3,6,Over
1,talk,56,3,11,Over
1,talk,57,3,3,VOTE Agent[05]
1,talk,58,3,15,REQUEST ANY (VOTE Agent[12])
1,talk,59,3,1,VOTE Agent[05]
1,talk,60,4,14,ESTIMATE Agent[05] WEREWOLF
1,talk,61,4,10,Over
1,talk,62,4,2,VOTE Agent[05]
1,talk,63,4,4,Over
1,talk,64,4,5,Over
1,talk,65,4,7,Over
1,talk,66,4,8,Over
1,talk,67,4,15,ESTIMATE Agent[05] WEREWOLF
1,talk,68,4,3,VOTE Agent[05]
1,talk,69,4,9,VOTE Agent[04]
1,talk,70,4,6,Over
1,talk,71,4,13,VOTE Agent[05]
1,talk,72,4,11,Over
1,talk,73,4,12,Over
1,talk,74,4,1,VOTE Agent[05]
1,talk,75,5,15,REQUEST ANY (VOTE Agent[05])
1,talk,76,5,1,VOTE Agent[05]
1,talk,77,5,3,VOTE Agent[05]
1,talk,78,5,9,VOTE Agent[04]
1,talk,79,5,6,Over
1,talk,80,5,11,Over
1,talk,81,5,8,Over
1,talk,82,5,12,Over
1,talk,83,5,7,Over
1,talk,84,5,14,ESTIMATE Agent[05] WEREWOLF
1,talk,85,5,2,VOTE Agent[05]
1,talk,86,5,13,VOTE Agent[05]
1,talk,87,5,4,Over
1,talk,88,5,5,Over
1,talk,89,5,10,Over
1,talk,90,6,3,VOTE Agent[05]
1,talk,91,6,14,ESTIMATE Agent[05] WEREWOLF
1,talk,92,6,5,Over
1,talk,93,6,15,ESTIMATE Agent[05] WEREWOLF
1,talk,94,6,11,Over
1,talk,95,6,1,VOTE Agent[05]
1,talk,96,6,6,Over
1,talk,97,6,8,Over
1,talk,98,6,7,Over
1,talk,99,6,12,Over
1,talk,100,6,13,VOTE Agent[05]
1,talk,101,6,10,Over
1,talk,102,6,4,Over
1,talk,103,6,2,VOTE Agent[05]
1,talk,104,6,9,VOTE Agent[04]
1,talk,105,7,7,Over
1,talk,106,7,10,Over
1,talk,107,7,1,VOTE Agent[05]
1,talk,108,7,15,VOTE Agent[05]
1,talk,109,7,14,VOTE Agent[05]
1,talk,110,7,3,VOTE Agent[05]
1,talk,111,7,5,Over
1,talk,112,7,8,Over
1,talk,113,7,9,VOTE Agent[04]
1,talk,114,7,13,VOTE Agent[05]
1,talk,115,7,11,Over
1,talk,116,7,6,Over
1,talk,117,7,2,VOTE Agent[05]
1,talk,118,7,12,Over
1,talk,119,7,4,Over
1,talk,120,8,1,VOTE Agent[05]
1,talk,121,8,10,Over
1,talk,122,8,4,Over
1,talk,123,8,11,Over
1,talk,124,8,12,Over
1,talk,125,8,9,VOTE Agent[04]
1,talk,126,8,5,Over
1,talk,127,8,7,Over
1,talk,128,8,3,VOTE Agent[05]
1,talk,129,8,6,Over
1,talk,130,8,15,VOTE Agent[05]
1,talk,131,8,2,VOTE Agent[05]
1,talk,132,8,8,Over
1,talk,133,8,13,VOTE Agent[05]
1,talk,134,8,14,ESTIMATE Agent[05] WEREWOLF
1,talk,135,9,9,VOTE Agent[04]
1,talk,136,9,4,Over
1,talk,137,9,5,Over
1,talk,138,9,8,Over
1,talk,139,9,15,ESTIMATE Agent[05] WEREWOLF
1,talk,140,9,11,Over
1,talk,141,9,2,VOTE Agent[05]
1,talk,142,9,12,Over
1,talk,143,9,14,REQUEST ANY (VOTE Agent[05])
1,talk,144,9,6,Over
1,talk,145,9,13,VOTE Agent[05]
1,talk,146,9,7,Over
1,talk,147,9,1,VOTE Agent[05]
1,talk,148,9,3,VOTE Agent[05]
1,talk,149,9,10,Over
1,talk,150,10,13,Over
1,talk,151,10,11,Over
1,talk,152,10,2,Over
1,talk,153,10,4,Over
1,talk,154,10,7,Over
1,talk,155,10,10,Over
1,talk,156,10,12,Over
1,talk,157,10,8,Over
1,talk,158,10,14,Over
1,talk,159,10,6,Over
1,talk,160,10,15,Over
1,talk,161,10,1,Over
1,talk,162,10,3,Over
1,talk,163,10,5,Over
1,talk,164,10,9,Over
1,vote,1,5
1,vote,2,5
1,vote,3,5
1,vote,4,1
1,vote,5,1
1,vote,6,1
1,vote,7,5
1,vote,8,1
1,vote,9,4
1,vote,10,1
1,vote,11,1
1,vote,12,1
1,vote,13,5
1,vote,14,1
1,vote,15,4
1,execute,1,VILLAGER
1,divine,2,5,WEREWOLF
1,whisper,0,0,12,Skip
1,whisper,1,0,5,Skip
1,whisper,2,0,4,Skip
1,whisper,3,1,5,Skip
1,whisper,4,1,4,Skip
1,whisper,5,1,12,Skip
1,whisper,6,2,12,Over
1,whisper,7,2,5,Over
1,whisper,8,2,4,Over
1,guard,13,2,SEER
1,attackVote,4,15
1,attackVote,12,15
1,attack,15,true
2,status,1,VILLAGER,DEAD,tonkatsu
2,status,2,SEER,ALIVE,KP22
2,status,3,VILLAGER,ALIVE,kgu_ryu
2,status,4,WEREWOLF,ALIVE,sUper_IL
2,status,5,WEREWOLF,ALIVE,daphne
2,status,6,VILLAGER,ALIVE,Ncu702
2,status,7,VILLAGER,ALIVE,ice
2,status,8,VILLAGER,ALIVE,mikami
2,status,9,VILLAGER,ALIVE,Baguette
2,status,10,VILLAGER,ALIVE,ichida
2,status,11,POSSESSED,ALIVE,Hachi2
2,status,12,WEREWOLF,ALIVE,takoyaki
2,status,13,BODYGUARD,ALIVE,CanisLupus
2,status,14,VILLAGER,ALIVE,ioh
2,status,15,MEDIUM,DEAD,Basket
2,talk,0,0,12,VOTE Agent[05]
2,talk,1,0,6,VOTE Agent[05]
2,talk,2,0,14,VOTE Agent[05]
2,talk,3,0,10,VOTE Agent[05]
2,talk,4,0,7,VOTE Agent[05]
2,talk,5,0,11,VOTE Agent[05]
2,talk,6,0,2,DIVINED Agent[05] WEREWOLF
2,talk,7,0,3,VOTE Agent[05]
2,talk,8,0,13,VOTE Agent[05]
2,talk,9,0,9,VOTE Agent[04]
2,talk,10,0,8,VOTE Agent[05]
2,talk,11,0,4,VOTE Agent[05]
2,talk,12,0,5,VOTE Agent[04]
2,talk,13,1,5,VOTE Agent[04]
2,talk,14,1,11,Skip
2,talk,15,1,12,Skip
2,talk,16,1,14,VOTE Agent[05]
2,talk,17,1,13,Skip
2,talk,18,1,6,Skip
2,talk,19,1,10,Skip
2,talk,20,1,8,Skip
2,talk,21,1,4,Skip
2,talk,22,1,9,VOTE Agent[05]
2,talk,23,1,2,VOTE Agent[05]
2,talk,24,1,7,Skip
2,talk,25,1,3,Skip
2,talk,26,2,9,VOTE Agent[05]
2,talk,27,2,12,Skip
2,talk,28,2,10,Skip
2,talk,29,2,14,REQUEST ANY (VOTE Agent[05])
2,talk,30,2,6,Skip
2,talk,31,2,5,VOTE Agent[04]
2,talk,32,2,7,Skip
2,talk,33,2,3,Skip
2,talk,34,2,2,VOTE Agent[05]
2,talk,35,2,8,Skip
2,talk,36,2,11,Skip
2,talk,37,2,4,Skip
2,talk,38,2,13,Skip
2,talk,39,3,5,VOTE Agent[04]
2,talk,40,3,8,Over
2,talk,41,3,3,Over
2,talk,42,3,12,Over
2,talk,43,3,10,Over
2,talk,44,3,2,VOTE Agent[05]
2,talk,45,3,13,Over
2,talk,46,3,6,Over
2,talk,47,3,9,VOTE Agent[04]
2,talk,48,3,4,Over
2,talk,49,3,14,REQUEST ANY (VOTE Agent[05])
2,talk,50,3,7,Over
2,talk,51,3,11,Over
2,talk,52,4,3,Over
2,talk,53,4,13,Over
2,talk,54,4,11,Over
2,talk,55,4,6,Over
2,talk,56,4,7,Over
2,talk,57,4,2,VOTE Agent[05]
2,talk,58,4,10,Over
2,talk,59,4,14,REQUEST ANY (VOTE Agent[05])
2,talk,60,4,5,VOTE Agent[04]
2,talk,61,4,4,Over
2,talk,62,4,9,VOTE Agent[04]
2,talk,63,4,8,Over
2,talk,64,4,12,Over
2,talk,65,5,7,Over
2,talk,66,5,14,ESTIMATE Agent[05] WEREWOLF
2,talk,67,5,3,Over
2,talk,68,5,2,VOTE Agent[05]
2,talk,69,5,12,Over
2,talk,70,5,5,VOTE Agent[04]
2,talk,71,5,8,Over
2,talk,72,5,4,Over
2,talk,73,5,13,Over
2,talk,74,5,11,Over
2,talk,75,5,9,VOTE Agent[04]
2,talk,76,5,6,Over
2,talk,77,5,10,Over
2,talk,78,6,2,VOTE Agent[05]
2,talk,79,6,7,Over
2,talk,80,6,14,VOTE Agent[05]
2,talk,81,6,10,Over
2,talk,82,6,8,Over
2,talk,83,6,3,Over
2,talk,84,6,9,VOTE Agent[05]
2,talk,85,6,13,Over
2,talk,86,6,11,Over
2,talk,87,6,4,Over
2,talk,88,6,5,VOTE Agent[04]
2,talk,89,6,12,Over
2,talk,90,6,6,Over
2,talk,91,7,7,Over
2,talk,92,7,13,Over
2,talk,93,7,8,Over
2,talk,94,7,5,VOTE Agent[04]
2,talk,95,7,9,VOTE Agent[05]
2,talk,96,7,10,Over
2,talk,97,7,14,REQUEST ANY (VOTE Agent[05])
2,talk,98,7,3,Over
2,talk,99,7,2,VOTE Agent[05]
2,talk,100,7,4,Over
2,talk,101,7,11,Over
2,talk,102,7,6,Over
2,talk,103,7,12,Over
2,talk,104,8,8,Over
2,talk,105,8,2,VOTE Agent[05]
2,talk,106,8,12,Over
2,talk,107,8,13,Over
2,talk,108,8,4,Over
2,talk,109,8,9,VOTE Agent[04]
2,talk,110,8,7,Over
2,talk,111,8,10,Over
2,talk,112,8,11,Over
2,talk,113,8,6,Over
2,talk,114,8,3,Over
2,talk,115,8,5,VOTE Agent[04]
2,talk,116,8,14,REQUEST ANY (VOTE Agent[05])
2,talk,117,9,9,VOTE Agent[04]
2,talk,118,9,4,Over
2,talk,119,9,14,VOTE Agent[05]
2,talk,120,9,10,Over
2,talk,121,9,7,Over
2,talk,122,9,5,VOTE Agent[04]
2,talk,123,9,8,Over
2,talk,124,9,12,Over
2,talk,125,9,6,Over
2,talk,126,9,11,Over
2,talk,127,9,2,VOTE Agent[05]
2,talk,128,9,13,Over
2,talk,129,9,3,Over
2,talk,130,10,6,Over
2,talk,131,10,10,Over
2,talk,132,10,14,Over
2,talk,133,10,8,Over
2,talk,134,10,13,Over
2,talk,135,10,11,Over
2,talk,136,10,4,Over
2,talk,137,10,9,Over
2,talk,138,10,3,Over
2,talk,139,10,2,Over
2,talk,140,10,5,Over
2,talk,141,10,7,Over
2,talk,142,10,12,Over
2,vote,2,5
2,vote,3,5
2,vote,4,5
2,vote,5,4
2,vote,6,5
2,vote,7,5
2,vote,8,5
2,vote,9,4
2,vote,10,5
2,vote,11,5
2,vote,12,5
2,vote,13,5
2,vote,14,5
2,execute,5,WEREWOLF
2,divine,2,12,WEREWOLF
2,whisper,0,0,12,Skip
2,whisper,1,0,4,Skip
2,whisper,2,1,4,Skip
2,whisper,3,1,12,Skip
2,whisper,4,2,4,Over
2,whisper,5,2,12,Over
2,guard,13,2,SEER
2,attackVote,4,13
2,attackVote,12,13
2,attack,13,true
3,status,1,VILLAGER,DEAD,tonkatsu
3,status,2,SEER,ALIVE,KP22
3,status,3,VILLAGER,ALIVE,kgu_ryu
3,status,4,WEREWOLF,ALIVE,sUper_IL
3,status,5,WEREWOLF,DEAD,daphne
3,status,6,VILLAGER,ALIVE,Ncu702
3,status,7,VILLAGER,ALIVE,ice
3,status,8,VILLAGER,ALIVE,mikami
3,status,9,VILLAGER,ALIVE,Baguette
3,status,10,VILLAGER,ALIVE,ichida
3,status,11,POSSESSED,ALIVE,Hachi2
3,status,12,WEREWOLF,ALIVE,takoyaki
3,status,13,BODYGUARD,DEAD,CanisLupus
3,status,14,VILLAGER,ALIVE,ioh
3,status,15,MEDIUM,DEAD,Basket
3,talk,0,0,7,VOTE Agent[12]
3,talk,1,0,3,VOTE Agent[12]
3,talk,2,0,14,ESTIMATE Agent[12] WEREWOLF
3,talk,3,0,2,DIVINED Agent[12] WEREWOLF
3,talk,4,0,10,VOTE Agent[12]
3,talk,5,0,6,VOTE Agent[12]
3,talk,6,0,11,VOTE Agent[12]
3,talk,7,0,8,VOTE Agent[12]
3,talk,8,0,9,VOTE Agent[12]
3,talk,9,0,4,VOTE Agent[12]
3,talk,10,0,12,VOTE Agent[04]
3,talk,11,1,11,Skip
3,talk,12,1,2,VOTE Agent[12]
3,talk,13,1,10,Skip
3,talk,14,1,6,Skip
3,talk,15,1,9,VOTE Agent[04]
3,talk,16,1,3,Skip
3,talk,17,1,14,REQUEST ANY (VOTE Agent[12])
3,talk,18,1,4,Skip
3,talk,19,1,8,Skip
3,talk,20,1,12,VOTE Agent[04]
3,talk,21,1,7,Skip
3,talk,22,2,7,Skip
3,talk,23,2,12,VOTE Agent[04]
3,talk,24,2,9,VOTE Agent[04]
3,talk,25,2,14,REQUEST ANY (VOTE Agent[12])
3,talk,26,2,11,Skip
3,talk,27,2,3,Skip
3,talk,28,2,4,Skip
3,talk,29,2,8,Skip
3,talk,30,2,6,Skip
3,talk,31,2,10,Skip
3,talk,32,2,2,VOTE Agent[12]
3,talk,33,3,7,Over
3,talk,34,3,11,Over
3,talk,35,3,12,VOTE Agent[04]
3,talk,36,3,9,VOTE Agent[04]
3,talk,37,3,6,Over
3,talk,38,3,14,ESTIMATE Agent[12] WEREWOLF
3,talk,39,3,10,Over
3,talk,40,3,2,VOTE Agent[12]
3,talk,41,3,4,Over
3,talk,42,3,3,Over
3,talk,43,3,8,Over
3,talk,44,4,8,Over
3,talk,45,4,6,Over
3,talk,46,4,3,Over
3,talk,47,4,4,Over
3,talk,48,4,12,VOTE Agent[04]
3,talk,49,4,2,VOTE Agent[12]
3,talk,50,4,9,VOTE Agent[12]
3,talk,51,4,11,Over
3,talk,52,4,10,Over
3,talk,53,4,7,Over
3,talk,54,4,14,REQUEST ANY (VOTE Agent[12])
3,talk,55,5,7,Over
3,talk,56,5,12,VOTE Agent[04]
3,talk,57,5,4,Over
3,talk,58,5,2,VOTE Agent[12]
3,talk,59,5,8,Over
3,talk,60,5,10,Over
3,talk,61,5,9,VOTE Agent[12]
3,talk,62,5,3,Over
3,talk,63,5,14,ESTIMATE Agent[12] WEREWOLF
3,talk,64,5,6,Over
3,talk,65,5,11,Over
3,talk,66,6,4,Over
3,talk,67,6,12,VOTE Agent[04]
3,talk,68,6,9,VOTE Agent[12]
3,talk,69,6,11,Over
3,talk,70,6,2,VOTE Agent[12]
3,talk,71,6,10,Over
3,talk,72,6,14,REQUEST ANY (VOTE Agent[12])
3,talk,73,6,8,Over
3,talk,74,6,7,Over
3,talk,75,6,3,Over
3,talk,76,6,6,Over
3,talk,77,7,3,Over
3,talk,78,7,11,Over
3,talk,79,7,4,Over
3,talk,80,7,9,VOTE Agent[04]
3,talk,81,7,10,Over
3,talk,82,7,6,Over
3,talk,83,7,8,Over
3,talk,84,7,2,VOTE Agent[12]
3,talk,85,7,7,Over
3,talk,86,7,12,VOTE Agent[04]
3,talk,87,7,14,REQUEST ANY (VOTE Agent[12])
3,talk,88,8,10,Over
3,talk,89,8,3,Over
3,talk,90,8,14,ESTIMATE Agent[12] WEREWOLF
3,talk,91,8,4,Over
3,talk,92,8,12,VOTE Agent[04]
3,talk,93,8,9,VOTE Agent[12]
3,talk,94,8,8,Over
3,talk,95,8,2,VOTE Agent[12]
3,talk,96,8,7,Over
3,talk,97,8,6,Over
3,talk,98,8,11,Over
3,talk,99,9,2,VOTE Agent[12]
3,talk,100,9,14,ESTIMATE Agent[12] WEREWOLF
3,talk,101,9,12,VOTE Agent[04]
3,talk,102,9,10,Over
3,talk,103,9,8,Over
3,talk,104,9,7,Over
3,talk,105,9,11,Over
3,talk,106,9,9,VOTE Agent[04]
3,talk,107,9,6,Over
3,talk,108,9,4,Over
3,talk,109,9,3,Over
3,talk,110,10,6,Over
3,talk,111,10,10,Over
3,talk,112,10,2,Over
3,talk,113,10,11,Over
3,talk,114,10,9,Over
3,talk,115,10,3,Over
3,talk,116,10,8,Over
3,talk,117,10,7,Over
3,talk,118,10,14,Over
3,talk,119,10,12,Over
3,talk,120,10,4,Over
3,vote,2,12
3,vote,3,12
3,vote,4,12
3,vote,6,12
3,vote,7,12
3,vote,8,12
3,vote,9,4
3,vote,10,12
3,vote,11,12
3,vote,12,4
3,vote,14,12
3,execute,12,WEREWOLF
3,divine,2,6,HUMAN
3,attackVote,4,6
3,attack,6,true
4,status,1,VILLAGER,DEAD,tonkatsu
4,status,2,SEER,ALIVE,KP22
4,status,3,VILLAGER,ALIVE,kgu_ryu
4,status,4,WEREWOLF,ALIVE,sUper_IL
4,status,5,WEREWOLF,DEAD,daphne
4,status,6,VILLAGER,DEAD,Ncu702
4,status,7,VILLAGER,ALIVE,ice
4,status,8,VILLAGER,ALIVE,mikami
4,status,9,VILLAGER,ALIVE,Baguette
4,status,10,VILLAGER,ALIVE,ichida
4,status,11,POSSESSED,ALIVE,Hachi2
4,status,12,WEREWOLF,DEAD,takoyaki
4,status,13,BODYGUARD,DEAD,CanisLupus
4,status,14,VILLAGER,ALIVE,ioh
4,status,15,MEDIUM,DEAD,Basket
4,talk,0,0,3,VOTE Agent[04]
4,talk,1,0,14,VOTE Agent[04]
4,talk,2,0,8,VOTE Agent[04]
4,talk,3,0,4,VOTE Agent[09]
4,talk,4,0,9,VOTE Agent[04]
4,talk,5,0,7,VOTE Agent[04]
4,talk,6,0,10,VOTE Agent[04]
4,talk,7,0,11,VOTE Agent[04]
4,talk,8,0,2,DIVINED Agent[03] WEREWOLF
4,talk,9,1,3,Skip
4,talk,10,1,8,Skip
4,talk,11,1,2,VOTE Agent[04]
4,talk,12,1,9,VOTE Agent[04]
4,talk,13,1,10,Skip
4,talk,14,1,11,Skip
4,talk,15,1,4,VOTE Agent[09]
4,talk,16,1,14,REQUEST ANY (VOTE Agent[04])
4,talk,17,1,7,Skip
4,talk,18,2,10,Skip
4,talk,19,2,11,Skip
4,talk,20,2,2,VOTE Agent[04]
4,talk,21,2,7,Skip
4,talk,22,2,4,VOTE Agent[09]
4,talk,23,2,3,Skip
4,talk,24,2,8,Skip
4,talk,25,2,9,VOTE Agent[04]
4,talk,26,2,14,VOTE Agent[04]
4,talk,27,3,7,Over
4,talk,28,3,11,Over
4,talk,29,3,4,VOTE Agent[09]
4,talk,30,3,8,Over
4,talk,31,3,9,VOTE Agent[04]
4,talk,32,3,10,Over
4,talk,33,3,14,ESTIMATE Agent[04] WEREWOLF
4,talk,34,3,3,Over
4,talk,35,3,2,VOTE Agent[04]
4,talk,36,4,9,VOTE Agent[04]
4,talk,37,4,8,Over
4,talk,38,4,7,Over
4,talk,39,4,4,VOTE Agent[09]
4,talk,40,4,10,Over
4,talk,41,4,3,Over
4,talk,42,4,14,REQUEST ANY (VOTE Agent[04])
4,talk,43,4,11,Over
4,talk,44,4,2,VOTE Agent[04]
4,talk,45,5,14,ESTIMATE Agent[04] WEREWOLF
4,talk,46,5,10,Over
4,talk,47,5,7,Over
4,talk,48,5,2,VOTE Agent[04]
4,talk,49,5,3,Over
4,talk,50,5,4,VOTE Agent[09]
4,talk,51,5,8,Over
4,talk,52,5,9,VOTE Agent[04]
4,talk,53,5,11,Over
4,talk,54,6,9,VOTE Agent[04]
4,talk,55,6,10,Over
4,talk,56,6,4,VOTE Agent[09]
4,talk,57,6,14,REQUEST ANY (VOTE Agent[04])
4,talk,58,6,2,VOTE Agent[04]
4,talk,59,6,7,Over
4,talk,60,6,3,Over
4,talk,61,6,8,Over
4,talk,62,6,11,Over
4,talk,63,7,3,Over
4,talk,64,7,2,VOTE Agent[04]
4,talk,65,7,9,VOTE Agent[04]
4,talk,66,7,8,Over
4,talk,67,7,7,Over
4,talk,68,7,11,Over
4,talk,69,7,14,REQUEST ANY (VOTE Agent[04])
4,talk,70,7,4,VOTE Agent[09]
4,talk,71,7,10,Over
4,talk,72,8,2,VOTE Agent[04]
4,talk,73,8,10,Over
4,talk,74,8,9,VOTE Agent[04]
4,talk,75,8,8,Over
4,talk,76,8,3,Over
4,talk,77,8,14,ESTIMATE Agent[04] WEREWOLF
4,talk,78,8,4,VOTE Agent[09]
4,talk,79,8,11,Over
4,talk,80,8,7,Over
4,talk,81,9,3,Over
4,talk,82,9,14,REQUEST ANY (VOTE Agent[04])
4,talk,83,9,4,VOTE Agent[09]
4,talk,84,9,11,Over
4,talk,85,9,10,Over
4,talk,86,9,2,VOTE Agent[04]
4,talk,87,9,7,Over
4,talk,88,9,8,Over
4,talk,89,9,9,VOTE Agent[04]
4,talk,90,10,8,Over
4,talk,91,10,4,Over
4,talk,92,10,11,Over
4,talk,93,10,3,Over
4,talk,94,10,2,Over
4,talk,95,10,7,Over
4,talk,96,10,9,Over
4,talk,97,10,14,Over
4,talk,98,10,10,Over
4,vote,2,4
4,vote,3,4
4,vote,4,9
4,vote,7,4
4,vote,8,4
4,vote,9,4
4,vote,10,4
4,vote,11,4
4,vote,14,4
4,execute,4,WEREWOLF
4,divine,2,3,HUMAN
5,status,1,VILLAGER,DEAD,tonkatsu
5,status,2,SEER,ALIVE,KP22
5,status,3,VILLAGER,ALIVE,kgu_ryu
5,status,4,WEREWOLF,DEAD,sUper_IL
5,status,5,WEREWOLF,DEAD,daphne
5,status,6,VILLAGER,DEAD,Ncu702
5,status,7,VILLAGER,ALIVE,ice
5,status,8,VILLAGER,ALIVE,mikami
5,status,9,VILLAGER,ALIVE,Baguette
5,status,10,VILLAGER,ALIVE,ichida
5,status,11,POSSESSED,ALIVE,Hachi2
5,status,12,WEREWOLF,DEAD,takoyaki
5,status,13,BODYGUARD,DEAD,CanisLupus
5,status,14,VILLAGER,ALIVE,ioh
5,status,15,MEDIUM,DEAD,Basket
5,result,8,0,VILLAGER
