0,status,1,SEER,ALIVE,tonkatsu
0,status,2,VILLAGER,ALIVE,KP22
0,status,3,VILLAGER,ALIVE,kgu_ryu
0,status,4,VILLAGER,ALIVE,sUper_IL
0,status,5,MEDIUM,ALIVE,daphne
0,status,6,WEREWOLF,ALIVE,Ncu702
0,status,7,POSSESSED,ALIVE,ice
0,status,8,VILLAGER,ALIVE,mikami
0,status,9,WEREWOLF,ALIVE,Baguette
0,status,10,VILLAGER,ALIVE,ichida
0,status,11,BODYGUARD,ALIVE,Hachi2
0,status,12,WEREWOLF,ALIVE,takoyaki
0,status,13,VILLAGER,ALIVE,CanisLupus
0,status,14,VILLAGER,ALIVE,ioh
0,status,15,VILLAGER,ALIVE,Basket
0,whisper,0,0,6,Skip
0,whisper,1,0,9,VOTE Agent[01]
0,whisper,2,0,12,Skip
0,whisper,3,1,9,VOTE Agent[02]
0,whisper,4,1,6,Skip
0,whisper,5,1,12,Skip
0,whisper,6,2,9,VOTE Agent[01]
0,whisper,7,2,6,Over
0,whisper,8,2,12,Over
0,whisper,9,3,6,Over
0,whisper,10,3,12,Over
0,whisper,11,3,9,VOTE Agent[02]
0,whisper,12,4,6,Over
0,whisper,13,4,9,VOTE Agent[01]
0,whisper,14,4,12,Over
0,whisper,15,5,12,Over
0,whisper,16,5,6,Over
0,whisper,17,5,9,VOTE Agent[02]
0,whisper,18,6,12,Over
0,whisper,19,6,9,VOTE Agent[01]
0,whisper,20,6,6,Over
0,whisper,21,7,9,VOTE Agent[02]
0,whisper,22,7,12,Over
0,whisper,23,7,6,Over
0,whisper,24,8,12,Over
0,whisper,25,8,6,Over
0,whisper,26,8,9,VOTE Agent[01]
0,whisper,27,9,12,Over
0,whisper,28,9,6,Over
0,whisper,29,9,9,VOTE Agent[02]
0,whisper,30,10,12,Over
0,whisper,31,10,9,Over
0,whisper,32,10,6,Over
0,divine,1,5,HUMAN
1,status,1,SEER,ALIVE,tonkatsu
1,status,2,VILLAGER,ALIVE,KP22
1,status,3,VILLAGER,ALIVE,kgu_ryu
1,status,4,VILLAGER,ALIVE,sUper_IL
1,status,5,MEDIUM,ALIVE,daphne
1,status,6,WEREWOLF,ALIVE,Ncu702
1,status,7,POSSESSED,ALIVE,ice
1,status,8,VILLAGER,ALIVE,mikami
1,status,9,WEREWOLF,ALIVE,Baguette
1,status,10,VILLAGER,ALIVE,ichida
1,status,11,BODYGUARD,ALIVE,Hachi2
1,status,12,WEREWOLF,ALIVE,takoyaki
1,status,13,VILLAGER,ALIVE,CanisLupus
1,status,14,VILLAGER,ALIVE,ioh
1,status,15,VILLAGER,ALIVE,Basket
1,talk,0,0,1,COMINGOUT Agent[01] SEER
1,talk,1,0,3,VOTE Agent[01]
1,talk,2,0,2,VOTE Agent[01]
1,talk,3,0,9,VOTE Agent[01]
1,talk,4,0,10,VOTE Agent[01]
1,talk,5,0,11,VOTE Agent[01]
1,talk,6,0,15,VOTE Agent[02]
1,talk,7,0,8,VOTE Agent[01]
1,talk,8,0,7,VOTE Agent[01]
1,talk,9,0,12,Skip
1,talk,10,0,6,Skip
1,talk,11,0,5,COMINGOUT Agent[05] MEDIUM
1,talk,12,0,14,VOTE Agent[12]
1,talk,13,0,13,VOTE Agent[01]
1,talk,14,0,4,VOTE Agent[01]
1,talk,15,1,8,Skip
1,talk,16,1,14,ESTIMATE Agent[06] WEREWOLF
1,talk,17,1,7,Skip
1,talk,18,1,5,VOTE Agent[06]
1,talk,19,1,6,VOTE Agent[01]
1,talk,20,1,15,REQUEST ANY (VOTE Agent[06])
1,talk,21,1,11,VOTE Agent[06]
1,talk,22,1,9,VOTE Agent[01]
1,talk,23,1,4,VOTE Agent[06]
1,talk,24,1,13,VOTE Agent[06]
1,talk,25,1,2,VOTE Agent[06]
1,talk,26,1,3,VOTE Agent[06]
1,talk,27,1,10,VOTE Agent[06]
1,talk,28,1,12,VOTE Agent[06]
1,talk,29,1,1,DIVINED Agent[05] HUMAN
1,talk,30,2,3,Skip
1,talk,31,2,8,VOTE Agent[06]
1,talk,32,2,14,VOTE Agent[06]
1,talk,33,2,15,ESTIMATE Agent[06] WEREWOLF
1,talk,34,2,13,Skip
1,talk,35,2,2,Skip
1,talk,36,2,10,Skip
1,talk,37,2,11,Skip
1,talk,38,2,1,VOTE Agent[06]
1,talk,39,2,6,VOTE Agent[01]
1,talk,40,2,4,Skip
1,talk,41,2,12,Skip
1,talk,42,2,5,Skip
1,talk,43,2,7,VOTE Agent[06]
1,talk,44,2,9,VOTE Agent[05]
1,talk,45,3,11,Skip
1,talk,46,3,13,Skip
1,talk,47,3,14,ESTIMATE Agent[06] WEREWOLF
1,talk,48,3,10,Skip
1,talk,49,3,5,Skip
1,talk,50,3,1,VOTE Agent[06]
1,talk,51,3,7,Skip
1,talk,52,3,12,Skip
1,talk,53,3,2,Skip
1,talk,54,3,4,Skip
1,talk,55,3,3,Skip
1,talk,56,3,6,VOTE Agent[01]
1,talk,57,3,8,Skip
1,talk,58,3,15,ESTIMATE Agent[06] WEREWOLF
1,talk,59,3,9,VOTE Agent[11]
1,talk,60,4,11,Over
1,talk,61,4,15,REQUEST ANY (VOTE Agent[06])
1,talk,62,4,5,Over
1,talk,63,4,13,Over
1,talk,64,4,3,Over
1,talk,65,4,4,Over
1,talk,66,4,2,Over
1,talk,67,4,8,Skip
1,talk,68,4,12,Over
1,talk,69,4,9,VOTE Agent[04]
1,talk,70,4,10,Over
1,talk,71,4,14,ESTIMATE Agent[06] WEREWOLF
1,talk,72,4,1,VOTE Agent[06]
1,talk,73,4,6,VOTE Agent[01]
1,talk,74,4,7,Skip
1,talk,75,5,15,ESTIMATE Agent[06] WEREWOLF
1,talk,76,5,7,Over
1,talk,77,5,3,Over
1,talk,78,5,8,Over
1,talk,79,5,13,VOTE Agent[12]
1,talk,80,5,4,Over
1,talk,81,5,10,Over
1,talk,82,5,5,Over
1,talk,83,5,2,Over
1,talk,84,5,6,VOTE Agent[01]
1,talk,85,5,12,Over
1,talk,86,5,1,VOTE Agent[06]
1,talk,87,5,14,REQUEST ANY (VOTE Agent[06])
1,talk,88,5,11,Over
1,talk,89,5,9,VOTE Agent[07]
1,talk,90,6,2,Over
1,talk,91,6,3,Over
1,talk,92,6,7,Over
1,talk,93,6,9,VOTE Agent[02]
1,talk,94,6,12,Over
1,talk,95,6,6,VOTE Agent[01]
1,talk,96,6,15,ESTIMATE Agent[06] WEREWOLF
1,talk,97,6,13,VOTE Agent[06]
1,talk,98,6,14,VOTE Agent[06]
1,talk,99,6,10,Over
1,talk,100,6,11,Over
1,talk,101,6,8,Over
1,talk,102,6,1,VOTE Agent[06]
1,talk,103,6,5,Over
1,talk,104,6,4,Over
1,talk,105,7,10,Over
1,talk,106,7,9,VOTE Agent[13]
1,talk,107,7,15,ESTIMATE Agent[06] WEREWOLF
1,talk,108,7,7,Over
1,talk,109,7,1,VOTE Agent[06]
1,talk,110,7,12,Over
1,talk,111,7,14,VOTE Agent[06]
1,talk,112,7,4,Over
1,talk,113,7,5,Over
1,talk,114,7,3,Over
1,talk,115,7,13,Skip
1,talk,116,7,6,VOTE Agent[01]
1,talk,117,7,11,Over
1,talk,118,7,2,Over
1,talk,119,7,8,Over
1,talk,120,8,9,VOTE Agent[10]
1,talk,121,8,10,Over
1,talk,122,8,5,Over
1,talk,123,8,14,VOTE Agent[06]
1,talk,124,8,1,VOTE Agent[06]
1,talk,125,8,8,Over
1,talk,126,8,3,Over
1,talk,127,8,13,Skip
1,talk,128,8,15,REQUEST ANY (VOTE Agent[06])
1,talk,129,8,7,Over
1,talk,130,8,6,VOTE Agent[01]
1,talk,131,8,11,Over
1,talk,132,8,2,Over
1,talk,133,8,12,Over
1,talk,134,8,4,Over
1,talk,135,9,4,Over
1,talk,136,9,15,VOTE Agent[06]
1,talk,137,9,13,Over
1,talk,138,9,6,VOTE Agent[01]
1,talk,139,9,11,Over
1,talk,140,9,7,Over
1,talk,141,9,5,Over
1,talk,142,9,8,Over
1,talk,143,9,3,Over
1,talk,144,9,14,ESTIMATE Agent[06] WEREWOLF
1,talk,145,9,9,VOTE Agent[08]
1,talk,146,9,1,VOTE Agent[06]
1,talk,147,9,2,Over
1,talk,148,9,10,Over
1,talk,149,9,12,Over
1,talk,150,10,4,Over
1,talk,151,10,8,Over
1,talk,152,10,2,Over
1,talk,153,10,10,Over
1,talk,154,10,5,Over
1,talk,155,10,12,Over
1,talk,156,10,7,Over
1,talk,157,10,14,Over
1,talk,158,10,13,Over
1,talk,159,10,9,Over
1,talk,160,10,11,Over
1,talk,161,10,15,Over
1,talk,162,10,1,Over
1,talk,163,10,6,VOTE Agent[01]
1,talk,164,10,3,Over
1,talk,165,11,6,Over
1,talk,166,11,2,Over
1,talk,167,11,10,Over
1,talk,168,11,3,Over
1,talk,169,11,7,Over
1,talk,170,11,4,Over
1,talk,171,11,12,Over
1,talk,172,11,13,Over
1,talk,173,11,9,Over
1,talk,174,11,5,Over
1,talk,175,11,8,Over
1,talk,176,11,1,Over
1,talk,177,11,14,Over
1,talk,178,11,11,Over
1,talk,179,11,15,Over
1,vote,1,6
1,vote,2,6
1,vote,3,6
1,vote,4,6
1,vote,5,6
1,vote,6,8
1,vote,7,6
1,vote,8,6
1,vote,9,8
1,vote,10,6
1,vote,11,6
1,vote,12,6
1,vote,13,6
1,vote,14,6
1,vote,15,6
1,execute,6,WEREWOLF
1,divine,1,12,WEREWOLF
1,whisper,0,0,12,Skip
1,whisper,1,0,9,VOTE Agent[01]
1,whisper,2,1,9,VOTE Agent[13]
1,whisper,3,1,12,Skip
1,whisper,4,2,9,VOTE Agent[01]
1,whisper,5,2,12,Over
1,whisper,6,3,12,Over
1,whisper,7,3,9,VOTE Agent[13]
1,whisper,8,4,9,VOTE Agent[01]
1,whisper,9,4,12,Over
1,whisper,10,5,9,VOTE Agent[13]
1,whisper,11,5,12,Over
1,whisper,12,6,9,VOTE Agent[01]
1,whisper,13,6,12,Over
1,whisper,14,7,9,VOTE Agent[13]
1,whisper,15,7,12,Over
1,whisper,16,8,9,VOTE Agent[01]
1,whisper,17,8,12,Over
1,whisper,18,9,9,VOTE Agent[13]
1,whisper,19,9,12,Over
1,whisper,20,10,9,Over
1,whisper,21,10,12,Over
1,guard,11,1,SEER
1,attackVote,9,13
1,attackVote,12,15
1,attackVote,9,13
1,attackVote,12,15
1,attack,15,true
2,status,1,SEER,ALIVE,tonkatsu
2,status,2,VILLAGER,ALIVE,KP22
2,status,3,VILLAGER,ALIVE,kgu_ryu
2,status,4,VILLAGER,ALIVE,sUper_IL
2,status,5,MEDIUM,ALIVE,daphne
2,status,6,WEREWOLF,DEAD,Ncu702
2,status,7,POSSESSED,ALIVE,ice
2,status,8,VILLAGER,ALIVE,mikami
2,status,9,WEREWOLF,ALIVE,Baguette
2,status,10,VILLAGER,ALIVE,ichida
2,status,11,BODYGUARD,ALIVE,Hachi2
2,status,12,WEREWOLF,ALIVE,takoyaki
2,status,13,VILLAGER,ALIVE,CanisLupus
2,status,14,VILLAGER,ALIVE,ioh
2,status,15,VILLAGER,DEAD,Basket
2,talk,0,0,5,IDENTIFIED Agent[06] WEREWOLF
2,talk,1,0,1,DIVINED Agent[12] WEREWOLF
2,talk,2,0,12,VOTE Agent[11]
2,talk,3,0,13,VOTE Agent[12]
2,talk,4,0,10,VOTE Agent[12]
2,talk,5,0,14,REQUEST ANY (VOTE Agent[12])
2,talk,6,0,7,VOTE Agent[12]
2,talk,7,0,8,VOTE Agent[12]
2,talk,8,0,3,VOTE Agent[12]
2,talk,9,0,9,VOTE Agent[07]
2,talk,10,0,11,VOTE Agent[12]
2,talk,11,0,4,VOTE Agent[12]
2,talk,12,0,2,VOTE Agent[12]
2,talk,13,1,14,VOTE Agent[12]
2,talk,14,1,5,VOTE Agent[12]
2,talk,15,1,1,VOTE Agent[12]
2,talk,16,1,11,Skip
2,talk,17,1,12,VOTE Agent[11]
2,talk,18,1,4,Skip
2,talk,19,1,7,Skip
2,talk,20,1,13,Skip
2,talk,21,1,2,Skip
2,talk,22,1,8,Skip
2,talk,23,1,3,Skip
2,talk,24,1,9,VOTE Agent[11]
2,talk,25,1,10,Skip
2,talk,26,2,12,VOTE Agent[11]
2,talk,27,2,2,Skip
2,talk,28,2,11,Skip
2,talk,29,2,3,Skip
2,talk,30,2,13,Skip
2,talk,31,2,14,ESTIMATE Agent[12] WEREWOLF
2,talk,32,2,9,VOTE Agent[08]
2,talk,33,2,10,Skip
2,talk,34,2,1,VOTE Agent[12]
2,talk,35,2,7,Skip
2,talk,36,2,4,Skip
2,talk,37,2,5,Skip
2,talk,38,2,8,Skip
2,talk,39,3,2,Over
2,talk,40,3,1,VOTE Agent[12]
2,talk,41,3,14,ESTIMATE Agent[12] WEREWOLF
2,talk,42,3,11,Over
2,talk,43,3,8,Over
2,talk,44,3,10,Over
2,talk,45,3,13,Over
2,talk,46,3,9,VOTE Agent[14]
2,talk,47,3,3,Over
2,talk,48,3,4,Over
2,talk,49,3,5,Skip
2,talk,50,3,7,Over
2,talk,51,3,12,VOTE Agent[11]
2,talk,52,4,13,Over
2,talk,53,4,14,VOTE Agent[12]
2,talk,54,4,8,Over
2,talk,55,4,2,Over
2,talk,56,4,9,VOTE Agent[11]
2,talk,57,4,10,Over
2,talk,58,4,4,Over
2,talk,59,4,5,Over
2,talk,60,4,3,Over
2,talk,61,4,7,Over
2,talk,62,4,11,Over
2,talk,63,4,1,VOTE Agent[12]
2,talk,64,4,12,VOTE Agent[11]
2,talk,65,5,1,VOTE Agent[12]
2,talk,66,5,10,Over
2,talk,67,5,11,Over
2,talk,68,5,13,Over
2,talk,69,5,4,Over
2,talk,70,5,12,VOTE Agent[11]
2,talk,71,5,8,Over
2,talk,72,5,9,VOTE Agent[01]
2,talk,73,5,7,Over
2,talk,74,5,5,Over
2,talk,75,5,2,Over
2,talk,76,5,3,Over
2,talk,77,5,14,ESTIMATE Agent[12] WEREWOLF
2,talk,78,6,3,Over
2,talk,79,6,1,VOTE Agent[12]
2,talk,80,6,5,Over
2,talk,81,6,9,VOTE Agent[02]
2,talk,82,6,7,Over
2,talk,83,6,4,Over
2,talk,84,6,2,Over
2,talk,85,6,12,VOTE Agent[11]
2,talk,86,6,8,Over
2,talk,87,6,14,VOTE Agent[12]
2,talk,88,6,11,Over
2,talk,89,6,10,Over
2,talk,90,6,13,Over
2,talk,91,7,2,Over
2,talk,92,7,14,REQUEST ANY (VOTE Agent[12])
2,talk,93,7,11,Over
2,talk,94,7,3,Over
2,talk,95,7,13,Over
2,talk,96,7,4,Over
2,talk,97,7,1,VOTE Agent[12]
2,talk,98,7,10,Over
2,talk,99,7,9,VOTE Agent[03]
2,talk,100,7,8,Over
2,talk,101,7,12,VOTE Agent[11]
2,talk,102,7,5,Over
2,talk,103,7,7,Over
2,talk,104,8,11,Over
2,talk,105,8,3,Over
2,talk,106,8,7,Over
2,talk,107,8,4,Over
2,talk,108,8,8,Over
2,talk,109,8,13,Over
2,talk,110,8,1,VOTE Agent[12]
2,talk,111,8,5,Over
2,talk,112,8,12,VOTE Agent[11]
2,talk,113,8,2,Over
2,talk,114,8,10,Over
2,talk,115,8,9,VOTE Agent[13]
2,talk,116,8,14,ESTIMATE Agent[12] WEREWOLF
2,talk,117,9,12,VOTE Agent[11]
2,talk,118,9,14,ESTIMATE Agent[12] WEREWOLF
2,talk,119,9,11,Over
2,talk,120,9,4,Over
2,talk,121,9,9,VOTE Agent[08]
2,talk,122,9,1,VOTE Agent[12]
2,talk,123,9,3,Over
2,talk,124,9,13,Over
2,talk,125,9,7,Over
2,talk,126,9,5,Over
2,talk,127,9,2,Over
2,talk,128,9,10,Over
2,talk,129,9,8,Over
2,talk,130,10,14,Over
2,talk,131,10,3,Over
2,talk,132,10,5,Over
2,talk,133,10,4,Over
2,talk,134,10,11,Over
2,talk,135,10,10,Over
2,talk,136,10,8,Over
2,talk,137,10,12,Over
2,talk,138,10,1,Over
2,talk,139,10,2,Over
2,talk,140,10,9,Over
2,talk,141,10,13,Over
2,talk,142,10,7,Over
2,vote,1,12
2,vote,2,12
2,vote,3,12
2,vote,4,12
2,vote,5,12
2,vote,7,12
2,vote,8,12
2,vote,9,8
2,vote,10,12
2,vote,11,12
2,vote,12,11
2,vote,13,12
2,vote,14,12
2,execute,12,WEREWOLF
2,divine,1,11,HUMAN
2,guard,11,1,SEER
2,attackVote,9,13
2,attack,13,true
3,status,1,SEER,ALIVE,tonkatsu
3,status,2,VILLAGER,ALIVE,KP22
3,status,3,VILLAGER,ALIVE,kgu_ryu
3,status,4,VILLAGER,ALIVE,sUper_IL
3,status,5,MEDIUM,ALIVE,daphne
3,status,6,WEREWOLF,DEAD,Ncu702
3,status,7,POSSESSED,ALIVE,ice
3,status,8,VILLAGER,ALIVE,mikami
3,status,9,WEREWOLF,ALIVE,Baguette
3,status,10,VILLAGER,ALIVE,ichida
3,status,11,BODYGUARD,ALIVE,Hachi2
3,status,12,WEREWOLF,DEAD,takoyaki
3,status,13,VILLAGER,DEAD,CanisLupus
3,status,14,VILLAGER,ALIVE,ioh
3,status,15,VILLAGER,DEAD,Basket
3,talk,0,0,4,VOTE Agent[11]
3,talk,1,0,10,VOTE Agent[11]
3,talk,2,0,3,VOTE Agent[11]
3,talk,3,0,11,VOTE Agent[02]
3,talk,4,0,2,VOTE Agent[11]
3,talk,5,0,5,IDENTIFIED Agent[12] WEREWOLF
3,talk,6,0,7,VOTE Agent[11]
3,talk,7,0,1,DIVINED Agent[11] HUMAN
3,talk,8,0,14,ESTIMATE Agent[11] WEREWOLF
3,talk,9,0,9,VOTE Agent[04]
3,talk,10,0,8,VOTE Agent[11]
3,talk,11,1,10,Skip
3,talk,12,1,5,VOTE Agent[02]
3,talk,13,1,9,VOTE Agent[01]
3,talk,14,1,8,Skip
3,talk,15,1,11,VOTE Agent[02]
3,talk,16,1,1,VOTE Agent[02]
3,talk,17,1,2,VOTE Agent[09]
3,talk,18,1,4,VOTE Agent[02]
3,talk,19,1,7,Skip
3,talk,20,1,3,VOTE Agent[02]
3,talk,21,1,14,REQUEST ANY (VOTE Agent[02])
3,talk,22,2,1,VOTE Agent[09]
3,talk,23,2,7,VOTE Agent[02]
3,talk,24,2,5,VOTE Agent[09]
3,talk,25,2,10,VOTE Agent[02]
3,talk,26,2,8,VOTE Agent[02]
3,talk,27,2,11,VOTE Agent[09]
3,talk,28,2,3,VOTE Agent[09]
3,talk,29,2,4,VOTE Agent[09]
3,talk,30,2,2,Skip
3,talk,31,2,14,ESTIMATE Agent[09] WEREWOLF
3,talk,32,2,9,VOTE Agent[02]
3,talk,33,3,4,Skip
3,talk,34,3,3,Skip
3,talk,35,3,10,VOTE Agent[09]
3,talk,36,3,2,Skip
3,talk,37,3,5,Skip
3,talk,38,3,8,VOTE Agent[09]
3,talk,39,3,11,Skip
3,talk,40,3,7,VOTE Agent[09]
3,talk,41,3,1,VOTE Agent[09]
3,talk,42,3,14,REQUEST ANY (VOTE Agent[09])
3,talk,43,3,9,VOTE Agent[08]
3,talk,44,4,10,Skip
3,talk,45,4,7,Skip
3,talk,46,4,11,Skip
3,talk,47,4,3,Skip
3,talk,48,4,4,Skip
3,talk,49,4,9,VOTE Agent[08]
3,talk,50,4,8,Skip
3,talk,51,4,5,Skip
3,talk,52,4,14,VOTE Agent[09]
3,talk,53,4,2,Over
3,talk,54,4,1,VOTE Agent[09]
3,talk,55,5,11,Over
3,talk,56,5,14,ESTIMATE Agent[09] WEREWOLF
3,talk,57,5,2,Over
3,talk,58,5,10,Skip
3,talk,59,5,3,Over
3,talk,60,5,1,VOTE Agent[09]
3,talk,61,5,9,VOTE Agent[07]
3,talk,62,5,4,Over
3,talk,63,5,7,Skip
3,talk,64,5,5,Over
3,talk,65,5,8,Skip
3,talk,66,6,2,Over
3,talk,67,6,11,Over
3,talk,68,6,9,VOTE Agent[05]
3,talk,69,6,3,Over
3,talk,70,6,5,Over
3,talk,71,6,8,Over
3,talk,72,6,14,REQUEST ANY (VOTE Agent[09])
3,talk,73,6,4,Over
3,talk,74,6,10,Over
3,talk,75,6,1,VOTE Agent[09]
3,talk,76,6,7,Over
3,talk,77,7,8,Over
3,talk,78,7,11,Over
3,talk,79,7,1,VOTE Agent[09]
3,talk,80,7,7,Over
3,talk,81,7,3,Over
3,talk,82,7,4,Over
3,talk,83,7,14,ESTIMATE Agent[09] WEREWOLF
3,talk,84,7,2,Over
3,talk,85,7,10,Over
3,talk,86,7,5,Over
3,talk,87,7,9,VOTE Agent[14]
3,talk,88,8,7,Over
3,talk,89,8,1,VOTE Agent[09]
3,talk,90,8,2,Over
3,talk,91,8,8,Over
3,talk,92,8,4,Over
3,talk,93,8,11,Over
3,talk,94,8,3,Over
3,talk,95,8,14,ESTIMATE Agent[09] WEREWOLF
3,talk,96,8,5,Over
3,talk,97,8,9,VOTE Agent[07]
3,talk,98,8,10,Over
3,talk,99,9,3,Over
3,talk,100,9,14,ESTIMATE Agent[09] WEREWOLF
3,talk,101,9,5,Over
3,talk,102,9,9,VOTE Agent[14]
3,talk,103,9,1,VOTE Agent[09]
3,talk,104,9,11,Over
3,talk,105,9,8,Over
3,talk,106,9,4,Over
3,talk,107,9,2,Over
3,talk,108,9,7,Over
3,talk,109,9,10,Over
3,talk,110,10,3,Over
3,talk,111,10,9,Over
3,talk,112,10,1,Over
3,talk,113,10,2,Over
3,talk,114,10,4,Over
3,talk,115,10,10,Over
3,talk,116,10,7,Over
3,talk,117,10,5,Over
3,talk,118,10,14,Over
3,talk,119,10,11,Over
3,talk,120,10,8,Over
3,vote,1,9
3,vote,2,9
3,vote,3,9
3,vote,4,9
3,vote,5,9
3,vote,7,9
3,vote,8,9
3,vote,9,14
3,vote,10,9
3,vote,11,9
3,vote,14,9
3,execute,9,WEREWOLF
3,divine,1,2,HUMAN
3,guard,11,1,SEER
4,status,1,SEER,ALIVE,tonkatsu
4,status,2,VILLAGER,ALIVE,KP22
4,status,3,VILLAGER,ALIVE,kgu_ryu
4,status,4,VILLAGER,ALIVE,sUper_IL
4,status,5,MEDIUM,ALIVE,daphne
4,status,6,WEREWOLF,DEAD,Ncu702
4,status,7,POSSESSED,ALIVE,ice
4,status,8,VILLAGER,ALIVE,mikami
4,status,9,WEREWOLF,DEAD,Baguette
4,status,10,VILLAGER,ALIVE,ichida
4,status,11,BODYGUARD,ALIVE,Hachi2
4,status,12,WEREWOLF,DEAD,takoyaki
4,status,13,VILLAGER,DEAD,CanisLupus
4,status,14,VILLAGER,ALIVE,ioh
4,status,15,VILLAGER,DEAD,Basket
4,result,10,0,VILLAGER
