0,status,1,SEER,ALIVE,tonkatsu
0,status,2,BODYGUARD,ALIVE,KP22
0,status,3,WEREWOLF,ALIVE,kgu_ryu
0,status,4,VILLAGER,ALIVE,sUper_IL
0,status,5,WEREWOLF,ALIVE,daphne
0,status,6,VILLAGER,ALIVE,Ncu702
0,status,7,VILLAGER,ALIVE,ice
0,status,8,POSSESSED,ALIVE,mikami
0,status,9,MEDIUM,ALIVE,Baguette
0,status,10,VILLAGER,ALIVE,ichida
0,status,11,VILLAGER,ALIVE,Hachi2
0,status,12,VILLAGER,ALIVE,takoyaki
0,status,13,VILLAGER,ALIVE,CanisLupus
0,status,14,VILLAGER,ALIVE,ioh
0,status,15,WEREWOLF,ALIVE,Basket
0,whisper,0,0,5,Skip
0,whisper,1,0,15,COMINGOUT Agent[15] SEER
0,whisper,2,0,3,Skip
0,whisper,3,1,15,Skip
0,whisper,4,1,3,Skip
0,whisper,5,1,5,Skip
0,whisper,6,2,15,Skip
0,whisper,7,2,3,Over
0,whisper,8,2,5,Over
0,whisper,9,3,15,Over
0,whisper,10,3,3,Over
0,whisper,11,3,5,Over
0,divine,1,11,HUMAN
1,status,1,SEER,ALIVE,tonkatsu
1,status,2,BODYGUARD,ALIVE,KP22
1,status,3,WEREWOLF,ALIVE,kgu_ryu
1,status,4,VILLAGER,ALIVE,sUper_IL
1,status,5,WEREWOLF,ALIVE,daphne
1,status,6,VILLAGER,ALIVE,Ncu702
1,status,7,VILLAGER,ALIVE,ice
1,status,8,POSSESSED,ALIVE,mikami
1,status,9,MEDIUM,ALIVE,Baguette
1,status,10,VILLAGER,ALIVE,ichida
1,status,11,VILLAGER,ALIVE,Hachi2
1,status,12,VILLAGER,ALIVE,takoyaki
1,status,13,VILLAGER,ALIVE,CanisLupus
1,status,14,VILLAGER,ALIVE,ioh
1,status,15,WEREWOLF,ALIVE,Basket
1,talk,0,0,6,VOTE Agent[01]
1,talk,1,0,8,VOTE Agent[01]
1,talk,2,0,3,COMINGOUT Agent[03] SEER
1,talk,3,0,14,ESTIMATE Agent[06] WEREWOLF
1,talk,4,0,5,Skip
1,talk,5,0,12,VOTE Agent[01]
1,talk,6,0,4,VOTE Agent[01]
1,talk,7,0,13,VOTE Agent[01]
1,talk,8,0,15,Skip
1,talk,9,0,10,VOTE Agent[01]
1,talk,10,0,11,VOTE Agent[01]
1,talk,11,0,2,VOTE Agent[01]
1,talk,12,0,7,VOTE Agent[01]
1,talk,13,0,9,VOTE Agent[02]
1,talk,14,0,1,COMINGOUT Agent[01] SEER
1,talk,15,1,9,VOTE Agent[15]
1,talk,16,1,4,VOTE Agent[05]
1,talk,17,1,13,VOTE Agent[05]
1,talk,18,1,10,VOTE Agent[01]
1,talk,19,1,14,ESTIMATE Agent[03] WEREWOLF
1,talk,20,1,15,ESTIMATE Agent[04] WEREWOLF
1,talk,21,1,12,VOTE Agent[15]
1,talk,22,1,3,DIVINED Agent[01] HUMAN
1,talk,23,1,5,VOTE Agent[01]
1,talk,24,1,11,VOTE Agent[05]
1,talk,25,1,7,VOTE Agent[01]
1,talk,26,1,6,VOTE Agent[01]
1,talk,27,1,8,Skip
1,talk,28,1,2,VOTE Agent[05]
1,talk,29,1,1,DIVINED Agent[11] HUMAN
1,talk,30,2,13,VOTE Agent[05]
1,talk,31,2,11,VOTE Agent[05]
1,talk,32,2,4,VOTE Agent[05]
1,talk,33,2,5,Skip
1,talk,34,2,15,ESTIMATE Agent[03] WEREWOLF
1,talk,35,2,9,VOTE Agent[11]
1,talk,36,2,12,VOTE Agent[05]
1,talk,37,2,7,VOTE Agent[05]
1,talk,38,2,1,VOTE Agent[05]
1,talk,39,2,8,VOTE Agent[05]
1,talk,40,2,3,VOTE Agent[05]
1,talk,41,2,2,Skip
1,talk,42,2,6,VOTE Agent[05]
1,talk,43,2,14,ESTIMATE Agent[05] WEREWOLF
1,talk,44,2,10,VOTE Agent[05]
1,talk,45,3,15,REQUEST ANY (VOTE Agent[05])
1,talk,46,3,12,Skip
1,talk,47,3,9,VOTE Agent[03]
1,talk,48,3,11,Skip
1,talk,49,3,4,Skip
1,talk,50,3,13,Skip
1,talk,51,3,8,Skip
1,talk,52,3,14,ESTIMATE Agent[05] WEREWOLF
1,talk,53,3,7,Skip
1,talk,54,3,5,VOTE Agent[03]
1,talk,55,3,2,Skip
1,talk,56,3,1,VOTE Agent[05]
1,talk,57,3,10,Skip
1,talk,58,3,6,Skip
1,talk,59,3,3,Skip
1,talk,60,4,2,Over
1,talk,61,4,9,VOTE Agent[04]
1,talk,62,4,5,VOTE Agent[03]
1,talk,63,4,6,Skip
1,talk,64,4,13,Skip
1,talk,65,4,3,Skip
1,talk,66,4,11,Skip
1,talk,67,4,10,Skip
1,talk,68,4,15,REQUEST ANY (VOTE Agent[05])
1,talk,69,4,1,VOTE Agent[05]
1,talk,70,4,8,Skip
1,talk,71,4,4,Skip
1,talk,72,4,12,Skip
1,talk,73,4,14,ESTIMATE Agent[05] WEREWOLF
1,talk,74,4,7,Skip
1,talk,75,5,4,Over
1,talk,76,5,3,Over
1,talk,77,5,1,VOTE Agent[05]
1,talk,78,5,9,VOTE Agent[08]
1,talk,79,5,6,Over
1,talk,80,5,2,Over
1,talk,81,5,8,Over
1,talk,82,5,5,VOTE Agent[03]
1,talk,83,5,13,Over
1,talk,84,5,14,REQUEST ANY (VOTE Agent[05])
1,talk,85,5,11,Over
1,talk,86,5,7,Over
1,talk,87,5,15,VOTE Agent[05]
1,talk,88,5,12,Over
1,talk,89,5,10,Over
1,talk,90,6,4,Over
1,talk,91,6,9,VOTE Agent[15]
1,talk,92,6,15,VOTE Agent[05]
1,talk,93,6,1,VOTE Agent[05]
1,talk,94,6,6,Over
1,talk,95,6,2,Over
1,talk,96,6,11,Over
1,talk,97,6,3,Over
1,talk,98,6,10,Over
1,talk,99,6,12,Over
1,talk,100,6,14,REQUEST ANY (VOTE Agent[05])
1,talk,101,6,7,Over
1,talk,102,6,8,Over
1,talk,103,6,5,VOTE Agent[03]
1,talk,104,6,13,Over
1,talk,105,7,12,Over
1,talk,106,7,1,VOTE Agent[05]
1,talk,107,7,11,Over
1,talk,108,7,5,VOTE Agent[03]
1,talk,109,7,9,VOTE Agent[12]
1,talk,110,7,10,Over
1,talk,111,7,6,Over
1,talk,112,7,3,Over
1,talk,113,7,15,REQUEST ANY (VOTE Agent[05])
1,talk,114,7,8,Over
1,talk,115,7,13,Over
1,talk,116,7,7,Over
1,talk,117,7,14,VOTE Agent[05]
1,talk,118,7,4,Over
1,talk,119,7,2,Over
1,talk,120,8,14,ESTIMATE Agent[05] WEREWOLF
1,talk,121,8,8,Over
1,talk,122,8,11,Over
1,talk,123,8,4,Over
1,talk,124,8,5,VOTE Agent[03]
1,talk,125,8,7,Over
1,talk,126,8,10,Over
1,talk,127,8,3,Over
1,talk,128,8,15,REQUEST ANY (VOTE Agent[05])
1,talk,129,8,6,Over
1,talk,130,8,1,VOTE Agent[05]
1,talk,131,8,2,Over
1,talk,132,8,13,Over
1,talk,133,8,9,VOTE Agent[05]
1,talk,134,8,12,Over
1,talk,135,9,15,ESTIMATE Agent[05] WEREWOLF
1,talk,136,9,8,Over
1,talk,137,9,3,Over
1,talk,138,9,6,Over
1,talk,139,9,11,Over
1,talk,140,9,10,Over
1,talk,141,9,4,Over
1,talk,142,9,1,VOTE Agent[05]
1,talk,143,9,2,Over
1,talk,144,9,12,Over
1,talk,145,9,9,VOTE Agent[02]
1,talk,146,9,14,VOTE Agent[05]
1,talk,147,9,13,Over
1,talk,148,9,7,Over
1,talk,149,9,5,VOTE Agent[03]
1,talk,150,10,6,Over
1,talk,151,10,7,Over
1,talk,152,10,10,Over
1,talk,153,10,12,Over
1,talk,154,10,11,Over
1,talk,155,10,8,Over
1,talk,156,10,1,Over
1,talk,157,10,13,Over
1,talk,158,10,14,Over
1,talk,159,10,4,Over
1,talk,160,10,15,VOTE Agent[05]
1,talk,161,10,9,Over
1,talk,162,10,2,Over
1,talk,163,10,5,VOTE Agent[03]
1,talk,164,10,3,Over
1,talk,165,11,5,VOTE Agent[03]
1,talk,166,11,12,Over
1,talk,167,11,3,Over
1,talk,168,11,1,Over
1,talk,169,11,11,Over
1,talk,170,11,8,Over
1,talk,171,11,10,Over
1,talk,172,11,14,Over
1,talk,173,11,15,Over
1,talk,174,11,4,Over
1,talk,175,11,7,Over
1,talk,176,11,13,Over
1,talk,177,11,6,Over
1,talk,178,11,2,Over
1,talk,179,11,9,Over
1,talk,180,12,9,Over
1,talk,181,12,5,Over
1,talk,182,12,14,Over
1,talk,183,12,3,Over
1,talk,184,12,10,Over
1,talk,185,12,4,Over
1,talk,186,12,8,Over
1,talk,187,12,2,Over
1,talk,188,12,12,Over
1,talk,189,12,13,Over
1,talk,190,12,6,Over
1,talk,191,12,11,Over
1,talk,192,12,1,Over
1,talk,193,12,7,Over
1,talk,194,12,15,Over
1,vote,1,5
1,vote,2,5
1,vote,3,5
1,vote,4,5
1,vote,5,3
1,vote,6,5
1,vote,7,5
1,vote,8,5
1,vote,9,2
1,vote,10,5
1,vote,11,5
1,vote,12,5
1,vote,13,5
1,vote,14,5
1,vote,15,5
1,execute,5,WEREWOLF
1,divine,1,15,WEREWOLF
1,whisper,0,0,15,ATTACK Agent[01]
1,whisper,1,0,3,Skip
1,whisper,2,1,3,Skip
1,whisper,3,1,15,Skip
1,whisper,4,2,15,Skip
1,whisper,5,2,3,Over
1,whisper,6,3,3,Over
1,whisper,7,3,15,Over
1,guard,2,1,SEER
1,attackVote,3,1
1,attackVote,15,1
1,attack,1,false
2,status,1,SEER,ALIVE,tonkatsu
2,status,2,BODYGUARD,ALIVE,KP22
2,status,3,WEREWOLF,ALIVE,kgu_ryu
2,status,4,VILLAGER,ALIVE,sUper_IL
2,status,5,WEREWOLF,DEAD,daphne
2,status,6,VILLAGER,ALIVE,Ncu702
2,status,7,VILLAGER,ALIVE,ice
2,status,8,POSSESSED,ALIVE,mikami
2,status,9,MEDIUM,ALIVE,Baguette
2,status,10,VILLAGER,ALIVE,ichida
2,status,11,VILLAGER,ALIVE,Hachi2
2,status,12,VILLAGER,ALIVE,takoyaki
2,status,13,VILLAGER,ALIVE,CanisLupus
2,status,14,VILLAGER,ALIVE,ioh
2,status,15,WEREWOLF,ALIVE,Basket
2,talk,0,0,4,VOTE Agent[15]
2,talk,1,0,7,VOTE Agent[15]
2,talk,2,0,8,VOTE Agent[15]
2,talk,3,0,10,VOTE Agent[15]
2,talk,4,0,12,VOTE Agent[15]
2,talk,5,0,15,COMINGOUT Agent[15] BODYGUARD
2,talk,6,0,11,VOTE Agent[15]
2,talk,7,0,1,DIVINED Agent[15] WEREWOLF
2,talk,8,0,3,DIVINED Agent[04] HUMAN
2,talk,9,0,6,VOTE Agent[15]
2,talk,10,0,14,ESTIMATE Agent[03] WEREWOLF
2,talk,11,0,2,VOTE Agent[15]
2,talk,12,0,13,VOTE Agent[15]
2,talk,13,0,9,COMINGOUT Agent[09] MEDIUM
2,talk,14,1,14,ESTIMATE Agent[15] WEREWOLF
2,talk,15,1,6,Skip
2,talk,16,1,3,VOTE Agent[15]
2,talk,17,1,2,Skip
2,talk,18,1,10,Skip
2,talk,19,1,1,VOTE Agent[15]
2,talk,20,1,13,Skip
2,talk,21,1,7,Skip
2,talk,22,1,11,Skip
2,talk,23,1,12,Skip
2,talk,24,1,9,DIVINED Agent[05] WEREWOLF
2,talk,25,1,15,GUARDED Agent[01]
2,talk,26,1,8,Skip
2,talk,27,1,4,Skip
2,talk,28,2,1,VOTE Agent[15]
2,talk,29,2,6,Skip
2,talk,30,2,11,Skip
2,talk,31,2,15,ESTIMATE Agent[03] WEREWOLF
2,talk,32,2,14,ESTIMATE Agent[15] WEREWOLF
2,talk,33,2,2,Skip
2,talk,34,2,10,Skip
2,talk,35,2,7,Skip
2,talk,36,2,8,Skip
2,talk,37,2,12,Skip
2,talk,38,2,4,Skip
2,talk,39,2,9,Over
2,talk,40,2,3,Skip
2,talk,41,2,13,Skip
2,talk,42,3,9,Over
2,talk,43,3,14,VOTE Agent[15]
2,talk,44,3,12,Over
2,talk,45,3,1,VOTE Agent[15]
2,talk,46,3,7,Over
2,talk,47,3,8,Over
2,talk,48,3,10,Over
2,talk,49,3,15,VOTE Agent[01]
2,talk,50,3,11,Over
2,talk,51,3,3,Skip
2,talk,52,3,6,Over
2,talk,53,3,4,Over
2,talk,54,3,2,Over
2,talk,55,3,13,VOTE Agent[03]
2,talk,56,4,3,Over
2,talk,57,4,4,Over
2,talk,58,4,12,Over
2,talk,59,4,2,Over
2,talk,60,4,8,Over
2,talk,61,4,11,Over
2,talk,62,4,7,Over
2,talk,63,4,14,VOTE Agent[15]
2,talk,64,4,6,Over
2,talk,65,4,13,VOTE Agent[03]
2,talk,66,4,9,Over
2,talk,67,4,10,Over
2,talk,68,4,1,VOTE Agent[15]
2,talk,69,4,15,ESTIMATE Agent[01] WEREWOLF
2,talk,70,5,15,ESTIMATE Agent[01] WEREWOLF
2,talk,71,5,6,Over
2,talk,72,5,2,Over
2,talk,73,5,10,Over
2,talk,74,5,1,VOTE Agent[15]
2,talk,75,5,9,Over
2,talk,76,5,13,VOTE Agent[03]
2,talk,77,5,4,Over
2,talk,78,5,11,Over
2,talk,79,5,12,Over
2,talk,80,5,8,Over
2,talk,81,5,7,Over
2,talk,82,5,14,VOTE Agent[15]
2,talk,83,5,3,Over
2,talk,84,6,12,Over
2,talk,85,6,7,Over
2,talk,86,6,13,VOTE Agent[03]
2,talk,87,6,6,Over
2,talk,88,6,1,VOTE Agent[15]
2,talk,89,6,10,Over
2,talk,90,6,3,Over
2,talk,91,6,11,Over
2,talk,92,6,9,Over
2,talk,93,6,15,VOTE Agent[01]
2,talk,94,6,14,ESTIMATE Agent[15] WEREWOLF
2,talk,95,6,4,Over
2,talk,96,6,8,Over
2,talk,97,6,2,Over
2,talk,98,7,14,REQUEST ANY (VOTE Agent[15])
2,talk,99,7,11,Over
2,talk,100,7,1,VOTE Agent[15]
2,talk,101,7,8,Over
2,talk,102,7,13,VOTE Agent[03]
2,talk,103,7,2,Over
2,talk,104,7,4,Over
2,talk,105,7,6,Over
2,talk,106,7,12,Over
2,talk,107,7,3,Over
2,talk,108,7,9,Over
2,talk,109,7,10,Over
2,talk,110,7,15,VOTE Agent[01]
2,talk,111,7,7,Over
2,talk,112,8,12,Over
2,talk,113,8,14,REQUEST ANY (VOTE Agent[15])
2,talk,114,8,11,Over
2,talk,115,8,7,Over
2,talk,116,8,8,Over
2,talk,117,8,3,Over
2,talk,118,8,6,Over
2,talk,119,8,10,Over
2,talk,120,8,2,Over
2,talk,121,8,15,ESTIMATE Agent[01] WEREWOLF
2,talk,122,8,4,Over
2,talk,123,8,13,VOTE Agent[03]
2,talk,124,8,1,VOTE Agent[15]
2,talk,125,8,9,Over
2,talk,126,9,10,Over
2,talk,127,9,14,ESTIMATE Agent[15] WEREWOLF
2,talk,128,9,2,Over
2,talk,129,9,1,VOTE Agent[15]
2,talk,130,9,3,Over
2,talk,131,9,6,Over
2,talk,132,9,7,Over
2,talk,133,9,4,Over
2,talk,134,9,15,VOTE Agent[01]
2,talk,135,9,13,VOTE Agent[03]
2,talk,136,9,9,Over
2,talk,137,9,11,Over
2,talk,138,9,12,VOTE Agent[03]
2,talk,139,9,8,Over
2,talk,140,10,11,VOTE Agent[03]
2,talk,141,10,7,Over
2,talk,142,10,13,VOTE Agent[03]
2,talk,143,10,1,Over
2,talk,144,10,6,Over
2,talk,145,10,15,Over
2,talk,146,10,9,Over
2,talk,147,10,3,Over
2,talk,148,10,10,Over
2,talk,149,10,2,Over
2,talk,150,10,14,Over
2,talk,151,10,12,VOTE Agent[03]
2,talk,152,10,8,Over
2,talk,153,10,4,VOTE Agent[03]
2,talk,154,11,14,Over
2,talk,155,11,10,Over
2,talk,156,11,6,Over
2,talk,157,11,15,Over
2,talk,158,11,7,Over
2,talk,159,11,12,VOTE Agent[03]
2,talk,160,11,9,Over
2,talk,161,11,4,VOTE Agent[03]
2,talk,162,11,1,Over
2,talk,163,11,13,VOTE Agent[03]
2,talk,164,11,11,VOTE Agent[03]
2,talk,165,11,8,Over
2,talk,166,11,2,Over
2,talk,167,11,3,Over
2,talk,168,12,14,Over
2,talk,169,12,13,Over
2,talk,170,12,1,Over
2,talk,171,12,15,Over
2,talk,172,12,6,Over
2,talk,173,12,2,Over
2,talk,174,12,11,VOTE Agent[03]
2,talk,175,12,8,Over
2,talk,176,12,12,VOTE Agent[03]
2,talk,177,12,9,Over
2,talk,178,12,7,Over
2,talk,179,12,4,VOTE Agent[03]
2,talk,180,12,10,Over
2,talk,181,12,3,Over
2,talk,182,13,4,VOTE Agent[03]
2,talk,183,13,6,Over
2,talk,184,13,15,Over
2,talk,185,13,7,Over
2,talk,186,13,2,Over
2,talk,187,13,14,Over
2,talk,188,13,10,Over
2,talk,189,13,11,VOTE Agent[03]
2,talk,190,13,3,Over
2,talk,191,13,9,Over
2,talk,192,13,8,Over
2,talk,193,13,12,VOTE Agent[03]
2,talk,194,13,1,Over
2,talk,195,13,13,Over
2,talk,196,14,9,Over
2,talk,197,14,15,Over
2,talk,198,14,7,Over
2,talk,199,14,6,Over
2,talk,200,14,3,Over
2,talk,201,14,12,VOTE Agent[03]
2,talk,202,14,4,VOTE Agent[03]
2,talk,203,14,8,Over
2,talk,204,14,11,VOTE Agent[03]
2,talk,205,14,1,Over
2,talk,206,14,14,Over
2,talk,207,14,13,Over
2,talk,208,14,2,Over
2,talk,209,14,10,Over
2,talk,210,15,8,Over
2,talk,211,15,12,VOTE Agent[03]
2,talk,212,15,13,Over
2,talk,213,15,1,Over
2,talk,214,15,10,Over
2,talk,215,15,9,Over
2,talk,216,15,4,VOTE Agent[03]
2,talk,217,15,6,Over
2,talk,218,15,14,Over
2,talk,219,15,15,Over
2,talk,220,15,11,VOTE Agent[03]
2,talk,221,15,3,Over
2,talk,222,15,7,Over
2,talk,223,15,2,Over
2,talk,224,16,3,Over
2,talk,225,16,7,Over
2,talk,226,16,14,Over
2,talk,227,16,11,VOTE Agent[03]
2,talk,228,16,2,Over
2,talk,229,16,15,Over
2,talk,230,16,10,Over
2,talk,231,16,8,Over
2,talk,232,16,12,VOTE Agent[03]
2,talk,233,16,6,Over
2,talk,234,16,4,VOTE Agent[03]
2,talk,235,16,1,Over
2,talk,236,16,13,Over
2,talk,237,16,9,Over
2,talk,238,17,13,Over
2,talk,239,17,4,VOTE Agent[03]
2,talk,240,17,15,Over
2,talk,241,17,10,Over
2,talk,242,17,12,VOTE Agent[03]
2,talk,243,17,14,Over
2,talk,244,17,8,Over
2,talk,245,17,9,Over
2,talk,246,17,11,VOTE Agent[03]
2,talk,247,17,2,Over
2,talk,248,17,6,Over
2,talk,249,17,7,Over
2,talk,250,17,1,Over
2,talk,251,17,3,Over
2,talk,252,18,6,Over
2,talk,253,18,14,Over
2,talk,254,18,9,Over
2,talk,255,18,2,Over
2,talk,256,18,12,Over
2,talk,257,18,11,VOTE Agent[03]
2,talk,258,18,4,VOTE Agent[03]
2,talk,259,18,10,Over
2,talk,260,18,15,Over
2,talk,261,18,1,Over
2,talk,262,18,7,Over
2,talk,263,18,13,Over
2,talk,264,18,3,Over
2,talk,265,18,8,Over
2,talk,266,19,13,Over
2,talk,267,19,11,Over
2,talk,268,19,4,Over
2,talk,269,19,14,Over
2,talk,270,19,10,Over
2,talk,271,19,12,Over
2,talk,272,19,9,Over
2,talk,273,19,7,Over
2,talk,274,19,3,Over
2,talk,275,19,2,Over
2,talk,276,19,1,Over
2,talk,277,19,6,Over
2,talk,278,19,8,Over
2,talk,279,19,15,Over
2,vote,1,15
2,vote,2,15
2,vote,3,15
2,vote,4,3
2,vote,6,15
2,vote,7,3
2,vote,8,15
2,vote,9,2
2,vote,10,15
2,vote,11,3
2,vote,12,3
2,vote,13,3
2,vote,14,15
2,vote,15,3
2,execute,15,WEREWOLF
2,divine,1,3,WEREWOLF
2,guard,2,1,SEER
2,attackVote,3,1
2,attack,1,false
3,status,1,SEER,ALIVE,tonkatsu
3,status,2,BODYGUARD,ALIVE,KP22
3,status,3,WEREWOLF,ALIVE,kgu_ryu
3,status,4,VILLAGER,ALIVE,sUper_IL
3,status,5,WEREWOLF,DEAD,daphne
3,status,6,VILLAGER,ALIVE,Ncu702
3,status,7,VILLAGER,ALIVE,ice
3,status,8,POSSESSED,ALIVE,mikami
3,status,9,MEDIUM,ALIVE,Baguette
3,status,10,VILLAGER,ALIVE,ichida
3,status,11,VILLAGER,ALIVE,Hachi2
3,status,12,VILLAGER,ALIVE,takoyaki
3,status,13,VILLAGER,ALIVE,CanisLupus
3,status,14,VILLAGER,ALIVE,ioh
3,status,15,WEREWOLF,DEAD,Basket
3,talk,0,0,6,VOTE Agent[01]
3,talk,1,0,4,VOTE Agent[03]
3,talk,2,0,7,VOTE Agent[03]
3,talk,3,0,9,DIVINED Agent[15] WEREWOLF
3,talk,4,0,13,VOTE Agent[03]
3,talk,5,0,11,VOTE Agent[03]
3,talk,6,0,10,VOTE Agent[03]
3,talk,7,0,3,DIVINED Agent[12] HUMAN
3,talk,8,0,2,VOTE Agent[03]
3,talk,9,0,8,VOTE Agent[03]
3,talk,10,0,1,DIVINED Agent[03] WEREWOLF
3,talk,11,0,12,VOTE Agent[03]
3,talk,12,0,14,VOTE Agent[03]
3,talk,13,1,11,Skip
3,talk,14,1,14,REQUEST ANY (VOTE Agent[03])
3,talk,15,1,8,Skip
3,talk,16,1,4,Skip
3,talk,17,1,13,Skip
3,talk,18,1,10,Skip
3,talk,19,1,7,Skip
3,talk,20,1,6,VOTE Agent[03]
3,talk,21,1,9,Over
3,talk,22,1,2,Skip
3,talk,23,1,3,VOTE Agent[01]
3,talk,24,1,1,VOTE Agent[03]
3,talk,25,1,12,Skip
3,talk,26,2,4,Skip
3,talk,27,2,8,Skip
3,talk,28,2,7,Skip
3,talk,29,2,12,Skip
3,talk,30,2,10,Skip
3,talk,31,2,13,Skip
3,talk,32,2,14,REQUEST ANY (VOTE Agent[03])
3,talk,33,2,1,VOTE Agent[03]
3,talk,34,2,6,Skip
3,talk,35,2,9,Over
3,talk,36,2,11,Skip
3,talk,37,2,2,Skip
3,talk,38,2,3,VOTE Agent[01]
3,talk,39,3,2,Over
3,talk,40,3,1,VOTE Agent[03]
3,talk,41,3,10,Over
3,talk,42,3,8,Over
3,talk,43,3,6,Skip
3,talk,44,3,12,Over
3,talk,45,3,14,ESTIMATE Agent[03] WEREWOLF
3,talk,46,3,4,Over
3,talk,47,3,11,Over
3,talk,48,3,9,Over
3,talk,49,3,13,Over
3,talk,50,3,3,VOTE Agent[01]
3,talk,51,3,7,Over
3,talk,52,4,14,REQUEST ANY (VOTE Agent[03])
3,talk,53,4,13,Over
3,talk,54,4,8,Over
3,talk,55,4,3,VOTE Agent[01]
3,talk,56,4,11,Over
3,talk,57,4,4,Over
3,talk,58,4,12,Over
3,talk,59,4,7,Over
3,talk,60,4,1,VOTE Agent[03]
3,talk,61,4,6,Over
3,talk,62,4,2,Over
3,talk,63,4,9,Over
3,talk,64,4,10,Over
3,talk,65,5,8,Over
3,talk,66,5,2,Over
3,talk,67,5,4,Over
3,talk,68,5,14,ESTIMATE Agent[03] WEREWOLF
3,talk,69,5,10,Over
3,talk,70,5,11,Over
3,talk,71,5,1,VOTE Agent[03]
3,talk,72,5,3,VOTE Agent[01]
3,talk,73,5,13,Over
3,talk,74,5,6,Over
3,talk,75,5,12,Over
3,talk,76,5,9,Over
3,talk,77,5,7,Over
3,talk,78,6,8,Over
3,talk,79,6,10,Over
3,talk,80,6,6,Over
3,talk,81,6,7,Over
3,talk,82,6,9,Over
3,talk,83,6,12,Over
3,talk,84,6,13,Over
3,talk,85,6,2,Over
3,talk,86,6,4,Over
3,talk,87,6,11,Over
3,talk,88,6,3,VOTE Agent[01]
3,talk,89,6,1,VOTE Agent[03]
3,talk,90,6,14,ESTIMATE Agent[03] WEREWOLF
3,talk,91,7,3,VOTE Agent[01]
3,talk,92,7,10,Over
3,talk,93,7,14,REQUEST ANY (VOTE Agent[03])
3,talk,94,7,13,Over
3,talk,95,7,6,Over
3,talk,96,7,11,Over
3,talk,97,7,9,Over
3,talk,98,7,2,Over
3,talk,99,7,7,Over
3,talk,100,7,8,Over
3,talk,101,7,1,VOTE Agent[03]
3,talk,102,7,12,Over
3,talk,103,7,4,Over
3,talk,104,8,10,Over
3,talk,105,8,1,VOTE Agent[03]
3,talk,106,8,7,Over
3,talk,107,8,11,Over
3,talk,108,8,14,VOTE Agent[03]
3,talk,109,8,3,VOTE Agent[01]
3,talk,110,8,13,Over
3,talk,111,8,2,Over
3,talk,112,8,4,Over
3,talk,113,8,8,Over
3,talk,114,8,9,Over
3,talk,115,8,12,Over
3,talk,116,8,6,Over
3,talk,117,9,14,VOTE Agent[03]
3,talk,118,9,1,VOTE Agent[03]
3,talk,119,9,10,Over
3,talk,120,9,3,VOTE Agent[01]
3,talk,121,9,2,Over
3,talk,122,9,6,Over
3,talk,123,9,9,Over
3,talk,124,9,13,Over
3,talk,125,9,8,Over
3,talk,126,9,11,Over
3,talk,127,9,12,Over
3,talk,128,9,7,Over
3,talk,129,9,4,Over
3,talk,130,10,14,Over
3,talk,131,10,11,Over
3,talk,132,10,6,Over
3,talk,133,10,8,Over
3,talk,134,10,2,Over
3,talk,135,10,9,Over
3,talk,136,10,3,Over
3,talk,137,10,4,Over
3,talk,138,10,10,Over
3,talk,139,10,1,Over
3,talk,140,10,7,Over
3,talk,141,10,13,Over
3,talk,142,10,12,Over
3,vote,1,3
3,vote,2,3
3,vote,3,1
3,vote,4,3
3,vote,6,3
3,vote,7,3
3,vote,8,3
3,vote,9,2
3,vote,10,3
3,vote,11,3
3,vote,12,3
3,vote,13,3
3,vote,14,3
3,execute,3,WEREWOLF
3,divine,1,2,HUMAN
3,guard,2,1,SEER
4,status,1,SEER,ALIVE,tonkatsu
4,status,2,BODYGUARD,ALIVE,KP22
4,status,3,WEREWOLF,DEAD,kgu_ryu
4,status,4,VILLAGER,ALIVE,sUper_IL
4,status,5,WEREWOLF,DEAD,daphne
4,status,6,VILLAGER,ALIVE,Ncu702
4,status,7,VILLAGER,ALIVE,ice
4,status,8,POSSESSED,ALIVE,mikami
4,status,9,MEDIUM,ALIVE,Baguette
4,status,10,VILLAGER,ALIVE,ichida
4,status,11,VILLAGER,ALIVE,Hachi2
4,status,12,VILLAGER,ALIVE,takoyaki
4,status,13,VILLAGER,ALIVE,CanisLupus
4,status,14,VILLAGER,ALIVE,ioh
4,status,15,WEREWOLF,DEAD,Basket
4,result,12,0,VILLAGER
